positions: instr line
events: cpu(ms)

ob=
fl=
fn=(1) syscall.Syscall
0x1083c6a 0 6860

ob=
fl=
fn=(2) runtime.kevent
-165863 0 2630

ob=
fl=
fn=(3) runtime.usleep
-525 0 2350

ob=
fl=
fn=(4) runtime.mach_semaphore_signal
+341 0 1920

ob=
fl=
fn=(5) runtime.mach_semaphore_wait
-48 0 1370

ob=
fl=
fn=(6) runtime.freedefer
-195636 0 1050

ob=
fl=
fn=(7) runtime.mach_semaphore_timedwait
+195660 0 500

ob=
fl=
fn=(8) runtime.scanobject
-249500 0 120

ob=
fl=
fn=(9) github.com/nd-r/tech-db-forum/vendor/github.com/mailru/easyjson/jwriter.(*Writer).String
+2962660 0 100

ob=
fl=
fn=(8)
-2962761 0 80
+43 0 60

ob=
fl=
fn=(9)
+2962785 0 60
+955 0 60

ob=
fl=
fn=(10) runtime.greyobject
-2962316 0 50

ob=
fl=
fn=(9)
+2961299 0 50
+57 0 50

ob=
fl=
fn=(11) runtime.mallocgc
-3015998 0 40
+1065 0 40

ob=
fl=
fn=(12) runtime.newobject
+1105 0 40

ob=
fl=
fn=(10)
+52486 0 40

ob=
fl=
fn=(13) runtime.readgstatus
+70176 0 40

ob=
fl=
fn=(14) runtime.memmove
+176487 0 40

ob=
fl=
fn=(9)
+2714578 0 40
+5 0 40

ob=
fl=
fn=(15) runtime.lock
-3022109 0 30

ob=
fl=
fn=(16) runtime.scanstack
+53230 0 30

ob=
fl=
fn=(8)
+6117 0 30

ob=
fl=
fn=(10)
+1538 0 30

ob=
fl=
fn=(17) runtime.deferreturn
+53055 0 30

ob=
fl=
fn=(18) runtime.casgstatus
+18039 0 30

ob=
fl=
fn=(19) runtime.jmpdefer
+166868 0 30

ob=
fl=
fn=(20) runtime.memeqbody
+2947 0 30

ob=
fl=
fn=(21) runtime.memclrNoHeapPointers
+3478 0 30
+215 0 30

ob=
fl=
fn=(22) nanotime
+2667 0 30

ob=
fl=
fn=(23) sync.(*Mutex).Unlock
+19945 0 30

ob=
fl=
fn=(24) reflect.packEface
+303229 0 30

ob=
fl=
fn=(25) net.(*TCPConn).Write
+641579 0 30

ob=
fl=
fn=(9)
+1749207 0 30
+1027 0 30

ob=
fl=
fn=(26) runtime.unlock
-3022646 0 20

ob=
fl=
fn=(11)
+5154 0 20

ob=
fl=
fn=(27) runtime.heapBitsForObject
+8655 0 20
+41 0 20

ob=
fl=
fn=(28) runtime.heapBitsSetType
+3951 0 20

ob=
fl=
fn=(29) runtime.scanblock
+40304 0 20

ob=
fl=
fn=(8)
+789 0 20
+3 0 20
+24 0 20
+64 0 20

ob=
fl=
fn=(30) runtime.(*bucket).mp
+27714 0 20

ob=
fl=
fn=(31) runtime.mprof_GC
+1233 0 20

ob=
fl=
fn=(18)
+44126 0 20

ob=
fl=
fn=(32) runtime.readvarint
+103202 0 20

ob=
fl=
fn=(33) runtime.gentraceback
+20732 0 20

ob=
fl=
fn=(34) runtime.systemstack
+36283 0 20

ob=
fl=
fn=(35) runtime.eqstring
+8695 0 20

ob=
fl=
fn=(36) runtime.duffcopy
+3681 0 20

ob=
fl=
fn=(14)
+1301 0 20
+93 0 20
+5 0 20
+660 0 20
+366 0 20

ob=
fl=
fn=(37) reflect.Value.Field
+335737 0 20

ob=
fl=
fn=(38) context.(*cancelCtx).Done
+140673 0 20

ob=
fl=
fn=(39) net.(*netFD).writeLock
+290187 0 20

ob=
fl=
fn=(40) github.com/nd-r/tech-db-forum/vendor/github.com/lib/pq.(*rows).Next
+986553 0 20

ob=
fl=
fn=(41) github.com/nd-r/tech-db-forum/vendor/github.com/jmoiron/sqlx/reflectx.(*Mapper).TraversalsByName
+80828 0 20

ob=
fl=
fn=(42) github.com/nd-r/tech-db-forum/vendor/github.com/mailru/easyjson/buffer.getBuf
+863414 0 20

ob=
fl=
fn=(43) github.com/nd-r/tech-db-forum/vendor/github.com/mailru/easyjson/buffer.(*Buffer).AppendByte
+1084 0 20

ob=
fl=
fn=(44) github.com/nd-r/tech-db-forum/vendor/github.com/mailru/easyjson/buffer.(*Buffer).AppendString
+854 0 20

ob=
fl=
fn=(9)
+15227 0 20

ob=
fl=
fn=(45) runtime.interhash
-3075884 0 10

ob=
fl=
fn=(46) runtime.ifaceeq
+1891 0 10

ob=
fl=
fn=(47) runtime.makechan
+9228 0 10

ob=
fl=
fn=(48) runtime.(*waitq).dequeue
+8430 0 10

ob=
fl=
fn=(49) runtime.mapaccess2
+12440 0 10

ob=
fl=
fn=(50) runtime.mapaccess1_fast64
+11997 0 10
+135 0 10

ob=
fl=
fn=(51) runtime.getitab
+3593 0 10

ob=
fl=
fn=(52) runtime.assertI2I2
+4510 0 10

ob=
fl=
fn=(53) runtime.lfstackpush
+1126 0 10

ob=
fl=
fn=(54) runtime.lfstackpop
+282 0 10

ob=
fl=
fn=(15)
+51 0 10
+23 0 10
+303 0 10

ob=
fl=
fn=(26)
+186 0 10

ob=
fl=
fn=(11)
+5011 0 10
+350 0 10
+356 0 10
+362 0 10
+13 0 10
+341 0 10
+11 0 10
+86 0 10
+299 0 10
+92 0 10
+32 0 10
+154 0 10
+22 0 10

ob=
fl=
fn=(12)
+838 0 10

ob=
fl=
fn=(55) reflect.unsafe_New
+45 0 10

ob=
fl=
fn=(56) runtime.persistentalloc1
+1638 0 10

ob=
fl=
fn=(57) runtime.gcmarkwb_m
+302 0 10
+93 0 10

ob=
fl=
fn=(58) runtime.typedmemmove
+739 0 10
+17 0 10
+136 0 10

ob=
fl=
fn=(59) runtime.(*mspan).refillAllocCache
+1784 0 10

ob=
fl=
fn=(27)
+1176 0 10
+739 0 10
+61 0 10
+32 0 10
+3 0 10
+25 0 10

ob=
fl=
fn=(28)
+3261 0 10
+3 0 10
+104 0 10
+213 0 10
+9 0 10
+177 0 10
+766 0 10
+7 0 10

ob=
fl=
fn=(60) runtime.(*mcentral).cacheSpan
+3958 0 10
+94 0 10
+80 0 10

ob=
fl=
fn=(61) runtime.(*mcentral).uncacheSpan
+1146 0 10

ob=
fl=
fn=(62) runtime.(*fixalloc).alloc
+6257 0 10

ob=
fl=
fn=(63) runtime.gcMark
+11696 0 10

ob=
fl=
fn=(64) runtime.scanframeworker
+11945 0 10
+635 0 10

ob=
fl=
fn=(65) runtime.gcDrain
+1790 0 10

ob=
fl=
fn=(29)
+1260 0 10
+65 0 10
+184 0 10

ob=
fl=
fn=(8)
+62 0 10
+89 0 10
+39 0 10
+4 0 10
+329 0 10
+5 0 10
+22 0 10
+11 0 10
+13 0 10
+22 0 10
+34 0 10
+22 0 10
+37 0 10
+99 0 10
+39 0 10

ob=
fl=
fn=(66) runtime.shade
+196 0 10

ob=
fl=
fn=(10)
+186 0 10

ob=
fl=
fn=(67) runtime.sweepone
+4535 0 10

ob=
fl=
fn=(68) runtime.(*mspan).sweep
+837 0 10
+90 0 10

ob=
fl=
fn=(69) runtime.(*gcWork).tryGet
+4416 0 10

ob=
fl=
fn=(70) runtime.(*mheap).alloc
+7297 0 10

ob=
fl=
fn=(71) runtime.(*mSpanList).remove
+5363 0 10

ob=
fl=
fn=(72) runtime.(*mSpanList).insertBack
+689 0 10

ob=
fl=
fn=(73) runtime.netpollinited
+17288 0 10

ob=
fl=
fn=(74) net.runtime_pollReset
+634 0 10
+9 0 10

ob=
fl=
fn=(75) runtime.netpoll
+4754 0 10

ob=
fl=
fn=(76) runtime.newdefer
+6663 0 10
+33 0 10

ob=
fl=
fn=(6)
+615 0 10
+2 0 10

ob=
fl=
fn=(17)
+718 0 10
+23 0 10

ob=
fl=
fn=(18)
+17827 0 10
+119 0 10
+300 0 10

ob=
fl=
fn=(77) runtime.wakep
+8562 0 10

ob=
fl=
fn=(78) runtime.findrunnable
+1541 0 10
+694 0 10
+1106 0 10

ob=
fl=
fn=(79) runtime.resetspinning
+890 0 10

ob=
fl=
fn=(80) runtime.injectglist
+546 0 10

ob=
fl=
fn=(81) runtime.park_m
+1139 0 10

ob=
fl=
fn=(82) runtime.newproc1
+6683 0 10
+90 0 10

ob=
fl=
fn=(83) runtime.gfget
+1203 0 10
+408 0 10

ob=
fl=
fn=(84) runtime.sysmon
+9011 0 10

ob=
fl=
fn=(85) runtime.retake
+586 0 10

ob=
fl=
fn=(86) runtime.runqput
+3966 0 10

ob=
fl=
fn=(87) reflect.resolveNameOff
+9128 0 10
+22 0 10

ob=
fl=
fn=(88) reflect.resolveTypeOff
+95 0 10

ob=
fl=
fn=(89) runtime.(*guintptr).cas
+631 0 10

ob=
fl=
fn=(90) runtime.makeslice
+26485 0 10
+32 0 10
+107 0 10
+5 0 10

ob=
fl=
fn=(91) runtime.concatstrings
+14977 0 10

ob=
fl=
fn=(92) runtime.findfunc
+11654 0 10
+308 0 10
+5 0 10

ob=
fl=
fn=(93) runtime.pcvalue
+250 0 10
+201 0 10
+39 0 10
+49 0 10
+8 0 10

ob=
fl=
fn=(94) runtime.step
+2780 0 10

ob=
fl=
fn=(33)
+24906 0 10
+121 0 10

ob=
fl=
fn=(95) runtime.resolveTypeOff
+9957 0 10
+37 0 10
+148 0 10

ob=
fl=
fn=(96) runtime.(*_type).typeOff
+757 0 10

ob=
fl=
fn=(97) runtime.semasleep.func1
+14745 0 10

ob=
fl=
fn=(98) runtime.gogo
+6288 0 10

ob=
fl=
fn=(99) runtime.procyield
+6367 0 10

ob=
fl=
fn=(19)
+36 0 10

ob=
fl=
fn=(20)
+2819 0 10

ob=
fl=
fn=(100) runtime.indexbytebody
+1840 0 10
+39 0 10

ob=
fl=
fn=(101) runtime.duffzero
+729 0 10
+7 0 10

ob=
fl=
fn=(36)
+780 0 10
+84 0 10
+7 0 10

ob=
fl=
fn=(21)
+357 0 10
+10 0 10
+35 0 10
+268 0 10

ob=
fl=
fn=(14)
+60 0 10
+5 0 10
+14 0 10
+10 0 10
+505 0 10
+2 0 10
+115 0 10
+4 0 10
+15 0 10
+684 0 10
+177 0 10
+47 0 10
+40 0 10
+47 0 10
+17 0 10
+3 0 10
+8 0 10
+9 0 10
+17 0 10
+11 0 10

ob=
fl=
fn=(22)
+453 0 10

ob=
fl=
fn=(102) sync.(*Mutex).Lock
+19653 0 10

ob=
fl=
fn=(103) sync.(*Pool).Get
+1372 0 10

ob=
fl=
fn=(104) sync.(*Pool).pin
+802 0 10
+3 0 10

ob=
fl=
fn=(105) sync.poolCleanup
+774 0 10

ob=
fl=
fn=(106) sync.(*RWMutex).RLock
+916 0 10
+6 0 10

ob=
fl=
fn=(107) io.ReadFull
+3015 0 10
+84 0 10

ob=
fl=
fn=(108) bytes.LastIndex
+47059 0 10

ob=
fl=
fn=(109) math.frexp
+11723 0 10

ob=
fl=
fn=(110) math.modf
+1169 0 10

ob=
fl=
fn=(111) math.Pow
+157 0 10

ob=
fl=
fn=(112) strconv.ParseUint
+11043 0 10
+107 0 10
+40 0 10
+72 0 10

ob=
fl=
fn=(113) strconv.ParseInt
+1078 0 10

ob=
fl=
fn=(114) strconv.Atoi
+1612 0 10

ob=
fl=
fn=(115) strconv.formatBits
+19412 0 10

ob=
fl=
fn=(116) syscall.write
+45075 0 10

ob=
fl=
fn=(1)
+1792 0 10

ob=
fl=
fn=(117) time.nextStdChunk
+1510 0 10
+48 0 10
+276 0 10
+383 0 10
+599 0 10
+677 0 10
+953 0 10

ob=
fl=
fn=(118) time.appendInt
+2102 0 10
+17 0 10
+6 0 10
+75 0 10
+254 0 10
+221 0 10

ob=
fl=
fn=(119) time.formatNano
+424 0 10

ob=
fl=
fn=(120) time.Time.AppendFormat
+1015 0 10
+619 0 10
+3330 0 10
+1643 0 10

ob=
fl=
fn=(121) time.Time.locabs
+23876 0 10

ob=
fl=
fn=(122) time.Date
+10877 0 10
+558 0 10
+586 0 10
+62 0 10

ob=
fl=
fn=(123) time.(*Location).lookup
+1678 0 10
+454 0 10

ob=
fl=
fn=(124) reflect.(*rtype).String
+67112 0 10

ob=
fl=
fn=(125) reflect.(*rtype).Kind
+490 0 10

ob=
fl=
fn=(126) reflect.(*rtype).Elem
+5351 0 10

ob=
fl=
fn=(127) reflect.(*rtype).ptrTo
+12201 0 10
+14 0 10

ob=
fl=
fn=(24)
+18887 0 10

ob=
fl=
fn=(128) reflect.flag.mustBeExported
+1014 0 10
+19 0 10

ob=
fl=
fn=(129) reflect.Value.Elem
+10450 0 10

ob=
fl=
fn=(130) reflect.valueInterface
+4185 0 10

ob=
fl=
fn=(131) reflect.Value.IsNil
+402 0 10
+19 0 10
+77 0 10
+13 0 10

ob=
fl=
fn=(132) reflect.Value.Set
+6670 0 10
+115 0 10

ob=
fl=
fn=(133) reflect.Value.SetInt
+1361 0 10

ob=
fl=
fn=(134) reflect.Value.Type
+4394 0 10
+29 0 10

ob=
fl=
fn=(135) reflect.Indirect
+4778 0 10
+86 0 10

ob=
fl=
fn=(136) reflect.ValueOf
+232 0 10

ob=
fl=
fn=(137) reflect.New
+466 0 10

ob=
fl=
fn=(138) reflect.Value.assignTo
+312 0 10

ob=
fl=
fn=(139) context.(*emptyCtx).Done
+116280 0 10

ob=
fl=
fn=(140) context.(*cancelCtx).cancel
+2329 0 10

ob=
fl=
fn=(141) context.WithCancel.func1
+3639 0 10

ob=
fl=
fn=(142) database/sql.convertAssign
+30726 0 10
+1102 0 10
+3244 0 10
+35 0 10
+112 0 10
+3393 0 10
+225 0 10
+347 0 10

ob=
fl=
fn=(143) database/sql.(*DB).conn
+23281 0 10

ob=
fl=
fn=(144) database/sql.(*DB).queryConn
+8428 0 10

ob=
fl=
fn=(145) database/sql.(*Rows).nextLocked
+22047 0 10

ob=
fl=
fn=(146) database/sql.(*Rows).Scan
+4272 0 10

ob=
fl=
fn=(147) database/sql.(*Rows).Close
+785 0 10

ob=
fl=
fn=(148) database/sql.(*Rows).close
+340 0 10

ob=
fl=
fn=(149) database/sql.(*Tx).QueryContext.func1
+5887 0 10

ob=
fl=
fn=(150) database/sql.(*Rows).Next.func1
+528 0 10
+65 0 10

ob=
fl=
fn=(151) database/sql.(*driverConn).Lock
+4052 0 10

ob=
fl=
fn=(152) strings.genSplit
+23611 0 10

ob=
fl=
fn=(153) strings.makeASCIISet
+5700 0 10

ob=
fl=
fn=(154) bufio.(*Reader).Read
+9322 0 10
+681 0 10

ob=
fl=
fn=(155) net.(*fdMutex).rwlock
+136927 0 10

ob=
fl=
fn=(156) net.(*pollDesc).prepare
+1525 0 10

ob=
fl=
fn=(157) net.(*pollDesc).prepareWrite
+148 0 10

ob=
fl=
fn=(158) net.(*netFD).Write
+9508 0 10
+468 0 10
+110 0 10

ob=
fl=
fn=(159) net.(*TCPConn).Read
+187810 0 10

ob=
fl=
fn=(25)
+41 0 10

ob=
fl=
fn=(160) github.com/nd-r/tech-db-forum/vendor/github.com/lib/pq.(*conn).checkIsInTransaction
+752976 0 10

ob=
fl=
fn=(161) github.com/nd-r/tech-db-forum/vendor/github.com/lib/pq.(*conn).prepareTo
+8184 0 10

ob=
fl=
fn=(162) github.com/nd-r/tech-db-forum/vendor/github.com/lib/pq.(*conn).query
+3480 0 10
+901 0 10

ob=
fl=
fn=(163) github.com/nd-r/tech-db-forum/vendor/github.com/lib/pq.(*conn).send
+1631 0 10

ob=
fl=
fn=(164) github.com/nd-r/tech-db-forum/vendor/github.com/lib/pq.(*conn).recvMessage
+1200 0 10
+87 0 10
+147 0 10

ob=
fl=
fn=(165) github.com/nd-r/tech-db-forum/vendor/github.com/lib/pq.(*stmt).exec
+11745 0 10

ob=
fl=
fn=(166) github.com/nd-r/tech-db-forum/vendor/github.com/lib/pq.(*conn).parseComplete
+3267 0 10

ob=
fl=
fn=(40)
+1910 0 10
+1002 0 10
+84 0 10

ob=
fl=
fn=(167) github.com/nd-r/tech-db-forum/vendor/github.com/lib/pq.(*conn).readBindResponse
+10586 0 10

ob=
fl=
fn=(168) github.com/nd-r/tech-db-forum/vendor/github.com/lib/pq.(*conn).postExecuteWorkaround
+527 0 10

ob=
fl=
fn=(169) github.com/nd-r/tech-db-forum/vendor/github.com/lib/pq.(*conn).QueryContext
+10781 0 10

ob=
fl=
fn=(170) github.com/nd-r/tech-db-forum/vendor/github.com/lib/pq.(*conn).BeginTx
+932 0 10

ob=
fl=
fn=(171) github.com/nd-r/tech-db-forum/vendor/github.com/lib/pq.encode
+10520 0 10

ob=
fl=
fn=(172) github.com/nd-r/tech-db-forum/vendor/github.com/lib/pq.decode
+561 0 10

ob=
fl=
fn=(173) github.com/nd-r/tech-db-forum/vendor/github.com/lib/pq.(*timestampParser).mustAtoi
+7904 0 10
+202 0 10
+254 0 10

ob=
fl=
fn=(174) github.com/nd-r/tech-db-forum/vendor/github.com/lib/pq.ParseTimestamp
+4672 0 10

ob=
fl=
fn=(41)
+34767 0 10
+890 0 10

ob=
fl=
fn=(175) github.com/nd-r/tech-db-forum/vendor/github.com/jmoiron/sqlx/reflectx.FieldByIndexes
+113 0 10
+444 0 10

ob=
fl=
fn=(176) github.com/nd-r/tech-db-forum/vendor/github.com/jmoiron/sqlx.(*Row).Scan
+34969 0 10

ob=
fl=
fn=(177) github.com/nd-r/tech-db-forum/vendor/github.com/jmoiron/sqlx.(*Tx).QueryRowx
+9160 0 10

ob=
fl=
fn=(178) github.com/nd-r/tech-db-forum/vendor/github.com/jmoiron/sqlx.Get
+7230 0 10

ob=
fl=
fn=(179) github.com/nd-r/tech-db-forum/vendor/github.com/jmoiron/sqlx.(*Row).scanAny
+2302 0 10

ob=
fl=
fn=(180) github.com/nd-r/tech-db-forum/vendor/github.com/jmoiron/sqlx.scanAll
+6272 0 10

ob=
fl=
fn=(181) github.com/nd-r/tech-db-forum/vendor/github.com/jmoiron/sqlx.fieldsByTraversal
+1868 0 10
+161 0 10

ob=
fl=
fn=(182) github.com/nd-r/tech-db-forum/vendor/github.com/jmoiron/sqlx.(*Rows).Scan
+14023 0 10

ob=
fl=
fn=(42)
+786430 0 10
+4 0 10

ob=
fl=
fn=(183) github.com/nd-r/tech-db-forum/vendor/github.com/mailru/easyjson/buffer.(*Buffer).EnsureSpace
+442 0 10
+313 0 10

ob=
fl=
fn=(44)
+1129 0 10
+32 0 10

ob=
fl=
fn=(184) github.com/nd-r/tech-db-forum/vendor/github.com/mailru/easyjson/jwriter.(*Writer).RawString
+5324 0 10

ob=
fl=
fn=(9)
+9808 0 10
+19 0 10
+1000 0 10
+18 0 10
+4 0 10

ob=
fl=
fn=(185) github.com/nd-r/tech-db-forum/models.easyjsonD2b7633eEncodeGithubComNdRTechDbForumModels10
+23357 0 10

ob=
fl=
fn=(186) github.com/nd-r/tech-db-forum/models.easyjsonD2b7633eEncodeGithubComNdRTechDbForumModels12
+6936 0 10
+185 0 10

ob=
fl=
fn=(187) github.com/nd-r/tech-db-forum/models.Post.MarshalJSON
+1065 0 10

ob=
fl=
fn=(188) github.com/nd-r/tech-db-forum/database.GetForumThreads
+18322 0 10

ob=
fl=
fn=(189) github.com/nd-r/tech-db-forum/database.GetForumUsers
+2506 0 10

ob=
fl=
fn=(190) github.com/nd-r/tech-db-forum/vendor/github.com/valyala/fasthttp.(*Response).AppendBodyString
+339733 0 10

ob=
fl=
fn=(191) github.com/nd-r/tech-db-forum/vendor/github.com/valyala/fasthttp.(*Request).ResetBody
+4114 0 10

ob=
fl=
fn=(192) github.com/nd-r/tech-db-forum/vendor/github.com/valyala/fasthttp.(*Request).readLimitBody
+9930 0 10

ob=
fl=
fn=(193) github.com/nd-r/tech-db-forum/vendor/github.com/valyala/fasthttp.(*Response).closeBodyStream
+10585 0 10

ob=
fl=
fn=(194) github.com/nd-r/tech-db-forum/vendor/github.com/valyala/fasthttp.(*Server).serveConn
+34834 0 10

ob=
fl=
fn=(195) github.com/nd-r/tech-db-forum/vendor/github.com/valyala/fasthttp.statusLine
+10382 0 10
+9 0 10

ob=
fl=
fn=(196) github.com/nd-r/tech-db-forum/vendor/github.com/valyala/fasthttp.(*userData).Reset
+24867 0 10

ob=
fl=
fn=(197) github.com/nd-r/tech-db-forum/vendor/github.com/buaazp/fasthttprouter.(*node).getValue
+38482 0 10

ob=
fl=
fn=(198) github.com/nd-r/tech-db-forum/vendor/github.com/buaazp/fasthttprouter.(*Router).Handler-fm
+545035 0 10

ob=
fl=
fn=(199) runtime.closechan
-4132296 0 0
cfl=
cfn=(15)
calls=10 -4093517 0
* * 10
+56 0 0
cfl=
cfn=(48)
calls=10 +4572 0
* * 10
+533 0 0
cfl=
cfn=(200) runtime.goready
calls=540 +163642 0
* * 540

ob=
fl=
fn=(201) runtime.chanrecv1
+246 0 0
cfl=
cfn=(202) runtime.chanrecv
calls=10 +796 0
* * 10

ob=
fl=
fn=(202)
+550 0 0
cfl=
cfn=(203) runtime.acquireSudog
calls=10 +163714 0
* * 10

ob=
fl=
fn=(49)
+15288 0 0
cfl=
cfn=(45)
calls=10 -16362 0
* * 10

ob=
fl=
fn=(204) runtime.convT2E
+19637 0 0
cfl=
cfn=(12)
calls=160 +30501 0
* * 160
+39 0 0
cfl=
cfn=(58)
calls=10 +13692 0
* * 10
cfl=
cfn=(58)
calls=10 +13709 0
* * 10
cfl=
cfn=(58)
calls=10 +13732 0
* * 10

ob=
fl=
fn=(205) runtime.assertE2I2
+1604 0 0
cfl=
cfn=(51)
calls=10 -3612 0
* * 10

ob=
fl=
fn=(15)
+1078 0 0
cfl=
cfn=(99)
calls=10 +299620 0
* * 10
+70 0 0
cfl=
cfn=(206) runtime.osyield
calls=10 +109409 0
* * 10

ob=
fl=
fn=(207) runtime.notewakeup
+433 0 0
cfl=
cfn=(208) runtime.semawakeup
calls=1920 +106194 0
* * 1920

ob=
fl=
fn=(209) runtime.notesleep
+226 0 0
cfl=
cfn=(210) runtime.semasleep
calls=1370 +108765 0
* * 1370

ob=
fl=
fn=(211) runtime.notetsleep_internal
+199 0 0
cfl=
cfn=(210)
calls=460 +108539 0
* * 460

ob=
fl=
fn=(212) runtime.notetsleep
+492 0 0
cfl=
cfn=(211)
calls=460 * 0
* * 460

ob=
fl=
fn=(213) runtime.(*mcache).nextFree
+3165 0 0
cfl=
cfn=(214) runtime.(*mspan).nextFreeIndex
calls=10 +11773 0
* * 10
+103 0 0
cfl=
cfn=(34)
calls=110 +287943 0
* * 110
cfl=
cfn=(34)
calls=20 +287993 0
* * 20

ob=
fl=
fn=(11)
+1624 0 0
cfl=
cfn=(215) runtime.gcStart
calls=40 +31508 0
* * 40
cfl=
cfn=(215)
calls=10 +31380 0
* * 10
+86 0 0
cfl=
cfn=(216) runtime.profilealloc
calls=40 +2346 0
* * 40
+221 0 0
cfl=
cfn=(28)
calls=20 +11646 0
* * 20
cfl=
cfn=(28)
calls=10 +11807 0
* * 10
cfl=
cfn=(28)
calls=10 +11810 0
* * 10
cfl=
cfn=(28)
calls=10 +11914 0
* * 10
cfl=
cfn=(28)
calls=10 +12127 0
* * 10
cfl=
cfn=(28)
calls=10 +12136 0
* * 10
cfl=
cfn=(28)
calls=10 +12313 0
* * 10
cfl=
cfn=(28)
calls=10 +13079 0
* * 10
cfl=
cfn=(28)
calls=10 +13086 0
* * 10
+550 0 0
cfl=
cfn=(21)
calls=30 +298401 0
* * 30
cfl=
cfn=(21)
calls=10 +298616 0
* * 10
cfl=
cfn=(21)
calls=10 +298934 0
* * 10
+61 0 0
cfl=
cfn=(213)
calls=130 -2481 0
* * 130
cfl=
cfn=(213)
calls=10 -2584 0
* * 10
+432 0 0
cfl=
cfn=(217) runtime.gcAssistAlloc
calls=290 +43085 0
* * 290

ob=
fl=
fn=(12)
+481 0 0
cfl=
cfn=(11)
calls=140 * 0
* * 140
cfl=
cfn=(11)
calls=70 -1043 0
* * 70
cfl=
cfn=(11)
calls=30 -1264 0
* * 30
cfl=
cfn=(11)
calls=20 -2265 0
* * 20
cfl=
cfn=(11)
calls=20 -493 0
* * 20
cfl=
cfn=(11)
calls=10 -2464 0
* * 10
cfl=
cfn=(11)
calls=10 -2114 0
* * 10
cfl=
cfn=(11)
calls=10 -1758 0
* * 10
cfl=
cfn=(11)
calls=10 -1396 0
* * 10
cfl=
cfn=(11)
calls=10 -1031 0
* * 10
cfl=
cfn=(11)
calls=10 -945 0
* * 10
cfl=
cfn=(11)
calls=10 -646 0
* * 10
cfl=
cfn=(11)
calls=10 -432 0
* * 10
cfl=
cfn=(11)
calls=10 -368 0
* * 10
cfl=
cfn=(11)
calls=10 -346 0
* * 10

ob=
fl=
fn=(55)
+83 0 0
cfl=
cfn=(12)
calls=20 * 0
* * 20

ob=
fl=
fn=(218) runtime.newarray
+137 0 0
cfl=
cfn=(11)
calls=10 -996 0
* * 10
cfl=
cfn=(11)
calls=10 -564 0
* * 10

ob=
fl=
fn=(219) reflect.unsafe_NewArray
+193 0 0
cfl=
cfn=(218)
calls=20 * 0
* * 20

ob=
fl=
fn=(216)
+102 0 0
cfl=
cfn=(220) runtime.mProf_Malloc
calls=30 +80001 0
* * 30
cfl=
cfn=(220)
calls=10 +80097 0
* * 10

ob=
fl=
fn=(221) runtime.persistentalloc
+558 0 0
cfl=
cfn=(34)
calls=10 +283870 0
* * 10

ob=
fl=
fn=(57)
+959 0 0
cfl=
cfn=(66)
calls=10 +50500 0
* * 10
+114 0 0
cfl=
cfn=(66)
calls=20 +49417 0
* * 20
cfl=
cfn=(66)
calls=10 +49442 0
* * 10

ob=
fl=
fn=(222) runtime.writebarrierptr_prewrite1
+213 0 0
cfl=
cfn=(34)
calls=50 +282239 0
* * 50
cfl=
cfn=(34)
calls=10 +282289 0
* * 10

ob=
fl=
fn=(223) runtime.writebarrierptr
+158 0 0
cfl=
cfn=(222)
calls=60 * 0
* * 60

ob=
fl=
fn=(58)
+351 0 0
cfl=
cfn=(14)
calls=10 +295489 0
* * 10

ob=
fl=
fn=(224) reflect.typedmemmove
+195 0 0
cfl=
cfn=(58)
calls=10 +113 0
* * 10

ob=
fl=
fn=(214)
+1987 0 0
cfl=
cfn=(59)
calls=10 +1702 0
* * 10

ob=
fl=
fn=(225) runtime.heapBits.initSpan
+3997 0 0
cfl=
cfn=(226) runtime.newMarkBits
calls=10 +72757 0
* * 10
+169 0 0
cfl=
cfn=(21)
calls=10 +288095 0
* * 10

ob=
fl=
fn=(227) runtime.(*mcache).refill
+5672 0 0
cfl=
cfn=(60)
calls=60 +6338 0
* * 60
cfl=
cfn=(60)
calls=10 +6083 0
* * 10
cfl=
cfn=(60)
calls=10 +6177 0
* * 10
cfl=
cfn=(60)
calls=10 +6257 0
* * 10
cfl=
cfn=(60)
calls=10 +6371 0
* * 10
cfl=
cfn=(60)
calls=10 +7035 0
* * 10

ob=
fl=
fn=(228) runtime.(*mcache).releaseAll
+324 0 0
cfl=
cfn=(61)
calls=10 +1553 0
* * 10
cfl=
cfn=(61)
calls=10 +1634 0
* * 10
cfl=
cfn=(61)
calls=10 +1731 0
* * 10

ob=
fl=
fn=(60)
+342 0 0
cfl=
cfn=(229) runtime.(*mcentral).grow
calls=40 +1994 0
* * 40
cfl=
cfn=(229)
calls=20 +2082 0
* * 20
+33 0 0
cfl=
cfn=(15)
calls=10 -23999 0
* * 10
+664 0 0
cfl=
cfn=(72)
calls=10 +59300 0
* * 10

ob=
fl=
fn=(61)
+190 0 0
cfl=
cfn=(15)
calls=10 -24394 0
* * 10
+81 0 0
cfl=
cfn=(26)
calls=10 -24341 0
* * 10

ob=
fl=
fn=(230) runtime.(*mcentral).freeSpan
+281 0 0
cfl=
cfn=(15)
calls=10 -24917 0
* * 10

ob=
fl=
fn=(229)
+403 0 0
cfl=
cfn=(70)
calls=30 +52106 0
* * 30
cfl=
cfn=(70)
calls=10 +52032 0
* * 10
+88 0 0
cfl=
cfn=(225)
calls=10 -8159 0
* * 10
cfl=
cfn=(225)
calls=10 -7990 0
* * 10

ob=
fl=
fn=(215)
+10631 0 0
cfl=
cfn=(231) runtime.clearpools
calls=10 +19658 0
* * 10
+128 0 0
cfl=
cfn=(34)
calls=40 +256460 0
* * 40

ob=
fl=
fn=(232) runtime.gcMarkDone
+748 0 0
cfl=
cfn=(34)
calls=30 +256382 0
* * 30
cfl=
cfn=(34)
calls=20 +256332 0
* * 20
+198 0 0
cfl=
cfn=(34)
calls=10 +255634 0
* * 10
+60 0 0
cfl=
cfn=(233) runtime.gcMarkTermination
calls=40 +3116 0
* * 40
cfl=
cfn=(233)
calls=30 +512 0
* * 30
cfl=
cfn=(233)
calls=10 +1055 0
* * 10

ob=
fl=
fn=(233)
+452 0 0
cfl=
cfn=(34)
calls=20 +255326 0
* * 20
cfl=
cfn=(34)
calls=10 +255376 0
* * 10
+543 0 0
cfl=
cfn=(34)
calls=10 +254874 0
* * 10
+2061 0 0
cfl=
cfn=(234) runtime.mProf_GC
calls=30 +50196 0
* * 30
cfl=
cfn=(234)
calls=10 +50212 0
* * 10

ob=
fl=
fn=(235) runtime.gcBgMarkWorker
+913 0 0
cfl=
cfn=(34)
calls=720 +252270 0
* * 720
cfl=
cfn=(34)
calls=180 +252320 0
* * 180
+20 0 0
cfl=
cfn=(236) runtime.nanotime
calls=10 +266777 0
* * 10
+243 0 0
cfl=
cfn=(232)
calls=80 -3989 0
* * 80
cfl=
cfn=(232)
calls=50 -4247 0
* * 50
cfl=
cfn=(232)
calls=10 -4049 0
* * 10

ob=
fl=
fn=(63)
+2127 0 0
cfl=
cfn=(65)
calls=10 +15435 0
* * 10

ob=
fl=
fn=(231)
+1534 0 0
cfl=
cfn=(105)
calls=10 +286839 0
* * 10

ob=
fl=
fn=(237) runtime.gchelper
+288 0 0
cfl=
cfn=(65)
calls=20 +11774 0
* * 20

ob=
fl=
fn=(238) runtime.markroot
+2645 0 0
cfl=
cfn=(13)
calls=40 +85404 0
* * 40
+93 0 0
cfl=
cfn=(34)
calls=20 +244550 0
* * 20
+478 0 0
cfl=
cfn=(239) runtime.markrootBlock
calls=40 +810 0
* * 40
+144 0 0
cfl=
cfn=(239)
calls=10 +332 0
* * 10
+40 0 0
cfl=
cfn=(240) runtime.flushmcache
calls=30 +48049 0
* * 30

ob=
fl=
fn=(239)
+148 0 0
cfl=
cfn=(29)
calls=20 +9565 0
* * 20
cfl=
cfn=(29)
calls=10 +9627 0
* * 10
cfl=
cfn=(29)
calls=10 +9666 0
* * 10
cfl=
cfn=(29)
calls=10 +9811 0
* * 10

ob=
fl=
fn=(217)
+1384 0 0
cfl=
cfn=(34)
calls=230 +243597 0
* * 230
cfl=
cfn=(34)
calls=60 +243647 0
* * 60

ob=
fl=
fn=(241) runtime.gcAssistAlloc1
+547 0 0
cfl=
cfn=(242) runtime.gcDrainN
calls=160 +7684 0
* * 160
cfl=
cfn=(242)
calls=70 +7610 0
* * 70
cfl=
cfn=(242)
calls=10 +7835 0
* * 10
+54 0 0
cfl=
cfn=(18)
calls=10 +81042 0
* * 10

ob=
fl=
fn=(16)
+2328 0 0
cfl=
cfn=(33)
calls=80 +208804 0
* * 80
cfl=
cfn=(33)
calls=70 +210261 0
* * 70
cfl=
cfn=(33)
calls=20 +209331 0
* * 20
cfl=
cfn=(33)
calls=10 +205319 0
* * 10
cfl=
cfn=(33)
calls=10 +209206 0
* * 10
cfl=
cfn=(33)
calls=10 +209327 0
* * 10

ob=
fl=
fn=(64)
+1242 0 0
cfl=
cfn=(243) runtime.pcdatavalue
calls=20 +181588 0
* * 20
+125 0 0
cfl=
cfn=(29)
calls=10 +4100 0
* * 10
+780 0 0
cfl=
cfn=(29)
calls=20 +3838 0
* * 20
cfl=
cfn=(29)
calls=10 +3734 0
* * 10

ob=
fl=
fn=(65)
+1478 0 0
cfl=
cfn=(238)
calls=30 -6608 0
* * 30
cfl=
cfn=(238)
calls=20 -7363 0
* * 20
cfl=
cfn=(238)
calls=20 -6792 0
* * 20
+193 0 0
cfl=
cfn=(8)
calls=110 +2362 0
* * 110
cfl=
cfn=(8)
calls=60 +2261 0
* * 60
cfl=
cfn=(8)
calls=50 +2549 0
* * 50
cfl=
cfn=(8)
calls=40 +2304 0
* * 40
cfl=
cfn=(8)
calls=30 +2408 0
* * 30
cfl=
cfn=(8)
calls=20 +2226 0
* * 20
cfl=
cfn=(8)
calls=20 +2268 0
* * 20
cfl=
cfn=(8)
calls=20 +2271 0
* * 20
cfl=
cfn=(8)
calls=20 +2295 0
* * 20
cfl=
cfn=(8)
calls=20 +2359 0
* * 20
cfl=
cfn=(8)
calls=10 +1787 0
* * 10
cfl=
cfn=(8)
calls=10 +1876 0
* * 10
cfl=
cfn=(8)
calls=10 +1915 0
* * 10
cfl=
cfn=(8)
calls=10 +1919 0
* * 10
cfl=
cfn=(8)
calls=10 +2248 0
* * 10
cfl=
cfn=(8)
calls=10 +2253 0
* * 10
cfl=
cfn=(8)
calls=10 +2275 0
* * 10
cfl=
cfn=(8)
calls=10 +2286 0
* * 10
cfl=
cfn=(8)
calls=10 +2321 0
* * 10
cfl=
cfn=(8)
calls=10 +2377 0
* * 10
cfl=
cfn=(8)
calls=10 +2414 0
* * 10
cfl=
cfn=(8)
calls=10 +2513 0
* * 10
cfl=
cfn=(8)
calls=10 +2552 0
* * 10
+140 0 0
cfl=
cfn=(244) runtime.pollWork
calls=30 +87575 0
* * 30
+224 0 0
cfl=
cfn=(69)
calls=10 +12479 0
* * 10
cfl=
cfn=(69)
calls=10 +12642 0
* * 10
+129 0 0
cfl=
cfn=(245) runtime.(*gcWork).balance
calls=50 +13059 0
* * 50
+50 0 0
cfl=
cfn=(244)
calls=50 +87082 0
* * 50

ob=
fl=
fn=(242)
+320 0 0
cfl=
cfn=(238)
calls=20 -9577 0
* * 20
cfl=
cfn=(238)
calls=20 -9484 0
* * 20
cfl=
cfn=(238)
calls=20 -9006 0
* * 20
cfl=
cfn=(238)
calls=10 -8862 0
* * 10
+74 0 0
cfl=
cfn=(8)
calls=60 +1493 0
* * 60
cfl=
cfn=(8)
calls=20 +1205 0
* * 20
cfl=
cfn=(8)
calls=20 +1248 0
* * 20
cfl=
cfn=(8)
calls=20 +1352 0
* * 20
cfl=
cfn=(8)
calls=10 +1170 0
* * 10
cfl=
cfn=(8)
calls=10 +1243 0
* * 10
cfl=
cfn=(8)
calls=10 +1299 0
* * 10
cfl=
cfn=(8)
calls=10 +1306 0
* * 10
+151 0 0
cfl=
cfn=(245)
calls=10 +12486 0
* * 10

ob=
fl=
fn=(29)
+299 0 0
cfl=
cfn=(27)
calls=10 -44057 0
* * 10
cfl=
cfn=(27)
calls=10 -43327 0
* * 10
cfl=
cfn=(27)
calls=10 -43234 0
* * 10
+137 0 0
cfl=
cfn=(10)
calls=10 +2162 0
* * 10

ob=
fl=
fn=(8)
+691 0 0
cfl=
cfn=(27)
calls=20 -44534 0
* * 20
cfl=
cfn=(27)
calls=10 -44502 0
* * 10
cfl=
cfn=(27)
calls=10 -43667 0
* * 10
cfl=
cfn=(27)
calls=10 -43642 0
* * 10
+141 0 0
cfl=
cfn=(10)
calls=50 +1320 0
* * 50
cfl=
cfn=(10)
calls=30 +1334 0
* * 30
cfl=
cfn=(10)
calls=20 +1356 0
* * 20
cfl=
cfn=(10)
calls=10 +526 0
* * 10

ob=
fl=
fn=(66)
+174 0 0
cfl=
cfn=(27)
calls=10 -45325 0
* * 10
cfl=
cfn=(27)
calls=10 -44534 0
* * 10
+124 0 0
cfl=
cfn=(10)
calls=10 +1041 0
* * 10

ob=
fl=
fn=(246) runtime.bgsweep
+4046 0 0
cfl=
cfn=(247) runtime.gosweepone
calls=70 +5158 0
* * 70

ob=
fl=
fn=(67)
+610 0 0
cfl=
cfn=(68)
calls=10 +1413 0
* * 10
cfl=
cfn=(68)
calls=10 +1503 0
* * 10
cfl=
cfn=(68)
calls=10 +2214 0
* * 10
cfl=
cfn=(68)
calls=10 +2468 0
* * 10
cfl=
cfn=(68)
calls=10 +3667 0
* * 10

ob=
fl=
fn=(247)
+502 0 0
cfl=
cfn=(34)
calls=60 +228156 0
* * 60
cfl=
cfn=(34)
calls=10 +228206 0
* * 10

ob=
fl=
fn=(68)
+1102 0 0
cfl=
cfn=(226)
calls=10 +21163 0
* * 10
+254 0 0
cfl=
cfn=(230)
calls=10 -41030 0
* * 10
+1199 0 0
cfl=
cfn=(248) runtime.freespecial
calls=10 +19328 0
* * 10

ob=
fl=
fn=(69)
+2415 0 0
cfl=
cfn=(249) runtime.putempty
calls=10 +3609 0
* * 10

ob=
fl=
fn=(245)
+641 0 0
cfl=
cfn=(250) runtime.handoff
calls=50 +2506 0
* * 50
cfl=
cfn=(250)
calls=10 +2409 0
* * 10

ob=
fl=
fn=(251) runtime.getempty
+430 0 0
cfl=
cfn=(54)
calls=10 -70861 0
* * 10

ob=
fl=
fn=(249)
+123 0 0
cfl=
cfn=(53)
calls=10 -71573 0
* * 10

ob=
fl=
fn=(250)
+1215 0 0
cfl=
cfn=(251)
calls=10 -123 0
* * 10
+97 0 0
cfl=
cfn=(14)
calls=20 +234700 0
* * 20
cfl=
cfn=(14)
calls=10 +233942 0
* * 10
cfl=
cfn=(14)
calls=10 +234891 0
* * 10
cfl=
cfn=(14)
calls=10 +235021 0
* * 10

ob=
fl=
fn=(252) runtime.(*mheap).alloc_m
+3851 0 0
cfl=
cfn=(253) runtime.(*mheap).allocSpanLocked
calls=10 +5163 0
* * 10
cfl=
cfn=(253)
calls=10 +5431 0
* * 10

ob=
fl=
fn=(70)
+851 0 0
cfl=
cfn=(21)
calls=20 +229034 0
* * 20
cfl=
cfn=(21)
calls=10 +229049 0
* * 10

ob=
fl=
fn=(253)
+461 0 0
cfl=
cfn=(71)
calls=10 +5289 0
* * 10
+268 0 0
cfl=
cfn=(62)
calls=10 -46494 0
* * 10

ob=
fl=
fn=(254) runtime.(*mheap).freeSpanLocked
+2996 0 0
cfl=
cfn=(236)
calls=10 +230167 0
* * 10

ob=
fl=
fn=(248)
+4781 0 0
cfl=
cfn=(255) runtime.mProf_Free
calls=10 +8121 0
* * 10

ob=
fl=
fn=(226)
+392 0 0
cfl=
cfn=(256) runtime.newArena
calls=10 +1008 0
* * 10
+87 0 0
cfl=
cfn=(26)
calls=10 -85707 0
* * 10

ob=
fl=
fn=(256)
+529 0 0
cfl=
cfn=(21)
calls=10 +219203 0
* * 10

ob=
fl=
fn=(257) runtime.newBucket
+210 0 0
cfl=
cfn=(221)
calls=10 -77350 0
* * 10

ob=
fl=
fn=(258) runtime.stkbucket
+669 0 0
cfl=
cfn=(257)
calls=10 * 0
* * 10

ob=
fl=
fn=(31)
+721 0 0
cfl=
cfn=(30)
calls=10 -503 0
* * 10

ob=
fl=
fn=(234)
+227 0 0
cfl=
cfn=(31)
calls=20 +9 0
* * 20
cfl=
cfn=(31)
calls=10 * 0
* * 10
+16 0 0
cfl=
cfn=(26)
calls=10 -88206 0
* * 10

ob=
fl=
fn=(220)
+148 0 0
cfl=
cfn=(259) runtime.callers
calls=30 +176761 0
* * 30
+96 0 0
cfl=
cfn=(258)
calls=10 -1112 0
* * 10

ob=
fl=
fn=(255)
+245 0 0
cfl=
cfn=(30)
calls=10 -1711 0
* * 10

ob=
fl=
fn=(240)
+7894 0 0
cfl=
cfn=(228)
calls=30 -65543 0
* * 30

ob=
fl=
fn=(75)
+8979 0 0
cfl=
cfn=(2)
calls=2630 +212147 0
* * 2630

ob=
fl=
fn=(208)
+493 0 0
cfl=
cfn=(260) runtime.mach_semrelease
calls=1920 +3542 0
* * 1920

ob=
fl=
fn=(261) runtime.semasleep1
+2682 0 0
cfl=
cfn=(5)
calls=1370 +202443 0
* * 1370
+150 0 0
cfl=
cfn=(7)
calls=500 +199785 0
* * 500

ob=
fl=
fn=(210)
+172 0 0
cfl=
cfn=(34)
calls=1830 +183482 0
* * 1830

ob=
fl=
fn=(260)
+45 0 0
cfl=
cfn=(4)
calls=1920 +199487 0
* * 1920

ob=
fl=
fn=(206)
+96 0 0
cfl=
cfn=(3)
calls=50 +199101 0
* * 50

ob=
fl=
fn=(262) runtime.deferproc
+1911 0 0
cfl=
cfn=(76)
calls=10 +2969 0
* * 10
cfl=
cfn=(76)
calls=10 +3002 0
* * 10
cfl=
cfn=(76)
calls=10 +3333 0
* * 10
cfl=
cfn=(76)
calls=10 +3372 0
* * 10
+161 0 0
cfl=
cfn=(14)
calls=10 +195954 0
* * 10

ob=
fl=
fn=(76)
+1261 0 0
cfl=
cfn=(34)
calls=10 +181047 0
* * 10
+39 0 0
cfl=
cfn=(223)
calls=10 -102082 0
* * 10

ob=
fl=
fn=(17)
+1047 0 0
cfl=
cfn=(6)
calls=1050 +290 0
* * 1050
cfl=
cfn=(6)
calls=10 +245 0
* * 10
cfl=
cfn=(6)
calls=10 +247 0
* * 10
+34 0 0
cfl=
cfn=(19)
calls=10 +184750 0
* * 10
+24 0 0
cfl=
cfn=(223)
calls=10 -103202 0
* * 10

ob=
fl=
fn=(200)
+10781 0 0
cfl=
cfn=(34)
calls=540 +178642 0
* * 540

ob=
fl=
fn=(203)
+851 0 0
cfl=
cfn=(12)
calls=10 -116524 0
* * 10

ob=
fl=
fn=(263) runtime.ready
+4195 0 0
cfl=
cfn=(86)
calls=10 +42922 0
* * 10
+91 0 0
cfl=
cfn=(77)
calls=520 +10926 0
* * 520
cfl=
cfn=(77)
calls=10 +10864 0
* * 10

ob=
fl=
fn=(18)
+2100 0 0
cfl=
cfn=(206)
calls=10 -20395 0
* * 10

ob=
fl=
fn=(264) runtime.scang
+672 0 0
cfl=
cfn=(206)
calls=30 -22495 0
* * 30
+272 0 0
cfl=
cfn=(16)
calls=200 -79332 0
* * 200
cfl=
cfn=(16)
calls=30 -79598 0
* * 30

ob=
fl=
fn=(265) runtime.startTheWorldWithSema
+1521 0 0
cfl=
cfn=(75)
calls=20 -27077 0
* * 20
+456 0 0
cfl=
cfn=(207)
calls=30 -133866 0
* * 30
+30 0 0
cfl=
cfn=(34)
calls=20 +157703 0
* * 20

ob=
fl=
fn=(266) runtime.mstart
+100 0 0
cfl=
cfn=(267) runtime.mstart1
calls=2200 +398 0
* * 2200

ob=
fl=
fn=(267)
+298 0 0
cfl=
cfn=(84)
calls=1690 +28015 0
* * 1690
cfl=
cfn=(84)
calls=460 +28177 0
* * 460
cfl=
cfn=(84)
calls=20 +28193 0
* * 20
cfl=
cfn=(84)
calls=10 +28059 0
* * 10
cfl=
cfn=(84)
calls=10 +28358 0
* * 10
cfl=
cfn=(84)
calls=10 +28933 0
* * 10

ob=
fl=
fn=(268) runtime.forEachP
+947 0 0
cfl=
cfn=(269) runtime.handoffp
calls=10 +4759 0
* * 10
cfl=
cfn=(269)
calls=10 +5294 0
* * 10

ob=
fl=
fn=(270) runtime.stopm
+2940 0 0
cfl=
cfn=(209)
calls=1370 -135471 0
* * 1370
+48 0 0
cfl=
cfn=(237)
calls=20 -93757 0
* * 20

ob=
fl=
fn=(271) runtime.startm
+448 0 0
cfl=
cfn=(207)
calls=1320 -138685 0
* * 1320

ob=
fl=
fn=(269)
+376 0 0
cfl=
cfn=(271)
calls=10 * 0
* * 10
+535 0 0
cfl=
cfn=(271)
calls=10 -376 0
* * 10

ob=
fl=
fn=(77)
+92 0 0
cfl=
cfn=(271)
calls=1190 -911 0
* * 1190

ob=
fl=
fn=(272) runtime.gcstopm
+847 0 0
cfl=
cfn=(270)
calls=30 -1499 0
* * 30
cfl=
cfn=(270)
calls=10 -1451 0
* * 10
+26 0 0
cfl=
cfn=(207)
calls=10 -140983 0
* * 10

ob=
fl=
fn=(273) runtime.execute
+155 0 0
cfl=
cfn=(18)
calls=10 -9797 0
* * 10
cfl=
cfn=(18)
calls=10 -9785 0
* * 10
cfl=
cfn=(18)
calls=10 -9497 0
* * 10
+276 0 0
cfl=
cfn=(223)
calls=10 -131007 0
* * 10

ob=
fl=
fn=(78)
+159 0 0
cfl=
cfn=(272)
calls=10 -457 0
* * 10
+96 0 0
cfl=
cfn=(73)
calls=10 -41784 0
* * 10
+549 0 0
cfl=
cfn=(270)
calls=1340 -3058 0
* * 1340
cfl=
cfn=(270)
calls=10 -3010 0
* * 10
+59 0 0
cfl=
cfn=(75)
calls=1150 -36976 0
* * 1150
+15 0 0
cfl=
cfn=(236)
calls=20 +165142 0
* * 20
+131 0 0
cfl=
cfn=(80)
calls=80 +2472 0
* * 80
cfl=
cfn=(80)
calls=10 +2533 0
* * 10
+29 0 0
cfl=
cfn=(18)
calls=10 -11356 0
* * 10
cfl=
cfn=(18)
calls=10 -10651 0
* * 10
+893 0 0
cfl=
cfn=(274) runtime.runqsteal
calls=620 +26921 0
* * 620
+242 0 0
cfl=
cfn=(75)
calls=1380 -38103 0
* * 1380
cfl=
cfn=(75)
calls=10 -38159 0
* * 10
+36 0 0
cfl=
cfn=(80)
calls=30 +1177 0
* * 30
+118 0 0
cfl=
cfn=(15)
calls=10 -144404 0
* * 10

ob=
fl=
fn=(244)
+367 0 0
cfl=
cfn=(75)
calls=80 -38499 0
* * 80

ob=
fl=
fn=(79)
+203 0 0
cfl=
cfn=(77)
calls=240 -3998 0
* * 240

ob=
fl=
fn=(80)
+453 0 0
cfl=
cfn=(271)
calls=110 -5204 0
* * 110

ob=
fl=
fn=(275) runtime.schedule
+362 0 0
cfl=
cfn=(272)
calls=30 -3807 0
* * 30
cfl=
cfn=(272)
calls=10 -3781 0
* * 10
+23 0 0
cfl=
cfn=(273)
calls=30 -3988 0
* * 30
cfl=
cfn=(273)
calls=10 -3712 0
* * 10
+15 0 0
cfl=
cfn=(79)
calls=240 -838 0
* * 240
cfl=
cfn=(79)
calls=10 -870 0
* * 10
+22 0 0
cfl=
cfn=(78)
calls=1390 -1577 0
* * 1390
cfl=
cfn=(78)
calls=1350 -2946 0
* * 1350
cfl=
cfn=(78)
calls=1150 -2887 0
* * 1150
cfl=
cfn=(78)
calls=620 -1819 0
* * 620
cfl=
cfn=(78)
calls=90 -2741 0
* * 90
cfl=
cfn=(78)
calls=30 -1541 0
* * 30
cfl=
cfn=(78)
calls=20 -2872 0
* * 20
cfl=
cfn=(78)
calls=20 -2712 0
* * 20
cfl=
cfn=(78)
calls=10 -3591 0
* * 10
cfl=
cfn=(78)
calls=10 -3575 0
* * 10
cfl=
cfn=(78)
calls=10 -3495 0
* * 10
cfl=
cfn=(78)
calls=10 -2881 0
* * 10
cfl=
cfn=(78)
calls=10 -1775 0
* * 10
cfl=
cfn=(78)
calls=10 -1423 0
* * 10

ob=
fl=
fn=(81)
+767 0 0
cfl=
cfn=(275)
calls=3050 * 0
* * 3050
cfl=
cfn=(275)
calls=180 -22 0
* * 180
cfl=
cfn=(275)
calls=10 -60 0
* * 10
cfl=
cfn=(275)
calls=10 -37 0
* * 10

ob=
fl=
fn=(276) runtime.goschedImpl
+451 0 0
cfl=
cfn=(18)
calls=10 -14755 0
* * 10
+168 0 0
cfl=
cfn=(275)
calls=40 -1218 0
* * 40
cfl=
cfn=(275)
calls=30 -1278 0
* * 30
cfl=
cfn=(275)
calls=30 -1255 0
* * 30

ob=
fl=
fn=(277) runtime.gosched_m
+144 0 0
cfl=
cfn=(276)
calls=70 * 0
* * 70
cfl=
cfn=(276)
calls=10 -168 0
* * 10

ob=
fl=
fn=(278) runtime.gopreempt_m
+80 0 0
cfl=
cfn=(276)
calls=30 -144 0
* * 30

ob=
fl=
fn=(279) runtime.goexit0
+674 0 0
cfl=
cfn=(275)
calls=1640 -1610 0
* * 1640
cfl=
cfn=(275)
calls=70 -1632 0
* * 70

ob=
fl=
fn=(280) runtime.reentersyscall
+671 0 0
cfl=
cfn=(18)
calls=10 -16272 0
* * 10
cfl=
cfn=(18)
calls=10 -15698 0
* * 10
+361 0 0
cfl=
cfn=(34)
calls=560 +143858 0
* * 560

ob=
fl=
fn=(281) runtime.entersyscall
+148 0 0
cfl=
cfn=(280)
calls=560 * 0
* * 560
cfl=
cfn=(280)
calls=20 -361 0
* * 20

ob=
fl=
fn=(282) runtime.entersyscall_sysmon
+120 0 0
cfl=
cfn=(207)
calls=560 -148676 0
* * 560

ob=
fl=
fn=(283) runtime.newproc
+3023 0 0
cfl=
cfn=(34)
calls=470 +143229 0
* * 470

ob=
fl=
fn=(82)
+169 0 0
cfl=
cfn=(83)
calls=10 +2147 0
* * 10
cfl=
cfn=(83)
calls=10 +2555 0
* * 10
+642 0 0
cfl=
cfn=(77)
calls=430 -11852 0
* * 430

ob=
fl=
fn=(284) runtime._System
+2731 0 0
cfl=
cfn=(34)
calls=20 +139385 0
* * 20
cfl=
cfn=(98)
calls=10 +139042 0
* * 10

ob=
fl=
fn=(84)
+7106 0 0
cfl=
cfn=(3)
calls=1690 +152550 0
* * 1690
+44 0 0
cfl=
cfn=(15)
calls=10 -163295 0
* * 10
+118 0 0
cfl=
cfn=(212)
calls=460 -161594 0
* * 460
+16 0 0
cfl=
cfn=(15)
calls=10 -163131 0
* * 10
cfl=
cfn=(15)
calls=10 -163062 0
* * 10
+165 0 0
cfl=
cfn=(85)
calls=10 +1326 0
* * 10

ob=
fl=
fn=(285) runtime.runqgrab
+6367 0 0
cfl=
cfn=(3)
calls=610 +145101 0
* * 610
+40 0 0
cfl=
cfn=(89)
calls=10 +8636 0
* * 10

ob=
fl=
fn=(274)
+182 0 0
cfl=
cfn=(285)
calls=610 -40 0
* * 610
cfl=
cfn=(285)
calls=10 * 0
* * 10

ob=
fl=
fn=(88)
+7772 0 0
cfl=
cfn=(96)
calls=30 +101244 0
* * 30
cfl=
cfn=(96)
calls=10 +101240 0
* * 10

ob=
fl=
fn=(90)
+27240 0 0
cfl=
cfn=(11)
calls=100 -170444 0
* * 100
cfl=
cfn=(11)
calls=80 -170012 0
* * 80
cfl=
cfn=(11)
calls=40 -171362 0
* * 40
cfl=
cfn=(11)
calls=30 -171055 0
* * 30
cfl=
cfn=(11)
calls=20 -171719 0
* * 20
cfl=
cfn=(11)
calls=20 -170654 0
* * 20
cfl=
cfn=(11)
calls=20 -170505 0
* * 20
cfl=
cfn=(11)
calls=10 -171395 0
* * 10
cfl=
cfn=(11)
calls=10 -171054 0
* * 10

ob=
fl=
fn=(286) runtime.newstack
+10603 0 0
cfl=
cfn=(36)
calls=20 +99980 0
* * 20
+522 0 0
cfl=
cfn=(278)
calls=30 -68192 0
* * 30

ob=
fl=
fn=(91)
+4041 0 0
cfl=
cfn=(287) runtime.rawstringtmp
calls=10 +5304 0
* * 10
+126 0 0
cfl=
cfn=(14)
calls=10 +86115 0
* * 10

ob=
fl=
fn=(288) runtime.concatstring2
+400 0 0
cfl=
cfn=(91)
calls=10 -284 0
* * 10
cfl=
cfn=(91)
calls=10 -126 0
* * 10
cfl=
cfn=(91)
calls=10 * 0
* * 10

ob=
fl=
fn=(289) runtime.slicebytetostring
+471 0 0
cfl=
cfn=(287)
calls=150 +737 0
* * 150
+64 0 0
cfl=
cfn=(14)
calls=10 +84555 0
* * 10
cfl=
cfn=(14)
calls=10 +84565 0
* * 10
cfl=
cfn=(14)
calls=10 +86221 0
* * 10
cfl=
cfn=(14)
calls=10 +86255 0
* * 10

ob=
fl=
fn=(287)
+202 0 0
cfl=
cfn=(290) runtime.rawstring
calls=160 +1783 0
* * 160

ob=
fl=
fn=(290)
+1581 0 0
cfl=
cfn=(11)
calls=60 -213681 0
* * 60
cfl=
cfn=(11)
calls=20 -215388 0
* * 20
cfl=
cfn=(11)
calls=20 -214323 0
* * 20
cfl=
cfn=(11)
calls=20 -214113 0
* * 20
cfl=
cfn=(11)
calls=10 -215031 0
* * 10
cfl=
cfn=(11)
calls=10 -214945 0
* * 10
cfl=
cfn=(11)
calls=10 -214235 0
* * 10
cfl=
cfn=(11)
calls=10 -214203 0
* * 10

ob=
fl=
fn=(93)
+9140 0 0
cfl=
cfn=(36)
calls=10 +81868 0
* * 10
cfl=
cfn=(36)
calls=10 +81952 0
* * 10
+250 0 0
cfl=
cfn=(94)
calls=10 +3114 0
* * 10
cfl=
cfn=(94)
calls=10 +3152 0
* * 10
cfl=
cfn=(94)
calls=10 +3186 0
* * 10

ob=
fl=
fn=(291) runtime.funcspdelta
+2044 0 0
cfl=
cfn=(93)
calls=30 * 0
* * 30
cfl=
cfn=(93)
calls=20 -250 0
* * 20
cfl=
cfn=(93)
calls=10 -175 0
* * 10
cfl=
cfn=(93)
calls=10 +26 0
* * 10
cfl=
cfn=(93)
calls=10 +65 0
* * 10

ob=
fl=
fn=(243)
+474 0 0
cfl=
cfn=(93)
calls=10 -1930 0
* * 10
cfl=
cfn=(93)
calls=10 -1922 0
* * 10

ob=
fl=
fn=(94)
+346 0 0
cfl=
cfn=(32)
calls=10 +671 0
* * 10
+72 0 0
cfl=
cfn=(32)
calls=10 +325 0
* * 10

ob=
fl=
fn=(33)
+20763 0 0
cfl=
cfn=(92)
calls=10 -3674 0
* * 10
+3707 0 0
cfl=
cfn=(292) runtime.scanstack.func1
calls=80 +27832 0
* * 80
+527 0 0
cfl=
cfn=(92)
calls=10 -27836 0
* * 10
cfl=
cfn=(92)
calls=10 -27831 0
* * 10
+930 0 0
cfl=
cfn=(291)
calls=80 -25889 0
* * 80

ob=
fl=
fn=(259)
+3993 0 0
cfl=
cfn=(34)
calls=30 +31351 0
* * 30

ob=
fl=
fn=(96)
+5976 0 0
cfl=
cfn=(95)
calls=10 +5030 0
* * 10
cfl=
cfn=(95)
calls=10 +5067 0
* * 10
cfl=
cfn=(95)
calls=10 +5215 0
* * 10

ob=
fl=
fn=(293) runtime.(*mcache).nextFree.func1
+9007 0 0
cfl=
cfn=(227)
calls=110 -248115 0
* * 110

ob=
fl=
fn=(294) runtime.persistentalloc.func1
+195 0 0
cfl=
cfn=(56)
calls=10 -270316 0
* * 10

ob=
fl=
fn=(295) runtime.writebarrierptr_prewrite1.func1
+175 0 0
cfl=
cfn=(57)
calls=30 -270059 0
* * 30
cfl=
cfn=(57)
calls=10 -270209 0
* * 10
cfl=
cfn=(57)
calls=10 -270173 0
* * 10
cfl=
cfn=(57)
calls=10 -270116 0
* * 10

ob=
fl=
fn=(296) runtime.gcMarkDone.func1
+1929 0 0
cfl=
cfn=(268)
calls=20 -144323 0
* * 20

ob=
fl=
fn=(297) runtime.gcMarkTermination.func1
+64 0 0
cfl=
cfn=(63)
calls=10 -239737 0
* * 10
cfl=
cfn=(63)
calls=10 -238891 0
* * 10

ob=
fl=
fn=(298) runtime.gcBgMarkWorker.func2
+633 0 0
cfl=
cfn=(65)
calls=160 -225454 0
* * 160
cfl=
cfn=(65)
calls=50 -224961 0
* * 50
cfl=
cfn=(65)
calls=50 -224911 0
* * 50
cfl=
cfn=(65)
calls=30 -225314 0
* * 30
cfl=
cfn=(65)
calls=20 -225647 0
* * 20
cfl=
cfn=(65)
calls=10 -225090 0
* * 10
+116 0 0
cfl=
cfn=(65)
calls=360 -226087 0
* * 360
cfl=
cfn=(65)
calls=20 -226280 0
* * 20
cfl=
cfn=(65)
calls=10 -226064 0
* * 10
cfl=
cfn=(65)
calls=10 -225723 0
* * 10

ob=
fl=
fn=(299) runtime.markroot.func1
+163 0 0
cfl=
cfn=(264)
calls=230 -150417 0
* * 230
cfl=
cfn=(264)
calls=30 -150689 0
* * 30

ob=
fl=
fn=(300) runtime.gcAssistAlloc.func1
+278 0 0
cfl=
cfn=(241)
calls=240 -232566 0
* * 240
cfl=
cfn=(241)
calls=10 -232512 0
* * 10

ob=
fl=
fn=(292)
+139 0 0
cfl=
cfn=(64)
calls=30 -228315 0
* * 30
cfl=
cfn=(64)
calls=20 -229220 0
* * 20
cfl=
cfn=(64)
calls=10 -229095 0
* * 10
cfl=
cfn=(64)
calls=10 -229046 0
* * 10
cfl=
cfn=(64)
calls=10 -228411 0
* * 10

ob=
fl=
fn=(301) runtime.gosweepone.func1
+237 0 0
cfl=
cfn=(67)
calls=50 -219473 0
* * 50
cfl=
cfn=(67)
calls=10 -219507 0
* * 10

ob=
fl=
fn=(302) runtime.(*mheap).alloc.func1
+112 0 0
cfl=
cfn=(252)
calls=20 -207881 0
* * 20

ob=
fl=
fn=(303) runtime.(*mheap).freeSpan.func1
+394 0 0
cfl=
cfn=(254)
calls=10 -203417 0
* * 10

ob=
fl=
fn=(97)
+1294 0 0
cfl=
cfn=(261)
calls=1370 -175642 0
* * 1370
cfl=
cfn=(261)
calls=500 -175492 0
* * 500

ob=
fl=
fn=(304) runtime.newdefer.func2
+908 0 0
cfl=
cfn=(11)
calls=10 -278713 0
* * 10

ob=
fl=
fn=(305) runtime.goready.func1
+1113 0 0
cfl=
cfn=(263)
calls=530 -156986 0
* * 530
cfl=
cfn=(263)
calls=10 -157077 0
* * 10

ob=
fl=
fn=(306) runtime.newproc.func1
+1913 0 0
cfl=
cfn=(82)
calls=430 -134770 0
* * 430
cfl=
cfn=(82)
calls=20 -135412 0
* * 20
cfl=
cfn=(82)
calls=10 -134727 0
* * 10
cfl=
cfn=(82)
calls=10 -134637 0
* * 10

ob=
fl=
fn=(307) runtime.callers.func1
+751 0 0
cfl=
cfn=(33)
calls=10 -33803 0
* * 10
cfl=
cfn=(33)
calls=10 -33581 0
* * 10
cfl=
cfn=(33)
calls=10 -28639 0
* * 10

ob=
fl=
fn=(308) runtime.mcall
+1803 0 0
cfl=
cfn=(81)
calls=3250 -144085 0
* * 3250
cfl=
cfn=(279)
calls=1710 -142568 0
* * 1710
cfl=
cfn=(277)
calls=80 -143322 0
* * 80
cfl=
cfn=(81)
calls=10 -144074 0
* * 10

ob=
fl=
fn=(34)
+158 0 0
cfl=
cfn=(282)
calls=560 -143071 0
* * 560
cfl=
cfn=(305)
calls=540 -4467 0
* * 540
cfl=
cfn=(306)
calls=470 -2554 0
* * 470
cfl=
cfn=(298)
calls=400 -9105 0
* * 400
cfl=
cfn=(298)
calls=320 -9221 0
* * 320
cfl=
cfn=(300)
calls=250 -8664 0
* * 250
cfl=
cfn=(293)
calls=110 -12217 0
* * 110
cfl=
cfn=(301)
calls=60 -8288 0
* * 60
cfl=
cfn=(295)
calls=50 -11847 0
* * 50
cfl=
cfn=(265)
calls=30 -157545 0
* * 30
cfl=
cfn=(307)
calls=30 -1803 0
* * 30
cfl=
cfn=(265)
calls=20 -158001 0
* * 20
cfl=
cfn=(296)
calls=20 -9918 0
* * 20
cfl=
cfn=(297)
calls=20 -9854 0
* * 20
cfl=
cfn=(294)
calls=10 -12022 0
* * 10
cfl=
cfn=(304)
calls=10 -5580 0
* * 10
+50 0 0
cfl=
cfn=(97)
calls=1870 -6646 0
* * 1870
cfl=
cfn=(299)
calls=260 -9100 0
* * 260
cfl=
cfn=(302)
calls=20 -8334 0
* * 20
cfl=
cfn=(295)
calls=10 -12005 0
* * 10
cfl=
cfn=(303)
calls=10 -7940 0
* * 10
cfl=
cfn=(97)
calls=10 -6641 0
* * 10

ob=
fl=
fn=(309) runtime.morestack
+139 0 0
cfl=
cfn=(286)
calls=30 -76539 0
* * 30
cfl=
cfn=(286)
calls=20 -77061 0
* * 20

ob=
fl=
fn=(310) runtime.goexit
+10875 0 0
cfl=
cfn=(311) github.com/nd-r/tech-db-forum/vendor/github.com/valyala/fasthttp.(*workerPool).getCh.func1
calls=13570 +3225759 0
* * 13570
cfl=
cfn=(235)
calls=900 -251546 0
* * 900
cfl=
cfn=(235)
calls=140 -251283 0
* * 140
cfl=
cfn=(312) database/sql.(*Rows).awaitDone
calls=110 +587782 0
* * 110
cfl=
cfn=(246)
calls=70 -228955 0
* * 70
cfl=
cfn=(235)
calls=10 -251526 0
* * 10
cfl=
cfn=(312)
calls=10 +587727 0
* * 10
cfl=
cfn=(312)
calls=10 +587762 0
* * 10

ob=
fl=
fn=(236)
+4356 0 0
cfl=
cfn=(22)
calls=30 +4310 0
* * 30
cfl=
cfn=(22)
calls=10 +4204 0
* * 10

ob=
fl=
fn=(313) sync.(*Pool).Put
+20360 0 0
cfl=
cfn=(104)
calls=10 +21675 0
* * 10
cfl=
cfn=(104)
calls=10 +21678 0
* * 10

ob=
fl=
fn=(103)
+498 0 0
cfl=
cfn=(104)
calls=40 +1373 0
* * 40
+272 0 0
cfl=
cfn=(314) sync.(*Pool).getSlow
calls=10 +555 0
* * 10
cfl=
cfn=(314)
calls=10 +707 0
* * 10

ob=
fl=
fn=(314)
+283 0 0
cfl=
cfn=(102)
calls=10 -1629 0
* * 10
+152 0 0
cfl=
cfn=(23)
calls=10 -1514 0
* * 10

ob=
fl=
fn=(104)
+168 0 0
cfl=
cfn=(315) sync.(*Pool).pinSlow
calls=40 +456 0
* * 40

ob=
fl=
fn=(315)
+288 0 0
cfl=
cfn=(90)
calls=20 -124767 0
* * 20
cfl=
cfn=(90)
calls=10 -124848 0
* * 10
cfl=
cfn=(90)
calls=10 -124741 0
* * 10

ob=
fl=
fn=(316) sync.(*rlocker).Lock
+1953 0 0
cfl=
cfn=(106)
calls=10 +1353 0
* * 10

ob=
fl=
fn=(317) io.ReadAtLeast
+2126 0 0
cfl=
cfn=(154)
calls=4370 +603943 0
* * 4370
cfl=
cfn=(154)
calls=10 +603508 0
* * 10
cfl=
cfn=(154)
calls=10 +604189 0
* * 10

ob=
fl=
fn=(107)
+367 0 0
cfl=
cfn=(317)
calls=4390 * 0
* * 4390

ob=
fl=
fn=(111)
+60332 0 0
cfl=
cfn=(110)
calls=10 +59957 0
* * 10
+201 0 0
cfl=
cfn=(109)
calls=10 -1544 0
* * 10

ob=
fl=
fn=(113)
+11910 0 0
cfl=
cfn=(112)
calls=10 +10624 0
* * 10
cfl=
cfn=(112)
calls=10 +10731 0
* * 10
cfl=
cfn=(112)
calls=10 +10771 0
* * 10
cfl=
cfn=(112)
calls=10 +10843 0
* * 10

ob=
fl=
fn=(114)
+1592 0 0
cfl=
cfn=(113)
calls=10 * 0
* * 10
cfl=
cfn=(113)
calls=10 +11 0
* * 10

ob=
fl=
fn=(318) strconv.FormatInt
+18724 0 0
cfl=
cfn=(115)
calls=30 +19863 0
* * 30
cfl=
cfn=(115)
calls=10 +19306 0
* * 10
cfl=
cfn=(115)
calls=10 +19443 0
* * 10

ob=
fl=
fn=(319) strconv.AppendInt
+253 0 0
cfl=
cfn=(115)
calls=10 +582 0
* * 10
cfl=
cfn=(115)
calls=10 +903 0
* * 10

ob=
fl=
fn=(115)
+329 0 0
cfl=
cfn=(101)
calls=10 -123422 0
* * 10
cfl=
cfn=(101)
calls=10 -123415 0
* * 10
+321 0 0
cfl=
cfn=(14)
calls=10 -120437 0
* * 10
+236 0 0
cfl=
cfn=(289)
calls=20 -207000 0
* * 20
cfl=
cfn=(289)
calls=10 -206936 0
* * 10

ob=
fl=
fn=(320) syscall.Read
+31015 0 0
cfl=
cfn=(321) syscall.read
calls=4320 +42563 0
* * 4320

ob=
fl=
fn=(322) syscall.Write
+128 0 0
cfl=
cfn=(116)
calls=3130 +13724 0
* * 3130
cfl=
cfn=(116)
calls=10 +13640 0
* * 10

ob=
fl=
fn=(321)
+11420 0 0
cfl=
cfn=(1)
calls=3750 +15346 0
* * 3750
cfl=
cfn=(1)
calls=570 +15308 0
* * 570

ob=
fl=
fn=(116)
+2176 0 0
cfl=
cfn=(1)
calls=3110 +3926 0
* * 3110
cfl=
cfn=(1)
calls=10 +3884 0
* * 10
cfl=
cfn=(1)
calls=10 +3888 0
* * 10

ob=
fl=
fn=(1)
+1712 0 0
cfl=
cfn=(281)
calls=580 -323873 0
* * 580

ob=
fl=
fn=(117)
+2188 0 0
cfl=
cfn=(20)
calls=10 -173367 0
* * 10
+179 0 0
cfl=
cfn=(35)
calls=20 -175739 0
* * 20

ob=
fl=
fn=(119)
+5402 0 0
cfl=
cfn=(14)
calls=10 -169788 0
* * 10

ob=
fl=
fn=(323) time.Time.Format
+618 0 0
cfl=
cfn=(120)
calls=100 +1064 0
* * 100
cfl=
cfn=(120)
calls=20 +4644 0
* * 20
cfl=
cfn=(120)
calls=20 +6622 0
* * 20
cfl=
cfn=(120)
calls=20 +8595 0
* * 20
cfl=
cfn=(120)
calls=10 +787 0
* * 10
cfl=
cfn=(120)
calls=10 +877 0
* * 10
cfl=
cfn=(120)
calls=10 +1406 0
* * 10
cfl=
cfn=(120)
calls=10 +4736 0
* * 10
cfl=
cfn=(120)
calls=10 +5240 0
* * 10
cfl=
cfn=(120)
calls=10 +6379 0
* * 10
cfl=
cfn=(120)
calls=10 +8741 0
* * 10
cfl=
cfn=(120)
calls=10 +9389 0
* * 10
+43 0 0
cfl=
cfn=(289)
calls=20 -262074 0
* * 20

ob=
fl=
fn=(120)
+216 0 0
cfl=
cfn=(121)
calls=10 +29594 0
* * 10
+187 0 0
cfl=
cfn=(117)
calls=20 -6279 0
* * 20
cfl=
cfn=(117)
calls=10 -7140 0
* * 10
cfl=
cfn=(117)
calls=10 -7092 0
* * 10
cfl=
cfn=(117)
calls=10 -6816 0
* * 10
cfl=
cfn=(117)
calls=10 -6458 0
* * 10
cfl=
cfn=(117)
calls=10 -6433 0
* * 10
cfl=
cfn=(117)
calls=10 -5834 0
* * 10
cfl=
cfn=(117)
calls=10 -5157 0
* * 10
cfl=
cfn=(117)
calls=10 -4204 0
* * 10
+3580 0 0
cfl=
cfn=(119)
calls=10 -1292 0
* * 10
cfl=
cfn=(119)
calls=10 -1064 0
* * 10
+596 0 0
cfl=
cfn=(118)
calls=10 -5517 0
* * 10
+1382 0 0
cfl=
cfn=(118)
calls=10 -6465 0
* * 10
cfl=
cfn=(118)
calls=10 -5892 0
* * 10
+1973 0 0
cfl=
cfn=(118)
calls=10 -7824 0
* * 10
cfl=
cfn=(118)
calls=10 -7749 0
* * 10
+146 0 0
cfl=
cfn=(118)
calls=10 -9803 0
* * 10
+648 0 0
cfl=
cfn=(14)
calls=10 -185656 0
* * 10

ob=
fl=
fn=(122)
+32485 0 0
cfl=
cfn=(123)
calls=10 +34627 0
* * 10
cfl=
cfn=(123)
calls=10 +35081 0
* * 10

ob=
fl=
fn=(324) reflect.(*rtype).nameOff
+69235 0 0
cfl=
cfn=(87)
calls=10 -346839 0
* * 10
cfl=
cfn=(87)
calls=10 -346817 0
* * 10

ob=
fl=
fn=(325) reflect.(*rtype).typeOff
+80 0 0
cfl=
cfn=(88)
calls=40 -415968 0
* * 40
cfl=
cfn=(88)
calls=10 -415957 0
* * 10

ob=
fl=
fn=(124)
+355 0 0
cfl=
cfn=(324)
calls=20 -80 0
* * 20

ob=
fl=
fn=(326) reflect.(*rtype).Name
+5378 0 0
cfl=
cfn=(124)
calls=20 * 0
* * 20
cfl=
cfn=(124)
calls=10 +38 0
* * 10

ob=
fl=
fn=(327) reflect.PtrTo
+11277 0 0
cfl=
cfn=(127)
calls=10 +12710 0
* * 10

ob=
fl=
fn=(127)
+157 0 0
cfl=
cfn=(106)
calls=10 -279416 0
* * 10
+1276 0 0
cfl=
cfn=(325)
calls=50 -17167 0
* * 50

ob=
fl=
fn=(328) reflect.(*rtype).AssignableTo
+539 0 0
cfl=
cfn=(329) reflect.directlyAssignable
calls=30 +2507 0
* * 30

ob=
fl=
fn=(329)
+1968 0 0
cfl=
cfn=(326)
calls=30 -13249 0
* * 30

ob=
fl=
fn=(24)
+16484 0 0
cfl=
cfn=(55)
calls=10 -606446 0
* * 10

ob=
fl=
fn=(330) reflect.Value.Addr
+1903 0 0
cfl=
cfn=(127)
calls=20 -18991 0
* * 20
cfl=
cfn=(127)
calls=10 -20267 0
* * 10

ob=
fl=
fn=(331) reflect.Value.Interface
+13352 0 0
cfl=
cfn=(130)
calls=50 +13640 0
* * 50
cfl=
cfn=(130)
calls=10 +13667 0
* * 10

ob=
fl=
fn=(130)
+288 0 0
cfl=
cfn=(24)
calls=30 -15335 0
* * 30
cfl=
cfn=(24)
calls=10 -15353 0
* * 10
cfl=
cfn=(24)
calls=10 -15255 0
* * 10

ob=
fl=
fn=(132)
+7212 0 0
cfl=
cfn=(128)
calls=10 -14627 0
* * 10
cfl=
cfn=(128)
calls=10 -14608 0
* * 10
+100 0 0
cfl=
cfn=(138)
calls=10 +11769 0
* * 10
+94 0 0
cfl=
cfn=(224)
calls=10 -642805 0
* * 10

ob=
fl=
fn=(332) reflect.Value.Slice
+3418 0 0
cfl=
cfn=(12)
calls=50 -645962 0
* * 50

ob=
fl=
fn=(333) reflect.grow
+4228 0 0
cfl=
cfn=(334) reflect.MakeSlice
calls=20 +6259 0
* * 20
cfl=
cfn=(334)
calls=10 +6095 0
* * 10
cfl=
cfn=(334)
calls=10 +6169 0
* * 10
+272 0 0
cfl=
cfn=(332)
calls=50 -4228 0
* * 50

ob=
fl=
fn=(335) reflect.Append
+285 0 0
cfl=
cfn=(333)
calls=50 * 0
* * 50
cfl=
cfn=(333)
calls=40 -272 0
* * 40

ob=
fl=
fn=(334)
+1310 0 0
cfl=
cfn=(125)
calls=10 -67703 0
* * 10
+74 0 0
cfl=
cfn=(12)
calls=10 -655493 0
* * 10
+90 0 0
cfl=
cfn=(219)
calls=20 -655136 0
* * 20

ob=
fl=
fn=(135)
+916 0 0
cfl=
cfn=(129)
calls=10 -21241 0
* * 10

ob=
fl=
fn=(137)
+752 0 0
cfl=
cfn=(55)
calls=10 -656499 0
* * 10
cfl=
cfn=(55)
calls=10 -656472 0
* * 10
+47 0 0
cfl=
cfn=(127)
calls=20 -53285 0
* * 20
cfl=
cfn=(127)
calls=10 -53293 0
* * 10
cfl=
cfn=(127)
calls=10 -53279 0
* * 10

ob=
fl=
fn=(336) context.WithCancel
+116701 0 0
cfl=
cfn=(12)
calls=10 -657354 0
* * 10
+75 0 0
cfl=
cfn=(47)
calls=10 -825087 0
* * 10
+268 0 0
cfl=
cfn=(12)
calls=10 -774148 0
* * 10

ob=
fl=
fn=(337) context.(*cancelCtx).Err
+1311 0 0
cfl=
cfn=(262)
calls=20 -671221 0
* * 20
+33 0 0
cfl=
cfn=(17)
calls=90 -670024 0
* * 90

ob=
fl=
fn=(140)
+386 0 0
cfl=
cfn=(199)
calls=540 -822327 0
* * 540
cfl=
cfn=(199)
calls=10 -822916 0
* * 10
cfl=
cfn=(199)
calls=10 -822860 0
* * 10

ob=
fl=
fn=(141)
+3727 0 0
cfl=
cfn=(140)
calls=560 * 0
* * 560
cfl=
cfn=(140)
calls=10 +18 0
* * 10

ob=
fl=
fn=(338) database/sql/driver.boolType.ConvertValue
+8230 0 0
cfl=
cfn=(204)
calls=10 -790680 0
* * 10

ob=
fl=
fn=(339) database/sql/driver.defaultConverter.ConvertValue
+874 0 0
cfl=
cfn=(205)
calls=10 -797306 0
* * 10
+1623 0 0
cfl=
cfn=(331)
calls=10 -150691 0
* * 10

ob=
fl=
fn=(340) database/sql.driverArgs
+16499 0 0
cfl=
cfn=(339)
calls=10 -1623 0
* * 10
cfl=
cfn=(339)
calls=10 * 0
* * 10

ob=
fl=
fn=(142)
+4336 0 0
cfl=
cfn=(131)
calls=10 -168096 0
* * 10
cfl=
cfn=(131)
calls=10 -168000 0
* * 10
+104 0 0
cfl=
cfn=(135)
calls=10 -154890 0
* * 10
cfl=
cfn=(135)
calls=10 -154862 0
* * 10
+1076 0 0
cfl=
cfn=(341) database/sql.asString
calls=50 +8613 0
* * 50
cfl=
cfn=(341)
calls=10 +8398 0
* * 10
+135 0 0
cfl=
cfn=(113)
calls=30 -413882 0
* * 30
+506 0 0
cfl=
cfn=(133)
calls=10 -165492 0
* * 10
+120 0 0
cfl=
cfn=(126)
calls=10 -221425 0
* * 10
+24 0 0
cfl=
cfn=(137)
calls=20 -156051 0
* * 20
cfl=
cfn=(137)
calls=10 -156004 0
* * 10
+70 0 0
cfl=
cfn=(132)
calls=10 -167618 0
* * 10
cfl=
cfn=(132)
calls=10 -167614 0
* * 10
cfl=
cfn=(132)
calls=10 -167514 0
* * 10
+40 0 0
cfl=
cfn=(331)
calls=20 -175184 0
* * 20
+50 0 0
cfl=
cfn=(142)
calls=260 +4770 0
* * 260
cfl=
cfn=(142)
calls=60 -895 0
* * 60
cfl=
cfn=(142)
calls=30 -760 0
* * 30
cfl=
cfn=(142)
calls=30 +1511 0
* * 30
cfl=
cfn=(142)
calls=20 -2075 0
* * 20
cfl=
cfn=(142)
calls=10 -1879 0
* * 10
cfl=
cfn=(142)
calls=10 -254 0
* * 10
cfl=
cfn=(142)
calls=10 +1365 0
* * 10
cfl=
cfn=(142)
calls=10 +1465 0
* * 10
cfl=
cfn=(142)
calls=10 +3011 0
* * 10
+1349 0 0
cfl=
cfn=(134)
calls=10 -161908 0
* * 10
+66 0 0
cfl=
cfn=(134)
calls=10 -163228 0
* * 10
+46 0 0
cfl=
cfn=(328)
calls=30 -210396 0
* * 30
+1500 0 0
cfl=
cfn=(338)
calls=10 -26918 0
* * 10
+1759 0 0
cfl=
cfn=(323)
calls=240 -341495 0
* * 240
cfl=
cfn=(323)
calls=20 -341452 0
* * 20

ob=
fl=
fn=(341)
+1657 0 0
cfl=
cfn=(136)
calls=10 -161503 0
* * 10
+215 0 0
cfl=
cfn=(318)
calls=50 -400888 0
* * 50

ob=
fl=
fn=(342) database/sql.ctxDriverQuery
+4543 0 0
cfl=
cfn=(169)
calls=3560 +1252873 0
* * 3560
cfl=
cfn=(169)
calls=10 +1252879 0
* * 10

ob=
fl=
fn=(343) database/sql.ctxDriverBegin
+1561 0 0
cfl=
cfn=(170)
calls=1260 +1249425 0
* * 1260
cfl=
cfn=(170)
calls=10 +1249268 0
* * 10
cfl=
cfn=(170)
calls=10 +1249498 0
* * 10

ob=
fl=
fn=(344) database/sql.(*DB).putConn
+17399 0 0
cfl=
cfn=(23)
calls=10 -506534 0
* * 10

ob=
fl=
fn=(144)
+8269 0 0
cfl=
cfn=(340)
calls=20 -36556 0
* * 20
+311 0 0
cfl=
cfn=(345) database/sql.withLock
calls=3570 +27787 0
* * 3570
cfl=
cfn=(345)
calls=10 +27735 0
* * 10
+73 0 0
cfl=
cfn=(12)
calls=20 -852217 0
* * 20
+140 0 0
cfl=
cfn=(346) database/sql.(*Rows).initContextClose
calls=320 +19896 0
* * 320
cfl=
cfn=(346)
calls=20 +19807 0
* * 20

ob=
fl=
fn=(347) database/sql.(*DB).BeginTx
+1002 0 0
cfl=
cfn=(348) database/sql.(*DB).begin
calls=1290 +1881 0
* * 1290
cfl=
cfn=(348)
calls=150 +2174 0
* * 150
cfl=
cfn=(348)
calls=10 +1684 0
* * 10
cfl=
cfn=(348)
calls=10 +1928 0
* * 10

ob=
fl=
fn=(349) database/sql.(*DB).Begin
+492 0 0
cfl=
cfn=(347)
calls=1460 * 0
* * 1460

ob=
fl=
fn=(348)
+190 0 0
cfl=
cfn=(143)
calls=10 -11674 0
* * 10
+197 0 0
cfl=
cfn=(345)
calls=1280 +25579 0
* * 1280
cfl=
cfn=(345)
calls=10 +25580 0
* * 10
+47 0 0
cfl=
cfn=(336)
calls=10 -80256 0
* * 10
+246 0 0
cfl=
cfn=(283)
calls=150 -710179 0
* * 150

ob=
fl=
fn=(350) database/sql.(*Tx).close
+661 0 0
cfl=
cfn=(344)
calls=10 -10967 0
* * 10
+14 0 0
cfl=
cfn=(141)
calls=180 -75410 0
* * 180

ob=
fl=
fn=(351) database/sql.(*Tx).Commit
+776 0 0
cfl=
cfn=(38)
calls=10 -79693 0
* * 10
+142 0 0
cfl=
cfn=(345)
calls=1390 +23638 0
* * 1390
+70 0 0
cfl=
cfn=(350)
calls=180 -918 0
* * 180
cfl=
cfn=(350)
calls=10 -932 0
* * 10

ob=
fl=
fn=(352) database/sql.(*Tx).QueryContext
+6413 0 0
cfl=
cfn=(144)
calls=3580 -4050 0
* * 3580
cfl=
cfn=(144)
calls=340 -3837 0
* * 340
cfl=
cfn=(144)
calls=20 -4361 0
* * 20
cfl=
cfn=(144)
calls=20 -3977 0
* * 20
cfl=
cfn=(144)
calls=10 -5589 0
* * 10
+40 0 0
cfl=
cfn=(19)
calls=10 -572228 0
* * 10

ob=
fl=
fn=(353) database/sql.(*Tx).Query
+186 0 0
cfl=
cfn=(352)
calls=3970 -40 0
* * 3970
cfl=
cfn=(352)
calls=10 * 0
* * 10

ob=
fl=
fn=(346)
+9191 0 0
cfl=
cfn=(336)
calls=10 -88776 0
* * 10
cfl=
cfn=(336)
calls=10 -88508 0
* * 10
+89 0 0
cfl=
cfn=(283)
calls=320 -727918 0
* * 320

ob=
fl=
fn=(312)
+115 0 0
cfl=
cfn=(38)
calls=10 -96600 0
* * 10
+35 0 0
cfl=
cfn=(201)
calls=10 -918640 0
* * 10
+20 0 0
cfl=
cfn=(337)
calls=90 -96594 0
* * 90
cfl=
cfn=(337)
calls=20 -96627 0
* * 20

ob=
fl=
fn=(354) database/sql.(*Rows).Next
+199 0 0
cfl=
cfn=(345)
calls=1480 +7337 0
* * 1480
cfl=
cfn=(345)
calls=30 +7343 0
* * 30
cfl=
cfn=(345)
calls=10 +7285 0
* * 10
+42 0 0
cfl=
cfn=(147)
calls=360 +5226 0
* * 360

ob=
fl=
fn=(145)
+127 0 0
cfl=
cfn=(40)
calls=920 +1177408 0
* * 920
cfl=
cfn=(40)
calls=410 +1178506 0
* * 410
cfl=
cfn=(40)
calls=30 +1178238 0
* * 30
cfl=
cfn=(40)
calls=20 +1178614 0
* * 20
cfl=
cfn=(40)
calls=10 +1177436 0
* * 10
cfl=
cfn=(40)
calls=10 +1177489 0
* * 10
cfl=
cfn=(40)
calls=10 +1178233 0
* * 10
cfl=
cfn=(40)
calls=10 +1178438 0
* * 10
cfl=
cfn=(40)
calls=10 +1178522 0
* * 10
+178 0 0
cfl=
cfn=(52)
calls=10 -882651 0
* * 10
+169 0 0
cfl=
cfn=(90)
calls=10 -676131 0
* * 10

ob=
fl=
fn=(146)
+3891 0 0
cfl=
cfn=(142)
calls=450 -59529 0
* * 450
cfl=
cfn=(142)
calls=30 -59689 0
* * 30
cfl=
cfn=(142)
calls=30 -59619 0
* * 30
cfl=
cfn=(142)
calls=20 -61550 0
* * 20
cfl=
cfn=(142)
calls=20 -59579 0
* * 20
cfl=
cfn=(142)
calls=10 -62560 0
* * 10
cfl=
cfn=(142)
calls=10 -59713 0
* * 10
cfl=
cfn=(142)
calls=10 -58180 0
* * 10
cfl=
cfn=(142)
calls=10 -58179 0
* * 10
cfl=
cfn=(142)
calls=10 -58067 0
* * 10
cfl=
cfn=(142)
calls=10 -54674 0
* * 10
cfl=
cfn=(142)
calls=10 -54449 0
* * 10
cfl=
cfn=(142)
calls=10 -54102 0
* * 10

ob=
fl=
fn=(147)
+819 0 0
cfl=
cfn=(148)
calls=400 +1285 0
* * 400
cfl=
cfn=(148)
calls=60 +1113 0
* * 60
cfl=
cfn=(148)
calls=10 +1160 0
* * 10
cfl=
cfn=(148)
calls=10 +1226 0
* * 10
cfl=
cfn=(148)
calls=10 +1254 0
* * 10

ob=
fl=
fn=(148)
+294 0 0
cfl=
cfn=(355) github.com/nd-r/tech-db-forum/vendor/github.com/lib/pq.(*rows).Close
calls=60 +1171532 0
* * 60
+113 0 0
cfl=
cfn=(149)
calls=10 +5934 0
* * 10
+28 0 0
cfl=
cfn=(17)
calls=10 -772445 0
* * 10
+31 0 0
cfl=
cfn=(141)
calls=390 -98361 0
* * 390
cfl=
cfn=(141)
calls=10 -98431 0
* * 10

ob=
fl=
fn=(345)
+1394 0 0
cfl=
cfn=(316)
calls=10 -554468 0
* * 10
cfl=
cfn=(151)
calls=10 +10407 0
* * 10
+52 0 0
cfl=
cfn=(356) database/sql.(*DB).queryConn.func1
calls=3570 +2248 0
* * 3570
cfl=
cfn=(150)
calls=1460 +4955 0
* * 1460
cfl=
cfn=(357) database/sql.(*Tx).Commit.func1
calls=1390 +3003 0
* * 1390
cfl=
cfn=(358) database/sql.(*DB).begin.func1
calls=1280 +2794 0
* * 1280
cfl=
cfn=(150)
calls=10 +4896 0
* * 10
cfl=
cfn=(150)
calls=10 +4961 0
* * 10
+1 0 0
cfl=
cfn=(23)
calls=10 -559989 0
* * 10
+5 0 0
cfl=
cfn=(17)
calls=10 -774149 0
* * 10
cfl=
cfn=(17)
calls=10 -774009 0
* * 10
cfl=
cfn=(17)
calls=10 -773975 0
* * 10

ob=
fl=
fn=(356)
+2190 0 0
cfl=
cfn=(342)
calls=3570 -55022 0
* * 3570

ob=
fl=
fn=(358)
+546 0 0
cfl=
cfn=(343)
calls=1280 -55651 0
* * 1280

ob=
fl=
fn=(357)
+209 0 0
cfl=
cfn=(359) github.com/nd-r/tech-db-forum/vendor/github.com/lib/pq.(*conn).Commit
calls=1390 +1136962 0
* * 1390

ob=
fl=
fn=(150)
+1952 0 0
cfl=
cfn=(145)
calls=1430 -9920 0
* * 1430
cfl=
cfn=(145)
calls=10 -9919 0
* * 10
cfl=
cfn=(145)
calls=10 -9742 0
* * 10
cfl=
cfn=(145)
calls=10 -9573 0
* * 10

ob=
fl=
fn=(360) strings.IndexRune
+26626 0 0
cfl=
cfn=(100)
calls=10 -589502 0
* * 10

ob=
fl=
fn=(361) strings.IndexAny
+410 0 0
cfl=
cfn=(153)
calls=10 +6743 0
* * 10

ob=
fl=
fn=(362) strings.Split
+1699 0 0
cfl=
cfn=(152)
calls=10 +633 0
* * 10

ob=
fl=
fn=(363) bufio.(*Reader).fill
+12316 0 0
cfl=
cfn=(364) net.(*conn).Read
calls=740 +234053 0
* * 740

ob=
fl=
fn=(365) bufio.(*Reader).Peek
+448 0 0
cfl=
cfn=(363)
calls=740 * 0
* * 740

ob=
fl=
fn=(154)
+1627 0 0
cfl=
cfn=(364)
calls=4360 +221289 0
* * 4360
cfl=
cfn=(159)
calls=10 +338369 0
* * 10

ob=
fl=
fn=(366) bufio.(*Writer).Flush
+5779 0 0
cfl=
cfn=(367) net.(*conn).Write
calls=980 +220398 0
* * 980
cfl=
cfn=(25)
calls=20 +336790 0
* * 20

ob=
fl=
fn=(368) bufio.(*Writer).Write
+650 0 0
cfl=
cfn=(366)
calls=500 * 0
* * 500
+128 0 0
cfl=
cfn=(367)
calls=100 +213969 0
* * 100

ob=
fl=
fn=(39)
+131507 0 0
cfl=
cfn=(155)
calls=10 +130616 0
* * 10

ob=
fl=
fn=(156)
+614 0 0
cfl=
cfn=(74)
calls=10 -972977 0
* * 10
cfl=
cfn=(74)
calls=10 -972968 0
* * 10

ob=
fl=
fn=(157)
+204 0 0
cfl=
cfn=(156)
calls=20 * 0
* * 20
cfl=
cfn=(156)
calls=10 +20 0
* * 10

ob=
fl=
fn=(369) net.(*netFD).Read
+6167 0 0
cfl=
cfn=(320)
calls=4320 -615419 0
* * 4320
+298 0 0
cfl=
cfn=(17)
calls=780 -967086 0
* * 780

ob=
fl=
fn=(158)
+2746 0 0
cfl=
cfn=(39)
calls=20 -7296 0
* * 20
cfl=
cfn=(39)
calls=10 -7283 0
* * 10
+53 0 0
cfl=
cfn=(262)
calls=10 -972638 0
* * 10
+33 0 0
cfl=
cfn=(157)
calls=30 -9264 0
* * 30
cfl=
cfn=(157)
calls=10 -9300 0
* * 10
+169 0 0
cfl=
cfn=(322)
calls=3140 -624588 0
* * 3140
+309 0 0
cfl=
cfn=(19)
calls=10 -785618 0
* * 10
+5 0 0
cfl=
cfn=(17)
calls=180 -970694 0
* * 180
cfl=
cfn=(17)
calls=10 -970834 0
* * 10

ob=
fl=
fn=(364)
+71000 0 0
cfl=
cfn=(369)
calls=4320 -3613 0
* * 4320
cfl=
cfn=(369)
calls=780 -3315 0
* * 780

ob=
fl=
fn=(367)
+736 0 0
cfl=
cfn=(158)
calls=3140 -71314 0
* * 3140
cfl=
cfn=(158)
calls=190 -71000 0
* * 190
cfl=
cfn=(158)
calls=40 -71483 0
* * 40
cfl=
cfn=(158)
calls=30 -71569 0
* * 30
cfl=
cfn=(158)
calls=10 -71516 0
* * 10
cfl=
cfn=(158)
calls=10 -71308 0
* * 10
cfl=
cfn=(158)
calls=10 -71005 0
* * 10
cfl=
cfn=(158)
calls=10 -70840 0
* * 10
cfl=
cfn=(158)
calls=10 -70730 0
* * 10

ob=
fl=
fn=(370) github.com/nd-r/tech-db-forum/vendor/github.com/lib/pq.(*readBuf).string
+857256 0 0
cfl=
cfn=(289)
calls=10 -935122 0
* * 10

ob=
fl=
fn=(371) github.com/nd-r/tech-db-forum/vendor/github.com/lib/pq.(*conn).begin
+12686 0 0
cfl=
cfn=(160)
calls=10 +12105 0
* * 10
+98 0 0
cfl=
cfn=(372) github.com/nd-r/tech-db-forum/vendor/github.com/lib/pq.(*conn).simpleExec
calls=720 +3198 0
* * 720
cfl=
cfn=(372)
calls=530 +3124 0
* * 530

ob=
fl=
fn=(359)
+1237 0 0
cfl=
cfn=(372)
calls=730 +3100 0
* * 730
cfl=
cfn=(372)
calls=650 +3026 0
* * 650
cfl=
cfn=(372)
calls=10 +3508 0
* * 10

ob=
fl=
fn=(372)
+1789 0 0
cfl=
cfn=(163)
calls=1170 +12274 0
* * 1170
cfl=
cfn=(163)
calls=10 +12280 0
* * 10
+74 0 0
cfl=
cfn=(373) github.com/nd-r/tech-db-forum/vendor/github.com/lib/pq.(*conn).recv1
calls=1410 +12651 0
* * 1410
cfl=
cfn=(373)
calls=40 +12567 0
* * 40
+408 0 0
cfl=
cfn=(166)
calls=10 +27882 0
* * 10

ob=
fl=
fn=(161)
+3782 0 0
cfl=
cfn=(12)
calls=10 -2021686 0
* * 10
+342 0 0
cfl=
cfn=(14)
calls=10 -1727446 0
* * 10
+106 0 0
cfl=
cfn=(288)
calls=20 -1813329 0
* * 20
+602 0 0
cfl=
cfn=(288)
calls=10 -1813435 0
* * 10
+362 0 0
cfl=
cfn=(163)
calls=690 +5171 0
* * 690
+17 0 0
cfl=
cfn=(374) github.com/nd-r/tech-db-forum/vendor/github.com/lib/pq.(*conn).readParseResponse
calls=1100 +32889 0
* * 1100
+17 0 0
cfl=
cfn=(375) github.com/nd-r/tech-db-forum/vendor/github.com/lib/pq.(*conn).readStatementDescribeResponse
calls=40 +33215 0
* * 40
cfl=
cfn=(375)
calls=10 +33437 0
* * 10
cfl=
cfn=(375)
calls=10 +33769 0
* * 10

ob=
fl=
fn=(162)
+3091 0 0
cfl=
cfn=(161)
calls=1100 -17 0
* * 1100
cfl=
cfn=(161)
calls=690 -34 0
* * 690
cfl=
cfn=(161)
calls=60 * 0
* * 60
cfl=
cfn=(161)
calls=20 -998 0
* * 20
cfl=
cfn=(161)
calls=10 -1446 0
* * 10
cfl=
cfn=(161)
calls=10 -1231 0
* * 10
cfl=
cfn=(161)
calls=10 -1104 0
* * 10
cfl=
cfn=(161)
calls=10 -396 0
* * 10
+58 0 0
cfl=
cfn=(165)
calls=1020 +16648 0
* * 1020
cfl=
cfn=(165)
calls=530 +16631 0
* * 530
cfl=
cfn=(165)
calls=40 +16665 0
* * 40
cfl=
cfn=(165)
calls=10 +14869 0
* * 10
cfl=
cfn=(165)
calls=10 +15137 0
* * 10
+16 0 0
cfl=
cfn=(12)
calls=10 -2030045 0
* * 10
+199 0 0
cfl=
cfn=(17)
calls=10 -1924435 0
* * 10

ob=
fl=
fn=(163)
+1411 0 0
cfl=
cfn=(367)
calls=2370 -882140 0
* * 2370
cfl=
cfn=(25)
calls=10 -765755 0
* * 10
cfl=
cfn=(25)
calls=10 -765748 0
* * 10

ob=
fl=
fn=(164)
+1135 0 0
cfl=
cfn=(107)
calls=3510 -1705399 0
* * 3510
cfl=
cfn=(107)
calls=10 -1705477 0
* * 10
+137 0 0
cfl=
cfn=(107)
calls=880 -1706534 0
* * 880
cfl=
cfn=(107)
calls=10 -1706528 0
* * 10
+193 0 0
cfl=
cfn=(90)
calls=30 -1836172 0
* * 30

ob=
fl=
fn=(376) github.com/nd-r/tech-db-forum/vendor/github.com/lib/pq.(*conn).recv1Buf
+449 0 0
cfl=
cfn=(164)
calls=3520 -330 0
* * 3520
cfl=
cfn=(164)
calls=890 -193 0
* * 890
cfl=
cfn=(164)
calls=30 * 0
* * 30
cfl=
cfn=(164)
calls=10 -259 0
* * 10
cfl=
cfn=(164)
calls=10 -172 0
* * 10
cfl=
cfn=(164)
calls=10 -25 0
* * 10

ob=
fl=
fn=(373)
+168 0 0
cfl=
cfn=(12)
calls=90 -2033585 0
* * 90
cfl=
cfn=(12)
calls=10 -2033603 0
* * 10
+84 0 0
cfl=
cfn=(376)
calls=3530 -168 0
* * 3530

ob=
fl=
fn=(165)
+11287 0 0
cfl=
cfn=(171)
calls=10 +50628 0
* * 10
+1494 0 0
cfl=
cfn=(163)
calls=530 -13453 0
* * 530
+17 0 0
cfl=
cfn=(167)
calls=1010 +15133 0
* * 1010
cfl=
cfn=(167)
calls=10 +15087 0
* * 10
+17 0 0
cfl=
cfn=(168)
calls=30 +15420 0
* * 30
cfl=
cfn=(168)
calls=10 +15597 0
* * 10

ob=
fl=
fn=(166)
+2490 0 0
cfl=
cfn=(20)
calls=20 -1753253 0
* * 20

ob=
fl=
fn=(355)
+171 0 0
cfl=
cfn=(40)
calls=20 +863 0
* * 20
cfl=
cfn=(40)
calls=20 +3184 0
* * 20
cfl=
cfn=(40)
calls=10 +944 0
* * 10
cfl=
cfn=(40)
calls=10 +2667 0
* * 10

ob=
fl=
fn=(40)
+692 0 0
cfl=
cfn=(376)
calls=940 -15728 0
* * 940
+81 0 0
cfl=
cfn=(166)
calls=10 -1882 0
* * 10
cfl=
cfn=(166)
calls=10 -863 0
* * 10
+744 0 0
cfl=
cfn=(19)
calls=10 -1759634 0
* * 10
+5 0 0
cfl=
cfn=(17)
calls=10 -1945285 0
* * 10
cfl=
cfn=(17)
calls=10 -1945227 0
* * 10
cfl=
cfn=(17)
calls=10 -1945145 0
* * 10
+268 0 0
cfl=
cfn=(172)
calls=350 +34418 0
* * 350
cfl=
cfn=(172)
calls=50 +34257 0
* * 50
cfl=
cfn=(172)
calls=10 +34191 0
* * 10
+108 0 0
cfl=
cfn=(223)
calls=20 -2048586 0
* * 20
+598 0 0
cfl=
cfn=(377) github.com/nd-r/tech-db-forum/vendor/github.com/lib/pq.(*conn).errRecover
calls=10 +55671 0
* * 10

ob=
fl=
fn=(374)
+7942 0 0
cfl=
cfn=(373)
calls=1100 -17972 0
* * 1100

ob=
fl=
fn=(375)
+343 0 0
cfl=
cfn=(373)
calls=40 -25998 0
* * 40
+222 0 0
cfl=
cfn=(378) github.com/nd-r/tech-db-forum/vendor/github.com/lib/pq.parseStatementRowDescribe
calls=10 +3950 0
* * 10
+332 0 0
cfl=
cfn=(90)
calls=10 -1863545 0
* * 10

ob=
fl=
fn=(167)
+1103 0 0
cfl=
cfn=(373)
calls=1010 -26811 0
* * 1010

ob=
fl=
fn=(168)
+304 0 0
cfl=
cfn=(373)
calls=20 -27998 0
* * 20
cfl=
cfn=(373)
calls=10 -27914 0
* * 10

ob=
fl=
fn=(378)
+1989 0 0
cfl=
cfn=(370)
calls=10 -56679 0
* * 10

ob=
fl=
fn=(169)
+8963 0 0
cfl=
cfn=(162)
calls=1910 -34057 0
* * 1910
cfl=
cfn=(162)
calls=1610 -33999 0
* * 1610
cfl=
cfn=(162)
calls=10 -34899 0
* * 10
cfl=
cfn=(162)
calls=10 -33998 0
* * 10
cfl=
cfn=(162)
calls=10 -33983 0
* * 10
cfl=
cfn=(162)
calls=10 -33784 0
* * 10

ob=
fl=
fn=(170)
+1095 0 0
cfl=
cfn=(371)
calls=1250 -54847 0
* * 1250
cfl=
cfn=(371)
calls=10 -54945 0
* * 10
+73 0 0
cfl=
cfn=(379) github.com/nd-r/tech-db-forum/vendor/github.com/lib/pq.(*conn).watchCancel
calls=10 +647 0
* * 10

ob=
fl=
fn=(379)
+574 0 0
cfl=
cfn=(139)
calls=10 -1300358 0
* * 10

ob=
fl=
fn=(172)
+10343 0 0
cfl=
cfn=(380) github.com/nd-r/tech-db-forum/vendor/github.com/lib/pq.binaryDecode
calls=50 +11241 0
* * 50
+161 0 0
cfl=
cfn=(381) github.com/nd-r/tech-db-forum/vendor/github.com/lib/pq.textDecode
calls=190 +3315 0
* * 190
cfl=
cfn=(381)
calls=70 +1430 0
* * 70
cfl=
cfn=(381)
calls=70 +1485 0
* * 70
cfl=
cfn=(381)
calls=20 +3278 0
* * 20

ob=
fl=
fn=(380)
+737 0 0
cfl=
cfn=(204)
calls=30 -2096117 0
* * 30
cfl=
cfn=(204)
calls=20 -2096078 0
* * 20

ob=
fl=
fn=(381)
+532 0 0
cfl=
cfn=(289)
calls=60 -1873056 0
* * 60
cfl=
cfn=(289)
calls=10 -1872992 0
* * 10
+55 0 0
cfl=
cfn=(204)
calls=70 -2097386 0
* * 70
+1793 0 0
cfl=
cfn=(289)
calls=10 -1873643 0
* * 10
cfl=
cfn=(289)
calls=10 -1873579 0
* * 10
+37 0 0
cfl=
cfn=(382) github.com/nd-r/tech-db-forum/vendor/github.com/lib/pq.parseTs
calls=190 +6545 0
* * 190

ob=
fl=
fn=(173)
+4719 0 0
cfl=
cfn=(114)
calls=20 -1688100 0
* * 20
cfl=
cfn=(114)
calls=10 -1688069 0
* * 10

ob=
fl=
fn=(383) github.com/nd-r/tech-db-forum/vendor/github.com/lib/pq.(*locationCache).getLocation
+622 0 0
cfl=
cfn=(262)
calls=10 -1989949 0
* * 10

ob=
fl=
fn=(382)
+1167 0 0
cfl=
cfn=(174)
calls=60 +3241 0
* * 60
cfl=
cfn=(174)
calls=30 +1786 0
* * 30
cfl=
cfn=(174)
calls=30 +2458 0
* * 30
cfl=
cfn=(174)
calls=10 +1716 0
* * 10
cfl=
cfn=(174)
calls=10 +1873 0
* * 10
cfl=
cfn=(174)
calls=10 +2297 0
* * 10
cfl=
cfn=(174)
calls=10 +2405 0
* * 10
cfl=
cfn=(174)
calls=10 +3136 0
* * 10
cfl=
cfn=(174)
calls=10 +4310 0
* * 10
cfl=
cfn=(174)
calls=10 +4357 0
* * 10

ob=
fl=
fn=(174)
+549 0 0
cfl=
cfn=(360)
calls=10 -1183693 0
* * 10
+70 0 0
cfl=
cfn=(173)
calls=20 -2338 0
* * 20
cfl=
cfn=(173)
calls=10 -2534 0
* * 10
+87 0 0
cfl=
cfn=(173)
calls=10 -2148 0
* * 10
+424 0 0
cfl=
cfn=(361)
calls=10 -1183989 0
* * 10
+108 0 0
cfl=
cfn=(173)
calls=10 -2913 0
* * 10
+53 0 0
cfl=
cfn=(111)
calls=10 -1709767 0
* * 10
cfl=
cfn=(111)
calls=10 -1709549 0
* * 10
cfl=
cfn=(111)
calls=10 -1709348 0
* * 10
+678 0 0
cfl=
cfn=(383)
calls=10 -2458 0
* * 10
+105 0 0
cfl=
cfn=(122)
calls=20 -1580620 0
* * 20
cfl=
cfn=(122)
calls=10 -1581362 0
* * 10
cfl=
cfn=(122)
calls=10 -1580804 0
* * 10
cfl=
cfn=(122)
calls=10 -1580218 0
* * 10
cfl=
cfn=(122)
calls=10 -1580156 0
* * 10
+1116 0 0
cfl=
cfn=(173)
calls=10 -3863 0
* * 10

ob=
fl=
fn=(377)
+8777 0 0
cfl=
cfn=(46)
calls=10 -2158365 0
* * 10

ob=
fl=
fn=(384) github.com/nd-r/tech-db-forum/vendor/github.com/jmoiron/sqlx/reflectx.(*Mapper).TypeMap
+23089 0 0
cfl=
cfn=(49)
calls=10 -2137383 0
* * 10
cfl=
cfn=(49)
calls=10 -2137044 0
* * 10

ob=
fl=
fn=(175)
+3962 0 0
cfl=
cfn=(37)
calls=20 -1495058 0
* * 20
+295 0 0
cfl=
cfn=(131)
calls=10 -1494839 0
* * 10
+116 0 0
cfl=
cfn=(137)
calls=30 -1476874 0
* * 30
cfl=
cfn=(137)
calls=10 -1477003 0
* * 10
+64 0 0
cfl=
cfn=(132)
calls=10 -1488576 0
* * 10
cfl=
cfn=(132)
calls=10 -1488465 0
* * 10

ob=
fl=
fn=(385) github.com/nd-r/tech-db-forum/vendor/github.com/jmoiron/sqlx.isScannable
+31385 0 0
cfl=
cfn=(327)
calls=10 -1531819 0
* * 10
+132 0 0
cfl=
cfn=(384)
calls=20 -35822 0
* * 20

ob=
fl=
fn=(176)
+3420 0 0
cfl=
cfn=(262)
calls=10 -2062587 0
* * 10
+196 0 0
cfl=
cfn=(354)
calls=110 -1296790 0
* * 110
cfl=
cfn=(354)
calls=10 -1296748 0
* * 10
+61 0 0
cfl=
cfn=(146)
calls=120 -1292579 0
* * 120
+33 0 0
cfl=
cfn=(147)
calls=130 -1291821 0
* * 130
cfl=
cfn=(147)
calls=10 -1291820 0
* * 10

ob=
fl=
fn=(386) github.com/nd-r/tech-db-forum/vendor/github.com/jmoiron/sqlx.(*DB).MustBegin
+4080 0 0
cfl=
cfn=(387) github.com/nd-r/tech-db-forum/vendor/github.com/jmoiron/sqlx.(*DB).Beginx
calls=1460 +4199 0
* * 1460

ob=
fl=
fn=(387)
+119 0 0
cfl=
cfn=(349)
calls=1460 -1319791 0
* * 1460

ob=
fl=
fn=(388) github.com/nd-r/tech-db-forum/vendor/github.com/jmoiron/sqlx.(*Tx).Select
+4014 0 0
cfl=
cfn=(389) github.com/nd-r/tech-db-forum/vendor/github.com/jmoiron/sqlx.Select
calls=1620 +11648 0
* * 1620
cfl=
cfn=(389)
calls=850 +11532 0
* * 850

ob=
fl=
fn=(390) github.com/nd-r/tech-db-forum/vendor/github.com/jmoiron/sqlx.(*Tx).Queryx
+163 0 0
cfl=
cfn=(353)
calls=1200 -1314942 0
* * 1200

ob=
fl=
fn=(177)
+384 0 0
cfl=
cfn=(353)
calls=2780 -1315105 0
* * 2780

ob=
fl=
fn=(391) github.com/nd-r/tech-db-forum/vendor/github.com/jmoiron/sqlx.(*Tx).Get
+397 0 0
cfl=
cfn=(178)
calls=2790 +7306 0
* * 2790
cfl=
cfn=(178)
calls=540 +7345 0
* * 540
cfl=
cfn=(178)
calls=10 +7236 0
* * 10

ob=
fl=
fn=(389)
+6574 0 0
cfl=
cfn=(390)
calls=850 -781 0
* * 850
+116 0 0
cfl=
cfn=(180)
calls=1020 +8134 0
* * 1020
cfl=
cfn=(180)
calls=320 +8451 0
* * 320
cfl=
cfn=(180)
calls=150 +8370 0
* * 150
cfl=
cfn=(180)
calls=90 +8852 0
* * 90
cfl=
cfn=(180)
calls=20 +7901 0
* * 20
cfl=
cfn=(180)
calls=10 +8839 0
* * 10
cfl=
cfn=(180)
calls=10 +8925 0
* * 10

ob=
fl=
fn=(178)
+219 0 0
cfl=
cfn=(177)
calls=2780 -7087 0
* * 2780
cfl=
cfn=(177)
calls=10 -7081 0
* * 10
+39 0 0
cfl=
cfn=(179)
calls=350 +1913 0
* * 350
cfl=
cfn=(179)
calls=60 +1810 0
* * 60
cfl=
cfn=(179)
calls=50 +2348 0
* * 50
cfl=
cfn=(179)
calls=30 +1280 0
* * 30
cfl=
cfn=(179)
calls=20 +1547 0
* * 20
cfl=
cfn=(179)
calls=10 +1030 0
* * 10
cfl=
cfn=(179)
calls=10 +1678 0
* * 10
cfl=
cfn=(179)
calls=10 +2232 0
* * 10

ob=
fl=
fn=(179)
+991 0 0
cfl=
cfn=(131)
calls=10 -1546736 0
* * 10
+250 0 0
cfl=
cfn=(385)
calls=20 -20806 0
* * 20
cfl=
cfn=(385)
calls=10 -20938 0
* * 10
+267 0 0
cfl=
cfn=(41)
calls=10 -53827 0
* * 10
cfl=
cfn=(41)
calls=10 -53266 0
* * 10
+131 0 0
cfl=
cfn=(90)
calls=10 -1990477 0
* * 10
+132 0 0
cfl=
cfn=(181)
calls=30 +8807 0
* * 30
cfl=
cfn=(181)
calls=10 +8404 0
* * 10
cfl=
cfn=(181)
calls=10 +8723 0
* * 10
cfl=
cfn=(181)
calls=10 +8773 0
* * 10
+103 0 0
cfl=
cfn=(176)
calls=120 -17909 0
* * 120
cfl=
cfn=(176)
calls=110 -17876 0
* * 110
cfl=
cfn=(176)
calls=100 -17970 0
* * 100
cfl=
cfn=(176)
calls=10 -18270 0
* * 10
cfl=
cfn=(176)
calls=10 -18166 0
* * 10
+435 0 0
cfl=
cfn=(176)
calls=30 -17979 0
* * 30
cfl=
cfn=(176)
calls=20 -18073 0
* * 20

ob=
fl=
fn=(180)
+5218 0 0
cfl=
cfn=(41)
calls=10 -55224 0
* * 10
cfl=
cfn=(41)
calls=10 -54895 0
* * 10
+233 0 0
cfl=
cfn=(354)
calls=770 -1320712 0
* * 770
cfl=
cfn=(354)
calls=250 -1320670 0
* * 250
+236 0 0
cfl=
cfn=(181)
calls=100 +2602 0
* * 100
cfl=
cfn=(181)
calls=20 +2652 0
* * 20
cfl=
cfn=(181)
calls=10 +2573 0
* * 10
cfl=
cfn=(181)
calls=10 +2734 0
* * 10
cfl=
cfn=(181)
calls=10 +2785 0
* * 10
+81 0 0
cfl=
cfn=(146)
calls=300 -1316774 0
* * 300
cfl=
cfn=(146)
calls=10 -1316739 0
* * 10
cfl=
cfn=(182)
calls=10 +16521 0
* * 10
+401 0 0
cfl=
cfn=(335)
calls=90 -1539652 0
* * 90
+73 0 0
cfl=
cfn=(132)
calls=10 -1548256 0
* * 10

ob=
fl=
fn=(181)
+1492 0 0
cfl=
cfn=(135)
calls=10 -1537850 0
* * 10
+319 0 0
cfl=
cfn=(175)
calls=40 -61439 0
* * 40
cfl=
cfn=(175)
calls=20 -61850 0
* * 20
cfl=
cfn=(175)
calls=20 -61375 0
* * 20
cfl=
cfn=(175)
calls=10 -61955 0
* * 10
cfl=
cfn=(175)
calls=10 -61555 0
* * 10
cfl=
cfn=(175)
calls=10 -61511 0
* * 10
+50 0 0
cfl=
cfn=(330)
calls=30 -1571186 0
* * 30
+34 0 0
cfl=
cfn=(331)
calls=30 -1557884 0
* * 30
+99 0 0
cfl=
cfn=(223)
calls=10 -2193669 0
* * 10

ob=
fl=
fn=(392) github.com/nd-r/tech-db-forum/vendor/github.com/mailru/easyjson/buffer.putBuf
+800034 0 0
cfl=
cfn=(50)
calls=10 -2214450 0
* * 10
cfl=
cfn=(50)
calls=10 -2214315 0
* * 10
+83 0 0
cfl=
cfn=(204)
calls=50 -3007183 0
* * 50
+34 0 0
cfl=
cfn=(313)
calls=20 -2676237 0
* * 20

ob=
fl=
fn=(42)
+171 0 0
cfl=
cfn=(90)
calls=50 -2799665 0
* * 50
+49 0 0
cfl=
cfn=(103)
calls=20 -2675944 0
* * 20
cfl=
cfn=(103)
calls=20 -2675672 0
* * 20
cfl=
cfn=(103)
calls=10 -2675929 0
* * 10
+121 0 0
cfl=
cfn=(90)
calls=20 -2799885 0
* * 20
cfl=
cfn=(90)
calls=10 -2799854 0
* * 10

ob=
fl=
fn=(183)
+311 0 0
cfl=
cfn=(42)
calls=50 -170 0
* * 50
cfl=
cfn=(42)
calls=50 -121 0
* * 50
cfl=
cfn=(42)
calls=30 * 0
* * 30
cfl=
cfn=(42)
calls=20 -209 0
* * 20
cfl=
cfn=(42)
calls=10 -90 0
* * 10
cfl=
cfn=(42)
calls=10 -86 0
* * 10
+333 0 0
cfl=
cfn=(90)
calls=40 -2800317 0
* * 40

ob=
fl=
fn=(43)
+370 0 0
cfl=
cfn=(183)
calls=20 -333 0
* * 20

ob=
fl=
fn=(393) github.com/nd-r/tech-db-forum/vendor/github.com/mailru/easyjson/buffer.(*Buffer).AppendBytes
+241 0 0
cfl=
cfn=(14)
calls=10 -2700321 0
* * 10
cfl=
cfn=(14)
calls=10 -2699646 0
* * 10
cfl=
cfn=(14)
calls=10 -2698628 0
* * 10
+273 0 0
cfl=
cfn=(183)
calls=70 -944 0
* * 70
cfl=
cfn=(183)
calls=10 -899 0
* * 10

ob=
fl=
fn=(44)
+255 0 0
cfl=
cfn=(14)
calls=10 -2700184 0
* * 10
cfl=
cfn=(14)
calls=10 -2700160 0
* * 10
cfl=
cfn=(14)
calls=10 -2699217 0
* * 10
cfl=
cfn=(14)
calls=10 -2699174 0
* * 10
cfl=
cfn=(14)
calls=10 -2699170 0
* * 10
cfl=
cfn=(14)
calls=10 -2699129 0
* * 10
+263 0 0
cfl=
cfn=(183)
calls=80 -1472 0
* * 80
cfl=
cfn=(183)
calls=40 -1139 0
* * 40
cfl=
cfn=(183)
calls=10 -1114 0
* * 10

ob=
fl=
fn=(394) github.com/nd-r/tech-db-forum/vendor/github.com/mailru/easyjson/buffer.(*Buffer).BuildBytes
+1116 0 0
cfl=
cfn=(14)
calls=10 -2700698 0
* * 10
cfl=
cfn=(14)
calls=10 -2700673 0
* * 10
cfl=
cfn=(14)
calls=10 -2699999 0
* * 10
cfl=
cfn=(14)
calls=10 -2699775 0
* * 10
+37 0 0
cfl=
cfn=(392)
calls=30 -3537 0
* * 30
cfl=
cfn=(392)
calls=20 -3503 0
* * 20
cfl=
cfn=(392)
calls=10 -3620 0
* * 10
+299 0 0
cfl=
cfn=(392)
calls=20 -3574 0
* * 20
cfl=
cfn=(392)
calls=10 -3657 0
* * 10
+383 0 0
cfl=
cfn=(90)
calls=110 -2803504 0
* * 110
cfl=
cfn=(90)
calls=10 -2803617 0
* * 10

ob=
fl=
fn=(395) github.com/nd-r/tech-db-forum/vendor/github.com/mailru/easyjson/jwriter.(*Writer).RawByte
+3216 0 0
cfl=
cfn=(43)
calls=20 -2867 0
* * 20
cfl=
cfn=(43)
calls=10 -3006 0
* * 10

ob=
fl=
fn=(184)
+91 0 0
cfl=
cfn=(44)
calls=10 -5368 0
* * 10
cfl=
cfn=(44)
calls=10 -5314 0
* * 10
cfl=
cfn=(44)
calls=10 -5267 0
* * 10

ob=
fl=
fn=(396) github.com/nd-r/tech-db-forum/vendor/github.com/mailru/easyjson/jwriter.(*Writer).Raw
+194 0 0
cfl=
cfn=(393)
calls=80 -5660 0
* * 80
cfl=
cfn=(393)
calls=30 -5933 0
* * 30

ob=
fl=
fn=(397) github.com/nd-r/tech-db-forum/vendor/github.com/mailru/easyjson/jwriter.(*Writer).Int
+2542 0 0
cfl=
cfn=(319)
calls=20 -2584875 0
* * 20

ob=
fl=
fn=(9)
+8197 0 0
cfl=
cfn=(44)
calls=130 -7878 0
* * 130
cfl=
cfn=(44)
calls=50 -8141 0
* * 50
cfl=
cfn=(44)
calls=10 -8195 0
* * 10
cfl=
cfn=(44)
calls=10 -8126 0
* * 10
+19 0 0
cfl=
cfn=(43)
calls=10 -17246 0
* * 10

ob=
fl=
fn=(398) github.com/nd-r/tech-db-forum/models.easyjsonD2b7633eEncodeGithubComNdRTechDbForumModels2
+3043 0 0
cfl=
cfn=(399) github.com/nd-r/tech-db-forum/models.User.MarshalJSON
calls=80 +8696 0
* * 80
cfl=
cfn=(399)
calls=30 +8737 0
* * 30
+67 0 0
cfl=
cfn=(396)
calls=10 -13801 0
* * 10

ob=
fl=
fn=(400) github.com/nd-r/tech-db-forum/models.UsersArr.MarshalJSON
+313 0 0
cfl=
cfn=(398)
calls=110 -67 0
* * 110
cfl=
cfn=(398)
calls=10 * 0
* * 10
+41 0 0
cfl=
cfn=(394)
calls=20 -18401 0
* * 20
cfl=
cfn=(394)
calls=20 -18364 0
* * 20
cfl=
cfn=(394)
calls=10 -17682 0
* * 10

ob=
fl=
fn=(401) github.com/nd-r/tech-db-forum/models.easyjsonD2b7633eEncodeGithubComNdRTechDbForumModels4
+4765 0 0
cfl=
cfn=(9)
calls=20 -4633 0
* * 20
cfl=
cfn=(9)
calls=20 -3483 0
* * 20
cfl=
cfn=(9)
calls=10 -4628 0
* * 10
+215 0 0
cfl=
cfn=(9)
calls=10 -8248 0
* * 10
+95 0 0
cfl=
cfn=(9)
calls=10 -9652 0
* * 10
cfl=
cfn=(9)
calls=10 -8591 0
* * 10
cfl=
cfn=(9)
calls=10 -8463 0
* * 10

ob=
fl=
fn=(399)
+157 0 0
cfl=
cfn=(401)
calls=50 -310 0
* * 50
cfl=
cfn=(401)
calls=30 * 0
* * 30
cfl=
cfn=(401)
calls=10 -95 0
* * 10
+41 0 0
cfl=
cfn=(394)
calls=20 -22955 0
* * 20
cfl=
cfn=(394)
calls=10 -23338 0
* * 10

ob=
fl=
fn=(402) github.com/nd-r/tech-db-forum/models.easyjsonD2b7633eEncodeGithubComNdRTechDbForumModels5
+1639 0 0
cfl=
cfn=(403) github.com/nd-r/tech-db-forum/models.Thread.MarshalJSON
calls=400 +8263 0
* * 400
cfl=
cfn=(403)
calls=40 +8307 0
* * 40
+70 0 0
cfl=
cfn=(396)
calls=70 -21134 0
* * 70

ob=
fl=
fn=(404) github.com/nd-r/tech-db-forum/models.TreadArr.MarshalJSON
+385 0 0
cfl=
cfn=(402)
calls=440 -70 0
* * 440
cfl=
cfn=(402)
calls=70 * 0
* * 70
+41 0 0
cfl=
cfn=(394)
calls=40 -25090 0
* * 40
cfl=
cfn=(394)
calls=20 -25772 0
* * 20
cfl=
cfn=(394)
calls=10 -25473 0
* * 10

ob=
fl=
fn=(405) github.com/nd-r/tech-db-forum/models.easyjsonD2b7633eEncodeGithubComNdRTechDbForumModels7
+5071 0 0
cfl=
cfn=(395)
calls=10 -21915 0
* * 10
+35 0 0
cfl=
cfn=(184)
calls=10 -26929 0
* * 10
+90 0 0
cfl=
cfn=(184)
calls=10 -26930 0
* * 10
+133 0 0
cfl=
cfn=(9)
calls=10 -17237 0
* * 10
cfl=
cfn=(9)
calls=10 -17170 0
* * 10
+88 0 0
cfl=
cfn=(9)
calls=90 -16220 0
* * 90
cfl=
cfn=(9)
calls=40 -17303 0
* * 40
cfl=
cfn=(9)
calls=30 -17409 0
* * 30
cfl=
cfn=(9)
calls=30 -17370 0
* * 30
cfl=
cfn=(9)
calls=30 -16348 0
* * 30
cfl=
cfn=(9)
calls=20 -17404 0
* * 20
cfl=
cfn=(9)
calls=20 -17399 0
* * 20
cfl=
cfn=(9)
calls=20 -17365 0
* * 20
cfl=
cfn=(9)
calls=10 -17385 0
* * 10
cfl=
cfn=(9)
calls=10 -17379 0
* * 10
cfl=
cfn=(9)
calls=10 -17360 0
* * 10
cfl=
cfn=(9)
calls=10 -17308 0
* * 10
cfl=
cfn=(9)
calls=10 -16360 0
* * 10
cfl=
cfn=(9)
calls=10 -16342 0
* * 10
+88 0 0
cfl=
cfn=(9)
calls=10 -16436 0
* * 10
+54 0 0
cfl=
cfn=(184)
calls=10 -27329 0
* * 10
+34 0 0
cfl=
cfn=(9)
calls=10 -16431 0
* * 10
+19 0 0
cfl=
cfn=(395)
calls=10 -27508 0
* * 10

ob=
fl=
fn=(403)
+516 0 0
cfl=
cfn=(405)
calls=340 -195 0
* * 340
cfl=
cfn=(405)
calls=20 -283 0
* * 20
cfl=
cfn=(405)
calls=10 -541 0
* * 10
cfl=
cfn=(405)
calls=10 -506 0
* * 10
cfl=
cfn=(405)
calls=10 -416 0
* * 10
cfl=
cfn=(405)
calls=10 -107 0
* * 10
cfl=
cfn=(405)
calls=10 -53 0
* * 10
cfl=
cfn=(405)
calls=10 -19 0
* * 10
cfl=
cfn=(405)
calls=10 * 0
* * 10
+44 0 0
cfl=
cfn=(394)
calls=30 -31259 0
* * 30
cfl=
cfn=(394)
calls=10 -31978 0
* * 10

ob=
fl=
fn=(185)
+6544 0 0
cfl=
cfn=(187)
calls=40 +14292 0
* * 40
cfl=
cfn=(187)
calls=10 +14336 0
* * 10
+70 0 0
cfl=
cfn=(396)
calls=10 -34346 0
* * 10
+100 0 0
cfl=
cfn=(403)
calls=10 -6658 0
* * 10
+286 0 0
cfl=
cfn=(399)
calls=10 -15062 0
* * 10

ob=
fl=
fn=(406) github.com/nd-r/tech-db-forum/models.PostDetails.MarshalJSON
+240 0 0
cfl=
cfn=(185)
calls=50 -456 0
* * 50
cfl=
cfn=(185)
calls=10 -824 0
* * 10
cfl=
cfn=(185)
calls=10 -386 0
* * 10
cfl=
cfn=(185)
calls=10 -286 0
* * 10
cfl=
cfn=(185)
calls=10 * 0
* * 10

ob=
fl=
fn=(407) github.com/nd-r/tech-db-forum/models.easyjsonD2b7633eEncodeGithubComNdRTechDbForumModels11
+1751 0 0
cfl=
cfn=(36)
calls=10 -2742461 0
* * 10
+83 0 0
cfl=
cfn=(187)
calls=270 +5301 0
* * 270
cfl=
cfn=(187)
calls=40 +5345 0
* * 40
cfl=
cfn=(187)
calls=10 +5371 0
* * 10
+70 0 0
cfl=
cfn=(396)
calls=20 -36876 0
* * 20

ob=
fl=
fn=(408) github.com/nd-r/tech-db-forum/models.PostArr.MarshalJSON
+339 0 0
cfl=
cfn=(407)
calls=320 -70 0
* * 320
cfl=
cfn=(407)
calls=20 * 0
* * 20
cfl=
cfn=(407)
calls=10 -153 0
* * 10
+41 0 0
cfl=
cfn=(394)
calls=10 -40786 0
* * 10

ob=
fl=
fn=(186)
+3535 0 0
cfl=
cfn=(395)
calls=10 -37611 0
* * 10
+35 0 0
cfl=
cfn=(184)
calls=10 -41055 0
* * 10
+124 0 0
cfl=
cfn=(9)
calls=10 -31307 0
* * 10
cfl=
cfn=(9)
calls=10 -30157 0
* * 10
+88 0 0
cfl=
cfn=(9)
calls=50 -30281 0
* * 50
cfl=
cfn=(9)
calls=30 -31431 0
* * 30
cfl=
cfn=(9)
calls=30 -31369 0
* * 30
cfl=
cfn=(9)
calls=20 -31465 0
* * 20
cfl=
cfn=(9)
calls=20 -31426 0
* * 20
cfl=
cfn=(9)
calls=20 -30433 0
* * 20
cfl=
cfn=(9)
calls=10 -31460 0
* * 10
cfl=
cfn=(9)
calls=10 -31446 0
* * 10
cfl=
cfn=(9)
calls=10 -31364 0
* * 10
cfl=
cfn=(9)
calls=10 -30409 0
* * 10
cfl=
cfn=(9)
calls=10 -30399 0
* * 10
+99 0 0
cfl=
cfn=(9)
calls=10 -31457 0
* * 10
cfl=
cfn=(9)
calls=10 -30369 0
* * 10
+178 0 0
cfl=
cfn=(397)
calls=10 -38665 0
* * 10

ob=
fl=
fn=(187)
+709 0 0
cfl=
cfn=(186)
calls=220 -277 0
* * 220
cfl=
cfn=(186)
calls=20 -365 0
* * 20
cfl=
cfn=(186)
calls=20 -178 0
* * 20
cfl=
cfn=(186)
calls=10 -524 0
* * 10
cfl=
cfn=(186)
calls=10 -489 0
* * 10
cfl=
cfn=(186)
calls=10 -471 0
* * 10
cfl=
cfn=(186)
calls=10 -286 0
* * 10
cfl=
cfn=(186)
calls=10 * 0
* * 10
+44 0 0
cfl=
cfn=(394)
calls=20 -46277 0
* * 20
cfl=
cfn=(394)
calls=10 -46314 0
* * 10
cfl=
cfn=(394)
calls=10 -45978 0
* * 10
cfl=
cfn=(394)
calls=10 -45595 0
* * 10

ob=
fl=
fn=(409) github.com/nd-r/tech-db-forum/models.easyjsonD2b7633eEncodeGithubComNdRTechDbForumModels13
+2264 0 0
cfl=
cfn=(397)
calls=10 -39596 0
* * 10
+88 0 0
cfl=
cfn=(9)
calls=10 -33815 0
* * 10

ob=
fl=
fn=(410) github.com/nd-r/tech-db-forum/models.Forum.MarshalJSON
+545 0 0
cfl=
cfn=(409)
calls=10 -88 0
* * 10
cfl=
cfn=(409)
calls=10 * 0
* * 10

ob=
fl=
fn=(411) github.com/nd-r/tech-db-forum/database.GetForumDetails
+12657 0 0
cfl=
cfn=(386)
calls=140 -875479 0
* * 140
+311 0 0
cfl=
cfn=(391)
calls=360 -883059 0
* * 360
+44 0 0
cfl=
cfn=(351)
calls=10 -2205965 0
* * 10
+59 0 0
cfl=
cfn=(351)
calls=180 -2206009 0
* * 180
cfl=
cfn=(351)
calls=30 -2205939 0
* * 30

ob=
fl=
fn=(188)
+1225 0 0
cfl=
cfn=(386)
calls=240 -888550 0
* * 240
+567 0 0
cfl=
cfn=(390)
calls=120 -885479 0
* * 120
+185 0 0
cfl=
cfn=(354)
calls=640 -2191502 0
* * 640
cfl=
cfn=(354)
calls=100 -2191460 0
* * 100
+29 0 0
cfl=
cfn=(12)
calls=10 -3064231 0
* * 10
+346 0 0
cfl=
cfn=(146)
calls=210 -2187309 0
* * 210
+428 0 0
cfl=
cfn=(351)
calls=10 -2208420 0
* * 10
+46 0 0
cfl=
cfn=(351)
calls=20 -2208848 0
* * 20
cfl=
cfn=(351)
calls=10 -2208778 0
* * 10
+55 0 0
cfl=
cfn=(351)
calls=130 -2208894 0
* * 130
cfl=
cfn=(351)
calls=10 -2208824 0
* * 10
+631 0 0
cfl=
cfn=(390)
calls=230 -887135 0
* * 230

ob=
fl=
fn=(189)
+436 0 0
cfl=
cfn=(386)
calls=350 -892062 0
* * 350
+220 0 0
cfl=
cfn=(391)
calls=410 -887421 0
* * 410
+709 0 0
cfl=
cfn=(388)
calls=820 -888585 0
* * 820
+29 0 0
cfl=
cfn=(351)
calls=200 -2210945 0
* * 200
cfl=
cfn=(351)
calls=50 -2210875 0
* * 50
+752 0 0
cfl=
cfn=(351)
calls=10 -2210974 0
* * 10

ob=
fl=
fn=(412) github.com/nd-r/tech-db-forum/database.GetPostDetails
+220 0 0
cfl=
cfn=(386)
calls=160 -894208 0
* * 160
+401 0 0
cfl=
cfn=(391)
calls=570 -889351 0
* * 570
+120 0 0
cfl=
cfn=(362)
calls=10 -2155213 0
* * 10
+276 0 0
cfl=
cfn=(351)
calls=140 -2212467 0
* * 140
cfl=
cfn=(351)
calls=40 -2212397 0
* * 40
cfl=
cfn=(351)
calls=10 -2212609 0
* * 10
+219 0 0
cfl=
cfn=(391)
calls=350 -890148 0
* * 350
+303 0 0
cfl=
cfn=(391)
calls=220 -890367 0
* * 220
+301 0 0
cfl=
cfn=(391)
calls=220 -890670 0
* * 220
+134 0 0
cfl=
cfn=(351)
calls=20 -2213566 0
* * 20
+46 0 0
cfl=
cfn=(351)
calls=10 -2213700 0
* * 10

ob=
fl=
fn=(413) github.com/nd-r/tech-db-forum/database.GetThread
+6980 0 0
cfl=
cfn=(386)
calls=140 -896228 0
* * 140
+364 0 0
cfl=
cfn=(391)
calls=10 -898131 0
* * 10
+40 0 0
cfl=
cfn=(351)
calls=20 -2221090 0
* * 20
+202 0 0
cfl=
cfn=(391)
calls=430 -898535 0
* * 430
+40 0 0
cfl=
cfn=(351)
calls=210 -2221332 0
* * 210
cfl=
cfn=(351)
calls=30 -2221262 0
* * 30

ob=
fl=
fn=(414) github.com/nd-r/tech-db-forum/database.GetThreadPosts
+257 0 0
cfl=
cfn=(386)
calls=220 -903854 0
* * 220
+305 0 0
cfl=
cfn=(391)
calls=30 -899034 0
* * 30
+818 0 0
cfl=
cfn=(388)
calls=880 -900283 0
* * 880
+125 0 0
cfl=
cfn=(351)
calls=220 -2222752 0
* * 220
+447 0 0
cfl=
cfn=(388)
calls=770 -901226 0
* * 770
+1229 0 0
cfl=
cfn=(351)
calls=10 -2223324 0
* * 10
+245 0 0
cfl=
cfn=(391)
calls=350 -901958 0
* * 350
+40 0 0
cfl=
cfn=(351)
calls=20 -2224798 0
* * 20

ob=
fl=
fn=(415) github.com/nd-r/tech-db-forum/database.GetUserProfile
+2448 0 0
cfl=
cfn=(386)
calls=210 -907320 0
* * 210
+160 0 0
cfl=
cfn=(12)
calls=10 -3083483 0
* * 10
+133 0 0
cfl=
cfn=(391)
calls=390 -904851 0
* * 390
+44 0 0
cfl=
cfn=(351)
calls=20 -2227579 0
* * 20
+51 0 0
cfl=
cfn=(351)
calls=160 -2227623 0
* * 160
cfl=
cfn=(351)
calls=20 -2227553 0
* * 20

ob=
fl=
fn=(416) github.com/nd-r/tech-db-forum/vendor/github.com/valyala/fasthttp.(*RequestHeader).Read
+278478 0 0
cfl=
cfn=(417) github.com/nd-r/tech-db-forum/vendor/github.com/valyala/fasthttp.(*RequestHeader).tryRead
calls=740 +278775 0
* * 740
cfl=
cfn=(417)
calls=10 +279553 0
* * 10

ob=
fl=
fn=(417)
+297 0 0
cfl=
cfn=(365)
calls=740 -2436254 0
* * 740
+778 0 0
cfl=
cfn=(418) github.com/nd-r/tech-db-forum/vendor/github.com/valyala/fasthttp.(*RequestHeader).parse
calls=10 +19563 0
* * 10

ob=
fl=
fn=(419) github.com/nd-r/tech-db-forum/vendor/github.com/valyala/fasthttp.(*ResponseHeader).Write
+1283 0 0
cfl=
cfn=(420) github.com/nd-r/tech-db-forum/vendor/github.com/valyala/fasthttp.(*ResponseHeader).Header
calls=50 +1592 0
* * 50

ob=
fl=
fn=(420)
+309 0 0
cfl=
cfn=(421) github.com/nd-r/tech-db-forum/vendor/github.com/valyala/fasthttp.(*ResponseHeader).AppendBytes
calls=20 +676 0
* * 20
cfl=
cfn=(421)
calls=10 +794 0
* * 10
cfl=
cfn=(421)
calls=10 +1187 0
* * 10
cfl=
cfn=(421)
calls=10 +2004 0
* * 10

ob=
fl=
fn=(421)
+367 0 0
cfl=
cfn=(195)
calls=10 +111713 0
* * 10
cfl=
cfn=(195)
calls=10 +111722 0
* * 10
+118 0 0
cfl=
cfn=(14)
calls=10 -3066252 0
* * 10
+393 0 0
cfl=
cfn=(14)
calls=10 -3066329 0
* * 10
+817 0 0
cfl=
cfn=(14)
calls=10 -3066742 0
* * 10

ob=
fl=
fn=(418)
+15498 0 0
cfl=
cfn=(422) github.com/nd-r/tech-db-forum/vendor/github.com/valyala/fasthttp.(*RequestHeader).parseFirstLine
calls=10 +17666 0
* * 10

ob=
fl=
fn=(422)
+2168 0 0
cfl=
cfn=(423) github.com/nd-r/tech-db-forum/vendor/github.com/valyala/fasthttp.nextLine
calls=10 +16655 0
* * 10

ob=
fl=
fn=(423)
+14487 0 0
cfl=
cfn=(100)
calls=10 -3089244 0
* * 10

ob=
fl=
fn=(424) github.com/nd-r/tech-db-forum/vendor/github.com/valyala/fasthttp.(*Response).AppendBody
+7925 0 0
cfl=
cfn=(190)
calls=20 +8095 0
* * 20
cfl=
cfn=(190)
calls=10 +7991 0
* * 10
cfl=
cfn=(190)
calls=10 +8020 0
* * 10

ob=
fl=
fn=(190)
+66 0 0
cfl=
cfn=(193)
calls=10 +24724 0
* * 10
+104 0 0
cfl=
cfn=(14)
calls=10 -3108715 0
* * 10
cfl=
cfn=(14)
calls=10 -3108705 0
* * 10

ob=
fl=
fn=(425) github.com/nd-r/tech-db-forum/vendor/github.com/valyala/fasthttp.(*Request).URI
+5396 0 0
cfl=
cfn=(426) github.com/nd-r/tech-db-forum/vendor/github.com/valyala/fasthttp.(*Request).parseURI
calls=10 +5575 0
* * 10

ob=
fl=
fn=(426)
+179 0 0
cfl=
cfn=(427) github.com/nd-r/tech-db-forum/vendor/github.com/valyala/fasthttp.(*URI).parseQuick
calls=10 +73549 0
* * 10

ob=
fl=
fn=(428) github.com/nd-r/tech-db-forum/vendor/github.com/valyala/fasthttp.(*Request).Reset
+7405 0 0
cfl=
cfn=(429) github.com/nd-r/tech-db-forum/vendor/github.com/valyala/fasthttp.(*Request).resetSkipHeader
calls=10 +7473 0
* * 10

ob=
fl=
fn=(429)
+68 0 0
cfl=
cfn=(191)
calls=10 -8941 0
* * 10

ob=
fl=
fn=(192)
+956 0 0
cfl=
cfn=(416)
calls=750 -57658 0
* * 750

ob=
fl=
fn=(430) github.com/nd-r/tech-db-forum/vendor/github.com/valyala/fasthttp.(*Response).Write
+8860 0 0
cfl=
cfn=(419)
calls=50 -56256 0
* * 50
+99 0 0
cfl=
cfn=(368)
calls=500 -2495672 0
* * 500
cfl=
cfn=(368)
calls=100 -2495544 0
* * 100

ob=
fl=
fn=(431) github.com/nd-r/tech-db-forum/vendor/github.com/valyala/fasthttp.(*RequestCtx).URI
+15731 0 0
cfl=
cfn=(425)
calls=10 -17567 0
* * 10

ob=
fl=
fn=(432) github.com/nd-r/tech-db-forum/vendor/github.com/valyala/fasthttp.(*RequestCtx).Path
+270 0 0
cfl=
cfn=(431)
calls=10 * 0
* * 10

ob=
fl=
fn=(433) github.com/nd-r/tech-db-forum/vendor/github.com/valyala/fasthttp.(*RequestCtx).Write
+5094 0 0
cfl=
cfn=(424)
calls=40 -39134 0
* * 40

ob=
fl=
fn=(194)
+11708 0 0
cfl=
cfn=(198)
calls=11570 +634099 0
* * 11570
cfl=
cfn=(198)
calls=10 +634105 0
* * 10
+81 0 0
cfl=
cfn=(428)
calls=10 -42786 0
* * 10
+80 0 0
cfl=
cfn=(196)
calls=10 +38799 0
* * 10
+486 0 0
cfl=
cfn=(434) github.com/nd-r/tech-db-forum/vendor/github.com/valyala/fasthttp.writeResponse
calls=650 +7074 0
* * 650
+1002 0 0
cfl=
cfn=(366)
calls=500 -2529871 0
* * 500
+220 0 0
cfl=
cfn=(435) github.com/nd-r/tech-db-forum/vendor/github.com/valyala/fasthttp.acquireWriter
calls=30 +8784 0
* * 30
cfl=
cfn=(435)
calls=20 +8290 0
* * 20
+1841 0 0
cfl=
cfn=(192)
calls=750 -43631 0
* * 750
cfl=
cfn=(192)
calls=10 -43666 0
* * 10

ob=
fl=
fn=(434)
+3525 0 0
cfl=
cfn=(430)
calls=600 -36513 0
* * 600
cfl=
cfn=(430)
calls=50 -36612 0
* * 50

ob=
fl=
fn=(435)
+2704 0 0
cfl=
cfn=(103)
calls=20 -3149297 0
* * 20
+494 0 0
cfl=
cfn=(90)
calls=30 -3275893 0
* * 30

ob=
fl=
fn=(427)
+12746 0 0
cfl=
cfn=(436) github.com/nd-r/tech-db-forum/vendor/github.com/valyala/fasthttp.(*URI).parse
calls=10 +14645 0
* * 10

ob=
fl=
fn=(436)
+1899 0 0
cfl=
cfn=(437) github.com/nd-r/tech-db-forum/vendor/github.com/valyala/fasthttp.normalizePath
calls=10 +5702 0
* * 10

ob=
fl=
fn=(437)
+3803 0 0
cfl=
cfn=(108)
calls=10 -3114466 0
* * 10

ob=
fl=
fn=(438) github.com/nd-r/tech-db-forum/vendor/github.com/valyala/fasthttp.(*workerPool).workerFunc
+13744 0 0
cfl=
cfn=(439) github.com/nd-r/tech-db-forum/vendor/github.com/valyala/fasthttp.(*Server).(github.com/nd-r/tech-db-forum/vendor/github.com/valyala/fasthttp.serveConn)-fm
calls=13570 +24208 0
* * 13570

ob=
fl=
fn=(311)
+4983 0 0
cfl=
cfn=(438)
calls=13570 * 0
* * 13570

ob=
fl=
fn=(439)
+5481 0 0
cfl=
cfn=(194)
calls=11580 -47608 0
* * 11580
cfl=
cfn=(194)
calls=760 -43898 0
* * 760
cfl=
cfn=(194)
calls=650 -46961 0
* * 650
cfl=
cfn=(194)
calls=500 -45959 0
* * 500
cfl=
cfn=(194)
calls=50 -45739 0
* * 50
cfl=
cfn=(194)
calls=10 -47527 0
* * 10
cfl=
cfn=(194)
calls=10 -47447 0
* * 10
cfl=
cfn=(194)
calls=10 -43986 0
* * 10

ob=
fl=
fn=(440) github.com/nd-r/tech-db-forum/vendor/github.com/buaazp/fasthttprouter.(*Router).Handler
+14154 0 0
cfl=
cfn=(432)
calls=10 -69891 0
* * 10
+43 0 0
cfl=
cfn=(289)
calls=40 -3317034 0
* * 40
+1298 0 0
cfl=
cfn=(197)
calls=10 +9974 0
* * 10
cfl=
cfn=(197)
calls=10 +10076 0
* * 10
cfl=
cfn=(197)
calls=10 +10488 0
* * 10
+1220 0 0
cfl=
cfn=(441) github.com/nd-r/tech-db-forum/handlers.GetThreadPosts
calls=2500 +27605 0
* * 2500
cfl=
cfn=(442) github.com/nd-r/tech-db-forum/handlers.GetForumUsers
calls=1850 +21601 0
* * 1850
cfl=
cfn=(443) github.com/nd-r/tech-db-forum/handlers.GetPostDetails
calls=1750 +22486 0
* * 1750
cfl=
cfn=(444) github.com/nd-r/tech-db-forum/handlers.GetForumThreads
calls=1740 +20462 0
* * 1740
cfl=
cfn=(445) github.com/nd-r/tech-db-forum/handlers.GetThreadDetails
calls=840 +25463 0
* * 840
cfl=
cfn=(446) github.com/nd-r/tech-db-forum/handlers.GetUserProfile
calls=810 +29984 0
* * 810
cfl=
cfn=(447) github.com/nd-r/tech-db-forum/handlers.GetForumDetails
calls=720 +19451 0
* * 720
cfl=
cfn=(444)
calls=580 +20544 0
* * 580
cfl=
cfn=(441)
calls=360 +27687 0
* * 360
cfl=
cfn=(442)
calls=170 +21784 0
* * 170
cfl=
cfn=(443)
calls=90 +22631 0
* * 90
cfl=
cfn=(447)
calls=20 +19623 0
* * 20
cfl=
cfn=(445)
calls=20 +25511 0
* * 20
cfl=
cfn=(441)
calls=20 +27734 0
* * 20
cfl=
cfn=(444)
calls=10 +20591 0
* * 10
cfl=
cfn=(442)
calls=10 +21831 0
* * 10

ob=
fl=
fn=(197)
+7456 0 0
cfl=
cfn=(20)
calls=10 -3239130 0
* * 10
+514 0 0
cfl=
cfn=(204)
calls=10 -3550849 0
* * 10

ob=
fl=
fn=(447)
+10261 0 0
cfl=
cfn=(411)
calls=360 -478337 0
* * 360
cfl=
cfn=(411)
calls=210 -478234 0
* * 210
cfl=
cfn=(411)
calls=140 -478648 0
* * 140
cfl=
cfn=(411)
calls=10 -478293 0
* * 10
+172 0 0
cfl=
cfn=(410)
calls=20 -501566 0
* * 20

ob=
fl=
fn=(444)
+839 0 0
cfl=
cfn=(188)
calls=740 -486690 0
* * 740
cfl=
cfn=(188)
calls=240 -487442 0
* * 240
cfl=
cfn=(188)
calls=230 -485155 0
* * 230
cfl=
cfn=(188)
calls=210 -486315 0
* * 210
cfl=
cfn=(188)
calls=140 -485786 0
* * 140
cfl=
cfn=(188)
calls=120 -486875 0
* * 120
cfl=
cfn=(188)
calls=30 -485841 0
* * 30
cfl=
cfn=(188)
calls=10 -486661 0
* * 10
cfl=
cfn=(188)
calls=10 -486287 0
* * 10
cfl=
cfn=(188)
calls=10 -485887 0
* * 10
+82 0 0
cfl=
cfn=(404)
calls=510 -526023 0
* * 510
cfl=
cfn=(404)
calls=70 -525982 0
* * 70
+47 0 0
cfl=
cfn=(433)
calls=10 -100836 0
* * 10

ob=
fl=
fn=(442)
+1010 0 0
cfl=
cfn=(189)
calls=820 -484758 0
* * 820
cfl=
cfn=(189)
calls=410 -485467 0
* * 410
cfl=
cfn=(189)
calls=350 -485687 0
* * 350
cfl=
cfn=(189)
calls=250 -484729 0
* * 250
cfl=
cfn=(189)
calls=10 -484749 0
* * 10
cfl=
cfn=(189)
calls=10 -483977 0
* * 10
+183 0 0
cfl=
cfn=(400)
calls=120 -534570 0
* * 120
cfl=
cfn=(400)
calls=50 -534529 0
* * 50
+47 0 0
cfl=
cfn=(433)
calls=10 -102076 0
* * 10

ob=
fl=
fn=(443)
+655 0 0
cfl=
cfn=(412)
calls=570 -484596 0
* * 570
cfl=
cfn=(412)
calls=350 -483981 0
* * 350
cfl=
cfn=(412)
calls=220 -483678 0
* * 220
cfl=
cfn=(412)
calls=220 -483377 0
* * 220
cfl=
cfn=(412)
calls=190 -484200 0
* * 190
cfl=
cfn=(412)
calls=160 -484997 0
* * 160
cfl=
cfn=(412)
calls=20 -483243 0
* * 20
cfl=
cfn=(412)
calls=10 -484476 0
* * 10
cfl=
cfn=(412)
calls=10 -483197 0
* * 10
+145 0 0
cfl=
cfn=(406)
calls=90 -514594 0
* * 90

ob=
fl=
fn=(445)
+2832 0 0
cfl=
cfn=(413)
calls=430 -476411 0
* * 430
cfl=
cfn=(413)
calls=240 -476371 0
* * 240
cfl=
cfn=(413)
calls=140 -477017 0
* * 140
cfl=
cfn=(413)
calls=20 -476613 0
* * 20
cfl=
cfn=(413)
calls=10 -476653 0
* * 10
+48 0 0
cfl=
cfn=(403)
calls=20 -524855 0
* * 20

ob=
fl=
fn=(441)
+2094 0 0
cfl=
cfn=(414)
calls=880 -477871 0
* * 880
cfl=
cfn=(414)
calls=770 -477299 0
* * 770
cfl=
cfn=(414)
calls=350 -475825 0
* * 350
cfl=
cfn=(414)
calls=220 -478994 0
* * 220
cfl=
cfn=(414)
calls=220 -477746 0
* * 220
cfl=
cfn=(414)
calls=30 -478689 0
* * 30
cfl=
cfn=(414)
calls=20 -475785 0
* * 20
cfl=
cfn=(414)
calls=10 -476070 0
* * 10
+82 0 0
cfl=
cfn=(408)
calls=350 -517470 0
* * 350
cfl=
cfn=(408)
calls=10 -517429 0
* * 10
+47 0 0
cfl=
cfn=(433)
calls=20 -107979 0
* * 20

ob=
fl=
fn=(446)
+2250 0 0
cfl=
cfn=(415)
calls=390 -475267 0
* * 390
cfl=
cfn=(415)
calls=210 -475560 0
* * 210
cfl=
cfn=(415)
calls=180 -475172 0
* * 180
cfl=
cfn=(415)
calls=20 -475223 0
* * 20
cfl=
cfn=(415)
calls=10 -475400 0
* * 10

ob=
fl=
fn=(198)
+523823 0 0
cfl=
cfn=(440)
calls=11490 -28764 0
* * 11490
cfl=
cfn=(440)
calls=40 -31282 0
* * 40
cfl=
cfn=(440)
calls=30 -29984 0
* * 30
cfl=
cfn=(440)
calls=10 -31325 0
* * 10
