positions: instr line
events: cpu(ms)

ob=
fl=
fn=(1) syscall.Syscall
0x1083c6a 0 6350

ob=
fl=
fn=(2) runtime.usleep
-166388 0 2230

ob=
fl=
fn=(3) runtime.kevent
+525 0 2030

ob=
fl=
fn=(4) runtime.mach_semaphore_signal
-184 0 1700

ob=
fl=
fn=(5) runtime.mach_semaphore_wait
-48 0 1380

ob=
fl=
fn=(6) runtime.freedefer
-195636 0 930

ob=
fl=
fn=(7) runtime.mach_semaphore_timedwait
+195660 0 500

ob=
fl=
fn=(8) runtime.scanobject
-249500 0 80

ob=
fl=
fn=(9) github.com/nd-r/tech-db-forum/vendor/github.com/mailru/easyjson/jwriter.(*Writer).String
+2962665 0 80

ob=
fl=
fn=(8)
-2962756 0 60

ob=
fl=
fn=(9)
+2962751 0 60

ob=
fl=
fn=(8)
-2962769 0 50

ob=
fl=
fn=(10) runtime.greyobject
+1489 0 50

ob=
fl=
fn=(11) runtime.memmove
+246663 0 50

ob=
fl=
fn=(9)
+2714588 0 50

ob=
fl=
fn=(12) runtime.mallocgc
-3015907 0 40

ob=
fl=
fn=(13) runtime.scanblock
+52450 0 40

ob=
fl=
fn=(9)
+2963553 0 40

ob=
fl=
fn=(12)
-3014938 0 30

ob=
fl=
fn=(14) runtime.newobject
+1105 0 30

ob=
fl=
fn=(8)
+51005 0 30
+43 0 30
+248 0 30

ob=
fl=
fn=(15) runtime.memclrNoHeapPointers
+245599 0 30

ob=
fl=
fn=(9)
+2716837 0 30
+25 0 30
+71 0 30
+936 0 30

ob=
fl=
fn=(16) runtime.lock
-3023141 0 20

ob=
fl=
fn=(12)
+7538 0 20

ob=
fl=
fn=(17) runtime.heapBitsForObject
+6766 0 20
+27 0 20

ob=
fl=
fn=(18) runtime.(*mcentral).cacheSpan
+9363 0 20
+174 0 20

ob=
fl=
fn=(19) runtime.scanstack
+29362 0 20

ob=
fl=
fn=(13)
+5380 0 20

ob=
fl=
fn=(8)
+776 0 20
+30 0 20
+4 0 20
+56 0 20

ob=
fl=
fn=(20) runtime.newdefer
+53187 0 20
+81 0 20
+90 0 20

ob=
fl=
fn=(21) runtime.deferreturn
+1164 0 20

ob=
fl=
fn=(22) runtime.gopark
+10597 0 20

ob=
fl=
fn=(23) runtime.(*guintptr).cas
+53973 0 20

ob=
fl=
fn=(15)
+126919 0 20
+318 0 20

ob=
fl=
fn=(11)
+1591 0 20
+87 0 20
+64 0 20
+20 0 20

ob=
fl=
fn=(24) sync.(*Mutex).Lock
+20134 0 20

ob=
fl=
fn=(25) sync.(*RWMutex).RUnlock
+3963 0 20

ob=
fl=
fn=(26) reflect.Indirect
+333172 0 20

ob=
fl=
fn=(27) net.(*pollDesc).wait
+410269 0 20

ob=
fl=
fn=(28) net.(*netFD).Read
+6186 0 20

ob=
fl=
fn=(29) github.com/nd-r/tech-db-forum/vendor/github.com/mailru/easyjson/buffer.(*Buffer).AppendByte
+1924756 0 20

ob=
fl=
fn=(9)
+16057 0 20
+35 0 20
+1026 0 20
+6 0 20

ob=
fl=
fn=(30) runtime.interhash
-3076927 0 10

ob=
fl=
fn=(31) runtime.mapaccess2
+31649 0 10

ob=
fl=
fn=(32) runtime.mapaccess1_fast32
+11362 0 10

ob=
fl=
fn=(33) runtime.mapaccess1_fast64
+975 0 10
+75 0 10

ob=
fl=
fn=(34) runtime.mapaccess2_faststr
+3053 0 10

ob=
fl=
fn=(35) runtime.getitab
+399 0 10
+50 0 10
+79 0 10
+72 0 10

ob=
fl=
fn=(16)
+5973 0 10
+50 0 10
+111 0 10

ob=
fl=
fn=(36) runtime.unlock
+403 0 10

ob=
fl=
fn=(12)
+5143 0 10
+348 0 10
+194 0 10
+636 0 10
+56 0 10
+11 0 10
+5 0 10
+36 0 10
+352 0 10
+84 0 10
+186 0 10
+26 0 10

ob=
fl=
fn=(14)
+783 0 10

ob=
fl=
fn=(37) reflect.unsafe_New
+81 0 10
+43 0 10
+5 0 10

ob=
fl=
fn=(38) runtime.newarray
+243 0 10

ob=
fl=
fn=(39) runtime.writebarrierptr_prewrite1
+1956 0 10
+12 0 10

ob=
fl=
fn=(40) runtime.typedmemmove
+509 0 10
+9 0 10

ob=
fl=
fn=(41) reflect.typedmemmove
+192 0 10

ob=
fl=
fn=(42) runtime.typedslicecopy
+978 0 10

ob=
fl=
fn=(43) reflect.typedslicecopy
+62 0 10

ob=
fl=
fn=(44) runtime.(*mspan).refillAllocCache
+715 0 10

ob=
fl=
fn=(17)
+1013 0 10
+172 0 10
+791 0 10
+9 0 10
+23 0 10
+3 0 10
+5 0 10

ob=
fl=
fn=(45) runtime.bulkBarrierPreWrite
+1132 0 10

ob=
fl=
fn=(46) runtime.(*mspan).countFree
+1800 0 10

ob=
fl=
fn=(47) runtime.heapBitsSetType
+143 0 10
+45 0 10
+82 0 10
+94 0 10
+34 0 10
+144 0 10
+151 0 10
+59 0 10
+78 0 10

ob=
fl=
fn=(18)
+4837 0 10

ob=
fl=
fn=(48) runtime.(*mcentral).freeSpan
+1460 0 10

ob=
fl=
fn=(49) runtime.gcMarkWorkAvailable
+17120 0 10

ob=
fl=
fn=(50) runtime.markroot
+5912 0 10

ob=
fl=
fn=(51) runtime.markrootSpans
+1478 0 10
+61 0 10

ob=
fl=
fn=(52) runtime.gcFlushBgCredit
+3047 0 10

ob=
fl=
fn=(53) runtime.scanframeworker
+2070 0 10

ob=
fl=
fn=(54) runtime.gcDrain
+2414 0 10
+12 0 10

ob=
fl=
fn=(55) runtime.gcDrainN
+806 0 10

ob=
fl=
fn=(13)
+445 0 10
+72 0 10

ob=
fl=
fn=(8)
+212 0 10
+14 0 10
+449 0 10
+18 0 10
+155 0 10

ob=
fl=
fn=(10)
+571 0 10
+4 0 10
+45 0 10
+185 0 10
+493 0 10
+29 0 10
+2 0 10
+65 0 10
+26 0 10

ob=
fl=
fn=(56) runtime.sweepone
+3650 0 10
+35 0 10

ob=
fl=
fn=(57) runtime.(*mspan).sweep
+923 0 10

ob=
fl=
fn=(58) runtime.(*gcSweepBuf).push
+3271 0 10

ob=
fl=
fn=(59) runtime.(*mheap).alloc
+8340 0 10

ob=
fl=
fn=(60) runtime.(*mheap).allocSpanLocked
+571 0 10
+177 0 10

ob=
fl=
fn=(61) runtime.newMarkBits
+8193 0 10

ob=
fl=
fn=(62) runtime.(*bucket).mp
+1094 0 10

ob=
fl=
fn=(63) runtime.purgecachedstats
+10096 0 10

ob=
fl=
fn=(64) net.runtime_pollReset
+3923 0 10

ob=
fl=
fn=(65) net.runtime_pollWait
+213 0 10

ob=
fl=
fn=(66) runtime.netpollunblock
+2683 0 10
+37 0 10
+27 0 10

ob=
fl=
fn=(67) runtime.deferproc
+7410 0 10
+4 0 10
+28 0 10

ob=
fl=
fn=(20)
+1091 0 10
+5 0 10

ob=
fl=
fn=(21)
+1229 0 10
+9 0 10

ob=
fl=
fn=(68) runtime.Gosched
+10288 0 10

ob=
fl=
fn=(22)
+353 0 10

ob=
fl=
fn=(69) runtime.readgstatus
+6449 0 10

ob=
fl=
fn=(70) runtime.casgstatus
+940 0 10
+304 0 10

ob=
fl=
fn=(71) runtime.startm
+7477 0 10

ob=
fl=
fn=(72) runtime.findrunnable
+3016 0 10
+1236 0 10
+158 0 10
+4 0 10

ob=
fl=
fn=(73) runtime.injectglist
+1324 0 10

ob=
fl=
fn=(74) runtime.schedule
+354 0 10
+135 0 10

ob=
fl=
fn=(75) runtime.reentersyscall
+2805 0 10

ob=
fl=
fn=(76) runtime.exitsyscallfast
+2348 0 10

ob=
fl=
fn=(77) runtime.acquirep
+9529 0 10

ob=
fl=
fn=(78) runtime.releasep
+658 0 10

ob=
fl=
fn=(79) runtime.sysmon
+1871 0 10
+443 0 10

ob=
fl=
fn=(80) runtime.retake
+1212 0 10

ob=
fl=
fn=(81) runtime.runqgrab
+4923 0 10
+135 0 10

ob=
fl=
fn=(82) runtime.runqsteal
+180 0 10

ob=
fl=
fn=(83) sync.runtime_procPin
+236 0 10

ob=
fl=
fn=(84) runtime.timediv
+6252 0 10

ob=
fl=
fn=(85) reflect.resolveTypeOff
+1312 0 10

ob=
fl=
fn=(86) runtime.makeslice
+27162 0 10
+19 0 10
+34 0 10

ob=
fl=
fn=(87) runtime.concatstring2
+15682 0 10

ob=
fl=
fn=(88) runtime.slicebytetostring
+567 0 10
+72 0 10

ob=
fl=
fn=(89) runtime.rawstringtmp
+194 0 10

ob=
fl=
fn=(90) runtime.rawstring
+1442 0 10
+23 0 10

ob=
fl=
fn=(91) runtime.unixnanotime
+2645 0 10

ob=
fl=
fn=(92) runtime.findfunc
+6205 0 10

ob=
fl=
fn=(93) runtime.pcvalue
+601 0 10

ob=
fl=
fn=(94) runtime.readvarint
+3170 0 10
+72 0 10
+5 0 10
+10 0 10

ob=
fl=
fn=(95) runtime.gentraceback
+20693 0 10
+3574 0 10

ob=
fl=
fn=(96) runtime.resolveTypeOff
+10458 0 10
+84 0 10
+29 0 10

ob=
fl=
fn=(97) runtime.gogo
+21772 0 10

ob=
fl=
fn=(98) runtime.systemstack
+261 0 10
+29 0 10
+100 0 10
+16 0 10

ob=
fl=
fn=(99) runtime.procyield
+5984 0 10

ob=
fl=
fn=(100) runtime.jmpdefer
+31 0 10

ob=
fl=
fn=(101) runtime.eqstring
+2635 0 10

ob=
fl=
fn=(102) runtime.memeqbody
+186 0 10

ob=
fl=
fn=(103) runtime.indexbytebody
+1750 0 10

ob=
fl=
fn=(104) runtime.duffcopy
+1697 0 10
+53 0 10
+17 0 10
+7 0 10

ob=
fl=
fn=(15)
+39 0 10
+300 0 10
+230 0 10

ob=
fl=
fn=(11)
+126 0 10
+65 0 10
+471 0 10
+6 0 10
+40 0 10
+88 0 10
+10 0 10
+22 0 10
+32 0 10
+606 0 10
+67 0 10
+278 0 10

ob=
fl=
fn=(105) nanotime
+470 0 10

ob=
fl=
fn=(2)
+601 0 10
+50 0 10

ob=
fl=
fn=(106) sync.(*Pool).Get
+20415 0 10
+173 0 10

ob=
fl=
fn=(107) sync.(*Pool).pin
+616 0 10
+10 0 10

ob=
fl=
fn=(108) io.ReadFull
+4704 0 10

ob=
fl=
fn=(109) bytes.LastIndex
+47242 0 10

ob=
fl=
fn=(110) bytes.Index
+7329 0 10

ob=
fl=
fn=(111) math.frexp
+4423 0 10

ob=
fl=
fn=(112) math.ldexp
+432 0 10

ob=
fl=
fn=(113) strconv.ParseUint
+11790 0 10
+170 0 10
+60 0 10

ob=
fl=
fn=(114) strconv.FormatInt
+21297 0 10

ob=
fl=
fn=(115) strconv.AppendInt
+371 0 10

ob=
fl=
fn=(116) strconv.formatBits
+848 0 10

ob=
fl=
fn=(117) syscall.Write
+31158 0 10

ob=
fl=
fn=(118) syscall.read
+11415 0 10

ob=
fl=
fn=(1)
+3961 0 10

ob=
fl=
fn=(119) time.nextStdChunk
+2793 0 10
+627 0 10
+953 0 10

ob=
fl=
fn=(120) time.appendInt
+2119 0 10

ob=
fl=
fn=(121) time.formatNano
+997 0 10

ob=
fl=
fn=(122) time.Time.AppendFormat
+1271 0 10
+15 0 10
+162 0 10
+72 0 10
+2593 0 10
+2438 0 10
+2223 0 10
+9 0 10

ob=
fl=
fn=(123) reflect.(*rtype).String
+103014 0 10
+16 0 10

ob=
fl=
fn=(124) reflect.(*rtype).Name
+5349 0 10

ob=
fl=
fn=(125) reflect.(*rtype).Elem
+489 0 10

ob=
fl=
fn=(126) reflect.implements
+13234 0 10
+899 0 10
+476 0 10

ob=
fl=
fn=(127) reflect.directlyAssignable
+34 0 10

ob=
fl=
fn=(128) reflect.flag.mustBeExported
+17465 0 10
+32 0 10

ob=
fl=
fn=(129) reflect.Value.Field
+10959 0 10

ob=
fl=
fn=(130) reflect.Value.Index
+2319 0 10

ob=
fl=
fn=(131) reflect.valueInterface
+1112 0 10

ob=
fl=
fn=(132) reflect.Value.IsNil
+625 0 10

ob=
fl=
fn=(133) reflect.Value.Set
+6874 0 10

ob=
fl=
fn=(134) reflect.Value.Type
+5785 0 10

ob=
fl=
fn=(26)
+4820 0 10
+5 0 10

ob=
fl=
fn=(135) reflect.Zero
+644 0 10

ob=
fl=
fn=(136) reflect.Value.assignTo
+1241 0 10

ob=
fl=
fn=(137) context.(*cancelCtx).cancel
+117849 0 10

ob=
fl=
fn=(138) context.WithCancel.func1
+3591 0 10

ob=
fl=
fn=(139) database/sql/driver.boolType.ConvertValue
+8268 0 10

ob=
fl=
fn=(140) database/sql/driver.defaultConverter.ConvertValue
+2521 0 10

ob=
fl=
fn=(141) database/sql.convertAssign
+19875 0 10
+2145 0 10
+2266 0 10
+740 0 10
+2219 0 10
+387 0 10

ob=
fl=
fn=(142) database/sql.asString
+1554 0 10

ob=
fl=
fn=(143) database/sql.(*DB).conn
+20027 0 10

ob=
fl=
fn=(144) database/sql.(*DB).putConn
+3581 0 10

ob=
fl=
fn=(145) database/sql.(*DB).begin
+10806 0 10

ob=
fl=
fn=(146) database/sql.(*Rows).Next
+18373 0 10

ob=
fl=
fn=(147) database/sql.(*Rows).Scan
+4053 0 10
+229 0 10
+130 0 10

ob=
fl=
fn=(148) database/sql.(*Rows).close
+1186 0 10

ob=
fl=
fn=(149) database/sql.withLock
+1495 0 10
+31 0 10

ob=
fl=
fn=(150) database/sql.(*Rows).Next.func1
+4857 0 10

ob=
fl=
fn=(151) strings.IndexAny
+26914 0 10

ob=
fl=
fn=(152) bufio.(*Reader).Read
+16588 0 10

ob=
fl=
fn=(153) bufio.(*Writer).Write
+5899 0 10

ob=
fl=
fn=(154) net.(*fdMutex).rwlock
+130621 0 10
+149 0 10

ob=
fl=
fn=(155) net.(*netFD).readLock
+814 0 10

ob=
fl=
fn=(28)
+7790 0 10

ob=
fl=
fn=(156) net.(*netFD).Write
+2409 0 10
+9 0 10
+931 0 10

ob=
fl=
fn=(157) net.(*TCPConn).Read
+187801 0 10

ob=
fl=
fn=(158) net.(*TCPConn).Write
+50 0 10

ob=
fl=
fn=(159) github.com/nd-r/tech-db-forum/vendor/github.com/lib/pq.(*conn).query
+764633 0 10
+964 0 10

ob=
fl=
fn=(160) github.com/nd-r/tech-db-forum/vendor/github.com/lib/pq.(*conn).recvMessage
+2425 0 10
+273 0 10
+112 0 10
+25 0 10

ob=
fl=
fn=(161) github.com/nd-r/tech-db-forum/vendor/github.com/lib/pq.(*conn).parseComplete
+14969 0 10

ob=
fl=
fn=(162) github.com/nd-r/tech-db-forum/vendor/github.com/lib/pq.(*rows).Columns
+1665 0 10

ob=
fl=
fn=(163) github.com/nd-r/tech-db-forum/vendor/github.com/lib/pq.(*rows).Next
+313 0 10
+780 0 10
+62 0 10
+858 0 10

ob=
fl=
fn=(164) github.com/nd-r/tech-db-forum/vendor/github.com/lib/pq.(*conn).QueryContext
+20923 0 10

ob=
fl=
fn=(165) github.com/nd-r/tech-db-forum/vendor/github.com/lib/pq.ParseTimestamp
+23431 0 10
+230 0 10
+77 0 10
+20 0 10
+1643 0 10
+247 0 10

ob=
fl=
fn=(166) github.com/nd-r/tech-db-forum/vendor/github.com/jmoiron/sqlx/reflectx.(*Mapper).TypeMap
+31753 0 10

ob=
fl=
fn=(167) github.com/nd-r/tech-db-forum/vendor/github.com/jmoiron/sqlx/reflectx.FieldByIndexes
+3951 0 10
+43 0 10

ob=
fl=
fn=(168) github.com/nd-r/tech-db-forum/vendor/github.com/jmoiron/sqlx/reflectx.mustBe
+1037 0 10

ob=
fl=
fn=(169) github.com/nd-r/tech-db-forum/vendor/github.com/jmoiron/sqlx.isScannable
+30989 0 10

ob=
fl=
fn=(170) github.com/nd-r/tech-db-forum/vendor/github.com/jmoiron/sqlx.(*Row).scanAny
+21998 0 10

ob=
fl=
fn=(171) github.com/nd-r/tech-db-forum/vendor/github.com/jmoiron/sqlx.fieldsByTraversal
+7798 0 10
+5 0 10

ob=
fl=
fn=(172) github.com/nd-r/tech-db-forum/vendor/github.com/mailru/easyjson/buffer.putBuf
+800516 0 10

ob=
fl=
fn=(173) github.com/nd-r/tech-db-forum/vendor/github.com/mailru/easyjson/buffer.getBuf
+221 0 10

ob=
fl=
fn=(174) github.com/nd-r/tech-db-forum/vendor/github.com/mailru/easyjson/buffer.(*Buffer).EnsureSpace
+926 0 10

ob=
fl=
fn=(29)
+200 0 10
+24 0 10

ob=
fl=
fn=(175) github.com/nd-r/tech-db-forum/vendor/github.com/mailru/easyjson/buffer.(*Buffer).AppendBytes
+360 0 10

ob=
fl=
fn=(176) github.com/nd-r/tech-db-forum/vendor/github.com/mailru/easyjson/buffer.(*Buffer).AppendString
+573 0 10

ob=
fl=
fn=(177) github.com/nd-r/tech-db-forum/vendor/github.com/mailru/easyjson/buffer.(*Buffer).BuildBytes
+1362 0 10
+434 0 10

ob=
fl=
fn=(178) github.com/nd-r/tech-db-forum/vendor/github.com/mailru/easyjson/jwriter.(*Writer).RawByte
+3499 0 10
+2 0 10

ob=
fl=
fn=(9)
+9880 0 10
+1051 0 10
+97 0 10

ob=
fl=
fn=(179) github.com/nd-r/tech-db-forum/models.User.MarshalJSON
+8683 0 10

ob=
fl=
fn=(180) github.com/nd-r/tech-db-forum/database.GetForumDetails
+38540 0 10

ob=
fl=
fn=(181) github.com/nd-r/tech-db-forum/vendor/github.com/valyala/fasthttp.lowercaseBytes
+191521 0 10

ob=
fl=
fn=(182) github.com/nd-r/tech-db-forum/vendor/github.com/valyala/fasthttp.(*ResponseHeader).AppendBytes
+114089 0 10

ob=
fl=
fn=(183) github.com/nd-r/tech-db-forum/vendor/github.com/valyala/fasthttp.(*RequestCtx).IsGet
+78518 0 10

ob=
fl=
fn=(184) github.com/nd-r/tech-db-forum/vendor/github.com/valyala/fasthttp.acquireWriter
+25609 0 10

ob=
fl=
fn=(185) github.com/nd-r/tech-db-forum/vendor/github.com/valyala/fasthttp.releaseWriter
+652 0 10

ob=
fl=
fn=(186) github.com/nd-r/tech-db-forum/vendor/github.com/valyala/fasthttp.splitHostURI
+25799 0 10

ob=
fl=
fn=(187) github.com/nd-r/tech-db-forum/vendor/github.com/buaazp/fasthttprouter.(*Router).Handler
+33292 0 10

ob=
fl=
fn=(188) runtime.closechan
-3578169 0 0
cfl=
cfn=(189) runtime.goready
calls=510 -3415060 0
* * 510

ob=
fl=
fn=(190) runtime.chanrecv1
+246 0 0
cfl=
cfn=(191) runtime.chanrecv
calls=10 +1218 0
* * 10

ob=
fl=
fn=(191)
+972 0 0
cfl=
cfn=(192) runtime.goparkunlock
calls=10 +162761 0
* * 10

ob=
fl=
fn=(31)
+14866 0 0
cfl=
cfn=(30)
calls=10 -16784 0
* * 10

ob=
fl=
fn=(34)
+14759 0 0
cfl=
cfn=(102)
calls=10 +323752 0
* * 10

ob=
fl=
fn=(193) runtime.convT2E
+4878 0 0
cfl=
cfn=(14)
calls=80 +15742 0
* * 80
+39 0 0
cfl=
cfn=(40)
calls=10 +13673 0
* * 10
cfl=
cfn=(40)
calls=10 +13844 0
* * 10

ob=
fl=
fn=(194) runtime.convT2I
+146 0 0
cfl=
cfn=(14)
calls=10 +10825 0
* * 10

ob=
fl=
fn=(195) runtime.convI2I
+215 0 0
cfl=
cfn=(35)
calls=10 -3830 0
* * 10

ob=
fl=
fn=(196) runtime.assertI2I2
+645 0 0
cfl=
cfn=(35)
calls=10 -4174 0
* * 10
cfl=
cfn=(35)
calls=10 -4124 0
* * 10

ob=
fl=
fn=(197) runtime.assertE2I2
+598 0 0
cfl=
cfn=(35)
calls=10 -4618 0
* * 10

ob=
fl=
fn=(16)
+1078 0 0
cfl=
cfn=(99)
calls=10 +299620 0
* * 10
+70 0 0
cfl=
cfn=(198) runtime.osyield
calls=40 +109409 0
* * 40

ob=
fl=
fn=(199) runtime.notewakeup
+433 0 0
cfl=
cfn=(200) runtime.semawakeup
calls=1700 +106194 0
* * 1700

ob=
fl=
fn=(201) runtime.notesleep
+226 0 0
cfl=
cfn=(202) runtime.semasleep
calls=1380 +108765 0
* * 1380

ob=
fl=
fn=(203) runtime.notetsleep_internal
+199 0 0
cfl=
cfn=(202)
calls=480 +108539 0
* * 480

ob=
fl=
fn=(204) runtime.notetsleep
+492 0 0
cfl=
cfn=(203)
calls=480 * 0
* * 480

ob=
fl=
fn=(205) runtime.(*mcache).nextFree
+3268 0 0
cfl=
cfn=(98)
calls=140 +291108 0
* * 140
cfl=
cfn=(98)
calls=40 +291158 0
* * 40

ob=
fl=
fn=(12)
+1710 0 0
cfl=
cfn=(206) runtime.profilealloc
calls=20 +3970 0
* * 20
+221 0 0
cfl=
cfn=(47)
calls=10 +11601 0
* * 10
cfl=
cfn=(47)
calls=10 +11646 0
* * 10
cfl=
cfn=(47)
calls=10 +11728 0
* * 10
cfl=
cfn=(47)
calls=10 +11822 0
* * 10
cfl=
cfn=(47)
calls=10 +11856 0
* * 10
cfl=
cfn=(47)
calls=10 +12000 0
* * 10
cfl=
cfn=(47)
calls=10 +12151 0
* * 10
cfl=
cfn=(47)
calls=10 +12210 0
* * 10
cfl=
cfn=(47)
calls=10 +12288 0
* * 10
+550 0 0
cfl=
cfn=(15)
calls=20 +298401 0
* * 20
cfl=
cfn=(15)
calls=20 +298934 0
* * 20
cfl=
cfn=(15)
calls=10 +298338 0
* * 10
cfl=
cfn=(15)
calls=10 +298616 0
* * 10
cfl=
cfn=(15)
calls=10 +298868 0
* * 10
+61 0 0
cfl=
cfn=(205)
calls=180 -2481 0
* * 180
+432 0 0
cfl=
cfn=(207) runtime.gcAssistAlloc
calls=140 +43085 0
* * 140

ob=
fl=
fn=(14)
+481 0 0
cfl=
cfn=(12)
calls=70 * 0
* * 70
cfl=
cfn=(12)
calls=50 -493 0
* * 50
cfl=
cfn=(12)
calls=20 -1043 0
* * 20
cfl=
cfn=(12)
calls=10 -1707 0
* * 10
cfl=
cfn=(12)
calls=10 -1264 0
* * 10
cfl=
cfn=(12)
calls=10 -1098 0
* * 10
cfl=
cfn=(12)
calls=10 -1031 0
* * 10
cfl=
cfn=(12)
calls=10 -1026 0
* * 10
cfl=
cfn=(12)
calls=10 -990 0
* * 10
cfl=
cfn=(12)
calls=10 -642 0
* * 10
cfl=
cfn=(12)
calls=10 -638 0
* * 10
cfl=
cfn=(12)
calls=10 -432 0
* * 10
cfl=
cfn=(12)
calls=10 -376 0
* * 10
cfl=
cfn=(12)
calls=10 -342 0
* * 10

ob=
fl=
fn=(37)
+83 0 0
cfl=
cfn=(14)
calls=30 * 0
* * 30
cfl=
cfn=(14)
calls=20 -18 0
* * 20
cfl=
cfn=(14)
calls=10 -40 0
* * 10

ob=
fl=
fn=(38)
+137 0 0
cfl=
cfn=(12)
calls=40 -1607 0
* * 40
cfl=
cfn=(12)
calls=20 -996 0
* * 20
cfl=
cfn=(12)
calls=10 -1606 0
* * 10

ob=
fl=
fn=(208) reflect.unsafe_NewArray
+193 0 0
cfl=
cfn=(38)
calls=70 * 0
* * 70
cfl=
cfn=(38)
calls=10 +112 0
* * 10

ob=
fl=
fn=(206)
+102 0 0
cfl=
cfn=(209) runtime.mProf_Malloc
calls=20 +80001 0
* * 20

ob=
fl=
fn=(210) runtime.gcmarkwb_m
+1631 0 0
cfl=
cfn=(211) runtime.shade
calls=10 +50934 0
* * 10
cfl=
cfn=(211)
calls=10 +51058 0
* * 10

ob=
fl=
fn=(39)
+213 0 0
cfl=
cfn=(98)
calls=20 +282239 0
* * 20

ob=
fl=
fn=(212) runtime.writebarrierptr
+158 0 0
cfl=
cfn=(39)
calls=20 * 0
* * 20
cfl=
cfn=(39)
calls=10 -71 0
* * 10
cfl=
cfn=(39)
calls=10 -59 0
* * 10

ob=
fl=
fn=(40)
+463 0 0
cfl=
cfn=(45)
calls=10 +5396 0
* * 10

ob=
fl=
fn=(41)
+83 0 0
cfl=
cfn=(40)
calls=10 -162 0
* * 10

ob=
fl=
fn=(213) runtime.heapBits.initSpan
+5984 0 0
cfl=
cfn=(61)
calls=10 +74642 0
* * 10
+169 0 0
cfl=
cfn=(15)
calls=10 +287830 0
* * 10

ob=
fl=
fn=(214) runtime.(*mcache).refill
+5672 0 0
cfl=
cfn=(18)
calls=50 +6338 0
* * 50
cfl=
cfn=(18)
calls=20 +6083 0
* * 20
cfl=
cfn=(18)
calls=20 +6144 0
* * 20
cfl=
cfn=(18)
calls=20 +6257 0
* * 20
cfl=
cfn=(18)
calls=10 +6164 0
* * 10
cfl=
cfn=(18)
calls=10 +6701 0
* * 10
cfl=
cfn=(18)
calls=10 +7049 0
* * 10

ob=
fl=
fn=(215) runtime.(*mcache).releaseAll
+324 0 0
cfl=
cfn=(216) runtime.(*mcentral).uncacheSpan
calls=10 +1553 0
* * 10

ob=
fl=
fn=(18)
+148 0 0
cfl=
cfn=(16)
calls=10 -23607 0
* * 10
cfl=
cfn=(16)
calls=10 -23515 0
* * 10
+194 0 0
cfl=
cfn=(217) runtime.(*mcentral).grow
calls=30 +1846 0
* * 30
cfl=
cfn=(217)
calls=20 +1934 0
* * 20
+363 0 0
cfl=
cfn=(44)
calls=10 -10789 0
* * 10
+348 0 0
cfl=
cfn=(36)
calls=10 -23817 0
* * 10

ob=
fl=
fn=(216)
+176 0 0
cfl=
cfn=(16)
calls=10 -24679 0
* * 10

ob=
fl=
fn=(48)
+362 0 0
cfl=
cfn=(16)
calls=10 -24905 0
* * 10

ob=
fl=
fn=(217)
+403 0 0
cfl=
cfn=(59)
calls=20 +52106 0
* * 20
cfl=
cfn=(59)
calls=10 +51961 0
* * 10
+88 0 0
cfl=
cfn=(213)
calls=10 -8159 0
* * 10
cfl=
cfn=(213)
calls=10 -7990 0
* * 10

ob=
fl=
fn=(218) runtime.(*gcControllerState).findRunnableGCWorker
+9609 0 0
cfl=
cfn=(49)
calls=10 +16666 0
* * 10

ob=
fl=
fn=(219) runtime.gcMarkDone
+1898 0 0
cfl=
cfn=(98)
calls=20 +257532 0
* * 20
+198 0 0
cfl=
cfn=(98)
calls=10 +255634 0
* * 10
+60 0 0
cfl=
cfn=(220) runtime.gcMarkTermination
calls=30 +512 0
* * 30
cfl=
cfn=(220)
calls=20 +1055 0
* * 20
cfl=
cfn=(220)
calls=10 +1196 0
* * 10
cfl=
cfn=(220)
calls=10 +3116 0
* * 10
+26 0 0
cfl=
cfn=(212)
calls=10 -26542 0
* * 10

ob=
fl=
fn=(220)
+426 0 0
cfl=
cfn=(98)
calls=30 +255300 0
* * 30
+543 0 0
cfl=
cfn=(98)
calls=20 +254874 0
* * 20
+141 0 0
cfl=
cfn=(221) runtime.gcTryRemoveAllStackBarriers
calls=10 +60563 0
* * 10
+1920 0 0
cfl=
cfn=(222) runtime.mProf_GC
calls=10 +50055 0
* * 10

ob=
fl=
fn=(223) runtime.gcBgMarkWorker
+913 0 0
cfl=
cfn=(98)
calls=750 +252270 0
* * 750
cfl=
cfn=(98)
calls=140 +252320 0
* * 140
+263 0 0
cfl=
cfn=(219)
calls=70 -3969 0
* * 70
cfl=
cfn=(219)
calls=20 -4227 0
* * 20
cfl=
cfn=(219)
calls=10 -4029 0
* * 10
cfl=
cfn=(219)
calls=10 -3943 0
* * 10

ob=
fl=
fn=(224) runtime.gcMark
+1257 0 0
cfl=
cfn=(225) runtime.cachestats
calls=10 +55234 0
* * 10
+909 0 0
cfl=
cfn=(226) runtime.helpgc
calls=20 +87770 0
* * 20

ob=
fl=
fn=(227) runtime.gchelper
+1756 0 0
cfl=
cfn=(199)
calls=10 -43097 0
* * 10
+27 0 0
cfl=
cfn=(54)
calls=10 +11513 0
* * 10

ob=
fl=
fn=(50)
+3092 0 0
cfl=
cfn=(51)
calls=10 +4110 0
* * 10
cfl=
cfn=(51)
calls=10 +4171 0
* * 10
cfl=
cfn=(51)
calls=10 +4328 0
* * 10
+124 0 0
cfl=
cfn=(228) runtime.markrootBlock
calls=60 +456 0
* * 60
+144 0 0
cfl=
cfn=(228)
calls=10 +332 0
* * 10
+40 0 0
cfl=
cfn=(229) runtime.flushmcache
calls=10 +48049 0
* * 10

ob=
fl=
fn=(228)
+148 0 0
cfl=
cfn=(13)
calls=20 +9575 0
* * 20
cfl=
cfn=(13)
calls=20 +9622 0
* * 20
cfl=
cfn=(13)
calls=10 +9565 0
* * 10
cfl=
cfn=(13)
calls=10 +9637 0
* * 10
cfl=
cfn=(13)
calls=10 +9666 0
* * 10

ob=
fl=
fn=(51)
+780 0 0
cfl=
cfn=(8)
calls=10 +10233 0
* * 10

ob=
fl=
fn=(207)
+604 0 0
cfl=
cfn=(98)
calls=120 +242817 0
* * 120
cfl=
cfn=(98)
calls=20 +242867 0
* * 20

ob=
fl=
fn=(230) runtime.gcAssistAlloc1
+547 0 0
cfl=
cfn=(55)
calls=70 +7684 0
* * 70
cfl=
cfn=(55)
calls=40 +7610 0
* * 40
cfl=
cfn=(55)
calls=10 +7588 0
* * 10
cfl=
cfn=(55)
calls=10 +7835 0
* * 10

ob=
fl=
fn=(19)
+2382 0 0
cfl=
cfn=(95)
calls=90 +208858 0
* * 90
cfl=
cfn=(95)
calls=10 +205373 0
* * 10
cfl=
cfn=(95)
calls=10 +208947 0
* * 10
cfl=
cfn=(95)
calls=10 +209385 0
* * 10
cfl=
cfn=(95)
calls=10 +210315 0
* * 10

ob=
fl=
fn=(53)
+1242 0 0
cfl=
cfn=(231) runtime.pcdatavalue
calls=30 +181588 0
* * 30
+125 0 0
cfl=
cfn=(13)
calls=20 +3919 0
* * 20
cfl=
cfn=(13)
calls=10 +4100 0
* * 10
+780 0 0
cfl=
cfn=(13)
calls=20 +3838 0
* * 20

ob=
fl=
fn=(54)
+1478 0 0
cfl=
cfn=(50)
calls=40 -6792 0
* * 40
cfl=
cfn=(50)
calls=10 -7376 0
* * 10
cfl=
cfn=(50)
calls=10 -6916 0
* * 10
cfl=
cfn=(50)
calls=10 -6648 0
* * 10
cfl=
cfn=(50)
calls=10 -6608 0
* * 10
+193 0 0
cfl=
cfn=(8)
calls=120 +2549 0
* * 120
cfl=
cfn=(8)
calls=70 +2362 0
* * 70
cfl=
cfn=(8)
calls=70 +2408 0
* * 70
cfl=
cfn=(8)
calls=60 +2271 0
* * 60
cfl=
cfn=(8)
calls=40 +2253 0
* * 40
cfl=
cfn=(8)
calls=30 +2304 0
* * 30
cfl=
cfn=(8)
calls=20 +2261 0
* * 20
cfl=
cfn=(8)
calls=20 +2265 0
* * 20
cfl=
cfn=(8)
calls=20 +2355 0
* * 20
cfl=
cfn=(8)
calls=20 +2552 0
* * 20
cfl=
cfn=(8)
calls=10 +1777 0
* * 10
cfl=
cfn=(8)
calls=10 +2226 0
* * 10
cfl=
cfn=(8)
calls=10 +2244 0
* * 10
cfl=
cfn=(8)
calls=10 +2299 0
* * 10
cfl=
cfn=(8)
calls=10 +2399 0
* * 10
+140 0 0
cfl=
cfn=(232) runtime.pollWork
calls=60 +87575 0
* * 60
+163 0 0
cfl=
cfn=(52)
calls=10 -4601 0
* * 10
+190 0 0
cfl=
cfn=(233) runtime.(*gcWork).balance
calls=30 +13120 0
* * 30
+50 0 0
cfl=
cfn=(232)
calls=40 +87082 0
* * 40

ob=
fl=
fn=(55)
+320 0 0
cfl=
cfn=(50)
calls=20 -9130 0
* * 20
cfl=
cfn=(50)
calls=20 -9006 0
* * 20
+74 0 0
cfl=
cfn=(8)
calls=10 +707 0
* * 10
cfl=
cfn=(8)
calls=10 +1197 0
* * 10
cfl=
cfn=(8)
calls=10 +1205 0
* * 10
cfl=
cfn=(8)
calls=10 +1239 0
* * 10
cfl=
cfn=(8)
calls=10 +1243 0
* * 10
cfl=
cfn=(8)
calls=10 +1306 0
* * 10
cfl=
cfn=(8)
calls=10 +1496 0
* * 10
+151 0 0
cfl=
cfn=(233)
calls=10 +12486 0
* * 10

ob=
fl=
fn=(13)
+299 0 0
cfl=
cfn=(17)
calls=20 -44071 0
* * 20
cfl=
cfn=(17)
calls=10 -44098 0
* * 10
+137 0 0
cfl=
cfn=(10)
calls=10 +2146 0
* * 10

ob=
fl=
fn=(8)
+691 0 0
cfl=
cfn=(17)
calls=10 -44665 0
* * 10
cfl=
cfn=(17)
calls=10 -44534 0
* * 10
cfl=
cfn=(17)
calls=10 -43702 0
* * 10
cfl=
cfn=(17)
calls=10 -43693 0
* * 10
cfl=
cfn=(17)
calls=10 -43670 0
* * 10
cfl=
cfn=(17)
calls=10 -43667 0
* * 10
cfl=
cfn=(17)
calls=10 -43662 0
* * 10
+141 0 0
cfl=
cfn=(10)
calls=50 +1334 0
* * 50
cfl=
cfn=(10)
calls=10 +562 0
* * 10
cfl=
cfn=(10)
calls=10 +566 0
* * 10
cfl=
cfn=(10)
calls=10 +611 0
* * 10
cfl=
cfn=(10)
calls=10 +796 0
* * 10
cfl=
cfn=(10)
calls=10 +1320 0
* * 10
cfl=
cfn=(10)
calls=10 +1385 0
* * 10
cfl=
cfn=(10)
calls=10 +1411 0
* * 10

ob=
fl=
fn=(211)
+174 0 0
cfl=
cfn=(17)
calls=10 -45325 0
* * 10
+124 0 0
cfl=
cfn=(10)
calls=10 +974 0
* * 10

ob=
fl=
fn=(234) runtime.bgsweep
+4046 0 0
cfl=
cfn=(235) runtime.gosweepone
calls=60 +5158 0
* * 60
+29 0 0
cfl=
cfn=(68)
calls=10 +60223 0
* * 10

ob=
fl=
fn=(56)
+581 0 0
cfl=
cfn=(57)
calls=20 +2439 0
* * 20
cfl=
cfn=(57)
calls=10 +1505 0
* * 10
cfl=
cfn=(57)
calls=10 +1996 0
* * 10
cfl=
cfn=(57)
calls=10 +2185 0
* * 10

ob=
fl=
fn=(235)
+502 0 0
cfl=
cfn=(98)
calls=60 +228156 0
* * 60

ob=
fl=
fn=(57)
+913 0 0
cfl=
cfn=(46)
calls=10 -47018 0
* * 10
+189 0 0
cfl=
cfn=(61)
calls=10 +20109 0
* * 10
+254 0 0
cfl=
cfn=(48)
calls=10 -41030 0
* * 10
cfl=
cfn=(48)
calls=10 -40993 0
* * 10

ob=
fl=
fn=(233)
+4255 0 0
cfl=
cfn=(236) runtime.handoff
calls=40 +6120 0
* * 40

ob=
fl=
fn=(236)
+1865 0 0
cfl=
cfn=(11)
calls=10 +235710 0
* * 10
cfl=
cfn=(11)
calls=10 +236659 0
* * 10
cfl=
cfn=(11)
calls=10 +236746 0
* * 10
cfl=
cfn=(11)
calls=10 +236789 0
* * 10

ob=
fl=
fn=(237) runtime.(*mheap).reclaim
+3529 0 0
cfl=
cfn=(56)
calls=10 -7978 0
* * 10

ob=
fl=
fn=(238) runtime.(*mheap).alloc_m
+322 0 0
cfl=
cfn=(60)
calls=10 +1599 0
* * 10
cfl=
cfn=(60)
calls=10 +1776 0
* * 10
+242 0 0
cfl=
cfn=(58)
calls=10 -7634 0
* * 10
+309 0 0
cfl=
cfn=(237)
calls=10 -564 0
* * 10

ob=
fl=
fn=(59)
+300 0 0
cfl=
cfn=(15)
calls=10 +228483 0
* * 10
cfl=
cfn=(15)
calls=10 +228505 0
* * 10

ob=
fl=
fn=(61)
+8844 0 0
cfl=
cfn=(16)
calls=10 -77304 0
* * 10

ob=
fl=
fn=(239) runtime.mprof_GC
+2270 0 0
cfl=
cfn=(62)
calls=10 +1046 0
* * 10

ob=
fl=
fn=(222)
+227 0 0
cfl=
cfn=(239)
calls=10 * 0
* * 10

ob=
fl=
fn=(209)
+164 0 0
cfl=
cfn=(240) runtime.callers
calls=20 +176777 0
* * 20

ob=
fl=
fn=(225)
+8111 0 0
cfl=
cfn=(63)
calls=10 +8481 0
* * 10

ob=
fl=
fn=(229)
+124 0 0
cfl=
cfn=(215)
calls=10 -73313 0
* * 10

ob=
fl=
fn=(221)
+1968 0 0
cfl=
cfn=(69)
calls=10 +33995 0
* * 10

ob=
fl=
fn=(65)
+2408 0 0
cfl=
cfn=(241) runtime.netpollblock
calls=20 +4902 0
* * 20

ob=
fl=
fn=(242) runtime.netpollready
+2050 0 0
cfl=
cfn=(66)
calls=10 +2689 0
* * 10
cfl=
cfn=(66)
calls=10 +2753 0
* * 10
+46 0 0
cfl=
cfn=(66)
calls=10 +676 0
* * 10

ob=
fl=
fn=(241)
+398 0 0
cfl=
cfn=(22)
calls=10 +21074 0
* * 10
cfl=
cfn=(22)
calls=10 +21079 0
* * 10

ob=
fl=
fn=(243) runtime.netpoll
+2109 0 0
cfl=
cfn=(3)
calls=2030 +205277 0
* * 2030
+366 0 0
cfl=
cfn=(242)
calls=20 -2553 0
* * 20
cfl=
cfn=(242)
calls=10 -2507 0
* * 10

ob=
fl=
fn=(200)
+127 0 0
cfl=
cfn=(244) runtime.mach_semrelease
calls=1700 +3176 0
* * 1700

ob=
fl=
fn=(245) runtime.semasleep1
+2682 0 0
cfl=
cfn=(5)
calls=1380 +202443 0
* * 1380
+111 0 0
cfl=
cfn=(84)
calls=10 +67381 0
* * 10
+39 0 0
cfl=
cfn=(7)
calls=500 +199674 0
* * 500

ob=
fl=
fn=(202)
+172 0 0
cfl=
cfn=(98)
calls=1860 +183482 0
* * 1860

ob=
fl=
fn=(244)
+45 0 0
cfl=
cfn=(4)
calls=1700 +199487 0
* * 1700

ob=
fl=
fn=(198)
+96 0 0
cfl=
cfn=(2)
calls=60 +199101 0
* * 60

ob=
fl=
fn=(67)
+1911 0 0
cfl=
cfn=(20)
calls=20 +3002 0
* * 20
cfl=
cfn=(20)
calls=20 +3083 0
* * 20
cfl=
cfn=(20)
calls=20 +3173 0
* * 20
cfl=
cfn=(20)
calls=10 +3045 0
* * 10
cfl=
cfn=(20)
calls=10 +3050 0
* * 10

ob=
fl=
fn=(21)
+2508 0 0
cfl=
cfn=(6)
calls=930 +1751 0
* * 930
+34 0 0
cfl=
cfn=(100)
calls=10 +184745 0
* * 10
+24 0 0
cfl=
cfn=(212)
calls=20 -103202 0
* * 20

ob=
fl=
fn=(192)
+10679 0 0
cfl=
cfn=(22)
calls=10 +10457 0
* * 10

ob=
fl=
fn=(189)
+102 0 0
cfl=
cfn=(98)
calls=510 +167963 0
* * 510

ob=
fl=
fn=(246) runtime.ready
+5046 0 0
cfl=
cfn=(247) runtime.runqput
calls=20 +43869 0
* * 20
+91 0 0
cfl=
cfn=(248) runtime.wakep
calls=490 +10926 0
* * 490

ob=
fl=
fn=(226)
+657 0 0
cfl=
cfn=(199)
calls=20 -129301 0
* * 20

ob=
fl=
fn=(249) runtime.scang
+2115 0 0
cfl=
cfn=(198)
calls=20 -21052 0
* * 20
+272 0 0
cfl=
cfn=(19)
calls=120 -79332 0
* * 120
cfl=
cfn=(19)
calls=20 -79598 0
* * 20

ob=
fl=
fn=(250) runtime.startTheWorldWithSema
+1521 0 0
cfl=
cfn=(243)
calls=10 -27077 0
* * 10
+456 0 0
cfl=
cfn=(199)
calls=10 -133866 0
* * 10
+30 0 0
cfl=
cfn=(98)
calls=10 +157703 0
* * 10

ob=
fl=
fn=(251) runtime.mstart
+100 0 0
cfl=
cfn=(252) runtime.mstart1
calls=2100 +398 0
* * 2100

ob=
fl=
fn=(252)
+298 0 0
cfl=
cfn=(79)
calls=1530 +28015 0
* * 1530
cfl=
cfn=(79)
calls=480 +28177 0
* * 480
cfl=
cfn=(79)
calls=20 +28059 0
* * 20
cfl=
cfn=(79)
calls=20 +28193 0
* * 20
cfl=
cfn=(79)
calls=10 +27991 0
* * 10
cfl=
cfn=(79)
calls=10 +28291 0
* * 10
cfl=
cfn=(79)
calls=10 +28305 0
* * 10
cfl=
cfn=(79)
calls=10 +28358 0
* * 10
cfl=
cfn=(79)
calls=10 +28434 0
* * 10

ob=
fl=
fn=(253) runtime.runSafePointFn
+1325 0 0
cfl=
cfn=(199)
calls=20 -134750 0
* * 20

ob=
fl=
fn=(254) runtime.stopm
+2562 0 0
cfl=
cfn=(201)
calls=1380 -135849 0
* * 1380
+48 0 0
cfl=
cfn=(227)
calls=10 -93784 0
* * 10
cfl=
cfn=(227)
calls=10 -93757 0
* * 10
+70 0 0
cfl=
cfn=(77)
calls=10 +21229 0
* * 10

ob=
fl=
fn=(71)
+378 0 0
cfl=
cfn=(199)
calls=950 -138755 0
* * 950

ob=
fl=
fn=(248)
+1003 0 0
cfl=
cfn=(71)
calls=880 * 0
* * 880
cfl=
cfn=(71)
calls=10 -128 0
* * 10

ob=
fl=
fn=(255) runtime.gcstopm
+847 0 0
cfl=
cfn=(254)
calls=10 -1499 0
* * 10
cfl=
cfn=(254)
calls=10 -1451 0
* * 10
+26 0 0
cfl=
cfn=(199)
calls=10 -140983 0
* * 10

ob=
fl=
fn=(72)
+590 0 0
cfl=
cfn=(255)
calls=20 -26 0
* * 20
+200 0 0
cfl=
cfn=(16)
calls=10 -142102 0
* * 10
+54 0 0
cfl=
cfn=(78)
calls=10 +18773 0
* * 10
+391 0 0
cfl=
cfn=(254)
calls=1370 -3216 0
* * 1370
cfl=
cfn=(254)
calls=10 -3098 0
* * 10
+59 0 0
cfl=
cfn=(243)
calls=1010 -36976 0
* * 1010
cfl=
cfn=(243)
calls=20 -36610 0
* * 20
+146 0 0
cfl=
cfn=(73)
calls=60 +2487 0
* * 60
cfl=
cfn=(73)
calls=10 +2440 0
* * 10
+922 0 0
cfl=
cfn=(82)
calls=680 +26950 0
* * 680
cfl=
cfn=(82)
calls=10 +26887 0
* * 10
+242 0 0
cfl=
cfn=(243)
calls=910 -38103 0
* * 910
cfl=
cfn=(243)
calls=10 -37737 0
* * 10
+36 0 0
cfl=
cfn=(73)
calls=10 +1177 0
* * 10
+309 0 0
cfl=
cfn=(253)
calls=20 -7574 0
* * 20

ob=
fl=
fn=(232)
+176 0 0
cfl=
cfn=(243)
calls=100 -38690 0
* * 100

ob=
fl=
fn=(256) runtime.resetspinning
+203 0 0
cfl=
cfn=(248)
calls=150 -3998 0
* * 150

ob=
fl=
fn=(73)
+453 0 0
cfl=
cfn=(71)
calls=70 -5204 0
* * 70

ob=
fl=
fn=(74)
+362 0 0
cfl=
cfn=(255)
calls=10 -3781 0
* * 10
+38 0 0
cfl=
cfn=(256)
calls=150 -815 0
* * 150
+22 0 0
cfl=
cfn=(72)
calls=1380 -2946 0
* * 1380
cfl=
cfn=(72)
calls=1030 -2887 0
* * 1030
cfl=
cfn=(72)
calls=920 -1577 0
* * 920
cfl=
cfn=(72)
calls=690 -1819 0
* * 690
cfl=
cfn=(72)
calls=70 -2741 0
* * 70
cfl=
cfn=(72)
calls=20 -3591 0
* * 20
cfl=
cfn=(72)
calls=20 -1232 0
* * 20
cfl=
cfn=(72)
calls=10 -3391 0
* * 10
cfl=
cfn=(72)
calls=10 -3337 0
* * 10
cfl=
cfn=(72)
calls=10 -3169 0
* * 10
cfl=
cfn=(72)
calls=10 -1933 0
* * 10
cfl=
cfn=(72)
calls=10 -1775 0
* * 10
cfl=
cfn=(72)
calls=10 -1771 0
* * 10
cfl=
cfn=(72)
calls=10 -1541 0
* * 10
+318 0 0
cfl=
cfn=(218)
calls=10 -110669 0
* * 10

ob=
fl=
fn=(257) runtime.park_m
+369 0 0
cfl=
cfn=(70)
calls=10 -14306 0
* * 10
+80 0 0
cfl=
cfn=(74)
calls=3000 -687 0
* * 3000
cfl=
cfn=(74)
calls=110 -709 0
* * 110
cfl=
cfn=(74)
calls=10 -667 0
* * 10
cfl=
cfn=(74)
calls=10 -369 0
* * 10

ob=
fl=
fn=(258) runtime.goschedImpl
+619 0 0
cfl=
cfn=(74)
calls=70 -767 0
* * 70
cfl=
cfn=(74)
calls=10 -827 0
* * 10
cfl=
cfn=(74)
calls=10 -789 0
* * 10

ob=
fl=
fn=(259) runtime.gosched_m
+144 0 0
cfl=
cfn=(258)
calls=70 * 0
* * 70

ob=
fl=
fn=(260) runtime.gopreempt_m
+80 0 0
cfl=
cfn=(258)
calls=20 -144 0
* * 20

ob=
fl=
fn=(261) runtime.goexit0
+674 0 0
cfl=
cfn=(74)
calls=1130 -1610 0
* * 1130
cfl=
cfn=(74)
calls=30 -1632 0
* * 30
cfl=
cfn=(74)
calls=10 -1725 0
* * 10

ob=
fl=
fn=(75)
+671 0 0
cfl=
cfn=(70)
calls=10 -15968 0
* * 10
+361 0 0
cfl=
cfn=(98)
calls=680 +143858 0
* * 680

ob=
fl=
fn=(262) runtime.entersyscall
+148 0 0
cfl=
cfn=(75)
calls=680 * 0
* * 680
cfl=
cfn=(75)
calls=10 -491 0
* * 10
cfl=
cfn=(75)
calls=10 -361 0
* * 10

ob=
fl=
fn=(263) runtime.entersyscall_sysmon
+120 0 0
cfl=
cfn=(199)
calls=680 -148676 0
* * 680

ob=
fl=
fn=(264) runtime.exitsyscall
+980 0 0
cfl=
cfn=(76)
calls=10 +1589 0
* * 10

ob=
fl=
fn=(265) runtime.exitsyscall0
+1463 0 0
cfl=
cfn=(254)
calls=10 -11091 0
* * 10

ob=
fl=
fn=(266) runtime.newproc
+580 0 0
cfl=
cfn=(98)
calls=250 +140786 0
* * 250

ob=
fl=
fn=(267) runtime.newproc1
+811 0 0
cfl=
cfn=(248)
calls=250 -11683 0
* * 250

ob=
fl=
fn=(268) runtime._System
+2731 0 0
cfl=
cfn=(97)
calls=10 +139019 0
* * 10
cfl=
cfn=(98)
calls=10 +139280 0
* * 10
cfl=
cfn=(98)
calls=10 +139309 0
* * 10
cfl=
cfn=(98)
calls=10 +139409 0
* * 10
cfl=
cfn=(98)
calls=10 +139425 0
* * 10

ob=
fl=
fn=(79)
+7106 0 0
cfl=
cfn=(2)
calls=1530 +152550 0
* * 1530
+44 0 0
cfl=
cfn=(16)
calls=20 -162900 0
* * 20
+118 0 0
cfl=
cfn=(204)
calls=480 -161594 0
* * 480
+16 0 0
cfl=
cfn=(16)
calls=20 -163062 0
* * 20
+98 0 0
cfl=
cfn=(269) runtime.nanotime
calls=10 +144800 0
* * 10
+14 0 0
cfl=
cfn=(91)
calls=10 +62233 0
* * 10
+53 0 0
cfl=
cfn=(80)
calls=10 +1341 0
* * 10

ob=
fl=
fn=(247)
+5223 0 0
cfl=
cfn=(23)
calls=20 +15003 0
* * 20

ob=
fl=
fn=(81)
+1144 0 0
cfl=
cfn=(2)
calls=640 +139878 0
* * 640
cfl=
cfn=(2)
calls=10 +139833 0
* * 10
cfl=
cfn=(2)
calls=10 +139883 0
* * 10

ob=
fl=
fn=(82)
+222 0 0
cfl=
cfn=(81)
calls=660 * 0
* * 660
cfl=
cfn=(81)
calls=10 -156 0
* * 10
cfl=
cfn=(81)
calls=10 -21 0
* * 10

ob=
fl=
fn=(85)
+7772 0 0
cfl=
cfn=(270) runtime.(*_type).typeOff
calls=40 +101244 0
* * 40

ob=
fl=
fn=(86)
+27240 0 0
cfl=
cfn=(12)
calls=100 -170444 0
* * 100
cfl=
cfn=(12)
calls=50 -170012 0
* * 50
cfl=
cfn=(12)
calls=30 -171055 0
* * 30
cfl=
cfn=(12)
calls=20 -171719 0
* * 20
cfl=
cfn=(12)
calls=20 -170505 0
* * 20
cfl=
cfn=(12)
calls=10 -171746 0
* * 10
cfl=
cfn=(12)
calls=10 -171276 0
* * 10
cfl=
cfn=(12)
calls=10 -170654 0
* * 10
cfl=
cfn=(12)
calls=10 -170566 0
* * 10
cfl=
cfn=(12)
calls=10 -170388 0
* * 10

ob=
fl=
fn=(271) runtime.newstack
+10603 0 0
cfl=
cfn=(104)
calls=10 +99980 0
* * 10
+522 0 0
cfl=
cfn=(260)
calls=20 -68192 0
* * 20
+302 0 0
cfl=
cfn=(19)
calls=10 -162795 0
* * 10

ob=
fl=
fn=(88)
+4736 0 0
cfl=
cfn=(89)
calls=140 +5002 0
* * 140
cfl=
cfn=(89)
calls=10 +5028 0
* * 10
+64 0 0
cfl=
cfn=(11)
calls=20 +86197 0
* * 20
cfl=
cfn=(11)
calls=10 +84536 0
* * 10
cfl=
cfn=(11)
calls=10 +85078 0
* * 10
cfl=
cfn=(11)
calls=10 +85270 0
* * 10

ob=
fl=
fn=(89)
+202 0 0
cfl=
cfn=(90)
calls=120 +1783 0
* * 120
cfl=
cfn=(90)
calls=10 +1670 0
* * 10
cfl=
cfn=(90)
calls=10 +1693 0
* * 10

ob=
fl=
fn=(90)
+1581 0 0
cfl=
cfn=(12)
calls=50 -214113 0
* * 50
cfl=
cfn=(12)
calls=20 -213681 0
* * 20
cfl=
cfn=(12)
calls=10 -215957 0
* * 10
cfl=
cfn=(12)
calls=10 -215609 0
* * 10
cfl=
cfn=(12)
calls=10 -215388 0
* * 10
cfl=
cfn=(12)
calls=10 -214323 0
* * 10
cfl=
cfn=(12)
calls=10 -214049 0
* * 10

ob=
fl=
fn=(93)
+9140 0 0
cfl=
cfn=(104)
calls=10 +81917 0
* * 10
+250 0 0
cfl=
cfn=(272) runtime.step
calls=30 +3186 0
* * 30
cfl=
cfn=(272)
calls=10 +3114 0
* * 10

ob=
fl=
fn=(273) runtime.funcspdelta
+2044 0 0
cfl=
cfn=(93)
calls=20 * 0
* * 20
cfl=
cfn=(93)
calls=10 -250 0
* * 10

ob=
fl=
fn=(231)
+474 0 0
cfl=
cfn=(93)
calls=20 -2044 0
* * 20
cfl=
cfn=(93)
calls=10 -2073 0
* * 10

ob=
fl=
fn=(272)
+346 0 0
cfl=
cfn=(94)
calls=10 +623 0
* * 10
+72 0 0
cfl=
cfn=(94)
calls=10 +349 0
* * 10
cfl=
cfn=(94)
calls=10 +354 0
* * 10
cfl=
cfn=(94)
calls=10 +364 0
* * 10

ob=
fl=
fn=(95)
+24470 0 0
cfl=
cfn=(274) runtime.scanstack.func1
calls=90 +48595 0
* * 90
+527 0 0
cfl=
cfn=(92)
calls=10 -28036 0
* * 10
+930 0 0
cfl=
cfn=(273)
calls=30 -25889 0
* * 30

ob=
fl=
fn=(240)
+3993 0 0
cfl=
cfn=(98)
calls=20 +31351 0
* * 20

ob=
fl=
fn=(96)
+5180 0 0
cfl=
cfn=(32)
calls=10 -276167 0
* * 10

ob=
fl=
fn=(270)
+796 0 0
cfl=
cfn=(96)
calls=10 -83 0
* * 10
cfl=
cfn=(96)
calls=10 * 0
* * 10
cfl=
cfn=(96)
calls=10 +1 0
* * 10
cfl=
cfn=(96)
calls=10 +30 0
* * 10

ob=
fl=
fn=(275) runtime.(*mcache).nextFree.func1
+9007 0 0
cfl=
cfn=(214)
calls=140 -248115 0
* * 140

ob=
fl=
fn=(276) runtime.writebarrierptr_prewrite1.func1
+370 0 0
cfl=
cfn=(210)
calls=20 -269864 0
* * 20

ob=
fl=
fn=(277) runtime.gcMarkTermination.func1
+1993 0 0
cfl=
cfn=(224)
calls=20 -236923 0
* * 20
cfl=
cfn=(224)
calls=10 -237832 0
* * 10

ob=
fl=
fn=(278) runtime.gcBgMarkWorker.func2
+633 0 0
cfl=
cfn=(54)
calls=170 -225454 0
* * 170
cfl=
cfn=(54)
calls=60 -225314 0
* * 60
cfl=
cfn=(54)
calls=40 -224911 0
* * 40
cfl=
cfn=(54)
calls=20 -225647 0
* * 20
cfl=
cfn=(54)
calls=10 -225431 0
* * 10
+116 0 0
cfl=
cfn=(54)
calls=350 -226087 0
* * 350
cfl=
cfn=(54)
calls=50 -226280 0
* * 50
cfl=
cfn=(54)
calls=30 -225594 0
* * 30
cfl=
cfn=(54)
calls=10 -226052 0
* * 10
cfl=
cfn=(54)
calls=10 -225784 0
* * 10

ob=
fl=
fn=(279) runtime.markroot.func1
+163 0 0
cfl=
cfn=(249)
calls=140 -150417 0
* * 140
cfl=
cfn=(249)
calls=20 -150689 0
* * 20

ob=
fl=
fn=(280) runtime.gcAssistAlloc.func1
+278 0 0
cfl=
cfn=(230)
calls=130 -232566 0
* * 130

ob=
fl=
fn=(274)
+139 0 0
cfl=
cfn=(53)
calls=30 -229220 0
* * 30
cfl=
cfn=(53)
calls=30 -229095 0
* * 30
cfl=
cfn=(53)
calls=20 -228315 0
* * 20
cfl=
cfn=(53)
calls=10 -229035 0
* * 10

ob=
fl=
fn=(281) runtime.gosweepone.func1
+237 0 0
cfl=
cfn=(56)
calls=40 -219473 0
* * 40
cfl=
cfn=(56)
calls=10 -219507 0
* * 10
cfl=
cfn=(56)
calls=10 -219472 0
* * 10

ob=
fl=
fn=(282) runtime.(*mheap).alloc.func1
+112 0 0
cfl=
cfn=(238)
calls=20 -207881 0
* * 20
cfl=
cfn=(238)
calls=10 -207639 0
* * 10
cfl=
cfn=(238)
calls=10 -207330 0
* * 10

ob=
fl=
fn=(283) runtime.semasleep.func1
+1688 0 0
cfl=
cfn=(245)
calls=1380 -175248 0
* * 1380
cfl=
cfn=(245)
calls=500 -175098 0
* * 500
cfl=
cfn=(245)
calls=10 -175137 0
* * 10

ob=
fl=
fn=(284) runtime.goready.func1
+2021 0 0
cfl=
cfn=(246)
calls=490 -156078 0
* * 490
cfl=
cfn=(246)
calls=20 -156169 0
* * 20

ob=
fl=
fn=(285) runtime.newproc.func1
+1913 0 0
cfl=
cfn=(267)
calls=250 -134770 0
* * 250

ob=
fl=
fn=(286) runtime.callers.func1
+751 0 0
cfl=
cfn=(95)
calls=20 -28639 0
* * 20

ob=
fl=
fn=(287) runtime.mcall
+1803 0 0
cfl=
cfn=(257)
calls=3130 -144085 0
* * 3130
cfl=
cfn=(261)
calls=1170 -142568 0
* * 1170
cfl=
cfn=(259)
calls=70 -143322 0
* * 70
cfl=
cfn=(257)
calls=10 -144165 0
* * 10
cfl=
cfn=(265)
calls=10 -138825 0
* * 10

ob=
fl=
fn=(98)
+158 0 0
cfl=
cfn=(263)
calls=680 -143071 0
* * 680
cfl=
cfn=(284)
calls=510 -4467 0
* * 510
cfl=
cfn=(278)
calls=450 -9105 0
* * 450
cfl=
cfn=(278)
calls=300 -9221 0
* * 300
cfl=
cfn=(285)
calls=250 -2554 0
* * 250
cfl=
cfn=(275)
calls=140 -12217 0
* * 140
cfl=
cfn=(280)
calls=130 -8664 0
* * 130
cfl=
cfn=(281)
calls=60 -8288 0
* * 60
cfl=
cfn=(277)
calls=30 -9854 0
* * 30
cfl=
cfn=(276)
calls=20 -11847 0
* * 20
cfl=
cfn=(286)
calls=20 -1803 0
* * 20
cfl=
cfn=(250)
calls=10 -158001 0
* * 10
cfl=
cfn=(250)
calls=10 -157545 0
* * 10
+50 0 0
cfl=
cfn=(283)
calls=1890 -6646 0
* * 1890
cfl=
cfn=(279)
calls=160 -9100 0
* * 160
cfl=
cfn=(282)
calls=40 -8334 0
* * 40

ob=
fl=
fn=(288) runtime.morestack
+139 0 0
cfl=
cfn=(271)
calls=20 -76539 0
* * 20
cfl=
cfn=(271)
calls=10 -77061 0
* * 10
cfl=
cfn=(271)
calls=10 -76237 0
* * 10

ob=
fl=
fn=(289) runtime.goexit
+10875 0 0
cfl=
cfn=(290) github.com/nd-r/tech-db-forum/vendor/github.com/valyala/fasthttp.(*workerPool).getCh.func1
calls=12160 +3224815 0
* * 12160
cfl=
cfn=(223)
calls=890 -251546 0
* * 890
cfl=
cfn=(223)
calls=110 -251283 0
* * 110
cfl=
cfn=(291) database/sql.(*Rows).awaitDone
calls=70 +587782 0
* * 70
cfl=
cfn=(234)
calls=60 -228955 0
* * 60
cfl=
cfn=(234)
calls=10 -228926 0
* * 10
cfl=
cfn=(292) database/sql.(*Tx).awaitDone
calls=10 +570465 0
* * 10

ob=
fl=
fn=(269)
+4356 0 0
cfl=
cfn=(105)
calls=10 +4176 0
* * 10

ob=
fl=
fn=(293) sync.(*Pool).Put
+20360 0 0
cfl=
cfn=(107)
calls=10 +21661 0
* * 10
cfl=
cfn=(107)
calls=10 +21685 0
* * 10
cfl=
cfn=(107)
calls=10 +21733 0
* * 10

ob=
fl=
fn=(106)
+498 0 0
cfl=
cfn=(107)
calls=10 +1315 0
* * 10

ob=
fl=
fn=(107)
+803 0 0
cfl=
cfn=(83)
calls=10 -158731 0
* * 10
+72 0 0
cfl=
cfn=(294) sync.(*Pool).pinSlow
calls=10 +462 0
* * 10

ob=
fl=
fn=(294)
+390 0 0
cfl=
cfn=(21)
calls=10 -215795 0
* * 10

ob=
fl=
fn=(295) sync.(*RWMutex).Lock
+1501 0 0
cfl=
cfn=(24)
calls=10 -2622 0
* * 10

ob=
fl=
fn=(296) io.ReadAtLeast
+2476 0 0
cfl=
cfn=(152)
calls=3970 +604293 0
* * 3970
cfl=
cfn=(152)
calls=10 +604610 0
* * 10

ob=
fl=
fn=(108)
+367 0 0
cfl=
cfn=(296)
calls=3980 * 0
* * 3980

ob=
fl=
fn=(297) math.Pow
+60533 0 0
cfl=
cfn=(111)
calls=10 +58916 0
* * 10
+150 0 0
cfl=
cfn=(112)
calls=10 -1185 0
* * 10

ob=
fl=
fn=(298) strconv.ParseInt
+11760 0 0
cfl=
cfn=(113)
calls=10 +10455 0
* * 10
cfl=
cfn=(113)
calls=10 +10625 0
* * 10
cfl=
cfn=(113)
calls=10 +10685 0
* * 10

ob=
fl=
fn=(299) strconv.Atoi
+1592 0 0
cfl=
cfn=(298)
calls=10 * 0
* * 10

ob=
fl=
fn=(114)
+18724 0 0
cfl=
cfn=(116)
calls=40 +19863 0
* * 40
cfl=
cfn=(116)
calls=10 +19849 0
* * 10

ob=
fl=
fn=(116)
+1139 0 0
cfl=
cfn=(88)
calls=20 -206097 0
* * 20
cfl=
cfn=(88)
calls=20 -206033 0
* * 20

ob=
fl=
fn=(300) syscall.Read
+31015 0 0
cfl=
cfn=(118)
calls=3830 +42563 0
* * 3830
cfl=
cfn=(118)
calls=10 +42559 0
* * 10

ob=
fl=
fn=(117)
+128 0 0
cfl=
cfn=(301) syscall.write
calls=3240 +13724 0
* * 3240

ob=
fl=
fn=(118)
+11420 0 0
cfl=
cfn=(1)
calls=3130 +15346 0
* * 3130
cfl=
cfn=(1)
calls=690 +15308 0
* * 690
cfl=
cfn=(1)
calls=10 +15400 0
* * 10

ob=
fl=
fn=(301)
+2176 0 0
cfl=
cfn=(1)
calls=3220 +3926 0
* * 3220
cfl=
cfn=(1)
calls=10 +3888 0
* * 10
cfl=
cfn=(1)
calls=10 +3957 0
* * 10

ob=
fl=
fn=(1)
+1712 0 0
cfl=
cfn=(262)
calls=700 -323873 0
* * 700
+92 0 0
cfl=
cfn=(264)
calls=10 -324485 0
* * 10

ob=
fl=
fn=(119)
+2275 0 0
cfl=
cfn=(101)
calls=10 -173648 0
* * 10

ob=
fl=
fn=(302) time.Time.Format
+6020 0 0
cfl=
cfn=(122)
calls=40 +6466 0
* * 40
cfl=
cfn=(122)
calls=10 +6462 0
* * 10
cfl=
cfn=(122)
calls=10 +6477 0
* * 10
cfl=
cfn=(122)
calls=10 +6639 0
* * 10
cfl=
cfn=(122)
calls=10 +6711 0
* * 10
cfl=
cfn=(122)
calls=10 +9304 0
* * 10
cfl=
cfn=(122)
calls=10 +10046 0
* * 10
cfl=
cfn=(122)
calls=10 +11742 0
* * 10
cfl=
cfn=(122)
calls=10 +12676 0
* * 10
cfl=
cfn=(122)
calls=10 +13965 0
* * 10
cfl=
cfn=(122)
calls=10 +13974 0
* * 10
+43 0 0
cfl=
cfn=(88)
calls=10 -262074 0
* * 10

ob=
fl=
fn=(122)
+403 0 0
cfl=
cfn=(119)
calls=10 -6063 0
* * 10
cfl=
cfn=(119)
calls=10 -5568 0
* * 10
cfl=
cfn=(119)
calls=10 -4941 0
* * 10
cfl=
cfn=(119)
calls=10 -3988 0
* * 10
+3580 0 0
cfl=
cfn=(121)
calls=10 -1275 0
* * 10
+2630 0 0
cfl=
cfn=(120)
calls=10 -5852 0
* * 10

ob=
fl=
fn=(303) reflect.(*rtype).typeOff
+103915 0 0
cfl=
cfn=(85)
calls=40 -312133 0
* * 40
cfl=
cfn=(85)
calls=10 -312168 0
* * 10

ob=
fl=
fn=(124)
+5733 0 0
cfl=
cfn=(123)
calls=10 +397 0
* * 10
cfl=
cfn=(123)
calls=10 +413 0
* * 10

ob=
fl=
fn=(304) reflect.(*rtype).ptrTo
+12710 0 0
cfl=
cfn=(303)
calls=50 -5733 0
* * 50

ob=
fl=
fn=(305) reflect.(*rtype).Implements
+240 0 0
cfl=
cfn=(126)
calls=10 +1941 0
* * 10

ob=
fl=
fn=(306) reflect.(*rtype).AssignableTo
+299 0 0
cfl=
cfn=(127)
calls=20 +2267 0
* * 20
cfl=
cfn=(127)
calls=10 +2373 0
* * 10
+52 0 0
cfl=
cfn=(126)
calls=10 +503 0
* * 10
cfl=
cfn=(126)
calls=10 +1878 0
* * 10

ob=
fl=
fn=(127)
+1916 0 0
cfl=
cfn=(124)
calls=10 -13301 0
* * 10
cfl=
cfn=(124)
calls=10 -13272 0
* * 10
+106 0 0
cfl=
cfn=(124)
calls=10 -15217 0
* * 10

ob=
fl=
fn=(307) reflect.Value.Addr
+18281 0 0
cfl=
cfn=(304)
calls=30 -2613 0
* * 30

ob=
fl=
fn=(308) reflect.Value.Interface
+13352 0 0
cfl=
cfn=(131)
calls=10 +13444 0
* * 10

ob=
fl=
fn=(133)
+7500 0 0
cfl=
cfn=(128)
calls=10 -14330 0
* * 10
cfl=
cfn=(128)
calls=10 -14298 0
* * 10
+100 0 0
cfl=
cfn=(136)
calls=10 +11873 0
* * 10
cfl=
cfn=(136)
calls=10 +12586 0
* * 10
+94 0 0
cfl=
cfn=(41)
calls=10 -642858 0
* * 10
cfl=
cfn=(41)
calls=10 -642805 0
* * 10

ob=
fl=
fn=(309) reflect.Value.Slice
+3418 0 0
cfl=
cfn=(14)
calls=10 -645962 0
* * 10

ob=
fl=
fn=(310) reflect.grow
+4228 0 0
cfl=
cfn=(311) reflect.MakeSlice
calls=80 +6259 0
* * 80
cfl=
cfn=(311)
calls=10 +6169 0
* * 10
+88 0 0
cfl=
cfn=(312) reflect.Copy
calls=10 +1344 0
* * 10
+184 0 0
cfl=
cfn=(309)
calls=10 -4316 0
* * 10

ob=
fl=
fn=(313) reflect.Append
+285 0 0
cfl=
cfn=(310)
calls=90 -272 0
* * 90
cfl=
cfn=(310)
calls=10 -184 0
* * 10
cfl=
cfn=(310)
calls=10 * 0
* * 10
+93 0 0
cfl=
cfn=(130)
calls=10 -16917 0
* * 10
+97 0 0
cfl=
cfn=(133)
calls=20 -8296 0
* * 20
cfl=
cfn=(133)
calls=10 -8490 0
* * 10

ob=
fl=
fn=(312)
+597 0 0
cfl=
cfn=(43)
calls=10 -650305 0
* * 10

ob=
fl=
fn=(311)
+597 0 0
cfl=
cfn=(14)
calls=10 -654952 0
* * 10
+90 0 0
cfl=
cfn=(208)
calls=80 -655136 0
* * 80

ob=
fl=
fn=(314) reflect.New
+1668 0 0
cfl=
cfn=(37)
calls=60 -655556 0
* * 60
cfl=
cfn=(37)
calls=10 -655598 0
* * 10
cfl=
cfn=(37)
calls=10 -655555 0
* * 10
cfl=
cfn=(37)
calls=10 -655550 0
* * 10
+47 0 0
cfl=
cfn=(304)
calls=20 -53285 0
* * 20

ob=
fl=
fn=(136)
+287 0 0
cfl=
cfn=(127)
calls=10 -50881 0
* * 10

ob=
fl=
fn=(315) context.WithCancel
+116414 0 0
cfl=
cfn=(14)
calls=10 -657641 0
* * 10

ob=
fl=
fn=(316) context.(*cancelCtx).Err
+1687 0 0
cfl=
cfn=(21)
calls=70 -668370 0
* * 70

ob=
fl=
fn=(137)
+310 0 0
cfl=
cfn=(24)
calls=10 -456436 0
* * 10
+76 0 0
cfl=
cfn=(188)
calls=510 -822637 0
* * 510

ob=
fl=
fn=(138)
+3727 0 0
cfl=
cfn=(137)
calls=510 * 0
* * 510
cfl=
cfn=(137)
calls=10 -76 0
* * 10
cfl=
cfn=(137)
calls=10 +75 0
* * 10

ob=
fl=
fn=(140)
+9104 0 0
cfl=
cfn=(197)
calls=10 -789076 0
* * 10

ob=
fl=
fn=(317) database/sql.driverArgs
+18122 0 0
cfl=
cfn=(140)
calls=10 * 0
* * 10
cfl=
cfn=(140)
calls=10 +1624 0
* * 10

ob=
fl=
fn=(141)
+4440 0 0
cfl=
cfn=(26)
calls=10 -150617 0
* * 10
cfl=
cfn=(26)
calls=10 -150612 0
* * 10
+1076 0 0
cfl=
cfn=(142)
calls=60 +8613 0
* * 60
cfl=
cfn=(142)
calls=10 +8248 0
* * 10
+66 0 0
cfl=
cfn=(134)
calls=10 -160953 0
* * 10
+69 0 0
cfl=
cfn=(298)
calls=10 -413948 0
* * 10
+650 0 0
cfl=
cfn=(314)
calls=30 -155425 0
* * 30
+70 0 0
cfl=
cfn=(133)
calls=10 -167614 0
* * 10
+90 0 0
cfl=
cfn=(141)
calls=150 +4810 0
* * 150
cfl=
cfn=(141)
calls=50 -855 0
* * 50
cfl=
cfn=(141)
calls=40 +1551 0
* * 40
cfl=
cfn=(141)
calls=10 -849 0
* * 10
cfl=
cfn=(141)
calls=10 -789 0
* * 10
cfl=
cfn=(141)
calls=10 -720 0
* * 10
cfl=
cfn=(141)
calls=10 +3051 0
* * 10
+85 0 0
cfl=
cfn=(135)
calls=10 -156429 0
* * 10
+1376 0 0
cfl=
cfn=(306)
calls=30 -209066 0
* * 30
cfl=
cfn=(306)
calls=20 -209014 0
* * 20
+1500 0 0
cfl=
cfn=(139)
calls=10 -26941 0
* * 10
+1759 0 0
cfl=
cfn=(302)
calls=140 -341495 0
* * 140
cfl=
cfn=(302)
calls=10 -341452 0
* * 10

ob=
fl=
fn=(142)
+1872 0 0
cfl=
cfn=(114)
calls=50 -399231 0
* * 50
cfl=
cfn=(114)
calls=10 -399325 0
* * 10

ob=
fl=
fn=(318) database/sql.ctxDriverQuery
+4543 0 0
cfl=
cfn=(164)
calls=3440 +1252873 0
* * 3440
cfl=
cfn=(164)
calls=10 +1252380 0
* * 10
cfl=
cfn=(164)
calls=10 +1252451 0
* * 10

ob=
fl=
fn=(319) database/sql.ctxDriverBegin
+1473 0 0
cfl=
cfn=(196)
calls=20 -834496 0
* * 20
+88 0 0
cfl=
cfn=(320) github.com/nd-r/tech-db-forum/vendor/github.com/lib/pq.(*conn).BeginTx
calls=1330 +1247952 0
* * 1330

ob=
fl=
fn=(143)
+16096 0 0
cfl=
cfn=(42)
calls=10 -822250 0
* * 10

ob=
fl=
fn=(321) database/sql.(*DB).queryConn
+9572 0 0
cfl=
cfn=(317)
calls=20 -35253 0
* * 20
+311 0 0
cfl=
cfn=(149)
calls=3460 +27787 0
* * 3460
+213 0 0
cfl=
cfn=(322) database/sql.(*Rows).initContextClose
calls=130 +19969 0
* * 130
cfl=
cfn=(322)
calls=10 +19880 0
* * 10

ob=
fl=
fn=(323) database/sql.(*DB).BeginTx
+1002 0 0
cfl=
cfn=(145)
calls=1350 +1881 0
* * 1350
cfl=
cfn=(145)
calls=120 +2174 0
* * 120
cfl=
cfn=(145)
calls=20 +1684 0
* * 20
cfl=
cfn=(145)
calls=10 +1753 0
* * 10
cfl=
cfn=(145)
calls=10 +1980 0
* * 10

ob=
fl=
fn=(324) database/sql.(*DB).Begin
+492 0 0
cfl=
cfn=(323)
calls=1510 * 0
* * 1510

ob=
fl=
fn=(145)
+190 0 0
cfl=
cfn=(143)
calls=10 -14128 0
* * 10
cfl=
cfn=(143)
calls=10 -11590 0
* * 10
+197 0 0
cfl=
cfn=(149)
calls=1350 +25579 0
* * 1350
+99 0 0
cfl=
cfn=(14)
calls=10 -854311 0
* * 10
+194 0 0
cfl=
cfn=(266)
calls=120 -710231 0
* * 120

ob=
fl=
fn=(292)
+435 0 0
cfl=
cfn=(190)
calls=10 -900943 0
* * 10

ob=
fl=
fn=(325) database/sql.(*Tx).close
+131 0 0
cfl=
cfn=(295)
calls=10 -531610 0
* * 10
+95 0 0
cfl=
cfn=(144)
calls=10 -11793 0
* * 10
+14 0 0
cfl=
cfn=(138)
calls=180 -75410 0
* * 180

ob=
fl=
fn=(326) database/sql.(*Tx).Commit
+918 0 0
cfl=
cfn=(149)
calls=1220 +24414 0
* * 1220
+70 0 0
cfl=
cfn=(325)
calls=180 -918 0
* * 180
cfl=
cfn=(325)
calls=10 -1027 0
* * 10
cfl=
cfn=(325)
calls=10 -932 0
* * 10

ob=
fl=
fn=(327) database/sql.(*Tx).QueryContext
+6170 0 0
cfl=
cfn=(67)
calls=20 -753090 0
* * 20
+243 0 0
cfl=
cfn=(321)
calls=3460 -10220 0
* * 3460
cfl=
cfn=(321)
calls=140 -10007 0
* * 140
cfl=
cfn=(321)
calls=20 -10531 0
* * 20
+45 0 0
cfl=
cfn=(21)
calls=10 -756995 0
* * 10

ob=
fl=
fn=(328) database/sql.(*Tx).Query
+181 0 0
cfl=
cfn=(327)
calls=3620 -45 0
* * 3620
cfl=
cfn=(327)
calls=20 -288 0
* * 20
cfl=
cfn=(327)
calls=10 * 0
* * 10

ob=
fl=
fn=(322)
+9191 0 0
cfl=
cfn=(315)
calls=10 -88851 0
* * 10
+89 0 0
cfl=
cfn=(266)
calls=130 -727918 0
* * 130

ob=
fl=
fn=(291)
+170 0 0
cfl=
cfn=(316)
calls=70 -96444 0
* * 70

ob=
fl=
fn=(146)
+199 0 0
cfl=
cfn=(149)
calls=1180 +7337 0
* * 1180
cfl=
cfn=(149)
calls=20 +7323 0
* * 20
cfl=
cfn=(149)
calls=10 +7293 0
* * 10
cfl=
cfn=(149)
calls=10 +7324 0
* * 10
cfl=
cfn=(149)
calls=10 +7343 0
* * 10
+42 0 0
cfl=
cfn=(329) database/sql.(*Rows).Close
calls=210 +5226 0
* * 210

ob=
fl=
fn=(330) database/sql.(*Rows).nextLocked
+127 0 0
cfl=
cfn=(163)
calls=760 +1177408 0
* * 760
cfl=
cfn=(163)
calls=330 +1178506 0
* * 330
cfl=
cfn=(163)
calls=20 +1177489 0
* * 20
cfl=
cfn=(163)
calls=10 +1177294 0
* * 10
cfl=
cfn=(163)
calls=10 +1177358 0
* * 10
cfl=
cfn=(163)
calls=10 +1178074 0
* * 10
cfl=
cfn=(163)
calls=10 +1178136 0
* * 10
cfl=
cfn=(163)
calls=10 +1178723 0
* * 10
+347 0 0
cfl=
cfn=(86)
calls=10 -675953 0
* * 10

ob=
fl=
fn=(331) database/sql.(*Rows).Columns
+1275 0 0
cfl=
cfn=(162)
calls=10 +1176507 0
* * 10
+49 0 0
cfl=
cfn=(25)
calls=10 -551077 0
* * 10

ob=
fl=
fn=(147)
+2442 0 0
cfl=
cfn=(25)
calls=10 -551126 0
* * 10
+125 0 0
cfl=
cfn=(141)
calls=280 -63295 0
* * 280
cfl=
cfn=(141)
calls=30 -63455 0
* * 30
cfl=
cfn=(141)
calls=20 -65316 0
* * 20
cfl=
cfn=(141)
calls=20 -64240 0
* * 20
cfl=
cfn=(141)
calls=10 -66379 0
* * 10
cfl=
cfn=(141)
calls=10 -63385 0
* * 10
cfl=
cfn=(141)
calls=10 -63210 0
* * 10
cfl=
cfn=(141)
calls=10 -61968 0
* * 10
cfl=
cfn=(141)
calls=10 -61834 0
* * 10
cfl=
cfn=(141)
calls=10 -61228 0
* * 10
cfl=
cfn=(141)
calls=10 -59009 0
* * 10
cfl=
cfn=(141)
calls=10 -58622 0
* * 10

ob=
fl=
fn=(329)
+819 0 0
cfl=
cfn=(148)
calls=360 +1285 0
* * 360
cfl=
cfn=(148)
calls=20 +1113 0
* * 20
cfl=
cfn=(148)
calls=10 +919 0
* * 10
cfl=
cfn=(148)
calls=10 +1053 0
* * 10
cfl=
cfn=(148)
calls=10 +1192 0
* * 10

ob=
fl=
fn=(148)
+100 0 0
cfl=
cfn=(14)
calls=10 -877799 0
* * 10
+134 0 0
cfl=
cfn=(67)
calls=10 -774704 0
* * 10
+60 0 0
cfl=
cfn=(332) github.com/nd-r/tech-db-forum/vendor/github.com/lib/pq.(*rows).Close
calls=20 +1171298 0
* * 20
+172 0 0
cfl=
cfn=(138)
calls=350 -98220 0
* * 350
cfl=
cfn=(138)
calls=10 -98281 0
* * 10

ob=
fl=
fn=(149)
+1432 0 0
cfl=
cfn=(67)
calls=20 -775070 0
* * 20
+14 0 0
cfl=
cfn=(333) database/sql.(*DB).queryConn.func1
calls=3460 +2210 0
* * 3460
cfl=
cfn=(334) database/sql.(*DB).begin.func1
calls=1350 +2756 0
* * 1350
cfl=
cfn=(335) database/sql.(*Tx).Commit.func1
calls=1220 +2965 0
* * 1220
cfl=
cfn=(150)
calls=1170 +4917 0
* * 1170
cfl=
cfn=(150)
calls=10 +4858 0
* * 10
+6 0 0
cfl=
cfn=(21)
calls=10 -774090 0
* * 10

ob=
fl=
fn=(333)
+2190 0 0
cfl=
cfn=(318)
calls=3460 -55022 0
* * 3460

ob=
fl=
fn=(334)
+546 0 0
cfl=
cfn=(319)
calls=1330 -55651 0
* * 1330
cfl=
cfn=(319)
calls=20 -55739 0
* * 20

ob=
fl=
fn=(335)
+209 0 0
cfl=
cfn=(336) github.com/nd-r/tech-db-forum/vendor/github.com/lib/pq.(*conn).Commit
calls=1180 +1136962 0
* * 1180
cfl=
cfn=(336)
calls=30 +1136839 0
* * 30
cfl=
cfn=(336)
calls=10 +1137372 0
* * 10

ob=
fl=
fn=(150)
+1952 0 0
cfl=
cfn=(330)
calls=1160 -9920 0
* * 1160
cfl=
cfn=(330)
calls=10 -9573 0
* * 10

ob=
fl=
fn=(151)
+27061 0 0
cfl=
cfn=(104)
calls=10 -587828 0
* * 10
cfl=
cfn=(104)
calls=10 -587821 0
* * 10

ob=
fl=
fn=(337) strings.Replace
+7949 0 0
cfl=
cfn=(86)
calls=10 -714999 0
* * 10
+315 0 0
cfl=
cfn=(11)
calls=10 -620796 0
* * 10
+491 0 0
cfl=
cfn=(88)
calls=10 -706987 0
* * 10

ob=
fl=
fn=(338) bufio.(*Reader).fill
+5235 0 0
cfl=
cfn=(339) net.(*conn).Read
calls=650 +226972 0
* * 650

ob=
fl=
fn=(340) bufio.(*Reader).Peek
+448 0 0
cfl=
cfn=(338)
calls=650 * 0
* * 650

ob=
fl=
fn=(152)
+1627 0 0
cfl=
cfn=(339)
calls=3960 +221289 0
* * 3960
cfl=
cfn=(157)
calls=10 +338367 0
* * 10

ob=
fl=
fn=(341) bufio.(*Writer).Flush
+5779 0 0
cfl=
cfn=(342) net.(*conn).Write
calls=930 +220398 0
* * 930

ob=
fl=
fn=(153)
+620 0 0
cfl=
cfn=(11)
calls=10 -635351 0
* * 10
cfl=
cfn=(11)
calls=10 -635329 0
* * 10
+30 0 0
cfl=
cfn=(341)
calls=470 -620 0
* * 470
+128 0 0
cfl=
cfn=(342)
calls=110 +213969 0
* * 110

ob=
fl=
fn=(343) net.(*netFD).writeLock
+131507 0 0
cfl=
cfn=(154)
calls=10 +130280 0
* * 10
cfl=
cfn=(154)
calls=10 +130429 0
* * 10

ob=
fl=
fn=(344) net.(*pollDesc).prepare
+614 0 0
cfl=
cfn=(64)
calls=10 -972968 0
* * 10

ob=
fl=
fn=(345) net.(*pollDesc).prepareWrite
+204 0 0
cfl=
cfn=(344)
calls=10 * 0
* * 10

ob=
fl=
fn=(27)
+100 0 0
cfl=
cfn=(65)
calls=20 -973579 0
* * 20
cfl=
cfn=(65)
calls=10 -973573 0
* * 10

ob=
fl=
fn=(346) net.(*pollDesc).waitRead
+108 0 0
cfl=
cfn=(27)
calls=30 * 0
* * 30
cfl=
cfn=(27)
calls=20 +6 0
* * 20

ob=
fl=
fn=(28)
+5739 0 0
cfl=
cfn=(155)
calls=10 -1290 0
* * 10
+220 0 0
cfl=
cfn=(300)
calls=3840 -621366 0
* * 3840
+124 0 0
cfl=
cfn=(346)
calls=50 -5959 0
* * 50
+174 0 0
cfl=
cfn=(21)
calls=670 -967210 0
* * 670
cfl=
cfn=(21)
calls=10 -967350 0
* * 10

ob=
fl=
fn=(156)
+2746 0 0
cfl=
cfn=(343)
calls=20 -7283 0
* * 20
+53 0 0
cfl=
cfn=(67)
calls=20 -972638 0
* * 20
+33 0 0
cfl=
cfn=(345)
calls=10 -9264 0
* * 10
+169 0 0
cfl=
cfn=(117)
calls=3240 -624588 0
* * 3240
cfl=
cfn=(117)
calls=10 -624587 0
* * 10
+314 0 0
cfl=
cfn=(21)
calls=180 -970385 0
* * 180
cfl=
cfn=(21)
calls=10 -970516 0
* * 10
cfl=
cfn=(21)
calls=10 -970351 0
* * 10
cfl=
cfn=(21)
calls=10 -970327 0
* * 10

ob=
fl=
fn=(339)
+71000 0 0
cfl=
cfn=(28)
calls=3840 -3613 0
* * 3840
cfl=
cfn=(28)
calls=680 -3315 0
* * 680
cfl=
cfn=(28)
calls=50 -3489 0
* * 50
cfl=
cfn=(28)
calls=20 -3488 0
* * 20
cfl=
cfn=(28)
calls=10 -3833 0
* * 10
cfl=
cfn=(28)
calls=10 -3072 0
* * 10

ob=
fl=
fn=(342)
+736 0 0
cfl=
cfn=(156)
calls=3250 -71314 0
* * 3250
cfl=
cfn=(156)
calls=210 -71000 0
* * 210
cfl=
cfn=(156)
calls=20 -71569 0
* * 20
cfl=
cfn=(156)
calls=20 -71516 0
* * 20
cfl=
cfn=(156)
calls=10 -71663 0
* * 10
cfl=
cfn=(156)
calls=10 -71654 0
* * 10
cfl=
cfn=(156)
calls=10 -71483 0
* * 10
cfl=
cfn=(156)
calls=10 -70723 0
* * 10

ob=
fl=
fn=(347) github.com/nd-r/tech-db-forum/vendor/github.com/lib/pq.(*readBuf).string
+857256 0 0
cfl=
cfn=(88)
calls=10 -935186 0
* * 10

ob=
fl=
fn=(348) github.com/nd-r/tech-db-forum/vendor/github.com/lib/pq.(*conn).begin
+12784 0 0
cfl=
cfn=(349) github.com/nd-r/tech-db-forum/vendor/github.com/lib/pq.(*conn).simpleExec
calls=720 +15884 0
* * 720
cfl=
cfn=(349)
calls=590 +15810 0
* * 590
cfl=
cfn=(349)
calls=10 +16255 0
* * 10
cfl=
cfn=(349)
calls=10 +16292 0
* * 10

ob=
fl=
fn=(336)
+1114 0 0
cfl=
cfn=(350) github.com/nd-r/tech-db-forum/vendor/github.com/lib/pq.(*conn).Rollback
calls=30 +2002 0
* * 30
+123 0 0
cfl=
cfn=(349)
calls=610 +1986 0
* * 610
cfl=
cfn=(349)
calls=560 +1912 0
* * 560
cfl=
cfn=(349)
calls=10 +1726 0
* * 10
+410 0 0
cfl=
cfn=(21)
calls=10 -1913794 0
* * 10

ob=
fl=
fn=(350)
+355 0 0
cfl=
cfn=(349)
calls=20 +1453 0
* * 20
cfl=
cfn=(349)
calls=10 +1379 0
* * 10

ob=
fl=
fn=(349)
+838 0 0
cfl=
cfn=(87)
calls=10 -1807769 0
* * 10
+186 0 0
cfl=
cfn=(351) github.com/nd-r/tech-db-forum/vendor/github.com/lib/pq.(*conn).send
calls=1160 +10671 0
* * 1160
+74 0 0
cfl=
cfn=(352) github.com/nd-r/tech-db-forum/vendor/github.com/lib/pq.(*conn).recv1
calls=1330 +12651 0
* * 1330
cfl=
cfn=(352)
calls=20 +12567 0
* * 20
+371 0 0
cfl=
cfn=(347)
calls=10 -15884 0
* * 10
+37 0 0
cfl=
cfn=(161)
calls=10 +26861 0
* * 10

ob=
fl=
fn=(353) github.com/nd-r/tech-db-forum/vendor/github.com/lib/pq.(*conn).prepareTo
+3782 0 0
cfl=
cfn=(14)
calls=20 -2021668 0
* * 20
+1412 0 0
cfl=
cfn=(351)
calls=790 +6221 0
* * 790
+17 0 0
cfl=
cfn=(354) github.com/nd-r/tech-db-forum/vendor/github.com/lib/pq.(*conn).readParseResponse
calls=1020 +32889 0
* * 1020
+17 0 0
cfl=
cfn=(355) github.com/nd-r/tech-db-forum/vendor/github.com/lib/pq.(*conn).readStatementDescribeResponse
calls=30 +33215 0
* * 30
cfl=
cfn=(355)
calls=20 +33437 0
* * 20

ob=
fl=
fn=(159)
+2423 0 0
cfl=
cfn=(67)
calls=10 -1923704 0
* * 10
+668 0 0
cfl=
cfn=(353)
calls=1020 -2440 0
* * 1020
cfl=
cfn=(353)
calls=790 -2457 0
* * 790
cfl=
cfn=(353)
calls=50 -2423 0
* * 50
cfl=
cfn=(353)
calls=20 -3869 0
* * 20
+58 0 0
cfl=
cfn=(356) github.com/nd-r/tech-db-forum/vendor/github.com/lib/pq.(*stmt).exec
calls=950 +16648 0
* * 950
cfl=
cfn=(356)
calls=560 +16631 0
* * 560
cfl=
cfn=(356)
calls=10 +14617 0
* * 10
cfl=
cfn=(356)
calls=10 +16000 0
* * 10

ob=
fl=
fn=(351)
+1626 0 0
cfl=
cfn=(342)
calls=2500 -881925 0
* * 2500
cfl=
cfn=(158)
calls=10 -765533 0
* * 10

ob=
fl=
fn=(160)
+1135 0 0
cfl=
cfn=(108)
calls=3290 -1705399 0
* * 3290
cfl=
cfn=(108)
calls=10 -1705477 0
* * 10
+137 0 0
cfl=
cfn=(108)
calls=690 -1706534 0
* * 690
+193 0 0
cfl=
cfn=(86)
calls=30 -1836172 0
* * 30
cfl=
cfn=(86)
calls=10 -1836232 0
* * 10

ob=
fl=
fn=(357) github.com/nd-r/tech-db-forum/vendor/github.com/lib/pq.(*conn).recv1Buf
+449 0 0
cfl=
cfn=(160)
calls=3300 -330 0
* * 3300
cfl=
cfn=(160)
calls=690 -193 0
* * 690
cfl=
cfn=(160)
calls=40 * 0
* * 40
cfl=
cfn=(160)
calls=10 -602 0
* * 10
cfl=
cfn=(160)
calls=10 -329 0
* * 10
cfl=
cfn=(160)
calls=10 -217 0
* * 10
cfl=
cfn=(160)
calls=10 -192 0
* * 10

ob=
fl=
fn=(352)
+168 0 0
cfl=
cfn=(14)
calls=50 -2033585 0
* * 50
+84 0 0
cfl=
cfn=(357)
calls=3300 -168 0
* * 3300

ob=
fl=
fn=(356)
+10767 0 0
cfl=
cfn=(11)
calls=10 -1735831 0
* * 10
+1383 0 0
cfl=
cfn=(11)
calls=10 -1747069 0
* * 10
+631 0 0
cfl=
cfn=(351)
calls=560 -14316 0
* * 560
+17 0 0
cfl=
cfn=(358) github.com/nd-r/tech-db-forum/vendor/github.com/lib/pq.(*conn).readBindResponse
calls=950 +15133 0
* * 950

ob=
fl=
fn=(161)
+1570 0 0
cfl=
cfn=(298)
calls=10 -1647920 0
* * 10
+287 0 0
cfl=
cfn=(194)
calls=10 -2058884 0
* * 10

ob=
fl=
fn=(332)
+821 0 0
cfl=
cfn=(163)
calls=10 +1513 0
* * 10
cfl=
cfn=(163)
calls=10 +3099 0
* * 10

ob=
fl=
fn=(163)
+642 0 0
cfl=
cfn=(67)
calls=10 -1946125 0
* * 10
+50 0 0
cfl=
cfn=(357)
calls=770 -16370 0
* * 770
+81 0 0
cfl=
cfn=(161)
calls=10 -2092 0
* * 10
cfl=
cfn=(161)
calls=10 -1800 0
* * 10
+1017 0 0
cfl=
cfn=(359) github.com/nd-r/tech-db-forum/vendor/github.com/lib/pq.decode
calls=330 +35167 0
* * 330
+217 0 0
cfl=
cfn=(212)
calls=10 -2048586 0
* * 10

ob=
fl=
fn=(354)
+8431 0 0
cfl=
cfn=(352)
calls=1020 -17483 0
* * 1020

ob=
fl=
fn=(355)
+343 0 0
cfl=
cfn=(352)
calls=20 -25998 0
* * 20
cfl=
cfn=(352)
calls=10 -25914 0
* * 10
+222 0 0
cfl=
cfn=(360) github.com/nd-r/tech-db-forum/vendor/github.com/lib/pq.parseStatementRowDescribe
calls=20 +3821 0
* * 20

ob=
fl=
fn=(358)
+1435 0 0
cfl=
cfn=(352)
calls=940 -26479 0
* * 940
cfl=
cfn=(352)
calls=10 -26563 0
* * 10

ob=
fl=
fn=(360)
+2164 0 0
cfl=
cfn=(86)
calls=20 -1864980 0
* * 20

ob=
fl=
fn=(164)
+8670 0 0
cfl=
cfn=(86)
calls=10 -1867144 0
* * 10
+422 0 0
cfl=
cfn=(159)
calls=1880 -42598 0
* * 1880
cfl=
cfn=(159)
calls=1530 -42540 0
* * 1530
cfl=
cfn=(159)
calls=10 -43440 0
* * 10
cfl=
cfn=(159)
calls=10 -43266 0
* * 10
cfl=
cfn=(159)
calls=10 -42476 0
* * 10

ob=
fl=
fn=(320)
+1095 0 0
cfl=
cfn=(348)
calls=1330 -54847 0
* * 1330

ob=
fl=
fn=(359)
+11151 0 0
cfl=
cfn=(361) github.com/nd-r/tech-db-forum/vendor/github.com/lib/pq.textDecode
calls=140 +12420 0
* * 140
cfl=
cfn=(361)
calls=140 +14305 0
* * 140
cfl=
cfn=(361)
calls=50 +12475 0
* * 50

ob=
fl=
fn=(361)
+1269 0 0
cfl=
cfn=(88)
calls=90 -1872319 0
* * 90
cfl=
cfn=(88)
calls=30 -1872255 0
* * 30
cfl=
cfn=(88)
calls=10 -1872293 0
* * 10
cfl=
cfn=(88)
calls=10 -1872221 0
* * 10
+55 0 0
cfl=
cfn=(193)
calls=40 -2097386 0
* * 40
cfl=
cfn=(193)
calls=10 -2097347 0
* * 10
+1830 0 0
cfl=
cfn=(362) github.com/nd-r/tech-db-forum/vendor/github.com/lib/pq.parseTs
calls=130 +8338 0
* * 130
cfl=
cfn=(362)
calls=10 +8407 0
* * 10

ob=
fl=
fn=(363) github.com/nd-r/tech-db-forum/vendor/github.com/lib/pq.(*timestampParser).mustAtoi
+4719 0 0
cfl=
cfn=(299)
calls=10 -1688100 0
* * 10

ob=
fl=
fn=(364) github.com/nd-r/tech-db-forum/vendor/github.com/lib/pq.(*locationCache).getLocation
+622 0 0
cfl=
cfn=(67)
calls=10 -1989906 0
* * 10

ob=
fl=
fn=(362)
+1167 0 0
cfl=
cfn=(165)
calls=30 +2297 0
* * 30
cfl=
cfn=(165)
calls=20 +2458 0
* * 20
cfl=
cfn=(165)
calls=10 +2197 0
* * 10
cfl=
cfn=(165)
calls=10 +2427 0
* * 10
cfl=
cfn=(165)
calls=10 +2504 0
* * 10
cfl=
cfn=(165)
calls=10 +2524 0
* * 10
cfl=
cfn=(165)
calls=10 +3136 0
* * 10
cfl=
cfn=(165)
calls=10 +4167 0
* * 10
cfl=
cfn=(165)
calls=10 +4357 0
* * 10
cfl=
cfn=(165)
calls=10 +4414 0
* * 10
+69 0 0
cfl=
cfn=(193)
calls=10 -2105779 0
* * 10

ob=
fl=
fn=(165)
+1061 0 0
cfl=
cfn=(151)
calls=20 -1183327 0
* * 20
cfl=
cfn=(151)
calls=10 -1183533 0
* * 10
+161 0 0
cfl=
cfn=(297)
calls=10 -1709240 0
* * 10
cfl=
cfn=(297)
calls=10 -1709090 0
* * 10
+678 0 0
cfl=
cfn=(364)
calls=10 -2458 0
* * 10
+1221 0 0
cfl=
cfn=(363)
calls=10 -3758 0
* * 10

ob=
fl=
fn=(166)
+31866 0 0
cfl=
cfn=(31)
calls=10 -2128607 0
* * 10
cfl=
cfn=(31)
calls=10 -2128606 0
* * 10

ob=
fl=
fn=(365) github.com/nd-r/tech-db-forum/vendor/github.com/jmoiron/sqlx/reflectx.(*Mapper).TraversalsByName
+2930 0 0
cfl=
cfn=(366) github.com/nd-r/tech-db-forum/vendor/github.com/jmoiron/sqlx/reflectx.Deref
calls=10 +4870 0
* * 10
+85 0 0
cfl=
cfn=(168)
calls=10 +2045 0
* * 10
+91 0 0
cfl=
cfn=(86)
calls=10 -1936215 0
* * 10
+120 0 0
cfl=
cfn=(34)
calls=10 -2148819 0
* * 10
cfl=
cfn=(34)
calls=10 -2148114 0
* * 10

ob=
fl=
fn=(167)
+692 0 0
cfl=
cfn=(26)
calls=20 -1476756 0
* * 20
+44 0 0
cfl=
cfn=(129)
calls=10 -1498960 0
* * 10
+411 0 0
cfl=
cfn=(314)
calls=40 -1476626 0
* * 40
cfl=
cfn=(314)
calls=10 -1476579 0
* * 10
+64 0 0
cfl=
cfn=(133)
calls=10 -1488485 0
* * 10
cfl=
cfn=(133)
calls=10 -1488476 0
* * 10

ob=
fl=
fn=(366)
+433 0 0
cfl=
cfn=(125)
calls=10 -1542578 0
* * 10

ob=
fl=
fn=(169)
+30999 0 0
cfl=
cfn=(305)
calls=10 -1530579 0
* * 10
+85 0 0
cfl=
cfn=(166)
calls=20 -35869 0
* * 20
cfl=
cfn=(166)
calls=10 -35925 0
* * 10

ob=
fl=
fn=(367) github.com/nd-r/tech-db-forum/vendor/github.com/jmoiron/sqlx.(*Row).Scan
+3616 0 0
cfl=
cfn=(146)
calls=110 -1293370 0
* * 110
cfl=
cfn=(146)
calls=10 -1293369 0
* * 10
cfl=
cfn=(146)
calls=10 -1293328 0
* * 10
+61 0 0
cfl=
cfn=(147)
calls=110 -1292579 0
* * 110
cfl=
cfn=(147)
calls=10 -1292932 0
* * 10
cfl=
cfn=(147)
calls=10 -1292703 0
* * 10
+33 0 0
cfl=
cfn=(329)
calls=200 -1291821 0
* * 200

ob=
fl=
fn=(368) github.com/nd-r/tech-db-forum/vendor/github.com/jmoiron/sqlx.(*Row).Columns
+396 0 0
cfl=
cfn=(331)
calls=10 -1295289 0
* * 10
cfl=
cfn=(331)
calls=10 -1295240 0
* * 10

ob=
fl=
fn=(369) github.com/nd-r/tech-db-forum/vendor/github.com/jmoiron/sqlx.(*DB).MustBegin
+3684 0 0
cfl=
cfn=(370) github.com/nd-r/tech-db-forum/vendor/github.com/jmoiron/sqlx.(*DB).Beginx
calls=1510 +3803 0
* * 1510

ob=
fl=
fn=(370)
+119 0 0
cfl=
cfn=(324)
calls=1510 -1319791 0
* * 1510

ob=
fl=
fn=(371) github.com/nd-r/tech-db-forum/vendor/github.com/jmoiron/sqlx.(*Tx).Select
+4014 0 0
cfl=
cfn=(372) github.com/nd-r/tech-db-forum/vendor/github.com/jmoiron/sqlx.Select
calls=2060 +11648 0
* * 2060
cfl=
cfn=(372)
calls=980 +11532 0
* * 980

ob=
fl=
fn=(373) github.com/nd-r/tech-db-forum/vendor/github.com/jmoiron/sqlx.(*Tx).Queryx
+163 0 0
cfl=
cfn=(328)
calls=980 -1314942 0
* * 980

ob=
fl=
fn=(374) github.com/nd-r/tech-db-forum/vendor/github.com/jmoiron/sqlx.(*Tx).QueryRowx
+384 0 0
cfl=
cfn=(328)
calls=2670 -1315105 0
* * 2670

ob=
fl=
fn=(375) github.com/nd-r/tech-db-forum/vendor/github.com/jmoiron/sqlx.(*Tx).Get
+397 0 0
cfl=
cfn=(376) github.com/nd-r/tech-db-forum/vendor/github.com/jmoiron/sqlx.Get
calls=2670 +7306 0
* * 2670
cfl=
cfn=(376)
calls=580 +7345 0
* * 580

ob=
fl=
fn=(372)
+6574 0 0
cfl=
cfn=(373)
calls=980 -781 0
* * 980
+116 0 0
cfl=
cfn=(377) github.com/nd-r/tech-db-forum/vendor/github.com/jmoiron/sqlx.scanAll
calls=1320 +8134 0
* * 1320
cfl=
cfn=(377)
calls=340 +8451 0
* * 340
cfl=
cfn=(377)
calls=160 +8370 0
* * 160
cfl=
cfn=(377)
calls=150 +8852 0
* * 150
cfl=
cfn=(377)
calls=30 +6698 0
* * 30
cfl=
cfn=(377)
calls=30 +8177 0
* * 30
cfl=
cfn=(377)
calls=20 +7901 0
* * 20
cfl=
cfn=(377)
calls=10 +8925 0
* * 10

ob=
fl=
fn=(376)
+219 0 0
cfl=
cfn=(374)
calls=2670 -7087 0
* * 2670
+39 0 0
cfl=
cfn=(170)
calls=420 +1913 0
* * 420
cfl=
cfn=(170)
calls=40 +2348 0
* * 40
cfl=
cfn=(170)
calls=30 +1547 0
* * 30
cfl=
cfn=(170)
calls=20 +1280 0
* * 20
cfl=
cfn=(170)
calls=20 +1326 0
* * 20
cfl=
cfn=(170)
calls=20 +1810 0
* * 20
cfl=
cfn=(170)
calls=10 +787 0
* * 10
cfl=
cfn=(170)
calls=10 +1030 0
* * 10
cfl=
cfn=(170)
calls=10 +2232 0
* * 10

ob=
fl=
fn=(170)
+748 0 0
cfl=
cfn=(67)
calls=10 -2082563 0
* * 10
+243 0 0
cfl=
cfn=(132)
calls=10 -1547503 0
* * 10
+250 0 0
cfl=
cfn=(169)
calls=10 -20806 0
* * 10
cfl=
cfn=(169)
calls=10 -20796 0
* * 10
+46 0 0
cfl=
cfn=(368)
calls=20 -16950 0
* * 20
+221 0 0
cfl=
cfn=(365)
calls=10 -54126 0
* * 10
cfl=
cfn=(365)
calls=10 -54041 0
* * 10
cfl=
cfn=(365)
calls=10 -53830 0
* * 10
+263 0 0
cfl=
cfn=(171)
calls=20 +8854 0
* * 20
+103 0 0
cfl=
cfn=(367)
calls=180 -17876 0
* * 180
cfl=
cfn=(367)
calls=120 -17970 0
* * 120
cfl=
cfn=(367)
calls=120 -17909 0
* * 120
+435 0 0
cfl=
cfn=(367)
calls=20 -17979 0
* * 20
cfl=
cfn=(367)
calls=10 -18073 0
* * 10
cfl=
cfn=(367)
calls=10 -18012 0
* * 10

ob=
fl=
fn=(377)
+4015 0 0
cfl=
cfn=(169)
calls=20 -22124 0
* * 20
cfl=
cfn=(169)
calls=10 -22209 0
* * 10
+1203 0 0
cfl=
cfn=(365)
calls=10 -58987 0
* * 10
cfl=
cfn=(365)
calls=10 -58867 0
* * 10
+233 0 0
cfl=
cfn=(146)
calls=1120 -1320712 0
* * 1120
cfl=
cfn=(146)
calls=200 -1320670 0
* * 200
+43 0 0
cfl=
cfn=(314)
calls=20 -1536193 0
* * 20
cfl=
cfn=(314)
calls=10 -1536146 0
* * 10
+193 0 0
cfl=
cfn=(171)
calls=100 +2559 0
* * 100
cfl=
cfn=(171)
calls=30 +2609 0
* * 30
cfl=
cfn=(171)
calls=10 +2188 0
* * 10
cfl=
cfn=(171)
calls=10 +2193 0
* * 10
cfl=
cfn=(171)
calls=10 +2643 0
* * 10
+81 0 0
cfl=
cfn=(147)
calls=320 -1316774 0
* * 320
cfl=
cfn=(147)
calls=10 -1316899 0
* * 10
cfl=
cfn=(147)
calls=10 -1316768 0
* * 10
+401 0 0
cfl=
cfn=(313)
calls=110 -1539652 0
* * 110
cfl=
cfn=(313)
calls=30 -1539462 0
* * 30
cfl=
cfn=(313)
calls=10 -1539559 0
* * 10
+73 0 0
cfl=
cfn=(133)
calls=10 -1548350 0
* * 10

ob=
fl=
fn=(171)
+1811 0 0
cfl=
cfn=(167)
calls=50 -59947 0
* * 50
cfl=
cfn=(167)
calls=20 -60402 0
* * 20
cfl=
cfn=(167)
calls=20 -59883 0
* * 20
cfl=
cfn=(167)
calls=10 -60425 0
* * 10
cfl=
cfn=(167)
calls=10 -60382 0
* * 10
cfl=
cfn=(167)
calls=10 -60358 0
* * 10
+50 0 0
cfl=
cfn=(307)
calls=30 -1571186 0
* * 30
+34 0 0
cfl=
cfn=(308)
calls=10 -1557884 0
* * 10

ob=
fl=
fn=(172)
+800133 0 0
cfl=
cfn=(33)
calls=10 -2214276 0
* * 10
+83 0 0
cfl=
cfn=(193)
calls=30 -3007183 0
* * 30
cfl=
cfn=(193)
calls=10 -3007144 0
* * 10
+34 0 0
cfl=
cfn=(293)
calls=30 -2676237 0
* * 30

ob=
fl=
fn=(173)
+171 0 0
cfl=
cfn=(86)
calls=30 -2799665 0
* * 30
+49 0 0
cfl=
cfn=(106)
calls=10 -2675944 0
* * 10
cfl=
cfn=(106)
calls=10 -2675916 0
* * 10
cfl=
cfn=(106)
calls=10 -2675743 0
* * 10
+121 0 0
cfl=
cfn=(86)
calls=70 -2799885 0
* * 70
cfl=
cfn=(86)
calls=10 -2799979 0
* * 10

ob=
fl=
fn=(174)
+311 0 0
cfl=
cfn=(173)
calls=80 * 0
* * 80
cfl=
cfn=(173)
calls=30 -170 0
* * 30
cfl=
cfn=(173)
calls=30 -121 0
* * 30
cfl=
cfn=(173)
calls=10 -304 0
* * 10
+333 0 0
cfl=
cfn=(86)
calls=10 -2800317 0
* * 10

ob=
fl=
fn=(29)
+370 0 0
cfl=
cfn=(174)
calls=40 -333 0
* * 40

ob=
fl=
fn=(175)
+514 0 0
cfl=
cfn=(174)
calls=20 -703 0
* * 20

ob=
fl=
fn=(176)
+255 0 0
cfl=
cfn=(11)
calls=10 -2699304 0
* * 10
cfl=
cfn=(11)
calls=10 -2699217 0
* * 10
cfl=
cfn=(11)
calls=10 -2699174 0
* * 10
cfl=
cfn=(11)
calls=10 -2699153 0
* * 10
cfl=
cfn=(11)
calls=10 -2699150 0
* * 10
+263 0 0
cfl=
cfn=(174)
calls=90 -1472 0
* * 90
cfl=
cfn=(174)
calls=10 -1161 0
* * 10
cfl=
cfn=(174)
calls=10 -1139 0
* * 10

ob=
fl=
fn=(177)
+1116 0 0
cfl=
cfn=(11)
calls=10 -2700683 0
* * 10
+37 0 0
cfl=
cfn=(172)
calls=20 -3537 0
* * 20
cfl=
cfn=(172)
calls=20 -3503 0
* * 20
cfl=
cfn=(172)
calls=10 -3687 0
* * 10
+299 0 0
cfl=
cfn=(172)
calls=20 -3574 0
* * 20
cfl=
cfn=(172)
calls=10 -3657 0
* * 10
cfl=
cfn=(172)
calls=10 -3540 0
* * 10
+383 0 0
cfl=
cfn=(86)
calls=80 -2803504 0
* * 80

ob=
fl=
fn=(178)
+3216 0 0
cfl=
cfn=(29)
calls=40 -2867 0
* * 40
cfl=
cfn=(29)
calls=10 -3059 0
* * 10
cfl=
cfn=(29)
calls=10 -3006 0
* * 10

ob=
fl=
fn=(378) github.com/nd-r/tech-db-forum/vendor/github.com/mailru/easyjson/jwriter.(*Writer).RawString
+91 0 0
cfl=
cfn=(176)
calls=10 -5314 0
* * 10

ob=
fl=
fn=(379) github.com/nd-r/tech-db-forum/vendor/github.com/mailru/easyjson/jwriter.(*Writer).Raw
+194 0 0
cfl=
cfn=(175)
calls=20 -5660 0
* * 20
cfl=
cfn=(175)
calls=10 -5982 0
* * 10

ob=
fl=
fn=(380) github.com/nd-r/tech-db-forum/vendor/github.com/mailru/easyjson/jwriter.(*Writer).Int
+2542 0 0
cfl=
cfn=(115)
calls=10 -2584851 0
* * 10

ob=
fl=
fn=(9)
+7002 0 0
cfl=
cfn=(29)
calls=10 -9049 0
* * 10
+1195 0 0
cfl=
cfn=(176)
calls=110 -14880 0
* * 110
cfl=
cfn=(176)
calls=40 -15143 0
* * 40
cfl=
cfn=(176)
calls=10 -15147 0
* * 10
+19 0 0
cfl=
cfn=(29)
calls=10 -17275 0
* * 10

ob=
fl=
fn=(381) github.com/nd-r/tech-db-forum/models.easyjsonD2b7633eEncodeGithubComNdRTechDbForumModels2
+3043 0 0
cfl=
cfn=(179)
calls=70 +8696 0
* * 70
cfl=
cfn=(179)
calls=10 +8647 0
* * 10
cfl=
cfn=(179)
calls=10 +8737 0
* * 10

ob=
fl=
fn=(382) github.com/nd-r/tech-db-forum/models.UsersArr.MarshalJSON
+380 0 0
cfl=
cfn=(381)
calls=90 * 0
* * 90
+41 0 0
cfl=
cfn=(177)
calls=10 -18065 0
* * 10

ob=
fl=
fn=(383) github.com/nd-r/tech-db-forum/models.easyjsonD2b7633eEncodeGithubComNdRTechDbForumModels4
+4671 0 0
cfl=
cfn=(178)
calls=10 -14507 0
* * 10
+94 0 0
cfl=
cfn=(9)
calls=10 -8154 0
* * 10
+88 0 0
cfl=
cfn=(9)
calls=10 -8370 0
* * 10
+127 0 0
cfl=
cfn=(9)
calls=10 -9520 0
* * 10
+21 0 0
cfl=
cfn=(178)
calls=10 -19487 0
* * 10
+74 0 0
cfl=
cfn=(9)
calls=10 -9668 0
* * 10
cfl=
cfn=(9)
calls=10 -8636 0
* * 10

ob=
fl=
fn=(179)
+157 0 0
cfl=
cfn=(383)
calls=20 * 0
* * 20
cfl=
cfn=(383)
calls=10 -404 0
* * 10
cfl=
cfn=(383)
calls=10 -310 0
* * 10
cfl=
cfn=(383)
calls=10 -222 0
* * 10
cfl=
cfn=(383)
calls=10 -95 0
* * 10
cfl=
cfn=(383)
calls=10 -74 0
* * 10
+41 0 0
cfl=
cfn=(177)
calls=20 -22955 0
* * 20

ob=
fl=
fn=(384) github.com/nd-r/tech-db-forum/models.easyjsonD2b7633eEncodeGithubComNdRTechDbForumModels5
+1627 0 0
cfl=
cfn=(178)
calls=10 -19780 0
* * 10
+154 0 0
cfl=
cfn=(385) github.com/nd-r/tech-db-forum/models.Thread.MarshalJSON
calls=480 +6732 0
* * 480
cfl=
cfn=(385)
calls=90 +6776 0
* * 90
+70 0 0
cfl=
cfn=(379)
calls=10 -21276 0
* * 10

ob=
fl=
fn=(386) github.com/nd-r/tech-db-forum/models.TreadArr.MarshalJSON
+339 0 0
cfl=
cfn=(384)
calls=570 -70 0
* * 570
cfl=
cfn=(384)
calls=10 -224 0
* * 10
cfl=
cfn=(384)
calls=10 * 0
* * 10
+41 0 0
cfl=
cfn=(177)
calls=10 -25905 0
* * 10
cfl=
cfn=(177)
calls=10 -25868 0
* * 10

ob=
fl=
fn=(387) github.com/nd-r/tech-db-forum/models.easyjsonD2b7633eEncodeGithubComNdRTechDbForumModels7
+5071 0 0
cfl=
cfn=(178)
calls=20 -22011 0
* * 20
+170 0 0
cfl=
cfn=(9)
calls=10 -16186 0
* * 10
+88 0 0
cfl=
cfn=(9)
calls=10 -17378 0
* * 10
+88 0 0
cfl=
cfn=(9)
calls=110 -16316 0
* * 110
cfl=
cfn=(9)
calls=40 -17495 0
* * 40
cfl=
cfn=(9)
calls=40 -17461 0
* * 40
cfl=
cfn=(9)
calls=30 -17466 0
* * 30
cfl=
cfn=(9)
calls=30 -17399 0
* * 30
cfl=
cfn=(9)
calls=20 -17505 0
* * 20
cfl=
cfn=(9)
calls=20 -17475 0
* * 20
cfl=
cfn=(9)
calls=20 -16468 0
* * 20
cfl=
cfn=(9)
calls=10 -17500 0
* * 10
cfl=
cfn=(9)
calls=10 -17481 0
* * 10
cfl=
cfn=(9)
calls=10 -17470 0
* * 10
cfl=
cfn=(9)
calls=10 -17404 0
* * 10
cfl=
cfn=(9)
calls=10 -16444 0
* * 10
cfl=
cfn=(9)
calls=10 -16438 0
* * 10
+19 0 0
cfl=
cfn=(178)
calls=10 -27451 0
* * 10
+69 0 0
cfl=
cfn=(9)
calls=10 -17618 0
* * 10
cfl=
cfn=(9)
calls=10 -17577 0
* * 10
cfl=
cfn=(9)
calls=10 -16423 0
* * 10
+88 0 0
cfl=
cfn=(9)
calls=10 -16509 0
* * 10
cfl=
cfn=(9)
calls=10 -16492 0
* * 10
cfl=
cfn=(9)
calls=10 -16473 0
* * 10
+191 0 0
cfl=
cfn=(380)
calls=10 -24777 0
* * 10

ob=
fl=
fn=(385)
+344 0 0
cfl=
cfn=(387)
calls=370 -367 0
* * 370
cfl=
cfn=(387)
calls=30 -279 0
* * 30
cfl=
cfn=(387)
calls=30 -191 0
* * 30
cfl=
cfn=(387)
calls=20 -713 0
* * 20
cfl=
cfn=(387)
calls=10 -543 0
* * 10
cfl=
cfn=(387)
calls=10 -455 0
* * 10
cfl=
cfn=(387)
calls=10 -348 0
* * 10
cfl=
cfn=(387)
calls=10 * 0
* * 10
+44 0 0
cfl=
cfn=(177)
calls=30 -31355 0
* * 30
cfl=
cfn=(177)
calls=20 -32037 0
* * 20
cfl=
cfn=(177)
calls=20 -31738 0
* * 20
cfl=
cfn=(177)
calls=10 -32095 0
* * 10
cfl=
cfn=(177)
calls=10 -31661 0
* * 10

ob=
fl=
fn=(388) github.com/nd-r/tech-db-forum/models.easyjsonD2b7633eEncodeGithubComNdRTechDbForumModels10
+6544 0 0
cfl=
cfn=(389) github.com/nd-r/tech-db-forum/models.Post.MarshalJSON
calls=10 +14292 0
* * 10
+170 0 0
cfl=
cfn=(385)
calls=10 -6588 0
* * 10

ob=
fl=
fn=(390) github.com/nd-r/tech-db-forum/models.PostDetails.MarshalJSON
+526 0 0
cfl=
cfn=(388)
calls=10 -170 0
* * 10
cfl=
cfn=(388)
calls=10 * 0
* * 10
+41 0 0
cfl=
cfn=(177)
calls=10 -38639 0
* * 10

ob=
fl=
fn=(391) github.com/nd-r/tech-db-forum/models.easyjsonD2b7633eEncodeGithubComNdRTechDbForumModels11
+1793 0 0
cfl=
cfn=(389)
calls=160 +7011 0
* * 160
cfl=
cfn=(389)
calls=20 +7055 0
* * 20
+70 0 0
cfl=
cfn=(379)
calls=20 -36972 0
* * 20

ob=
fl=
fn=(392) github.com/nd-r/tech-db-forum/models.PostArr.MarshalJSON
+339 0 0
cfl=
cfn=(391)
calls=180 -70 0
* * 180
cfl=
cfn=(391)
calls=20 * 0
* * 20
+41 0 0
cfl=
cfn=(177)
calls=20 -41564 0
* * 20
cfl=
cfn=(177)
calls=10 -40882 0
* * 10

ob=
fl=
fn=(393) github.com/nd-r/tech-db-forum/models.easyjsonD2b7633eEncodeGithubComNdRTechDbForumModels12
+3625 0 0
cfl=
cfn=(178)
calls=10 -37728 0
* * 10
+69 0 0
cfl=
cfn=(9)
calls=10 -31453 0
* * 10
cfl=
cfn=(9)
calls=10 -31391 0
* * 10
+54 0 0
cfl=
cfn=(378)
calls=10 -41310 0
* * 10
+34 0 0
cfl=
cfn=(9)
calls=20 -31581 0
* * 20
cfl=
cfn=(9)
calls=20 -31576 0
* * 20
cfl=
cfn=(9)
calls=20 -31519 0
* * 20
cfl=
cfn=(9)
calls=10 -31610 0
* * 10
cfl=
cfn=(9)
calls=10 -31590 0
* * 10
cfl=
cfn=(9)
calls=10 -30431 0
* * 10
+99 0 0
cfl=
cfn=(9)
calls=10 -30579 0
* * 10
cfl=
cfn=(9)
calls=10 -30465 0
* * 10
+19 0 0
cfl=
cfn=(178)
calls=10 -41588 0
* * 10
+69 0 0
cfl=
cfn=(9)
calls=10 -31728 0
* * 10

ob=
fl=
fn=(389)
+799 0 0
cfl=
cfn=(393)
calls=90 -187 0
* * 90
cfl=
cfn=(393)
calls=20 -275 0
* * 20
cfl=
cfn=(393)
calls=20 -88 0
* * 20
cfl=
cfn=(393)
calls=10 -344 0
* * 10
cfl=
cfn=(393)
calls=10 -221 0
* * 10
cfl=
cfn=(393)
calls=10 -69 0
* * 10
cfl=
cfn=(393)
calls=10 * 0
* * 10
+44 0 0
cfl=
cfn=(177)
calls=10 -46074 0
* * 10
cfl=
cfn=(177)
calls=10 -45691 0
* * 10

ob=
fl=
fn=(180)
+15394 0 0
cfl=
cfn=(369)
calls=270 -872678 0
* * 270
+311 0 0
cfl=
cfn=(375)
calls=470 -882995 0
* * 470
+44 0 0
cfl=
cfn=(326)
calls=40 -2205901 0
* * 40
cfl=
cfn=(326)
calls=10 -2205831 0
* * 10
+59 0 0
cfl=
cfn=(326)
calls=130 -2205945 0
* * 130
cfl=
cfn=(326)
calls=20 -2205875 0
* * 20

ob=
fl=
fn=(394) github.com/nd-r/tech-db-forum/database.GetForumThreads
+1222 0 0
cfl=
cfn=(369)
calls=190 -888486 0
* * 190
+627 0 0
cfl=
cfn=(371)
calls=650 -885575 0
* * 650
+53 0 0
cfl=
cfn=(326)
calls=30 -2207853 0
* * 30
cfl=
cfn=(326)
calls=10 -2207783 0
* * 10
+105 0 0
cfl=
cfn=(326)
calls=120 -2207906 0
* * 120
cfl=
cfn=(326)
calls=30 -2207836 0
* * 30
+816 0 0
cfl=
cfn=(371)
calls=640 -886360 0
* * 640

ob=
fl=
fn=(395) github.com/nd-r/tech-db-forum/database.GetForumUsers
+549 0 0
cfl=
cfn=(369)
calls=260 -891309 0
* * 260
+220 0 0
cfl=
cfn=(375)
calls=300 -886781 0
* * 300
+30 0 0
cfl=
cfn=(14)
calls=10 -3065793 0
* * 10
+679 0 0
cfl=
cfn=(371)
calls=700 -887975 0
* * 700
+29 0 0
cfl=
cfn=(326)
calls=190 -2210305 0
* * 190
cfl=
cfn=(326)
calls=20 -2210235 0
* * 20
+685 0 0
cfl=
cfn=(337)
calls=10 -2146925 0
* * 10
+67 0 0
cfl=
cfn=(326)
calls=40 -2211019 0
* * 40

ob=
fl=
fn=(396) github.com/nd-r/tech-db-forum/database.GetPostDetails
+220 0 0
cfl=
cfn=(369)
calls=160 -893568 0
* * 160
+401 0 0
cfl=
cfn=(375)
calls=480 -888711 0
* * 480
+396 0 0
cfl=
cfn=(326)
calls=150 -2211707 0
* * 150
cfl=
cfn=(326)
calls=20 -2211637 0
* * 20
+219 0 0
cfl=
cfn=(375)
calls=270 -889508 0
* * 270
+303 0 0
cfl=
cfn=(375)
calls=210 -889727 0
* * 210
+301 0 0
cfl=
cfn=(375)
calls=190 -890030 0
* * 190
+134 0 0
cfl=
cfn=(326)
calls=50 -2212926 0
* * 50
cfl=
cfn=(326)
calls=10 -2212856 0
* * 10
+46 0 0
cfl=
cfn=(326)
calls=30 -2213060 0
* * 30
cfl=
cfn=(326)
calls=20 -2212990 0
* * 20

ob=
fl=
fn=(397) github.com/nd-r/tech-db-forum/database.GetThread
+6980 0 0
cfl=
cfn=(369)
calls=200 -895588 0
* * 200
+364 0 0
cfl=
cfn=(375)
calls=70 -897491 0
* * 70
+242 0 0
cfl=
cfn=(375)
calls=440 -897855 0
* * 440
+40 0 0
cfl=
cfn=(326)
calls=150 -2220692 0
* * 150
cfl=
cfn=(326)
calls=20 -2220622 0
* * 20

ob=
fl=
fn=(398) github.com/nd-r/tech-db-forum/database.GetThreadPosts
+257 0 0
cfl=
cfn=(369)
calls=240 -903214 0
* * 240
+305 0 0
cfl=
cfn=(375)
calls=20 -898394 0
* * 20
+818 0 0
cfl=
cfn=(371)
calls=420 -899643 0
* * 420
+125 0 0
cfl=
cfn=(326)
calls=130 -2222112 0
* * 130
cfl=
cfn=(326)
calls=20 -2222042 0
* * 20
+447 0 0
cfl=
cfn=(371)
calls=630 -900586 0
* * 630
+994 0 0
cfl=
cfn=(337)
calls=10 -2158960 0
* * 10
cfl=
cfn=(337)
calls=10 -2158469 0
* * 10
+480 0 0
cfl=
cfn=(375)
calls=290 -901083 0
* * 290
+40 0 0
cfl=
cfn=(326)
calls=30 -2224158 0
* * 30

ob=
fl=
fn=(399) github.com/nd-r/tech-db-forum/database.GetUserProfile
+2448 0 0
cfl=
cfn=(369)
calls=190 -906680 0
* * 190
+293 0 0
cfl=
cfn=(375)
calls=510 -904051 0
* * 510
+44 0 0
cfl=
cfn=(326)
calls=10 -2226939 0
* * 10
cfl=
cfn=(326)
calls=10 -2226869 0
* * 10
+51 0 0
cfl=
cfn=(326)
calls=120 -2226983 0
* * 120
cfl=
cfn=(326)
calls=10 -2226913 0
* * 10

ob=
fl=
fn=(400) github.com/nd-r/tech-db-forum/vendor/github.com/valyala/fasthttp.(*Args).ParseBytes
+146479 0 0
cfl=
cfn=(401) github.com/nd-r/tech-db-forum/vendor/github.com/valyala/fasthttp.(*argsScanner).next
calls=10 +162358 0
* * 10

ob=
fl=
fn=(401)
+15879 0 0
cfl=
cfn=(402) github.com/nd-r/tech-db-forum/vendor/github.com/valyala/fasthttp.decodeArgAppend
calls=10 +16539 0
* * 10

ob=
fl=
fn=(402)
+660 0 0
cfl=
cfn=(103)
calls=10 -2950588 0
* * 10

ob=
fl=
fn=(403) github.com/nd-r/tech-db-forum/vendor/github.com/valyala/fasthttp.(*RequestHeader).Read
+115156 0 0
cfl=
cfn=(404) github.com/nd-r/tech-db-forum/vendor/github.com/valyala/fasthttp.(*RequestHeader).tryRead
calls=650 +115453 0
* * 650

ob=
fl=
fn=(404)
+297 0 0
cfl=
cfn=(340)
calls=650 -2435310 0
* * 650

ob=
fl=
fn=(405) github.com/nd-r/tech-db-forum/vendor/github.com/valyala/fasthttp.(*ResponseHeader).Write
+2061 0 0
cfl=
cfn=(406) github.com/nd-r/tech-db-forum/vendor/github.com/valyala/fasthttp.(*ResponseHeader).Header
calls=60 +2370 0
* * 60
+44 0 0
cfl=
cfn=(153)
calls=10 -2429825 0
* * 10

ob=
fl=
fn=(406)
+265 0 0
cfl=
cfn=(182)
calls=20 +1143 0
* * 20
cfl=
cfn=(182)
calls=10 +632 0
* * 10
cfl=
cfn=(182)
calls=10 +1662 0
* * 10
cfl=
cfn=(182)
calls=10 +2180 0
* * 10
cfl=
cfn=(182)
calls=10 +3907 0
* * 10

ob=
fl=
fn=(182)
+367 0 0
cfl=
cfn=(407) github.com/nd-r/tech-db-forum/vendor/github.com/valyala/fasthttp.statusLine
calls=10 +111839 0
* * 10
+511 0 0
cfl=
cfn=(11)
calls=20 -3065267 0
* * 20
+519 0 0
cfl=
cfn=(11)
calls=10 -3065819 0
* * 10
+518 0 0
cfl=
cfn=(11)
calls=10 -3066317 0
* * 10

ob=
fl=
fn=(408) github.com/nd-r/tech-db-forum/vendor/github.com/valyala/fasthttp.(*Response).AppendBody
+39858 0 0
cfl=
cfn=(409) github.com/nd-r/tech-db-forum/vendor/github.com/valyala/fasthttp.(*Response).AppendBodyString
calls=10 +40028 0
* * 10

ob=
fl=
fn=(409)
+170 0 0
cfl=
cfn=(11)
calls=10 -3106968 0
* * 10

ob=
fl=
fn=(410) github.com/nd-r/tech-db-forum/vendor/github.com/valyala/fasthttp.(*Request).URI
+5396 0 0
cfl=
cfn=(411) github.com/nd-r/tech-db-forum/vendor/github.com/valyala/fasthttp.(*Request).parseURI
calls=40 +5575 0
* * 40

ob=
fl=
fn=(411)
+179 0 0
cfl=
cfn=(412) github.com/nd-r/tech-db-forum/vendor/github.com/valyala/fasthttp.(*URI).parseQuick
calls=40 +73549 0
* * 40

ob=
fl=
fn=(413) github.com/nd-r/tech-db-forum/vendor/github.com/valyala/fasthttp.(*Request).readLimitBody
+8429 0 0
cfl=
cfn=(403)
calls=650 -50185 0
* * 650

ob=
fl=
fn=(414) github.com/nd-r/tech-db-forum/vendor/github.com/valyala/fasthttp.(*Response).Write
+8860 0 0
cfl=
cfn=(405)
calls=60 -56256 0
* * 60
cfl=
cfn=(405)
calls=10 -56212 0
* * 10
+99 0 0
cfl=
cfn=(153)
calls=470 -2494728 0
* * 470
cfl=
cfn=(153)
calls=110 -2494600 0
* * 110
cfl=
cfn=(153)
calls=20 -2494758 0
* * 20

ob=
fl=
fn=(415) github.com/nd-r/tech-db-forum/vendor/github.com/valyala/fasthttp.(*RequestCtx).URI
+15731 0 0
cfl=
cfn=(410)
calls=40 -17567 0
* * 40

ob=
fl=
fn=(416) github.com/nd-r/tech-db-forum/vendor/github.com/valyala/fasthttp.(*RequestCtx).Path
+270 0 0
cfl=
cfn=(415)
calls=40 * 0
* * 40

ob=
fl=
fn=(417) github.com/nd-r/tech-db-forum/vendor/github.com/valyala/fasthttp.(*RequestCtx).QueryArgs
+270 0 0
cfl=
cfn=(418) github.com/nd-r/tech-db-forum/vendor/github.com/valyala/fasthttp.(*URI).QueryArgs
calls=10 +53504 0
* * 10

ob=
fl=
fn=(419) github.com/nd-r/tech-db-forum/vendor/github.com/valyala/fasthttp.(*RequestCtx).Write
+4824 0 0
cfl=
cfn=(408)
calls=10 -39404 0
* * 10

ob=
fl=
fn=(420) github.com/nd-r/tech-db-forum/vendor/github.com/valyala/fasthttp.(*Server).serveConn
+11708 0 0
cfl=
cfn=(421) github.com/nd-r/tech-db-forum/vendor/github.com/buaazp/fasthttprouter.(*Router).Handler-fm
calls=10330 +634099 0
* * 10330
+49 0 0
cfl=
cfn=(183)
calls=10 -15549 0
* * 10
+598 0 0
cfl=
cfn=(422) github.com/nd-r/tech-db-forum/vendor/github.com/valyala/fasthttp.writeResponse
calls=670 +7186 0
* * 670
+1002 0 0
cfl=
cfn=(341)
calls=460 -2528927 0
* * 460
+56 0 0
cfl=
cfn=(185)
calls=10 +9063 0
* * 10
+164 0 0
cfl=
cfn=(184)
calls=10 +8322 0
* * 10
cfl=
cfn=(184)
calls=10 +8355 0
* * 10
cfl=
cfn=(184)
calls=10 +8774 0
* * 10
+1841 0 0
cfl=
cfn=(413)
calls=650 -43631 0
* * 650

ob=
fl=
fn=(422)
+3525 0 0
cfl=
cfn=(414)
calls=600 -36513 0
* * 600
cfl=
cfn=(414)
calls=70 -36612 0
* * 70

ob=
fl=
fn=(184)
+2792 0 0
cfl=
cfn=(195)
calls=10 -3479480 0
* * 10
+452 0 0
cfl=
cfn=(14)
calls=10 -3471808 0
* * 10

ob=
fl=
fn=(407)
+3651 0 0
cfl=
cfn=(33)
calls=10 -3490425 0
* * 10

ob=
fl=
fn=(412)
+9049 0 0
cfl=
cfn=(423) github.com/nd-r/tech-db-forum/vendor/github.com/valyala/fasthttp.(*URI).parse
calls=20 +9597 0
* * 20
cfl=
cfn=(423)
calls=10 +9874 0
* * 10
cfl=
cfn=(423)
calls=10 +10499 0
* * 10

ob=
fl=
fn=(423)
+548 0 0
cfl=
cfn=(186)
calls=10 +12581 0
* * 10
cfl=
cfn=(186)
calls=10 +13332 0
* * 10
+277 0 0
cfl=
cfn=(181)
calls=10 -231883 0
* * 10
+625 0 0
cfl=
cfn=(424) github.com/nd-r/tech-db-forum/vendor/github.com/valyala/fasthttp.normalizePath
calls=10 +4877 0
* * 10

ob=
fl=
fn=(424)
+4252 0 0
cfl=
cfn=(109)
calls=10 -3112974 0
* * 10

ob=
fl=
fn=(186)
+6879 0 0
cfl=
cfn=(110)
calls=10 -3109897 0
* * 10

ob=
fl=
fn=(418)
+942 0 0
cfl=
cfn=(425) github.com/nd-r/tech-db-forum/vendor/github.com/valyala/fasthttp.(*URI).parseQueryArgs
calls=10 +1077 0
* * 10

ob=
fl=
fn=(425)
+135 0 0
cfl=
cfn=(400)
calls=10 -268773 0
* * 10

ob=
fl=
fn=(426) github.com/nd-r/tech-db-forum/vendor/github.com/valyala/fasthttp.(*workerPool).workerFunc
+5788 0 0
cfl=
cfn=(427) github.com/nd-r/tech-db-forum/vendor/github.com/valyala/fasthttp.(*Server).(github.com/nd-r/tech-db-forum/vendor/github.com/valyala/fasthttp.serveConn)-fm
calls=12160 +16252 0
* * 12160

ob=
fl=
fn=(290)
+4983 0 0
cfl=
cfn=(426)
calls=12160 * 0
* * 12160

ob=
fl=
fn=(427)
+5481 0 0
cfl=
cfn=(420)
calls=10330 -47608 0
* * 10330
cfl=
cfn=(420)
calls=670 -46961 0
* * 670
cfl=
cfn=(420)
calls=650 -43898 0
* * 650
cfl=
cfn=(420)
calls=460 -45959 0
* * 460
cfl=
cfn=(420)
calls=30 -45739 0
* * 30
cfl=
cfn=(420)
calls=10 -47559 0
* * 10
cfl=
cfn=(420)
calls=10 -45903 0
* * 10

ob=
fl=
fn=(187)
+14154 0 0
cfl=
cfn=(416)
calls=40 -69891 0
* * 40
+43 0 0
cfl=
cfn=(88)
calls=10 -3316090 0
* * 10
+2518 0 0
cfl=
cfn=(428) github.com/nd-r/tech-db-forum/handlers.GetThreadPosts
calls=1800 +28903 0
* * 1800
cfl=
cfn=(429) github.com/nd-r/tech-db-forum/handlers.GetForumThreads
calls=1670 +21760 0
* * 1670
cfl=
cfn=(430) github.com/nd-r/tech-db-forum/handlers.GetPostDetails
calls=1590 +23784 0
* * 1590
cfl=
cfn=(431) github.com/nd-r/tech-db-forum/handlers.GetForumUsers
calls=1530 +22899 0
* * 1530
cfl=
cfn=(432) github.com/nd-r/tech-db-forum/handlers.GetForumDetails
calls=950 +20749 0
* * 950
cfl=
cfn=(433) github.com/nd-r/tech-db-forum/handlers.GetThreadDetails
calls=880 +26761 0
* * 880
cfl=
cfn=(434) github.com/nd-r/tech-db-forum/handlers.GetUserProfile
calls=850 +31282 0
* * 850
cfl=
cfn=(429)
calls=610 +21842 0
* * 610
cfl=
cfn=(428)
calls=230 +28985 0
* * 230
cfl=
cfn=(431)
calls=100 +23082 0
* * 100
cfl=
cfn=(430)
calls=30 +23929 0
* * 30
cfl=
cfn=(432)
calls=10 +20968 0
* * 10
cfl=
cfn=(431)
calls=10 +22581 0
* * 10
cfl=
cfn=(434)
calls=10 +31412 0
* * 10

ob=
fl=
fn=(432)
+18231 0 0
cfl=
cfn=(180)
calls=470 -469487 0
* * 470
cfl=
cfn=(180)
calls=270 -469798 0
* * 270
cfl=
cfn=(180)
calls=150 -469384 0
* * 150
cfl=
cfn=(180)
calls=50 -469443 0
* * 50
cfl=
cfn=(180)
calls=10 -469481 0
* * 10
+219 0 0
cfl=
cfn=(419)
calls=10 -99743 0
* * 10

ob=
fl=
fn=(429)
+792 0 0
cfl=
cfn=(394)
calls=650 -485985 0
* * 650
cfl=
cfn=(394)
calls=640 -485011 0
* * 640
cfl=
cfn=(394)
calls=190 -486612 0
* * 190
cfl=
cfn=(394)
calls=150 -485827 0
* * 150
cfl=
cfn=(394)
calls=40 -485932 0
* * 40
+82 0 0
cfl=
cfn=(386)
calls=590 -524983 0
* * 590
cfl=
cfn=(386)
calls=20 -524942 0
* * 20

ob=
fl=
fn=(431)
+739 0 0
cfl=
cfn=(417)
calls=10 -105660 0
* * 10
+318 0 0
cfl=
cfn=(395)
calls=700 -485146 0
* * 700
cfl=
cfn=(395)
calls=300 -485855 0
* * 300
cfl=
cfn=(395)
calls=260 -486075 0
* * 260
cfl=
cfn=(395)
calls=210 -485117 0
* * 210
cfl=
cfn=(395)
calls=40 -484365 0
* * 40
cfl=
cfn=(395)
calls=10 -485825 0
* * 10
cfl=
cfn=(395)
calls=10 -484432 0
* * 10
+183 0 0
cfl=
cfn=(382)
calls=90 -533626 0
* * 90
cfl=
cfn=(382)
calls=10 -533585 0
* * 10

ob=
fl=
fn=(430)
+702 0 0
cfl=
cfn=(396)
calls=480 -484245 0
* * 480
cfl=
cfn=(396)
calls=270 -483630 0
* * 270
cfl=
cfn=(396)
calls=210 -483327 0
* * 210
cfl=
cfn=(396)
calls=190 -483026 0
* * 190
cfl=
cfn=(396)
calls=170 -483849 0
* * 170
cfl=
cfn=(396)
calls=160 -484646 0
* * 160
cfl=
cfn=(396)
calls=60 -482892 0
* * 60
cfl=
cfn=(396)
calls=50 -482846 0
* * 50
+145 0 0
cfl=
cfn=(390)
calls=20 -513554 0
* * 20
cfl=
cfn=(390)
calls=10 -513513 0
* * 10

ob=
fl=
fn=(433)
+2832 0 0
cfl=
cfn=(397)
calls=440 -476107 0
* * 440
cfl=
cfn=(397)
calls=200 -476713 0
* * 200
cfl=
cfn=(397)
calls=170 -476067 0
* * 170
cfl=
cfn=(397)
calls=70 -476349 0
* * 70

ob=
fl=
fn=(428)
+2142 0 0
cfl=
cfn=(398)
calls=630 -476947 0
* * 630
cfl=
cfn=(398)
calls=420 -477519 0
* * 420
cfl=
cfn=(398)
calls=290 -475473 0
* * 290
cfl=
cfn=(398)
calls=240 -478642 0
* * 240
cfl=
cfn=(398)
calls=150 -477394 0
* * 150
cfl=
cfn=(398)
calls=30 -475433 0
* * 30
cfl=
cfn=(398)
calls=20 -478337 0
* * 20
cfl=
cfn=(398)
calls=20 -475953 0
* * 20
+82 0 0
cfl=
cfn=(392)
calls=200 -516430 0
* * 200
cfl=
cfn=(392)
calls=30 -516389 0
* * 30

ob=
fl=
fn=(434)
+2297 0 0
cfl=
cfn=(399)
calls=510 -474916 0
* * 510
cfl=
cfn=(399)
calls=190 -475209 0
* * 190
cfl=
cfn=(399)
calls=130 -474821 0
* * 130
cfl=
cfn=(399)
calls=20 -474872 0
* * 20
+130 0 0
cfl=
cfn=(179)
calls=10 -536695 0
* * 10

ob=
fl=
fn=(421)
+523693 0 0
cfl=
cfn=(187)
calls=10270 -28894 0
* * 10270
cfl=
cfn=(187)
calls=40 -31455 0
* * 40
cfl=
cfn=(187)
calls=10 -31412 0
* * 10
cfl=
cfn=(187)
calls=10 -28895 0
* * 10
