positions: instr line
events: cpu(ms)

ob=
fl=
fn=(1) syscall.Syscall
0x1083c6a 0 7130

ob=
fl=
fn=(2) runtime.usleep
-166388 0 2720

ob=
fl=
fn=(3) runtime.kevent
+525 0 2440

ob=
fl=
fn=(4) runtime.mach_semaphore_signal
-184 0 2280

ob=
fl=
fn=(5) runtime.mach_semaphore_wait
-48 0 1450

ob=
fl=
fn=(6) runtime.freedefer
-195636 0 890

ob=
fl=
fn=(7) runtime.mach_semaphore_timedwait
+195660 0 550

ob=
fl=
fn=(8) runtime.scanobject
-249500 0 100

ob=
fl=
fn=(9) github.com/nd-r/tech-db-forum/vendor/github.com/mailru/easyjson/jwriter.(*Writer).String
+2962665 0 90

ob=
fl=
fn=(10) runtime.newobject
-3013771 0 80

ob=
fl=
fn=(11) runtime.greyobject
+52486 0 80

ob=
fl=
fn=(12) runtime.mallocgc
-53591 0 70

ob=
fl=
fn=(8)
+52102 0 60

ob=
fl=
fn=(9)
+2962769 0 60

ob=
fl=
fn=(8)
-2962751 0 50

ob=
fl=
fn=(9)
+2962722 0 50
+1051 0 50

ob=
fl=
fn=(13) runtime.scanstack
-2969935 0 40

ob=
fl=
fn=(9)
+2968975 0 40

ob=
fl=
fn=(14) runtime.(*mcentral).cacheSpan
-2998337 0 30

ob=
fl=
fn=(8)
+35501 0 30
+47 0 30

ob=
fl=
fn=(15) runtime.deferreturn
+54524 0 30

ob=
fl=
fn=(16) runtime.gentraceback
+142547 0 30

ob=
fl=
fn=(17) runtime.memmove
+51084 0 30

ob=
fl=
fn=(18) strconv.ParseUint
+98234 0 30

ob=
fl=
fn=(9)
+2616304 0 30

ob=
fl=
fn=(19) runtime.lock
-3022109 0 20

ob=
fl=
fn=(20) runtime.notesleep
+987 0 20

ob=
fl=
fn=(12)
+4686 0 20
+534 0 20
+102 0 20
+51 0 20
+1035 0 20

ob=
fl=
fn=(21) runtime.(*mspan).refillAllocCache
+5765 0 20

ob=
fl=
fn=(22) runtime.heapBitsForObject
+1171 0 20

ob=
fl=
fn=(23) runtime.heapBitsSetType
+4233 0 20

ob=
fl=
fn=(24) runtime.(*mcache).refill
+4560 0 20

ob=
fl=
fn=(25) runtime.markrootSpans
+26621 0 20

ob=
fl=
fn=(26) runtime.scanblock
+8865 0 20
+62 0 20

ob=
fl=
fn=(8)
+714 0 20
+21 0 20
+18 0 20
+63 0 20

ob=
fl=
fn=(27) runtime.(*mheap).allocSpanLocked
+18242 0 20

ob=
fl=
fn=(28) runtime.newMarkBits
+8456 0 20

ob=
fl=
fn=(29) runtime.mprof_GC
+2241 0 20

ob=
fl=
fn=(15)
+25517 0 20
+333 0 20

ob=
fl=
fn=(30) runtime.sysmon
+49315 0 20

ob=
fl=
fn=(31) runtime.retake
+1103 0 20

ob=
fl=
fn=(32) reflect.resolveTypeOff
+13196 0 20

ob=
fl=
fn=(33) runtime.jmpdefer
+120956 0 20

ob=
fl=
fn=(34) runtime.duffcopy
+6299 0 20

ob=
fl=
fn=(35) runtime.memclrNoHeapPointers
+126 0 20
+215 0 20

ob=
fl=
fn=(17)
+427 0 20
+1612 0 20
+47 0 20
+21 0 20

ob=
fl=
fn=(36) sync.(*Pool).pin
+22291 0 20

ob=
fl=
fn=(37) sync.(*RWMutex).RUnlock
+1779 0 20

ob=
fl=
fn=(38) math.modf
+62954 0 20

ob=
fl=
fn=(39) time.(*Location).lookup
+132183 0 20

ob=
fl=
fn=(40) reflect.implements
+86658 0 20

ob=
fl=
fn=(41) reflect.packEface
+17809 0 20

ob=
fl=
fn=(42) reflect.Value.Field
+12056 0 20

ob=
fl=
fn=(43) reflect.Value.Slice
+14264 0 20

ob=
fl=
fn=(44) reflect.Value.Type
+2441 0 20
+10 0 20

ob=
fl=
fn=(45) net.(*netFD).writeLock
+414129 0 20

ob=
fl=
fn=(9)
+1947936 0 20
+24 0 20
+11 0 20
+1032 0 20

ob=
fl=
fn=(46) sync/atomic.(*Value).Load
-3079075 0 10

ob=
fl=
fn=(47) runtime.ifaceeq
+4085 0 10

ob=
fl=
fn=(48) runtime.chanrecv
+14006 0 10

ob=
fl=
fn=(49) runtime.(*waitq).dequeue
+3593 0 10

ob=
fl=
fn=(50) runtime.mapaccess1_fast64
+24501 0 10
+109 0 10

ob=
fl=
fn=(51) runtime.getitab
+3417 0 10
+38 0 10
+113 0 10
+334 0 10

ob=
fl=
fn=(52) runtime.convT2I
+3411 0 10

ob=
fl=
fn=(53) runtime.convI2I
+229 0 10

ob=
fl=
fn=(54) runtime.assertI2I2
+655 0 10

ob=
fl=
fn=(55) runtime.(*mcache).nextFree
+6279 0 10

ob=
fl=
fn=(12)
+554 0 10
+25 0 10
+134 0 10
+102 0 10
+9 0 10
+27 0 10
+32 0 10
+25 0 10
+169 0 10
+51 0 10
+29 0 10
+128 0 10
+106 0 10
+70 0 10
+505 0 10
+96 0 10
+140 0 10
+130 0 10
+184 0 10
+91 0 10
+104 0 10
+62 0 10

ob=
fl=
fn=(10)
+710 0 10

ob=
fl=
fn=(56) reflect.unsafe_New
+140 0 10

ob=
fl=
fn=(57) runtime.writebarrierptr_prewrite1
+2116 0 10

ob=
fl=
fn=(58) runtime.typedmemmove
+622 0 10
+13 0 10
+131 0 10

ob=
fl=
fn=(59) runtime.typedslicecopy
+679 0 10

ob=
fl=
fn=(22)
+2123 0 10
+10 0 10
+94 0 10
+50 0 10
+780 0 10
+29 0 10
+103 0 10

ob=
fl=
fn=(60) runtime.heapBits.initSpan
+2135 0 10

ob=
fl=
fn=(61) runtime.(*mspan).countFree
+815 0 10

ob=
fl=
fn=(23)
+26 0 10
+513 0 10
+16 0 10
+42 0 10

ob=
fl=
fn=(62) runtime.(*mcache).releaseAll
+4732 0 10

ob=
fl=
fn=(14)
+176 0 10
+68 0 10
+26 0 10
+821 0 10

ob=
fl=
fn=(63) runtime.gcMarkTermination
+16017 0 10

ob=
fl=
fn=(64) runtime.gcResetMarkState
+4000 0 10

ob=
fl=
fn=(65) runtime.gcMarkRootCheck
+3070 0 10

ob=
fl=
fn=(66) runtime.queueRescan
+8516 0 10

ob=
fl=
fn=(67) runtime.gcDrain
+1524 0 10

ob=
fl=
fn=(26)
+804 0 10
+65 0 10
+45 0 10
+7 0 10

ob=
fl=
fn=(8)
+306 0 10
+86 0 10
+298 0 10
+9 0 10
+42 0 10
+51 0 10
+27 0 10
+4 0 10
+139 0 10
+5 0 10

ob=
fl=
fn=(11)
+450 0 10
+26 0 10
+196 0 10
+57 0 10
+496 0 10
+5 0 10
+31 0 10

ob=
fl=
fn=(68) runtime.(*mspan).sweep
+4542 0 10
+48 0 10
+73 0 10
+50 0 10

ob=
fl=
fn=(69) runtime.deductSweepCredit
+2557 0 10

ob=
fl=
fn=(70) runtime.(*gcSweepBuf).pop
+996 0 10

ob=
fl=
fn=(71) runtime.(*gcWork).tryGet
+792 0 10

ob=
fl=
fn=(72) runtime.(*gcWork).dispose
+502 0 10

ob=
fl=
fn=(27)
+7217 0 10

ob=
fl=
fn=(28)
+8643 0 10

ob=
fl=
fn=(73) runtime.netpollunblock
+17795 0 10
+21 0 10

ob=
fl=
fn=(74) runtime.netpoll
+1846 0 10
+284 0 10

ob=
fl=
fn=(75) runtime.semasleep
+3197 0 10
+73 0 10

ob=
fl=
fn=(76) runtime.deferproc
+2057 0 10
+9 0 10

ob=
fl=
fn=(77) runtime.newdefer
+1119 0 10
+153 0 10
+287 0 10

ob=
fl=
fn=(15)
+803 0 10
+156 0 10

ob=
fl=
fn=(78) runtime.casgstatus
+17828 0 10
+5 0 10
+41 0 10

ob=
fl=
fn=(79) runtime.stopm
+7419 0 10

ob=
fl=
fn=(80) runtime.startm
+404 0 10

ob=
fl=
fn=(81) runtime.findrunnable
+2544 0 10
+1045 0 10
+698 0 10

ob=
fl=
fn=(82) runtime.schedule
+1781 0 10
+33 0 10

ob=
fl=
fn=(83) runtime.entersyscall
+3477 0 10
+23 0 10

ob=
fl=
fn=(84) runtime.newproc
+3033 0 10

ob=
fl=
fn=(85) runtime.gfget
+2733 0 10

ob=
fl=
fn=(86) runtime.acquirep
+5570 0 10

ob=
fl=
fn=(30)
+2490 0 10
+911 0 10

ob=
fl=
fn=(87) runtime.runqempty
+4531 0 10

ob=
fl=
fn=(88) runtime.runqgrab
+1111 0 10

ob=
fl=
fn=(89) reflect.resolveNameOff
+8029 0 10

ob=
fl=
fn=(32)
+65 0 10
+61 0 10

ob=
fl=
fn=(90) runtime.makeslice
+27120 0 10
+6 0 10
+22 0 10

ob=
fl=
fn=(91) runtime.concatstrings
+15238 0 10
+303 0 10
+50 0 10

ob=
fl=
fn=(92) runtime.slicebytetostring
+694 0 10

ob=
fl=
fn=(93) runtime.rawstringtmp
+106 0 10
+19 0 10
+9 0 10
+46 0 10

ob=
fl=
fn=(94) runtime.rawstring
+1494 0 10

ob=
fl=
fn=(95) runtime.unixnanotime
+2672 0 10
+43 0 10

ob=
fl=
fn=(96) runtime.findfunc
+6177 0 10

ob=
fl=
fn=(97) runtime.pcvalue
+412 0 10
+291 0 10
+41 0 10

ob=
fl=
fn=(98) runtime.funcdata
+2572 0 10

ob=
fl=
fn=(99) runtime.step
+184 0 10
+86 0 10

ob=
fl=
fn=(100) runtime.readvarint
+201 0 10

ob=
fl=
fn=(16)
+21068 0 10
+5 0 10
+3578 0 10

ob=
fl=
fn=(101) runtime.resolveNameOff
+9219 0 10

ob=
fl=
fn=(102) runtime.resolveTypeOff
+868 0 10
+70 0 10
+80 0 10

ob=
fl=
fn=(103) runtime.(*_type).typeOff
+783 0 10

ob=
fl=
fn=(104) runtime.writebarrierptr_prewrite1.func1
+9319 0 10
+42 0 10

ob=
fl=
fn=(105) runtime.gcBgMarkWorker.func2
+2647 0 10

ob=
fl=
fn=(106) runtime.scanstack.func1
+658 0 10

ob=
fl=
fn=(107) runtime.semasleep.func1
+2079 0 10

ob=
fl=
fn=(108) runtime.mcall
+6462 0 10

ob=
fl=
fn=(109) runtime.systemstack
+138 0 10
+17 0 10
+14 0 10

ob=
fl=
fn=(110) runtime.procyield
+6024 0 10

ob=
fl=
fn=(33)
+36 0 10

ob=
fl=
fn=(111) runtime.memeqbody
+2819 0 10

ob=
fl=
fn=(112) runtime.indexbytebody
+1887 0 10

ob=
fl=
fn=(113) runtime.duffzero
+724 0 10

ob=
fl=
fn=(34)
+798 0 10
+14 0 10
+32 0 10

ob=
fl=
fn=(35)
+172 0 10
+198 0 10
+9 0 10
+9 0 10
+5 0 10
+5 0 10

ob=
fl=
fn=(17)
+358 0 10
+24 0 10
+20 0 10
+20 0 10
+39 0 10
+567 0 10
+5 0 10
+17 0 10
+29 0 10
+41 0 10
+774 0 10
+4 0 10
+43 0 10
+44 0 10
+43 0 10
+20 0 10
+17 0 10

ob=
fl=
fn=(2)
+1082 0 10
+22 0 10

ob=
fl=
fn=(3)
+525 0 10

ob=
fl=
fn=(114) sync.(*Pool).Put
+19317 0 10

ob=
fl=
fn=(115) sync.(*Pool).getSlow
+1082 0 10

ob=
fl=
fn=(116) io.ReadAtLeast
+4565 0 10
+170 0 10
+23 0 10

ob=
fl=
fn=(18)
+71534 0 10

ob=
fl=
fn=(117) strconv.ParseInt
+1061 0 10
+19 0 10
+53 0 10

ob=
fl=
fn=(118) strconv.Atoi
+1833 0 10

ob=
fl=
fn=(119) strconv.formatBits
+19146 0 10
+572 0 10

ob=
fl=
fn=(120) syscall.Read
+30937 0 10

ob=
fl=
fn=(121) time.nextStdChunk
+18370 0 10

ob=
fl=
fn=(122) time.appendInt
+3534 0 10
+24 0 10
+93 0 10
+9 0 10
+102 0 10

ob=
fl=
fn=(123) time.formatNano
+831 0 10
+253 0 10

ob=
fl=
fn=(124) time.Time.Format
+618 0 10

ob=
fl=
fn=(125) time.Time.AppendFormat
+513 0 10
+681 0 10
+6812 0 10
+518 0 10

ob=
fl=
fn=(126) time.absDate
+26591 0 10

ob=
fl=
fn=(127) time.Date
+5460 0 10
+1179 0 10

ob=
fl=
fn=(128) time.(*Location).get
+1505 0 10

ob=
fl=
fn=(129) reflect.(*rtype).String
+67770 0 10

ob=
fl=
fn=(130) reflect.(*rtype).Bits
+154 0 10

ob=
fl=
fn=(131) reflect.(*rtype).common
+364 0 10

ob=
fl=
fn=(132) reflect.(*rtype).Name
+4782 0 10

ob=
fl=
fn=(133) reflect.(*rtype).Elem
+781 0 10
+10 0 10

ob=
fl=
fn=(134) reflect.(*rtype).ptrTo
+10687 0 10
+1264 0 10

ob=
fl=
fn=(135) reflect.(*rtype).AssignableTo
+483 0 10

ob=
fl=
fn=(40)
+525 0 10
+88 0 10

ob=
fl=
fn=(136) reflect.directlyAssignable
+1544 0 10

ob=
fl=
fn=(41)
+16327 0 10

ob=
fl=
fn=(137) reflect.flag.mustBeExported
+953 0 10

ob=
fl=
fn=(42)
+10975 0 10

ob=
fl=
fn=(138) reflect.Value.Int
+2773 0 10

ob=
fl=
fn=(139) reflect.Value.Interface
+603 0 10

ob=
fl=
fn=(140) reflect.valueInterface
+62 0 10
+33 0 10
+158 0 10

ob=
fl=
fn=(141) reflect.Value.IsNil
+452 0 10
+283 0 10

ob=
fl=
fn=(142) reflect.Value.Len
+359 0 10

ob=
fl=
fn=(143) reflect.Value.Set
+6078 0 10
+50 0 10
+85 0 10

ob=
fl=
fn=(44)
+5814 0 10

ob=
fl=
fn=(144) reflect.grow
+1640 0 10

ob=
fl=
fn=(145) reflect.Copy
+1170 0 10
+110 0 10

ob=
fl=
fn=(146) reflect.ValueOf
+2140 0 10
+9 0 10
+32 0 10

ob=
fl=
fn=(147) reflect.Zero
+349 0 10

ob=
fl=
fn=(148) reflect.New
+222 0 10

ob=
fl=
fn=(149) context.(*cancelCtx).Done
+118242 0 10

ob=
fl=
fn=(150) context.(*cancelCtx).Err
+16 0 10

ob=
fl=
fn=(151) context.(*cancelCtx).cancel
+368 0 10
+74 0 10
+111 0 10

ob=
fl=
fn=(152) database/sql/driver.boolType.ConvertValue
+7912 0 10

ob=
fl=
fn=(153) database/sql.convertAssign
+26383 0 10
+682 0 10
+5150 0 10
+1555 0 10
+597 0 10
+618 0 10

ob=
fl=
fn=(154) database/sql.(*DB).conn
+20786 0 10

ob=
fl=
fn=(155) database/sql.(*DB).putConn
+3548 0 10

ob=
fl=
fn=(156) database/sql.(*Tx).close
+11901 0 10

ob=
fl=
fn=(157) database/sql.(*Tx).closePrepared
+499 0 10

ob=
fl=
fn=(158) database/sql.(*Tx).Commit
+250 0 10

ob=
fl=
fn=(159) database/sql.(*Rows).Next
+16534 0 10

ob=
fl=
fn=(160) database/sql.(*Rows).Scan
+4431 0 10

ob=
fl=
fn=(161) database/sql.(*Rows).Close
+729 0 10

ob=
fl=
fn=(162) database/sql.(*Rows).Next.func1
+6863 0 10
+13 0 10

ob=
fl=
fn=(163) strings.IndexRune
+26244 0 10

ob=
fl=
fn=(164) strings.Replace
+8965 0 10

ob=
fl=
fn=(165) bufio.(*Reader).Read
+7922 0 10
+289 0 10
+218 0 10

ob=
fl=
fn=(166) bufio.(*Writer).Flush
+5272 0 10

ob=
fl=
fn=(167) bufio.(*Writer).Write
+683 0 10

ob=
fl=
fn=(168) net.(*fdMutex).rwlock
+130712 0 10

ob=
fl=
fn=(169) net.(*netFD).readLock
+611 0 10

ob=
fl=
fn=(45)
+224 0 10
+59 0 10

ob=
fl=
fn=(170) net.(*netFD).Read
+6809 0 10
+13 0 10
+154 0 10
+129 0 10
+419 0 10

ob=
fl=
fn=(171) net.(*netFD).Write
+2990 0 10

ob=
fl=
fn=(172) net.(*conn).Write
+71841 0 10

ob=
fl=
fn=(173) net.(*TCPConn).Write
+116361 0 10

ob=
fl=
fn=(174) github.com/nd-r/tech-db-forum/vendor/github.com/lib/pq.(*conn).send
+767160 0 10

ob=
fl=
fn=(175) github.com/nd-r/tech-db-forum/vendor/github.com/lib/pq.(*conn).recvMessage
+1277 0 10

ob=
fl=
fn=(176) github.com/nd-r/tech-db-forum/vendor/github.com/lib/pq.(*rows).Next
+16957 0 10
+1053 0 10
+76 0 10
+8 0 10

ob=
fl=
fn=(177) github.com/nd-r/tech-db-forum/vendor/github.com/lib/pq.(*conn).QueryContext
+21744 0 10
+103 0 10

ob=
fl=
fn=(178) github.com/nd-r/tech-db-forum/vendor/github.com/lib/pq.binaryDecode
+12913 0 10

ob=
fl=
fn=(179) github.com/nd-r/tech-db-forum/vendor/github.com/lib/pq.(*timestampParser).expect
+6756 0 10

ob=
fl=
fn=(180) github.com/nd-r/tech-db-forum/vendor/github.com/lib/pq.(*timestampParser).mustAtoi
+827 0 10

ob=
fl=
fn=(181) github.com/nd-r/tech-db-forum/vendor/github.com/lib/pq.(*conn).errRecover
+13336 0 10

ob=
fl=
fn=(182) github.com/nd-r/tech-db-forum/vendor/github.com/jmoiron/sqlx/reflectx.FieldByIndexes
+27047 0 10

ob=
fl=
fn=(183) github.com/nd-r/tech-db-forum/vendor/github.com/jmoiron/sqlx.(*DB).MustBegin
+39913 0 10

ob=
fl=
fn=(184) github.com/nd-r/tech-db-forum/vendor/github.com/jmoiron/sqlx.(*Tx).QueryRowx
+4599 0 10

ob=
fl=
fn=(185) github.com/nd-r/tech-db-forum/vendor/github.com/jmoiron/sqlx.baseType
+16944 0 10

ob=
fl=
fn=(186) github.com/nd-r/tech-db-forum/vendor/github.com/jmoiron/sqlx.fieldsByTraversal
+647 0 10

ob=
fl=
fn=(187) github.com/nd-r/tech-db-forum/vendor/github.com/mailru/easyjson/buffer.putBuf
+800461 0 10

ob=
fl=
fn=(188) github.com/nd-r/tech-db-forum/vendor/github.com/mailru/easyjson/buffer.(*Buffer).AppendByte
+1319 0 10

ob=
fl=
fn=(189) github.com/nd-r/tech-db-forum/vendor/github.com/mailru/easyjson/buffer.(*Buffer).AppendString
+728 0 10
+277 0 10
+139 0 10
+33 0 10

ob=
fl=
fn=(190) github.com/nd-r/tech-db-forum/vendor/github.com/mailru/easyjson/jwriter.(*Writer).RawByte
+5024 0 10

ob=
fl=
fn=(9)
+9826 0 10
+6 0 10
+130 0 10
+925 0 10
+6 0 10
+38 0 10

ob=
fl=
fn=(191) github.com/nd-r/tech-db-forum/models.User.MarshalJSON
+8697 0 10

ob=
fl=
fn=(192) github.com/nd-r/tech-db-forum/models.easyjsonD2b7633eEncodeGithubComNdRTechDbForumModels12
+22275 0 10

ob=
fl=
fn=(193) github.com/nd-r/tech-db-forum/database.GetPostDetails
+22332 0 10

ob=
fl=
fn=(194) github.com/nd-r/tech-db-forum/vendor/github.com/valyala/fasthttp.(*RequestHeader).Read
+293393 0 10

ob=
fl=
fn=(195) github.com/nd-r/tech-db-forum/vendor/github.com/valyala/fasthttp.(*ResponseHeader).Write
+2384 0 10

ob=
fl=
fn=(196) github.com/nd-r/tech-db-forum/vendor/github.com/valyala/fasthttp.(*ResponseHeader).Header
+300 0 10

ob=
fl=
fn=(197) github.com/nd-r/tech-db-forum/vendor/github.com/valyala/fasthttp.(*ResponseHeader).AppendBytes
+1844 0 10

ob=
fl=
fn=(198) github.com/nd-r/tech-db-forum/vendor/github.com/valyala/fasthttp.(*Request).resetSkipHeader
+53288 0 10

ob=
fl=
fn=(199) github.com/nd-r/tech-db-forum/vendor/github.com/valyala/fasthttp.(*Response).Write
+9560 0 10

ob=
fl=
fn=(200) github.com/nd-r/tech-db-forum/vendor/github.com/valyala/fasthttp.(*Response).closeBodyStream
+2101 0 10

ob=
fl=
fn=(201) github.com/nd-r/tech-db-forum/vendor/github.com/valyala/fasthttp.(*Server).serveConn
+31141 0 10
+2138 0 10
+8 0 10
+1533 0 10

ob=
fl=
fn=(202) github.com/nd-r/tech-db-forum/vendor/github.com/valyala/fasthttp.acquireReader
+5124 0 10

ob=
fl=
fn=(203) github.com/nd-r/tech-db-forum/vendor/github.com/valyala/fasthttp.normalizePath
+19260 0 10

ob=
fl=
fn=(204) github.com/nd-r/tech-db-forum/vendor/github.com/buaazp/fasthttprouter.(*Router).Handler
+41582 0 10

ob=
fl=
fn=(205) runtime.makechan
-3582655 0 0
cfl=
cfn=(12)
calls=10 -3532657 0
* * 10

ob=
fl=
fn=(206) runtime.closechan
+3737 0 0
cfl=
cfn=(19)
calls=10 +42516 0
* * 10
+56 0 0
cfl=
cfn=(49)
calls=10 +4559 0
* * 10
+533 0 0
cfl=
cfn=(207) runtime.goready
calls=620 +163642 0
* * 620

ob=
fl=
fn=(208) runtime.selectnbrecv
+3461 0 0
cfl=
cfn=(48)
calls=10 +377 0
* * 10

ob=
fl=
fn=(209) runtime.convT2E
+32260 0 0
cfl=
cfn=(10)
calls=160 +43124 0
* * 160
+39 0 0
cfl=
cfn=(58)
calls=20 +13732 0
* * 20

ob=
fl=
fn=(53)
+361 0 0
cfl=
cfn=(51)
calls=10 -3763 0
* * 10
cfl=
cfn=(51)
calls=10 -3612 0
* * 10

ob=
fl=
fn=(54)
+645 0 0
cfl=
cfn=(51)
calls=10 -3639 0
* * 10

ob=
fl=
fn=(210) runtime.assertE2I2
+598 0 0
cfl=
cfn=(51)
calls=10 -4731 0
* * 10

ob=
fl=
fn=(19)
+1078 0 0
cfl=
cfn=(110)
calls=10 +299620 0
* * 10
+46 0 0
cfl=
cfn=(75)
calls=10 +109268 0
* * 10
+24 0 0
cfl=
cfn=(211) runtime.osyield
calls=60 +109363 0
* * 60

ob=
fl=
fn=(212) runtime.notewakeup
+433 0 0
cfl=
cfn=(213) runtime.semawakeup
calls=2280 +106194 0
* * 2280

ob=
fl=
fn=(20)
+226 0 0
cfl=
cfn=(75)
calls=1410 +108765 0
* * 1410

ob=
fl=
fn=(214) runtime.notetsleep_internal
+199 0 0
cfl=
cfn=(75)
calls=470 +108539 0
* * 470
cfl=
cfn=(75)
calls=10 +108467 0
* * 10
cfl=
cfn=(75)
calls=10 +108540 0
* * 10

ob=
fl=
fn=(215) runtime.notetsleep
+492 0 0
cfl=
cfn=(214)
calls=490 * 0
* * 490

ob=
fl=
fn=(55)
+3165 0 0
cfl=
cfn=(216) runtime.(*mspan).nextFreeIndex
calls=10 +11773 0
* * 10
+103 0 0
cfl=
cfn=(109)
calls=200 +287943 0
* * 200
cfl=
cfn=(109)
calls=50 +287993 0
* * 50

ob=
fl=
fn=(12)
+1624 0 0
cfl=
cfn=(217) runtime.gcStart
calls=10 +31247 0
* * 10
cfl=
cfn=(217)
calls=10 +31466 0
* * 10
cfl=
cfn=(217)
calls=10 +31508 0
* * 10
+86 0 0
cfl=
cfn=(218) runtime.profilealloc
calls=30 +2346 0
* * 30
+221 0 0
cfl=
cfn=(23)
calls=20 +11914 0
* * 20
cfl=
cfn=(23)
calls=10 +11565 0
* * 10
cfl=
cfn=(23)
calls=10 +12078 0
* * 10
cfl=
cfn=(23)
calls=10 +12094 0
* * 10
cfl=
cfn=(23)
calls=10 +12136 0
* * 10
+550 0 0
cfl=
cfn=(35)
calls=20 +298401 0
* * 20
cfl=
cfn=(35)
calls=10 +298405 0
* * 10
cfl=
cfn=(35)
calls=10 +298603 0
* * 10
+61 0 0
cfl=
cfn=(55)
calls=250 -2481 0
* * 250
cfl=
cfn=(55)
calls=10 -2584 0
* * 10
cfl=
cfn=(55)
calls=10 -2555 0
* * 10
+432 0 0
cfl=
cfn=(219) runtime.gcAssistAlloc
calls=210 +43085 0
* * 210

ob=
fl=
fn=(10)
+481 0 0
cfl=
cfn=(12)
calls=90 * 0
* * 90
cfl=
cfn=(12)
calls=50 -1043 0
* * 50
cfl=
cfn=(12)
calls=40 -432 0
* * 40
cfl=
cfn=(12)
calls=20 -2241 0
* * 20
cfl=
cfn=(12)
calls=20 -493 0
* * 20
cfl=
cfn=(12)
calls=10 -2494 0
* * 10
cfl=
cfn=(12)
calls=10 -2469 0
* * 10
cfl=
cfn=(12)
calls=10 -2233 0
* * 10
cfl=
cfn=(12)
calls=10 -2197 0
* * 10
cfl=
cfn=(12)
calls=10 -2165 0
* * 10
cfl=
cfn=(12)
calls=10 -2140 0
* * 10
cfl=
cfn=(12)
calls=10 -1971 0
* * 10
cfl=
cfn=(12)
calls=10 -1920 0
* * 10
cfl=
cfn=(12)
calls=10 -1891 0
* * 10
cfl=
cfn=(12)
calls=10 -1605 0
* * 10
cfl=
cfn=(12)
calls=10 -1587 0
* * 10
cfl=
cfn=(12)
calls=10 -1554 0
* * 10
cfl=
cfn=(12)
calls=10 -1082 0
* * 10
cfl=
cfn=(12)
calls=10 -846 0
* * 10
cfl=
cfn=(12)
calls=10 -532 0
* * 10
cfl=
cfn=(12)
calls=10 -519 0
* * 10

ob=
fl=
fn=(56)
+83 0 0
cfl=
cfn=(10)
calls=90 * 0
* * 90
cfl=
cfn=(10)
calls=20 -18 0
* * 20

ob=
fl=
fn=(220) runtime.newarray
+137 0 0
cfl=
cfn=(12)
calls=10 -1005 0
* * 10
cfl=
cfn=(12)
calls=10 -996 0
* * 10

ob=
fl=
fn=(221) reflect.unsafe_NewArray
+193 0 0
cfl=
cfn=(220)
calls=20 * 0
* * 20

ob=
fl=
fn=(218)
+102 0 0
cfl=
cfn=(222) runtime.mProf_Malloc
calls=30 +80001 0
* * 30

ob=
fl=
fn=(223) runtime.gcmarkwb_m
+1517 0 0
cfl=
cfn=(224) runtime.shade
calls=10 +50934 0
* * 10
+114 0 0
cfl=
cfn=(224)
calls=10 +49566 0
* * 10

ob=
fl=
fn=(57)
+213 0 0
cfl=
cfn=(109)
calls=40 +282239 0
* * 40

ob=
fl=
fn=(225) runtime.writebarrierptr
+158 0 0
cfl=
cfn=(57)
calls=30 * 0
* * 30
cfl=
cfn=(57)
calls=10 -149 0
* * 10

ob=
fl=
fn=(58)
+351 0 0
cfl=
cfn=(17)
calls=10 +294972 0
* * 10
cfl=
cfn=(17)
calls=10 +295012 0
* * 10
cfl=
cfn=(17)
calls=10 +296488 0
* * 10
cfl=
cfn=(17)
calls=10 +296531 0
* * 10
cfl=
cfn=(17)
calls=10 +296618 0
* * 10
+112 0 0
cfl=
cfn=(226) runtime.bulkBarrierPreWrite
calls=10 +4491 0
* * 10

ob=
fl=
fn=(227) reflect.typedmemmove
+83 0 0
cfl=
cfn=(58)
calls=30 -112 0
* * 30
cfl=
cfn=(58)
calls=10 -135 0
* * 10
cfl=
cfn=(58)
calls=10 -4 0
* * 10
cfl=
cfn=(58)
calls=10 * 0
* * 10

ob=
fl=
fn=(59)
+817 0 0
cfl=
cfn=(17)
calls=10 +294456 0
* * 10

ob=
fl=
fn=(228) reflect.typedslicecopy
+396 0 0
cfl=
cfn=(59)
calls=10 -225 0
* * 10
cfl=
cfn=(59)
calls=10 * 0
* * 10

ob=
fl=
fn=(216)
+774 0 0
cfl=
cfn=(21)
calls=10 +489 0
* * 10

ob=
fl=
fn=(226)
+2309 0 0
cfl=
cfn=(57)
calls=10 -2691 0
* * 10

ob=
fl=
fn=(60)
+1688 0 0
cfl=
cfn=(28)
calls=10 +70432 0
* * 10

ob=
fl=
fn=(24)
+5841 0 0
cfl=
cfn=(14)
calls=80 +6507 0
* * 80
cfl=
cfn=(14)
calls=30 +6426 0
* * 30
cfl=
cfn=(14)
calls=10 +6252 0
* * 10
cfl=
cfn=(14)
calls=10 +6299 0
* * 10
cfl=
cfn=(14)
calls=10 +6320 0
* * 10
cfl=
cfn=(14)
calls=10 +6346 0
* * 10
cfl=
cfn=(14)
calls=10 +6870 0
* * 10
cfl=
cfn=(14)
calls=10 +7167 0
* * 10
cfl=
cfn=(14)
calls=10 +7307 0
* * 10

ob=
fl=
fn=(62)
+324 0 0
cfl=
cfn=(229) runtime.(*mcentral).uncacheSpan
calls=20 +1553 0
* * 20

ob=
fl=
fn=(14)
+134 0 0
cfl=
cfn=(69)
calls=10 +44548 0
* * 10
+208 0 0
cfl=
cfn=(230) runtime.(*mcentral).grow
calls=60 +1860 0
* * 60
cfl=
cfn=(230)
calls=20 +1948 0
* * 20
+363 0 0
cfl=
cfn=(21)
calls=10 -10789 0
* * 10
+437 0 0
cfl=
cfn=(68)
calls=10 +41163 0
* * 10

ob=
fl=
fn=(229)
+87 0 0
cfl=
cfn=(19)
calls=20 -24427 0
* * 20

ob=
fl=
fn=(230)
+765 0 0
cfl=
cfn=(231) runtime.(*mheap).alloc
calls=60 +52468 0
* * 60
+88 0 0
cfl=
cfn=(60)
calls=10 -8227 0
* * 10
cfl=
cfn=(60)
calls=10 -8159 0
* * 10

ob=
fl=
fn=(217)
+10498 0 0
cfl=
cfn=(64)
calls=10 +18937 0
* * 10
+219 0 0
cfl=
cfn=(232) runtime.gcMarkTinyAllocs
calls=10 +26973 0
* * 10
+42 0 0
cfl=
cfn=(109)
calls=10 +256374 0
* * 10

ob=
fl=
fn=(233) runtime.gcMarkDone
+748 0 0
cfl=
cfn=(109)
calls=80 +256382 0
* * 80
+5 0 0
cfl=
cfn=(65)
calls=10 +10500 0
* * 10
+193 0 0
cfl=
cfn=(109)
calls=10 +255629 0
* * 10
+60 0 0
cfl=
cfn=(63)
calls=90 +512 0
* * 90
cfl=
cfn=(63)
calls=20 +3116 0
* * 20
cfl=
cfn=(63)
calls=10 +1055 0
* * 10
cfl=
cfn=(63)
calls=10 +3232 0
* * 10

ob=
fl=
fn=(63)
+452 0 0
cfl=
cfn=(109)
calls=60 +255326 0
* * 60
cfl=
cfn=(109)
calls=30 +255376 0
* * 30
+543 0 0
cfl=
cfn=(109)
calls=10 +254874 0
* * 10
+2061 0 0
cfl=
cfn=(234) runtime.mProf_GC
calls=20 +50196 0
* * 20

ob=
fl=
fn=(235) runtime.gcBgMarkWorker
+717 0 0
cfl=
cfn=(236) runtime.gopark
calls=10 +84158 0
* * 10
+196 0 0
cfl=
cfn=(109)
calls=660 +251553 0
* * 660
cfl=
cfn=(109)
calls=140 +251603 0
* * 140
+263 0 0
cfl=
cfn=(233)
calls=130 -3969 0
* * 130
cfl=
cfn=(233)
calls=80 -4227 0
* * 80
cfl=
cfn=(233)
calls=10 -4222 0
* * 10
cfl=
cfn=(233)
calls=10 -4029 0
* * 10

ob=
fl=
fn=(237) runtime.gcMark
+2127 0 0
cfl=
cfn=(67)
calls=20 +15435 0
* * 20
+39 0 0
cfl=
cfn=(238) runtime.helpgc
calls=40 +86900 0
* * 40

ob=
fl=
fn=(239) runtime.gchelper
+1783 0 0
cfl=
cfn=(67)
calls=10 +13269 0
* * 10

ob=
fl=
fn=(240) runtime.markroot
+2738 0 0
cfl=
cfn=(109)
calls=40 +247195 0
* * 40
+354 0 0
cfl=
cfn=(25)
calls=20 +1372 0
* * 20
+124 0 0
cfl=
cfn=(241) runtime.markrootBlock
calls=20 +456 0
* * 20
+144 0 0
cfl=
cfn=(241)
calls=30 +332 0
* * 30
+40 0 0
cfl=
cfn=(242) runtime.flushmcache
calls=30 +48049 0
* * 30

ob=
fl=
fn=(241)
+148 0 0
cfl=
cfn=(26)
calls=20 +9637 0
* * 20
cfl=
cfn=(26)
calls=10 +9570 0
* * 10
cfl=
cfn=(26)
calls=10 +9575 0
* * 10
cfl=
cfn=(26)
calls=10 +9615 0
* * 10

ob=
fl=
fn=(219)
+1384 0 0
cfl=
cfn=(109)
calls=150 +243597 0
* * 150
cfl=
cfn=(109)
calls=60 +243647 0
* * 60

ob=
fl=
fn=(243) runtime.gcAssistAlloc1
+547 0 0
cfl=
cfn=(244) runtime.gcDrainN
calls=100 +7684 0
* * 100
cfl=
cfn=(244)
calls=80 +7610 0
* * 80
cfl=
cfn=(244)
calls=10 +7755 0
* * 10

ob=
fl=
fn=(13)
+2382 0 0
cfl=
cfn=(16)
calls=110 +208858 0
* * 110
cfl=
cfn=(16)
calls=20 +210315 0
* * 20
cfl=
cfn=(16)
calls=10 +205373 0
* * 10
cfl=
cfn=(16)
calls=10 +205677 0
* * 10
cfl=
cfn=(16)
calls=10 +205682 0
* * 10
cfl=
cfn=(16)
calls=10 +209260 0
* * 10
cfl=
cfn=(16)
calls=10 +209385 0
* * 10
+39 0 0
cfl=
cfn=(245) runtime.tracebackdefers
calls=20 +201912 0
* * 20

ob=
fl=
fn=(246) runtime.scanframeworker
+1203 0 0
cfl=
cfn=(247) runtime.pcdatavalue
calls=50 +181549 0
* * 50
+125 0 0
cfl=
cfn=(26)
calls=10 +3872 0
* * 10
cfl=
cfn=(26)
calls=10 +3963 0
* * 10
+38 0 0
cfl=
cfn=(98)
calls=10 +180389 0
* * 10
+742 0 0
cfl=
cfn=(26)
calls=20 +3800 0
* * 20
cfl=
cfn=(26)
calls=10 +3639 0
* * 10
cfl=
cfn=(26)
calls=10 +3756 0
* * 10

ob=
fl=
fn=(67)
+1478 0 0
cfl=
cfn=(240)
calls=30 -6608 0
* * 30
cfl=
cfn=(240)
calls=10 -6916 0
* * 10
cfl=
cfn=(240)
calls=10 -6792 0
* * 10
cfl=
cfn=(240)
calls=10 -6648 0
* * 10
+193 0 0
cfl=
cfn=(8)
calls=100 +2549 0
* * 100
cfl=
cfn=(8)
calls=70 +2362 0
* * 70
cfl=
cfn=(8)
calls=60 +2253 0
* * 60
cfl=
cfn=(8)
calls=50 +2271 0
* * 50
cfl=
cfn=(8)
calls=40 +2408 0
* * 40
cfl=
cfn=(8)
calls=30 +2248 0
* * 30
cfl=
cfn=(8)
calls=30 +2295 0
* * 30
cfl=
cfn=(8)
calls=20 +2265 0
* * 20
cfl=
cfn=(8)
calls=20 +2286 0
* * 20
cfl=
cfn=(8)
calls=20 +2304 0
* * 20
cfl=
cfn=(8)
calls=20 +2367 0
* * 20
cfl=
cfn=(8)
calls=10 +2226 0
* * 10
cfl=
cfn=(8)
calls=10 +2235 0
* * 10
cfl=
cfn=(8)
calls=10 +2277 0
* * 10
cfl=
cfn=(8)
calls=10 +2328 0
* * 10
cfl=
cfn=(8)
calls=10 +2355 0
* * 10
cfl=
cfn=(8)
calls=10 +2359 0
* * 10
cfl=
cfn=(8)
calls=10 +2498 0
* * 10
cfl=
cfn=(8)
calls=10 +2503 0
* * 10
+140 0 0
cfl=
cfn=(248) runtime.pollWork
calls=30 +87575 0
* * 30
+353 0 0
cfl=
cfn=(249) runtime.(*gcWork).balance
calls=10 +13283 0
* * 10
+50 0 0
cfl=
cfn=(248)
calls=30 +87082 0
* * 30

ob=
fl=
fn=(244)
+320 0 0
cfl=
cfn=(240)
calls=40 -9484 0
* * 40
cfl=
cfn=(240)
calls=20 -8862 0
* * 20
cfl=
cfn=(240)
calls=10 -9130 0
* * 10
cfl=
cfn=(240)
calls=10 -9006 0
* * 10
+74 0 0
cfl=
cfn=(8)
calls=40 +1493 0
* * 40
cfl=
cfn=(8)
calls=30 +1306 0
* * 30
cfl=
cfn=(8)
calls=10 +786 0
* * 10
cfl=
cfn=(8)
calls=10 +872 0
* * 10
cfl=
cfn=(8)
calls=10 +1352 0
* * 10
+71 0 0
cfl=
cfn=(71)
calls=10 +11692 0
* * 10

ob=
fl=
fn=(26)
+379 0 0
cfl=
cfn=(22)
calls=20 -43991 0
* * 20
cfl=
cfn=(22)
calls=10 -43083 0
* * 10

ob=
fl=
fn=(8)
+828 0 0
cfl=
cfn=(22)
calls=10 -44528 0
* * 10
cfl=
cfn=(22)
calls=10 -44424 0
* * 10
cfl=
cfn=(22)
calls=10 -44374 0
* * 10
cfl=
cfn=(22)
calls=10 -43594 0
* * 10
cfl=
cfn=(22)
calls=10 -43565 0
* * 10
+141 0 0
cfl=
cfn=(11)
calls=80 +1334 0
* * 80
cfl=
cfn=(11)
calls=10 +545 0
* * 10
cfl=
cfn=(11)
calls=10 +571 0
* * 10
cfl=
cfn=(11)
calls=10 +767 0
* * 10
cfl=
cfn=(11)
calls=10 +824 0
* * 10
cfl=
cfn=(11)
calls=10 +1320 0
* * 10
cfl=
cfn=(11)
calls=10 +1356 0
* * 10

ob=
fl=
fn=(224)
+174 0 0
cfl=
cfn=(22)
calls=10 -45487 0
* * 10
+149 0 0
cfl=
cfn=(72)
calls=10 +10601 0
* * 10

ob=
fl=
fn=(232)
+3167 0 0
cfl=
cfn=(11)
calls=10 +861 0
* * 10

ob=
fl=
fn=(250) runtime.bgsweep
+854 0 0
cfl=
cfn=(251) runtime.gosweepone
calls=80 +1966 0
* * 80

ob=
fl=
fn=(252) runtime.sweepone
+305 0 0
cfl=
cfn=(70)
calls=10 +5137 0
* * 10
+305 0 0
cfl=
cfn=(68)
calls=30 +1909 0
* * 30
cfl=
cfn=(68)
calls=20 +3362 0
* * 20
cfl=
cfn=(68)
calls=10 +1108 0
* * 10
cfl=
cfn=(68)
calls=10 +1229 0
* * 10
cfl=
cfn=(68)
calls=10 +1279 0
* * 10
cfl=
cfn=(68)
calls=10 +1720 0
* * 10

ob=
fl=
fn=(251)
+502 0 0
cfl=
cfn=(109)
calls=80 +228156 0
* * 80

ob=
fl=
fn=(68)
+913 0 0
cfl=
cfn=(61)
calls=10 -46937 0
* * 10
+189 0 0
cfl=
cfn=(28)
calls=10 +20109 0
* * 10
cfl=
cfn=(28)
calls=10 +20147 0
* * 10
cfl=
cfn=(28)
calls=10 +20266 0
* * 10
+1453 0 0
cfl=
cfn=(253) runtime.freespecial
calls=20 +19582 0
* * 20

ob=
fl=
fn=(249)
+3056 0 0
cfl=
cfn=(254) runtime.handoff
calls=10 +4921 0
* * 10

ob=
fl=
fn=(254)
+1865 0 0
cfl=
cfn=(17)
calls=10 +236659 0
* * 10

ob=
fl=
fn=(255) runtime.(*mheap).alloc_m
+3851 0 0
cfl=
cfn=(27)
calls=20 +5128 0
* * 20
cfl=
cfn=(27)
calls=10 +5060 0
* * 10

ob=
fl=
fn=(231)
+851 0 0
cfl=
cfn=(35)
calls=20 +229034 0
* * 20
cfl=
cfn=(35)
calls=10 +229030 0
* * 10
cfl=
cfn=(35)
calls=10 +229039 0
* * 10
cfl=
cfn=(35)
calls=10 +229044 0
* * 10
cfl=
cfn=(35)
calls=10 +229049 0
* * 10

ob=
fl=
fn=(253)
+8506 0 0
cfl=
cfn=(256) runtime.mProf_Free
calls=20 +11832 0
* * 20

ob=
fl=
fn=(28)
+338 0 0
cfl=
cfn=(19)
calls=10 -85810 0
* * 10

ob=
fl=
fn=(234)
+2497 0 0
cfl=
cfn=(29)
calls=20 +2279 0
* * 20

ob=
fl=
fn=(222)
+164 0 0
cfl=
cfn=(257) runtime.callers
calls=30 +176777 0
* * 30

ob=
fl=
fn=(256)
+327 0 0
cfl=
cfn=(19)
calls=10 -88557 0
* * 10
cfl=
cfn=(19)
calls=10 -88487 0
* * 10

ob=
fl=
fn=(242)
+7908 0 0
cfl=
cfn=(62)
calls=20 -65529 0
* * 20
cfl=
cfn=(62)
calls=10 -65618 0
* * 10

ob=
fl=
fn=(258) runtime.netpollready
+6472 0 0
cfl=
cfn=(73)
calls=10 +7056 0
* * 10
cfl=
cfn=(73)
calls=10 +7077 0
* * 10

ob=
fl=
fn=(74)
+2507 0 0
cfl=
cfn=(3)
calls=2440 +205675 0
* * 2440
cfl=
cfn=(3)
calls=10 +205680 0
* * 10
+366 0 0
cfl=
cfn=(258)
calls=20 -2507 0
* * 20

ob=
fl=
fn=(213)
+127 0 0
cfl=
cfn=(259) runtime.mach_semrelease
calls=2280 +3176 0
* * 2280

ob=
fl=
fn=(260) runtime.semasleep1
+2682 0 0
cfl=
cfn=(5)
calls=1450 +202443 0
* * 1450
+150 0 0
cfl=
cfn=(7)
calls=550 +199785 0
* * 550

ob=
fl=
fn=(75)
+172 0 0
cfl=
cfn=(109)
calls=1890 +183482 0
* * 1890

ob=
fl=
fn=(259)
+45 0 0
cfl=
cfn=(4)
calls=2280 +199487 0
* * 2280

ob=
fl=
fn=(211)
+96 0 0
cfl=
cfn=(2)
calls=60 +199101 0
* * 60

ob=
fl=
fn=(76)
+1911 0 0
cfl=
cfn=(77)
calls=10 +3045 0
* * 10
cfl=
cfn=(77)
calls=10 +3198 0
* * 10
cfl=
cfn=(77)
calls=10 +3333 0
* * 10
cfl=
cfn=(77)
calls=10 +3485 0
* * 10
+161 0 0
cfl=
cfn=(17)
calls=10 +195954 0
* * 10

ob=
fl=
fn=(77)
+1261 0 0
cfl=
cfn=(109)
calls=10 +181047 0
* * 10

ob=
fl=
fn=(6)
+658 0 0
cfl=
cfn=(58)
calls=10 -101767 0
* * 10

ob=
fl=
fn=(15)
+428 0 0
cfl=
cfn=(6)
calls=890 -329 0
* * 890
cfl=
cfn=(6)
calls=10 * 0
* * 10
+34 0 0
cfl=
cfn=(33)
calls=10 +184750 0
* * 10
+59 0 0
cfl=
cfn=(225)
calls=10 -103202 0
* * 10

ob=
fl=
fn=(236)
+10495 0 0
cfl=
cfn=(225)
calls=10 -103261 0
* * 10

ob=
fl=
fn=(207)
+251 0 0
cfl=
cfn=(109)
calls=620 +168112 0
* * 620

ob=
fl=
fn=(261) runtime.ready
+5137 0 0
cfl=
cfn=(262) runtime.wakep
calls=620 +15972 0
* * 620

ob=
fl=
fn=(238)
+657 0 0
cfl=
cfn=(212)
calls=40 -129301 0
* * 40

ob=
fl=
fn=(263) runtime.scang
+2387 0 0
cfl=
cfn=(13)
calls=180 -77217 0
* * 180
cfl=
cfn=(13)
calls=40 -77483 0
* * 40
cfl=
cfn=(13)
calls=20 -77178 0
* * 20

ob=
fl=
fn=(264) runtime.startTheWorldWithSema
+1521 0 0
cfl=
cfn=(74)
calls=10 -27077 0
* * 10
+456 0 0
cfl=
cfn=(212)
calls=10 -133866 0
* * 10
+30 0 0
cfl=
cfn=(109)
calls=40 +157703 0
* * 40

ob=
fl=
fn=(265) runtime.mstart
+100 0 0
cfl=
cfn=(266) runtime.mstart1
calls=2340 +398 0
* * 2340

ob=
fl=
fn=(266)
+298 0 0
cfl=
cfn=(30)
calls=1740 +28015 0
* * 1740
cfl=
cfn=(30)
calls=490 +28177 0
* * 490
cfl=
cfn=(30)
calls=30 +28193 0
* * 30
cfl=
cfn=(30)
calls=20 +28305 0
* * 20
cfl=
cfn=(30)
calls=20 +28358 0
* * 20
cfl=
cfn=(30)
calls=20 +28385 0
* * 20
cfl=
cfn=(30)
calls=10 +28022 0
* * 10
cfl=
cfn=(30)
calls=10 +28933 0
* * 10

ob=
fl=
fn=(267) runtime.runSafePointFn
+1325 0 0
cfl=
cfn=(212)
calls=10 -134750 0
* * 10

ob=
fl=
fn=(79)
+2562 0 0
cfl=
cfn=(20)
calls=1410 -135849 0
* * 1410
cfl=
cfn=(20)
calls=20 -135843 0
* * 20
+48 0 0
cfl=
cfn=(239)
calls=10 -93757 0
* * 10
+70 0 0
cfl=
cfn=(86)
calls=10 +21299 0
* * 10

ob=
fl=
fn=(80)
+206 0 0
cfl=
cfn=(19)
calls=10 -139188 0
* * 10
+172 0 0
cfl=
cfn=(212)
calls=1560 -138961 0
* * 1560

ob=
fl=
fn=(262)
+1003 0 0
cfl=
cfn=(80)
calls=1440 * 0
* * 1440
cfl=
cfn=(80)
calls=10 -172 0
* * 10
cfl=
cfn=(80)
calls=10 -86 0
* * 10

ob=
fl=
fn=(268) runtime.gcstopm
+847 0 0
cfl=
cfn=(79)
calls=20 -1499 0
* * 20
+26 0 0
cfl=
cfn=(212)
calls=40 -140983 0
* * 40

ob=
fl=
fn=(81)
+1235 0 0
cfl=
cfn=(79)
calls=1410 -2372 0
* * 1410
cfl=
cfn=(79)
calls=10 -2366 0
* * 10
cfl=
cfn=(79)
calls=10 -2324 0
* * 10
cfl=
cfn=(79)
calls=10 -2254 0
* * 10
+59 0 0
cfl=
cfn=(74)
calls=1240 -36976 0
* * 1240
cfl=
cfn=(74)
calls=10 -36748 0
* * 10
cfl=
cfn=(74)
calls=10 -36610 0
* * 10
+146 0 0
cfl=
cfn=(269) runtime.injectglist
calls=40 +2487 0
* * 40
+181 0 0
cfl=
cfn=(87)
calls=10 +25467 0
* * 10
+741 0 0
cfl=
cfn=(270) runtime.runqsteal
calls=950 +26769 0
* * 950
+242 0 0
cfl=
cfn=(74)
calls=1140 -38103 0
* * 1140
cfl=
cfn=(74)
calls=10 -38159 0
* * 10
cfl=
cfn=(74)
calls=10 -37737 0
* * 10
+36 0 0
cfl=
cfn=(269)
calls=80 +1177 0
* * 80

ob=
fl=
fn=(248)
+485 0 0
cfl=
cfn=(74)
calls=60 -38381 0
* * 60

ob=
fl=
fn=(271) runtime.resetspinning
+203 0 0
cfl=
cfn=(262)
calls=340 -3998 0
* * 340

ob=
fl=
fn=(269)
+453 0 0
cfl=
cfn=(80)
calls=120 -5204 0
* * 120

ob=
fl=
fn=(82)
+362 0 0
cfl=
cfn=(268)
calls=40 -3781 0
* * 40
cfl=
cfn=(268)
calls=20 -3807 0
* * 20
+38 0 0
cfl=
cfn=(271)
calls=340 -815 0
* * 340
+22 0 0
cfl=
cfn=(81)
calls=1440 -2946 0
* * 1440
cfl=
cfn=(81)
calls=1260 -2887 0
* * 1260
cfl=
cfn=(81)
calls=1160 -1577 0
* * 1160
cfl=
cfn=(81)
calls=950 -1819 0
* * 950
cfl=
cfn=(81)
calls=80 -1541 0
* * 80
cfl=
cfn=(81)
calls=40 -2741 0
* * 40
cfl=
cfn=(81)
calls=10 -3599 0
* * 10
cfl=
cfn=(81)
calls=10 -2560 0
* * 10
cfl=
cfn=(81)
calls=10 -2554 0
* * 10
cfl=
cfn=(81)
calls=10 -1856 0
* * 10
+412 0 0
cfl=
cfn=(267)
calls=10 -9137 0
* * 10

ob=
fl=
fn=(272) runtime.park_m
+275 0 0
cfl=
cfn=(78)
calls=10 -14441 0
* * 10
+80 0 0
cfl=
cfn=(82)
calls=3560 -687 0
* * 3560
cfl=
cfn=(82)
calls=210 -709 0
* * 210
cfl=
cfn=(82)
calls=10 -784 0
* * 10

ob=
fl=
fn=(273) runtime.goschedImpl
+619 0 0
cfl=
cfn=(82)
calls=60 -827 0
* * 60
cfl=
cfn=(82)
calls=20 -767 0
* * 20
cfl=
cfn=(82)
calls=10 -831 0
* * 10
cfl=
cfn=(82)
calls=10 -355 0
* * 10

ob=
fl=
fn=(274) runtime.gosched_m
+144 0 0
cfl=
cfn=(273)
calls=20 * 0
* * 20

ob=
fl=
fn=(275) runtime.gopreempt_m
+80 0 0
cfl=
cfn=(273)
calls=80 -144 0
* * 80

ob=
fl=
fn=(276) runtime.goexit0
+674 0 0
cfl=
cfn=(82)
calls=1390 -1610 0
* * 1390
cfl=
cfn=(82)
calls=130 -1632 0
* * 130

ob=
fl=
fn=(277) runtime.reentersyscall
+671 0 0
cfl=
cfn=(78)
calls=10 -16318 0
* * 10
cfl=
cfn=(78)
calls=10 -16272 0
* * 10
+361 0 0
cfl=
cfn=(109)
calls=620 +143858 0
* * 620

ob=
fl=
fn=(83)
+148 0 0
cfl=
cfn=(277)
calls=620 * 0
* * 620
cfl=
cfn=(277)
calls=20 -361 0
* * 20

ob=
fl=
fn=(278) runtime.entersyscall_sysmon
+120 0 0
cfl=
cfn=(212)
calls=620 -148676 0
* * 620

ob=
fl=
fn=(84)
+3023 0 0
cfl=
cfn=(109)
calls=520 +143229 0
* * 520

ob=
fl=
fn=(279) runtime.newproc1
+169 0 0
cfl=
cfn=(85)
calls=10 +2595 0
* * 10
+642 0 0
cfl=
cfn=(262)
calls=500 -11852 0
* * 500
+47 0 0
cfl=
cfn=(66)
calls=10 -97173 0
* * 10

ob=
fl=
fn=(280) runtime._System
+2684 0 0
cfl=
cfn=(108)
calls=10 +139169 0
* * 10
cfl=
cfn=(109)
calls=10 +139307 0
* * 10
cfl=
cfn=(109)
calls=10 +139324 0
* * 10
cfl=
cfn=(109)
calls=10 +139338 0
* * 10

ob=
fl=
fn=(30)
+7106 0 0
cfl=
cfn=(2)
calls=1730 +152550 0
* * 1730
cfl=
cfn=(2)
calls=10 +152533 0
* * 10
+162 0 0
cfl=
cfn=(215)
calls=490 -161550 0
* * 490
+16 0 0
cfl=
cfn=(19)
calls=20 -163062 0
* * 20
cfl=
cfn=(19)
calls=10 -163086 0
* * 10
+112 0 0
cfl=
cfn=(95)
calls=10 +62316 0
* * 10
cfl=
cfn=(95)
calls=10 +62359 0
* * 10
+53 0 0
cfl=
cfn=(31)
calls=20 +1183 0
* * 20

ob=
fl=
fn=(88)
+6367 0 0
cfl=
cfn=(2)
calls=930 +145101 0
* * 930
cfl=
cfn=(2)
calls=10 +145106 0
* * 10

ob=
fl=
fn=(270)
+222 0 0
cfl=
cfn=(88)
calls=940 * 0
* * 940
cfl=
cfn=(88)
calls=10 -150 0
* * 10

ob=
fl=
fn=(89)
+7692 0 0
cfl=
cfn=(101)
calls=10 +99439 0
* * 10

ob=
fl=
fn=(32)
+80 0 0
cfl=
cfn=(103)
calls=30 +93552 0
* * 30
cfl=
cfn=(103)
calls=10 +93548 0
* * 10

ob=
fl=
fn=(90)
+27240 0 0
cfl=
cfn=(12)
calls=190 -170444 0
* * 190
cfl=
cfn=(12)
calls=70 -170654 0
* * 70
cfl=
cfn=(12)
calls=60 -170012 0
* * 60
cfl=
cfn=(12)
calls=20 -171362 0
* * 20
cfl=
cfn=(12)
calls=20 -171276 0
* * 20
cfl=
cfn=(12)
calls=10 -172347 0
* * 10
cfl=
cfn=(12)
calls=10 -171719 0
* * 10
cfl=
cfn=(12)
calls=10 -171669 0
* * 10
cfl=
cfn=(12)
calls=10 -171055 0
* * 10
cfl=
cfn=(12)
calls=10 -170998 0
* * 10
cfl=
cfn=(12)
calls=10 -170728 0
* * 10
cfl=
cfn=(12)
calls=10 -170505 0
* * 10
cfl=
cfn=(12)
calls=10 -170349 0
* * 10
cfl=
cfn=(12)
calls=10 -170287 0
* * 10

ob=
fl=
fn=(281) runtime.newstack
+10603 0 0
cfl=
cfn=(34)
calls=20 +99980 0
* * 20
+522 0 0
cfl=
cfn=(275)
calls=80 -68192 0
* * 80

ob=
fl=
fn=(91)
+4041 0 0
cfl=
cfn=(93)
calls=10 +5185 0
* * 10
cfl=
cfn=(93)
calls=10 +5304 0
* * 10
+126 0 0
cfl=
cfn=(17)
calls=10 +87155 0
* * 10
cfl=
cfn=(17)
calls=10 +87241 0
* * 10

ob=
fl=
fn=(282) runtime.concatstring2
+400 0 0
cfl=
cfn=(91)
calls=20 -126 0
* * 20
cfl=
cfn=(91)
calls=20 * 0
* * 20
cfl=
cfn=(91)
calls=10 -135 0
* * 10
cfl=
cfn=(91)
calls=10 +168 0
* * 10
cfl=
cfn=(91)
calls=10 +218 0
* * 10

ob=
fl=
fn=(92)
+471 0 0
cfl=
cfn=(93)
calls=160 +737 0
* * 160
cfl=
cfn=(93)
calls=10 +637 0
* * 10
cfl=
cfn=(93)
calls=10 +646 0
* * 10
cfl=
cfn=(93)
calls=10 +692 0
* * 10
+64 0 0
cfl=
cfn=(17)
calls=20 +86242 0
* * 20
cfl=
cfn=(17)
calls=10 +84575 0
* * 10
cfl=
cfn=(17)
calls=10 +85293 0
* * 10

ob=
fl=
fn=(93)
+202 0 0
cfl=
cfn=(94)
calls=160 +1783 0
* * 160
cfl=
cfn=(94)
calls=10 +1651 0
* * 10

ob=
fl=
fn=(94)
+1581 0 0
cfl=
cfn=(12)
calls=60 -213681 0
* * 60
cfl=
cfn=(12)
calls=20 -214113 0
* * 20
cfl=
cfn=(12)
calls=10 -215905 0
* * 10
cfl=
cfn=(12)
calls=10 -215444 0
* * 10
cfl=
cfn=(12)
calls=10 -215388 0
* * 10
cfl=
cfn=(12)
calls=10 -215286 0
* * 10
cfl=
cfn=(12)
calls=10 -215235 0
* * 10
cfl=
cfn=(12)
calls=10 -215031 0
* * 10
cfl=
cfn=(12)
calls=10 -214945 0
* * 10
cfl=
cfn=(12)
calls=10 -214200 0
* * 10

ob=
fl=
fn=(97)
+9140 0 0
cfl=
cfn=(34)
calls=10 +81882 0
* * 10
cfl=
cfn=(34)
calls=10 +81896 0
* * 10
+250 0 0
cfl=
cfn=(99)
calls=10 +3114 0
* * 10
cfl=
cfn=(99)
calls=10 +3120 0
* * 10
cfl=
cfn=(99)
calls=10 +3206 0
* * 10

ob=
fl=
fn=(283) runtime.funcspdelta
+2044 0 0
cfl=
cfn=(97)
calls=20 * 0
* * 20
cfl=
cfn=(97)
calls=10 +73 0
* * 10

ob=
fl=
fn=(247)
+474 0 0
cfl=
cfn=(97)
calls=20 -2294 0
* * 20
cfl=
cfn=(97)
calls=10 -2262 0
* * 10
cfl=
cfn=(97)
calls=10 -2044 0
* * 10
cfl=
cfn=(97)
calls=10 -1930 0
* * 10

ob=
fl=
fn=(99)
+346 0 0
cfl=
cfn=(100)
calls=10 +639 0
* * 10

ob=
fl=
fn=(245)
+19978 0 0
cfl=
cfn=(106)
calls=20 +48667 0
* * 20

ob=
fl=
fn=(16)
+4564 0 0
cfl=
cfn=(106)
calls=100 +28689 0
* * 100
cfl=
cfn=(106)
calls=10 +28652 0
* * 10
+527 0 0
cfl=
cfn=(96)
calls=10 -28036 0
* * 10
+930 0 0
cfl=
cfn=(283)
calls=30 -25889 0
* * 30

ob=
fl=
fn=(257)
+3993 0 0
cfl=
cfn=(109)
calls=30 +31351 0
* * 30

ob=
fl=
fn=(103)
+5976 0 0
cfl=
cfn=(102)
calls=10 +5039 0
* * 10
cfl=
cfn=(102)
calls=10 +5109 0
* * 10
cfl=
cfn=(102)
calls=10 +5189 0
* * 10

ob=
fl=
fn=(284) runtime.(*mcache).nextFree.func1
+9007 0 0
cfl=
cfn=(24)
calls=180 -248115 0
* * 180
cfl=
cfn=(24)
calls=20 -248274 0
* * 20

ob=
fl=
fn=(104)
+370 0 0
cfl=
cfn=(223)
calls=10 -269978 0
* * 10
cfl=
cfn=(223)
calls=10 -269864 0
* * 10

ob=
fl=
fn=(285) runtime.gcMarkTermination.func1
+1993 0 0
cfl=
cfn=(237)
calls=40 -236923 0
* * 40
cfl=
cfn=(237)
calls=20 -236962 0
* * 20

ob=
fl=
fn=(105)
+633 0 0
cfl=
cfn=(67)
calls=250 -225454 0
* * 250
cfl=
cfn=(67)
calls=30 -225314 0
* * 30
cfl=
cfn=(67)
calls=30 -224911 0
* * 30
cfl=
cfn=(67)
calls=20 -225647 0
* * 20
+116 0 0
cfl=
cfn=(67)
calls=290 -226087 0
* * 290
cfl=
cfn=(67)
calls=10 -226280 0
* * 10
cfl=
cfn=(67)
calls=10 -225665 0
* * 10
cfl=
cfn=(67)
calls=10 -225594 0
* * 10

ob=
fl=
fn=(286) runtime.markroot.func1
+163 0 0
cfl=
cfn=(263)
calls=240 -150417 0
* * 240

ob=
fl=
fn=(287) runtime.gcAssistAlloc.func1
+278 0 0
cfl=
cfn=(243)
calls=190 -232566 0
* * 190

ob=
fl=
fn=(106)
+139 0 0
cfl=
cfn=(246)
calls=50 -229220 0
* * 50
cfl=
cfn=(246)
calls=40 -228315 0
* * 40
cfl=
cfn=(246)
calls=20 -229095 0
* * 20
cfl=
cfn=(246)
calls=10 -229057 0
* * 10

ob=
fl=
fn=(288) runtime.gosweepone.func1
+237 0 0
cfl=
cfn=(252)
calls=90 -219473 0
* * 90
cfl=
cfn=(252)
calls=10 -219778 0
* * 10

ob=
fl=
fn=(289) runtime.(*mheap).alloc.func1
+112 0 0
cfl=
cfn=(255)
calls=30 -207881 0
* * 30

ob=
fl=
fn=(107)
+1688 0 0
cfl=
cfn=(260)
calls=1450 -175248 0
* * 1450
cfl=
cfn=(260)
calls=550 -175098 0
* * 550

ob=
fl=
fn=(290) runtime.newdefer.func2
+908 0 0
cfl=
cfn=(12)
calls=10 -278713 0
* * 10

ob=
fl=
fn=(291) runtime.goready.func1
+1113 0 0
cfl=
cfn=(261)
calls=620 -156986 0
* * 620

ob=
fl=
fn=(292) runtime.newproc.func1
+1913 0 0
cfl=
cfn=(279)
calls=500 -134770 0
* * 500
cfl=
cfn=(279)
calls=10 -135412 0
* * 10
cfl=
cfn=(279)
calls=10 -134723 0
* * 10

ob=
fl=
fn=(293) runtime.callers.func1
+751 0 0
cfl=
cfn=(16)
calls=20 -33581 0
* * 20
cfl=
cfn=(16)
calls=10 -28639 0
* * 10

ob=
fl=
fn=(108)
+1803 0 0
cfl=
cfn=(272)
calls=3780 -144085 0
* * 3780
cfl=
cfn=(276)
calls=1520 -142568 0
* * 1520
cfl=
cfn=(274)
calls=20 -143322 0
* * 20
cfl=
cfn=(272)
calls=10 -144165 0
* * 10

ob=
fl=
fn=(109)
+158 0 0
cfl=
cfn=(278)
calls=620 -143071 0
* * 620
cfl=
cfn=(291)
calls=620 -4467 0
* * 620
cfl=
cfn=(292)
calls=520 -2554 0
* * 520
cfl=
cfn=(105)
calls=330 -9221 0
* * 330
cfl=
cfn=(105)
calls=320 -9105 0
* * 320
cfl=
cfn=(284)
calls=200 -12217 0
* * 200
cfl=
cfn=(287)
calls=190 -8664 0
* * 190
cfl=
cfn=(288)
calls=80 -8288 0
* * 80
cfl=
cfn=(285)
calls=60 -9854 0
* * 60
cfl=
cfn=(293)
calls=30 -1803 0
* * 30
cfl=
cfn=(104)
calls=20 -11847 0
* * 20
cfl=
cfn=(264)
calls=10 -158001 0
* * 10
cfl=
cfn=(264)
calls=10 -157545 0
* * 10
cfl=
cfn=(104)
calls=10 -11909 0
* * 10
cfl=
cfn=(104)
calls=10 -11867 0
* * 10
cfl=
cfn=(105)
calls=10 -9220 0
* * 10
cfl=
cfn=(290)
calls=10 -5580 0
* * 10
+50 0 0
cfl=
cfn=(107)
calls=2000 -6646 0
* * 2000
cfl=
cfn=(286)
calls=240 -9100 0
* * 240
cfl=
cfn=(289)
calls=30 -8334 0
* * 30
cfl=
cfn=(288)
calls=20 -8446 0
* * 20
cfl=
cfn=(107)
calls=10 -6641 0
* * 10

ob=
fl=
fn=(294) runtime.morestack
+139 0 0
cfl=
cfn=(281)
calls=80 -76539 0
* * 80
cfl=
cfn=(281)
calls=20 -77061 0
* * 20

ob=
fl=
fn=(295) runtime.goexit
+10875 0 0
cfl=
cfn=(296) github.com/nd-r/tech-db-forum/vendor/github.com/valyala/fasthttp.(*workerPool).getCh.func1
calls=13870 +3224959 0
* * 13870
cfl=
cfn=(235)
calls=800 -251546 0
* * 800
cfl=
cfn=(235)
calls=230 -251283 0
* * 230
cfl=
cfn=(297) database/sql.(*Rows).awaitDone
calls=170 +587782 0
* * 170
cfl=
cfn=(250)
calls=80 -228955 0
* * 80
cfl=
cfn=(235)
calls=10 -251742 0
* * 10
cfl=
cfn=(297)
calls=10 +587727 0
* * 10
cfl=
cfn=(297)
calls=10 +587816 0
* * 10

ob=
fl=
fn=(298) sync.(*Pool).Get
+25214 0 0
cfl=
cfn=(36)
calls=20 +26041 0
* * 20
cfl=
cfn=(36)
calls=10 +26089 0
* * 10
+272 0 0
cfl=
cfn=(115)
calls=10 +537 0
* * 10

ob=
fl=
fn=(36)
+603 0 0
cfl=
cfn=(299) sync.(*Pool).pinSlow
calls=10 +891 0
* * 10

ob=
fl=
fn=(299)
+288 0 0
cfl=
cfn=(90)
calls=10 -124767 0
* * 10

ob=
fl=
fn=(300) sync.(*rlocker).Unlock
+2017 0 0
cfl=
cfn=(37)
calls=10 +1443 0
* * 10

ob=
fl=
fn=(116)
+2062 0 0
cfl=
cfn=(165)
calls=4260 +603879 0
* * 4260
cfl=
cfn=(165)
calls=10 +603885 0
* * 10
cfl=
cfn=(165)
calls=10 +604174 0
* * 10
cfl=
cfn=(165)
calls=10 +604183 0
* * 10
cfl=
cfn=(165)
calls=10 +604392 0
* * 10

ob=
fl=
fn=(301) io.ReadFull
+367 0 0
cfl=
cfn=(116)
calls=4300 * 0
* * 4300
cfl=
cfn=(116)
calls=10 -140 0
* * 10
cfl=
cfn=(116)
calls=10 +30 0
* * 10
cfl=
cfn=(116)
calls=10 +53 0
* * 10

ob=
fl=
fn=(302) math.Pow
+60332 0 0
cfl=
cfn=(38)
calls=20 +59951 0
* * 20

ob=
fl=
fn=(117)
+12111 0 0
cfl=
cfn=(18)
calls=30 +10806 0
* * 30
cfl=
cfn=(18)
calls=10 +10888 0
* * 10

ob=
fl=
fn=(118)
+1592 0 0
cfl=
cfn=(117)
calls=10 -143 0
* * 10
cfl=
cfn=(117)
calls=10 -90 0
* * 10
cfl=
cfn=(117)
calls=10 * 0
* * 10

ob=
fl=
fn=(303) strconv.FormatInt
+18724 0 0
cfl=
cfn=(119)
calls=20 +19863 0
* * 20
cfl=
cfn=(119)
calls=10 +19297 0
* * 10
cfl=
cfn=(119)
calls=10 +19306 0
* * 10
cfl=
cfn=(119)
calls=10 +19869 0
* * 10

ob=
fl=
fn=(119)
+582 0 0
cfl=
cfn=(113)
calls=10 -123166 0
* * 10
+557 0 0
cfl=
cfn=(92)
calls=10 -206679 0
* * 10
cfl=
cfn=(92)
calls=10 -206615 0
* * 10

ob=
fl=
fn=(120)
+31015 0 0
cfl=
cfn=(304) syscall.read
calls=4180 +42563 0
* * 4180

ob=
fl=
fn=(305) syscall.Write
+128 0 0
cfl=
cfn=(306) syscall.write
calls=3610 +13724 0
* * 3610

ob=
fl=
fn=(304)
+11420 0 0
cfl=
cfn=(1)
calls=3550 +15346 0
* * 3550
cfl=
cfn=(1)
calls=630 +15308 0
* * 630

ob=
fl=
fn=(306)
+2176 0 0
cfl=
cfn=(1)
calls=3580 +3926 0
* * 3580
cfl=
cfn=(1)
calls=30 +3888 0
* * 30

ob=
fl=
fn=(1)
+1712 0 0
cfl=
cfn=(83)
calls=640 -323873 0
* * 640
cfl=
cfn=(83)
calls=10 -323924 0
* * 10
cfl=
cfn=(83)
calls=10 -323901 0
* * 10

ob=
fl=
fn=(121)
+2188 0 0
cfl=
cfn=(111)
calls=10 -173367 0
* * 10

ob=
fl=
fn=(124)
+6199 0 0
cfl=
cfn=(125)
calls=40 +12203 0
* * 40
cfl=
cfn=(125)
calls=20 +6645 0
* * 20
cfl=
cfn=(125)
calls=20 +10225 0
* * 20
cfl=
cfn=(125)
calls=10 +6458 0
* * 10
cfl=
cfn=(125)
calls=10 +6651 0
* * 10
cfl=
cfn=(125)
calls=10 +7332 0
* * 10
cfl=
cfn=(125)
calls=10 +12327 0
* * 10
cfl=
cfn=(125)
calls=10 +14144 0
* * 10
cfl=
cfn=(125)
calls=10 +14662 0
* * 10
cfl=
cfn=(125)
calls=10 +14763 0
* * 10
+43 0 0
cfl=
cfn=(92)
calls=20 -262074 0
* * 20
cfl=
cfn=(92)
calls=10 -262010 0
* * 10

ob=
fl=
fn=(125)
+216 0 0
cfl=
cfn=(307) time.Time.locabs
calls=10 +29565 0
* * 10
+187 0 0
cfl=
cfn=(121)
calls=10 -6458 0
* * 10
cfl=
cfn=(121)
calls=10 -5784 0
* * 10
+3580 0 0
cfl=
cfn=(123)
calls=10 -1378 0
* * 10
cfl=
cfn=(123)
calls=10 -1125 0
* * 10
+1978 0 0
cfl=
cfn=(122)
calls=10 -6017 0
* * 10
cfl=
cfn=(122)
calls=10 -5993 0
* * 10
cfl=
cfn=(122)
calls=10 -5900 0
* * 10
cfl=
cfn=(122)
calls=10 -5891 0
* * 10
+124 0 0
cfl=
cfn=(122)
calls=10 -7767 0
* * 10
+2436 0 0
cfl=
cfn=(126)
calls=10 +28926 0
* * 10

ob=
fl=
fn=(307)
+21044 0 0
cfl=
cfn=(128)
calls=10 +34634 0
* * 10

ob=
fl=
fn=(127)
+11648 0 0
cfl=
cfn=(39)
calls=20 +13790 0
* * 20

ob=
fl=
fn=(308) reflect.(*rtype).nameOff
+69235 0 0
cfl=
cfn=(89)
calls=10 -346848 0
* * 10
cfl=
cfn=(89)
calls=10 -346813 0
* * 10

ob=
fl=
fn=(309) reflect.(*rtype).typeOff
+80 0 0
cfl=
cfn=(32)
calls=40 -415968 0
* * 40
cfl=
cfn=(32)
calls=20 -416003 0
* * 20
cfl=
cfn=(32)
calls=10 -416018 0
* * 10
cfl=
cfn=(32)
calls=10 -415957 0
* * 10

ob=
fl=
fn=(129)
+355 0 0
cfl=
cfn=(308)
calls=20 -80 0
* * 20

ob=
fl=
fn=(132)
+5378 0 0
cfl=
cfn=(129)
calls=20 * 0
* * 20
cfl=
cfn=(129)
calls=10 +42 0
* * 10

ob=
fl=
fn=(134)
+12623 0 0
cfl=
cfn=(50)
calls=10 -609317 0
* * 10
+87 0 0
cfl=
cfn=(309)
calls=80 -18356 0
* * 80

ob=
fl=
fn=(135)
+539 0 0
cfl=
cfn=(136)
calls=20 +2507 0
* * 20
cfl=
cfn=(136)
calls=20 +2613 0
* * 20
+52 0 0
cfl=
cfn=(40)
calls=20 +503 0
* * 20
cfl=
cfn=(40)
calls=10 +465 0
* * 10
cfl=
cfn=(40)
calls=10 +553 0
* * 10

ob=
fl=
fn=(136)
+1916 0 0
cfl=
cfn=(132)
calls=10 -13337 0
* * 10
cfl=
cfn=(132)
calls=10 -13301 0
* * 10
+106 0 0
cfl=
cfn=(132)
calls=20 -15217 0
* * 20

ob=
fl=
fn=(310) reflect.Value.Addr
+18281 0 0
cfl=
cfn=(134)
calls=30 -2613 0
* * 30
cfl=
cfn=(134)
calls=10 -3881 0
* * 10
cfl=
cfn=(134)
calls=10 -2700 0
* * 10

ob=
fl=
fn=(139)
+13352 0 0
cfl=
cfn=(140)
calls=30 +13640 0
* * 30
cfl=
cfn=(140)
calls=10 +13435 0
* * 10
cfl=
cfn=(140)
calls=10 +13468 0
* * 10
cfl=
cfn=(140)
calls=10 +13626 0
* * 10

ob=
fl=
fn=(140)
+288 0 0
cfl=
cfn=(41)
calls=20 -15395 0
* * 20
cfl=
cfn=(41)
calls=10 -15283 0
* * 10

ob=
fl=
fn=(143)
+7312 0 0
cfl=
cfn=(311) reflect.Value.assignTo
calls=10 +19085 0
* * 10
+94 0 0
cfl=
cfn=(227)
calls=60 -642805 0
* * 60

ob=
fl=
fn=(144)
+7416 0 0
cfl=
cfn=(142)
calls=10 -6326 0
* * 10
+230 0 0
cfl=
cfn=(312) reflect.MakeSlice
calls=20 +2261 0
* * 20
cfl=
cfn=(312)
calls=10 +2171 0
* * 10
+88 0 0
cfl=
cfn=(145)
calls=20 +1344 0
* * 20
cfl=
cfn=(145)
calls=10 +865 0
* * 10
cfl=
cfn=(145)
calls=10 +975 0
* * 10
cfl=
cfn=(145)
calls=10 +1011 0
* * 10
+184 0 0
cfl=
cfn=(43)
calls=20 -4503 0
* * 20

ob=
fl=
fn=(313) reflect.Append
+285 0 0
cfl=
cfn=(144)
calls=50 -184 0
* * 50
cfl=
cfn=(144)
calls=30 -272 0
* * 30
cfl=
cfn=(144)
calls=20 * 0
* * 20
cfl=
cfn=(144)
calls=10 -577 0
* * 10
cfl=
cfn=(144)
calls=10 -502 0
* * 10
+190 0 0
cfl=
cfn=(143)
calls=40 -8203 0
* * 40
cfl=
cfn=(143)
calls=10 -8401 0
* * 10
cfl=
cfn=(143)
calls=10 -8297 0
* * 10

ob=
fl=
fn=(145)
+264 0 0
cfl=
cfn=(137)
calls=10 -30417 0
* * 10
+333 0 0
cfl=
cfn=(228)
calls=20 -650343 0
* * 20

ob=
fl=
fn=(312)
+597 0 0
cfl=
cfn=(10)
calls=10 -654952 0
* * 10
+90 0 0
cfl=
cfn=(221)
calls=20 -655136 0
* * 20

ob=
fl=
fn=(148)
+1668 0 0
cfl=
cfn=(56)
calls=110 -655556 0
* * 110
cfl=
cfn=(56)
calls=10 -655545 0
* * 10
+33 0 0
cfl=
cfn=(131)
calls=10 -70813 0
* * 10
+14 0 0
cfl=
cfn=(134)
calls=50 -53318 0
* * 50
cfl=
cfn=(134)
calls=10 -53322 0
* * 10

ob=
fl=
fn=(311)
+287 0 0
cfl=
cfn=(136)
calls=10 -50696 0
* * 10

ob=
fl=
fn=(314) context.WithCancel
+116489 0 0
cfl=
cfn=(205)
calls=10 -708552 0
* * 10
+268 0 0
cfl=
cfn=(10)
calls=20 -774148 0
* * 20

ob=
fl=
fn=(150)
+1311 0 0
cfl=
cfn=(76)
calls=10 -671221 0
* * 10
+33 0 0
cfl=
cfn=(15)
calls=150 -670024 0
* * 150

ob=
fl=
fn=(151)
+386 0 0
cfl=
cfn=(206)
calls=620 -822327 0
* * 620
cfl=
cfn=(206)
calls=10 -822916 0
* * 10
cfl=
cfn=(206)
calls=10 -822860 0
* * 10

ob=
fl=
fn=(315) context.WithCancel.func1
+3727 0 0
cfl=
cfn=(151)
calls=640 * 0
* * 640
cfl=
cfn=(151)
calls=10 -167 0
* * 10
cfl=
cfn=(151)
calls=10 -93 0
* * 10
cfl=
cfn=(151)
calls=10 +18 0
* * 10

ob=
fl=
fn=(316) database/sql/driver.defaultConverter.ConvertValue
+9907 0 0
cfl=
cfn=(138)
calls=10 -142169 0
* * 10

ob=
fl=
fn=(317) database/sql.driverArgs
+17018 0 0
cfl=
cfn=(90)
calls=30 -592991 0
* * 30
+301 0 0
cfl=
cfn=(316)
calls=10 -17018 0
* * 10

ob=
fl=
fn=(153)
+4141 0 0
cfl=
cfn=(146)
calls=10 -150349 0
* * 10
+195 0 0
cfl=
cfn=(141)
calls=10 -172228 0
* * 10
+1180 0 0
cfl=
cfn=(318) database/sql.asString
calls=50 +8717 0
* * 50
+66 0 0
cfl=
cfn=(44)
calls=10 -160934 0
* * 10
+20 0 0
cfl=
cfn=(130)
calls=10 -226533 0
* * 10
+49 0 0
cfl=
cfn=(117)
calls=30 -413968 0
* * 30
+606 0 0
cfl=
cfn=(44)
calls=10 -161088 0
* * 10
+44 0 0
cfl=
cfn=(148)
calls=40 -156031 0
* * 40
cfl=
cfn=(148)
calls=30 -155984 0
* * 30
+70 0 0
cfl=
cfn=(143)
calls=10 -167668 0
* * 10
+40 0 0
cfl=
cfn=(139)
calls=10 -175184 0
* * 10
cfl=
cfn=(139)
calls=10 -175163 0
* * 10
+50 0 0
cfl=
cfn=(153)
calls=190 +4770 0
* * 190
cfl=
cfn=(153)
calls=50 -895 0
* * 50
cfl=
cfn=(153)
calls=50 +1511 0
* * 50
cfl=
cfn=(153)
calls=20 -760 0
* * 20
cfl=
cfn=(153)
calls=10 -829 0
* * 10
cfl=
cfn=(153)
calls=10 -809 0
* * 10
cfl=
cfn=(153)
calls=10 +1399 0
* * 10
cfl=
cfn=(153)
calls=10 +2781 0
* * 10
cfl=
cfn=(153)
calls=10 +3011 0
* * 10
+85 0 0
cfl=
cfn=(147)
calls=10 -156429 0
* * 10
+1264 0 0
cfl=
cfn=(44)
calls=20 -161993 0
* * 20
+112 0 0
cfl=
cfn=(135)
calls=40 -210330 0
* * 40
cfl=
cfn=(135)
calls=40 -210278 0
* * 40
cfl=
cfn=(135)
calls=10 -210390 0
* * 10
+600 0 0
cfl=
cfn=(146)
calls=10 -158280 0
* * 10
cfl=
cfn=(146)
calls=10 -158239 0
* * 10
+900 0 0
cfl=
cfn=(152)
calls=10 -31545 0
* * 10
+1759 0 0
cfl=
cfn=(124)
calls=150 -341495 0
* * 150
cfl=
cfn=(124)
calls=30 -341452 0
* * 30
cfl=
cfn=(124)
calls=10 -341556 0
* * 10

ob=
fl=
fn=(318)
+1872 0 0
cfl=
cfn=(303)
calls=50 -399231 0
* * 50

ob=
fl=
fn=(319) database/sql.ctxDriverQuery
+4543 0 0
cfl=
cfn=(177)
calls=3550 +1252873 0
* * 3550
cfl=
cfn=(177)
calls=10 +1252451 0
* * 10
cfl=
cfn=(177)
calls=10 +1252653 0
* * 10
cfl=
cfn=(177)
calls=10 +1252756 0
* * 10

ob=
fl=
fn=(320) database/sql.ctxDriverBegin
+1473 0 0
cfl=
cfn=(54)
calls=10 -834496 0
* * 10
+88 0 0
cfl=
cfn=(321) github.com/nd-r/tech-db-forum/vendor/github.com/lib/pq.(*conn).BeginTx
calls=1410 +1247952 0
* * 1410

ob=
fl=
fn=(322) database/sql.(*DB).queryConn
+25668 0 0
cfl=
cfn=(317)
calls=30 -19458 0
* * 30
cfl=
cfn=(317)
calls=10 -19157 0
* * 10
+311 0 0
cfl=
cfn=(323) database/sql.withLock
calls=3580 +27787 0
* * 3580
+213 0 0
cfl=
cfn=(324) database/sql.(*Rows).initContextClose
calls=380 +19969 0
* * 380
cfl=
cfn=(324)
calls=30 +19880 0
* * 30

ob=
fl=
fn=(325) database/sql.(*DB).BeginTx
+1002 0 0
cfl=
cfn=(326) database/sql.(*DB).begin
calls=1430 +1881 0
* * 1430
cfl=
cfn=(326)
calls=150 +2174 0
* * 150
cfl=
cfn=(326)
calls=10 +1684 0
* * 10

ob=
fl=
fn=(327) database/sql.(*DB).Begin
+492 0 0
cfl=
cfn=(325)
calls=1590 * 0
* * 1590

ob=
fl=
fn=(326)
+190 0 0
cfl=
cfn=(154)
calls=10 -14095 0
* * 10
+197 0 0
cfl=
cfn=(323)
calls=1420 +25579 0
* * 1420
cfl=
cfn=(323)
calls=10 +25580 0
* * 10
+293 0 0
cfl=
cfn=(84)
calls=150 -710132 0
* * 150

ob=
fl=
fn=(156)
+661 0 0
cfl=
cfn=(155)
calls=10 -11227 0
* * 10
+14 0 0
cfl=
cfn=(315)
calls=270 -75410 0
* * 270

ob=
fl=
fn=(328) database/sql.(*Tx).grabConn
+241 0 0
cfl=
cfn=(208)
calls=10 -898403 0
* * 10

ob=
fl=
fn=(157)
+315 0 0
cfl=
cfn=(76)
calls=10 -752343 0
* * 10

ob=
fl=
fn=(158)
+362 0 0
cfl=
cfn=(323)
calls=1460 +23858 0
* * 1460
+36 0 0
cfl=
cfn=(157)
calls=10 -420 0
* * 10
cfl=
cfn=(157)
calls=10 -362 0
* * 10
+34 0 0
cfl=
cfn=(156)
calls=270 -954 0
* * 270
cfl=
cfn=(156)
calls=10 -968 0
* * 10
cfl=
cfn=(156)
calls=10 -955 0
* * 10

ob=
fl=
fn=(329) database/sql.(*Tx).QueryContext
+6221 0 0
cfl=
cfn=(328)
calls=10 -747 0
* * 10
+192 0 0
cfl=
cfn=(322)
calls=3580 -10271 0
* * 3580
cfl=
cfn=(322)
calls=410 -10058 0
* * 410
cfl=
cfn=(322)
calls=40 -10582 0
* * 40
+40 0 0
cfl=
cfn=(37)
calls=10 -539411 0
* * 10

ob=
fl=
fn=(330) database/sql.(*Tx).Query
+186 0 0
cfl=
cfn=(329)
calls=4030 -40 0
* * 4030
cfl=
cfn=(329)
calls=10 -232 0
* * 10
cfl=
cfn=(329)
calls=10 * 0
* * 10

ob=
fl=
fn=(324)
+9191 0 0
cfl=
cfn=(314)
calls=20 -88508 0
* * 20
cfl=
cfn=(314)
calls=10 -88776 0
* * 10
+89 0 0
cfl=
cfn=(84)
calls=370 -727918 0
* * 370
cfl=
cfn=(84)
calls=10 -728056 0
* * 10

ob=
fl=
fn=(297)
+115 0 0
cfl=
cfn=(149)
calls=10 -96609 0
* * 10
+55 0 0
cfl=
cfn=(150)
calls=150 -96559 0
* * 150
cfl=
cfn=(150)
calls=10 -96708 0
* * 10
cfl=
cfn=(150)
calls=10 -96592 0
* * 10
+34 0 0
cfl=
cfn=(331) database/sql.(*Rows).close
calls=10 +5525 0
* * 10

ob=
fl=
fn=(159)
+165 0 0
cfl=
cfn=(323)
calls=1530 +7303 0
* * 1530
cfl=
cfn=(323)
calls=20 +7309 0
* * 20
cfl=
cfn=(323)
calls=10 +7304 0
* * 10
+42 0 0
cfl=
cfn=(161)
calls=270 +5226 0
* * 270

ob=
fl=
fn=(332) database/sql.(*Rows).nextLocked
+127 0 0
cfl=
cfn=(176)
calls=1030 +1177408 0
* * 1030
cfl=
cfn=(176)
calls=360 +1178506 0
* * 360
cfl=
cfn=(176)
calls=50 +1178238 0
* * 50
cfl=
cfn=(176)
calls=10 +1177309 0
* * 10
cfl=
cfn=(176)
calls=10 +1177452 0
* * 10
cfl=
cfn=(176)
calls=10 +1177489 0
* * 10
cfl=
cfn=(176)
calls=10 +1178362 0
* * 10
cfl=
cfn=(176)
calls=10 +1178438 0
* * 10
cfl=
cfn=(176)
calls=10 +1178446 0
* * 10
+178 0 0
cfl=
cfn=(54)
calls=10 -882532 0
* * 10

ob=
fl=
fn=(333) database/sql.(*Rows).Columns
+1498 0 0
cfl=
cfn=(15)
calls=10 -767020 0
* * 10

ob=
fl=
fn=(160)
+2562 0 0
cfl=
cfn=(153)
calls=360 -60858 0
* * 360
cfl=
cfn=(153)
calls=70 -61018 0
* * 70
cfl=
cfn=(153)
calls=40 -59397 0
* * 40
cfl=
cfn=(153)
calls=20 -60908 0
* * 20
cfl=
cfn=(153)
calls=20 -58797 0
* * 20
cfl=
cfn=(153)
calls=10 -63959 0
* * 10
cfl=
cfn=(153)
calls=10 -63277 0
* * 10
cfl=
cfn=(153)
calls=10 -63178 0
* * 10
cfl=
cfn=(153)
calls=10 -62983 0
* * 10
cfl=
cfn=(153)
calls=10 -61668 0
* * 10
cfl=
cfn=(153)
calls=10 -61062 0
* * 10
cfl=
cfn=(153)
calls=10 -60948 0
* * 10
cfl=
cfn=(153)
calls=10 -60773 0
* * 10
cfl=
cfn=(153)
calls=10 -59509 0
* * 10
cfl=
cfn=(153)
calls=10 -56572 0
* * 10
cfl=
cfn=(153)
calls=10 -55975 0
* * 10
cfl=
cfn=(153)
calls=10 -55357 0
* * 10

ob=
fl=
fn=(161)
+819 0 0
cfl=
cfn=(331)
calls=400 +1285 0
* * 400
cfl=
cfn=(331)
calls=30 +1113 0
* * 30
cfl=
cfn=(331)
calls=10 +919 0
* * 10
cfl=
cfn=(331)
calls=10 +1053 0
* * 10

ob=
fl=
fn=(331)
+100 0 0
cfl=
cfn=(10)
calls=10 -877799 0
* * 10
cfl=
cfn=(10)
calls=10 -877781 0
* * 10
+134 0 0
cfl=
cfn=(76)
calls=10 -774704 0
* * 10
+60 0 0
cfl=
cfn=(334) github.com/nd-r/tech-db-forum/vendor/github.com/lib/pq.(*rows).Close
calls=30 +1171298 0
* * 30
+172 0 0
cfl=
cfn=(315)
calls=400 -98220 0
* * 400

ob=
fl=
fn=(323)
+1446 0 0
cfl=
cfn=(335) database/sql.(*DB).queryConn.func1
calls=3580 +3642 0
* * 3580
cfl=
cfn=(162)
calls=1510 +6349 0
* * 1510
cfl=
cfn=(336) database/sql.(*Tx).Commit.func1
calls=1460 +4397 0
* * 1460
cfl=
cfn=(337) database/sql.(*DB).begin.func1
calls=1420 +4188 0
* * 1420
cfl=
cfn=(162)
calls=10 +6337 0
* * 10
cfl=
cfn=(162)
calls=10 +6350 0
* * 10
+1 0 0
cfl=
cfn=(33)
calls=10 -589241 0
* * 10
cfl=
cfn=(300)
calls=10 -555850 0
* * 10
+5 0 0
cfl=
cfn=(15)
calls=10 -774140 0
* * 10
cfl=
cfn=(15)
calls=10 -774009 0
* * 10

ob=
fl=
fn=(335)
+2190 0 0
cfl=
cfn=(319)
calls=3580 -55022 0
* * 3580

ob=
fl=
fn=(337)
+546 0 0
cfl=
cfn=(320)
calls=1410 -55651 0
* * 1410
cfl=
cfn=(320)
calls=10 -55739 0
* * 10

ob=
fl=
fn=(336)
+209 0 0
cfl=
cfn=(338) github.com/nd-r/tech-db-forum/vendor/github.com/lib/pq.(*conn).Commit
calls=1460 +1136962 0
* * 1460

ob=
fl=
fn=(162)
+1952 0 0
cfl=
cfn=(332)
calls=1500 -9920 0
* * 1500
cfl=
cfn=(332)
calls=10 -9742 0
* * 10

ob=
fl=
fn=(339) strings.Count
+24994 0 0
cfl=
cfn=(340) strings.Index
calls=10 +37833 0
* * 10

ob=
fl=
fn=(164)
+9917 0 0
cfl=
cfn=(339)
calls=10 * 0
* * 10
+99 0 0
cfl=
cfn=(90)
calls=20 -722736 0
* * 20

ob=
fl=
fn=(340)
+2823 0 0
cfl=
cfn=(112)
calls=10 -624465 0
* * 10

ob=
fl=
fn=(341) bufio.(*Reader).fill
+3218 0 0
cfl=
cfn=(342) net.(*conn).Read
calls=620 +224955 0
* * 620

ob=
fl=
fn=(343) bufio.(*Reader).Peek
+448 0 0
cfl=
cfn=(341)
calls=620 * 0
* * 620

ob=
fl=
fn=(165)
+1627 0 0
cfl=
cfn=(342)
calls=4260 +221289 0
* * 4260
+304 0 0
cfl=
cfn=(17)
calls=10 -628546 0
* * 10

ob=
fl=
fn=(166)
+5475 0 0
cfl=
cfn=(172)
calls=980 +220094 0
* * 980

ob=
fl=
fn=(167)
+650 0 0
cfl=
cfn=(166)
calls=470 * 0
* * 470
cfl=
cfn=(166)
calls=10 +6 0
* * 10
+128 0 0
cfl=
cfn=(172)
calls=100 +213969 0
* * 100

ob=
fl=
fn=(45)
+131507 0 0
cfl=
cfn=(168)
calls=10 +130623 0
* * 10

ob=
fl=
fn=(170)
+6765 0 0
cfl=
cfn=(169)
calls=10 -273 0
* * 10
+53 0 0
cfl=
cfn=(76)
calls=10 -969374 0
* * 10
+167 0 0
cfl=
cfn=(120)
calls=4180 -621419 0
* * 4180
cfl=
cfn=(120)
calls=10 -621491 0
* * 10
+298 0 0
cfl=
cfn=(15)
calls=610 -967086 0
* * 610
cfl=
cfn=(15)
calls=10 -967226 0
* * 10

ob=
fl=
fn=(171)
+2746 0 0
cfl=
cfn=(45)
calls=20 -7296 0
* * 20
cfl=
cfn=(45)
calls=10 -7332 0
* * 10
cfl=
cfn=(45)
calls=10 -7283 0
* * 10
cfl=
cfn=(45)
calls=10 -7273 0
* * 10
+53 0 0
cfl=
cfn=(76)
calls=10 -972632 0
* * 10
cfl=
cfn=(76)
calls=10 -972623 0
* * 10
+202 0 0
cfl=
cfn=(305)
calls=3610 -624555 0
* * 3610
+314 0 0
cfl=
cfn=(15)
calls=100 -970385 0
* * 100

ob=
fl=
fn=(342)
+71000 0 0
cfl=
cfn=(170)
calls=4190 -3613 0
* * 4190
cfl=
cfn=(170)
calls=620 -3315 0
* * 620
cfl=
cfn=(170)
calls=10 -3833 0
* * 10
cfl=
cfn=(170)
calls=10 -3780 0
* * 10
cfl=
cfn=(170)
calls=10 -3779 0
* * 10
cfl=
cfn=(170)
calls=10 -3766 0
* * 10
cfl=
cfn=(170)
calls=10 -3612 0
* * 10
cfl=
cfn=(170)
calls=10 -3483 0
* * 10
cfl=
cfn=(170)
calls=10 -3064 0
* * 10

ob=
fl=
fn=(172)
+736 0 0
cfl=
cfn=(171)
calls=3610 -71314 0
* * 3610
cfl=
cfn=(171)
calls=100 -71000 0
* * 100
cfl=
cfn=(171)
calls=50 -71569 0
* * 50
cfl=
cfn=(171)
calls=20 -71516 0
* * 20
cfl=
cfn=(171)
calls=10 -71074 0
* * 10

ob=
fl=
fn=(344) github.com/nd-r/tech-db-forum/vendor/github.com/lib/pq.(*readBuf).string
+857256 0 0
cfl=
cfn=(92)
calls=60 -935186 0
* * 60
cfl=
cfn=(92)
calls=10 -935145 0
* * 10
cfl=
cfn=(92)
calls=10 -935122 0
* * 10

ob=
fl=
fn=(345) github.com/nd-r/tech-db-forum/vendor/github.com/lib/pq.(*conn).begin
+12784 0 0
cfl=
cfn=(346) github.com/nd-r/tech-db-forum/vendor/github.com/lib/pq.(*conn).simpleExec
calls=680 +15810 0
* * 680
cfl=
cfn=(346)
calls=680 +15884 0
* * 680
cfl=
cfn=(346)
calls=20 +16255 0
* * 20
cfl=
cfn=(346)
calls=10 +15624 0
* * 10
cfl=
cfn=(346)
calls=10 +16292 0
* * 10
+625 0 0
cfl=
cfn=(15)
calls=10 -1912475 0
* * 10

ob=
fl=
fn=(338)
+612 0 0
cfl=
cfn=(346)
calls=750 +2475 0
* * 750
cfl=
cfn=(346)
calls=700 +2401 0
* * 700
cfl=
cfn=(346)
calls=10 +2215 0
* * 10

ob=
fl=
fn=(346)
+1603 0 0
cfl=
cfn=(282)
calls=20 -1806934 0
* * 20
+186 0 0
cfl=
cfn=(174)
calls=1370 +10671 0
* * 1370
cfl=
cfn=(174)
calls=10 +10672 0
* * 10
+74 0 0
cfl=
cfn=(347) github.com/nd-r/tech-db-forum/vendor/github.com/lib/pq.(*conn).recv1
calls=1400 +12651 0
* * 1400
cfl=
cfn=(347)
calls=30 +12567 0
* * 30
+371 0 0
cfl=
cfn=(344)
calls=20 -15884 0
* * 20
+37 0 0
cfl=
cfn=(348) github.com/nd-r/tech-db-forum/vendor/github.com/lib/pq.(*conn).parseComplete
calls=10 +26361 0
* * 10

ob=
fl=
fn=(349) github.com/nd-r/tech-db-forum/vendor/github.com/lib/pq.(*conn).prepareTo
+4230 0 0
cfl=
cfn=(282)
calls=40 -1809205 0
* * 40
+602 0 0
cfl=
cfn=(282)
calls=10 -1813435 0
* * 10
+362 0 0
cfl=
cfn=(174)
calls=790 +5171 0
* * 790
+17 0 0
cfl=
cfn=(350) github.com/nd-r/tech-db-forum/vendor/github.com/lib/pq.(*conn).readParseResponse
calls=1120 +32889 0
* * 1120
+17 0 0
cfl=
cfn=(351) github.com/nd-r/tech-db-forum/vendor/github.com/lib/pq.(*conn).readStatementDescribeResponse
calls=60 +33437 0
* * 60
cfl=
cfn=(351)
calls=20 +33215 0
* * 20
+361 0 0
cfl=
cfn=(352) github.com/nd-r/tech-db-forum/vendor/github.com/lib/pq.(*conn).readReadyForQuery
calls=10 +32503 0
* * 10

ob=
fl=
fn=(353) github.com/nd-r/tech-db-forum/vendor/github.com/lib/pq.(*conn).query
+2730 0 0
cfl=
cfn=(349)
calls=1120 -378 0
* * 1120
cfl=
cfn=(349)
calls=790 -395 0
* * 790
cfl=
cfn=(349)
calls=80 -361 0
* * 80
cfl=
cfn=(349)
calls=40 -1359 0
* * 40
cfl=
cfn=(349)
calls=10 -757 0
* * 10
cfl=
cfn=(349)
calls=10 * 0
* * 10
+58 0 0
cfl=
cfn=(354) github.com/nd-r/tech-db-forum/vendor/github.com/lib/pq.(*stmt).exec
calls=890 +16648 0
* * 890
cfl=
cfn=(354)
calls=570 +16631 0
* * 570
cfl=
cfn=(354)
calls=10 +14968 0
* * 10
cfl=
cfn=(354)
calls=10 +16665 0
* * 10
+210 0 0
cfl=
cfn=(181)
calls=10 +76677 0
* * 10
+5 0 0
cfl=
cfn=(15)
calls=10 -1924373 0
* * 10

ob=
fl=
fn=(174)
+1411 0 0
cfl=
cfn=(172)
calls=2710 -882140 0
* * 2710
cfl=
cfn=(172)
calls=10 -882109 0
* * 10
cfl=
cfn=(173)
calls=10 -765748 0
* * 10

ob=
fl=
fn=(175)
+1135 0 0
cfl=
cfn=(301)
calls=3400 -1705399 0
* * 3400
+137 0 0
cfl=
cfn=(301)
calls=930 -1706534 0
* * 930
+193 0 0
cfl=
cfn=(90)
calls=60 -1836172 0
* * 60
cfl=
cfn=(90)
calls=10 -1836281 0
* * 10

ob=
fl=
fn=(355) github.com/nd-r/tech-db-forum/vendor/github.com/lib/pq.(*conn).recv1Buf
+449 0 0
cfl=
cfn=(175)
calls=3400 -330 0
* * 3400
cfl=
cfn=(175)
calls=930 -193 0
* * 930
cfl=
cfn=(175)
calls=70 * 0
* * 70
cfl=
cfn=(175)
calls=10 -187 0
* * 10

ob=
fl=
fn=(347)
+168 0 0
cfl=
cfn=(10)
calls=80 -2033585 0
* * 80
cfl=
cfn=(10)
calls=10 -2033631 0
* * 10
+26 0 0
cfl=
cfn=(10)
calls=10 -2033753 0
* * 10
+58 0 0
cfl=
cfn=(355)
calls=3380 -194 0
* * 3380

ob=
fl=
fn=(354)
+11118 0 0
cfl=
cfn=(17)
calls=10 -1736372 0
* * 10
+1663 0 0
cfl=
cfn=(174)
calls=570 -13284 0
* * 570
+17 0 0
cfl=
cfn=(356) github.com/nd-r/tech-db-forum/vendor/github.com/lib/pq.(*conn).readBindResponse
calls=890 +15133 0
* * 890
+17 0 0
cfl=
cfn=(357) github.com/nd-r/tech-db-forum/vendor/github.com/lib/pq.(*conn).postExecuteWorkaround
calls=10 +15420 0
* * 10

ob=
fl=
fn=(348)
+1340 0 0
cfl=
cfn=(34)
calls=10 -1749943 0
* * 10
+213 0 0
cfl=
cfn=(117)
calls=10 -1649439 0
* * 10
+178 0 0
cfl=
cfn=(52)
calls=10 -2058897 0
* * 10
+589 0 0
cfl=
cfn=(10)
calls=10 -2048383 0
* * 10

ob=
fl=
fn=(334)
+341 0 0
cfl=
cfn=(176)
calls=20 +1114 0
* * 20
cfl=
cfn=(176)
calls=10 +2837 0
* * 10

ob=
fl=
fn=(176)
+692 0 0
cfl=
cfn=(355)
calls=1030 -15728 0
* * 1030
+44 0 0
cfl=
cfn=(344)
calls=10 -44629 0
* * 10
+37 0 0
cfl=
cfn=(348)
calls=10 -1844 0
* * 10
cfl=
cfn=(348)
calls=10 -1666 0
* * 10
cfl=
cfn=(348)
calls=10 -1077 0
* * 10
+749 0 0
cfl=
cfn=(15)
calls=10 -1944541 0
* * 10
cfl=
cfn=(15)
calls=10 -1944401 0
* * 10
cfl=
cfn=(15)
calls=10 -1944376 0
* * 10
cfl=
cfn=(15)
calls=10 -1944367 0
* * 10
cfl=
cfn=(15)
calls=10 -1944308 0
* * 10
+268 0 0
cfl=
cfn=(358) github.com/nd-r/tech-db-forum/vendor/github.com/lib/pq.decode
calls=330 +34418 0
* * 330
cfl=
cfn=(358)
calls=30 +34257 0
* * 30
+706 0 0
cfl=
cfn=(181)
calls=10 +55779 0
* * 10

ob=
fl=
fn=(352)
+7590 0 0
cfl=
cfn=(347)
calls=10 -17972 0
* * 10

ob=
fl=
fn=(350)
+352 0 0
cfl=
cfn=(347)
calls=1080 -25562 0
* * 1080
cfl=
cfn=(347)
calls=30 -25646 0
* * 30
cfl=
cfn=(347)
calls=10 -25620 0
* * 10

ob=
fl=
fn=(351)
+343 0 0
cfl=
cfn=(347)
calls=20 -25998 0
* * 20
+222 0 0
cfl=
cfn=(359) github.com/nd-r/tech-db-forum/vendor/github.com/lib/pq.parseStatementRowDescribe
calls=50 +3950 0
* * 50
cfl=
cfn=(359)
calls=10 +3882 0
* * 10

ob=
fl=
fn=(356)
+1435 0 0
cfl=
cfn=(347)
calls=880 -26479 0
* * 880
cfl=
cfn=(347)
calls=10 -26563 0
* * 10

ob=
fl=
fn=(357)
+304 0 0
cfl=
cfn=(347)
calls=10 -27914 0
* * 10

ob=
fl=
fn=(359)
+1921 0 0
cfl=
cfn=(90)
calls=10 -1865365 0
* * 10
+68 0 0
cfl=
cfn=(344)
calls=50 -58600 0
* * 50

ob=
fl=
fn=(177)
+8541 0 0
cfl=
cfn=(90)
calls=10 -1867273 0
* * 10
+422 0 0
cfl=
cfn=(353)
calls=2050 -42598 0
* * 2050
cfl=
cfn=(353)
calls=1480 -42540 0
* * 1480
cfl=
cfn=(353)
calls=10 -42330 0
* * 10
cfl=
cfn=(353)
calls=10 -42325 0
* * 10

ob=
fl=
fn=(321)
+1095 0 0
cfl=
cfn=(345)
calls=1400 -54847 0
* * 1400
cfl=
cfn=(345)
calls=10 -54222 0
* * 10

ob=
fl=
fn=(358)
+10990 0 0
cfl=
cfn=(178)
calls=10 +11338 0
* * 10
cfl=
cfn=(178)
calls=10 +11701 0
* * 10
cfl=
cfn=(178)
calls=10 +11888 0
* * 10
+161 0 0
cfl=
cfn=(360) github.com/nd-r/tech-db-forum/vendor/github.com/lib/pq.textDecode
calls=160 +3315 0
* * 160
cfl=
cfn=(360)
calls=90 +1485 0
* * 90
cfl=
cfn=(360)
calls=70 +1430 0
* * 70
cfl=
cfn=(360)
calls=10 +3278 0
* * 10

ob=
fl=
fn=(178)
+187 0 0
cfl=
cfn=(209)
calls=10 -2096117 0
* * 10
+550 0 0
cfl=
cfn=(209)
calls=10 -2096304 0
* * 10

ob=
fl=
fn=(360)
+532 0 0
cfl=
cfn=(92)
calls=60 -1873056 0
* * 60
cfl=
cfn=(92)
calls=10 -1872992 0
* * 10
+55 0 0
cfl=
cfn=(209)
calls=80 -2097386 0
* * 80
cfl=
cfn=(209)
calls=10 -2097347 0
* * 10
+1793 0 0
cfl=
cfn=(92)
calls=10 -1873643 0
* * 10
+37 0 0
cfl=
cfn=(361) github.com/nd-r/tech-db-forum/vendor/github.com/lib/pq.parseTs
calls=150 +6545 0
* * 150
cfl=
cfn=(361)
calls=10 +6614 0
* * 10

ob=
fl=
fn=(180)
+4719 0 0
cfl=
cfn=(118)
calls=30 -1688100 0
* * 30
cfl=
cfn=(118)
calls=10 -1687949 0
* * 10

ob=
fl=
fn=(362) github.com/nd-r/tech-db-forum/vendor/github.com/lib/pq.(*locationCache).getLocation
+692 0 0
cfl=
cfn=(33)
calls=10 -1802674 0
* * 10
+5 0 0
cfl=
cfn=(15)
calls=10 -1988133 0
* * 10

ob=
fl=
fn=(361)
+1092 0 0
cfl=
cfn=(363) github.com/nd-r/tech-db-forum/vendor/github.com/lib/pq.ParseTimestamp
calls=40 +3166 0
* * 40
cfl=
cfn=(363)
calls=20 +2383 0
* * 20
cfl=
cfn=(363)
calls=20 +3061 0
* * 20
cfl=
cfn=(363)
calls=10 +1641 0
* * 10
cfl=
cfn=(363)
calls=10 +1798 0
* * 10
cfl=
cfn=(363)
calls=10 +2330 0
* * 10
cfl=
cfn=(363)
calls=10 +4282 0
* * 10
cfl=
cfn=(363)
calls=10 +4368 0
* * 10
cfl=
cfn=(363)
calls=10 +4441 0
* * 10
cfl=
cfn=(363)
calls=10 +4523 0
* * 10
+69 0 0
cfl=
cfn=(209)
calls=10 -2105779 0
* * 10

ob=
fl=
fn=(363)
+480 0 0
cfl=
cfn=(163)
calls=10 -1184143 0
* * 10
+157 0 0
cfl=
cfn=(180)
calls=10 -2078 0
* * 10
+532 0 0
cfl=
cfn=(180)
calls=10 -2495 0
* * 10
+53 0 0
cfl=
cfn=(302)
calls=20 -1709549 0
* * 20
+678 0 0
cfl=
cfn=(362)
calls=10 -2388 0
* * 10
cfl=
cfn=(362)
calls=10 -2383 0
* * 10
+105 0 0
cfl=
cfn=(127)
calls=20 -1580620 0
* * 20
cfl=
cfn=(127)
calls=10 -1581362 0
* * 10
cfl=
cfn=(127)
calls=10 -1580183 0
* * 10
+1116 0 0
cfl=
cfn=(180)
calls=10 -3863 0
* * 10
+86 0 0
cfl=
cfn=(179)
calls=10 -5546 0
* * 10
+73 0 0
cfl=
cfn=(180)
calls=10 -5065 0
* * 10
+82 0 0
cfl=
cfn=(180)
calls=10 -5138 0
* * 10

ob=
fl=
fn=(181)
+8536 0 0
cfl=
cfn=(47)
calls=10 -2158560 0
* * 10

ob=
fl=
fn=(364) github.com/nd-r/tech-db-forum/vendor/github.com/jmoiron/sqlx/reflectx.(*Mapper).TraversalsByName
+26071 0 0
cfl=
cfn=(53)
calls=10 -2117346 0
* * 10
cfl=
cfn=(53)
calls=10 -2117345 0
* * 10

ob=
fl=
fn=(182)
+980 0 0
cfl=
cfn=(42)
calls=20 -1498024 0
* * 20
cfl=
cfn=(42)
calls=10 -1498040 0
* * 10
+295 0 0
cfl=
cfn=(141)
calls=10 -1494656 0
* * 10
+68 0 0
cfl=
cfn=(44)
calls=10 -1482584 0
* * 10
+24 0 0
cfl=
cfn=(365) github.com/nd-r/tech-db-forum/vendor/github.com/jmoiron/sqlx/reflectx.Deref
calls=10 +545 0
* * 10
+24 0 0
cfl=
cfn=(148)
calls=60 -1477013 0
* * 60
cfl=
cfn=(148)
calls=10 -1476985 0
* * 10
cfl=
cfn=(148)
calls=10 -1476980 0
* * 10
+64 0 0
cfl=
cfn=(143)
calls=10 -1488495 0
* * 10

ob=
fl=
fn=(365)
+433 0 0
cfl=
cfn=(133)
calls=10 -1542351 0
* * 10
cfl=
cfn=(133)
calls=10 -1542341 0
* * 10

ob=
fl=
fn=(366) github.com/nd-r/tech-db-forum/vendor/github.com/jmoiron/sqlx.mapper
+30343 0 0
cfl=
cfn=(15)
calls=10 -2029292 0
* * 10

ob=
fl=
fn=(367) github.com/nd-r/tech-db-forum/vendor/github.com/jmoiron/sqlx.isScannable
+708 0 0
cfl=
cfn=(366)
calls=10 * 0
* * 10

ob=
fl=
fn=(368) github.com/nd-r/tech-db-forum/vendor/github.com/jmoiron/sqlx.(*Row).Scan
+3453 0 0
cfl=
cfn=(76)
calls=10 -2062554 0
* * 10
+196 0 0
cfl=
cfn=(159)
calls=120 -1296790 0
* * 120
cfl=
cfn=(159)
calls=10 -1296748 0
* * 10
+61 0 0
cfl=
cfn=(160)
calls=180 -1292579 0
* * 180
+33 0 0
cfl=
cfn=(161)
calls=170 -1291821 0
* * 170
cfl=
cfn=(161)
calls=10 -1291881 0
* * 10
+65 0 0
cfl=
cfn=(15)
calls=10 -2064086 0
* * 10

ob=
fl=
fn=(369) github.com/nd-r/tech-db-forum/vendor/github.com/jmoiron/sqlx.(*Row).Columns
+331 0 0
cfl=
cfn=(333)
calls=10 -1295300 0
* * 10

ob=
fl=
fn=(183)
+3684 0 0
cfl=
cfn=(370) github.com/nd-r/tech-db-forum/vendor/github.com/jmoiron/sqlx.(*DB).Beginx
calls=1590 +3803 0
* * 1590
cfl=
cfn=(370)
calls=10 +3858 0
* * 10

ob=
fl=
fn=(370)
+119 0 0
cfl=
cfn=(327)
calls=1590 -1319791 0
* * 1590
+55 0 0
cfl=
cfn=(10)
calls=10 -2173852 0
* * 10

ob=
fl=
fn=(371) github.com/nd-r/tech-db-forum/vendor/github.com/jmoiron/sqlx.(*Tx).Select
+3959 0 0
cfl=
cfn=(372) github.com/nd-r/tech-db-forum/vendor/github.com/jmoiron/sqlx.Select
calls=2660 +11593 0
* * 2660
cfl=
cfn=(372)
calls=1310 +11477 0
* * 1310

ob=
fl=
fn=(373) github.com/nd-r/tech-db-forum/vendor/github.com/jmoiron/sqlx.(*Tx).Queryx
+163 0 0
cfl=
cfn=(330)
calls=1310 -1314942 0
* * 1310

ob=
fl=
fn=(184)
+384 0 0
cfl=
cfn=(330)
calls=2740 -1315105 0
* * 2740

ob=
fl=
fn=(374) github.com/nd-r/tech-db-forum/vendor/github.com/jmoiron/sqlx.(*Tx).Get
+397 0 0
cfl=
cfn=(375) github.com/nd-r/tech-db-forum/vendor/github.com/jmoiron/sqlx.Get
calls=2750 +7306 0
* * 2750
cfl=
cfn=(375)
calls=620 +7345 0
* * 620

ob=
fl=
fn=(372)
+6574 0 0
cfl=
cfn=(373)
calls=1310 -781 0
* * 1310
+116 0 0
cfl=
cfn=(376) github.com/nd-r/tech-db-forum/vendor/github.com/jmoiron/sqlx.scanAll
calls=1710 +8134 0
* * 1710
cfl=
cfn=(376)
calls=460 +8451 0
* * 460
cfl=
cfn=(376)
calls=210 +8370 0
* * 210
cfl=
cfn=(376)
calls=180 +8852 0
* * 180
cfl=
cfn=(376)
calls=50 +8177 0
* * 50
cfl=
cfn=(376)
calls=20 +8925 0
* * 20
cfl=
cfn=(376)
calls=10 +6517 0
* * 10
cfl=
cfn=(376)
calls=10 +6698 0
* * 10
cfl=
cfn=(376)
calls=10 +8072 0
* * 10

ob=
fl=
fn=(375)
+219 0 0
cfl=
cfn=(184)
calls=2740 -7087 0
* * 2740
cfl=
cfn=(184)
calls=10 -7201 0
* * 10
+39 0 0
cfl=
cfn=(377) github.com/nd-r/tech-db-forum/vendor/github.com/jmoiron/sqlx.(*Row).scanAny
calls=430 +1913 0
* * 430
cfl=
cfn=(377)
calls=80 +2348 0
* * 80
cfl=
cfn=(377)
calls=60 +1810 0
* * 60
cfl=
cfn=(377)
calls=20 +1547 0
* * 20
cfl=
cfn=(377)
calls=10 +1240 0
* * 10
cfl=
cfn=(377)
calls=10 +1326 0
* * 10
cfl=
cfn=(377)
calls=10 +1940 0
* * 10

ob=
fl=
fn=(377)
+1201 0 0
cfl=
cfn=(365)
calls=10 -50899 0
* * 10
+86 0 0
cfl=
cfn=(369)
calls=10 -16910 0
* * 10
+221 0 0
cfl=
cfn=(364)
calls=20 -54074 0
* * 20
+263 0 0
cfl=
cfn=(186)
calls=40 +8854 0
* * 40
cfl=
cfn=(186)
calls=20 +8938 0
* * 20
+103 0 0
cfl=
cfn=(368)
calls=170 -17876 0
* * 170
cfl=
cfn=(368)
calls=130 -17909 0
* * 130
cfl=
cfn=(368)
calls=110 -17970 0
* * 110
cfl=
cfn=(368)
calls=10 -18166 0
* * 10
cfl=
cfn=(368)
calls=10 -17811 0
* * 10
+27 0 0
cfl=
cfn=(161)
calls=10 -1309833 0
* * 10
+408 0 0
cfl=
cfn=(368)
calls=50 -18039 0
* * 50
cfl=
cfn=(368)
calls=20 -18100 0
* * 20
cfl=
cfn=(368)
calls=10 -18006 0
* * 10

ob=
fl=
fn=(376)
+3834 0 0
cfl=
cfn=(185)
calls=10 +7176 0
* * 10
+181 0 0
cfl=
cfn=(367)
calls=10 -25991 0
* * 10
+1374 0 0
cfl=
cfn=(90)
calls=10 -1995396 0
* * 10
+62 0 0
cfl=
cfn=(159)
calls=1440 -1320883 0
* * 1440
cfl=
cfn=(159)
calls=260 -1320841 0
* * 260
cfl=
cfn=(159)
calls=10 -1320877 0
* * 10
+43 0 0
cfl=
cfn=(148)
calls=30 -1536146 0
* * 30
cfl=
cfn=(148)
calls=20 -1536193 0
* * 20
+193 0 0
cfl=
cfn=(186)
calls=120 +2559 0
* * 120
cfl=
cfn=(186)
calls=50 +2609 0
* * 50
cfl=
cfn=(186)
calls=30 +2643 0
* * 30
cfl=
cfn=(186)
calls=10 +2329 0
* * 10
+81 0 0
cfl=
cfn=(160)
calls=450 -1316774 0
* * 450
cfl=
cfn=(160)
calls=10 -1316744 0
* * 10
+401 0 0
cfl=
cfn=(313)
calls=120 -1539652 0
* * 120
cfl=
cfn=(313)
calls=60 -1539462 0
* * 60
+73 0 0
cfl=
cfn=(143)
calls=20 -1548256 0
* * 20

ob=
fl=
fn=(186)
+1811 0 0
cfl=
cfn=(182)
calls=80 -59947 0
* * 80
cfl=
cfn=(182)
calls=30 -60358 0
* * 30
cfl=
cfn=(182)
calls=10 -60522 0
* * 10
cfl=
cfn=(182)
calls=10 -60063 0
* * 10
cfl=
cfn=(182)
calls=10 -59995 0
* * 10
cfl=
cfn=(182)
calls=10 -59971 0
* * 10
cfl=
cfn=(182)
calls=10 -59883 0
* * 10
+50 0 0
cfl=
cfn=(310)
calls=50 -1571186 0
* * 50
+34 0 0
cfl=
cfn=(139)
calls=50 -1557884 0
* * 50

ob=
fl=
fn=(187)
+800216 0 0
cfl=
cfn=(209)
calls=40 -2207050 0
* * 40
cfl=
cfn=(209)
calls=10 -2207011 0
* * 10
+34 0 0
cfl=
cfn=(114)
calls=10 -2676284 0
* * 10

ob=
fl=
fn=(378) github.com/nd-r/tech-db-forum/vendor/github.com/mailru/easyjson/buffer.getBuf
+171 0 0
cfl=
cfn=(90)
calls=20 -2799665 0
* * 20
+49 0 0
cfl=
cfn=(298)
calls=30 -2675944 0
* * 30
cfl=
cfn=(298)
calls=10 -2675672 0
* * 10
+121 0 0
cfl=
cfn=(90)
calls=80 -2799885 0
* * 80

ob=
fl=
fn=(379) github.com/nd-r/tech-db-forum/vendor/github.com/mailru/easyjson/buffer.(*Buffer).EnsureSpace
+311 0 0
cfl=
cfn=(378)
calls=80 * 0
* * 80
cfl=
cfn=(378)
calls=40 -121 0
* * 40
cfl=
cfn=(378)
calls=20 -170 0
* * 20
+333 0 0
cfl=
cfn=(90)
calls=10 -2800317 0
* * 10

ob=
fl=
fn=(188)
+370 0 0
cfl=
cfn=(379)
calls=40 -333 0
* * 40

ob=
fl=
fn=(380) github.com/nd-r/tech-db-forum/vendor/github.com/mailru/easyjson/buffer.(*Buffer).AppendBytes
+241 0 0
cfl=
cfn=(17)
calls=10 -2699605 0
* * 10
+273 0 0
cfl=
cfn=(379)
calls=40 -944 0
* * 40

ob=
fl=
fn=(189)
+255 0 0
cfl=
cfn=(17)
calls=10 -2700786 0
* * 10
cfl=
cfn=(17)
calls=10 -2699174 0
* * 10
cfl=
cfn=(17)
calls=10 -2699150 0
* * 10
cfl=
cfn=(17)
calls=10 -2699127 0
* * 10
+134 0 0
cfl=
cfn=(225)
calls=10 -2996043 0
* * 10
+129 0 0
cfl=
cfn=(379)
calls=60 -1606 0
* * 60
cfl=
cfn=(379)
calls=10 -1273 0
* * 10

ob=
fl=
fn=(381) github.com/nd-r/tech-db-forum/vendor/github.com/mailru/easyjson/buffer.(*Buffer).BuildBytes
+1153 0 0
cfl=
cfn=(187)
calls=30 -2421 0
* * 30
cfl=
cfn=(187)
calls=10 -2490 0
* * 10
cfl=
cfn=(187)
calls=10 -2387 0
* * 10
+260 0 0
cfl=
cfn=(17)
calls=10 -2702408 0
* * 10
+39 0 0
cfl=
cfn=(187)
calls=20 -3834 0
* * 20
+383 0 0
cfl=
cfn=(90)
calls=200 -2803504 0
* * 200

ob=
fl=
fn=(190)
+3216 0 0
cfl=
cfn=(188)
calls=40 -2867 0
* * 40

ob=
fl=
fn=(382) github.com/nd-r/tech-db-forum/vendor/github.com/mailru/easyjson/jwriter.(*Writer).RawString
+91 0 0
cfl=
cfn=(189)
calls=30 -5314 0
* * 30
cfl=
cfn=(189)
calls=10 -5217 0
* * 10
cfl=
cfn=(189)
calls=10 -5180 0
* * 10
cfl=
cfn=(189)
calls=10 -5051 0
* * 10

ob=
fl=
fn=(383) github.com/nd-r/tech-db-forum/vendor/github.com/mailru/easyjson/jwriter.(*Writer).Raw
+194 0 0
cfl=
cfn=(380)
calls=40 -5660 0
* * 40
cfl=
cfn=(380)
calls=10 -5933 0
* * 10

ob=
fl=
fn=(9)
+10739 0 0
cfl=
cfn=(189)
calls=60 -5336 0
* * 60
cfl=
cfn=(189)
calls=10 -5779 0
* * 10
cfl=
cfn=(189)
calls=10 -5599 0
* * 10
cfl=
cfn=(189)
calls=10 -5363 0
* * 10
cfl=
cfn=(189)
calls=10 -5330 0
* * 10
+19 0 0
cfl=
cfn=(188)
calls=10 -17246 0
* * 10

ob=
fl=
fn=(384) github.com/nd-r/tech-db-forum/models.easyjsonD2b7633eEncodeGithubComNdRTechDbForumModels2
+3043 0 0
cfl=
cfn=(191)
calls=60 +8696 0
* * 60
cfl=
cfn=(191)
calls=30 +8737 0
* * 30
+67 0 0
cfl=
cfn=(383)
calls=10 -13801 0
* * 10

ob=
fl=
fn=(385) github.com/nd-r/tech-db-forum/models.UsersArr.MarshalJSON
+313 0 0
cfl=
cfn=(384)
calls=90 -67 0
* * 90
cfl=
cfn=(384)
calls=10 * 0
* * 10
+41 0 0
cfl=
cfn=(381)
calls=20 -18364 0
* * 20
cfl=
cfn=(381)
calls=10 -18065 0
* * 10

ob=
fl=
fn=(386) github.com/nd-r/tech-db-forum/models.easyjsonD2b7633eEncodeGithubComNdRTechDbForumModels4
+4671 0 0
cfl=
cfn=(190)
calls=20 -14507 0
* * 20
+182 0 0
cfl=
cfn=(9)
calls=10 -8282 0
* * 10
+222 0 0
cfl=
cfn=(9)
calls=20 -8336 0
* * 20
cfl=
cfn=(9)
calls=10 -9490 0
* * 10
cfl=
cfn=(9)
calls=10 -9481 0
* * 10

ob=
fl=
fn=(191)
+157 0 0
cfl=
cfn=(386)
calls=40 * 0
* * 40
cfl=
cfn=(386)
calls=20 -404 0
* * 20
cfl=
cfn=(386)
calls=10 -222 0
* * 10
+41 0 0
cfl=
cfn=(381)
calls=30 -22955 0
* * 30

ob=
fl=
fn=(387) github.com/nd-r/tech-db-forum/models.easyjsonD2b7633eEncodeGithubComNdRTechDbForumModels5
+1781 0 0
cfl=
cfn=(388) github.com/nd-r/tech-db-forum/models.Thread.MarshalJSON
calls=350 +8359 0
* * 350
cfl=
cfn=(388)
calls=40 +8403 0
* * 40
+70 0 0
cfl=
cfn=(383)
calls=30 -21276 0
* * 30

ob=
fl=
fn=(389) github.com/nd-r/tech-db-forum/models.TreadArr.MarshalJSON
+339 0 0
cfl=
cfn=(387)
calls=390 -70 0
* * 390
cfl=
cfn=(387)
calls=30 * 0
* * 30
+41 0 0
cfl=
cfn=(381)
calls=40 -25186 0
* * 40
cfl=
cfn=(381)
calls=10 -25868 0
* * 10
cfl=
cfn=(381)
calls=10 -25608 0
* * 10

ob=
fl=
fn=(390) github.com/nd-r/tech-db-forum/models.easyjsonD2b7633eEncodeGithubComNdRTechDbForumModels7
+5196 0 0
cfl=
cfn=(382)
calls=10 -21920 0
* * 10
+133 0 0
cfl=
cfn=(9)
calls=10 -17402 0
* * 10
cfl=
cfn=(9)
calls=10 -16164 0
* * 10
+88 0 0
cfl=
cfn=(9)
calls=50 -16316 0
* * 50
cfl=
cfn=(9)
calls=30 -17466 0
* * 30
cfl=
cfn=(9)
calls=30 -17461 0
* * 30
cfl=
cfn=(9)
calls=30 -17404 0
* * 30
cfl=
cfn=(9)
calls=20 -17505 0
* * 20
cfl=
cfn=(9)
calls=20 -17495 0
* * 20
cfl=
cfn=(9)
calls=20 -17481 0
* * 20
cfl=
cfn=(9)
calls=10 -17500 0
* * 10
cfl=
cfn=(9)
calls=10 -17470 0
* * 10
cfl=
cfn=(9)
calls=10 -17399 0
* * 10
cfl=
cfn=(9)
calls=10 -16474 0
* * 10
cfl=
cfn=(9)
calls=10 -16468 0
* * 10
cfl=
cfn=(9)
calls=10 -16444 0
* * 10
cfl=
cfn=(9)
calls=10 -16438 0
* * 10
+88 0 0
cfl=
cfn=(9)
calls=10 -17549 0
* * 10
+19 0 0
cfl=
cfn=(190)
calls=10 -27537 0
* * 10
+35 0 0
cfl=
cfn=(382)
calls=10 -27444 0
* * 10
+136 0 0
cfl=
cfn=(9)
calls=10 -17759 0
* * 10
cfl=
cfn=(9)
calls=10 -17730 0
* * 10
cfl=
cfn=(9)
calls=10 -16546 0
* * 10
+230 0 0
cfl=
cfn=(382)
calls=10 -27615 0
* * 10

ob=
fl=
fn=(388)
+203 0 0
cfl=
cfn=(390)
calls=270 -508 0
* * 270
cfl=
cfn=(390)
calls=30 -230 0
* * 30
cfl=
cfn=(390)
calls=20 -596 0
* * 20
cfl=
cfn=(390)
calls=10 -729 0
* * 10
cfl=
cfn=(390)
calls=10 -420 0
* * 10
cfl=
cfn=(390)
calls=10 -401 0
* * 10
cfl=
cfn=(390)
calls=10 -366 0
* * 10
cfl=
cfn=(390)
calls=10 * 0
* * 10
+44 0 0
cfl=
cfn=(381)
calls=30 -31355 0
* * 30
cfl=
cfn=(381)
calls=10 -32037 0
* * 10

ob=
fl=
fn=(391) github.com/nd-r/tech-db-forum/models.easyjsonD2b7633eEncodeGithubComNdRTechDbForumModels10
+6544 0 0
cfl=
cfn=(392) github.com/nd-r/tech-db-forum/models.Post.MarshalJSON
calls=10 +14292 0
* * 10
+170 0 0
cfl=
cfn=(388)
calls=10 -6588 0
* * 10

ob=
fl=
fn=(393) github.com/nd-r/tech-db-forum/models.PostDetails.MarshalJSON
+526 0 0
cfl=
cfn=(391)
calls=10 -170 0
* * 10
cfl=
cfn=(391)
calls=10 * 0
* * 10

ob=
fl=
fn=(394) github.com/nd-r/tech-db-forum/models.easyjsonD2b7633eEncodeGithubComNdRTechDbForumModels11
+1834 0 0
cfl=
cfn=(392)
calls=230 +7052 0
* * 230
cfl=
cfn=(392)
calls=70 +7096 0
* * 70
+70 0 0
cfl=
cfn=(383)
calls=10 -36972 0
* * 10

ob=
fl=
fn=(395) github.com/nd-r/tech-db-forum/models.PostArr.MarshalJSON
+339 0 0
cfl=
cfn=(394)
calls=300 -70 0
* * 300
cfl=
cfn=(394)
calls=10 * 0
* * 10
+41 0 0
cfl=
cfn=(381)
calls=40 -40882 0
* * 40
cfl=
cfn=(381)
calls=10 -41564 0
* * 10

ob=
fl=
fn=(192)
+3535 0 0
cfl=
cfn=(190)
calls=10 -37707 0
* * 10
+125 0 0
cfl=
cfn=(382)
calls=20 -41151 0
* * 20
+34 0 0
cfl=
cfn=(9)
calls=10 -30457 0
* * 10
+54 0 0
cfl=
cfn=(382)
calls=10 -41310 0
* * 10
+34 0 0
cfl=
cfn=(9)
calls=40 -31576 0
* * 40
cfl=
cfn=(9)
calls=30 -31610 0
* * 30
cfl=
cfn=(9)
calls=30 -31581 0
* * 30
cfl=
cfn=(9)
calls=30 -30559 0
* * 30
cfl=
cfn=(9)
calls=20 -30431 0
* * 20
cfl=
cfn=(9)
calls=10 -31615 0
* * 10
cfl=
cfn=(9)
calls=10 -31519 0
* * 10
cfl=
cfn=(9)
calls=10 -30553 0
* * 10

ob=
fl=
fn=(392)
+986 0 0
cfl=
cfn=(192)
calls=180 * 0
* * 180
cfl=
cfn=(192)
calls=20 -122 0
* * 20
cfl=
cfn=(192)
calls=10 -247 0
* * 10
cfl=
cfn=(192)
calls=10 -88 0
* * 10
cfl=
cfn=(192)
calls=10 -34 0
* * 10
cfl=
cfn=(192)
calls=10 +393 0
* * 10
+44 0 0
cfl=
cfn=(381)
calls=60 -45691 0
* * 60
cfl=
cfn=(381)
calls=10 -46074 0
* * 10

ob=
fl=
fn=(396) github.com/nd-r/tech-db-forum/models.easyjsonD2b7633eEncodeGithubComNdRTechDbForumModels13
+2035 0 0
cfl=
cfn=(190)
calls=10 -42519 0
* * 10

ob=
fl=
fn=(397) github.com/nd-r/tech-db-forum/models.Forum.MarshalJSON
+702 0 0
cfl=
cfn=(396)
calls=10 * 0
* * 10

ob=
fl=
fn=(398) github.com/nd-r/tech-db-forum/database.GetForumDetails
+12657 0 0
cfl=
cfn=(183)
calls=160 -875415 0
* * 160
+311 0 0
cfl=
cfn=(374)
calls=450 -882995 0
* * 450
+44 0 0
cfl=
cfn=(158)
calls=10 -2205901 0
* * 10
+59 0 0
cfl=
cfn=(158)
calls=230 -2205945 0
* * 230
cfl=
cfn=(158)
calls=60 -2205875 0
* * 60

ob=
fl=
fn=(399) github.com/nd-r/tech-db-forum/database.GetForumThreads
+1225 0 0
cfl=
cfn=(183)
calls=150 -888486 0
* * 150
+627 0 0
cfl=
cfn=(371)
calls=840 -885578 0
* * 840
+218 0 0
cfl=
cfn=(158)
calls=30 -2207856 0
* * 30
cfl=
cfn=(158)
calls=10 -2207786 0
* * 10
+55 0 0
cfl=
cfn=(158)
calls=160 -2208074 0
* * 160
cfl=
cfn=(158)
calls=50 -2208004 0
* * 50
+843 0 0
cfl=
cfn=(371)
calls=740 -886478 0
* * 740

ob=
fl=
fn=(400) github.com/nd-r/tech-db-forum/database.GetForumUsers
+548 0 0
cfl=
cfn=(183)
calls=290 -891454 0
* * 290
+220 0 0
cfl=
cfn=(374)
calls=420 -886925 0
* * 420
+586 0 0
cfl=
cfn=(209)
calls=10 -3076801 0
* * 10
+123 0 0
cfl=
cfn=(371)
calls=770 -888675 0
* * 770
+29 0 0
cfl=
cfn=(158)
calls=140 -2210449 0
* * 140
cfl=
cfn=(158)
calls=10 -2210413 0
* * 10
cfl=
cfn=(158)
calls=10 -2210379 0
* * 10
+685 0 0
cfl=
cfn=(164)
calls=10 -2147168 0
* * 10
+67 0 0
cfl=
cfn=(158)
calls=20 -2211163 0
* * 20
cfl=
cfn=(158)
calls=10 -2211093 0
* * 10

ob=
fl=
fn=(193)
+220 0 0
cfl=
cfn=(183)
calls=270 -893712 0
* * 270
+401 0 0
cfl=
cfn=(374)
calls=480 -888855 0
* * 480
+396 0 0
cfl=
cfn=(158)
calls=190 -2211851 0
* * 190
cfl=
cfn=(158)
calls=40 -2211781 0
* * 40
cfl=
cfn=(158)
calls=10 -2212021 0
* * 10
+219 0 0
cfl=
cfn=(374)
calls=200 -889652 0
* * 200
+303 0 0
cfl=
cfn=(374)
calls=210 -889871 0
* * 210
+301 0 0
cfl=
cfn=(374)
calls=260 -890174 0
* * 260
+134 0 0
cfl=
cfn=(158)
calls=20 -2213070 0
* * 20
+46 0 0
cfl=
cfn=(158)
calls=30 -2213204 0
* * 30
cfl=
cfn=(158)
calls=10 -2213134 0
* * 10

ob=
fl=
fn=(401) github.com/nd-r/tech-db-forum/database.GetThread
+6980 0 0
cfl=
cfn=(183)
calls=270 -895732 0
* * 270
+364 0 0
cfl=
cfn=(374)
calls=70 -897635 0
* * 70
+40 0 0
cfl=
cfn=(158)
calls=10 -2220594 0
* * 10
+202 0 0
cfl=
cfn=(374)
calls=570 -898039 0
* * 570
+40 0 0
cfl=
cfn=(158)
calls=270 -2220836 0
* * 270
cfl=
cfn=(158)
calls=30 -2220766 0
* * 30
cfl=
cfn=(158)
calls=10 -2220800 0
* * 10

ob=
fl=
fn=(402) github.com/nd-r/tech-db-forum/database.GetThreadPosts
+257 0 0
cfl=
cfn=(183)
calls=270 -903358 0
* * 270
cfl=
cfn=(183)
calls=10 -903391 0
* * 10
+305 0 0
cfl=
cfn=(374)
calls=50 -898538 0
* * 50
+818 0 0
cfl=
cfn=(371)
calls=840 -899787 0
* * 840
+125 0 0
cfl=
cfn=(158)
calls=130 -2222256 0
* * 130
cfl=
cfn=(158)
calls=10 -2222186 0
* * 10
+447 0 0
cfl=
cfn=(371)
calls=780 -900730 0
* * 780
+994 0 0
cfl=
cfn=(164)
calls=20 -2159419 0
* * 20
cfl=
cfn=(164)
calls=10 -2159219 0
* * 10
+235 0 0
cfl=
cfn=(158)
calls=10 -2223752 0
* * 10
+245 0 0
cfl=
cfn=(374)
calls=280 -901462 0
* * 280

ob=
fl=
fn=(403) github.com/nd-r/tech-db-forum/database.GetUserProfile
+2488 0 0
cfl=
cfn=(183)
calls=190 -906784 0
* * 190
+293 0 0
cfl=
cfn=(374)
calls=380 -904195 0
* * 380
+44 0 0
cfl=
cfn=(158)
calls=10 -2227013 0
* * 10
+51 0 0
cfl=
cfn=(158)
calls=220 -2227127 0
* * 220
cfl=
cfn=(158)
calls=40 -2227057 0
* * 40

ob=
fl=
fn=(404) github.com/nd-r/tech-db-forum/vendor/github.com/valyala/fasthttp.AppendUint
+167646 0 0
cfl=
cfn=(17)
calls=10 -2784176 0
* * 10

ob=
fl=
fn=(405) github.com/nd-r/tech-db-forum/vendor/github.com/valyala/fasthttp.CoarseTimeNow
+3944 0 0
cfl=
cfn=(46)
calls=10 -3315320 0
* * 10

ob=
fl=
fn=(406) github.com/nd-r/tech-db-forum/vendor/github.com/valyala/fasthttp.(*ResponseHeader).SetContentLength
+66702 0 0
cfl=
cfn=(404)
calls=10 -3944 0
* * 10

ob=
fl=
fn=(194)
+39882 0 0
cfl=
cfn=(407) github.com/nd-r/tech-db-forum/vendor/github.com/valyala/fasthttp.(*RequestHeader).tryRead
calls=620 +40179 0
* * 620

ob=
fl=
fn=(407)
+297 0 0
cfl=
cfn=(343)
calls=620 -2435454 0
* * 620

ob=
fl=
fn=(195)
+2061 0 0
cfl=
cfn=(196)
calls=30 +2370 0
* * 30
cfl=
cfn=(196)
calls=10 +2319 0
* * 10

ob=
fl=
fn=(196)
+309 0 0
cfl=
cfn=(197)
calls=10 +676 0
* * 10
cfl=
cfn=(197)
calls=10 +1187 0
* * 10
cfl=
cfn=(197)
calls=10 +2102 0
* * 10

ob=
fl=
fn=(197)
+367 0 0
cfl=
cfn=(408) github.com/nd-r/tech-db-forum/vendor/github.com/valyala/fasthttp.statusLine
calls=10 +111839 0
* * 10
+511 0 0
cfl=
cfn=(17)
calls=10 -3065411 0
* * 10

ob=
fl=
fn=(409) github.com/nd-r/tech-db-forum/vendor/github.com/valyala/fasthttp.(*Response).AppendBody
+40895 0 0
cfl=
cfn=(410) github.com/nd-r/tech-db-forum/vendor/github.com/valyala/fasthttp.(*Response).AppendBodyString
calls=30 +41065 0
* * 30

ob=
fl=
fn=(410)
+170 0 0
cfl=
cfn=(17)
calls=10 -3107854 0
* * 10
cfl=
cfn=(17)
calls=10 -3107849 0
* * 10
cfl=
cfn=(17)
calls=10 -3107832 0
* * 10

ob=
fl=
fn=(411) github.com/nd-r/tech-db-forum/vendor/github.com/valyala/fasthttp.(*Response).ResetBody
+632 0 0
cfl=
cfn=(200)
calls=10 +24799 0
* * 10

ob=
fl=
fn=(412) github.com/nd-r/tech-db-forum/vendor/github.com/valyala/fasthttp.(*Request).URI
+4764 0 0
cfl=
cfn=(413) github.com/nd-r/tech-db-forum/vendor/github.com/valyala/fasthttp.(*Request).parseURI
calls=30 +4943 0
* * 30

ob=
fl=
fn=(413)
+179 0 0
cfl=
cfn=(414) github.com/nd-r/tech-db-forum/vendor/github.com/valyala/fasthttp.(*URI).parseQuick
calls=30 +73549 0
* * 30

ob=
fl=
fn=(415) github.com/nd-r/tech-db-forum/vendor/github.com/valyala/fasthttp.(*Request).Reset
+7405 0 0
cfl=
cfn=(198)
calls=10 +7563 0
* * 10

ob=
fl=
fn=(416) github.com/nd-r/tech-db-forum/vendor/github.com/valyala/fasthttp.(*Response).Reset
+614 0 0
cfl=
cfn=(417) github.com/nd-r/tech-db-forum/vendor/github.com/valyala/fasthttp.(*Response).resetSkipHeader
calls=10 +704 0
* * 10

ob=
fl=
fn=(417)
+90 0 0
cfl=
cfn=(411)
calls=10 -12962 0
* * 10

ob=
fl=
fn=(418) github.com/nd-r/tech-db-forum/vendor/github.com/valyala/fasthttp.(*Request).readLimitBody
+320 0 0
cfl=
cfn=(194)
calls=620 -58294 0
* * 620
cfl=
cfn=(194)
calls=10 -58362 0
* * 10

ob=
fl=
fn=(199)
+8836 0 0
cfl=
cfn=(406)
calls=10 -98496 0
* * 10
+24 0 0
cfl=
cfn=(195)
calls=40 -65092 0
* * 40
cfl=
cfn=(195)
calls=10 -65134 0
* * 10
+99 0 0
cfl=
cfn=(167)
calls=480 -2494872 0
* * 480
cfl=
cfn=(167)
calls=100 -2494744 0
* * 100
cfl=
cfn=(167)
calls=10 -2494833 0
* * 10

ob=
fl=
fn=(419) github.com/nd-r/tech-db-forum/vendor/github.com/valyala/fasthttp.(*RequestCtx).URI
+15731 0 0
cfl=
cfn=(412)
calls=30 -17567 0
* * 30

ob=
fl=
fn=(420) github.com/nd-r/tech-db-forum/vendor/github.com/valyala/fasthttp.(*RequestCtx).Path
+270 0 0
cfl=
cfn=(419)
calls=30 * 0
* * 30

ob=
fl=
fn=(421) github.com/nd-r/tech-db-forum/vendor/github.com/valyala/fasthttp.(*RequestCtx).Write
+5094 0 0
cfl=
cfn=(409)
calls=30 -39134 0
* * 30

ob=
fl=
fn=(201)
+11068 0 0
cfl=
cfn=(405)
calls=10 -195252 0
* * 10
+640 0 0
cfl=
cfn=(422) github.com/nd-r/tech-db-forum/vendor/github.com/buaazp/fasthttprouter.(*Router).Handler-fm
calls=11930 +623031 0
* * 11930
+81 0 0
cfl=
cfn=(415)
calls=10 -42786 0
* * 10
+80 0 0
cfl=
cfn=(423) github.com/nd-r/tech-db-forum/vendor/github.com/valyala/fasthttp.(*userData).Reset
calls=10 +38829 0
* * 10
+486 0 0
cfl=
cfn=(424) github.com/nd-r/tech-db-forum/vendor/github.com/valyala/fasthttp.writeResponse
calls=660 +7074 0
* * 660
cfl=
cfn=(424)
calls=10 +7108 0
* * 10
+1002 0 0
cfl=
cfn=(166)
calls=510 -2529071 0
* * 510
+220 0 0
cfl=
cfn=(425) github.com/nd-r/tech-db-forum/vendor/github.com/valyala/fasthttp.acquireWriter
calls=20 +8830 0
* * 20
cfl=
cfn=(425)
calls=10 +8784 0
* * 10
+1841 0 0
cfl=
cfn=(418)
calls=630 -43631 0
* * 630
+159 0 0
cfl=
cfn=(202)
calls=10 +5248 0
* * 10
cfl=
cfn=(202)
calls=10 +5267 0
* * 10
cfl=
cfn=(202)
calls=10 +5714 0
* * 10

ob=
fl=
fn=(424)
+3366 0 0
cfl=
cfn=(199)
calls=590 -36672 0
* * 590
cfl=
cfn=(199)
calls=50 -36771 0
* * 50
cfl=
cfn=(199)
calls=10 -36937 0
* * 10
cfl=
cfn=(199)
calls=10 -36795 0
* * 10
+34 0 0
cfl=
cfn=(416)
calls=10 -49407 0
* * 10

ob=
fl=
fn=(202)
+1689 0 0
cfl=
cfn=(53)
calls=10 -3479658 0
* * 10
+466 0 0
cfl=
cfn=(10)
calls=10 -3470883 0
* * 10

ob=
fl=
fn=(425)
+1009 0 0
cfl=
cfn=(90)
calls=10 -3274578 0
* * 10
+46 0 0
cfl=
cfn=(10)
calls=20 -3472376 0
* * 20

ob=
fl=
fn=(408)
+3651 0 0
cfl=
cfn=(50)
calls=10 -3490518 0
* * 10

ob=
fl=
fn=(414)
+9049 0 0
cfl=
cfn=(426) github.com/nd-r/tech-db-forum/vendor/github.com/valyala/fasthttp.(*URI).parse
calls=10 +9781 0
* * 10
cfl=
cfn=(426)
calls=10 +10499 0
* * 10
cfl=
cfn=(426)
calls=10 +13290 0
* * 10

ob=
fl=
fn=(426)
+732 0 0
cfl=
cfn=(17)
calls=10 -3185905 0
* * 10
+718 0 0
cfl=
cfn=(203)
calls=10 +4326 0
* * 10
+2791 0 0
cfl=
cfn=(225)
calls=10 -3484037 0
* * 10

ob=
fl=
fn=(423)
+11490 0 0
cfl=
cfn=(210)
calls=10 -3498566 0
* * 10

ob=
fl=
fn=(427) github.com/nd-r/tech-db-forum/vendor/github.com/valyala/fasthttp.(*workerPool).workerFunc
+3715 0 0
cfl=
cfn=(428) github.com/nd-r/tech-db-forum/vendor/github.com/valyala/fasthttp.(*Server).(github.com/nd-r/tech-db-forum/vendor/github.com/valyala/fasthttp.serveConn)-fm
calls=13870 +14179 0
* * 13870

ob=
fl=
fn=(296)
+4983 0 0
cfl=
cfn=(427)
calls=13870 * 0
* * 13870

ob=
fl=
fn=(428)
+5481 0 0
cfl=
cfn=(201)
calls=11930 -47608 0
* * 11930
cfl=
cfn=(201)
calls=670 -46961 0
* * 670
cfl=
cfn=(201)
calls=630 -43898 0
* * 630
cfl=
cfn=(201)
calls=510 -45959 0
* * 510
cfl=
cfn=(201)
calls=30 -45739 0
* * 30
cfl=
cfn=(201)
calls=30 -43739 0
* * 30
cfl=
cfn=(201)
calls=10 -48248 0
* * 10
cfl=
cfn=(201)
calls=10 -47527 0
* * 10
cfl=
cfn=(201)
calls=10 -47447 0
* * 10
cfl=
cfn=(201)
calls=10 -47434 0
* * 10
cfl=
cfn=(201)
calls=10 -45296 0
* * 10
cfl=
cfn=(201)
calls=10 -45288 0
* * 10
cfl=
cfn=(201)
calls=10 -43755 0
* * 10

ob=
fl=
fn=(204)
+14154 0 0
cfl=
cfn=(420)
calls=30 -69891 0
* * 30
+43 0 0
cfl=
cfn=(92)
calls=30 -3316234 0
* * 30
+2518 0 0
cfl=
cfn=(429) github.com/nd-r/tech-db-forum/handlers.GetThreadPosts
calls=2410 +28903 0
* * 2410
cfl=
cfn=(430) github.com/nd-r/tech-db-forum/handlers.GetForumThreads
calls=1980 +21760 0
* * 1980
cfl=
cfn=(431) github.com/nd-r/tech-db-forum/handlers.GetPostDetails
calls=1730 +23784 0
* * 1730
cfl=
cfn=(432) github.com/nd-r/tech-db-forum/handlers.GetForumUsers
calls=1690 +22899 0
* * 1690
cfl=
cfn=(433) github.com/nd-r/tech-db-forum/handlers.GetThreadDetails
calls=1230 +26761 0
* * 1230
cfl=
cfn=(434) github.com/nd-r/tech-db-forum/handlers.GetForumDetails
calls=910 +20749 0
* * 910
cfl=
cfn=(435) github.com/nd-r/tech-db-forum/handlers.GetUserProfile
calls=840 +31282 0
* * 840
cfl=
cfn=(430)
calls=480 +21842 0
* * 480
cfl=
cfn=(429)
calls=360 +28985 0
* * 360
cfl=
cfn=(432)
calls=130 +23082 0
* * 130
cfl=
cfn=(430)
calls=20 +21889 0
* * 20
cfl=
cfn=(431)
calls=20 +23929 0
* * 20
cfl=
cfn=(435)
calls=20 +31412 0
* * 20
cfl=
cfn=(434)
calls=10 +20921 0
* * 10
cfl=
cfn=(431)
calls=10 +23973 0
* * 10
cfl=
cfn=(433)
calls=10 +26809 0
* * 10
+6 0 0
cfl=
cfn=(15)
calls=10 -3426184 0
* * 10

ob=
fl=
fn=(434)
+18225 0 0
cfl=
cfn=(398)
calls=450 -469637 0
* * 450
cfl=
cfn=(398)
calls=290 -469534 0
* * 290
cfl=
cfn=(398)
calls=160 -469948 0
* * 160
cfl=
cfn=(398)
calls=10 -469593 0
* * 10
+172 0 0
cfl=
cfn=(397)
calls=10 -500830 0
* * 10

ob=
fl=
fn=(430)
+839 0 0
cfl=
cfn=(399)
calls=840 -486079 0
* * 840
cfl=
cfn=(399)
calls=740 -484963 0
* * 740
cfl=
cfn=(399)
calls=210 -485806 0
* * 210
cfl=
cfn=(399)
calls=150 -486706 0
* * 150
cfl=
cfn=(399)
calls=40 -485861 0
* * 40
+82 0 0
cfl=
cfn=(389)
calls=420 -525127 0
* * 420
cfl=
cfn=(389)
calls=60 -525086 0
* * 60
+47 0 0
cfl=
cfn=(421)
calls=20 -100836 0
* * 20

ob=
fl=
fn=(432)
+1010 0 0
cfl=
cfn=(400)
calls=770 -484454 0
* * 770
cfl=
cfn=(400)
calls=420 -485163 0
* * 420
cfl=
cfn=(400)
calls=290 -485383 0
* * 290
cfl=
cfn=(400)
calls=160 -484425 0
* * 160
cfl=
cfn=(400)
calls=30 -483673 0
* * 30
cfl=
cfn=(400)
calls=10 -484577 0
* * 10
cfl=
cfn=(400)
calls=10 -483740 0
* * 10
+183 0 0
cfl=
cfn=(385)
calls=100 -533770 0
* * 100
cfl=
cfn=(385)
calls=30 -533729 0
* * 30

ob=
fl=
fn=(431)
+702 0 0
cfl=
cfn=(193)
calls=480 -484245 0
* * 480
cfl=
cfn=(193)
calls=270 -484646 0
* * 270
cfl=
cfn=(193)
calls=260 -483026 0
* * 260
cfl=
cfn=(193)
calls=240 -483849 0
* * 240
cfl=
cfn=(193)
calls=210 -483327 0
* * 210
cfl=
cfn=(193)
calls=200 -483630 0
* * 200
cfl=
cfn=(193)
calls=40 -482846 0
* * 40
cfl=
cfn=(193)
calls=20 -482892 0
* * 20
cfl=
cfn=(193)
calls=10 -484205 0
* * 10
+145 0 0
cfl=
cfn=(393)
calls=20 -513698 0
* * 20
+44 0 0
cfl=
cfn=(421)
calls=10 -102923 0
* * 10

ob=
fl=
fn=(433)
+2788 0 0
cfl=
cfn=(401)
calls=570 -476151 0
* * 570
cfl=
cfn=(401)
calls=310 -476111 0
* * 310
cfl=
cfn=(401)
calls=270 -476757 0
* * 270
cfl=
cfn=(401)
calls=70 -476393 0
* * 70
cfl=
cfn=(401)
calls=10 -476353 0
* * 10
+48 0 0
cfl=
cfn=(388)
calls=10 -523959 0
* * 10

ob=
fl=
fn=(429)
+2094 0 0
cfl=
cfn=(402)
calls=840 -477567 0
* * 840
cfl=
cfn=(402)
calls=780 -476995 0
* * 780
cfl=
cfn=(402)
calls=280 -478690 0
* * 280
cfl=
cfn=(402)
calls=280 -475521 0
* * 280
cfl=
cfn=(402)
calls=140 -477442 0
* * 140
cfl=
cfn=(402)
calls=50 -478385 0
* * 50
cfl=
cfn=(402)
calls=30 -476001 0
* * 30
cfl=
cfn=(402)
calls=10 -475766 0
* * 10
+82 0 0
cfl=
cfn=(395)
calls=310 -516574 0
* * 310
cfl=
cfn=(395)
calls=50 -516533 0
* * 50

ob=
fl=
fn=(435)
+2297 0 0
cfl=
cfn=(403)
calls=380 -474916 0
* * 380
cfl=
cfn=(403)
calls=260 -474821 0
* * 260
cfl=
cfn=(403)
calls=190 -475209 0
* * 190
cfl=
cfn=(403)
calls=10 -474872 0
* * 10
+130 0 0
cfl=
cfn=(191)
calls=10 -537012 0
* * 10
cfl=
cfn=(191)
calls=10 -536880 0
* * 10

ob=
fl=
fn=(422)
+523693 0 0
cfl=
cfn=(204)
calls=11850 -28894 0
* * 11850
cfl=
cfn=(204)
calls=30 -31455 0
* * 30
cfl=
cfn=(204)
calls=30 -31412 0
* * 30
cfl=
cfn=(204)
calls=10 -28888 0
* * 10
cfl=
cfn=(204)
calls=10 -28879 0
* * 10
