positions: instr line
events: cpu(ms)

ob=
fl=
fn=(1) syscall.Syscall
0x1083b5a 0 4580

ob=
fl=
fn=(2) runtime.kevent
-165703 0 1540

ob=
fl=
fn=(3) runtime.usleep
-525 0 1010

ob=
fl=
fn=(4) runtime.mach_semaphore_signal
+341 0 730

ob=
fl=
fn=(5) runtime.mach_semaphore_timedwait
-24 0 490

ob=
fl=
fn=(6) runtime.freedefer
-195660 0 460

ob=
fl=
fn=(7) runtime.mach_semaphore_wait
+195636 0 220

ob=
fl=
fn=(8) github.com/nd-r/tech-db-forum/vendor/github.com/mailru/easyjson/jlexer.(*Lexer).SkipRecursive
+3430228 0 140

ob=
fl=
fn=(9) runtime.scanobject
-3679704 0 70

ob=
fl=
fn=(10) github.com/nd-r/tech-db-forum/vendor/github.com/mailru/easyjson/jwriter.(*Writer).String
+3718868 0 60
+5 0 50

ob=
fl=
fn=(11) github.com/nd-r/tech-db-forum/vendor/github.com/mailru/easyjson/jlexer.findStringLen
-47440 0 40
+47 0 40

ob=
fl=
fn=(8)
+8192 0 40

ob=
fl=
fn=(10)
+39167 0 40

ob=
fl=
fn=(12) runtime.mallocgc
-3772115 0 30

ob=
fl=
fn=(13) runtime.greyobject
+54642 0 30

ob=
fl=
fn=(11)
+3670079 0 30

ob=
fl=
fn=(8)
+8231 0 30
+51 0 30
+405 0 30
+10 0 30

ob=
fl=
fn=(10)
+39724 0 30

ob=
fl=
fn=(14) github.com/nd-r/tech-db-forum/database.CreatePosts
+47292 0 30

ob=
fl=
fn=(15) runtime.unlock
-3826146 0 20

ob=
fl=
fn=(16) runtime.(*mspan).refillAllocCache
+12665 0 20

ob=
fl=
fn=(9)
+46214 0 20
+8 0 20

ob=
fl=
fn=(17) runtime.memmove
+247065 0 20
+758 0 20
+325 0 20
+20 0 20

ob=
fl=
fn=(8)
+3431623 0 20

ob=
fl=
fn=(10)
+39139 0 20
+24 0 20
+11 0 20
+66 0 20

ob=
fl=
fn=(18) runtime.mapaccess1_fast64
-3788130 0 10
+107 0 10

ob=
fl=
fn=(19) runtime.getitab
+3382 0 10
+73 0 10
+6 0 10
+57 0 10
+50 0 10
+5 0 10

ob=
fl=
fn=(20) runtime.assertI2I2
+4551 0 10

ob=
fl=
fn=(21) runtime.assertE2I2
+613 0 10
+9 0 10
+24 0 10

ob=
fl=
fn=(22) runtime.lock
+748 0 10
+19 0 10

ob=
fl=
fn=(12)
+5493 0 10
+438 0 10
+469 0 10
+489 0 10
+365 0 10
+91 0 10
+64 0 10
+56 0 10
+40 0 10

ob=
fl=
fn=(23) runtime.newobject
+908 0 10
+41 0 10

ob=
fl=
fn=(24) runtime.typedmemmove
+2995 0 10

ob=
fl=
fn=(25) runtime.heapBitsForObject
+2816 0 10
+896 0 10
+19 0 10
+4 0 10
+118 0 10
+53 0 10

ob=
fl=
fn=(26) runtime.heapBitsSetType
+3096 0 10
+186 0 10
+125 0 10

ob=
fl=
fn=(27) runtime.(*fixalloc).alloc
+12556 0 10

ob=
fl=
fn=(28) runtime.gcMarkRootPrepare
+15377 0 10

ob=
fl=
fn=(29) runtime.scanstack
+6608 0 10

ob=
fl=
fn=(30) runtime.scanframeworker
+1642 0 10
+675 0 10

ob=
fl=
fn=(9)
+3489 0 10
+362 0 10
+18 0 10
+82 0 10
+101 0 10
+8 0 10
+4 0 10
+62 0 10

ob=
fl=
fn=(13)
+460 0 10
+730 0 10

ob=
fl=
fn=(31) runtime.sweepone
+3475 0 10

ob=
fl=
fn=(32) runtime.(*mspan).sweep
+2044 0 10

ob=
fl=
fn=(33) runtime.(*gcSweepBuf).pop
+2769 0 10

ob=
fl=
fn=(34) runtime.(*gcWork).tryGet
+913 0 10

ob=
fl=
fn=(35) runtime.(*gcWork).balance
+669 0 10

ob=
fl=
fn=(36) runtime.(*mheap).freeSpanLocked
+9697 0 10

ob=
fl=
fn=(37) net.runtime_pollReset
+20878 0 10

ob=
fl=
fn=(38) runtime.netpoll
+4917 0 10

ob=
fl=
fn=(39) runtime.deferproc
+5260 0 10

ob=
fl=
fn=(6)
+1814 0 10

ob=
fl=
fn=(40) runtime.deferreturn
+641 0 10
+58 0 10

ob=
fl=
fn=(41) runtime.readgstatus
+17041 0 10

ob=
fl=
fn=(42) runtime.casgstatus
+809 0 10
+131 0 10
+548 0 10
+14 0 10

ob=
fl=
fn=(43) runtime.execute
+9412 0 10
+70 0 10

ob=
fl=
fn=(44) runtime.findrunnable
+2530 0 10

ob=
fl=
fn=(45) runtime.injectglist
+1053 0 10

ob=
fl=
fn=(46) runtime.save
+3156 0 10

ob=
fl=
fn=(47) runtime.reentersyscall
+522 0 10

ob=
fl=
fn=(48) runtime.sysmon
+14087 0 10
+270 0 10

ob=
fl=
fn=(49) runtime.retake
+612 0 10
+85 0 10

ob=
fl=
fn=(50) runtime.rawstring
+58829 0 10

ob=
fl=
fn=(51) runtime.findfunc
+8821 0 10

ob=
fl=
fn=(52) runtime.pcvalue
+651 0 10

ob=
fl=
fn=(53) runtime.readvarint
+3116 0 10
+9 0 10

ob=
fl=
fn=(54) runtime.gentraceback
+20723 0 10

ob=
fl=
fn=(55) runtime.(*mheap).freeSpan.func1
+28025 0 10

ob=
fl=
fn=(56) runtime.getcallerpc
+15012 0 10

ob=
fl=
fn=(57) runtime.aeshashbody
+1397 0 10
+208 0 10

ob=
fl=
fn=(58) runtime.aeshash32
+80 0 10

ob=
fl=
fn=(59) runtime.duffcopy
+3926 0 10

ob=
fl=
fn=(60) runtime.memclrNoHeapPointers
+127 0 10
+208 0 10
+17 0 10
+10 0 10
+318 0 10
+5 0 10

ob=
fl=
fn=(17)
+50 0 10
+50 0 10
+43 0 10
+438 0 10
+4 0 10
+47 0 10
+83 0 10
+5 0 10
+76 0 10
+780 0 10
+87 0 10

ob=
fl=
fn=(61) nanotime
+607 0 10

ob=
fl=
fn=(62) sync.(*Mutex).Lock
+19590 0 10

ob=
fl=
fn=(63) sync.(*Mutex).Unlock
+372 0 10

ob=
fl=
fn=(64) syscall.write
+145093 0 10

ob=
fl=
fn=(65) time.Time.AppendFormat
+10464 0 10
+76 0 10

ob=
fl=
fn=(66) time.Time.MarshalJSON
+37903 0 10

ob=
fl=
fn=(67) reflect.packEface
+111363 0 10

ob=
fl=
fn=(68) reflect.ValueOf
+32531 0 10

ob=
fl=
fn=(69) bufio.(*Writer).Write
+200042 0 10

ob=
fl=
fn=(70) net.(*fdMutex).rwlock
+130557 0 10
+139 0 10

ob=
fl=
fn=(71) net.(*pollDesc).prepare
+1757 0 10

ob=
fl=
fn=(72) net.(*pollDesc).prepareRead
+75 0 10

ob=
fl=
fn=(73) net.(*netFD).Read
+6444 0 10
+97 0 10

ob=
fl=
fn=(74) github.com/nd-r/tech-db-forum/vendor/github.com/jackc/pgx/chunkreader.(*ChunkReader).Next
+1065029 0 10

ob=
fl=
fn=(75) github.com/nd-r/tech-db-forum/vendor/github.com/jackc/pgx/chunkreader.(*ChunkReader).appendAtLeast
+1006 0 10

ob=
fl=
fn=(76) github.com/nd-r/tech-db-forum/vendor/github.com/jackc/pgx/pgproto3.(*Frontend).Receive
+109463 0 10
+1028 0 10

ob=
fl=
fn=(77) github.com/nd-r/tech-db-forum/vendor/github.com/jackc/pgx/pgproto3.(*RowDescription).Decode
+13236 0 10

ob=
fl=
fn=(78) github.com/nd-r/tech-db-forum/vendor/github.com/jackc/pgx/pgtype.(*Int4).EncodeBinary
+239620 0 10

ob=
fl=
fn=(79) github.com/nd-r/tech-db-forum/vendor/github.com/jackc/pgx.(*Conn).IsAlive
+483074 0 10

ob=
fl=
fn=(80) github.com/nd-r/tech-db-forum/vendor/github.com/jackc/pgx.(*Conn).sendPreparedQuery
+1919 0 10

ob=
fl=
fn=(81) github.com/nd-r/tech-db-forum/vendor/github.com/jackc/pgx.(*Conn).rxMsg
+3711 0 10
+262 0 10

ob=
fl=
fn=(82) github.com/nd-r/tech-db-forum/vendor/github.com/jackc/pgx.(*ConnPool).Acquire
+19333 0 10

ob=
fl=
fn=(83) github.com/nd-r/tech-db-forum/vendor/github.com/jackc/pgx.appendBind
+35437 0 10
+375 0 10

ob=
fl=
fn=(84) github.com/nd-r/tech-db-forum/vendor/github.com/jackc/pgx.(*Rows).Next
+5005 0 10

ob=
fl=
fn=(85) github.com/nd-r/tech-db-forum/vendor/github.com/jackc/pgx.(*Rows).Scan
+1508 0 10
+372 0 10

ob=
fl=
fn=(86) github.com/nd-r/tech-db-forum/vendor/github.com/jackc/pgx.(*Conn).QueryEx
+6277 0 10

ob=
fl=
fn=(87) github.com/nd-r/tech-db-forum/vendor/github.com/jackc/pgx.encodePreparedStatementArgument
+19206 0 10
+167 0 10
+3450 0 10

ob=
fl=
fn=(88) github.com/nd-r/tech-db-forum/vendor/github.com/jackc/pgx.(*Batch).Close.func1
+5711 0 10

ob=
fl=
fn=(89) github.com/nd-r/tech-db-forum/vendor/github.com/mailru/easyjson/jlexer.(*Lexer).FetchToken
+702309 0 10

ob=
fl=
fn=(11)
+8827 0 10
+90 0 10
+8 0 10

ob=
fl=
fn=(90) github.com/nd-r/tech-db-forum/vendor/github.com/mailru/easyjson/jlexer.(*Lexer).IsNull
+7827 0 10

ob=
fl=
fn=(8)
+746 0 10
+11 0 10

ob=
fl=
fn=(91) github.com/nd-r/tech-db-forum/vendor/github.com/mailru/easyjson/jlexer.(*Lexer).Raw
+184 0 10

ob=
fl=
fn=(92) github.com/nd-r/tech-db-forum/vendor/github.com/mailru/easyjson/buffer.getBuf
+21602 0 10

ob=
fl=
fn=(93) github.com/nd-r/tech-db-forum/vendor/github.com/mailru/easyjson/buffer.(*Buffer).EnsureSpace
+334 0 10

ob=
fl=
fn=(94) github.com/nd-r/tech-db-forum/vendor/github.com/mailru/easyjson/buffer.(*Buffer).AppendString
+1458 0 10

ob=
fl=
fn=(95) github.com/nd-r/tech-db-forum/vendor/github.com/mailru/easyjson/buffer.(*Buffer).BuildBytes
+1298 0 10

ob=
fl=
fn=(96) github.com/nd-r/tech-db-forum/vendor/github.com/mailru/easyjson/jwriter.(*Writer).RawByte
+4007 0 10

ob=
fl=
fn=(97) github.com/nd-r/tech-db-forum/vendor/github.com/mailru/easyjson/jwriter.(*Writer).Int
+2724 0 10

ob=
fl=
fn=(10)
+7110 0 10
+1056 0 10
+6 0 10
+8 0 10
+60 0 10

ob=
fl=
fn=(98) github.com/nd-r/tech-db-forum/models.easyjsonD2b7633eEncodeGithubComNdRTechDbForumModels12
+20837 0 10

ob=
fl=
fn=(99) github.com/nd-r/tech-db-forum/models.(*Post).UnmarshalJSON
+1548 0 10

ob=
fl=
fn=(14)
+24424 0 10

ob=
fl=
fn=(100) github.com/nd-r/tech-db-forum/vendor/github.com/valyala/fasthttp.(*ResponseHeader).AppendBytes
+291236 0 10

ob=
fl=
fn=(101) github.com/nd-r/tech-db-forum/vendor/github.com/valyala/fasthttp.(*Server).serveConn
+97841 0 10

ob=
fl=
fn=(102) github.com/nd-r/tech-db-forum/vendor/github.com/valyala/fasthttp.(*userData).Reset
+37067 0 10

ob=
fl=
fn=(103) runtime.mapaccess2_fast32
-4262422 0 0
cfl=
cfn=(58)
calls=10 -3951191 0
* * 10

ob=
fl=
fn=(104) runtime.mapaccess2_faststr
+3216 0 0
cfl=
cfn=(57)
calls=10 +310943 0
* * 10
cfl=
cfn=(57)
calls=10 +311151 0
* * 10

ob=
fl=
fn=(105) runtime.convT2E
+4337 0 0
cfl=
cfn=(23)
calls=30 +15201 0
* * 30
+39 0 0
cfl=
cfn=(24)
calls=10 +13845 0
* * 10

ob=
fl=
fn=(21)
+1604 0 0
cfl=
cfn=(19)
calls=10 -3798 0
* * 10
cfl=
cfn=(19)
calls=10 -3725 0
* * 10
cfl=
cfn=(19)
calls=10 -3719 0
* * 10
cfl=
cfn=(19)
calls=10 -3662 0
* * 10
cfl=
cfn=(19)
calls=10 -3612 0
* * 10
cfl=
cfn=(19)
calls=10 -3607 0
* * 10

ob=
fl=
fn=(106) runtime.notewakeup
+1581 0 0
cfl=
cfn=(107) runtime.semawakeup
calls=730 +107342 0
* * 730

ob=
fl=
fn=(108) runtime.notesleep
+226 0 0
cfl=
cfn=(109) runtime.semasleep
calls=220 +108765 0
* * 220

ob=
fl=
fn=(110) runtime.notetsleep_internal
+199 0 0
cfl=
cfn=(109)
calls=470 +108539 0
* * 470

ob=
fl=
fn=(111) runtime.notetsleep
+492 0 0
cfl=
cfn=(110)
calls=470 * 0
* * 470

ob=
fl=
fn=(112) runtime.(*mcache).nextFree
+3268 0 0
cfl=
cfn=(113) runtime.systemstack
calls=50 +291108 0
* * 50

ob=
fl=
fn=(12)
+1624 0 0
cfl=
cfn=(114) runtime.gcStart
calls=30 +31508 0
* * 30
cfl=
cfn=(114)
calls=10 +31461 0
* * 10
+86 0 0
cfl=
cfn=(115) runtime.profilealloc
calls=50 +2346 0
* * 50
+221 0 0
cfl=
cfn=(26)
calls=10 +11728 0
* * 10
cfl=
cfn=(26)
calls=10 +11914 0
* * 10
cfl=
cfn=(26)
calls=10 +12039 0
* * 10
+550 0 0
cfl=
cfn=(60)
calls=10 +298391 0
* * 10
cfl=
cfn=(60)
calls=10 +298944 0
* * 10
cfl=
cfn=(60)
calls=10 +298949 0
* * 10
+61 0 0
cfl=
cfn=(112)
calls=50 -2481 0
* * 50
+432 0 0
cfl=
cfn=(116) runtime.gcAssistAlloc
calls=10 +43085 0
* * 10

ob=
fl=
fn=(23)
+481 0 0
cfl=
cfn=(12)
calls=30 -493 0
* * 30
cfl=
cfn=(12)
calls=20 -1043 0
* * 20
cfl=
cfn=(12)
calls=10 -2494 0
* * 10
cfl=
cfn=(12)
calls=10 -2056 0
* * 10
cfl=
cfn=(12)
calls=10 -1707 0
* * 10
cfl=
cfn=(12)
calls=10 -1587 0
* * 10
cfl=
cfn=(12)
calls=10 -1264 0
* * 10
cfl=
cfn=(12)
calls=10 -1098 0
* * 10
cfl=
cfn=(12)
calls=10 -578 0
* * 10
cfl=
cfn=(12)
calls=10 -432 0
* * 10
cfl=
cfn=(12)
calls=10 * 0
* * 10

ob=
fl=
fn=(117) reflect.unsafe_New
+83 0 0
cfl=
cfn=(23)
calls=60 * 0
* * 60

ob=
fl=
fn=(115)
+432 0 0
cfl=
cfn=(118) runtime.mProf_Malloc
calls=40 +80331 0
* * 40
cfl=
cfn=(118)
calls=10 +80576 0
* * 10

ob=
fl=
fn=(24)
+2353 0 0
cfl=
cfn=(17)
calls=10 +298640 0
* * 10

ob=
fl=
fn=(119) reflect.typedmemmove
+195 0 0
cfl=
cfn=(24)
calls=10 * 0
* * 10

ob=
fl=
fn=(120) runtime.heapBits.initSpan
+5984 0 0
cfl=
cfn=(121) runtime.newMarkBits
calls=10 +74744 0
* * 10

ob=
fl=
fn=(122) runtime.(*mcache).refill
+5841 0 0
cfl=
cfn=(123) runtime.(*mcentral).cacheSpan
calls=30 +6507 0
* * 30
cfl=
cfn=(123)
calls=20 +6870 0
* * 20

ob=
fl=
fn=(123)
+666 0 0
cfl=
cfn=(124) runtime.(*mcentral).grow
calls=20 +2318 0
* * 20
cfl=
cfn=(124)
calls=10 +2406 0
* * 10
+363 0 0
cfl=
cfn=(16)
calls=20 -10789 0
* * 20

ob=
fl=
fn=(125) runtime.(*mcentral).freeSpan
+936 0 0
cfl=
cfn=(15)
calls=10 -23817 0
* * 10

ob=
fl=
fn=(124)
+353 0 0
cfl=
cfn=(126) runtime.(*mheap).alloc
calls=20 +52056 0
* * 20
+88 0 0
cfl=
cfn=(120)
calls=10 -8159 0
* * 10

ob=
fl=
fn=(114)
+10712 0 0
cfl=
cfn=(28)
calls=10 +20933 0
* * 10
+47 0 0
cfl=
cfn=(113)
calls=30 +256379 0
* * 30

ob=
fl=
fn=(127) runtime.gcMarkDone
+748 0 0
cfl=
cfn=(113)
calls=20 +256382 0
* * 20
+258 0 0
cfl=
cfn=(128) runtime.gcMarkTermination
calls=20 +710 0
* * 20
cfl=
cfn=(128)
calls=10 +1394 0
* * 10

ob=
fl=
fn=(128)
+452 0 0
cfl=
cfn=(113)
calls=20 +255326 0
* * 20
+684 0 0
cfl=
cfn=(129) runtime.gcTryRemoveAllStackBarriers
calls=10 +61106 0
* * 10

ob=
fl=
fn=(130) runtime.gcBgMarkWorker
+2833 0 0
cfl=
cfn=(113)
calls=590 +254190 0
* * 590
cfl=
cfn=(113)
calls=50 +254240 0
* * 50
+263 0 0
cfl=
cfn=(127)
calls=30 -3969 0
* * 30
cfl=
cfn=(127)
calls=20 -4227 0
* * 20

ob=
fl=
fn=(131) runtime.gcMark
+2166 0 0
cfl=
cfn=(132) runtime.helpgc
calls=20 +89027 0
* * 20

ob=
fl=
fn=(116)
+6715 0 0
cfl=
cfn=(113)
calls=10 +248928 0
* * 10

ob=
fl=
fn=(133) runtime.gcAssistAlloc1
+547 0 0
cfl=
cfn=(134) runtime.gcDrainN
calls=10 +7684 0
* * 10

ob=
fl=
fn=(29)
+2382 0 0
cfl=
cfn=(54)
calls=40 +208858 0
* * 40

ob=
fl=
fn=(30)
+1242 0 0
cfl=
cfn=(135) runtime.pcdatavalue
calls=10 +181588 0
* * 10
+905 0 0
cfl=
cfn=(136) runtime.scanblock
calls=10 +3963 0
* * 10

ob=
fl=
fn=(137) runtime.gcDrain
+1671 0 0
cfl=
cfn=(9)
calls=60 +3840 0
* * 60
cfl=
cfn=(9)
calls=50 +3886 0
* * 50
cfl=
cfn=(9)
calls=50 +4027 0
* * 50
cfl=
cfn=(9)
calls=20 +3731 0
* * 20
cfl=
cfn=(9)
calls=20 +3739 0
* * 20
cfl=
cfn=(9)
calls=10 +3393 0
* * 10
cfl=
cfn=(9)
calls=10 +3755 0
* * 10
cfl=
cfn=(9)
calls=10 +3773 0
* * 10
cfl=
cfn=(9)
calls=10 +3855 0
* * 10
cfl=
cfn=(9)
calls=10 +3956 0
* * 10
cfl=
cfn=(9)
calls=10 +3964 0
* * 10
cfl=
cfn=(9)
calls=10 +3968 0
* * 10
cfl=
cfn=(9)
calls=10 +4030 0
* * 10
+140 0 0
cfl=
cfn=(138) runtime.pollWork
calls=220 +87575 0
* * 220
+224 0 0
cfl=
cfn=(34)
calls=10 +12610 0
* * 10
+129 0 0
cfl=
cfn=(35)
calls=50 +13059 0
* * 50
cfl=
cfn=(35)
calls=10 +13055 0
* * 10
+50 0 0
cfl=
cfn=(138)
calls=20 +87082 0
* * 20

ob=
fl=
fn=(134)
+394 0 0
cfl=
cfn=(9)
calls=10 +1626 0
* * 10

ob=
fl=
fn=(136)
+450 0 0
cfl=
cfn=(25)
calls=10 -42969 0
* * 10

ob=
fl=
fn=(9)
+828 0 0
cfl=
cfn=(25)
calls=10 -44509 0
* * 10
cfl=
cfn=(25)
calls=10 -43613 0
* * 10
cfl=
cfn=(25)
calls=10 -43594 0
* * 10
cfl=
cfn=(25)
calls=10 -43590 0
* * 10
cfl=
cfn=(25)
calls=10 -43472 0
* * 10
+141 0 0
cfl=
cfn=(13)
calls=30 +1320 0
* * 30
cfl=
cfn=(13)
calls=10 +604 0
* * 10
cfl=
cfn=(13)
calls=10 +1334 0
* * 10

ob=
fl=
fn=(139) runtime.bgsweep
+4344 0 0
cfl=
cfn=(140) runtime.gosweepone
calls=70 +5456 0
* * 70

ob=
fl=
fn=(31)
+305 0 0
cfl=
cfn=(33)
calls=10 +5137 0
* * 10
+305 0 0
cfl=
cfn=(32)
calls=10 +1909 0
* * 10
cfl=
cfn=(32)
calls=10 +2063 0
* * 10
cfl=
cfn=(32)
calls=10 +2163 0
* * 10

ob=
fl=
fn=(140)
+502 0 0
cfl=
cfn=(113)
calls=50 +228156 0
* * 50
cfl=
cfn=(113)
calls=20 +228206 0
* * 20

ob=
fl=
fn=(32)
+1102 0 0
cfl=
cfn=(121)
calls=10 +21163 0
* * 10
+254 0 0
cfl=
cfn=(125)
calls=10 -40980 0
* * 10

ob=
fl=
fn=(35)
+4255 0 0
cfl=
cfn=(141) runtime.handoff
calls=50 +6120 0
* * 50

ob=
fl=
fn=(141)
+1865 0 0
cfl=
cfn=(17)
calls=20 +235710 0
* * 20
cfl=
cfn=(17)
calls=20 +236468 0
* * 20
cfl=
cfn=(17)
calls=10 +236746 0
* * 10

ob=
fl=
fn=(126)
+4702 0 0
cfl=
cfn=(60)
calls=10 +232868 0
* * 10
cfl=
cfn=(60)
calls=10 +232895 0
* * 10

ob=
fl=
fn=(142) runtime.setprofilebucket
+8300 0 0
cfl=
cfn=(27)
calls=10 -46059 0
* * 10

ob=
fl=
fn=(121)
+598 0 0
cfl=
cfn=(143) runtime.newArena
calls=10 +1214 0
* * 10
+87 0 0
cfl=
cfn=(15)
calls=10 -85707 0
* * 10

ob=
fl=
fn=(143)
+529 0 0
cfl=
cfn=(60)
calls=10 +219198 0
* * 10

ob=
fl=
fn=(118)
+1991 0 0
cfl=
cfn=(144) runtime.callers
calls=40 +178604 0
* * 40
+245 0 0
cfl=
cfn=(113)
calls=10 +203971 0
* * 10

ob=
fl=
fn=(129)
+9958 0 0
cfl=
cfn=(41)
calls=10 +41985 0
* * 10

ob=
fl=
fn=(38)
+7011 0 0
cfl=
cfn=(2)
calls=1540 +210179 0
* * 1540

ob=
fl=
fn=(107)
+493 0 0
cfl=
cfn=(145) runtime.mach_semrelease
calls=730 +3542 0
* * 730

ob=
fl=
fn=(146) runtime.semasleep1
+2682 0 0
cfl=
cfn=(7)
calls=220 +202443 0
* * 220
+150 0 0
cfl=
cfn=(5)
calls=490 +199785 0
* * 490

ob=
fl=
fn=(109)
+172 0 0
cfl=
cfn=(113)
calls=690 +183482 0
* * 690

ob=
fl=
fn=(145)
+45 0 0
cfl=
cfn=(4)
calls=730 +199487 0
* * 730

ob=
fl=
fn=(40)
+4515 0 0
cfl=
cfn=(6)
calls=460 +3758 0
* * 460
cfl=
cfn=(6)
calls=10 +3734 0
* * 10

ob=
fl=
fn=(132)
+16633 0 0
cfl=
cfn=(106)
calls=20 -113325 0
* * 20

ob=
fl=
fn=(147) runtime.scang
+2387 0 0
cfl=
cfn=(29)
calls=40 -77217 0
* * 40
cfl=
cfn=(29)
calls=10 -77483 0
* * 10

ob=
fl=
fn=(148) runtime.startTheWorldWithSema
+1521 0 0
cfl=
cfn=(38)
calls=20 -27077 0
* * 20
+371 0 0
cfl=
cfn=(149) runtime.wakep
calls=10 +6270 0
* * 10

ob=
fl=
fn=(150) runtime.mstart
+215 0 0
cfl=
cfn=(151) runtime.mstart1
calls=1540 +513 0
* * 1540

ob=
fl=
fn=(151)
+298 0 0
cfl=
cfn=(48)
calls=1010 +28015 0
* * 1010
cfl=
cfn=(48)
calls=470 +28177 0
* * 470
cfl=
cfn=(48)
calls=20 +28358 0
* * 20
cfl=
cfn=(48)
calls=10 +28059 0
* * 10
cfl=
cfn=(48)
calls=10 +28164 0
* * 10
cfl=
cfn=(48)
calls=10 +28193 0
* * 10
cfl=
cfn=(48)
calls=10 +28434 0
* * 10

ob=
fl=
fn=(152) runtime.runSafePointFn
+1325 0 0
cfl=
cfn=(106)
calls=20 -134750 0
* * 20

ob=
fl=
fn=(153) runtime.stopm
+2562 0 0
cfl=
cfn=(108)
calls=220 -135849 0
* * 220

ob=
fl=
fn=(154) runtime.startm
+496 0 0
cfl=
cfn=(106)
calls=170 -138637 0
* * 170

ob=
fl=
fn=(149)
+1003 0 0
cfl=
cfn=(154)
calls=40 * 0
* * 40

ob=
fl=
fn=(43)
+1028 0 0
cfl=
cfn=(42)
calls=10 -8364 0
* * 10

ob=
fl=
fn=(44)
+1080 0 0
cfl=
cfn=(153)
calls=220 -2527 0
* * 220
+59 0 0
cfl=
cfn=(38)
calls=850 -36976 0
* * 850
cfl=
cfn=(38)
calls=10 -36774 0
* * 10
+146 0 0
cfl=
cfn=(45)
calls=50 +2487 0
* * 50
cfl=
cfn=(45)
calls=10 +2548 0
* * 10
+29 0 0
cfl=
cfn=(42)
calls=10 -11356 0
* * 10
cfl=
cfn=(42)
calls=10 -10663 0
* * 10
+1135 0 0
cfl=
cfn=(38)
calls=430 -37210 0
* * 430
+36 0 0
cfl=
cfn=(45)
calls=80 +1177 0
* * 80

ob=
fl=
fn=(138)
+485 0 0
cfl=
cfn=(38)
calls=240 -38381 0
* * 240

ob=
fl=
fn=(155) runtime.resetspinning
+203 0 0
cfl=
cfn=(149)
calls=30 -3998 0
* * 30

ob=
fl=
fn=(45)
+453 0 0
cfl=
cfn=(154)
calls=130 -5204 0
* * 130

ob=
fl=
fn=(156) runtime.schedule
+385 0 0
cfl=
cfn=(43)
calls=10 -3626 0
* * 10
cfl=
cfn=(43)
calls=10 -3592 0
* * 10
cfl=
cfn=(43)
calls=10 -3522 0
* * 10
+15 0 0
cfl=
cfn=(155)
calls=30 -838 0
* * 30
+22 0 0
cfl=
cfn=(44)
calls=860 -2887 0
* * 860
cfl=
cfn=(44)
calls=430 -1577 0
* * 430
cfl=
cfn=(44)
calls=220 -2946 0
* * 220
cfl=
cfn=(44)
calls=80 -1541 0
* * 80
cfl=
cfn=(44)
calls=60 -2741 0
* * 60
cfl=
cfn=(44)
calls=20 -2712 0
* * 20
cfl=
cfn=(44)
calls=10 -1392 0
* * 10
+412 0 0
cfl=
cfn=(152)
calls=20 -9137 0
* * 20

ob=
fl=
fn=(157) runtime.park_m
+355 0 0
cfl=
cfn=(156)
calls=1660 -412 0
* * 1660
cfl=
cfn=(156)
calls=30 -434 0
* * 30
cfl=
cfn=(156)
calls=10 -449 0
* * 10
cfl=
cfn=(156)
calls=10 * 0
* * 10

ob=
fl=
fn=(158) runtime.goschedImpl
+619 0 0
cfl=
cfn=(156)
calls=20 -804 0
* * 20
cfl=
cfn=(156)
calls=10 -767 0
* * 10
cfl=
cfn=(156)
calls=10 -355 0
* * 10

ob=
fl=
fn=(159) runtime.gosched_m
+144 0 0
cfl=
cfn=(158)
calls=30 * 0
* * 30

ob=
fl=
fn=(160) runtime.gopreempt_m
+80 0 0
cfl=
cfn=(158)
calls=10 -144 0
* * 10

ob=
fl=
fn=(47)
+1295 0 0
cfl=
cfn=(46)
calls=10 +1185 0
* * 10
+411 0 0
cfl=
cfn=(113)
calls=520 +143908 0
* * 520

ob=
fl=
fn=(161) runtime.entersyscall
+124 0 0
cfl=
cfn=(56)
calls=10 +150241 0
* * 10
+24 0 0
cfl=
cfn=(47)
calls=520 -124 0
* * 520
cfl=
cfn=(47)
calls=10 -535 0
* * 10
cfl=
cfn=(47)
calls=10 -123 0
* * 10

ob=
fl=
fn=(162) runtime.entersyscall_sysmon
+120 0 0
cfl=
cfn=(106)
calls=520 -148676 0
* * 520

ob=
fl=
fn=(163) runtime.exitsyscall
+1346 0 0
cfl=
cfn=(42)
calls=10 -17572 0
* * 10

ob=
fl=
fn=(164) runtime.exitsyscall0
+1102 0 0
cfl=
cfn=(156)
calls=10 -4930 0
* * 10

ob=
fl=
fn=(48)
+11223 0 0
cfl=
cfn=(3)
calls=1010 +156667 0
* * 1010
+44 0 0
cfl=
cfn=(22)
calls=10 -163295 0
* * 10
+118 0 0
cfl=
cfn=(111)
calls=470 -161594 0
* * 470
+16 0 0
cfl=
cfn=(22)
calls=10 -163476 0
* * 10
+165 0 0
cfl=
cfn=(49)
calls=10 +853 0
* * 10
cfl=
cfn=(49)
calls=10 +938 0
* * 10

ob=
fl=
fn=(165) runtime.makeslice
+41601 0 0
cfl=
cfn=(12)
calls=30 -156083 0
* * 30
cfl=
cfn=(12)
calls=20 -157001 0
* * 20
cfl=
cfn=(12)
calls=20 -156915 0
* * 20
cfl=
cfn=(12)
calls=10 -156694 0
* * 10
cfl=
cfn=(12)
calls=10 -156133 0
* * 10

ob=
fl=
fn=(166) runtime.growslice
+803 0 0
cfl=
cfn=(12)
calls=20 -198602 0
* * 20
cfl=
cfn=(12)
calls=10 -198959 0
* * 10
cfl=
cfn=(12)
calls=10 -198516 0
* * 10
+42 0 0
cfl=
cfn=(17)
calls=10 +100566 0
* * 10
cfl=
cfn=(17)
calls=10 +100571 0
* * 10

ob=
fl=
fn=(167) runtime.newstack
+10280 0 0
cfl=
cfn=(160)
calls=10 -58434 0
* * 10

ob=
fl=
fn=(168) runtime.slicebytetostring
+5038 0 0
cfl=
cfn=(169) runtime.rawstringtmp
calls=70 +5304 0
* * 70
+64 0 0
cfl=
cfn=(17)
calls=10 +84591 0
* * 10
cfl=
cfn=(17)
calls=10 +86067 0
* * 10

ob=
fl=
fn=(169)
+202 0 0
cfl=
cfn=(50)
calls=60 +1783 0
* * 60
cfl=
cfn=(50)
calls=10 +1774 0
* * 10

ob=
fl=
fn=(50)
+1581 0 0
cfl=
cfn=(12)
calls=10 -215388 0
* * 10
cfl=
cfn=(12)
calls=10 -214945 0
* * 10
cfl=
cfn=(12)
calls=10 -214414 0
* * 10
cfl=
cfn=(12)
calls=10 -214323 0
* * 10
cfl=
cfn=(12)
calls=10 -214203 0
* * 10
cfl=
cfn=(12)
calls=10 -214113 0
* * 10

ob=
fl=
fn=(52)
+9390 0 0
cfl=
cfn=(170) runtime.step
calls=20 +12326 0
* * 20

ob=
fl=
fn=(171) runtime.funcspdelta
+2044 0 0
cfl=
cfn=(52)
calls=10 * 0
* * 10
cfl=
cfn=(52)
calls=10 +73 0
* * 10

ob=
fl=
fn=(135)
+474 0 0
cfl=
cfn=(52)
calls=10 -2044 0
* * 10

ob=
fl=
fn=(170)
+418 0 0
cfl=
cfn=(53)
calls=10 +671 0
* * 10
cfl=
cfn=(53)
calls=10 +680 0
* * 10

ob=
fl=
fn=(54)
+24470 0 0
cfl=
cfn=(172) runtime.scanstack.func1
calls=40 +48595 0
* * 40
+527 0 0
cfl=
cfn=(51)
calls=10 -27984 0
* * 10
+930 0 0
cfl=
cfn=(171)
calls=20 -25889 0
* * 20

ob=
fl=
fn=(144)
+3993 0 0
cfl=
cfn=(113)
calls=40 +31351 0
* * 40

ob=
fl=
fn=(173) runtime.(*mcache).nextFree.func1
+14983 0 0
cfl=
cfn=(122)
calls=50 -242139 0
* * 50

ob=
fl=
fn=(174) runtime.gcMarkTermination.func1
+2363 0 0
cfl=
cfn=(131)
calls=20 -236553 0
* * 20

ob=
fl=
fn=(175) runtime.gcBgMarkWorker.func2
+633 0 0
cfl=
cfn=(137)
calls=220 -225314 0
* * 220
cfl=
cfn=(137)
calls=70 -225454 0
* * 70
cfl=
cfn=(137)
calls=20 -224911 0
* * 20
cfl=
cfn=(137)
calls=10 -224961 0
* * 10
+116 0 0
cfl=
cfn=(137)
calls=210 -226087 0
* * 210
cfl=
cfn=(137)
calls=50 -225594 0
* * 50
cfl=
cfn=(137)
calls=10 -225723 0
* * 10

ob=
fl=
fn=(176) runtime.markroot.func1
+163 0 0
cfl=
cfn=(147)
calls=50 -150417 0
* * 50

ob=
fl=
fn=(177) runtime.gcAssistAlloc.func1
+278 0 0
cfl=
cfn=(133)
calls=10 -232566 0
* * 10

ob=
fl=
fn=(172)
+139 0 0
cfl=
cfn=(30)
calls=10 -229220 0
* * 10
cfl=
cfn=(30)
calls=10 -229086 0
* * 10
cfl=
cfn=(30)
calls=10 -228411 0
* * 10
cfl=
cfn=(30)
calls=10 -228315 0
* * 10

ob=
fl=
fn=(178) runtime.gosweepone.func1
+237 0 0
cfl=
cfn=(31)
calls=30 -219473 0
* * 30
cfl=
cfn=(31)
calls=10 -219778 0
* * 10
cfl=
cfn=(31)
calls=10 -219759 0
* * 10

ob=
fl=
fn=(55)
+506 0 0
cfl=
cfn=(36)
calls=10 -203904 0
* * 10

ob=
fl=
fn=(179) runtime.mProf_Malloc.func1
+94 0 0
cfl=
cfn=(142)
calls=10 -199236 0
* * 10

ob=
fl=
fn=(180) runtime.semasleep.func1
+1200 0 0
cfl=
cfn=(146)
calls=490 -175586 0
* * 490
cfl=
cfn=(146)
calls=220 -175736 0
* * 220

ob=
fl=
fn=(181) runtime.callers.func1
+4685 0 0
cfl=
cfn=(54)
calls=20 -24705 0
* * 20
cfl=
cfn=(54)
calls=10 -29647 0
* * 10
cfl=
cfn=(54)
calls=10 -25635 0
* * 10

ob=
fl=
fn=(182) runtime.mcall
+1803 0 0
cfl=
cfn=(157)
calls=1710 -144085 0
* * 1710
cfl=
cfn=(159)
calls=30 -143322 0
* * 30
cfl=
cfn=(164)
calls=10 -138820 0
* * 10

ob=
fl=
fn=(113)
+158 0 0
cfl=
cfn=(162)
calls=520 -143071 0
* * 520
cfl=
cfn=(175)
calls=320 -9221 0
* * 320
cfl=
cfn=(175)
calls=270 -9105 0
* * 270
cfl=
cfn=(173)
calls=50 -12217 0
* * 50
cfl=
cfn=(178)
calls=50 -8288 0
* * 50
cfl=
cfn=(181)
calls=40 -1803 0
* * 40
cfl=
cfn=(148)
calls=20 -158001 0
* * 20
cfl=
cfn=(174)
calls=20 -9854 0
* * 20
cfl=
cfn=(148)
calls=10 -157630 0
* * 10
cfl=
cfn=(177)
calls=10 -8664 0
* * 10
cfl=
cfn=(179)
calls=10 -7688 0
* * 10
+50 0 0
cfl=
cfn=(180)
calls=710 -6646 0
* * 710
cfl=
cfn=(176)
calls=50 -9100 0
* * 50
cfl=
cfn=(55)
calls=10 -8268 0
* * 10
cfl=
cfn=(55)
calls=10 -7940 0
* * 10

ob=
fl=
fn=(183) runtime.morestack
+139 0 0
cfl=
cfn=(167)
calls=10 -76539 0
* * 10

ob=
fl=
fn=(184) runtime.goexit
+10875 0 0
cfl=
cfn=(185) github.com/nd-r/tech-db-forum/vendor/github.com/valyala/fasthttp.(*workerPool).getCh.func1
calls=7660 +3968159 0
* * 7660
cfl=
cfn=(130)
calls=640 -251546 0
* * 640
cfl=
cfn=(139)
calls=70 -228955 0
* * 70
cfl=
cfn=(130)
calls=50 -251283 0
* * 50

ob=
fl=
fn=(186) time.now
+4372 0 0
cfl=
cfn=(61)
calls=10 +4246 0
* * 10

ob=
fl=
fn=(187) sync.(*Pool).Get
+20842 0 0
cfl=
cfn=(188) sync.(*Pool).pin
calls=10 +21717 0
* * 10

ob=
fl=
fn=(188)
+875 0 0
cfl=
cfn=(189) sync.(*Pool).pinSlow
calls=10 +1163 0
* * 10

ob=
fl=
fn=(189)
+288 0 0
cfl=
cfn=(165)
calls=10 -124767 0
* * 10

ob=
fl=
fn=(190) io.ReadAtLeast
+4079 0 0
cfl=
cfn=(191) net.(*conn).Read
calls=2670 +749974 0
* * 2670

ob=
fl=
fn=(192) syscall.Read
+125120 0 0
cfl=
cfn=(193) syscall.read
calls=2470 +136668 0
* * 2470

ob=
fl=
fn=(194) syscall.Write
+128 0 0
cfl=
cfn=(64)
calls=2670 +13724 0
* * 2670
cfl=
cfn=(64)
calls=10 +13725 0
* * 10

ob=
fl=
fn=(193)
+11420 0 0
cfl=
cfn=(1)
calls=1930 +15346 0
* * 1930
cfl=
cfn=(1)
calls=540 +15308 0
* * 540

ob=
fl=
fn=(64)
+2176 0 0
cfl=
cfn=(1)
calls=2650 +3926 0
* * 2650
cfl=
cfn=(1)
calls=10 +3888 0
* * 10
cfl=
cfn=(1)
calls=10 +3980 0
* * 10

ob=
fl=
fn=(1)
+1712 0 0
cfl=
cfn=(161)
calls=540 -323713 0
* * 540
cfl=
cfn=(161)
calls=10 -323737 0
* * 10
+92 0 0
cfl=
cfn=(163)
calls=10 -323959 0
* * 10

ob=
fl=
fn=(65)
+17066 0 0
cfl=
cfn=(17)
calls=10 -168547 0
* * 10
cfl=
cfn=(17)
calls=10 -168543 0
* * 10

ob=
fl=
fn=(195) time.Now
+26535 0 0
cfl=
cfn=(186)
calls=10 -183798 0
* * 10

ob=
fl=
fn=(66)
+3422 0 0
cfl=
cfn=(65)
calls=20 -26535 0
* * 20
cfl=
cfn=(65)
calls=10 -34940 0
* * 10
cfl=
cfn=(65)
calls=10 -34864 0
* * 10

ob=
fl=
fn=(67)
+111037 0 0
cfl=
cfn=(117)
calls=60 -513493 0
* * 60
+39 0 0
cfl=
cfn=(119)
calls=10 -621550 0
* * 10

ob=
fl=
fn=(196) reflect.Value.Interface
+15216 0 0
cfl=
cfn=(197) reflect.valueInterface
calls=80 +15504 0
* * 80

ob=
fl=
fn=(197)
+288 0 0
cfl=
cfn=(67)
calls=60 -15255 0
* * 60
cfl=
cfn=(67)
calls=10 -15312 0
* * 10
cfl=
cfn=(67)
calls=10 -15216 0
* * 10

ob=
fl=
fn=(198) bufio.(*Reader).fill
+208691 0 0
cfl=
cfn=(191)
calls=210 +431644 0
* * 210

ob=
fl=
fn=(199) bufio.(*Reader).Peek
+448 0 0
cfl=
cfn=(198)
calls=210 * 0
* * 210

ob=
fl=
fn=(200) bufio.(*Reader).Read
+1249 0 0
cfl=
cfn=(191)
calls=30 +222505 0
* * 30
+378 0 0
cfl=
cfn=(191)
calls=10 +221256 0
* * 10

ob=
fl=
fn=(201) bufio.(*Writer).Flush
+5779 0 0
cfl=
cfn=(202) net.(*conn).Write
calls=200 +221614 0
* * 200

ob=
fl=
fn=(69)
+650 0 0
cfl=
cfn=(201)
calls=100 * 0
* * 100
+128 0 0
cfl=
cfn=(202)
calls=10 +215185 0
* * 10

ob=
fl=
fn=(203) net.(*netFD).readLock
+131283 0 0
cfl=
cfn=(70)
calls=10 +130346 0
* * 10

ob=
fl=
fn=(204) net.(*netFD).writeLock
+224 0 0
cfl=
cfn=(70)
calls=10 -1076 0
* * 10

ob=
fl=
fn=(71)
+614 0 0
cfl=
cfn=(37)
calls=10 -896073 0
* * 10

ob=
fl=
fn=(205) net.(*pollDesc).prepareWrite
+204 0 0
cfl=
cfn=(71)
calls=10 -18 0
* * 10
cfl=
cfn=(71)
calls=10 * 0
* * 10

ob=
fl=
fn=(73)
+5947 0 0
cfl=
cfn=(203)
calls=10 -1042 0
* * 10
+53 0 0
cfl=
cfn=(39)
calls=10 -892661 0
* * 10
+47 0 0
cfl=
cfn=(72)
calls=10 -6147 0
* * 10
+120 0 0
cfl=
cfn=(192)
calls=2470 -544826 0
* * 2470
+298 0 0
cfl=
cfn=(40)
calls=390 -890286 0
* * 390
cfl=
cfn=(40)
calls=10 -890426 0
* * 10

ob=
fl=
fn=(206) net.(*netFD).Write
+2746 0 0
cfl=
cfn=(204)
calls=10 -7283 0
* * 10
+86 0 0
cfl=
cfn=(205)
calls=20 -9211 0
* * 20
+169 0 0
cfl=
cfn=(194)
calls=2680 -547948 0
* * 2680
+314 0 0
cfl=
cfn=(40)
calls=60 -893585 0
* * 60

ob=
fl=
fn=(191)
+72216 0 0
cfl=
cfn=(73)
calls=2470 -3613 0
* * 2470
cfl=
cfn=(73)
calls=400 -3315 0
* * 400
cfl=
cfn=(73)
calls=10 -3833 0
* * 10
cfl=
cfn=(73)
calls=10 -3780 0
* * 10
cfl=
cfn=(73)
calls=10 -3733 0
* * 10
cfl=
cfn=(73)
calls=10 -3483 0
* * 10
cfl=
cfn=(73)
calls=10 -3386 0
* * 10

ob=
fl=
fn=(202)
+736 0 0
cfl=
cfn=(206)
calls=2680 -72530 0
* * 2680
cfl=
cfn=(206)
calls=60 -72216 0
* * 60
cfl=
cfn=(206)
calls=20 -72699 0
* * 20
cfl=
cfn=(206)
calls=10 -72785 0
* * 10

ob=
fl=
fn=(74)
+989245 0 0
cfl=
cfn=(75)
calls=2670 +989729 0
* * 2670
cfl=
cfn=(75)
calls=10 +989697 0
* * 10

ob=
fl=
fn=(75)
+484 0 0
cfl=
cfn=(190)
calls=2670 -1735876 0
* * 2670

ob=
fl=
fn=(207) github.com/nd-r/tech-db-forum/vendor/github.com/jackc/pgx/pgproto3.(*CommandComplete).Decode
+91316 0 0
cfl=
cfn=(168)
calls=10 -1849267 0
* * 10

ob=
fl=
fn=(76)
+18150 0 0
cfl=
cfn=(74)
calls=2660 -91800 0
* * 2660
cfl=
cfn=(74)
calls=10 -92354 0
* * 10
+164 0 0
cfl=
cfn=(74)
calls=20 -109950 0
* * 20
+112 0 0
cfl=
cfn=(207)
calls=10 -18314 0
* * 10
cfl=
cfn=(77)
calls=10 +14065 0
* * 10

ob=
fl=
fn=(208) github.com/nd-r/tech-db-forum/vendor/github.com/jackc/pgx/pgtype.NullAssignTo
+121456 0 0
cfl=
cfn=(68)
calls=10 -1514920 0
* * 10

ob=
fl=
fn=(209) github.com/nd-r/tech-db-forum/vendor/github.com/jackc/pgx/pgtype.(*Text).AssignTo
+301801 0 0
cfl=
cfn=(208)
calls=10 * 0
* * 10

ob=
fl=
fn=(210) github.com/nd-r/tech-db-forum/vendor/github.com/jackc/pgx/pgtype.(*Text).DecodeBinary
+499 0 0
cfl=
cfn=(168)
calls=40 -2382330 0
* * 40

ob=
fl=
fn=(211) github.com/nd-r/tech-db-forum/vendor/github.com/jackc/pgx.(*Batch).Send
+280625 0 0
cfl=
cfn=(83)
calls=270 +374037 0
* * 270
cfl=
cfn=(83)
calls=10 +373553 0
* * 10
cfl=
cfn=(83)
calls=10 +373588 0
* * 10
cfl=
cfn=(83)
calls=10 +373928 0
* * 10
+1942 0 0
cfl=
cfn=(202)
calls=100 -1803852 0
* * 100

ob=
fl=
fn=(212) github.com/nd-r/tech-db-forum/vendor/github.com/jackc/pgx.(*Batch).ExecResults
+2514 0 0
cfl=
cfn=(81)
calls=30 +36015 0
* * 30
cfl=
cfn=(81)
calls=20 +35981 0
* * 20

ob=
fl=
fn=(213) github.com/nd-r/tech-db-forum/vendor/github.com/jackc/pgx.(*Batch).Close
+2413 0 0
cfl=
cfn=(212)
calls=40 * 0
* * 40
+125 0 0
cfl=
cfn=(88)
calls=10 +128130 0
* * 10

ob=
fl=
fn=(214) github.com/nd-r/tech-db-forum/vendor/github.com/jackc/pgx.(*Conn).prepareEx
+17790 0 0
cfl=
cfn=(202)
calls=150 -1810846 0
* * 150
+200 0 0
cfl=
cfn=(23)
calls=10 -2901172 0
* * 10
+137 0 0
cfl=
cfn=(81)
calls=270 +12973 0
* * 270
cfl=
cfn=(81)
calls=10 +12939 0
* * 10

ob=
fl=
fn=(79)
+7077 0 0
cfl=
cfn=(62)
calls=10 -2582224 0
* * 10
+67 0 0
cfl=
cfn=(63)
calls=10 -2588929 0
* * 10
+5 0 0
cfl=
cfn=(40)
calls=20 -2802968 0
* * 20

ob=
fl=
fn=(215) github.com/nd-r/tech-db-forum/vendor/github.com/jackc/pgx.(*Conn).sendQuery
+498 0 0
cfl=
cfn=(216) github.com/nd-r/tech-db-forum/vendor/github.com/jackc/pgx.(*Conn).sendSimpleQuery
calls=430 +1008 0
* * 430

ob=
fl=
fn=(216)
+510 0 0
cfl=
cfn=(202)
calls=430 -1836620 0
* * 430

ob=
fl=
fn=(80)
+1236 0 0
cfl=
cfn=(83)
calls=30 +60134 0
* * 30
+583 0 0
cfl=
cfn=(202)
calls=1880 -1838366 0
* * 1880

ob=
fl=
fn=(81)
+2826 0 0
cfl=
cfn=(79)
calls=20 -2827 0
* * 20
cfl=
cfn=(79)
calls=10 -2899 0
* * 10
cfl=
cfn=(79)
calls=10 -2832 0
* * 10
cfl=
cfn=(79)
calls=10 -2831 0
* * 10
+34 0 0
cfl=
cfn=(76)
calls=2670 -742580 0
* * 2670
cfl=
cfn=(76)
calls=20 -742416 0
* * 20
cfl=
cfn=(76)
calls=20 -742304 0
* * 20
cfl=
cfn=(76)
calls=10 -742615 0
* * 10
cfl=
cfn=(76)
calls=10 -741587 0
* * 10
+205 0 0
cfl=
cfn=(195)
calls=10 -2404191 0
* * 10

ob=
fl=
fn=(217) github.com/nd-r/tech-db-forum/vendor/github.com/jackc/pgx.(*Conn).ExecEx
+7996 0 0
cfl=
cfn=(218) github.com/nd-r/tech-db-forum/vendor/github.com/jackc/pgx.(*Conn).execEx
calls=430 +11862 0
* * 430
cfl=
cfn=(218)
calls=230 +11061 0
* * 230
cfl=
cfn=(218)
calls=10 +11462 0
* * 10

ob=
fl=
fn=(218)
+3065 0 0
cfl=
cfn=(81)
calls=230 -8201 0
* * 230
+401 0 0
cfl=
cfn=(40)
calls=10 -2820008 0
* * 10
+400 0 0
cfl=
cfn=(215)
calls=430 -16856 0
* * 430

ob=
fl=
fn=(219) github.com/nd-r/tech-db-forum/vendor/github.com/jackc/pgx.(*Conn).ensureConnectionReadyForQuery
+4908 0 0
cfl=
cfn=(81)
calls=20 -12067 0
* * 20
cfl=
cfn=(81)
calls=10 -12128 0
* * 10
cfl=
cfn=(81)
calls=10 -12101 0
* * 10
cfl=
cfn=(81)
calls=10 -11866 0
* * 10
cfl=
cfn=(81)
calls=10 -11862 0
* * 10

ob=
fl=
fn=(220) github.com/nd-r/tech-db-forum/vendor/github.com/jackc/pgx.(*ConnPool).Begin
+10700 0 0
cfl=
cfn=(221) github.com/nd-r/tech-db-forum/vendor/github.com/jackc/pgx.(*ConnPool).BeginEx
calls=430 +13241 0
* * 430
cfl=
cfn=(221)
calls=10 +13167 0
* * 10

ob=
fl=
fn=(221)
+2467 0 0
cfl=
cfn=(82)
calls=10 -8141 0
* * 10
+74 0 0
cfl=
cfn=(222) github.com/nd-r/tech-db-forum/vendor/github.com/jackc/pgx.(*Conn).BeginEx
calls=430 +48164 0
* * 430

ob=
fl=
fn=(83)
+24790 0 0
cfl=
cfn=(223) github.com/nd-r/tech-db-forum/vendor/github.com/jackc/pgx.chooseParameterFormatCode
calls=10 +62323 0
* * 10
+449 0 0
cfl=
cfn=(87)
calls=160 +32702 0
* * 160
cfl=
cfn=(87)
calls=80 +32615 0
* * 80
cfl=
cfn=(87)
calls=30 +35524 0
* * 30
cfl=
cfn=(87)
calls=10 +32708 0
* * 10
cfl=
cfn=(87)
calls=10 +32826 0
* * 10
cfl=
cfn=(87)
calls=10 +32875 0
* * 10

ob=
fl=
fn=(224) github.com/nd-r/tech-db-forum/vendor/github.com/jackc/pgx.(*Row).Scan
+1456 0 0
cfl=
cfn=(84)
calls=2190 +4037 0
* * 2190
cfl=
cfn=(84)
calls=10 +4896 0
* * 10
+125 0 0
cfl=
cfn=(85)
calls=40 +6441 0
* * 40
cfl=
cfn=(85)
calls=10 +4948 0
* * 10
cfl=
cfn=(85)
calls=10 +5167 0
* * 10
cfl=
cfn=(85)
calls=10 +5320 0
* * 10
cfl=
cfn=(85)
calls=10 +5442 0
* * 10
cfl=
cfn=(85)
calls=10 +6223 0
* * 10

ob=
fl=
fn=(84)
+2456 0 0
cfl=
cfn=(81)
calls=2180 -57036 0
* * 2180
cfl=
cfn=(81)
calls=10 -57070 0
* * 10

ob=
fl=
fn=(85)
+2586 0 0
cfl=
cfn=(21)
calls=10 -2983105 0
* * 10
+275 0 0
cfl=
cfn=(20)
calls=10 -2986304 0
* * 10
+781 0 0
cfl=
cfn=(209)
calls=10 -381434 0
* * 10
+218 0 0
cfl=
cfn=(210)
calls=40 -381716 0
* * 40

ob=
fl=
fn=(86)
+4847 0 0
cfl=
cfn=(219)
calls=60 -46377 0
* * 60
+275 0 0
cfl=
cfn=(104)
calls=20 -2997745 0
* * 20
+184 0 0
cfl=
cfn=(80)
calls=1880 -71334 0
* * 1880
cfl=
cfn=(80)
calls=30 -71917 0
* * 30
cfl=
cfn=(80)
calls=10 -72246 0
* * 10
+282 0 0
cfl=
cfn=(214)
calls=280 -81494 0
* * 280
cfl=
cfn=(214)
calls=150 -81831 0
* * 150
cfl=
cfn=(214)
calls=10 -81631 0
* * 10
+2447 0 0
cfl=
cfn=(165)
calls=10 -2786514 0
* * 10

ob=
fl=
fn=(222)
+6919 0 0
cfl=
cfn=(217)
calls=430 -63186 0
* * 430

ob=
fl=
fn=(225) github.com/nd-r/tech-db-forum/vendor/github.com/jackc/pgx.(*Tx).Commit
+352 0 0
cfl=
cfn=(226) github.com/nd-r/tech-db-forum/vendor/github.com/jackc/pgx.(*Tx).CommitEx
calls=240 +548 0
* * 240

ob=
fl=
fn=(226)
+196 0 0
cfl=
cfn=(217)
calls=240 -70457 0
* * 240

ob=
fl=
fn=(227) github.com/nd-r/tech-db-forum/vendor/github.com/jackc/pgx.(*Tx).Query
+2295 0 0
cfl=
cfn=(228) github.com/nd-r/tech-db-forum/vendor/github.com/jackc/pgx.(*Tx).QueryEx
calls=2460 +2695 0
* * 2460

ob=
fl=
fn=(228)
+400 0 0
cfl=
cfn=(86)
calls=1920 -12491 0
* * 1920
cfl=
cfn=(86)
calls=440 -12209 0
* * 440
cfl=
cfn=(86)
calls=60 -12950 0
* * 60
cfl=
cfn=(86)
calls=20 -12675 0
* * 20
cfl=
cfn=(86)
calls=10 -12641 0
* * 10
cfl=
cfn=(86)
calls=10 -9762 0
* * 10

ob=
fl=
fn=(229) github.com/nd-r/tech-db-forum/vendor/github.com/jackc/pgx.(*Tx).QueryRow
+162 0 0
cfl=
cfn=(227)
calls=2460 -400 0
* * 2460

ob=
fl=
fn=(87)
+5910 0 0
cfl=
cfn=(196)
calls=80 -2356188 0
* * 80
+87 0 0
cfl=
cfn=(87)
calls=60 +3909 0
* * 60
cfl=
cfn=(87)
calls=40 +3778 0
* * 40
cfl=
cfn=(87)
calls=30 +2909 0
* * 30
cfl=
cfn=(87)
calls=10 +548 0
* * 10
cfl=
cfn=(87)
calls=10 +2269 0
* * 10
cfl=
cfn=(87)
calls=10 +3710 0
* * 10
+124 0 0
cfl=
cfn=(103)
calls=10 -3020470 0
* * 10
+337 0 0
cfl=
cfn=(78)
calls=10 -576597 0
* * 10
+1721 0 0
cfl=
cfn=(21)
calls=10 -3011735 0
* * 10
+640 0 0
cfl=
cfn=(21)
calls=40 -3013456 0
* * 40
cfl=
cfn=(21)
calls=10 -3013494 0
* * 10
cfl=
cfn=(21)
calls=10 -3013470 0
* * 10
+869 0 0
cfl=
cfn=(17)
calls=20 -2705740 0
* * 20
cfl=
cfn=(17)
calls=10 -2706818 0
* * 10
cfl=
cfn=(17)
calls=10 -2706654 0
* * 10
+131 0 0
cfl=
cfn=(166)
calls=40 -2808170 0
* * 40
cfl=
cfn=(166)
calls=20 -2808128 0
* * 20

ob=
fl=
fn=(223)
+1009 0 0
cfl=
cfn=(21)
calls=10 -3015096 0
* * 10

ob=
fl=
fn=(89)
+708123 0 0
cfl=
cfn=(230) github.com/nd-r/tech-db-forum/vendor/github.com/mailru/easyjson/jlexer.(*Lexer).fetchString
calls=140 +718903 0
* * 140

ob=
fl=
fn=(230)
+10780 0 0
cfl=
cfn=(11)
calls=40 +7514 0
* * 40
cfl=
cfn=(11)
calls=40 +7561 0
* * 40
cfl=
cfn=(11)
calls=30 +7526 0
* * 30
cfl=
cfn=(11)
calls=10 +7516 0
* * 10
cfl=
cfn=(11)
calls=10 +7606 0
* * 10
cfl=
cfn=(11)
calls=10 +7614 0
* * 10

ob=
fl=
fn=(231) github.com/nd-r/tech-db-forum/vendor/github.com/mailru/easyjson/jlexer.(*Lexer).IsDelim
+4421 0 0
cfl=
cfn=(89)
calls=10 -12091 0
* * 10

ob=
fl=
fn=(90)
+281 0 0
cfl=
cfn=(89)
calls=140 -15201 0
* * 140

ob=
fl=
fn=(91)
+894 0 0
cfl=
cfn=(8)
calls=140 +303 0
* * 140
cfl=
cfn=(8)
calls=40 +271 0
* * 40
cfl=
cfn=(8)
calls=30 +275 0
* * 30
cfl=
cfn=(8)
calls=30 +326 0
* * 30
cfl=
cfn=(8)
calls=30 +731 0
* * 30
cfl=
cfn=(8)
calls=30 +741 0
* * 30
cfl=
cfn=(8)
calls=20 +289 0
* * 20
cfl=
cfn=(8)
calls=10 +705 0
* * 10
cfl=
cfn=(8)
calls=10 +716 0
* * 10

ob=
fl=
fn=(232) github.com/nd-r/tech-db-forum/vendor/github.com/mailru/easyjson/jlexer.(*Lexer).String
+1570 0 0
cfl=
cfn=(168)
calls=20 -3518449 0
* * 20
cfl=
cfn=(168)
calls=10 -3518385 0
* * 10

ob=
fl=
fn=(233) github.com/nd-r/tech-db-forum/vendor/github.com/mailru/easyjson/buffer.putBuf
+19574 0 0
cfl=
cfn=(18)
calls=10 -3751065 0
* * 10
cfl=
cfn=(18)
calls=10 -3750958 0
* * 10
+83 0 0
cfl=
cfn=(105)
calls=20 -3763391 0
* * 20

ob=
fl=
fn=(92)
+205 0 0
cfl=
cfn=(165)
calls=10 -3555839 0
* * 10
+49 0 0
cfl=
cfn=(187)
calls=10 -3432152 0
* * 10

ob=
fl=
fn=(93)
+432 0 0
cfl=
cfn=(92)
calls=10 -49 0
* * 10
cfl=
cfn=(92)
calls=10 * 0
* * 10
cfl=
cfn=(92)
calls=10 +127 0
* * 10

ob=
fl=
fn=(234) github.com/nd-r/tech-db-forum/vendor/github.com/mailru/easyjson/buffer.(*Buffer).AppendByte
+703 0 0
cfl=
cfn=(93)
calls=10 +29 0
* * 10

ob=
fl=
fn=(235) github.com/nd-r/tech-db-forum/vendor/github.com/mailru/easyjson/buffer.(*Buffer).AppendBytes
+514 0 0
cfl=
cfn=(93)
calls=10 -703 0
* * 10

ob=
fl=
fn=(94)
+255 0 0
cfl=
cfn=(17)
calls=10 -3457038 0
* * 10
cfl=
cfn=(17)
calls=10 -3456945 0
* * 10
cfl=
cfn=(17)
calls=10 -3455358 0
* * 10
+263 0 0
cfl=
cfn=(93)
calls=10 -1472 0
* * 10

ob=
fl=
fn=(95)
+1153 0 0
cfl=
cfn=(233)
calls=20 -2504 0
* * 20
cfl=
cfn=(233)
calls=20 -2421 0
* * 20
+682 0 0
cfl=
cfn=(165)
calls=60 -3559413 0
* * 60

ob=
fl=
fn=(96)
+3216 0 0
cfl=
cfn=(234)
calls=10 -2867 0
* * 10

ob=
fl=
fn=(236) github.com/nd-r/tech-db-forum/vendor/github.com/mailru/easyjson/jwriter.(*Writer).RawString
+91 0 0
cfl=
cfn=(94)
calls=20 -5314 0
* * 20
cfl=
cfn=(94)
calls=10 -5299 0
* * 10

ob=
fl=
fn=(237) github.com/nd-r/tech-db-forum/vendor/github.com/mailru/easyjson/jwriter.(*Writer).Raw
+194 0 0
cfl=
cfn=(235)
calls=10 -5660 0
* * 10

ob=
fl=
fn=(97)
+2487 0 0
cfl=
cfn=(93)
calls=10 -7071 0
* * 10

ob=
fl=
fn=(10)
+8252 0 0
cfl=
cfn=(94)
calls=10 -8086 0
* * 10
cfl=
cfn=(94)
calls=10 -7823 0
* * 10

ob=
fl=
fn=(238) github.com/nd-r/tech-db-forum/models.easyjsonD2b7633eEncodeGithubComNdRTechDbForumModels7
+14299 0 0
cfl=
cfn=(236)
calls=10 -10933 0
* * 10
+288 0 0
cfl=
cfn=(97)
calls=10 -22593 0
* * 10

ob=
fl=
fn=(239) github.com/nd-r/tech-db-forum/models.Thread.MarshalJSON
+307 0 0
cfl=
cfn=(238)
calls=10 -288 0
* * 10
cfl=
cfn=(238)
calls=10 * 0
* * 10

ob=
fl=
fn=(240) github.com/nd-r/tech-db-forum/models.easyjsonD2b7633eDecodeGithubComNdRTechDbForumModels11
+844 0 0
cfl=
cfn=(91)
calls=340 -54617 0
* * 340
cfl=
cfn=(91)
calls=10 -54611 0
* * 10
+297 0 0
cfl=
cfn=(99)
calls=190 +6680 0
* * 190
cfl=
cfn=(99)
calls=10 +6593 0
* * 10
+93 0 0
cfl=
cfn=(23)
calls=10 -3787141 0
* * 10

ob=
fl=
fn=(241) github.com/nd-r/tech-db-forum/models.easyjsonD2b7633eEncodeGithubComNdRTechDbForumModels11
+466 0 0
cfl=
cfn=(59)
calls=10 -3490494 0
* * 10
+9 0 0
cfl=
cfn=(242) github.com/nd-r/tech-db-forum/models.Post.MarshalJSON
calls=440 +5449 0
* * 440
cfl=
cfn=(242)
calls=100 +5493 0
* * 100
+70 0 0
cfl=
cfn=(237)
calls=10 -27342 0
* * 10

ob=
fl=
fn=(243) github.com/nd-r/tech-db-forum/models.PostArr.MarshalJSON
+385 0 0
cfl=
cfn=(241)
calls=540 -70 0
* * 540
cfl=
cfn=(241)
calls=10 -79 0
* * 10
cfl=
cfn=(241)
calls=10 * 0
* * 10
+41 0 0
cfl=
cfn=(95)
calls=10 -31298 0
* * 10

ob=
fl=
fn=(244) github.com/nd-r/tech-db-forum/models.(*PostArr).UnmarshalJSON
+327 0 0
cfl=
cfn=(240)
calls=350 -1361 0
* * 350
cfl=
cfn=(240)
calls=200 -1064 0
* * 200
cfl=
cfn=(240)
calls=10 -971 0
* * 10

ob=
fl=
fn=(245) github.com/nd-r/tech-db-forum/models.easyjsonD2b7633eDecodeGithubComNdRTechDbForumModels12
+288 0 0
cfl=
cfn=(231)
calls=10 -58324 0
* * 10
+69 0 0
cfl=
cfn=(90)
calls=140 -58331 0
* * 140
cfl=
cfn=(90)
calls=10 -58372 0
* * 10
+2159 0 0
cfl=
cfn=(232)
calls=30 -55936 0
* * 30

ob=
fl=
fn=(98)
+788 0 0
cfl=
cfn=(96)
calls=10 -30966 0
* * 10
+159 0 0
cfl=
cfn=(10)
calls=10 -21909 0
* * 10
cfl=
cfn=(10)
calls=10 -21875 0
* * 10
cfl=
cfn=(10)
calls=10 -20784 0
* * 10
+88 0 0
cfl=
cfn=(10)
calls=60 -22039 0
* * 60
cfl=
cfn=(10)
calls=40 -22034 0
* * 40
cfl=
cfn=(10)
calls=30 -22068 0
* * 30
cfl=
cfn=(10)
calls=30 -21041 0
* * 30
cfl=
cfn=(10)
calls=20 -22078 0
* * 20
cfl=
cfn=(10)
calls=20 -22054 0
* * 20
cfl=
cfn=(10)
calls=20 -22043 0
* * 20
cfl=
cfn=(10)
calls=20 -21977 0
* * 20
cfl=
cfn=(10)
calls=20 -20889 0
* * 20
cfl=
cfn=(10)
calls=10 -22073 0
* * 10
cfl=
cfn=(10)
calls=10 -21017 0
* * 10
cfl=
cfn=(10)
calls=10 -21011 0
* * 10
cfl=
cfn=(10)
calls=10 -21003 0
* * 10
+99 0 0
cfl=
cfn=(66)
calls=40 -3278507 0
* * 40
cfl=
cfn=(66)
calls=10 -3278890 0
* * 10
+118 0 0
cfl=
cfn=(236)
calls=20 -32009 0
* * 20
+425 0 0
cfl=
cfn=(96)
calls=10 -32212 0
* * 10
+70 0 0
cfl=
cfn=(97)
calls=10 -29871 0
* * 10

ob=
fl=
fn=(242)
+354 0 0
cfl=
cfn=(98)
calls=300 -712 0
* * 300
cfl=
cfn=(98)
calls=50 -613 0
* * 50
cfl=
cfn=(98)
calls=30 -800 0
* * 30
cfl=
cfn=(98)
calls=20 -495 0
* * 20
cfl=
cfn=(98)
calls=10 -959 0
* * 10
cfl=
cfn=(98)
calls=10 -906 0
* * 10
cfl=
cfn=(98)
calls=10 -70 0
* * 10
cfl=
cfn=(98)
calls=10 * 0
* * 10
+44 0 0
cfl=
cfn=(95)
calls=50 -36283 0
* * 50
cfl=
cfn=(95)
calls=40 -36965 0
* * 40
cfl=
cfn=(95)
calls=10 -37068 0
* * 10

ob=
fl=
fn=(99)
+331 0 0
cfl=
cfn=(245)
calls=150 -4304 0
* * 150
cfl=
cfn=(245)
calls=30 -2145 0
* * 30
cfl=
cfn=(245)
calls=10 -4373 0
* * 10

ob=
fl=
fn=(14)
+22394 0 0
cfl=
cfn=(220)
calls=240 -851504 0
* * 240
+872 0 0
cfl=
cfn=(229)
calls=60 -819862 0
* * 60
+100 0 0
cfl=
cfn=(224)
calls=10 -845534 0
* * 10
+388 0 0
cfl=
cfn=(229)
calls=10 -820834 0
* * 10
+100 0 0
cfl=
cfn=(224)
calls=40 -846022 0
* * 40
+338 0 0
cfl=
cfn=(23)
calls=10 -3817392 0
* * 10
cfl=
cfn=(23)
calls=10 -3817378 0
* * 10
+43 0 0
cfl=
cfn=(105)
calls=10 -3828541 0
* * 10
+101 0 0
cfl=
cfn=(229)
calls=1690 -821703 0
* * 1690
+174 0 0
cfl=
cfn=(224)
calls=1850 -846604 0
* * 1850
cfl=
cfn=(224)
calls=60 -846479 0
* * 60
+30 0 0
cfl=
cfn=(23)
calls=10 -3818089 0
* * 10
cfl=
cfn=(23)
calls=10 -3818034 0
* * 10
+36 0 0
cfl=
cfn=(23)
calls=10 -3818064 0
* * 10
+762 0 0
cfl=
cfn=(105)
calls=10 -3828964 0
* * 10
+420 0 0
cfl=
cfn=(211)
calls=300 -942474 0
* * 300
cfl=
cfn=(211)
calls=100 -940532 0
* * 100
+113 0 0
cfl=
cfn=(212)
calls=10 -938438 0
* * 10
+17 0 0
cfl=
cfn=(213)
calls=40 -936138 0
* * 40
cfl=
cfn=(213)
calls=10 -936013 0
* * 10
+41 0 0
cfl=
cfn=(225)
calls=50 -826409 0
* * 50
+1041 0 0
cfl=
cfn=(229)
calls=610 -823397 0
* * 610
+155 0 0
cfl=
cfn=(224)
calls=200 -849238 0
* * 200
cfl=
cfn=(224)
calls=10 -849113 0
* * 10
+903 0 0
cfl=
cfn=(229)
calls=10 -824593 0
* * 10
+155 0 0
cfl=
cfn=(224)
calls=10 -850296 0
* * 10

ob=
fl=
fn=(246) github.com/nd-r/tech-db-forum/database.PutVote
+307 0 0
cfl=
cfn=(220)
calls=200 -879687 0
* * 200
+980 0 0
cfl=
cfn=(225)
calls=190 -829011 0
* * 190
+372 0 0
cfl=
cfn=(229)
calls=80 -826938 0
* * 80
+264 0 0
cfl=
cfn=(224)
calls=90 -852110 0
* * 90
cfl=
cfn=(224)
calls=20 -851985 0
* * 20

ob=
fl=
fn=(247) github.com/nd-r/tech-db-forum/vendor/github.com/valyala/fasthttp.(*RequestHeader).Read
+281119 0 0
cfl=
cfn=(248) github.com/nd-r/tech-db-forum/vendor/github.com/valyala/fasthttp.(*RequestHeader).tryRead
calls=210 +281416 0
* * 210

ob=
fl=
fn=(248)
+297 0 0
cfl=
cfn=(199)
calls=210 -3255454 0
* * 210

ob=
fl=
fn=(249) github.com/nd-r/tech-db-forum/vendor/github.com/valyala/fasthttp.(*ResponseHeader).Write
+2061 0 0
cfl=
cfn=(250) github.com/nd-r/tech-db-forum/vendor/github.com/valyala/fasthttp.(*ResponseHeader).Header
calls=10 +2370 0
* * 10
+44 0 0
cfl=
cfn=(69)
calls=10 -3249978 0
* * 10

ob=
fl=
fn=(250)
+265 0 0
cfl=
cfn=(100)
calls=10 +1946 0
* * 10

ob=
fl=
fn=(251) github.com/nd-r/tech-db-forum/vendor/github.com/valyala/fasthttp.(*Request).readLimitBody
+55947 0 0
cfl=
cfn=(247)
calls=210 -2667 0
* * 210
+140 0 0
cfl=
cfn=(252) github.com/nd-r/tech-db-forum/vendor/github.com/valyala/fasthttp.(*Request).ContinueReadBody
calls=40 +818 0
* * 40

ob=
fl=
fn=(252)
+678 0 0
cfl=
cfn=(253) github.com/nd-r/tech-db-forum/vendor/github.com/valyala/fasthttp.readBody
calls=40 +13578 0
* * 40

ob=
fl=
fn=(254) github.com/nd-r/tech-db-forum/vendor/github.com/valyala/fasthttp.(*Response).Write
+8042 0 0
cfl=
cfn=(249)
calls=10 -57074 0
* * 10
cfl=
cfn=(249)
calls=10 -57030 0
* * 10
+99 0 0
cfl=
cfn=(69)
calls=100 -3314872 0
* * 100
cfl=
cfn=(69)
calls=10 -3314744 0
* * 10

ob=
fl=
fn=(253)
+4759 0 0
cfl=
cfn=(255) github.com/nd-r/tech-db-forum/vendor/github.com/valyala/fasthttp.appendBodyFixedSize
calls=40 +6526 0
* * 40

ob=
fl=
fn=(255)
+1767 0 0
cfl=
cfn=(200)
calls=30 -3326537 0
* * 30
cfl=
cfn=(200)
calls=10 -3326159 0
* * 10

ob=
fl=
fn=(101)
+26277 0 0
cfl=
cfn=(256) github.com/nd-r/tech-db-forum/vendor/github.com/buaazp/fasthttprouter.(*Router).Handler-fm
calls=7160 +497852 0
* * 7160
+161 0 0
cfl=
cfn=(102)
calls=10 +38880 0
* * 10
+486 0 0
cfl=
cfn=(257) github.com/nd-r/tech-db-forum/vendor/github.com/valyala/fasthttp.writeResponse
calls=130 +7074 0
* * 130
+1002 0 0
cfl=
cfn=(201)
calls=100 -3349071 0
* * 100
+2061 0 0
cfl=
cfn=(251)
calls=210 -43411 0
* * 210
cfl=
cfn=(251)
calls=40 -43271 0
* * 40

ob=
fl=
fn=(257)
+3525 0 0
cfl=
cfn=(254)
calls=110 -36513 0
* * 110
cfl=
cfn=(254)
calls=20 -36612 0
* * 20

ob=
fl=
fn=(258) github.com/nd-r/tech-db-forum/vendor/github.com/valyala/fasthttp.(*workerPool).workerFunc
+35390 0 0
cfl=
cfn=(259) github.com/nd-r/tech-db-forum/vendor/github.com/valyala/fasthttp.(*Server).(github.com/nd-r/tech-db-forum/vendor/github.com/valyala/fasthttp.serveConn)-fm
calls=7660 +45854 0
* * 7660

ob=
fl=
fn=(185)
+4983 0 0
cfl=
cfn=(258)
calls=7660 * 0
* * 7660

ob=
fl=
fn=(259)
+5481 0 0
cfl=
cfn=(101)
calls=7160 -47608 0
* * 7160
cfl=
cfn=(101)
calls=250 -43898 0
* * 250
cfl=
cfn=(101)
calls=130 -46961 0
* * 130
cfl=
cfn=(101)
calls=100 -45959 0
* * 100
cfl=
cfn=(101)
calls=10 -47447 0
* * 10
cfl=
cfn=(101)
calls=10 -45795 0
* * 10

ob=
fl=
fn=(260) github.com/nd-r/tech-db-forum/vendor/github.com/buaazp/fasthttprouter.(*Router).Handler
+14197 0 0
cfl=
cfn=(168)
calls=10 -4045280 0
* * 10
+2518 0 0
cfl=
cfn=(261) github.com/nd-r/tech-db-forum/handlers.CreateNewPosts
calls=5420 +22332 0
* * 5420
cfl=
cfn=(262) github.com/nd-r/tech-db-forum/handlers.VoteThread
calls=580 +23722 0
* * 580
cfl=
cfn=(261)
calls=570 +23172 0
* * 570
cfl=
cfn=(261)
calls=560 +22292 0
* * 560
cfl=
cfn=(262)
calls=20 +23973 0
* * 20

ob=
fl=
fn=(261)
+19774 0 0
cfl=
cfn=(244)
calls=560 -486397 0
* * 560
+40 0 0
cfl=
cfn=(14)
calls=1910 -476669 0
* * 1910
cfl=
cfn=(14)
calls=1690 -476843 0
* * 1690
cfl=
cfn=(14)
calls=610 -474209 0
* * 610
cfl=
cfn=(14)
calls=400 -475421 0
* * 400
cfl=
cfn=(14)
calls=240 -478785 0
* * 240
cfl=
cfn=(14)
calls=210 -474054 0
* * 210
cfl=
cfn=(14)
calls=60 -477913 0
* * 60
cfl=
cfn=(14)
calls=50 -475291 0
* * 50
cfl=
cfn=(14)
calls=50 -475250 0
* * 50
cfl=
cfn=(14)
calls=40 -477325 0
* * 40
cfl=
cfn=(14)
calls=30 -476457 0
* * 30
cfl=
cfn=(14)
calls=20 -476987 0
* * 20
cfl=
cfn=(14)
calls=20 -476639 0
* * 20
cfl=
cfn=(14)
calls=10 -477813 0
* * 10
cfl=
cfn=(14)
calls=10 -477425 0
* * 10
cfl=
cfn=(14)
calls=10 -476944 0
* * 10
cfl=
cfn=(14)
calls=10 -476842 0
* * 10
cfl=
cfn=(14)
calls=10 -476603 0
* * 10
cfl=
cfn=(14)
calls=10 -475841 0
* * 10
cfl=
cfn=(14)
calls=10 -475308 0
* * 10
cfl=
cfn=(14)
calls=10 -473151 0
* * 10
cfl=
cfn=(14)
calls=10 -472996 0
* * 10
+840 0 0
cfl=
cfn=(243)
calls=560 -506579 0
* * 560
cfl=
cfn=(243)
calls=10 -506538 0
* * 10

ob=
fl=
fn=(262)
+550 0 0
cfl=
cfn=(246)
calls=200 -473569 0
* * 200
cfl=
cfn=(246)
calls=190 -472589 0
* * 190
cfl=
cfn=(246)
calls=110 -471953 0
* * 110
cfl=
cfn=(246)
calls=80 -472217 0
* * 80
+251 0 0
cfl=
cfn=(239)
calls=20 -510133 0
* * 20

ob=
fl=
fn=(256)
+380316 0 0
cfl=
cfn=(260)
calls=7150 -21455 0
* * 7150
cfl=
cfn=(260)
calls=10 -23973 0
* * 10
