positions: instr line
events: cpu(ms)

ob=
fl=
fn=(1) syscall.Syscall
0x1083c6a 0 2580

ob=
fl=
fn=(2) runtime.kevent
-165863 0 1120

ob=
fl=
fn=(3) runtime.usleep
-525 0 730

ob=
fl=
fn=(4) runtime.mach_semaphore_signal
+341 0 670

ob=
fl=
fn=(5) runtime.freedefer
-195684 0 460

ob=
fl=
fn=(6) runtime.mach_semaphore_wait
+195636 0 340

ob=
fl=
fn=(7) runtime.mach_semaphore_timedwait
+24 0 310

ob=
fl=
fn=(8) runtime.getitab
-315151 0 20

ob=
fl=
fn=(9) runtime.gopark
+130763 0 20

ob=
fl=
fn=(10) runtime.gfget
+30534 0 20

ob=
fl=
fn=(11) runtime.closechan
-193303 0 10

ob=
fl=
fn=(12) runtime.chanrecv
+2562 0 10

ob=
fl=
fn=(13) runtime.convT2I
+33315 0 10

ob=
fl=
fn=(14) runtime.assertE2I2
+1424 0 10

ob=
fl=
fn=(15) runtime.lock
+873 0 10

ob=
fl=
fn=(16) runtime.notesleep
+991 0 10

ob=
fl=
fn=(17) runtime.mallocgc
+5136 0 10
+1126 0 10
+19 0 10
+266 0 10

ob=
fl=
fn=(18) runtime.heapBitsSetType
+11419 0 10

ob=
fl=
fn=(19) runtime.(*mcentral).cacheSpan
+4758 0 10

ob=
fl=
fn=(20) runtime.gcDrainN
+34592 0 10

ob=
fl=
fn=(21) runtime.scanobject
+1118 0 10

ob=
fl=
fn=(22) runtime.(*mheap).alloc_m
+16866 0 10

ob=
fl=
fn=(23) runtime.newMarkBits
+9809 0 10

ob=
fl=
fn=(24) runtime.netpollblockcommit
+17552 0 10

ob=
fl=
fn=(25) runtime.netpollblock
+263 0 10

ob=
fl=
fn=(26) runtime.netpollunblock
+206 0 10

ob=
fl=
fn=(27) runtime.netpoll
+1779 0 10

ob=
fl=
fn=(28) runtime.semasleep
+3621 0 10

ob=
fl=
fn=(29) runtime.deferproc
+1964 0 10

ob=
fl=
fn=(30) runtime.findrunnable
+31579 0 10

ob=
fl=
fn=(31) runtime.goexit1
+4540 0 10

ob=
fl=
fn=(32) runtime.entersyscall
+1776 0 10

ob=
fl=
fn=(33) runtime.acquirep
+11363 0 10

ob=
fl=
fn=(34) runtime.sysmon
+2486 0 10

ob=
fl=
fn=(35) runtime.retake
+1492 0 10

ob=
fl=
fn=(36) runtime.pidleget
+3875 0 10

ob=
fl=
fn=(37) runtime.runqput
+209 0 10

ob=
fl=
fn=(38) runtime.makeslice
+36280 0 10

ob=
fl=
fn=(39) runtime.unixnanotime
+20646 0 10

ob=
fl=
fn=(40) runtime.readvarint
+10033 0 10

ob=
fl=
fn=(41) runtime.newdefer.func1
+50559 0 10

ob=
fl=
fn=(42) runtime.systemstack
+6433 0 10
+34 0 10

ob=
fl=
fn=(43) runtime.memeqbody
+9004 0 10

ob=
fl=
fn=(44) runtime.memclrNoHeapPointers
+3715 0 10
+16 0 10

ob=
fl=
fn=(45) runtime.memmove
+335 0 10
+34 0 10
+1589 0 10
+67 0 10

ob=
fl=
fn=(7)
+1437 0 10

ob=
fl=
fn=(46) bytes.LastIndex
+72852 0 10

ob=
fl=
fn=(47) bytes.Index
+6015 0 10

ob=
fl=
fn=(48) reflect.(*rtype).ptrTo
+224551 0 10

ob=
fl=
fn=(49) reflect.flag.mustBeExported
+19919 0 10

ob=
fl=
fn=(50) reflect.Value.Type
+27705 0 10

ob=
fl=
fn=(51) reflect.ValueOf
+5206 0 10

ob=
fl=
fn=(52) database/sql.driverArgs
+151093 0 10

ob=
fl=
fn=(53) database/sql.convertAssign
+5261 0 10

ob=
fl=
fn=(54) database/sql.asString
+6575 0 10

ob=
fl=
fn=(55) database/sql.(*DB).begin
+34677 0 10

ob=
fl=
fn=(56) database/sql.(*Rows).close
+23673 0 10

ob=
fl=
fn=(57) bufio.(*Reader).Read
+49168 0 10

ob=
fl=
fn=(58) github.com/nd-r/tech-db-forum/vendor/github.com/lib/pq.(*conn).begin
+1090562 0 10

ob=
fl=
fn=(59) github.com/nd-r/tech-db-forum/vendor/github.com/lib/pq.(*conn).prepareTo
+8896 0 10

ob=
fl=
fn=(60) github.com/nd-r/tech-db-forum/vendor/github.com/lib/pq.(*conn).query
+3265 0 10

ob=
fl=
fn=(61) github.com/nd-r/tech-db-forum/vendor/github.com/lib/pq.(*conn).recv1
+3809 0 10

ob=
fl=
fn=(62) github.com/nd-r/tech-db-forum/vendor/github.com/lib/pq.parseStatementRowDescribe
+30494 0 10

ob=
fl=
fn=(63) github.com/nd-r/tech-db-forum/vendor/github.com/mailru/easyjson/jlexer.(*Lexer).IsNull
+910275 0 10

ob=
fl=
fn=(64) github.com/nd-r/tech-db-forum/vendor/github.com/mailru/easyjson/jwriter.(*Writer).String
+39488 0 10
+1046 0 10

ob=
fl=
fn=(65) github.com/nd-r/tech-db-forum/vendor/github.com/valyala/fasthttp.appendArgBytes
+231130 0 10

ob=
fl=
fn=(66) github.com/nd-r/tech-db-forum/vendor/github.com/valyala/fasthttp.(*RequestHeader).parseHeaders
+150452 0 10

ob=
fl=
fn=(67) github.com/nd-r/tech-db-forum/vendor/github.com/valyala/fasthttp.statusLine
+82136 0 10

ob=
fl=
fn=(68) github.com/nd-r/tech-db-forum/vendor/github.com/buaazp/fasthttprouter.(*Router).Handler-fm
+607882 0 10

ob=
fl=
fn=(11)
-4133896 0 0
cfl=
cfn=(15)
calls=10 -4095117 0
* * 10
+589 0 0
cfl=
cfn=(69) runtime.goready
calls=50 +163698 0
* * 50

ob=
fl=
fn=(70) runtime.chanrecv1
+246 0 0
cfl=
cfn=(12)
calls=10 +1218 0
* * 10

ob=
fl=
fn=(12)
+972 0 0
cfl=
cfn=(71) runtime.goparkunlock
calls=10 +162761 0
* * 10

ob=
fl=
fn=(72) runtime.selectnbrecv
+2243 0 0
cfl=
cfn=(12)
calls=10 +1360 0
* * 10

ob=
fl=
fn=(73) runtime.convT2E
+32260 0 0
cfl=
cfn=(74) runtime.newobject
calls=20 +43124 0
* * 20

ob=
fl=
fn=(75) runtime.convI2I
+400 0 0
cfl=
cfn=(8)
calls=10 -3699 0
* * 10

ob=
fl=
fn=(76) runtime.assertI2I2
+645 0 0
cfl=
cfn=(8)
calls=10 -4099 0
* * 10

ob=
fl=
fn=(15)
+1746 0 0
cfl=
cfn=(77) runtime.osyield
calls=10 +111085 0
* * 10

ob=
fl=
fn=(78) runtime.notewakeup
+433 0 0
cfl=
cfn=(79) runtime.semawakeup
calls=670 +106194 0
* * 670

ob=
fl=
fn=(16)
+226 0 0
cfl=
cfn=(28)
calls=340 +108765 0
* * 340

ob=
fl=
fn=(80) runtime.notetsleep_internal
+199 0 0
cfl=
cfn=(28)
calls=320 +108539 0
* * 320
cfl=
cfn=(28)
calls=10 +108540 0
* * 10

ob=
fl=
fn=(81) runtime.notetsleep
+492 0 0
cfl=
cfn=(80)
calls=330 * 0
* * 330

ob=
fl=
fn=(82) runtime.(*mcache).nextFree
+3268 0 0
cfl=
cfn=(42)
calls=40 +291108 0
* * 40
cfl=
cfn=(42)
calls=10 +291158 0
* * 10

ob=
fl=
fn=(17)
+1931 0 0
cfl=
cfn=(18)
calls=10 +14017 0
* * 10
+611 0 0
cfl=
cfn=(82)
calls=50 -1931 0
* * 50
+432 0 0
cfl=
cfn=(83) runtime.gcAssistAlloc
calls=20 +43085 0
* * 20

ob=
fl=
fn=(74)
+481 0 0
cfl=
cfn=(17)
calls=20 -432 0
* * 20
cfl=
cfn=(17)
calls=20 * 0
* * 20
cfl=
cfn=(17)
calls=10 -1043 0
* * 10
cfl=
cfn=(17)
calls=10 -661 0
* * 10
cfl=
cfn=(17)
calls=10 -642 0
* * 10
cfl=
cfn=(17)
calls=10 -376 0
* * 10

ob=
fl=
fn=(84) runtime.heapBits.initSpan
+9047 0 0
cfl=
cfn=(23)
calls=10 +77705 0
* * 10

ob=
fl=
fn=(85) runtime.(*mcache).refill
+5841 0 0
cfl=
cfn=(19)
calls=30 +6507 0
* * 30
cfl=
cfn=(19)
calls=10 +6273 0
* * 10

ob=
fl=
fn=(19)
+666 0 0
cfl=
cfn=(86) runtime.(*mcentral).grow
calls=20 +2318 0
* * 20
cfl=
cfn=(86)
calls=10 +2406 0
* * 10

ob=
fl=
fn=(86)
+1652 0 0
cfl=
cfn=(87) runtime.(*mheap).alloc
calls=20 +53355 0
* * 20
+88 0 0
cfl=
cfn=(84)
calls=10 -8159 0
* * 10

ob=
fl=
fn=(88) runtime.gcMarkDone
+11765 0 0
cfl=
cfn=(89) runtime.gcMarkTermination
calls=10 +12217 0
* * 10

ob=
fl=
fn=(89)
+452 0 0
cfl=
cfn=(42)
calls=10 +255326 0
* * 10

ob=
fl=
fn=(90) runtime.gcBgMarkWorker
+3517 0 0
cfl=
cfn=(42)
calls=30 +254874 0
* * 30
+263 0 0
cfl=
cfn=(88)
calls=10 -3969 0
* * 10

ob=
fl=
fn=(91) runtime.gcMark
+2166 0 0
cfl=
cfn=(92) runtime.helpgc
calls=10 +89027 0
* * 10

ob=
fl=
fn=(83)
+6715 0 0
cfl=
cfn=(42)
calls=10 +248928 0
* * 10
cfl=
cfn=(42)
calls=10 +248978 0
* * 10

ob=
fl=
fn=(93) runtime.gcAssistAlloc1
+547 0 0
cfl=
cfn=(20)
calls=10 +7740 0
* * 10

ob=
fl=
fn=(94) runtime.scanstack
+2382 0 0
cfl=
cfn=(95) runtime.gentraceback
calls=10 +208858 0
* * 10

ob=
fl=
fn=(96) runtime.scanframeworker
+1242 0 0
cfl=
cfn=(97) runtime.pcdatavalue
calls=10 +181588 0
* * 10

ob=
fl=
fn=(98) runtime.gcDrain
+2576 0 0
cfl=
cfn=(21)
calls=10 +4687 0
* * 10
+140 0 0
cfl=
cfn=(99) runtime.pollWork
calls=10 +87575 0
* * 10
+353 0 0
cfl=
cfn=(100) runtime.(*gcWork).balance
calls=10 +13283 0
* * 10

ob=
fl=
fn=(100)
+12930 0 0
cfl=
cfn=(101) runtime.handoff
calls=10 +14795 0
* * 10

ob=
fl=
fn=(101)
+1865 0 0
cfl=
cfn=(45)
calls=10 +236746 0
* * 10

ob=
fl=
fn=(87)
+4702 0 0
cfl=
cfn=(44)
calls=10 +232907 0
* * 10
cfl=
cfn=(44)
calls=10 +232923 0
* * 10

ob=
fl=
fn=(102) net.runtime_pollWait
+24116 0 0
cfl=
cfn=(25)
calls=10 +26610 0
* * 10
cfl=
cfn=(25)
calls=10 +26611 0
* * 10

ob=
fl=
fn=(103) runtime.netpollready
+2096 0 0
cfl=
cfn=(26)
calls=10 +2701 0
* * 10

ob=
fl=
fn=(25)
+398 0 0
cfl=
cfn=(9)
calls=10 +21079 0
* * 10

ob=
fl=
fn=(27)
+2109 0 0
cfl=
cfn=(2)
calls=1120 +205277 0
* * 1120
+366 0 0
cfl=
cfn=(103)
calls=10 -2507 0
* * 10

ob=
fl=
fn=(79)
+127 0 0
cfl=
cfn=(104) runtime.mach_semrelease
calls=670 +3176 0
* * 670

ob=
fl=
fn=(105) runtime.semasleep1
+2682 0 0
cfl=
cfn=(6)
calls=340 +202443 0
* * 340
+150 0 0
cfl=
cfn=(7)
calls=310 +199785 0
* * 310
cfl=
cfn=(7)
calls=10 +199789 0
* * 10

ob=
fl=
fn=(28)
+172 0 0
cfl=
cfn=(42)
calls=660 +183482 0
* * 660

ob=
fl=
fn=(104)
+45 0 0
cfl=
cfn=(4)
calls=670 +199487 0
* * 670

ob=
fl=
fn=(77)
+96 0 0
cfl=
cfn=(3)
calls=20 +199101 0
* * 20

ob=
fl=
fn=(29)
+1911 0 0
cfl=
cfn=(106) runtime.newdefer
calls=10 +3460 0
* * 10

ob=
fl=
fn=(106)
+1549 0 0
cfl=
cfn=(42)
calls=10 +181208 0
* * 10

ob=
fl=
fn=(107) runtime.deferreturn
+959 0 0
cfl=
cfn=(5)
calls=460 +202 0
* * 460

ob=
fl=
fn=(71)
+10737 0 0
cfl=
cfn=(9)
calls=10 +10515 0
* * 10

ob=
fl=
fn=(69)
+102 0 0
cfl=
cfn=(42)
calls=50 +167963 0
* * 50

ob=
fl=
fn=(108) runtime.ready
+5137 0 0
cfl=
cfn=(109) runtime.wakep
calls=50 +15972 0
* * 50

ob=
fl=
fn=(92)
+657 0 0
cfl=
cfn=(78)
calls=10 -129301 0
* * 10

ob=
fl=
fn=(110) runtime.casgstatus
+1443 0 0
cfl=
cfn=(77)
calls=10 -21052 0
* * 10

ob=
fl=
fn=(111) runtime.scang
+944 0 0
cfl=
cfn=(94)
calls=10 -78660 0
* * 10

ob=
fl=
fn=(112) runtime.mstart
+2107 0 0
cfl=
cfn=(113) runtime.mstart1
calls=910 +2405 0
* * 910

ob=
fl=
fn=(113)
+298 0 0
cfl=
cfn=(34)
calls=550 +28015 0
* * 550
cfl=
cfn=(34)
calls=330 +28177 0
* * 330
cfl=
cfn=(34)
calls=10 +28022 0
* * 10
cfl=
cfn=(34)
calls=10 +28305 0
* * 10
cfl=
cfn=(34)
calls=10 +28358 0
* * 10

ob=
fl=
fn=(114) runtime.stopm
+3887 0 0
cfl=
cfn=(16)
calls=340 -134524 0
* * 340
cfl=
cfn=(16)
calls=10 -134514 0
* * 10

ob=
fl=
fn=(115) runtime.startm
+496 0 0
cfl=
cfn=(78)
calls=390 -138637 0
* * 390

ob=
fl=
fn=(109)
+1003 0 0
cfl=
cfn=(115)
calls=330 * 0
* * 330

ob=
fl=
fn=(116) runtime.execute
+1028 0 0
cfl=
cfn=(110)
calls=10 -8735 0
* * 10

ob=
fl=
fn=(30)
+635 0 0
cfl=
cfn=(15)
calls=10 -141597 0
* * 10
+445 0 0
cfl=
cfn=(114)
calls=350 -3162 0
* * 350
+59 0 0
cfl=
cfn=(27)
calls=720 -36976 0
* * 720
+62 0 0
cfl=
cfn=(36)
calls=10 +25538 0
* * 10
+63 0 0
cfl=
cfn=(33)
calls=10 +17623 0
* * 10
+21 0 0
cfl=
cfn=(117) runtime.injectglist
calls=60 +2362 0
* * 60
+922 0 0
cfl=
cfn=(118) runtime.runqsteal
calls=160 +26950 0
* * 160
+242 0 0
cfl=
cfn=(27)
calls=390 -38103 0
* * 390
cfl=
cfn=(27)
calls=10 -38226 0
* * 10
cfl=
cfn=(27)
calls=10 -37737 0
* * 10

ob=
fl=
fn=(99)
+521 0 0
cfl=
cfn=(27)
calls=10 -38345 0
* * 10

ob=
fl=
fn=(119) runtime.resetspinning
+203 0 0
cfl=
cfn=(109)
calls=90 -3998 0
* * 90

ob=
fl=
fn=(117)
+453 0 0
cfl=
cfn=(115)
calls=60 -5204 0
* * 60

ob=
fl=
fn=(120) runtime.schedule
+385 0 0
cfl=
cfn=(116)
calls=10 -3626 0
* * 10
+15 0 0
cfl=
cfn=(119)
calls=90 -838 0
* * 90
+22 0 0
cfl=
cfn=(30)
calls=720 -2887 0
* * 720
cfl=
cfn=(30)
calls=410 -1577 0
* * 410
cfl=
cfn=(30)
calls=350 -2946 0
* * 350
cfl=
cfn=(30)
calls=160 -1819 0
* * 160
cfl=
cfn=(30)
calls=60 -2741 0
* * 60
cfl=
cfn=(30)
calls=10 -3391 0
* * 10
cfl=
cfn=(30)
calls=10 -2881 0
* * 10
cfl=
cfn=(30)
calls=10 -2825 0
* * 10
cfl=
cfn=(30)
calls=10 -2762 0
* * 10

ob=
fl=
fn=(121) runtime.park_m
+767 0 0
cfl=
cfn=(120)
calls=1000 * 0
* * 1000
cfl=
cfn=(120)
calls=70 -22 0
* * 70
+52 0 0
cfl=
cfn=(24)
calls=10 -43082 0
* * 10

ob=
fl=
fn=(122) runtime.goexit0
+1465 0 0
cfl=
cfn=(120)
calls=740 -819 0
* * 740
cfl=
cfn=(120)
calls=20 -841 0
* * 20
cfl=
cfn=(120)
calls=10 -856 0
* * 10

ob=
fl=
fn=(123) runtime.reentersyscall
+1032 0 0
cfl=
cfn=(42)
calls=270 +144529 0
* * 270

ob=
fl=
fn=(32)
+148 0 0
cfl=
cfn=(123)
calls=270 * 0
* * 270

ob=
fl=
fn=(124) runtime.entersyscall_sysmon
+120 0 0
cfl=
cfn=(78)
calls=270 -148676 0
* * 270

ob=
fl=
fn=(125) runtime.newproc
+3023 0 0
cfl=
cfn=(42)
calls=220 +143229 0
* * 220

ob=
fl=
fn=(126) runtime.newproc1
+169 0 0
cfl=
cfn=(10)
calls=20 +2555 0
* * 20
+523 0 0
cfl=
cfn=(37)
calls=10 +16062 0
* * 10
+119 0 0
cfl=
cfn=(109)
calls=190 -12375 0
* * 190

ob=
fl=
fn=(127) runtime._System
+2731 0 0
cfl=
cfn=(42)
calls=10 +139371 0
* * 10
cfl=
cfn=(42)
calls=10 +139405 0
* * 10

ob=
fl=
fn=(34)
+7106 0 0
cfl=
cfn=(3)
calls=550 +152550 0
* * 550
+162 0 0
cfl=
cfn=(81)
calls=330 -161550 0
* * 330
+128 0 0
cfl=
cfn=(39)
calls=10 +62347 0
* * 10
+53 0 0
cfl=
cfn=(35)
calls=10 +1209 0
* * 10

ob=
fl=
fn=(128) runtime.runqgrab
+6367 0 0
cfl=
cfn=(3)
calls=160 +145101 0
* * 160

ob=
fl=
fn=(118)
+222 0 0
cfl=
cfn=(128)
calls=160 * 0
* * 160

ob=
fl=
fn=(38)
+35012 0 0
cfl=
cfn=(17)
calls=10 -162672 0
* * 10

ob=
fl=
fn=(129) runtime.growslice
+803 0 0
cfl=
cfn=(17)
calls=10 -197684 0
* * 10

ob=
fl=
fn=(130) runtime.slicebytetostring
+15360 0 0
cfl=
cfn=(131) runtime.rawstringtmp
calls=10 +15626 0
* * 10

ob=
fl=
fn=(131)
+266 0 0
cfl=
cfn=(132) runtime.rawstring
calls=10 +1847 0
* * 10

ob=
fl=
fn=(133) runtime.stringtoslicebyte
+257 0 0
cfl=
cfn=(134) runtime.rawbyteslice
calls=10 +1824 0
* * 10

ob=
fl=
fn=(132)
+1324 0 0
cfl=
cfn=(17)
calls=10 -215725 0
* * 10

ob=
fl=
fn=(134)
+243 0 0
cfl=
cfn=(17)
calls=10 -215694 0
* * 10

ob=
fl=
fn=(135) runtime.pcvalue
+9147 0 0
cfl=
cfn=(136) runtime.step
calls=10 +12083 0
* * 10

ob=
fl=
fn=(97)
+2518 0 0
cfl=
cfn=(135)
calls=10 * 0
* * 10

ob=
fl=
fn=(136)
+418 0 0
cfl=
cfn=(40)
calls=10 +680 0
* * 10

ob=
fl=
fn=(95)
+24470 0 0
cfl=
cfn=(137) runtime.scanstack.func1
calls=10 +48595 0
* * 10

ob=
fl=
fn=(138) runtime.(*mcache).nextFree.func1
+20433 0 0
cfl=
cfn=(85)
calls=40 -236689 0
* * 40

ob=
fl=
fn=(139) runtime.gcMarkTermination.func1
+2363 0 0
cfl=
cfn=(91)
calls=10 -236553 0
* * 10

ob=
fl=
fn=(140) runtime.gcBgMarkWorker.func2
+633 0 0
cfl=
cfn=(98)
calls=10 -225454 0
* * 10
cfl=
cfn=(98)
calls=10 -225314 0
* * 10
+116 0 0
cfl=
cfn=(98)
calls=10 -225594 0
* * 10

ob=
fl=
fn=(141) runtime.markroot.func1
+163 0 0
cfl=
cfn=(111)
calls=10 -150417 0
* * 10

ob=
fl=
fn=(142) runtime.gcAssistAlloc.func1
+278 0 0
cfl=
cfn=(93)
calls=10 -232566 0
* * 10

ob=
fl=
fn=(137)
+139 0 0
cfl=
cfn=(96)
calls=10 -229220 0
* * 10

ob=
fl=
fn=(143) runtime.(*mheap).alloc.func1
+349 0 0
cfl=
cfn=(22)
calls=10 -207806 0
* * 10

ob=
fl=
fn=(144) runtime.semasleep.func1
+1688 0 0
cfl=
cfn=(105)
calls=340 -175248 0
* * 340
cfl=
cfn=(105)
calls=320 -175098 0
* * 320

ob=
fl=
fn=(145) runtime.goready.func1
+2021 0 0
cfl=
cfn=(108)
calls=50 -156078 0
* * 50

ob=
fl=
fn=(146) runtime.newproc.func1
+1913 0 0
cfl=
cfn=(126)
calls=190 -134770 0
* * 190
cfl=
cfn=(126)
calls=20 -135412 0
* * 20
cfl=
cfn=(126)
calls=10 -134889 0
* * 10

ob=
fl=
fn=(147) runtime.mcall
+2554 0 0
cfl=
cfn=(121)
calls=1070 -143334 0
* * 1070
cfl=
cfn=(122)
calls=770 -141817 0
* * 770
cfl=
cfn=(121)
calls=10 -143282 0
* * 10

ob=
fl=
fn=(42)
+158 0 0
cfl=
cfn=(124)
calls=270 -143071 0
* * 270
cfl=
cfn=(146)
calls=220 -2554 0
* * 220
cfl=
cfn=(145)
calls=50 -4467 0
* * 50
cfl=
cfn=(138)
calls=40 -12217 0
* * 40
cfl=
cfn=(140)
calls=20 -9221 0
* * 20
cfl=
cfn=(139)
calls=10 -9854 0
* * 10
cfl=
cfn=(140)
calls=10 -9105 0
* * 10
cfl=
cfn=(142)
calls=10 -8664 0
* * 10
cfl=
cfn=(41)
calls=10 -6299 0
* * 10
+50 0 0
cfl=
cfn=(144)
calls=660 -6646 0
* * 660
cfl=
cfn=(141)
calls=10 -9100 0
* * 10
cfl=
cfn=(143)
calls=10 -8334 0
* * 10

ob=
fl=
fn=(148) runtime.goexit
+11014 0 0
cfl=
cfn=(149) github.com/nd-r/tech-db-forum/vendor/github.com/valyala/fasthttp.(*workerPool).getCh.func1
calls=4040 +3227866 0
* * 4040
cfl=
cfn=(150) database/sql.(*Rows).awaitDone
calls=70 +587921 0
* * 70
cfl=
cfn=(90)
calls=30 -251407 0
* * 30
cfl=
cfn=(90)
calls=10 -251144 0
* * 10
cfl=
cfn=(151) database/sql.(*Tx).awaitDone
calls=10 +570604 0
* * 10
+5 0 0
cfl=
cfn=(31)
calls=10 -156240 0
* * 10

ob=
fl=
fn=(152) io.ReadAtLeast
+30451 0 0
cfl=
cfn=(57)
calls=1620 +632268 0
* * 1620
cfl=
cfn=(57)
calls=10 +631833 0
* * 10
cfl=
cfn=(57)
calls=10 +632572 0
* * 10

ob=
fl=
fn=(153) io.ReadFull
+367 0 0
cfl=
cfn=(152)
calls=1640 * 0
* * 1640

ob=
fl=
fn=(154) syscall.Read
+124913 0 0
cfl=
cfn=(155) syscall.read
calls=1450 +136461 0
* * 1450

ob=
fl=
fn=(156) syscall.Write
+128 0 0
cfl=
cfn=(157) syscall.write
calls=1410 +13724 0
* * 1410

ob=
fl=
fn=(155)
+11420 0 0
cfl=
cfn=(1)
calls=1180 +15346 0
* * 1180
cfl=
cfn=(1)
calls=270 +15308 0
* * 270

ob=
fl=
fn=(157)
+2176 0 0
cfl=
cfn=(1)
calls=1400 +3926 0
* * 1400
cfl=
cfn=(1)
calls=10 +3888 0
* * 10

ob=
fl=
fn=(1)
+1712 0 0
cfl=
cfn=(32)
calls=270 -323873 0
* * 270
cfl=
cfn=(32)
calls=10 -323924 0
* * 10

ob=
fl=
fn=(158) reflect.Value.Set
+179147 0 0
cfl=
cfn=(49)
calls=10 +157308 0
* * 10

ob=
fl=
fn=(159) reflect.New
+11586 0 0
cfl=
cfn=(48)
calls=10 -41758 0
* * 10

ob=
fl=
fn=(160) context.(*cancelCtx).Err
+118388 0 0
cfl=
cfn=(107)
calls=70 -551669 0
* * 70

ob=
fl=
fn=(161) context.(*cancelCtx).cancel
+386 0 0
cfl=
cfn=(11)
calls=50 -822327 0
* * 50
cfl=
cfn=(11)
calls=10 -822916 0
* * 10
cfl=
cfn=(11)
calls=10 -822311 0
* * 10

ob=
fl=
fn=(162) context.WithCancel.func1
+3727 0 0
cfl=
cfn=(161)
calls=70 * 0
* * 70

ob=
fl=
fn=(53)
+31314 0 0
cfl=
cfn=(14)
calls=10 -789123 0
* * 10
+53 0 0
cfl=
cfn=(51)
calls=10 -154329 0
* * 10
+1375 0 0
cfl=
cfn=(54)
calls=10 +8547 0
* * 10
+785 0 0
cfl=
cfn=(159)
calls=10 -155243 0
* * 10
+70 0 0
cfl=
cfn=(158)
calls=10 -167614 0
* * 10
+1439 0 0
cfl=
cfn=(50)
calls=10 -161818 0
* * 10

ob=
fl=
fn=(163) database/sql.ctxDriverQuery
+9786 0 0
cfl=
cfn=(164) github.com/nd-r/tech-db-forum/vendor/github.com/lib/pq.(*conn).QueryContext
calls=2020 +1258116 0
* * 2020

ob=
fl=
fn=(165) database/sql.ctxDriverBegin
+1561 0 0
cfl=
cfn=(166) github.com/nd-r/tech-db-forum/vendor/github.com/lib/pq.(*conn).BeginTx
calls=560 +1249425 0
* * 560

ob=
fl=
fn=(167) database/sql.(*DB).queryConn
+24449 0 0
cfl=
cfn=(76)
calls=10 -836057 0
* * 10
+1219 0 0
cfl=
cfn=(52)
calls=10 -42754 0
* * 10
+311 0 0
cfl=
cfn=(168) database/sql.withLock
calls=2020 +27787 0
* * 2020
+213 0 0
cfl=
cfn=(169) database/sql.(*Rows).initContextClose
calls=140 +19969 0
* * 140

ob=
fl=
fn=(170) database/sql.(*DB).BeginTx
+1002 0 0
cfl=
cfn=(55)
calls=560 +1881 0
* * 560
cfl=
cfn=(55)
calls=80 +2174 0
* * 80
cfl=
cfn=(55)
calls=10 +1980 0
* * 10
cfl=
cfn=(55)
calls=10 +2016 0
* * 10

ob=
fl=
fn=(171) database/sql.(*DB).Begin
+492 0 0
cfl=
cfn=(170)
calls=660 * 0
* * 660

ob=
fl=
fn=(55)
+387 0 0
cfl=
cfn=(168)
calls=560 +25769 0
* * 560
+99 0 0
cfl=
cfn=(74)
calls=10 -854311 0
* * 10
+194 0 0
cfl=
cfn=(125)
calls=80 -710231 0
* * 80

ob=
fl=
fn=(151)
+435 0 0
cfl=
cfn=(70)
calls=10 -900943 0
* * 10

ob=
fl=
fn=(172) database/sql.(*Tx).close
+240 0 0
cfl=
cfn=(162)
calls=50 -75184 0
* * 50

ob=
fl=
fn=(173) database/sql.(*Tx).Commit
+811 0 0
cfl=
cfn=(72)
calls=10 -898403 0
* * 10
+107 0 0
cfl=
cfn=(168)
calls=440 +23603 0
* * 440
+70 0 0
cfl=
cfn=(172)
calls=50 -918 0
* * 50

ob=
fl=
fn=(174) database/sql.(*Tx).QueryContext
+6413 0 0
cfl=
cfn=(167)
calls=2020 -4050 0
* * 2020
cfl=
cfn=(167)
calls=140 -3837 0
* * 140
cfl=
cfn=(167)
calls=10 -5580 0
* * 10
cfl=
cfn=(167)
calls=10 -4361 0
* * 10

ob=
fl=
fn=(175) database/sql.(*Tx).Query
+226 0 0
cfl=
cfn=(174)
calls=2180 * 0
* * 2180

ob=
fl=
fn=(169)
+9280 0 0
cfl=
cfn=(125)
calls=140 -718727 0
* * 140

ob=
fl=
fn=(150)
+170 0 0
cfl=
cfn=(160)
calls=70 -96444 0
* * 70

ob=
fl=
fn=(176) database/sql.(*Rows).Next
+199 0 0
cfl=
cfn=(168)
calls=10 +7337 0
* * 10
+42 0 0
cfl=
cfn=(177) database/sql.(*Rows).Close
calls=10 +5226 0
* * 10

ob=
fl=
fn=(178) database/sql.(*Rows).nextLocked
+127 0 0
cfl=
cfn=(179) github.com/nd-r/tech-db-forum/vendor/github.com/lib/pq.(*rows).Next
calls=10 +1178506 0
* * 10

ob=
fl=
fn=(180) database/sql.(*Rows).Scan
+4238 0 0
cfl=
cfn=(53)
calls=10 -61555 0
* * 10
cfl=
cfn=(53)
calls=10 -61502 0
* * 10
cfl=
cfn=(53)
calls=10 -60127 0
* * 10
cfl=
cfn=(53)
calls=10 -59530 0
* * 10
cfl=
cfn=(53)
calls=10 -59342 0
* * 10
cfl=
cfn=(53)
calls=10 -59272 0
* * 10
cfl=
cfn=(53)
calls=10 -57833 0
* * 10

ob=
fl=
fn=(177)
+819 0 0
cfl=
cfn=(56)
calls=50 +1113 0
* * 50
cfl=
cfn=(56)
calls=20 +919 0
* * 20
cfl=
cfn=(56)
calls=20 +1285 0
* * 20
cfl=
cfn=(56)
calls=10 +1157 0
* * 10

ob=
fl=
fn=(56)
+100 0 0
cfl=
cfn=(74)
calls=20 -877781 0
* * 20
+194 0 0
cfl=
cfn=(181) github.com/nd-r/tech-db-forum/vendor/github.com/lib/pq.(*rows).Close
calls=50 +1171432 0
* * 50
+172 0 0
cfl=
cfn=(162)
calls=20 -98220 0
* * 20

ob=
fl=
fn=(168)
+1446 0 0
cfl=
cfn=(182) database/sql.(*DB).queryConn.func1
calls=2020 +3642 0
* * 2020
cfl=
cfn=(183) database/sql.(*DB).begin.func1
calls=560 +4188 0
* * 560
cfl=
cfn=(184) database/sql.(*Tx).Commit.func1
calls=440 +4397 0
* * 440
cfl=
cfn=(185) database/sql.(*Rows).Next.func1
calls=10 +6349 0
* * 10

ob=
fl=
fn=(182)
+2196 0 0
cfl=
cfn=(163)
calls=2020 -55016 0
* * 2020

ob=
fl=
fn=(183)
+546 0 0
cfl=
cfn=(165)
calls=560 -55651 0
* * 560

ob=
fl=
fn=(184)
+209 0 0
cfl=
cfn=(186) github.com/nd-r/tech-db-forum/vendor/github.com/lib/pq.(*conn).Commit
calls=440 +1136962 0
* * 440

ob=
fl=
fn=(185)
+1952 0 0
cfl=
cfn=(178)
calls=10 -9920 0
* * 10

ob=
fl=
fn=(187) bufio.(*Reader).fill
+41051 0 0
cfl=
cfn=(188) net.(*conn).Read
calls=150 +262788 0
* * 150

ob=
fl=
fn=(189) bufio.(*Reader).Peek
+448 0 0
cfl=
cfn=(187)
calls=150 * 0
* * 150

ob=
fl=
fn=(57)
+1627 0 0
cfl=
cfn=(188)
calls=1620 +221289 0
* * 1620
+304 0 0
cfl=
cfn=(45)
calls=10 -630257 0
* * 10

ob=
fl=
fn=(190) bufio.(*Writer).Flush
+5475 0 0
cfl=
cfn=(191) net.(*conn).Write
calls=210 +220094 0
* * 210

ob=
fl=
fn=(192) bufio.(*Writer).Write
+930 0 0
cfl=
cfn=(45)
calls=10 -636002 0
* * 10

ob=
fl=
fn=(193) net.(*pollDesc).wait
+132273 0 0
cfl=
cfn=(102)
calls=20 -841406 0
* * 20

ob=
fl=
fn=(194) net.(*pollDesc).waitRead
+108 0 0
cfl=
cfn=(193)
calls=20 * 0
* * 20

ob=
fl=
fn=(195) net.(*netFD).Read
+5792 0 0
cfl=
cfn=(29)
calls=10 -963722 0
* * 10
+167 0 0
cfl=
cfn=(154)
calls=1450 -621419 0
* * 1450
+124 0 0
cfl=
cfn=(194)
calls=20 -5959 0
* * 20
+174 0 0
cfl=
cfn=(107)
calls=290 -967210 0
* * 290

ob=
fl=
fn=(196) net.(*netFD).Write
+2799 0 0
cfl=
cfn=(29)
calls=10 -969892 0
* * 10
+202 0 0
cfl=
cfn=(156)
calls=1410 -624555 0
* * 1410
+314 0 0
cfl=
cfn=(107)
calls=100 -970385 0
* * 100

ob=
fl=
fn=(188)
+71000 0 0
cfl=
cfn=(195)
calls=1450 -3613 0
* * 1450
cfl=
cfn=(195)
calls=290 -3315 0
* * 290
cfl=
cfn=(195)
calls=20 -3489 0
* * 20
cfl=
cfn=(195)
calls=10 -3780 0
* * 10

ob=
fl=
fn=(191)
+736 0 0
cfl=
cfn=(196)
calls=1410 -71314 0
* * 1410
cfl=
cfn=(196)
calls=100 -71000 0
* * 100
cfl=
cfn=(196)
calls=10 -71516 0
* * 10

ob=
fl=
fn=(197) github.com/nd-r/tech-db-forum/vendor/github.com/lib/pq.(*readBuf).string
+857256 0 0
cfl=
cfn=(130)
calls=10 -935186 0
* * 10

ob=
fl=
fn=(58)
+12784 0 0
cfl=
cfn=(198) github.com/nd-r/tech-db-forum/vendor/github.com/lib/pq.(*conn).simpleExec
calls=310 +15884 0
* * 310
cfl=
cfn=(198)
calls=240 +15810 0
* * 240

ob=
fl=
fn=(186)
+1237 0 0
cfl=
cfn=(198)
calls=240 +3026 0
* * 240
cfl=
cfn=(198)
calls=200 +3100 0
* * 200

ob=
fl=
fn=(198)
+1789 0 0
cfl=
cfn=(199) github.com/nd-r/tech-db-forum/vendor/github.com/lib/pq.(*conn).send
calls=480 +12274 0
* * 480
+74 0 0
cfl=
cfn=(61)
calls=510 +12651 0
* * 510

ob=
fl=
fn=(59)
+4190 0 0
cfl=
cfn=(74)
calls=10 -2021260 0
* * 10
+1412 0 0
cfl=
cfn=(199)
calls=450 +6221 0
* * 450
+17 0 0
cfl=
cfn=(200) github.com/nd-r/tech-db-forum/vendor/github.com/lib/pq.(*conn).readParseResponse
calls=600 +32889 0
* * 600
+17 0 0
cfl=
cfn=(201) github.com/nd-r/tech-db-forum/vendor/github.com/lib/pq.(*conn).readStatementDescribeResponse
calls=20 +33215 0
* * 20
cfl=
cfn=(201)
calls=10 +33437 0
* * 10

ob=
fl=
fn=(60)
+3091 0 0
cfl=
cfn=(59)
calls=600 -17 0
* * 600
cfl=
cfn=(59)
calls=450 -34 0
* * 450
cfl=
cfn=(59)
calls=30 * 0
* * 30
cfl=
cfn=(59)
calls=10 -1446 0
* * 10
cfl=
cfn=(59)
calls=10 -151 0
* * 10
+58 0 0
cfl=
cfn=(202) github.com/nd-r/tech-db-forum/vendor/github.com/lib/pq.(*stmt).exec
calls=510 +16648 0
* * 510
cfl=
cfn=(202)
calls=380 +16631 0
* * 380
cfl=
cfn=(202)
calls=10 +15137 0
* * 10
cfl=
cfn=(202)
calls=10 +15518 0
* * 10

ob=
fl=
fn=(199)
+1626 0 0
cfl=
cfn=(191)
calls=1310 -881925 0
* * 1310

ob=
fl=
fn=(203) github.com/nd-r/tech-db-forum/vendor/github.com/lib/pq.(*conn).recvMessage
+1135 0 0
cfl=
cfn=(153)
calls=1640 -1705399 0
* * 1640

ob=
fl=
fn=(204) github.com/nd-r/tech-db-forum/vendor/github.com/lib/pq.(*conn).recv1Buf
+779 0 0
cfl=
cfn=(203)
calls=1640 * 0
* * 1640

ob=
fl=
fn=(61)
+168 0 0
cfl=
cfn=(74)
calls=10 -2033585 0
* * 10
+84 0 0
cfl=
cfn=(204)
calls=1620 -168 0
* * 1620

ob=
fl=
fn=(202)
+11287 0 0
cfl=
cfn=(205) github.com/nd-r/tech-db-forum/vendor/github.com/lib/pq.encode
calls=10 +50805 0
* * 10
+381 0 0
cfl=
cfn=(129)
calls=10 -1847550 0
* * 10
+1113 0 0
cfl=
cfn=(199)
calls=380 -13834 0
* * 380
+17 0 0
cfl=
cfn=(206) github.com/nd-r/tech-db-forum/vendor/github.com/lib/pq.(*conn).readBindResponse
calls=510 +15133 0
* * 510

ob=
fl=
fn=(207) github.com/nd-r/tech-db-forum/vendor/github.com/lib/pq.(*conn).parseComplete
+1748 0 0
cfl=
cfn=(13)
calls=10 -2057327 0
* * 10
+759 0 0
cfl=
cfn=(43)
calls=10 -1754984 0
* * 10

ob=
fl=
fn=(181)
+171 0 0
cfl=
cfn=(179)
calls=20 +863 0
* * 20
cfl=
cfn=(179)
calls=20 +944 0
* * 20
cfl=
cfn=(179)
calls=10 +907 0
* * 10

ob=
fl=
fn=(179)
+692 0 0
cfl=
cfn=(204)
calls=20 -15728 0
* * 20
+44 0 0
cfl=
cfn=(197)
calls=10 -44629 0
* * 10
+37 0 0
cfl=
cfn=(207)
calls=10 -1666 0
* * 10
cfl=
cfn=(207)
calls=10 -907 0
* * 10
+1017 0 0
cfl=
cfn=(208) github.com/nd-r/tech-db-forum/vendor/github.com/lib/pq.decode
calls=10 +35167 0
* * 10

ob=
fl=
fn=(200)
+8648 0 0
cfl=
cfn=(61)
calls=600 -17266 0
* * 600

ob=
fl=
fn=(201)
+343 0 0
cfl=
cfn=(61)
calls=10 -25998 0
* * 10
cfl=
cfn=(61)
calls=10 -25932 0
* * 10
+222 0 0
cfl=
cfn=(62)
calls=10 +4219 0
* * 10

ob=
fl=
fn=(206)
+1435 0 0
cfl=
cfn=(61)
calls=510 -26479 0
* * 510

ob=
fl=
fn=(164)
+11256 0 0
cfl=
cfn=(60)
calls=1100 -31764 0
* * 1100
cfl=
cfn=(60)
calls=910 -31706 0
* * 910
cfl=
cfn=(60)
calls=10 -31741 0
* * 10

ob=
fl=
fn=(166)
+1095 0 0
cfl=
cfn=(58)
calls=550 -54847 0
* * 550
cfl=
cfn=(58)
calls=10 -55158 0
* * 10

ob=
fl=
fn=(205)
+10540 0 0
cfl=
cfn=(133)
calls=10 -1860645 0
* * 10

ob=
fl=
fn=(208)
+611 0 0
cfl=
cfn=(209) github.com/nd-r/tech-db-forum/vendor/github.com/lib/pq.textDecode
calls=10 +1935 0
* * 10

ob=
fl=
fn=(209)
+1324 0 0
cfl=
cfn=(73)
calls=10 -2096117 0
* * 10

ob=
fl=
fn=(210) github.com/nd-r/tech-db-forum/vendor/github.com/jmoiron/sqlx.(*Row).Scan
+82964 0 0
cfl=
cfn=(176)
calls=10 -1214022 0
* * 10
cfl=
cfn=(176)
calls=10 -1213980 0
* * 10
+61 0 0
cfl=
cfn=(180)
calls=70 -1292579 0
* * 70
+33 0 0
cfl=
cfn=(177)
calls=90 -1291821 0
* * 90

ob=
fl=
fn=(211) github.com/nd-r/tech-db-forum/vendor/github.com/jmoiron/sqlx.(*DB).MustBegin
+4080 0 0
cfl=
cfn=(212) github.com/nd-r/tech-db-forum/vendor/github.com/jmoiron/sqlx.(*DB).Beginx
calls=660 +4199 0
* * 660

ob=
fl=
fn=(212)
+119 0 0
cfl=
cfn=(171)
calls=660 -1319791 0
* * 660

ob=
fl=
fn=(213) github.com/nd-r/tech-db-forum/vendor/github.com/jmoiron/sqlx.(*Tx).QueryRowx
+4561 0 0
cfl=
cfn=(175)
calls=2180 -1310928 0
* * 2180
+46 0 0
cfl=
cfn=(74)
calls=10 -2178395 0
* * 10

ob=
fl=
fn=(214) github.com/nd-r/tech-db-forum/vendor/github.com/jmoiron/sqlx.(*Tx).Get
+351 0 0
cfl=
cfn=(215) github.com/nd-r/tech-db-forum/vendor/github.com/jmoiron/sqlx.Get
calls=50 +7260 0
* * 50

ob=
fl=
fn=(215)
+6909 0 0
cfl=
cfn=(213)
calls=50 -397 0
* * 50

ob=
fl=
fn=(216) github.com/nd-r/tech-db-forum/vendor/github.com/mailru/easyjson/buffer.putBuf
+811053 0 0
cfl=
cfn=(73)
calls=10 -2196565 0
* * 10

ob=
fl=
fn=(217) github.com/nd-r/tech-db-forum/vendor/github.com/mailru/easyjson/buffer.(*Buffer).EnsureSpace
+1019 0 0
cfl=
cfn=(38)
calls=10 -2800064 0
* * 10

ob=
fl=
fn=(218) github.com/nd-r/tech-db-forum/vendor/github.com/mailru/easyjson/buffer.(*Buffer).AppendString
+1139 0 0
cfl=
cfn=(45)
calls=10 -2698618 0
* * 10
+263 0 0
cfl=
cfn=(217)
calls=10 -1139 0
* * 10

ob=
fl=
fn=(219) github.com/nd-r/tech-db-forum/vendor/github.com/mailru/easyjson/buffer.(*Buffer).BuildBytes
+1153 0 0
cfl=
cfn=(216)
calls=10 -2421 0
* * 10
+682 0 0
cfl=
cfn=(38)
calls=10 -2803557 0
* * 10

ob=
fl=
fn=(220) github.com/nd-r/tech-db-forum/vendor/github.com/mailru/easyjson/jwriter.(*Writer).RawString
+3307 0 0
cfl=
cfn=(218)
calls=10 -2098 0
* * 10

ob=
fl=
fn=(64)
+10933 0 0
cfl=
cfn=(218)
calls=10 -5142 0
* * 10

ob=
fl=
fn=(221) github.com/nd-r/tech-db-forum/models.easyjsonD2b7633eEncodeGithubComNdRTechDbForumModels4
+8248 0 0
cfl=
cfn=(64)
calls=10 -128 0
* * 10

ob=
fl=
fn=(222) github.com/nd-r/tech-db-forum/models.User.MarshalJSON
+467 0 0
cfl=
cfn=(221)
calls=10 * 0
* * 10

ob=
fl=
fn=(223) github.com/nd-r/tech-db-forum/models.easyjsonD2b7633eDecodeGithubComNdRTechDbForumModels7
+5021 0 0
cfl=
cfn=(63)
calls=10 -49377 0
* * 10

ob=
fl=
fn=(224) github.com/nd-r/tech-db-forum/models.easyjsonD2b7633eEncodeGithubComNdRTechDbForumModels7
+2572 0 0
cfl=
cfn=(64)
calls=10 -14910 0
* * 10
cfl=
cfn=(64)
calls=10 -13736 0
* * 10
+230 0 0
cfl=
cfn=(220)
calls=10 -27241 0
* * 10

ob=
fl=
fn=(225) github.com/nd-r/tech-db-forum/models.Thread.MarshalJSON
+481 0 0
cfl=
cfn=(224)
calls=20 -230 0
* * 20
cfl=
cfn=(224)
calls=10 * 0
* * 10
+44 0 0
cfl=
cfn=(219)
calls=10 -31941 0
* * 10
cfl=
cfn=(219)
calls=10 -31259 0
* * 10

ob=
fl=
fn=(226) github.com/nd-r/tech-db-forum/models.(*Thread).UnmarshalJSON
+331 0 0
cfl=
cfn=(223)
calls=10 -3327 0
* * 10

ob=
fl=
fn=(227) github.com/nd-r/tech-db-forum/database.CreateForum
+29012 0 0
cfl=
cfn=(211)
calls=10 -858929 0
* * 10

ob=
fl=
fn=(228) github.com/nd-r/tech-db-forum/database.CreateThread
+1462 0 0
cfl=
cfn=(211)
calls=560 -887941 0
* * 560
+328 0 0
cfl=
cfn=(213)
calls=620 -884723 0
* * 620
+163 0 0
cfl=
cfn=(210)
calls=50 -893811 0
* * 50
cfl=
cfn=(210)
calls=40 -893844 0
* * 40
+144 0 0
cfl=
cfn=(213)
calls=610 -885214 0
* * 610
cfl=
cfn=(213)
calls=10 -885168 0
* * 10
+166 0 0
cfl=
cfn=(210)
calls=10 -894212 0
* * 10
+399 0 0
cfl=
cfn=(213)
calls=740 -885524 0
* * 740
+100 0 0
cfl=
cfn=(210)
calls=40 -894683 0
* * 40
cfl=
cfn=(210)
calls=30 -894716 0
* * 30
+113 0 0
cfl=
cfn=(173)
calls=410 -2208221 0
* * 410
cfl=
cfn=(173)
calls=50 -2208151 0
* * 50
cfl=
cfn=(173)
calls=10 -2208328 0
* * 10
+291 0 0
cfl=
cfn=(213)
calls=160 -886136 0
* * 160
+257 0 0
cfl=
cfn=(210)
calls=10 -895281 0
* * 10

ob=
fl=
fn=(229) github.com/nd-r/tech-db-forum/database.CreateUser
+19108 0 0
cfl=
cfn=(211)
calls=90 -891364 0
* * 90
+455 0 0
cfl=
cfn=(214)
calls=50 -905395 0
* * 50
+525 0 0
cfl=
cfn=(173)
calls=30 -2228445 0
* * 30

ob=
fl=
fn=(230) github.com/nd-r/tech-db-forum/vendor/github.com/valyala/fasthttp.(*RequestHeader).Read
+279150 0 0
cfl=
cfn=(231) github.com/nd-r/tech-db-forum/vendor/github.com/valyala/fasthttp.(*RequestHeader).tryRead
calls=150 +279447 0
* * 150
cfl=
cfn=(231)
calls=20 +280225 0
* * 20

ob=
fl=
fn=(231)
+297 0 0
cfl=
cfn=(189)
calls=150 -2438222 0
* * 150
+778 0 0
cfl=
cfn=(232) github.com/nd-r/tech-db-forum/vendor/github.com/valyala/fasthttp.(*RequestHeader).parse
calls=20 +19728 0
* * 20

ob=
fl=
fn=(233) github.com/nd-r/tech-db-forum/vendor/github.com/valyala/fasthttp.(*ResponseHeader).Write
+1283 0 0
cfl=
cfn=(234) github.com/nd-r/tech-db-forum/vendor/github.com/valyala/fasthttp.(*ResponseHeader).Header
calls=10 +1592 0
* * 10
+44 0 0
cfl=
cfn=(192)
calls=10 -2432244 0
* * 10

ob=
fl=
fn=(234)
+265 0 0
cfl=
cfn=(235) github.com/nd-r/tech-db-forum/vendor/github.com/valyala/fasthttp.(*ResponseHeader).AppendBytes
calls=10 +632 0
* * 10

ob=
fl=
fn=(235)
+367 0 0
cfl=
cfn=(67)
calls=10 +111856 0
* * 10

ob=
fl=
fn=(232)
+16991 0 0
cfl=
cfn=(66)
calls=10 +27315 0
* * 10
cfl=
cfn=(66)
calls=10 +29353 0
* * 10

ob=
fl=
fn=(66)
+10324 0 0
cfl=
cfn=(65)
calls=10 -138090 0
* * 10

ob=
fl=
fn=(236) github.com/nd-r/tech-db-forum/vendor/github.com/valyala/fasthttp.(*Request).URI
+19657 0 0
cfl=
cfn=(237) github.com/nd-r/tech-db-forum/vendor/github.com/valyala/fasthttp.(*Request).parseURI
calls=20 +19836 0
* * 20

ob=
fl=
fn=(237)
+179 0 0
cfl=
cfn=(238) github.com/nd-r/tech-db-forum/vendor/github.com/valyala/fasthttp.(*URI).parseQuick
calls=20 +73549 0
* * 20

ob=
fl=
fn=(239) github.com/nd-r/tech-db-forum/vendor/github.com/valyala/fasthttp.(*Request).readLimitBody
+8429 0 0
cfl=
cfn=(230)
calls=170 -50185 0
* * 170

ob=
fl=
fn=(240) github.com/nd-r/tech-db-forum/vendor/github.com/valyala/fasthttp.(*Response).Write
+8860 0 0
cfl=
cfn=(233)
calls=10 -56256 0
* * 10
cfl=
cfn=(233)
calls=10 -56212 0
* * 10

ob=
fl=
fn=(241) github.com/nd-r/tech-db-forum/vendor/github.com/valyala/fasthttp.(*RequestCtx).URI
+15830 0 0
cfl=
cfn=(236)
calls=20 -17468 0
* * 20

ob=
fl=
fn=(242) github.com/nd-r/tech-db-forum/vendor/github.com/valyala/fasthttp.(*RequestCtx).Path
+270 0 0
cfl=
cfn=(241)
calls=20 * 0
* * 20

ob=
fl=
fn=(243) github.com/nd-r/tech-db-forum/vendor/github.com/valyala/fasthttp.(*Server).serveConn
+16802 0 0
cfl=
cfn=(68)
calls=3620 +638825 0
* * 3620
cfl=
cfn=(68)
calls=10 +638831 0
* * 10
+647 0 0
cfl=
cfn=(244) github.com/nd-r/tech-db-forum/vendor/github.com/valyala/fasthttp.writeResponse
calls=20 +7235 0
* * 20
+1002 0 0
cfl=
cfn=(190)
calls=210 -2531839 0
* * 210
+220 0 0
cfl=
cfn=(245) github.com/nd-r/tech-db-forum/vendor/github.com/valyala/fasthttp.acquireWriter
calls=10 +8378 0
* * 10
+1841 0 0
cfl=
cfn=(239)
calls=170 -43631 0
* * 170

ob=
fl=
fn=(244)
+3525 0 0
cfl=
cfn=(240)
calls=20 -36612 0
* * 20

ob=
fl=
fn=(245)
+2792 0 0
cfl=
cfn=(75)
calls=10 -3482392 0
* * 10

ob=
fl=
fn=(238)
+13152 0 0
cfl=
cfn=(246) github.com/nd-r/tech-db-forum/vendor/github.com/valyala/fasthttp.(*URI).parse
calls=10 +13700 0
* * 10
cfl=
cfn=(246)
calls=10 +14602 0
* * 10

ob=
fl=
fn=(246)
+548 0 0
cfl=
cfn=(247) github.com/nd-r/tech-db-forum/vendor/github.com/valyala/fasthttp.splitHostURI
calls=10 +12581 0
* * 10
+902 0 0
cfl=
cfn=(248) github.com/nd-r/tech-db-forum/vendor/github.com/valyala/fasthttp.normalizePath
calls=10 +5154 0
* * 10

ob=
fl=
fn=(248)
+4252 0 0
cfl=
cfn=(46)
calls=10 -3115878 0
* * 10

ob=
fl=
fn=(247)
+6879 0 0
cfl=
cfn=(47)
calls=10 -3114115 0
* * 10

ob=
fl=
fn=(249) github.com/nd-r/tech-db-forum/vendor/github.com/valyala/fasthttp.(*workerPool).workerFunc
+6865 0 0
cfl=
cfn=(250) github.com/nd-r/tech-db-forum/vendor/github.com/valyala/fasthttp.(*Server).(github.com/nd-r/tech-db-forum/vendor/github.com/valyala/fasthttp.serveConn)-fm
calls=4040 +17329 0
* * 4040

ob=
fl=
fn=(149)
+4983 0 0
cfl=
cfn=(249)
calls=4040 * 0
* * 4040

ob=
fl=
fn=(250)
+5481 0 0
cfl=
cfn=(243)
calls=3630 -47608 0
* * 3630
cfl=
cfn=(243)
calls=210 -45959 0
* * 210
cfl=
cfn=(243)
calls=170 -43898 0
* * 170
cfl=
cfn=(243)
calls=20 -46961 0
* * 20
cfl=
cfn=(243)
calls=10 -45739 0
* * 10

ob=
fl=
fn=(251) github.com/nd-r/tech-db-forum/vendor/github.com/buaazp/fasthttprouter.(*Router).Handler
+14154 0 0
cfl=
cfn=(242)
calls=20 -69891 0
* * 20
+2561 0 0
cfl=
cfn=(252) github.com/nd-r/tech-db-forum/handlers.CreateThread
calls=3350 +19356 0
* * 3350
cfl=
cfn=(253) github.com/nd-r/tech-db-forum/handlers.CreateUser
calls=170 +30243 0
* * 170
cfl=
cfn=(252)
calls=50 +19953 0
* * 50
cfl=
cfn=(254) github.com/nd-r/tech-db-forum/handlers.CreateForum
calls=10 +18066 0
* * 10
cfl=
cfn=(252)
calls=10 +19212 0
* * 10
cfl=
cfn=(253)
calls=10 +30369 0
* * 10

ob=
fl=
fn=(254)
+15505 0 0
cfl=
cfn=(227)
calls=10 -472841 0
* * 10

ob=
fl=
fn=(252)
+1146 0 0
cfl=
cfn=(226)
calls=10 -517358 0
* * 10
+144 0 0
cfl=
cfn=(228)
calls=740 -486830 0
* * 740
cfl=
cfn=(228)
calls=620 -487702 0
* * 620
cfl=
cfn=(228)
calls=620 -487395 0
* * 620
cfl=
cfn=(228)
calls=560 -488030 0
* * 560
cfl=
cfn=(228)
calls=470 -486617 0
* * 470
cfl=
cfn=(228)
calls=160 -486326 0
* * 160
cfl=
cfn=(228)
calls=90 -487539 0
* * 90
cfl=
cfn=(228)
calls=70 -486730 0
* * 70
cfl=
cfn=(228)
calls=10 -487229 0
* * 10
cfl=
cfn=(228)
calls=10 -486069 0
* * 10
+597 0 0
cfl=
cfn=(225)
calls=30 -519023 0
* * 30
cfl=
cfn=(225)
calls=20 -518979 0
* * 20

ob=
fl=
fn=(253)
+10290 0 0
cfl=
cfn=(229)
calls=90 -467702 0
* * 90
cfl=
cfn=(229)
calls=50 -467247 0
* * 50
cfl=
cfn=(229)
calls=30 -466722 0
* * 30
+126 0 0
cfl=
cfn=(222)
calls=10 -538214 0
* * 10

ob=
fl=
fn=(68)
+524411 0 0
cfl=
cfn=(251)
calls=3600 -27808 0
* * 3600
cfl=
cfn=(251)
calls=20 -30369 0
* * 20
