positions: instr line
events: cpu(ms)

ob=
fl=
fn=(1) syscall.Syscall
0x1083b5a 0 1560

ob=
fl=
fn=(2) runtime.kevent
-165703 0 480

ob=
fl=
fn=(3) runtime.usleep
-525 0 420

ob=
fl=
fn=(4) runtime.mach_semaphore_signal
+341 0 360

ob=
fl=
fn=(5) runtime.mach_semaphore_timedwait
-24 0 200

ob=
fl=
fn=(6) context.(*cancelCtx).cancel
+476150 0 120

ob=
fl=
fn=(7) runtime.freedefer
-671810 0 110

ob=
fl=
fn=(8) runtime.mach_semaphore_wait
+195636 0 100

ob=
fl=
fn=(9) runtime.memclrNoHeapPointers
-3687 0 90

ob=
fl=
fn=(10) runtime.scanobject
-245789 0 40

ob=
fl=
fn=(11) runtime.mallocgc
-53276 0 30

ob=
fl=
fn=(12) runtime.greyobject
+54656 0 20

ob=
fl=
fn=(13) runtime.mapaccess2_fast32
-71113 0 10

ob=
fl=
fn=(14) runtime.getitab
+4208 0 10

ob=
fl=
fn=(11)
+11723 0 10

ob=
fl=
fn=(15) runtime.heapBitsForObject
+9441 0 10

ob=
fl=
fn=(16) net.runtime_pollReset
+86198 0 10

ob=
fl=
fn=(17) runtime.newdefer
+11343 0 10

ob=
fl=
fn=(18) runtime.deferreturn
+1629 0 10

ob=
fl=
fn=(19) runtime.gopark
+10303 0 10

ob=
fl=
fn=(20) runtime.findrunnable
+19356 0 10

ob=
fl=
fn=(21) runtime.entersyscall
+5433 0 10

ob=
fl=
fn=(9)
+156113 0 10

ob=
fl=
fn=(22) runtime.memmove
+443 0 10
+465 0 10
+42 0 10
+996 0 10
+40 0 10
+43 0 10

ob=
fl=
fn=(23) sync.(*Pool).pin
+22359 0 10

ob=
fl=
fn=(24) bytes.(*Buffer).readSlice
+51166 0 10

ob=
fl=
fn=(25) time.atoi
+100969 0 10

ob=
fl=
fn=(26) time.Date
+42827 0 10

ob=
fl=
fn=(27) net.(*fdMutex).rwunlock
+471720 0 10

ob=
fl=
fn=(28) github.com/nd-r/tech-db-forum/vendor/github.com/jackc/pgx/chunkreader.(*ChunkReader).Next
+1073055 0 10

ob=
fl=
fn=(29) github.com/nd-r/tech-db-forum/vendor/github.com/jackc/pgx/pgproto3.(*Frontend).Receive
+110646 0 10
+109 0 10

ob=
fl=
fn=(30) github.com/nd-r/tech-db-forum/vendor/github.com/jackc/pgx.(*Conn).rxMsg
+742612 0 10

ob=
fl=
fn=(31) github.com/nd-r/tech-db-forum/vendor/github.com/jackc/pgx.(*Conn).execEx
+10981 0 10

ob=
fl=
fn=(32) github.com/nd-r/tech-db-forum/vendor/github.com/jackc/pgx.(*Tx).Rollback
+68303 0 10

ob=
fl=
fn=(33) github.com/nd-r/tech-db-forum/vendor/github.com/mailru/easyjson/jlexer.(*Lexer).fetchString
+731611 0 10

ob=
fl=
fn=(34) github.com/nd-r/tech-db-forum/vendor/github.com/mailru/easyjson/jlexer.(*Lexer).IsNull
+4743 0 10

ob=
fl=
fn=(35) github.com/nd-r/tech-db-forum/vendor/github.com/mailru/easyjson/jwriter.(*Writer).String
+39553 0 10

ob=
fl=
fn=(36) github.com/nd-r/tech-db-forum/models.easyjsonD2b7633eDecodeGithubComNdRTechDbForumModels7
+12942 0 10

ob=
fl=
fn=(37) github.com/nd-r/tech-db-forum/vendor/github.com/valyala/fasthttp.(*Request).MayContinue
+360965 0 10

ob=
fl=
fn=(38) github.com/nd-r/tech-db-forum/vendor/github.com/valyala/fasthttp.acquireWriter
+51277 0 10

ob=
fl=
fn=(39) github.com/nd-r/tech-db-forum/vendor/github.com/valyala/fasthttp.statusLine
+4171 0 10

ob=
fl=
fn=(40) github.com/nd-r/tech-db-forum/vendor/github.com/valyala/fasthttp.(*URI).parse
+10197 0 10

ob=
fl=
fn=(41) runtime.makechan
-4260136 0 0
cfl=
cfn=(11)
calls=10 -4211525 0
* * 10

ob=
fl=
fn=(42) runtime.assertE2I2
+41578 0 0
cfl=
cfn=(14)
calls=10 +36362 0
* * 10

ob=
fl=
fn=(43) runtime.notewakeup
+1581 0 0
cfl=
cfn=(44) runtime.semawakeup
calls=360 +107342 0
* * 360

ob=
fl=
fn=(45) runtime.notesleep
+226 0 0
cfl=
cfn=(46) runtime.semasleep
calls=100 +108765 0
* * 100

ob=
fl=
fn=(47) runtime.notetsleep_internal
+199 0 0
cfl=
cfn=(46)
calls=200 +108539 0
* * 200

ob=
fl=
fn=(48) runtime.notetsleep
+492 0 0
cfl=
cfn=(47)
calls=170 * 0
* * 170

ob=
fl=
fn=(49) runtime.notetsleepg
+134 0 0
cfl=
cfn=(50) runtime.entersyscallblock
calls=10 +148548 0
* * 10
+42 0 0
cfl=
cfn=(47)
calls=30 -626 0
* * 30
+21 0 0
cfl=
cfn=(51) runtime.exitsyscall
calls=100 +148683 0
* * 100

ob=
fl=
fn=(52) runtime.(*mcache).nextFree
+3071 0 0
cfl=
cfn=(53) runtime.systemstack
calls=10 +290911 0
* * 10

ob=
fl=
fn=(11)
+2542 0 0
cfl=
cfn=(52)
calls=10 * 0
* * 10
+432 0 0
cfl=
cfn=(54) runtime.gcAssistAlloc
calls=30 +43085 0
* * 30

ob=
fl=
fn=(55) runtime.newobject
+481 0 0
cfl=
cfn=(11)
calls=10 -2233 0
* * 10

ob=
fl=
fn=(56) reflect.unsafe_New
+83 0 0
cfl=
cfn=(55)
calls=10 * 0
* * 10

ob=
fl=
fn=(57) runtime.(*mcache).refill
+14805 0 0
cfl=
cfn=(58) runtime.(*mcentral).cacheSpan
calls=10 +15471 0
* * 10

ob=
fl=
fn=(58)
+666 0 0
cfl=
cfn=(59) runtime.(*mcentral).grow
calls=10 +2318 0
* * 10

ob=
fl=
fn=(59)
+1652 0 0
cfl=
cfn=(60) runtime.(*mheap).alloc
calls=10 +53355 0
* * 10

ob=
fl=
fn=(61) runtime.gcBgMarkWorker
+15822 0 0
cfl=
cfn=(53)
calls=110 +267179 0
* * 110

ob=
fl=
fn=(54)
+9144 0 0
cfl=
cfn=(53)
calls=30 +251357 0
* * 30

ob=
fl=
fn=(62) runtime.gcAssistAlloc1
+547 0 0
cfl=
cfn=(63) runtime.gcDrainN
calls=30 +7684 0
* * 30

ob=
fl=
fn=(64) runtime.gcDrain
+6200 0 0
cfl=
cfn=(10)
calls=20 +8369 0
* * 20
cfl=
cfn=(10)
calls=10 +8415 0
* * 10
cfl=
cfn=(10)
calls=10 +8556 0
* * 10
+140 0 0
cfl=
cfn=(65) runtime.pollWork
calls=40 +87575 0
* * 40
+353 0 0
cfl=
cfn=(66) runtime.(*gcWork).balance
calls=20 +13283 0
* * 20
+50 0 0
cfl=
cfn=(65)
calls=10 +87082 0
* * 10

ob=
fl=
fn=(63)
+394 0 0
cfl=
cfn=(10)
calls=20 +1626 0
* * 20
cfl=
cfn=(10)
calls=10 +1813 0
* * 10

ob=
fl=
fn=(10)
+1278 0 0
cfl=
cfn=(15)
calls=10 -43129 0
* * 10
+141 0 0
cfl=
cfn=(12)
calls=20 +1334 0
* * 20

ob=
fl=
fn=(66)
+11067 0 0
cfl=
cfn=(67) runtime.handoff
calls=20 +12932 0
* * 20

ob=
fl=
fn=(67)
+1865 0 0
cfl=
cfn=(22)
calls=10 +235710 0
* * 10
cfl=
cfn=(22)
calls=10 +236746 0
* * 10

ob=
fl=
fn=(60)
+4702 0 0
cfl=
cfn=(9)
calls=10 +232895 0
* * 10

ob=
fl=
fn=(68) net.runtime_pollWait
+24116 0 0
cfl=
cfn=(69) runtime.netpollblock
calls=10 +26610 0
* * 10

ob=
fl=
fn=(69)
+2494 0 0
cfl=
cfn=(19)
calls=10 +23175 0
* * 10

ob=
fl=
fn=(70) runtime.netpoll
+2109 0 0
cfl=
cfn=(2)
calls=480 +205277 0
* * 480

ob=
fl=
fn=(44)
+493 0 0
cfl=
cfn=(71) runtime.mach_semrelease
calls=360 +3542 0
* * 360

ob=
fl=
fn=(72) runtime.semasleep1
+2682 0 0
cfl=
cfn=(8)
calls=100 +202443 0
* * 100
+150 0 0
cfl=
cfn=(5)
calls=200 +199785 0
* * 200

ob=
fl=
fn=(46)
+172 0 0
cfl=
cfn=(53)
calls=270 +183482 0
* * 270
cfl=
cfn=(53)
calls=30 +183432 0
* * 30

ob=
fl=
fn=(71)
+45 0 0
cfl=
cfn=(4)
calls=360 +199487 0
* * 360

ob=
fl=
fn=(73) runtime.deferproc
+2007 0 0
cfl=
cfn=(17)
calls=10 +3098 0
* * 10

ob=
fl=
fn=(18)
+2508 0 0
cfl=
cfn=(7)
calls=110 +1751 0
* * 110

ob=
fl=
fn=(74) runtime.mstart
+21127 0 0
cfl=
cfn=(75) runtime.mstart1
calls=540 +21425 0
* * 540

ob=
fl=
fn=(75)
+298 0 0
cfl=
cfn=(76) runtime.sysmon
calls=370 +28015 0
* * 370
cfl=
cfn=(76)
calls=170 +28177 0
* * 170

ob=
fl=
fn=(77) runtime.stopm
+3887 0 0
cfl=
cfn=(45)
calls=100 -134524 0
* * 100

ob=
fl=
fn=(78) runtime.startm
+496 0 0
cfl=
cfn=(43)
calls=60 -138637 0
* * 60

ob=
fl=
fn=(79) runtime.handoffp
+376 0 0
cfl=
cfn=(78)
calls=10 * 0
* * 10

ob=
fl=
fn=(80) runtime.wakep
+627 0 0
cfl=
cfn=(78)
calls=30 -376 0
* * 30

ob=
fl=
fn=(20)
+2108 0 0
cfl=
cfn=(77)
calls=100 -1499 0
* * 100
+59 0 0
cfl=
cfn=(70)
calls=310 -36976 0
* * 310
+146 0 0
cfl=
cfn=(81) runtime.injectglist
calls=10 +2487 0
* * 10
+922 0 0
cfl=
cfn=(82) runtime.runqsteal
calls=50 +26950 0
* * 50
+242 0 0
cfl=
cfn=(70)
calls=120 -38103 0
* * 120
+36 0 0
cfl=
cfn=(81)
calls=10 +1177 0
* * 10

ob=
fl=
fn=(65)
+485 0 0
cfl=
cfn=(70)
calls=50 -38381 0
* * 50

ob=
fl=
fn=(83) runtime.resetspinning
+203 0 0
cfl=
cfn=(80)
calls=10 -3998 0
* * 10

ob=
fl=
fn=(81)
+453 0 0
cfl=
cfn=(78)
calls=20 -5204 0
* * 20

ob=
fl=
fn=(84) runtime.schedule
+400 0 0
cfl=
cfn=(83)
calls=10 -453 0
* * 10
+22 0 0
cfl=
cfn=(20)
calls=310 -2887 0
* * 310
cfl=
cfn=(20)
calls=120 -1577 0
* * 120
cfl=
cfn=(20)
calls=100 -2946 0
* * 100
cfl=
cfn=(20)
calls=50 -1819 0
* * 50
cfl=
cfn=(20)
calls=10 -2741 0
* * 10
cfl=
cfn=(20)
calls=10 -1994 0
* * 10
cfl=
cfn=(20)
calls=10 -1541 0
* * 10

ob=
fl=
fn=(85) runtime.park_m
+767 0 0
cfl=
cfn=(84)
calls=490 * 0
* * 490

ob=
fl=
fn=(86) runtime.goexit0
+1517 0 0
cfl=
cfn=(84)
calls=120 -767 0
* * 120
cfl=
cfn=(84)
calls=10 -789 0
* * 10

ob=
fl=
fn=(87) runtime.reentersyscall
+1032 0 0
cfl=
cfn=(53)
calls=200 +144529 0
* * 200

ob=
fl=
fn=(21)
+148 0 0
cfl=
cfn=(87)
calls=200 * 0
* * 200

ob=
fl=
fn=(88) runtime.entersyscall_sysmon
+120 0 0
cfl=
cfn=(43)
calls=200 -148676 0
* * 200

ob=
fl=
fn=(50)
+669 0 0
cfl=
cfn=(53)
calls=10 +143229 0
* * 10

ob=
fl=
fn=(89) runtime.entersyscallblock_handoff
+161 0 0
cfl=
cfn=(79)
calls=10 -9956 0
* * 10

ob=
fl=
fn=(51)
+150 0 0
cfl=
cfn=(90) runtime.exitsyscallfast
calls=100 +893 0
* * 100

ob=
fl=
fn=(90)
+743 0 0
cfl=
cfn=(53)
calls=100 +142249 0
* * 100

ob=
fl=
fn=(91) runtime.exitsyscallfast_pidle
+471 0 0
cfl=
cfn=(43)
calls=100 -150519 0
* * 100

ob=
fl=
fn=(92) runtime.newproc
+829 0 0
cfl=
cfn=(53)
calls=110 +141035 0
* * 110

ob=
fl=
fn=(93) runtime.newproc1
+293 0 0
cfl=
cfn=(9)
calls=90 +152698 0
* * 90
+518 0 0
cfl=
cfn=(80)
calls=20 -11976 0
* * 20

ob=
fl=
fn=(76)
+9837 0 0
cfl=
cfn=(3)
calls=370 +155281 0
* * 370
+162 0 0
cfl=
cfn=(48)
calls=170 -161550 0
* * 170

ob=
fl=
fn=(94) runtime.runqgrab
+6548 0 0
cfl=
cfn=(3)
calls=50 +145282 0
* * 50

ob=
fl=
fn=(82)
+222 0 0
cfl=
cfn=(94)
calls=50 * 0
* * 50

ob=
fl=
fn=(95) runtime.makeslice
+35012 0 0
cfl=
cfn=(11)
calls=20 -163947 0
* * 20
cfl=
cfn=(11)
calls=10 -162672 0
* * 10
cfl=
cfn=(11)
calls=10 -162240 0
* * 10

ob=
fl=
fn=(96) runtime.growslice
+803 0 0
cfl=
cfn=(11)
calls=10 -197252 0
* * 10

ob=
fl=
fn=(97) runtime.slicebytetostring
+15360 0 0
cfl=
cfn=(98) runtime.rawstringtmp
calls=10 +15626 0
* * 10

ob=
fl=
fn=(98)
+266 0 0
cfl=
cfn=(99) runtime.rawstring
calls=10 +1847 0
* * 10

ob=
fl=
fn=(99)
+1581 0 0
cfl=
cfn=(11)
calls=10 -213681 0
* * 10

ob=
fl=
fn=(100) runtime.timerproc
+14838 0 0
cfl=
cfn=(101) time.goFunc
calls=110 +286671 0
* * 110
+380 0 0
cfl=
cfn=(49)
calls=100 -236145 0
* * 100
cfl=
cfn=(49)
calls=30 -236166 0
* * 30
cfl=
cfn=(49)
calls=10 -236208 0
* * 10

ob=
fl=
fn=(102) runtime.(*mcache).nextFree.func1
+42011 0 0
cfl=
cfn=(57)
calls=10 -215111 0
* * 10

ob=
fl=
fn=(103) runtime.gcBgMarkWorker.func2
+2996 0 0
cfl=
cfn=(64)
calls=40 -222951 0
* * 40
cfl=
cfn=(64)
calls=30 -223091 0
* * 30
cfl=
cfn=(64)
calls=20 -222598 0
* * 20
cfl=
cfn=(64)
calls=10 -222548 0
* * 10
+116 0 0
cfl=
cfn=(64)
calls=10 -226087 0
* * 10

ob=
fl=
fn=(104) runtime.gcAssistAlloc.func1
+441 0 0
cfl=
cfn=(62)
calls=30 -232403 0
* * 30

ob=
fl=
fn=(105) runtime.semasleep.func1
+2176 0 0
cfl=
cfn=(72)
calls=200 -174610 0
* * 200
cfl=
cfn=(72)
calls=100 -174760 0
* * 100

ob=
fl=
fn=(106) runtime.exitsyscallfast.func1
+3470 0 0
cfl=
cfn=(91)
calls=100 -134389 0
* * 100

ob=
fl=
fn=(107) runtime.newproc.func1
+464 0 0
cfl=
cfn=(93)
calls=90 -136737 0
* * 90
cfl=
cfn=(93)
calls=20 -136219 0
* * 20

ob=
fl=
fn=(108) runtime.mcall
+2554 0 0
cfl=
cfn=(85)
calls=490 -143334 0
* * 490
cfl=
cfn=(86)
calls=130 -141817 0
* * 130

ob=
fl=
fn=(53)
+158 0 0
cfl=
cfn=(88)
calls=200 -143071 0
* * 200
cfl=
cfn=(107)
calls=110 -2554 0
* * 110
cfl=
cfn=(103)
calls=100 -9221 0
* * 100
cfl=
cfn=(106)
calls=100 -3018 0
* * 100
cfl=
cfn=(104)
calls=30 -8664 0
* * 30
cfl=
cfn=(105)
calls=30 -6488 0
* * 30
cfl=
cfn=(89)
calls=10 -142241 0
* * 10
cfl=
cfn=(102)
calls=10 -12217 0
* * 10
cfl=
cfn=(103)
calls=10 -9105 0
* * 10
+50 0 0
cfl=
cfn=(105)
calls=270 -6646 0
* * 270

ob=
fl=
fn=(109) runtime.goexit
+11014 0 0
cfl=
cfn=(110) github.com/nd-r/tech-db-forum/vendor/github.com/valyala/fasthttp.(*workerPool).getCh.func1
calls=2250 +3948282 0
* * 2250
cfl=
cfn=(100)
calls=140 -54436 0
* * 140
cfl=
cfn=(111) context.WithDeadline.func2
calls=120 +496828 0
* * 120
cfl=
cfn=(61)
calls=110 -251407 0
* * 110
cfl=
cfn=(100)
calls=110 -54816 0
* * 110

ob=
fl=
fn=(112) sync.(*Once).Do
+24629 0 0
cfl=
cfn=(18)
calls=10 -189552 0
* * 10

ob=
fl=
fn=(113) sync.(*Pool).Get
+585 0 0
cfl=
cfn=(23)
calls=10 +1412 0
* * 10

ob=
fl=
fn=(114) io.ReadAtLeast
+5242 0 0
cfl=
cfn=(115) net.(*conn).Read
calls=760 +751137 0
* * 760

ob=
fl=
fn=(116) bytes.(*Buffer).ReadBytes
+46405 0 0
cfl=
cfn=(24)
calls=10 +46751 0
* * 10
+213 0 0
cfl=
cfn=(96)
calls=10 -174736 0
* * 10

ob=
fl=
fn=(117) syscall.Read
+78502 0 0
cfl=
cfn=(118) syscall.read
calls=900 +90050 0
* * 900

ob=
fl=
fn=(119) syscall.Write
+128 0 0
cfl=
cfn=(120) syscall.write
calls=870 +13724 0
* * 870

ob=
fl=
fn=(118)
+11420 0 0
cfl=
cfn=(1)
calls=690 +15346 0
* * 690
cfl=
cfn=(1)
calls=210 +15308 0
* * 210

ob=
fl=
fn=(120)
+2176 0 0
cfl=
cfn=(1)
calls=870 +3926 0
* * 870

ob=
fl=
fn=(1)
+1712 0 0
cfl=
cfn=(21)
calls=200 -323713 0
* * 200
cfl=
cfn=(21)
calls=10 -323760 0
* * 10

ob=
fl=
fn=(121) time.Time.AppendFormat
+17158 0 0
cfl=
cfn=(22)
calls=10 -168451 0
* * 10

ob=
fl=
fn=(122) time.Parse
+1965 0 0
cfl=
cfn=(123) time.parse
calls=10 +7618 0
* * 10
cfl=
cfn=(123)
calls=10 +12371 0
* * 10
cfl=
cfn=(123)
calls=10 +12478 0
* * 10

ob=
fl=
fn=(123)
+5653 0 0
cfl=
cfn=(25)
calls=10 -11959 0
* * 10
+4753 0 0
cfl=
cfn=(26)
calls=10 +25215 0
* * 10
+107 0 0
cfl=
cfn=(124) time.(*Location).lookup
calls=10 +22241 0
* * 10

ob=
fl=
fn=(101)
+5355 0 0
cfl=
cfn=(92)
calls=110 -351918 0
* * 110

ob=
fl=
fn=(125) time.Time.MarshalJSON
+12124 0 0
cfl=
cfn=(121)
calls=10 -17833 0
* * 10

ob=
fl=
fn=(126) time.(*Time).UnmarshalJSON
+413 0 0
cfl=
cfn=(122)
calls=30 -27992 0
* * 30

ob=
fl=
fn=(127) time.(*Location).get
+4049 0 0
cfl=
cfn=(112)
calls=10 -193911 0
* * 10

ob=
fl=
fn=(124)
+193 0 0
cfl=
cfn=(127)
calls=10 * 0
* * 10

ob=
fl=
fn=(128) reflect.packEface
+106382 0 0
cfl=
cfn=(56)
calls=10 -518148 0
* * 10

ob=
fl=
fn=(129) reflect.Value.Interface
+15255 0 0
cfl=
cfn=(130) reflect.valueInterface
calls=10 +15543 0
* * 10

ob=
fl=
fn=(130)
+288 0 0
cfl=
cfn=(128)
calls=10 -15255 0
* * 10

ob=
fl=
fn=(131) context.WithDeadline
+137265 0 0
cfl=
cfn=(41)
calls=10 -690955 0
* * 10

ob=
fl=
fn=(132) context.(*timerCtx).cancel
+1749 0 0
cfl=
cfn=(6)
calls=120 -683 0
* * 120

ob=
fl=
fn=(133) context.WithTimeout
+355 0 0
cfl=
cfn=(131)
calls=10 -1749 0
* * 10

ob=
fl=
fn=(111)
+1738 0 0
cfl=
cfn=(132)
calls=120 -355 0
* * 120

ob=
fl=
fn=(134) bufio.(*Reader).fill
+67584 0 0
cfl=
cfn=(115)
calls=230 +290537 0
* * 230

ob=
fl=
fn=(135) bufio.(*Reader).Peek
+448 0 0
cfl=
cfn=(134)
calls=230 * 0
* * 230

ob=
fl=
fn=(136) bufio.(*Writer).Flush
+7406 0 0
cfl=
cfn=(137) net.(*conn).Write
calls=200 +223241 0
* * 200

ob=
fl=
fn=(138) net.(*netFD).writeUnlock
+132413 0 0
cfl=
cfn=(27)
calls=10 +131471 0
* * 10

ob=
fl=
fn=(139) net.(*pollDesc).prepare
+486 0 0
cfl=
cfn=(16)
calls=10 -896189 0
* * 10

ob=
fl=
fn=(140) net.(*pollDesc).prepareWrite
+204 0 0
cfl=
cfn=(139)
calls=10 * 0
* * 10

ob=
fl=
fn=(141) net.(*pollDesc).wait
+100 0 0
cfl=
cfn=(68)
calls=10 -896779 0
* * 10

ob=
fl=
fn=(142) net.(*pollDesc).waitRead
+108 0 0
cfl=
cfn=(141)
calls=10 * 0
* * 10

ob=
fl=
fn=(143) net.(*netFD).Read
+5959 0 0
cfl=
cfn=(117)
calls=900 -538987 0
* * 900
+124 0 0
cfl=
cfn=(142)
calls=10 -5959 0
* * 10
+174 0 0
cfl=
cfn=(18)
calls=80 -890410 0
* * 80

ob=
fl=
fn=(144) net.(*netFD).Write
+2832 0 0
cfl=
cfn=(140)
calls=10 -6465 0
* * 10
+169 0 0
cfl=
cfn=(119)
calls=870 -547948 0
* * 870
+309 0 0
cfl=
cfn=(138)
calls=10 -10156 0
* * 10
+5 0 0
cfl=
cfn=(18)
calls=30 -893894 0
* * 30

ob=
fl=
fn=(115)
+72216 0 0
cfl=
cfn=(143)
calls=900 -3613 0
* * 900
cfl=
cfn=(143)
calls=80 -3315 0
* * 80
cfl=
cfn=(143)
calls=10 -3489 0
* * 10

ob=
fl=
fn=(137)
+736 0 0
cfl=
cfn=(144)
calls=870 -72530 0
* * 870
cfl=
cfn=(144)
calls=30 -72216 0
* * 30
cfl=
cfn=(144)
calls=10 -72699 0
* * 10
cfl=
cfn=(144)
calls=10 -72221 0
* * 10

ob=
fl=
fn=(28)
+989245 0 0
cfl=
cfn=(145) github.com/nd-r/tech-db-forum/vendor/github.com/jackc/pgx/chunkreader.(*ChunkReader).appendAtLeast
calls=760 +989729 0
* * 760

ob=
fl=
fn=(145)
+484 0 0
cfl=
cfn=(114)
calls=760 -1735876 0
* * 760

ob=
fl=
fn=(29)
+109466 0 0
cfl=
cfn=(28)
calls=760 -484 0
* * 760
cfl=
cfn=(28)
calls=10 -1038 0
* * 10
+276 0 0
cfl=
cfn=(146) github.com/nd-r/tech-db-forum/vendor/github.com/jackc/pgx/pgproto3.(*RowDescription).Decode
calls=20 +12941 0
* * 20
cfl=
cfn=(147) github.com/nd-r/tech-db-forum/vendor/github.com/jackc/pgx/pgproto3.(*ParameterDescription).Decode
calls=10 +7020 0
* * 10

ob=
fl=
fn=(147)
+6744 0 0
cfl=
cfn=(95)
calls=10 -1975236 0
* * 10

ob=
fl=
fn=(146)
+5921 0 0
cfl=
cfn=(116)
calls=10 -1806441 0
* * 10
cfl=
cfn=(116)
calls=10 -1806228 0
* * 10

ob=
fl=
fn=(148) github.com/nd-r/tech-db-forum/vendor/github.com/jackc/pgx.(*Conn).prepareEx
+716500 0 0
cfl=
cfn=(137)
calls=110 -1112136 0
* * 110
+337 0 0
cfl=
cfn=(30)
calls=280 +13173 0
* * 280
+490 0 0
cfl=
cfn=(13)
calls=10 -2920154 0
* * 10

ob=
fl=
fn=(149) github.com/nd-r/tech-db-forum/vendor/github.com/jackc/pgx.(*Conn).IsAlive
+6628 0 0
cfl=
cfn=(73)
calls=10 -2798822 0
* * 10

ob=
fl=
fn=(150) github.com/nd-r/tech-db-forum/vendor/github.com/jackc/pgx.(*Conn).sendQuery
+529 0 0
cfl=
cfn=(151) github.com/nd-r/tech-db-forum/vendor/github.com/jackc/pgx.(*Conn).sendSimpleQuery
calls=500 +1039 0
* * 500
cfl=
cfn=(151)
calls=20 +634 0
* * 20

ob=
fl=
fn=(151)
+105 0 0
cfl=
cfn=(152) github.com/nd-r/tech-db-forum/vendor/github.com/jackc/pgx.(*Conn).ensureConnectionReadyForQuery
calls=20 +22164 0
* * 20
+405 0 0
cfl=
cfn=(137)
calls=500 -1836725 0
* * 500

ob=
fl=
fn=(153) github.com/nd-r/tech-db-forum/vendor/github.com/jackc/pgx.(*Conn).sendPreparedQuery
+1236 0 0
cfl=
cfn=(154) github.com/nd-r/tech-db-forum/vendor/github.com/jackc/pgx.appendBind
calls=20 +60134 0
* * 20
+583 0 0
cfl=
cfn=(137)
calls=110 -1838366 0
* * 110

ob=
fl=
fn=(30)
+2826 0 0
cfl=
cfn=(149)
calls=10 -2858 0
* * 10
+34 0 0
cfl=
cfn=(29)
calls=770 -742580 0
* * 770
cfl=
cfn=(29)
calls=30 -742304 0
* * 30
cfl=
cfn=(29)
calls=10 -742438 0
* * 10
cfl=
cfn=(29)
calls=10 -742329 0
* * 10

ob=
fl=
fn=(155) github.com/nd-r/tech-db-forum/vendor/github.com/jackc/pgx.(*Conn).ExecEx
+8201 0 0
cfl=
cfn=(31)
calls=520 +12067 0
* * 520
cfl=
cfn=(31)
calls=360 +11266 0
* * 360
cfl=
cfn=(31)
calls=10 +11230 0
* * 10

ob=
fl=
fn=(31)
+3065 0 0
cfl=
cfn=(30)
calls=350 -8201 0
* * 350
cfl=
cfn=(30)
calls=10 -7952 0
* * 10
+801 0 0
cfl=
cfn=(150)
calls=520 -16455 0
* * 520

ob=
fl=
fn=(152)
+4908 0 0
cfl=
cfn=(30)
calls=20 -12067 0
* * 20

ob=
fl=
fn=(156) github.com/nd-r/tech-db-forum/vendor/github.com/jackc/pgx.(*ConnPool).Begin
+10700 0 0
cfl=
cfn=(157) github.com/nd-r/tech-db-forum/vendor/github.com/jackc/pgx.(*ConnPool).BeginEx
calls=450 +13241 0
* * 450

ob=
fl=
fn=(157)
+2541 0 0
cfl=
cfn=(158) github.com/nd-r/tech-db-forum/vendor/github.com/jackc/pgx.(*Conn).BeginEx
calls=450 +50631 0
* * 450

ob=
fl=
fn=(154)
+25239 0 0
cfl=
cfn=(159) github.com/nd-r/tech-db-forum/vendor/github.com/jackc/pgx.encodePreparedStatementArgument
calls=10 +57405 0
* * 10
cfl=
cfn=(159)
calls=10 +57492 0
* * 10

ob=
fl=
fn=(160) github.com/nd-r/tech-db-forum/vendor/github.com/jackc/pgx.(*Row).Scan
+1456 0 0
cfl=
cfn=(161) github.com/nd-r/tech-db-forum/vendor/github.com/jackc/pgx.(*Rows).Next
calls=180 +4037 0
* * 180

ob=
fl=
fn=(161)
+2581 0 0
cfl=
cfn=(30)
calls=170 -56911 0
* * 170
cfl=
cfn=(30)
calls=10 -56945 0
* * 10

ob=
fl=
fn=(162) github.com/nd-r/tech-db-forum/vendor/github.com/jackc/pgx.(*Conn).QueryEx
+9166 0 0
cfl=
cfn=(153)
calls=110 -62352 0
* * 110
cfl=
cfn=(153)
calls=20 -62935 0
* * 20
+282 0 0
cfl=
cfn=(148)
calls=280 -81494 0
* * 280
cfl=
cfn=(148)
calls=110 -81831 0
* * 110
cfl=
cfn=(148)
calls=10 -81004 0
* * 10

ob=
fl=
fn=(158)
+9366 0 0
cfl=
cfn=(155)
calls=450 -60739 0
* * 450

ob=
fl=
fn=(163) github.com/nd-r/tech-db-forum/vendor/github.com/jackc/pgx.(*Tx).Commit
+352 0 0
cfl=
cfn=(164) github.com/nd-r/tech-db-forum/vendor/github.com/jackc/pgx.(*Tx).CommitEx
calls=440 +548 0
* * 440

ob=
fl=
fn=(164)
+196 0 0
cfl=
cfn=(155)
calls=440 -70457 0
* * 440

ob=
fl=
fn=(32)
+673 0 0
cfl=
cfn=(133)
calls=10 -2213674 0
* * 10

ob=
fl=
fn=(165) github.com/nd-r/tech-db-forum/vendor/github.com/jackc/pgx.(*Tx).Query
+1622 0 0
cfl=
cfn=(166) github.com/nd-r/tech-db-forum/vendor/github.com/jackc/pgx.(*Tx).QueryEx
calls=530 +2022 0
* * 530

ob=
fl=
fn=(166)
+400 0 0
cfl=
cfn=(162)
calls=400 -12209 0
* * 400
cfl=
cfn=(162)
calls=130 -12491 0
* * 130

ob=
fl=
fn=(167) github.com/nd-r/tech-db-forum/vendor/github.com/jackc/pgx.(*Tx).QueryRow
+162 0 0
cfl=
cfn=(165)
calls=530 -400 0
* * 530

ob=
fl=
fn=(159)
+5910 0 0
cfl=
cfn=(129)
calls=10 -2356188 0
* * 10
+87 0 0
cfl=
cfn=(159)
calls=10 +2269 0
* * 10
+2182 0 0
cfl=
cfn=(42)
calls=10 -3011274 0
* * 10

ob=
fl=
fn=(168) github.com/nd-r/tech-db-forum/vendor/github.com/mailru/easyjson/jlexer.(*Lexer).FetchToken
+710596 0 0
cfl=
cfn=(33)
calls=10 +721254 0
* * 10

ob=
fl=
fn=(169) github.com/nd-r/tech-db-forum/vendor/github.com/mailru/easyjson/jlexer.(*Lexer).IsDelim
+15201 0 0
cfl=
cfn=(168)
calls=10 * 0
* * 10

ob=
fl=
fn=(170) github.com/nd-r/tech-db-forum/vendor/github.com/mailru/easyjson/jlexer.(*Lexer).String
+2745 0 0
cfl=
cfn=(97)
calls=10 -3517098 0
* * 10

ob=
fl=
fn=(171) github.com/nd-r/tech-db-forum/vendor/github.com/mailru/easyjson/buffer.getBuf
+19862 0 0
cfl=
cfn=(95)
calls=10 -3536006 0
* * 10
+170 0 0
cfl=
cfn=(95)
calls=10 -3555868 0
* * 10

ob=
fl=
fn=(172) github.com/nd-r/tech-db-forum/vendor/github.com/mailru/easyjson/buffer.(*Buffer).EnsureSpace
+311 0 0
cfl=
cfn=(171)
calls=10 -170 0
* * 10
cfl=
cfn=(171)
calls=10 * 0
* * 10

ob=
fl=
fn=(173) github.com/nd-r/tech-db-forum/vendor/github.com/mailru/easyjson/buffer.(*Buffer).AppendByte
+703 0 0
cfl=
cfn=(172)
calls=10 * 0
* * 10

ob=
fl=
fn=(174) github.com/nd-r/tech-db-forum/vendor/github.com/mailru/easyjson/buffer.(*Buffer).AppendBytes
+241 0 0
cfl=
cfn=(22)
calls=10 -3454692 0
* * 10

ob=
fl=
fn=(175) github.com/nd-r/tech-db-forum/vendor/github.com/mailru/easyjson/buffer.(*Buffer).AppendString
+528 0 0
cfl=
cfn=(22)
calls=10 -3455016 0
* * 10
+263 0 0
cfl=
cfn=(172)
calls=10 -1472 0
* * 10

ob=
fl=
fn=(176) github.com/nd-r/tech-db-forum/vendor/github.com/mailru/easyjson/buffer.(*Buffer).BuildBytes
+1116 0 0
cfl=
cfn=(22)
calls=10 -3457310 0
* * 10
+719 0 0
cfl=
cfn=(95)
calls=10 -3559200 0
* * 10

ob=
fl=
fn=(177) github.com/nd-r/tech-db-forum/vendor/github.com/mailru/easyjson/jwriter.(*Writer).RawByte
+3216 0 0
cfl=
cfn=(173)
calls=10 -2867 0
* * 10

ob=
fl=
fn=(178) github.com/nd-r/tech-db-forum/vendor/github.com/mailru/easyjson/jwriter.(*Writer).Raw
+285 0 0
cfl=
cfn=(174)
calls=10 -5842 0
* * 10

ob=
fl=
fn=(35)
+10739 0 0
cfl=
cfn=(175)
calls=10 -5599 0
* * 10
cfl=
cfn=(175)
calls=10 -5336 0
* * 10

ob=
fl=
fn=(179) github.com/nd-r/tech-db-forum/models.easyjsonD2b7633eDecodeGithubComNdRTechDbForumModels4
+6312 0 0
cfl=
cfn=(170)
calls=10 -38153 0
* * 10

ob=
fl=
fn=(180) github.com/nd-r/tech-db-forum/models.User.MarshalJSON
+892 0 0
cfl=
cfn=(176)
calls=10 -20552 0
* * 10

ob=
fl=
fn=(181) github.com/nd-r/tech-db-forum/models.(*User).UnmarshalJSON
+334 0 0
cfl=
cfn=(179)
calls=10 -892 0
* * 10

ob=
fl=
fn=(36)
+2416 0 0
cfl=
cfn=(169)
calls=10 -48436 0
* * 10
+69 0 0
cfl=
cfn=(34)
calls=10 -50652 0
* * 10
+1910 0 0
cfl=
cfn=(126)
calls=30 -3266964 0
* * 30

ob=
fl=
fn=(182) github.com/nd-r/tech-db-forum/models.easyjsonD2b7633eEncodeGithubComNdRTechDbForumModels7
+381 0 0
cfl=
cfn=(177)
calls=10 -22957 0
* * 10
+258 0 0
cfl=
cfn=(35)
calls=10 -13459 0
* * 10
+91 0 0
cfl=
cfn=(35)
calls=20 -12572 0
* * 20
+283 0 0
cfl=
cfn=(125)
calls=10 -3270017 0
* * 10
+64 0 0
cfl=
cfn=(178)
calls=10 -23685 0
* * 10

ob=
fl=
fn=(183) github.com/nd-r/tech-db-forum/models.Thread.MarshalJSON
+396 0 0
cfl=
cfn=(182)
calls=20 -347 0
* * 20
cfl=
cfn=(182)
calls=10 -696 0
* * 10
cfl=
cfn=(182)
calls=10 -438 0
* * 10
cfl=
cfn=(182)
calls=10 -64 0
* * 10
cfl=
cfn=(182)
calls=10 * 0
* * 10
+44 0 0
cfl=
cfn=(176)
calls=10 -28365 0
* * 10

ob=
fl=
fn=(184) github.com/nd-r/tech-db-forum/models.(*Thread).UnmarshalJSON
+360 0 0
cfl=
cfn=(36)
calls=30 -1517 0
* * 30
cfl=
cfn=(36)
calls=10 -3496 0
* * 10
cfl=
cfn=(36)
calls=10 -3427 0
* * 10
cfl=
cfn=(36)
calls=10 -1653 0
* * 10

ob=
fl=
fn=(185) github.com/nd-r/tech-db-forum/database.CreateForum
+12140 0 0
cfl=
cfn=(163)
calls=10 -791737 0
* * 10

ob=
fl=
fn=(186) github.com/nd-r/tech-db-forum/database.CreateThread
+1282 0 0
cfl=
cfn=(156)
calls=440 -854860 0
* * 440
+515 0 0
cfl=
cfn=(167)
calls=400 -802106 0
* * 400
+158 0 0
cfl=
cfn=(160)
calls=110 -827421 0
* * 110
+259 0 0
cfl=
cfn=(163)
calls=420 -805832 0
* * 420
+25 0 0
cfl=
cfn=(32)
calls=10 -805222 0
* * 10
cfl=
cfn=(32)
calls=10 -805216 0
* * 10
+898 0 0
cfl=
cfn=(167)
calls=90 -803063 0
* * 90
+312 0 0
cfl=
cfn=(160)
calls=60 -828761 0
* * 60

ob=
fl=
fn=(187) github.com/nd-r/tech-db-forum/database.CreateUser
+3672 0 0
cfl=
cfn=(156)
calls=10 -858309 0
* * 10
+421 0 0
cfl=
cfn=(167)
calls=40 -807945 0
* * 40
+100 0 0
cfl=
cfn=(160)
calls=10 -833166 0
* * 10
+1277 0 0
cfl=
cfn=(163)
calls=10 -811519 0
* * 10

ob=
fl=
fn=(188) github.com/nd-r/tech-db-forum/vendor/github.com/valyala/fasthttp.(*RequestHeader).Read
+278934 0 0
cfl=
cfn=(189) github.com/nd-r/tech-db-forum/vendor/github.com/valyala/fasthttp.(*RequestHeader).tryRead
calls=230 +279231 0
* * 230

ob=
fl=
fn=(189)
+297 0 0
cfl=
cfn=(135)
calls=230 -3235438 0
* * 230

ob=
fl=
fn=(190) github.com/nd-r/tech-db-forum/vendor/github.com/valyala/fasthttp.(*ResponseHeader).Write
+2061 0 0
cfl=
cfn=(191) github.com/nd-r/tech-db-forum/vendor/github.com/valyala/fasthttp.(*ResponseHeader).Header
calls=10 +2370 0
* * 10

ob=
fl=
fn=(191)
+309 0 0
cfl=
cfn=(192) github.com/nd-r/tech-db-forum/vendor/github.com/valyala/fasthttp.(*ResponseHeader).AppendBytes
calls=10 +676 0
* * 10

ob=
fl=
fn=(192)
+367 0 0
cfl=
cfn=(39)
calls=10 +111740 0
* * 10

ob=
fl=
fn=(193) github.com/nd-r/tech-db-forum/vendor/github.com/valyala/fasthttp.(*Request).URI
+46972 0 0
cfl=
cfn=(194) github.com/nd-r/tech-db-forum/vendor/github.com/valyala/fasthttp.(*Request).parseURI
calls=10 +47151 0
* * 10

ob=
fl=
fn=(194)
+179 0 0
cfl=
cfn=(195) github.com/nd-r/tech-db-forum/vendor/github.com/valyala/fasthttp.(*URI).parseQuick
calls=10 +73549 0
* * 10

ob=
fl=
fn=(196) github.com/nd-r/tech-db-forum/vendor/github.com/valyala/fasthttp.(*Request).readLimitBody
+8429 0 0
cfl=
cfn=(188)
calls=230 -50185 0
* * 230
+69 0 0
cfl=
cfn=(37)
calls=10 +345 0
* * 10

ob=
fl=
fn=(197) github.com/nd-r/tech-db-forum/vendor/github.com/valyala/fasthttp.(*Response).Write
+8791 0 0
cfl=
cfn=(190)
calls=10 -56325 0
* * 10

ob=
fl=
fn=(198) github.com/nd-r/tech-db-forum/vendor/github.com/valyala/fasthttp.(*RequestCtx).URI
+15830 0 0
cfl=
cfn=(193)
calls=10 -17468 0
* * 10

ob=
fl=
fn=(199) github.com/nd-r/tech-db-forum/vendor/github.com/valyala/fasthttp.(*RequestCtx).Path
+270 0 0
cfl=
cfn=(198)
calls=10 * 0
* * 10

ob=
fl=
fn=(200) github.com/nd-r/tech-db-forum/vendor/github.com/valyala/fasthttp.(*Server).serveConn
+16802 0 0
cfl=
cfn=(201) github.com/nd-r/tech-db-forum/vendor/github.com/buaazp/fasthttprouter.(*Router).Handler-fm
calls=1780 +486313 0
* * 1780
+647 0 0
cfl=
cfn=(202) github.com/nd-r/tech-db-forum/vendor/github.com/valyala/fasthttp.writeResponse
calls=10 +7235 0
* * 10
+1002 0 0
cfl=
cfn=(136)
calls=200 -3329055 0
* * 200
+220 0 0
cfl=
cfn=(38)
calls=10 +8211 0
* * 10
cfl=
cfn=(38)
calls=10 +8290 0
* * 10
+1841 0 0
cfl=
cfn=(196)
calls=230 -43631 0
* * 230
cfl=
cfn=(196)
calls=10 -43562 0
* * 10

ob=
fl=
fn=(202)
+3525 0 0
cfl=
cfn=(197)
calls=10 -36612 0
* * 10

ob=
fl=
fn=(38)
+2704 0 0
cfl=
cfn=(113)
calls=10 -3871681 0
* * 10

ob=
fl=
fn=(195)
+13240 0 0
cfl=
cfn=(40)
calls=10 +14289 0
* * 10

ob=
fl=
fn=(203) github.com/nd-r/tech-db-forum/vendor/github.com/valyala/fasthttp.(*workerPool).workerFunc
+19446 0 0
cfl=
cfn=(204) github.com/nd-r/tech-db-forum/vendor/github.com/valyala/fasthttp.(*Server).(github.com/nd-r/tech-db-forum/vendor/github.com/valyala/fasthttp.serveConn)-fm
calls=2250 +29910 0
* * 2250

ob=
fl=
fn=(110)
+4983 0 0
cfl=
cfn=(203)
calls=2250 * 0
* * 2250

ob=
fl=
fn=(204)
+5481 0 0
cfl=
cfn=(200)
calls=1780 -47608 0
* * 1780
cfl=
cfn=(200)
calls=240 -43898 0
* * 240
cfl=
cfn=(200)
calls=200 -45959 0
* * 200
cfl=
cfn=(200)
calls=20 -45739 0
* * 20
cfl=
cfn=(200)
calls=10 -46961 0
* * 10

ob=
fl=
fn=(205) github.com/nd-r/tech-db-forum/vendor/github.com/buaazp/fasthttprouter.(*Router).Handler
+14154 0 0
cfl=
cfn=(199)
calls=10 -69891 0
* * 10
+2561 0 0
cfl=
cfn=(206) github.com/nd-r/tech-db-forum/handlers.CreateThread
calls=1540 +19173 0
* * 1540
cfl=
cfn=(206)
calls=70 +20065 0
* * 70
cfl=
cfn=(207) github.com/nd-r/tech-db-forum/handlers.CreateUser
calls=70 +22367 0
* * 70
cfl=
cfn=(206)
calls=60 +19029 0
* * 60
cfl=
cfn=(208) github.com/nd-r/tech-db-forum/handlers.CreateForum
calls=10 +17914 0
* * 10
cfl=
cfn=(207)
calls=10 +22292 0
* * 10
cfl=
cfn=(207)
calls=10 +23078 0
* * 10

ob=
fl=
fn=(208)
+15353 0 0
cfl=
cfn=(185)
calls=10 -458033 0
* * 10

ob=
fl=
fn=(206)
+1115 0 0
cfl=
cfn=(184)
calls=60 -485526 0
* * 60
+144 0 0
cfl=
cfn=(186)
calls=440 -473219 0
* * 440
cfl=
cfn=(186)
calls=420 -472287 0
* * 420
cfl=
cfn=(186)
calls=400 -472704 0
* * 400
cfl=
cfn=(186)
calls=110 -472546 0
* * 110
cfl=
cfn=(186)
calls=90 -471364 0
* * 90
cfl=
cfn=(186)
calls=60 -471052 0
* * 60
cfl=
cfn=(186)
calls=20 -472262 0
* * 20
+892 0 0
cfl=
cfn=(183)
calls=60 -487189 0
* * 60
cfl=
cfn=(183)
calls=10 -487145 0
* * 10

ob=
fl=
fn=(207)
+2227 0 0
cfl=
cfn=(181)
calls=10 -493949 0
* * 10
+75 0 0
cfl=
cfn=(187)
calls=40 -470222 0
* * 40
cfl=
cfn=(187)
calls=10 -470643 0
* * 10
cfl=
cfn=(187)
calls=10 -470122 0
* * 10
cfl=
cfn=(187)
calls=10 -468845 0
* * 10
+711 0 0
cfl=
cfn=(180)
calls=10 -496585 0
* * 10

ob=
fl=
fn=(201)
+379190 0 0
cfl=
cfn=(205)
calls=1770 -20517 0
* * 1770
cfl=
cfn=(205)
calls=10 -23078 0
* * 10
