positions: instr line
events: cpu(ms)

ob=
fl=
fn=(1) syscall.Syscall
0x1083c6a 0 2540

ob=
fl=
fn=(2) runtime.kevent
-165863 0 1230

ob=
fl=
fn=(3) runtime.usleep
-525 0 1040

ob=
fl=
fn=(4) runtime.mach_semaphore_signal
+341 0 980

ob=
fl=
fn=(5) runtime.mach_semaphore_wait
-48 0 490

ob=
fl=
fn=(6) runtime.freedefer
-195636 0 410

ob=
fl=
fn=(7) runtime.mach_semaphore_timedwait
+195660 0 290

ob=
fl=
fn=(8) runtime.memclrNoHeapPointers
-3711 0 40

ob=
fl=
fn=(9) runtime.mallocgc
-299065 0 30

ob=
fl=
fn=(10) runtime.jmpdefer
+292640 0 30

ob=
fl=
fn=(11) github.com/nd-r/tech-db-forum/vendor/github.com/mailru/easyjson/jwriter.(*Writer).String
+2723296 0 30
+1022 0 30

ob=
fl=
fn=(12) runtime.getitab
-3029358 0 20

ob=
fl=
fn=(13) runtime.greyobject
+67056 0 20

ob=
fl=
fn=(14) runtime.procyield
+237931 0 20

ob=
fl=
fn=(15) github.com/nd-r/tech-db-forum/vendor/github.com/mailru/easyjson/jlexer.findStringLen
+2675914 0 20

ob=
fl=
fn=(16) github.com/nd-r/tech-db-forum/vendor/github.com/mailru/easyjson/jlexer.(*Lexer).SkipRecursive
+8271 0 20

ob=
fl=
fn=(17) runtime.interequal
-3035439 0 10

ob=
fl=
fn=(18) runtime.chanrecv
+16927 0 10

ob=
fl=
fn=(19) runtime.mapaccess1
+12705 0 10

ob=
fl=
fn=(20) runtime.mapdelete
+3659 0 10

ob=
fl=
fn=(21) runtime.mapaccess1_fast32
+8835 0 10

ob=
fl=
fn=(22) runtime.mapaccess2_faststr
+3708 0 10

ob=
fl=
fn=(23) runtime.assertI2I2
+5103 0 10

ob=
fl=
fn=(9)
+7521 0 10
+93 0 10
+306 0 10
+875 0 10

ob=
fl=
fn=(24) runtime.writebarrierptr_prewrite1
+3548 0 10

ob=
fl=
fn=(25) runtime.typedmemmove
+412 0 10

ob=
fl=
fn=(26) runtime.(*mspan).nextFreeIndex
+2114 0 10

ob=
fl=
fn=(27) runtime.heapBitsSetType
+5120 0 10
+40 0 10
+677 0 10
+256 0 10

ob=
fl=
fn=(28) runtime.(*mcentral).cacheSpan
+4349 0 10

ob=
fl=
fn=(29) runtime.(*mcentral).freeSpan
+1438 0 10

ob=
fl=
fn=(30) runtime.gcDrain
+32089 0 10

ob=
fl=
fn=(31) runtime.gcDrainN
+946 0 10

ob=
fl=
fn=(32) runtime.scanblock
+274 0 10
+110 0 10
+100 0 10

ob=
fl=
fn=(33) runtime.scanobject
+624 0 10
+27 0 10
+11 0 10
+18 0 10
+20 0 10
+38 0 10

ob=
fl=
fn=(13)
+650 0 10

ob=
fl=
fn=(34) runtime.(*gcSweepBuf).pop
+9018 0 10
+25 0 10

ob=
fl=
fn=(35) runtime.(*mSpanList).remove
+13525 0 10

ob=
fl=
fn=(36) runtime.newMarkBits
+3485 0 10

ob=
fl=
fn=(37) net.runtime_pollWait
+15369 0 10

ob=
fl=
fn=(38) runtime.deferproc
+10146 0 10

ob=
fl=
fn=(39) runtime.newdefer
+929 0 10
+209 0 10
+20 0 10

ob=
fl=
fn=(6)
+407 0 10
+33 0 10

ob=
fl=
fn=(40) runtime.deferreturn
+699 0 10
+107 0 10
+99 0 10

ob=
fl=
fn=(41) runtime.stopm
+25025 0 10
+169 0 10

ob=
fl=
fn=(42) runtime.findrunnable
+4772 0 10

ob=
fl=
fn=(43) runtime.reentersyscall
+4622 0 10

ob=
fl=
fn=(44) runtime.runqgrab
+20959 0 10
+25 0 10

ob=
fl=
fn=(45) runtime.concatstrings
+50712 0 10

ob=
fl=
fn=(46) runtime.rawstring
+2625 0 10

ob=
fl=
fn=(47) runtime.rawbyteslice
+361 0 10

ob=
fl=
fn=(48) runtime.findfunc
+8567 0 10

ob=
fl=
fn=(49) runtime.pcvalue
+536 0 10

ob=
fl=
fn=(50) runtime.readvarint
+3149 0 10

ob=
fl=
fn=(51) runtime.gosweepone.func1
+48566 0 10

ob=
fl=
fn=(52) runtime.systemstack
+8373 0 10

ob=
fl=
fn=(53) runtime.getcallerpc
+6900 0 10

ob=
fl=
fn=(8)
+5731 0 10
+187 0 10
+188 0 10

ob=
fl=
fn=(54) runtime.memmove
+786 0 10
+88 0 10
+36 0 10
+902 0 10

ob=
fl=
fn=(55) sync.(*rlocker).Lock
+24658 0 10

ob=
fl=
fn=(56) strconv.ParseUint
+73825 0 10
+19 0 10

ob=
fl=
fn=(57) strconv.ParseInt
+1591 0 10

ob=
fl=
fn=(58) strconv.Atoi
+1052 0 10

ob=
fl=
fn=(59) time.Time.AppendFormat
+78893 0 10
+481 0 10
+1149 0 10
+224 0 10
+2097 0 10

ob=
fl=
fn=(60) reflect.implements
+121964 0 10

ob=
fl=
fn=(61) reflect.Value.Field
+29888 0 10

ob=
fl=
fn=(62) reflect.valueInterface
+3613 0 10

ob=
fl=
fn=(63) reflect.Value.Set
+7353 0 10

ob=
fl=
fn=(64) reflect.Value.Type
+6155 0 10

ob=
fl=
fn=(65) database/sql.convertAssign
+158418 0 10
+546 0 10
+2180 0 10

ob=
fl=
fn=(66) database/sql.ctxDriverStmtQuery
+12251 0 10

ob=
fl=
fn=(67) database/sql.(*DB).removeDep
+6084 0 10

ob=
fl=
fn=(68) database/sql.(*DB).removeDepLocked
+542 0 10

ob=
fl=
fn=(69) database/sql.(*Tx).isDone
+23018 0 10

ob=
fl=
fn=(70) database/sql.(*Stmt).QueryContext
+13873 0 10

ob=
fl=
fn=(71) database/sql.(*Rows).awaitDone
+3395 0 10

ob=
fl=
fn=(72) strings.Count
+37117 0 10

ob=
fl=
fn=(73) net.(*fdMutex).rwlock
+155421 0 10

ob=
fl=
fn=(74) net.(*pollDesc).wait
+1815 0 10

ob=
fl=
fn=(75) github.com/nd-r/tech-db-forum/vendor/github.com/lib/pq.(*readBuf).string
+938451 0 10

ob=
fl=
fn=(76) github.com/nd-r/tech-db-forum/vendor/github.com/lib/pq.(*conn).parseComplete
+42752 0 10

ob=
fl=
fn=(77) github.com/nd-r/tech-db-forum/vendor/github.com/lib/pq.(*conn).errRecover
+58831 0 10

ob=
fl=
fn=(78) github.com/nd-r/tech-db-forum/vendor/github.com/jmoiron/sqlx/reflectx.(*Mapper).TraversalsByName
+26090 0 10
+320 0 10
+561 0 10

ob=
fl=
fn=(79) github.com/nd-r/tech-db-forum/vendor/github.com/jmoiron/sqlx.(*Row).Scan
+35849 0 10

ob=
fl=
fn=(15)
+796796 0 10

ob=
fl=
fn=(16)
+8192 0 10
+434 0 10
+11 0 10
+15 0 10
+10 0 10

ob=
fl=
fn=(80) github.com/nd-r/tech-db-forum/vendor/github.com/mailru/easyjson/buffer.putBuf
+21256 0 10

ob=
fl=
fn=(81) github.com/nd-r/tech-db-forum/vendor/github.com/mailru/easyjson/buffer.(*Buffer).AppendString
+2176 0 10
+85 0 10

ob=
fl=
fn=(11)
+15200 0 10
+14 0 10
+57 0 10
+966 0 10

ob=
fl=
fn=(82) github.com/nd-r/tech-db-forum/models.easyjsonD2b7633eDecodeGithubComNdRTechDbForumModels12
+29715 0 10

ob=
fl=
fn=(83) github.com/nd-r/tech-db-forum/database.CreatePosts
+30393 0 10

ob=
fl=
fn=(84) runtime.closechan
-3121469 0 0
cfl=
cfn=(85) runtime.goready
calls=190 -2958360 0
* * 190

ob=
fl=
fn=(86) runtime.selectnbrecv
+3461 0 0
cfl=
cfn=(18)
calls=10 +2657 0
* * 10

ob=
fl=
fn=(87) runtime.mapaccess2
+12927 0 0
cfl=
cfn=(17)
calls=10 -17731 0
* * 10

ob=
fl=
fn=(88) runtime.convT2E
+19333 0 0
cfl=
cfn=(89) runtime.newobject
calls=10 +30197 0
* * 10
+39 0 0
cfl=
cfn=(25)
calls=10 +13701 0
* * 10

ob=
fl=
fn=(23)
+1006 0 0
cfl=
cfn=(12)
calls=10 -3763 0
* * 10

ob=
fl=
fn=(90) runtime.assertE2I2
+598 0 0
cfl=
cfn=(12)
calls=10 -4769 0
* * 10

ob=
fl=
fn=(91) runtime.lock
+1078 0 0
cfl=
cfn=(14)
calls=10 +299620 0
* * 10

ob=
fl=
fn=(92) runtime.notewakeup
+503 0 0
cfl=
cfn=(93) runtime.semawakeup
calls=980 +106264 0
* * 980

ob=
fl=
fn=(94) runtime.notesleep
+226 0 0
cfl=
cfn=(95) runtime.semasleep
calls=490 +108765 0
* * 490

ob=
fl=
fn=(96) runtime.notetsleep_internal
+199 0 0
cfl=
cfn=(95)
calls=290 +108539 0
* * 290

ob=
fl=
fn=(97) runtime.notetsleep
+492 0 0
cfl=
cfn=(96)
calls=290 * 0
* * 290

ob=
fl=
fn=(98) runtime.(*mcache).nextFree
+3268 0 0
cfl=
cfn=(52)
calls=30 +291108 0
* * 30
+29 0 0
cfl=
cfn=(26)
calls=10 +8406 0
* * 10

ob=
fl=
fn=(9)
+1681 0 0
cfl=
cfn=(99) runtime.profilealloc
calls=10 +3941 0
* * 10
+221 0 0
cfl=
cfn=(27)
calls=10 +11816 0
* * 10
cfl=
cfn=(27)
calls=10 +11856 0
* * 10
cfl=
cfn=(27)
calls=10 +12533 0
* * 10
cfl=
cfn=(27)
calls=10 +12789 0
* * 10
+550 0 0
cfl=
cfn=(8)
calls=40 +298401 0
* * 40
cfl=
cfn=(8)
calls=10 +298425 0
* * 10
cfl=
cfn=(8)
calls=10 +298800 0
* * 10
+61 0 0
cfl=
cfn=(98)
calls=30 -2481 0
* * 30
cfl=
cfn=(98)
calls=10 -2452 0
* * 10
+432 0 0
cfl=
cfn=(100) runtime.gcAssistAlloc
calls=50 +43085 0
* * 50

ob=
fl=
fn=(89)
+481 0 0
cfl=
cfn=(9)
calls=20 -493 0
* * 20
cfl=
cfn=(9)
calls=20 * 0
* * 20

ob=
fl=
fn=(99)
+515 0 0
cfl=
cfn=(101) runtime.mProf_Malloc
calls=10 +80414 0
* * 10

ob=
fl=
fn=(102) runtime.writebarrierptr
+2002 0 0
cfl=
cfn=(24)
calls=10 +1910 0
* * 10

ob=
fl=
fn=(103) runtime.heapBits.initSpan
+6530 0 0
cfl=
cfn=(36)
calls=10 +75274 0
* * 10

ob=
fl=
fn=(104) runtime.(*mcache).refill
+5841 0 0
cfl=
cfn=(28)
calls=20 +6507 0
* * 20
cfl=
cfn=(28)
calls=10 +6346 0
* * 10

ob=
fl=
fn=(28)
+666 0 0
cfl=
cfn=(105) runtime.(*mcentral).grow
calls=10 +2318 0
* * 10
cfl=
cfn=(105)
calls=10 +2406 0
* * 10

ob=
fl=
fn=(29)
+1428 0 0
cfl=
cfn=(35)
calls=10 +58752 0
* * 10

ob=
fl=
fn=(105)
+224 0 0
cfl=
cfn=(106) runtime.(*mheap).alloc
calls=10 +51927 0
* * 10
+88 0 0
cfl=
cfn=(103)
calls=10 -8159 0
* * 10

ob=
fl=
fn=(107) runtime.gcBgMarkWorker
+15734 0 0
cfl=
cfn=(52)
calls=130 +267091 0
* * 130
cfl=
cfn=(52)
calls=30 +267141 0
* * 30

ob=
fl=
fn=(108) runtime.markroot
+7428 0 0
cfl=
cfn=(109) runtime.markrootBlock
calls=10 +7760 0
* * 10

ob=
fl=
fn=(109)
+332 0 0
cfl=
cfn=(32)
calls=10 +9684 0
* * 10

ob=
fl=
fn=(100)
+1384 0 0
cfl=
cfn=(52)
calls=40 +243597 0
* * 40
cfl=
cfn=(52)
calls=10 +243647 0
* * 10

ob=
fl=
fn=(110) runtime.gcAssistAlloc1
+547 0 0
cfl=
cfn=(31)
calls=20 +7684 0
* * 20
cfl=
cfn=(31)
calls=10 +7610 0
* * 10
cfl=
cfn=(31)
calls=10 +7694 0
* * 10

ob=
fl=
fn=(111) runtime.scanstack
+2382 0 0
cfl=
cfn=(112) runtime.gentraceback
calls=40 +208858 0
* * 40

ob=
fl=
fn=(113) runtime.scanframeworker
+1242 0 0
cfl=
cfn=(114) runtime.pcdatavalue
calls=20 +181588 0
* * 20
+905 0 0
cfl=
cfn=(32)
calls=10 +3907 0
* * 10
cfl=
cfn=(32)
calls=10 +4007 0
* * 10

ob=
fl=
fn=(30)
+1671 0 0
cfl=
cfn=(33)
calls=20 +4027 0
* * 20
cfl=
cfn=(33)
calls=10 +3726 0
* * 10
cfl=
cfn=(33)
calls=10 +3764 0
* * 10
cfl=
cfn=(33)
calls=10 +3782 0
* * 10
cfl=
cfn=(33)
calls=10 +3802 0
* * 10
cfl=
cfn=(33)
calls=10 +3840 0
* * 10
+140 0 0
cfl=
cfn=(115) runtime.pollWork
calls=30 +87575 0
* * 30
+353 0 0
cfl=
cfn=(116) runtime.(*gcWork).balance
calls=10 +13283 0
* * 10
+50 0 0
cfl=
cfn=(115)
calls=10 +87082 0
* * 10

ob=
fl=
fn=(31)
+320 0 0
cfl=
cfn=(108)
calls=10 -9006 0
* * 10
+74 0 0
cfl=
cfn=(33)
calls=10 +1219 0
* * 10
cfl=
cfn=(33)
calls=10 +1493 0
* * 10

ob=
fl=
fn=(33)
+1419 0 0
cfl=
cfn=(13)
calls=20 +2612 0
* * 20
cfl=
cfn=(13)
calls=10 +1882 0
* * 10

ob=
fl=
fn=(117) runtime.bgsweep
+4344 0 0
cfl=
cfn=(118) runtime.gosweepone
calls=50 +5456 0
* * 50

ob=
fl=
fn=(119) runtime.sweepone
+305 0 0
cfl=
cfn=(34)
calls=10 +5137 0
* * 10
cfl=
cfn=(34)
calls=10 +5162 0
* * 10
+305 0 0
cfl=
cfn=(120) runtime.(*mspan).sweep
calls=20 +2163 0
* * 20

ob=
fl=
fn=(118)
+502 0 0
cfl=
cfn=(52)
calls=50 +228156 0
* * 50

ob=
fl=
fn=(120)
+1356 0 0
cfl=
cfn=(29)
calls=10 -39900 0
* * 10
cfl=
cfn=(29)
calls=10 -39749 0
* * 10

ob=
fl=
fn=(116)
+4255 0 0
cfl=
cfn=(121) runtime.handoff
calls=10 +6120 0
* * 10

ob=
fl=
fn=(121)
+1865 0 0
cfl=
cfn=(54)
calls=10 +236746 0
* * 10

ob=
fl=
fn=(106)
+4702 0 0
cfl=
cfn=(8)
calls=10 +232881 0
* * 10

ob=
fl=
fn=(101)
+11505 0 0
cfl=
cfn=(122) runtime.callers
calls=10 +188118 0
* * 10

ob=
fl=
fn=(123) runtime.netpoll
+17214 0 0
cfl=
cfn=(2)
calls=1230 +220382 0
* * 1230

ob=
fl=
fn=(93)
+493 0 0
cfl=
cfn=(124) runtime.mach_semrelease
calls=980 +3542 0
* * 980

ob=
fl=
fn=(125) runtime.semasleep1
+2682 0 0
cfl=
cfn=(5)
calls=490 +202443 0
* * 490
+150 0 0
cfl=
cfn=(7)
calls=290 +199785 0
* * 290

ob=
fl=
fn=(95)
+172 0 0
cfl=
cfn=(52)
calls=780 +183482 0
* * 780

ob=
fl=
fn=(124)
+45 0 0
cfl=
cfn=(4)
calls=980 +199487 0
* * 980

ob=
fl=
fn=(38)
+1985 0 0
cfl=
cfn=(53)
calls=10 +190000 0
* * 10
+22 0 0
cfl=
cfn=(39)
calls=10 +1080 0
* * 10
cfl=
cfn=(39)
calls=10 +1289 0
* * 10
cfl=
cfn=(39)
calls=10 +1309 0
* * 10
cfl=
cfn=(39)
calls=10 +1372 0
* * 10

ob=
fl=
fn=(39)
+1350 0 0
cfl=
cfn=(102)
calls=10 -100660 0
* * 10

ob=
fl=
fn=(40)
+1158 0 0
cfl=
cfn=(6)
calls=410 +401 0
* * 410
cfl=
cfn=(6)
calls=10 +344 0
* * 10
cfl=
cfn=(6)
calls=10 +377 0
* * 10

ob=
fl=
fn=(85)
+10839 0 0
cfl=
cfn=(52)
calls=190 +178700 0
* * 190

ob=
fl=
fn=(126) runtime.ready
+5137 0 0
cfl=
cfn=(127) runtime.wakep
calls=190 +15972 0
* * 190

ob=
fl=
fn=(128) runtime.scang
+3044 0 0
cfl=
cfn=(111)
calls=40 -76560 0
* * 40

ob=
fl=
fn=(129) runtime.mstart
+2107 0 0
cfl=
cfn=(130) runtime.mstart1
calls=1020 +2405 0
* * 1020

ob=
fl=
fn=(130)
+298 0 0
cfl=
cfn=(131) runtime.sysmon
calls=730 +28015 0
* * 730
cfl=
cfn=(131)
calls=290 +28177 0
* * 290

ob=
fl=
fn=(41)
+3887 0 0
cfl=
cfn=(94)
calls=490 -134524 0
* * 490

ob=
fl=
fn=(132) runtime.startm
+496 0 0
cfl=
cfn=(92)
calls=730 -138637 0
* * 730

ob=
fl=
fn=(127)
+1003 0 0
cfl=
cfn=(132)
calls=680 * 0
* * 680

ob=
fl=
fn=(42)
+1663 0 0
cfl=
cfn=(91)
calls=10 -140639 0
* * 10
+445 0 0
cfl=
cfn=(41)
calls=490 -3162 0
* * 490
cfl=
cfn=(41)
calls=10 -3325 0
* * 10
cfl=
cfn=(41)
calls=10 -3156 0
* * 10
+59 0 0
cfl=
cfn=(123)
calls=600 -36976 0
* * 600
+146 0 0
cfl=
cfn=(133) runtime.injectglist
calls=30 +2487 0
* * 30
+922 0 0
cfl=
cfn=(134) runtime.runqsteal
calls=330 +26950 0
* * 330
+242 0 0
cfl=
cfn=(123)
calls=590 -38103 0
* * 590
+36 0 0
cfl=
cfn=(133)
calls=20 +1177 0
* * 20

ob=
fl=
fn=(115)
+485 0 0
cfl=
cfn=(123)
calls=40 -38381 0
* * 40

ob=
fl=
fn=(135) runtime.resetspinning
+203 0 0
cfl=
cfn=(127)
calls=130 -3998 0
* * 130

ob=
fl=
fn=(133)
+453 0 0
cfl=
cfn=(132)
calls=50 -5204 0
* * 50

ob=
fl=
fn=(136) runtime.schedule
+400 0 0
cfl=
cfn=(135)
calls=130 -453 0
* * 130
+22 0 0
cfl=
cfn=(42)
calls=600 -2887 0
* * 600
cfl=
cfn=(42)
calls=590 -1577 0
* * 590
cfl=
cfn=(42)
calls=510 -2946 0
* * 510
cfl=
cfn=(42)
calls=330 -1819 0
* * 330
cfl=
cfn=(42)
calls=30 -2741 0
* * 30
cfl=
cfn=(42)
calls=20 -1541 0
* * 20
cfl=
cfn=(42)
calls=10 -3391 0
* * 10
cfl=
cfn=(42)
calls=10 -1775 0
* * 10

ob=
fl=
fn=(137) runtime.park_m
+767 0 0
cfl=
cfn=(136)
calls=1480 * 0
* * 1480
cfl=
cfn=(136)
calls=90 -22 0
* * 90

ob=
fl=
fn=(138) runtime.goexit0
+1517 0 0
cfl=
cfn=(136)
calls=620 -767 0
* * 620
cfl=
cfn=(136)
calls=30 -789 0
* * 30

ob=
fl=
fn=(43)
+1032 0 0
cfl=
cfn=(52)
calls=250 +144529 0
* * 250

ob=
fl=
fn=(139) runtime.entersyscall
+148 0 0
cfl=
cfn=(43)
calls=250 * 0
* * 250
cfl=
cfn=(43)
calls=10 -491 0
* * 10

ob=
fl=
fn=(140) runtime.entersyscall_sysmon
+120 0 0
cfl=
cfn=(92)
calls=250 -148676 0
* * 250

ob=
fl=
fn=(141) runtime.exitsyscall0
+2448 0 0
cfl=
cfn=(136)
calls=10 -3606 0
* * 10

ob=
fl=
fn=(142) runtime.newproc
+575 0 0
cfl=
cfn=(52)
calls=360 +140781 0
* * 360

ob=
fl=
fn=(143) runtime.newproc1
+811 0 0
cfl=
cfn=(127)
calls=360 -11683 0
* * 360

ob=
fl=
fn=(144) runtime._System
+2731 0 0
cfl=
cfn=(52)
calls=10 +139280 0
* * 10

ob=
fl=
fn=(131)
+7106 0 0
cfl=
cfn=(3)
calls=730 +152550 0
* * 730
+162 0 0
cfl=
cfn=(97)
calls=290 -161550 0
* * 290

ob=
fl=
fn=(44)
+6548 0 0
cfl=
cfn=(3)
calls=310 +145282 0
* * 310

ob=
fl=
fn=(134)
+222 0 0
cfl=
cfn=(44)
calls=310 * 0
* * 310
cfl=
cfn=(44)
calls=10 -181 0
* * 10
cfl=
cfn=(44)
calls=10 -156 0
* * 10

ob=
fl=
fn=(145) sync.runtime_doSpin
+499 0 0
cfl=
cfn=(14)
calls=10 +128640 0
* * 10

ob=
fl=
fn=(146) reflect.resolveTypeOff
+7273 0 0
cfl=
cfn=(147) runtime.(*_type).typeOff
calls=10 +100745 0
* * 10

ob=
fl=
fn=(148) runtime.makeslice
+27240 0 0
cfl=
cfn=(9)
calls=40 -171055 0
* * 40
cfl=
cfn=(9)
calls=40 -170505 0
* * 40
cfl=
cfn=(9)
calls=30 -171719 0
* * 30
cfl=
cfn=(9)
calls=30 -170444 0
* * 30
cfl=
cfn=(9)
calls=10 -171276 0
* * 10
cfl=
cfn=(9)
calls=10 -170654 0
* * 10
cfl=
cfn=(9)
calls=10 -170012 0
* * 10

ob=
fl=
fn=(149) runtime.growslice
+567 0 0
cfl=
cfn=(9)
calls=10 -197684 0
* * 10
+236 0 0
cfl=
cfn=(9)
calls=10 -197819 0
* * 10

ob=
fl=
fn=(150) runtime.concatstring2
+14889 0 0
cfl=
cfn=(45)
calls=10 +14519 0
* * 10

ob=
fl=
fn=(151) runtime.slicebytetostring
+471 0 0
cfl=
cfn=(152) runtime.rawstringtmp
calls=50 +737 0
* * 50

ob=
fl=
fn=(152)
+266 0 0
cfl=
cfn=(46)
calls=40 +1847 0
* * 40
cfl=
cfn=(46)
calls=10 +1784 0
* * 10

ob=
fl=
fn=(153) runtime.stringtoslicebyte
+257 0 0
cfl=
cfn=(47)
calls=10 +1879 0
* * 10

ob=
fl=
fn=(46)
+1324 0 0
cfl=
cfn=(9)
calls=10 -215854 0
* * 10
cfl=
cfn=(9)
calls=10 -215761 0
* * 10
cfl=
cfn=(9)
calls=10 -215455 0
* * 10
cfl=
cfn=(9)
calls=10 -213938 0
* * 10

ob=
fl=
fn=(49)
+9390 0 0
cfl=
cfn=(154) runtime.step
calls=10 +12326 0
* * 10

ob=
fl=
fn=(114)
+2518 0 0
cfl=
cfn=(49)
calls=10 * 0
* * 10
cfl=
cfn=(49)
calls=10 +11 0
* * 10

ob=
fl=
fn=(154)
+418 0 0
cfl=
cfn=(50)
calls=10 +642 0
* * 10

ob=
fl=
fn=(112)
+24470 0 0
cfl=
cfn=(155) runtime.scanstack.func1
calls=40 +48595 0
* * 40
+527 0 0
cfl=
cfn=(48)
calls=10 -27931 0
* * 10

ob=
fl=
fn=(122)
+4923 0 0
cfl=
cfn=(52)
calls=10 +32281 0
* * 10

ob=
fl=
fn=(156) runtime.resolveTypeOff
+5180 0 0
cfl=
cfn=(21)
calls=10 -275756 0
* * 10

ob=
fl=
fn=(147)
+796 0 0
cfl=
cfn=(156)
calls=10 * 0
* * 10

ob=
fl=
fn=(157) runtime.(*mcache).nextFree.func1
+9007 0 0
cfl=
cfn=(104)
calls=30 -248115 0
* * 30

ob=
fl=
fn=(158) runtime.gcBgMarkWorker.func2
+2996 0 0
cfl=
cfn=(30)
calls=30 -222951 0
* * 30
cfl=
cfn=(30)
calls=10 -223091 0
* * 10
cfl=
cfn=(30)
calls=10 -222548 0
* * 10
+116 0 0
cfl=
cfn=(30)
calls=60 -226087 0
* * 60
cfl=
cfn=(30)
calls=10 -226086 0
* * 10
cfl=
cfn=(30)
calls=10 -225594 0
* * 10

ob=
fl=
fn=(159) runtime.markroot.func1
+163 0 0
cfl=
cfn=(128)
calls=40 -150417 0
* * 40

ob=
fl=
fn=(160) runtime.gcAssistAlloc.func1
+278 0 0
cfl=
cfn=(110)
calls=40 -232566 0
* * 40

ob=
fl=
fn=(155)
+139 0 0
cfl=
cfn=(113)
calls=20 -229220 0
* * 20
cfl=
cfn=(113)
calls=20 -228315 0
* * 20

ob=
fl=
fn=(51)
+237 0 0
cfl=
cfn=(119)
calls=20 -219778 0
* * 20
cfl=
cfn=(119)
calls=20 -219473 0
* * 20

ob=
fl=
fn=(161) runtime.semasleep.func1
+1800 0 0
cfl=
cfn=(125)
calls=490 -175136 0
* * 490
cfl=
cfn=(125)
calls=290 -174986 0
* * 290

ob=
fl=
fn=(162) runtime.goready.func1
+2021 0 0
cfl=
cfn=(126)
calls=190 -156078 0
* * 190

ob=
fl=
fn=(163) runtime.newproc.func1
+1913 0 0
cfl=
cfn=(143)
calls=360 -134770 0
* * 360

ob=
fl=
fn=(164) runtime.callers.func1
+751 0 0
cfl=
cfn=(112)
calls=10 -29569 0
* * 10

ob=
fl=
fn=(165) runtime.mcall
+1803 0 0
cfl=
cfn=(137)
calls=1570 -144085 0
* * 1570
cfl=
cfn=(138)
calls=650 -142568 0
* * 650
cfl=
cfn=(141)
calls=10 -138820 0
* * 10

ob=
fl=
fn=(52)
+158 0 0
cfl=
cfn=(163)
calls=360 -2554 0
* * 360
cfl=
cfn=(140)
calls=250 -143071 0
* * 250
cfl=
cfn=(162)
calls=190 -4467 0
* * 190
cfl=
cfn=(158)
calls=80 -9105 0
* * 80
cfl=
cfn=(158)
calls=50 -9221 0
* * 50
cfl=
cfn=(160)
calls=40 -8664 0
* * 40
cfl=
cfn=(51)
calls=40 -8288 0
* * 40
cfl=
cfn=(157)
calls=30 -12217 0
* * 30
cfl=
cfn=(51)
calls=10 -8330 0
* * 10
cfl=
cfn=(164)
calls=10 -1803 0
* * 10
+50 0 0
cfl=
cfn=(161)
calls=780 -6646 0
* * 780
cfl=
cfn=(159)
calls=40 -9100 0
* * 40

ob=
fl=
fn=(166) runtime.goexit
+11014 0 0
cfl=
cfn=(167) github.com/nd-r/tech-db-forum/vendor/github.com/valyala/fasthttp.(*workerPool).getCh.func1
calls=4820 +3225690 0
* * 4820
cfl=
cfn=(107)
calls=160 -251407 0
* * 160
cfl=
cfn=(71)
calls=90 +587921 0
* * 90
cfl=
cfn=(117)
calls=50 -228816 0
* * 50
cfl=
cfn=(71)
calls=20 +587955 0
* * 20
cfl=
cfn=(71)
calls=10 +587922 0
* * 10

ob=
fl=
fn=(168) sync.(*Mutex).Lock
+24101 0 0
cfl=
cfn=(145)
calls=10 -133191 0
* * 10

ob=
fl=
fn=(169) sync.(*RWMutex).Lock
+3879 0 0
cfl=
cfn=(168)
calls=10 * 0
* * 10

ob=
fl=
fn=(170) io.ReadAtLeast
+2476 0 0
cfl=
cfn=(171) bufio.(*Reader).Read
calls=1680 +604293 0
* * 1680

ob=
fl=
fn=(172) io.ReadFull
+367 0 0
cfl=
cfn=(170)
calls=1680 * 0
* * 1680

ob=
fl=
fn=(57)
+72443 0 0
cfl=
cfn=(56)
calls=10 +71299 0
* * 10
cfl=
cfn=(56)
calls=10 +71318 0
* * 10

ob=
fl=
fn=(58)
+1592 0 0
cfl=
cfn=(57)
calls=10 +466 0
* * 10

ob=
fl=
fn=(173) syscall.Read
+50878 0 0
cfl=
cfn=(174) syscall.read
calls=1440 +62426 0
* * 1440

ob=
fl=
fn=(175) syscall.Write
+128 0 0
cfl=
cfn=(176) syscall.write
calls=1360 +13724 0
* * 1360

ob=
fl=
fn=(174)
+11420 0 0
cfl=
cfn=(1)
calls=1190 +15346 0
* * 1190
cfl=
cfn=(1)
calls=250 +15308 0
* * 250

ob=
fl=
fn=(176)
+2176 0 0
cfl=
cfn=(1)
calls=1350 +3926 0
* * 1350
cfl=
cfn=(1)
calls=10 +3888 0
* * 10

ob=
fl=
fn=(1)
+1712 0 0
cfl=
cfn=(139)
calls=260 -323873 0
* * 260

ob=
fl=
fn=(177) time.Time.Format
+8387 0 0
cfl=
cfn=(59)
calls=10 +12505 0
* * 10
cfl=
cfn=(59)
calls=10 +12986 0
* * 10
cfl=
cfn=(59)
calls=10 +14135 0
* * 10
cfl=
cfn=(59)
calls=10 +14359 0
* * 10
cfl=
cfn=(59)
calls=10 +16456 0
* * 10

ob=
fl=
fn=(178) reflect.(*rtype).typeOff
+110571 0 0
cfl=
cfn=(146)
calls=10 -305477 0
* * 10

ob=
fl=
fn=(179) reflect.(*rtype).ptrTo
+18443 0 0
cfl=
cfn=(178)
calls=10 * 0
* * 10

ob=
fl=
fn=(180) reflect.(*rtype).AssignableTo
+591 0 0
cfl=
cfn=(60)
calls=10 +1019 0
* * 10

ob=
fl=
fn=(181) reflect.Value.Interface
+33655 0 0
cfl=
cfn=(62)
calls=10 +33929 0
* * 10

ob=
fl=
fn=(182) reflect.New
+19086 0 0
cfl=
cfn=(179)
calls=10 -34246 0
* * 10

ob=
fl=
fn=(183) context.(*cancelCtx).Err
+118388 0 0
cfl=
cfn=(40)
calls=90 -551669 0
* * 90

ob=
fl=
fn=(184) context.(*cancelCtx).cancel
+386 0 0
cfl=
cfn=(84)
calls=190 -822327 0
* * 190

ob=
fl=
fn=(185) context.WithCancel.func1
+3727 0 0
cfl=
cfn=(184)
calls=190 * 0
* * 190

ob=
fl=
fn=(186) database/sql/driver.defaultConverter.ConvertValue
+9104 0 0
cfl=
cfn=(90)
calls=10 -789076 0
* * 10
+839 0 0
cfl=
cfn=(88)
calls=10 -799784 0
* * 10
+808 0 0
cfl=
cfn=(186)
calls=10 * 0
* * 10

ob=
fl=
fn=(187) database/sql.driverArgs
+16174 0 0
cfl=
cfn=(148)
calls=20 -593835 0
* * 20
+84 0 0
cfl=
cfn=(23)
calls=10 -816698 0
* * 10
+217 0 0
cfl=
cfn=(186)
calls=10 -17905 0
* * 10
cfl=
cfn=(186)
calls=10 -16258 0
* * 10

ob=
fl=
fn=(65)
+5651 0 0
cfl=
cfn=(57)
calls=10 -408366 0
* * 10
+650 0 0
cfl=
cfn=(182)
calls=10 -155378 0
* * 10
+70 0 0
cfl=
cfn=(63)
calls=10 -167487 0
* * 10
+40 0 0
cfl=
cfn=(181)
calls=10 -175184 0
* * 10
+50 0 0
cfl=
cfn=(65)
calls=50 +4770 0
* * 50
cfl=
cfn=(65)
calls=10 -760 0
* * 10
cfl=
cfn=(65)
calls=10 -298 0
* * 10
+1461 0 0
cfl=
cfn=(180)
calls=10 -208929 0
* * 10
+3259 0 0
cfl=
cfn=(177)
calls=50 -339995 0
* * 50

ob=
fl=
fn=(188) database/sql.ctxDriverPrepare
+4600 0 0
cfl=
cfn=(189) github.com/nd-r/tech-db-forum/vendor/github.com/lib/pq.(*conn).Prepare
calls=10 +1210123 0
* * 10
+145 0 0
cfl=
cfn=(86)
calls=10 -865986 0
* * 10

ob=
fl=
fn=(190) database/sql.ctxDriverStmtExec
+1894 0 0
cfl=
cfn=(191) database/sql.namedValueToValue
calls=10 +4202 0
* * 10
+255 0 0
cfl=
cfn=(192) github.com/nd-r/tech-db-forum/vendor/github.com/lib/pq.(*stmt).Exec
calls=1340 +1219086 0
* * 1340

ob=
fl=
fn=(66)
+335 0 0
cfl=
cfn=(23)
calls=10 -834975 0
* * 10
+321 0 0
cfl=
cfn=(193) github.com/nd-r/tech-db-forum/vendor/github.com/lib/pq.(*stmt).Query
calls=1730 +1217854 0
* * 1730
cfl=
cfn=(193)
calls=10 +1217870 0
* * 10
cfl=
cfn=(193)
calls=10 +1218059 0
* * 10
cfl=
cfn=(193)
calls=10 +1218064 0
* * 10

ob=
fl=
fn=(194) database/sql.ctxDriverBegin
+426 0 0
cfl=
cfn=(195) github.com/nd-r/tech-db-forum/vendor/github.com/lib/pq.(*conn).BeginTx
calls=40 +1248290 0
* * 40

ob=
fl=
fn=(191)
+971 0 0
cfl=
cfn=(148)
calls=10 -629467 0
* * 10

ob=
fl=
fn=(196) database/sql.(*driverStmt).Close
+3563 0 0
cfl=
cfn=(197) github.com/nd-r/tech-db-forum/vendor/github.com/lib/pq.(*stmt).Close
calls=10 +1215042 0
* * 10

ob=
fl=
fn=(198) database/sql.(*DB).addDep
+350 0 0
cfl=
cfn=(19)
calls=10 -861995 0
* * 10

ob=
fl=
fn=(67)
+518 0 0
cfl=
cfn=(68)
calls=10 +839 0
* * 10
cfl=
cfn=(68)
calls=10 +949 0
* * 10
+41 0 0
cfl=
cfn=(199) database/sql.(finalCloser).(database/sql.finalClose)-fm
calls=20 +53935 0
* * 20

ob=
fl=
fn=(68)
+280 0 0
cfl=
cfn=(20)
calls=10 -859245 0
* * 10

ob=
fl=
fn=(200) database/sql.(*DB).queryConn
+20469 0 0
cfl=
cfn=(201) database/sql.(*Rows).initContextClose
calls=20 +40225 0
* * 20

ob=
fl=
fn=(202) database/sql.(*DB).BeginTx
+1002 0 0
cfl=
cfn=(203) database/sql.(*DB).begin
calls=40 +1881 0
* * 40

ob=
fl=
fn=(204) database/sql.(*DB).Begin
+492 0 0
cfl=
cfn=(202)
calls=40 * 0
* * 40

ob=
fl=
fn=(203)
+387 0 0
cfl=
cfn=(205) database/sql.withLock
calls=40 +25769 0
* * 40

ob=
fl=
fn=(206) database/sql.(*Tx).grabConn
+1232 0 0
cfl=
cfn=(69)
calls=10 +778 0
* * 10

ob=
fl=
fn=(207) database/sql.(*Tx).closePrepared
+343 0 0
cfl=
cfn=(208) database/sql.(*Stmt).Close
calls=10 +15876 0
* * 10

ob=
fl=
fn=(209) database/sql.(*Tx).Commit
+311 0 0
cfl=
cfn=(205)
calls=10 +23807 0
* * 10
+36 0 0
cfl=
cfn=(207)
calls=10 -311 0
* * 10

ob=
fl=
fn=(210) database/sql.(*Tx).PrepareContext
+1155 0 0
cfl=
cfn=(205)
calls=20 +23460 0
* * 20

ob=
fl=
fn=(211) database/sql.(*Tx).Prepare
+1027 0 0
cfl=
cfn=(210)
calls=20 * 0
* * 20

ob=
fl=
fn=(212) database/sql.(*Tx).QueryContext
+4265 0 0
cfl=
cfn=(200)
calls=20 -5985 0
* * 20

ob=
fl=
fn=(213) database/sql.(*Tx).Query
+226 0 0
cfl=
cfn=(212)
calls=20 * 0
* * 20

ob=
fl=
fn=(214) database/sql.(*Stmt).ExecContext
+815 0 0
cfl=
cfn=(215) database/sql.(*Stmt).connStmt
calls=10 +3548 0
* * 10
+353 0 0
cfl=
cfn=(216) database/sql.resultFromStatement
calls=1350 +1378 0
* * 1350
cfl=
cfn=(216)
calls=10 +1167 0
* * 10

ob=
fl=
fn=(217) database/sql.(*Stmt).Exec
+355 0 0
cfl=
cfn=(214)
calls=1360 * 0
* * 1360
cfl=
cfn=(214)
calls=10 -353 0
* * 10

ob=
fl=
fn=(216)
+459 0 0
cfl=
cfn=(187)
calls=10 -57649 0
* * 10
+211 0 0
cfl=
cfn=(190)
calls=1340 -39732 0
* * 1340
cfl=
cfn=(190)
calls=10 -39987 0
* * 10

ob=
fl=
fn=(215)
+1355 0 0
cfl=
cfn=(206)
calls=10 -9556 0
* * 10

ob=
fl=
fn=(70)
+2195 0 0
cfl=
cfn=(218) database/sql.rowsiFromStatement
calls=1780 +3661 0
* * 1780
cfl=
cfn=(218)
calls=40 +3444 0
* * 40
+355 0 0
cfl=
cfn=(198)
calls=10 -37527 0
* * 10
+178 0 0
cfl=
cfn=(201)
calls=340 +3182 0
* * 340

ob=
fl=
fn=(219) database/sql.(*Stmt).Query
+383 0 0
cfl=
cfn=(70)
calls=1820 -533 0
* * 1820
cfl=
cfn=(70)
calls=340 * 0
* * 340
cfl=
cfn=(70)
calls=10 -220 0
* * 10
cfl=
cfn=(70)
calls=10 -178 0
* * 10

ob=
fl=
fn=(218)
+333 0 0
cfl=
cfn=(187)
calls=20 -62484 0
* * 20
cfl=
cfn=(187)
calls=10 -62785 0
* * 10
cfl=
cfn=(187)
calls=10 -62701 0
* * 10
+217 0 0
cfl=
cfn=(66)
calls=1760 -44086 0
* * 1760
cfl=
cfn=(66)
calls=10 -44453 0
* * 10
cfl=
cfn=(66)
calls=10 -44407 0
* * 10

ob=
fl=
fn=(208)
+1304 0 0
cfl=
cfn=(196)
calls=10 -39343 0
* * 10

ob=
fl=
fn=(220) database/sql.(*Stmt).finalClose
+553 0 0
cfl=
cfn=(10)
calls=10 -580967 0
* * 10
+5 0 0
cfl=
cfn=(40)
calls=10 -766262 0
* * 10

ob=
fl=
fn=(201)
+209 0 0
cfl=
cfn=(142)
calls=360 -727798 0
* * 360

ob=
fl=
fn=(71)
+170 0 0
cfl=
cfn=(183)
calls=90 -96444 0
* * 90
+34 0 0
cfl=
cfn=(221) database/sql.(*Rows).close
calls=10 +5618 0
* * 10
cfl=
cfn=(221)
calls=10 +6048 0
* * 10

ob=
fl=
fn=(222) database/sql.(*Rows).Next
+165 0 0
cfl=
cfn=(205)
calls=60 +7303 0
* * 60
cfl=
cfn=(205)
calls=10 +7251 0
* * 10
cfl=
cfn=(205)
calls=10 +7289 0
* * 10
cfl=
cfn=(205)
calls=10 +7309 0
* * 10

ob=
fl=
fn=(223) database/sql.(*Rows).nextLocked
+169 0 0
cfl=
cfn=(224) github.com/nd-r/tech-db-forum/vendor/github.com/lib/pq.(*rows).Next
calls=50 +1178548 0
* * 50
cfl=
cfn=(224)
calls=10 +1177400 0
* * 10

ob=
fl=
fn=(225) database/sql.(*Rows).Scan
+4238 0 0
cfl=
cfn=(65)
calls=70 -59182 0
* * 70
cfl=
cfn=(65)
calls=10 -62256 0
* * 10
cfl=
cfn=(65)
calls=10 -61710 0
* * 10
cfl=
cfn=(65)
calls=10 -59342 0
* * 10
cfl=
cfn=(65)
calls=10 -59272 0
* * 10
cfl=
cfn=(65)
calls=10 -59232 0
* * 10
cfl=
cfn=(65)
calls=10 -57721 0
* * 10

ob=
fl=
fn=(226) database/sql.(*Rows).Close
+819 0 0
cfl=
cfn=(221)
calls=190 +1285 0
* * 190
cfl=
cfn=(221)
calls=90 +1113 0
* * 90
cfl=
cfn=(221)
calls=50 +1226 0
* * 50
cfl=
cfn=(221)
calls=10 +1254 0
* * 10
cfl=
cfn=(221)
calls=10 +1442 0
* * 10

ob=
fl=
fn=(221)
+193 0 0
cfl=
cfn=(169)
calls=10 -554352 0
* * 10
+101 0 0
cfl=
cfn=(227) github.com/nd-r/tech-db-forum/vendor/github.com/lib/pq.(*rows).Close
calls=90 +1171339 0
* * 90
+113 0 0
cfl=
cfn=(228) database/sql.(*Stmt).QueryContext.func1
calls=50 +6343 0
* * 50
+28 0 0
cfl=
cfn=(40)
calls=10 -772503 0
* * 10
+31 0 0
cfl=
cfn=(185)
calls=190 -98361 0
* * 190
+157 0 0
cfl=
cfn=(40)
calls=10 -772644 0
* * 10
cfl=
cfn=(40)
calls=10 -772562 0
* * 10

ob=
fl=
fn=(205)
+1237 0 0
cfl=
cfn=(55)
calls=10 -554658 0
* * 10
+38 0 0
cfl=
cfn=(38)
calls=10 -776464 0
* * 10
+14 0 0
cfl=
cfn=(229) database/sql.(*Rows).Next.func1
calls=60 +4917 0
* * 60
cfl=
cfn=(230) database/sql.(*DB).begin.func1
calls=40 +2756 0
* * 40
cfl=
cfn=(231) database/sql.(*Tx).PrepareContext.func1
calls=20 +3306 0
* * 20
cfl=
cfn=(232) database/sql.(*Tx).Commit.func1
calls=10 +2965 0
* * 10
+6 0 0
cfl=
cfn=(40)
calls=10 -773884 0
* * 10

ob=
fl=
fn=(230)
+2736 0 0
cfl=
cfn=(194)
calls=40 -53461 0
* * 40

ob=
fl=
fn=(232)
+209 0 0
cfl=
cfn=(233) github.com/nd-r/tech-db-forum/vendor/github.com/lib/pq.(*conn).Commit
calls=10 +1136962 0
* * 10

ob=
fl=
fn=(231)
+341 0 0
cfl=
cfn=(188)
calls=10 -59782 0
* * 10
cfl=
cfn=(188)
calls=10 -59637 0
* * 10

ob=
fl=
fn=(228)
+1433 0 0
cfl=
cfn=(67)
calls=20 -51345 0
* * 20
cfl=
cfn=(67)
calls=20 -51304 0
* * 20
cfl=
cfn=(67)
calls=10 -51456 0
* * 10

ob=
fl=
fn=(229)
+178 0 0
cfl=
cfn=(223)
calls=60 -11694 0
* * 60

ob=
fl=
fn=(199)
+979 0 0
cfl=
cfn=(220)
calls=10 -12624 0
* * 10
cfl=
cfn=(220)
calls=10 -12619 0
* * 10

ob=
fl=
fn=(234) strings.genSplit
+26497 0 0
cfl=
cfn=(148)
calls=10 -688804 0
* * 10
+827 0 0
cfl=
cfn=(72)
calls=10 -2598 0
* * 10

ob=
fl=
fn=(235) strings.Split
+432 0 0
cfl=
cfn=(234)
calls=10 -827 0
* * 10
cfl=
cfn=(234)
calls=10 * 0
* * 10

ob=
fl=
fn=(236) bufio.(*Reader).fill
+12316 0 0
cfl=
cfn=(237) net.(*conn).Read
calls=40 +234053 0
* * 40

ob=
fl=
fn=(238) bufio.(*Reader).Peek
+448 0 0
cfl=
cfn=(236)
calls=40 * 0
* * 40

ob=
fl=
fn=(171)
+1249 0 0
cfl=
cfn=(237)
calls=20 +221289 0
* * 20
+378 0 0
cfl=
cfn=(237)
calls=1680 +220040 0
* * 1680

ob=
fl=
fn=(239) net.(*netFD).writeLock
+138064 0 0
cfl=
cfn=(73)
calls=10 +137173 0
* * 10

ob=
fl=
fn=(74)
+918 0 0
cfl=
cfn=(37)
calls=10 -972626 0
* * 10

ob=
fl=
fn=(240) net.(*pollDesc).waitRead
+108 0 0
cfl=
cfn=(74)
calls=10 * 0
* * 10
cfl=
cfn=(74)
calls=10 +6 0
* * 10

ob=
fl=
fn=(241) net.(*netFD).Read
+5959 0 0
cfl=
cfn=(173)
calls=1440 -615627 0
* * 1440
+124 0 0
cfl=
cfn=(240)
calls=20 -5959 0
* * 20
+174 0 0
cfl=
cfn=(40)
calls=280 -967210 0
* * 280

ob=
fl=
fn=(242) net.(*netFD).Write
+2746 0 0
cfl=
cfn=(239)
calls=10 -7283 0
* * 10
+53 0 0
cfl=
cfn=(38)
calls=10 -972638 0
* * 10
+202 0 0
cfl=
cfn=(175)
calls=1360 -624555 0
* * 1360
+314 0 0
cfl=
cfn=(40)
calls=30 -970385 0
* * 30

ob=
fl=
fn=(237)
+71000 0 0
cfl=
cfn=(241)
calls=1440 -3613 0
* * 1440
cfl=
cfn=(241)
calls=280 -3315 0
* * 280
cfl=
cfn=(241)
calls=20 -3489 0
* * 20

ob=
fl=
fn=(243) net.(*conn).Write
+736 0 0
cfl=
cfn=(242)
calls=1360 -71314 0
* * 1360
cfl=
cfn=(242)
calls=30 -71000 0
* * 30
cfl=
cfn=(242)
calls=10 -71569 0
* * 10
cfl=
cfn=(242)
calls=10 -71516 0
* * 10

ob=
fl=
fn=(75)
+857256 0 0
cfl=
cfn=(151)
calls=10 -935186 0
* * 10

ob=
fl=
fn=(244) github.com/nd-r/tech-db-forum/vendor/github.com/lib/pq.(*conn).begin
+12784 0 0
cfl=
cfn=(245) github.com/nd-r/tech-db-forum/vendor/github.com/lib/pq.(*conn).simpleExec
calls=30 +15810 0
* * 30
cfl=
cfn=(245)
calls=10 +15884 0
* * 10

ob=
fl=
fn=(233)
+1237 0 0
cfl=
cfn=(245)
calls=10 +3026 0
* * 10

ob=
fl=
fn=(245)
+1789 0 0
cfl=
cfn=(246) github.com/nd-r/tech-db-forum/vendor/github.com/lib/pq.(*conn).send
calls=40 +12274 0
* * 40
+74 0 0
cfl=
cfn=(247) github.com/nd-r/tech-db-forum/vendor/github.com/lib/pq.(*conn).recv1
calls=10 +12651 0
* * 10

ob=
fl=
fn=(248) github.com/nd-r/tech-db-forum/vendor/github.com/lib/pq.(*conn).prepareTo
+5602 0 0
cfl=
cfn=(246)
calls=10 +10411 0
* * 10

ob=
fl=
fn=(189)
+1523 0 0
cfl=
cfn=(248)
calls=10 * 0
* * 10

ob=
fl=
fn=(246)
+3286 0 0
cfl=
cfn=(243)
calls=1410 -880265 0
* * 1410

ob=
fl=
fn=(249) github.com/nd-r/tech-db-forum/vendor/github.com/lib/pq.(*conn).recvMessage
+1135 0 0
cfl=
cfn=(172)
calls=1680 -1705399 0
* * 1680

ob=
fl=
fn=(250) github.com/nd-r/tech-db-forum/vendor/github.com/lib/pq.(*conn).recv1Buf
+779 0 0
cfl=
cfn=(249)
calls=1680 * 0
* * 1680

ob=
fl=
fn=(247)
+168 0 0
cfl=
cfn=(89)
calls=20 -2033585 0
* * 20
+84 0 0
cfl=
cfn=(250)
calls=1680 -168 0
* * 1680

ob=
fl=
fn=(197)
+8414 0 0
cfl=
cfn=(247)
calls=10 * 0
* * 10

ob=
fl=
fn=(193)
+1094 0 0
cfl=
cfn=(251) github.com/nd-r/tech-db-forum/vendor/github.com/lib/pq.(*stmt).exec
calls=930 +4367 0
* * 930
cfl=
cfn=(251)
calls=770 +4384 0
* * 770
cfl=
cfn=(251)
calls=10 +2873 0
* * 10
cfl=
cfn=(251)
calls=10 +3254 0
* * 10
cfl=
cfn=(251)
calls=10 +4401 0
* * 10
+16 0 0
cfl=
cfn=(89)
calls=10 -2043345 0
* * 10
+189 0 0
cfl=
cfn=(77)
calls=10 +63383 0
* * 10
+5 0 0
cfl=
cfn=(40)
calls=10 -1937865 0
* * 10

ob=
fl=
fn=(192)
+432 0 0
cfl=
cfn=(251)
calls=890 +3080 0
* * 890
cfl=
cfn=(251)
calls=430 +3063 0
* * 430
cfl=
cfn=(251)
calls=10 +935 0
* * 10
cfl=
cfn=(251)
calls=10 +3097 0
* * 10

ob=
fl=
fn=(251)
+503 0 0
cfl=
cfn=(150)
calls=10 -1831524 0
* * 10
+634 0 0
cfl=
cfn=(252) github.com/nd-r/tech-db-forum/vendor/github.com/lib/pq.encode
calls=10 +40152 0
* * 10
+381 0 0
cfl=
cfn=(149)
calls=10 -1847550 0
* * 10
+1113 0 0
cfl=
cfn=(246)
calls=1360 -13834 0
* * 1360
+17 0 0
cfl=
cfn=(253) github.com/nd-r/tech-db-forum/vendor/github.com/lib/pq.(*conn).readBindResponse
calls=1660 +15133 0
* * 1660
+17 0 0
cfl=
cfn=(254) github.com/nd-r/tech-db-forum/vendor/github.com/lib/pq.(*conn).postExecuteWorkaround
calls=20 +15420 0
* * 20

ob=
fl=
fn=(76)
+1553 0 0
cfl=
cfn=(57)
calls=10 -1647937 0
* * 10
+417 0 0
cfl=
cfn=(235)
calls=20 -1134874 0
* * 20

ob=
fl=
fn=(227)
+691 0 0
cfl=
cfn=(224)
calls=40 +1464 0
* * 40
cfl=
cfn=(224)
calls=20 +1427 0
* * 20
cfl=
cfn=(224)
calls=20 +3187 0
* * 20
cfl=
cfn=(224)
calls=10 +1333 0
* * 10

ob=
fl=
fn=(224)
+642 0 0
cfl=
cfn=(38)
calls=10 -1946158 0
* * 10
cfl=
cfn=(38)
calls=10 -1946007 0
* * 10
+94 0 0
cfl=
cfn=(75)
calls=10 -44794 0
* * 10
cfl=
cfn=(75)
calls=10 -44579 0
* * 10
+37 0 0
cfl=
cfn=(76)
calls=20 -1427 0
* * 20
cfl=
cfn=(76)
calls=10 -2136 0
* * 10
cfl=
cfn=(76)
calls=10 -1844 0
* * 10
+1017 0 0
cfl=
cfn=(255) github.com/nd-r/tech-db-forum/vendor/github.com/lib/pq.decode
calls=50 +35167 0
* * 50
+706 0 0
cfl=
cfn=(10)
calls=20 -1760651 0
* * 20

ob=
fl=
fn=(253)
+9942 0 0
cfl=
cfn=(247)
calls=1660 -17972 0
* * 1660

ob=
fl=
fn=(254)
+304 0 0
cfl=
cfn=(247)
calls=20 -27998 0
* * 20

ob=
fl=
fn=(195)
+12047 0 0
cfl=
cfn=(244)
calls=40 -43895 0
* * 40

ob=
fl=
fn=(252)
+10540 0 0
cfl=
cfn=(153)
calls=10 -1860645 0
* * 10

ob=
fl=
fn=(255)
+611 0 0
cfl=
cfn=(256) github.com/nd-r/tech-db-forum/vendor/github.com/lib/pq.textDecode
calls=20 +3765 0
* * 20
cfl=
cfn=(256)
calls=10 +1880 0
* * 10
cfl=
cfn=(256)
calls=10 +1935 0
* * 10
cfl=
cfn=(256)
calls=10 +3728 0
* * 10

ob=
fl=
fn=(256)
+1269 0 0
cfl=
cfn=(151)
calls=10 -1872319 0
* * 10
+55 0 0
cfl=
cfn=(88)
calls=10 -2097386 0
* * 10
+1793 0 0
cfl=
cfn=(151)
calls=10 -1873643 0
* * 10
+37 0 0
cfl=
cfn=(257) github.com/nd-r/tech-db-forum/vendor/github.com/lib/pq.parseTs
calls=20 +6545 0
* * 20

ob=
fl=
fn=(258) github.com/nd-r/tech-db-forum/vendor/github.com/lib/pq.(*timestampParser).mustAtoi
+4719 0 0
cfl=
cfn=(58)
calls=10 -1688174 0
* * 10
cfl=
cfn=(58)
calls=10 -1688100 0
* * 10

ob=
fl=
fn=(257)
+1789 0 0
cfl=
cfn=(259) github.com/nd-r/tech-db-forum/vendor/github.com/lib/pq.ParseTimestamp
calls=20 +2408 0
* * 20

ob=
fl=
fn=(259)
+619 0 0
cfl=
cfn=(258)
calls=20 -1789 0
* * 20

ob=
fl=
fn=(260) github.com/nd-r/tech-db-forum/vendor/github.com/jmoiron/sqlx/reflectx.(*Mapper).TypeMap
+34437 0 0
cfl=
cfn=(87)
calls=10 -2125731 0
* * 10

ob=
fl=
fn=(78)
+3106 0 0
cfl=
cfn=(148)
calls=10 -1933200 0
* * 10
+120 0 0
cfl=
cfn=(22)
calls=10 -2148098 0
* * 10

ob=
fl=
fn=(261) github.com/nd-r/tech-db-forum/vendor/github.com/jmoiron/sqlx/reflectx.FieldByIndexes
+736 0 0
cfl=
cfn=(61)
calls=10 -1498268 0
* * 10

ob=
fl=
fn=(262) github.com/nd-r/tech-db-forum/vendor/github.com/jmoiron/sqlx.mapper
+30873 0 0
cfl=
cfn=(38)
calls=10 -2030756 0
* * 10

ob=
fl=
fn=(263) github.com/nd-r/tech-db-forum/vendor/github.com/jmoiron/sqlx.isScannable
+1086 0 0
cfl=
cfn=(262)
calls=10 * 0
* * 10
+33 0 0
cfl=
cfn=(260)
calls=10 -35921 0
* * 10

ob=
fl=
fn=(79)
+3616 0 0
cfl=
cfn=(222)
calls=90 -1293370 0
* * 90
+61 0 0
cfl=
cfn=(225)
calls=130 -1292579 0
* * 130
+33 0 0
cfl=
cfn=(226)
calls=340 -1291821 0
* * 340

ob=
fl=
fn=(264) github.com/nd-r/tech-db-forum/vendor/github.com/jmoiron/sqlx.(*DB).MustBegin
+4080 0 0
cfl=
cfn=(265) github.com/nd-r/tech-db-forum/vendor/github.com/jmoiron/sqlx.(*DB).Beginx
calls=40 +4199 0
* * 40

ob=
fl=
fn=(265)
+119 0 0
cfl=
cfn=(204)
calls=40 -1319791 0
* * 40

ob=
fl=
fn=(266) github.com/nd-r/tech-db-forum/vendor/github.com/jmoiron/sqlx.(*Tx).QueryRowx
+4561 0 0
cfl=
cfn=(213)
calls=20 -1310928 0
* * 20

ob=
fl=
fn=(267) github.com/nd-r/tech-db-forum/vendor/github.com/jmoiron/sqlx.(*Tx).Get
+397 0 0
cfl=
cfn=(268) github.com/nd-r/tech-db-forum/vendor/github.com/jmoiron/sqlx.Get
calls=20 +7306 0
* * 20

ob=
fl=
fn=(269) github.com/nd-r/tech-db-forum/vendor/github.com/jmoiron/sqlx.(*Tx).Preparex
+283 0 0
cfl=
cfn=(270) github.com/nd-r/tech-db-forum/vendor/github.com/jmoiron/sqlx.Preparex
calls=20 +6063 0
* * 20

ob=
fl=
fn=(271) github.com/nd-r/tech-db-forum/vendor/github.com/jmoiron/sqlx.(*Stmt).Get
+2043 0 0
cfl=
cfn=(268)
calls=2180 +6626 0
* * 2180
cfl=
cfn=(268)
calls=690 +6665 0
* * 690

ob=
fl=
fn=(272) github.com/nd-r/tech-db-forum/vendor/github.com/jmoiron/sqlx.(*qStmt).QueryRowx
+1238 0 0
cfl=
cfn=(219)
calls=2180 -1311553 0
* * 2180

ob=
fl=
fn=(270)
+2499 0 0
cfl=
cfn=(211)
calls=20 -1323941 0
* * 20

ob=
fl=
fn=(268)
+846 0 0
cfl=
cfn=(272)
calls=2180 -2499 0
* * 2180
cfl=
cfn=(266)
calls=20 -6460 0
* * 20
+39 0 0
cfl=
cfn=(273) github.com/nd-r/tech-db-forum/vendor/github.com/jmoiron/sqlx.(*Row).scanAny
calls=570 +1913 0
* * 570
cfl=
cfn=(273)
calls=50 +1547 0
* * 50
cfl=
cfn=(273)
calls=20 +1280 0
* * 20
cfl=
cfn=(273)
calls=10 +787 0
* * 10
cfl=
cfn=(273)
calls=10 +1216 0
* * 10
cfl=
cfn=(273)
calls=10 +1678 0
* * 10
cfl=
cfn=(273)
calls=10 +1810 0
* * 10
cfl=
cfn=(273)
calls=10 +1940 0
* * 10

ob=
fl=
fn=(273)
+748 0 0
cfl=
cfn=(38)
calls=10 -2082563 0
* * 10
+429 0 0
cfl=
cfn=(64)
calls=10 -1534438 0
* * 10
+64 0 0
cfl=
cfn=(263)
calls=10 -21025 0
* * 10
cfl=
cfn=(263)
calls=10 -20992 0
* * 10
+267 0 0
cfl=
cfn=(78)
calls=10 -54147 0
* * 10
cfl=
cfn=(78)
calls=10 -53904 0
* * 10
cfl=
cfn=(78)
calls=10 -53827 0
* * 10
cfl=
cfn=(78)
calls=10 -53784 0
* * 10
cfl=
cfn=(78)
calls=10 -53266 0
* * 10
+131 0 0
cfl=
cfn=(148)
calls=10 -1990477 0
* * 10
+132 0 0
cfl=
cfn=(274) github.com/nd-r/tech-db-forum/vendor/github.com/jmoiron/sqlx.fieldsByTraversal
calls=10 +8723 0
* * 10
+103 0 0
cfl=
cfn=(79)
calls=340 -17876 0
* * 340
cfl=
cfn=(79)
calls=130 -17909 0
* * 130
cfl=
cfn=(79)
calls=90 -17970 0
* * 90
cfl=
cfn=(79)
calls=10 -17947 0
* * 10
+27 0 0
cfl=
cfn=(226)
calls=10 -1309833 0
* * 10

ob=
fl=
fn=(274)
+8461 0 0
cfl=
cfn=(261)
calls=10 -53708 0
* * 10

ob=
fl=
fn=(275) github.com/nd-r/tech-db-forum/vendor/github.com/mailru/easyjson/jlexer.(*Lexer).FetchToken
+762697 0 0
cfl=
cfn=(276) github.com/nd-r/tech-db-forum/vendor/github.com/mailru/easyjson/jlexer.(*Lexer).fetchString
calls=30 +773477 0
* * 30

ob=
fl=
fn=(276)
+10780 0 0
cfl=
cfn=(15)
calls=20 +7514 0
* * 20
cfl=
cfn=(15)
calls=10 +7561 0
* * 10

ob=
fl=
fn=(277) github.com/nd-r/tech-db-forum/vendor/github.com/mailru/easyjson/jlexer.(*Lexer).IsNull
+4702 0 0
cfl=
cfn=(275)
calls=30 -10780 0
* * 30

ob=
fl=
fn=(278) github.com/nd-r/tech-db-forum/vendor/github.com/mailru/easyjson/jlexer.(*Lexer).Raw
+894 0 0
cfl=
cfn=(16)
calls=20 +303 0
* * 20
cfl=
cfn=(16)
calls=10 +271 0
* * 10
cfl=
cfn=(16)
calls=10 +705 0
* * 10
cfl=
cfn=(16)
calls=10 +716 0
* * 10
cfl=
cfn=(16)
calls=10 +731 0
* * 10
cfl=
cfn=(16)
calls=10 +741 0
* * 10

ob=
fl=
fn=(279) github.com/nd-r/tech-db-forum/vendor/github.com/mailru/easyjson/jlexer.(*Lexer).String
+1570 0 0
cfl=
cfn=(151)
calls=20 -2762241 0
* * 20

ob=
fl=
fn=(280) github.com/nd-r/tech-db-forum/vendor/github.com/mailru/easyjson/buffer.getBuf
+19862 0 0
cfl=
cfn=(148)
calls=10 -2779974 0
* * 10
+170 0 0
cfl=
cfn=(148)
calls=20 -2799836 0
* * 20

ob=
fl=
fn=(281) github.com/nd-r/tech-db-forum/vendor/github.com/mailru/easyjson/buffer.(*Buffer).EnsureSpace
+311 0 0
cfl=
cfn=(280)
calls=20 * 0
* * 20
cfl=
cfn=(280)
calls=10 -170 0
* * 10
+333 0 0
cfl=
cfn=(148)
calls=20 -2800317 0
* * 20

ob=
fl=
fn=(282) github.com/nd-r/tech-db-forum/vendor/github.com/mailru/easyjson/buffer.(*Buffer).AppendByte
+370 0 0
cfl=
cfn=(281)
calls=20 -333 0
* * 20

ob=
fl=
fn=(283) github.com/nd-r/tech-db-forum/vendor/github.com/mailru/easyjson/buffer.(*Buffer).AppendBytes
+514 0 0
cfl=
cfn=(281)
calls=10 -703 0
* * 10

ob=
fl=
fn=(81)
+518 0 0
cfl=
cfn=(281)
calls=20 -884 0
* * 20

ob=
fl=
fn=(284) github.com/nd-r/tech-db-forum/vendor/github.com/mailru/easyjson/buffer.(*Buffer).BuildBytes
+1413 0 0
cfl=
cfn=(54)
calls=10 -2700761 0
* * 10
cfl=
cfn=(54)
calls=10 -2700637 0
* * 10
+39 0 0
cfl=
cfn=(80)
calls=10 -3958 0
* * 10
+383 0 0
cfl=
cfn=(148)
calls=60 -2803504 0
* * 60

ob=
fl=
fn=(285) github.com/nd-r/tech-db-forum/vendor/github.com/mailru/easyjson/jwriter.(*Writer).RawByte
+3216 0 0
cfl=
cfn=(282)
calls=20 -2867 0
* * 20

ob=
fl=
fn=(286) github.com/nd-r/tech-db-forum/vendor/github.com/mailru/easyjson/jwriter.(*Writer).RawString
+91 0 0
cfl=
cfn=(81)
calls=10 -5335 0
* * 10

ob=
fl=
fn=(287) github.com/nd-r/tech-db-forum/vendor/github.com/mailru/easyjson/jwriter.(*Writer).Raw
+194 0 0
cfl=
cfn=(283)
calls=10 -5660 0
* * 10

ob=
fl=
fn=(11)
+10739 0 0
cfl=
cfn=(81)
calls=20 -5336 0
* * 20
cfl=
cfn=(81)
calls=10 -5705 0
* * 10

ob=
fl=
fn=(288) github.com/nd-r/tech-db-forum/models.easyjsonD2b7633eDecodeGithubComNdRTechDbForumModels11
+25283 0 0
cfl=
cfn=(278)
calls=70 -39723 0
* * 70
+218 0 0
cfl=
cfn=(149)
calls=10 -2842843 0
* * 10
+128 0 0
cfl=
cfn=(289) github.com/nd-r/tech-db-forum/models.(*Post).UnmarshalJSON
calls=60 +6325 0
* * 60

ob=
fl=
fn=(290) github.com/nd-r/tech-db-forum/models.easyjsonD2b7633eEncodeGithubComNdRTechDbForumModels11
+604 0 0
cfl=
cfn=(291) github.com/nd-r/tech-db-forum/models.Post.MarshalJSON
calls=160 +5822 0
* * 160
cfl=
cfn=(291)
calls=90 +5866 0
* * 90
+70 0 0
cfl=
cfn=(287)
calls=10 -36972 0
* * 10

ob=
fl=
fn=(292) github.com/nd-r/tech-db-forum/models.PostArr.MarshalJSON
+339 0 0
cfl=
cfn=(290)
calls=250 -70 0
* * 250
cfl=
cfn=(290)
calls=10 * 0
* * 10

ob=
fl=
fn=(293) github.com/nd-r/tech-db-forum/models.(*PostArr).UnmarshalJSON
+368 0 0
cfl=
cfn=(288)
calls=70 -1359 0
* * 70
cfl=
cfn=(288)
calls=60 -1013 0
* * 60
cfl=
cfn=(288)
calls=10 -1141 0
* * 10

ob=
fl=
fn=(82)
+357 0 0
cfl=
cfn=(277)
calls=30 -67627 0
* * 30
+874 0 0
cfl=
cfn=(279)
calls=10 -65520 0
* * 10
+1285 0 0
cfl=
cfn=(279)
calls=10 -66394 0
* * 10

ob=
fl=
fn=(294) github.com/nd-r/tech-db-forum/models.easyjsonD2b7633eEncodeGithubComNdRTechDbForumModels12
+692 0 0
cfl=
cfn=(285)
calls=20 -40550 0
* * 20
+159 0 0
cfl=
cfn=(11)
calls=10 -31368 0
* * 10
+88 0 0
cfl=
cfn=(11)
calls=30 -30505 0
* * 30
cfl=
cfn=(11)
calls=30 -30377 0
* * 30
cfl=
cfn=(11)
calls=20 -31527 0
* * 20
cfl=
cfn=(11)
calls=10 -31536 0
* * 10
cfl=
cfn=(11)
calls=10 -31522 0
* * 10
cfl=
cfn=(11)
calls=10 -31465 0
* * 10
cfl=
cfn=(11)
calls=10 -30499 0
* * 10
+545 0 0
cfl=
cfn=(286)
calls=10 -41398 0
* * 10

ob=
fl=
fn=(291)
+441 0 0
cfl=
cfn=(294)
calls=120 -545 0
* * 120
cfl=
cfn=(294)
calls=20 -792 0
* * 20
cfl=
cfn=(294)
calls=10 -633 0
* * 10
cfl=
cfn=(294)
calls=10 * 0
* * 10
+44 0 0
cfl=
cfn=(284)
calls=60 -45691 0
* * 60
cfl=
cfn=(284)
calls=20 -46113 0
* * 20
cfl=
cfn=(284)
calls=10 -46074 0
* * 10

ob=
fl=
fn=(289)
+331 0 0
cfl=
cfn=(82)
calls=30 -4128 0
* * 30
cfl=
cfn=(82)
calls=10 -3254 0
* * 10
cfl=
cfn=(82)
calls=10 -1969 0
* * 10
cfl=
cfn=(82)
calls=10 -1902 0
* * 10

ob=
fl=
fn=(83)
+24796 0 0
cfl=
cfn=(264)
calls=40 -873009 0
* * 40
+596 0 0
cfl=
cfn=(269)
calls=10 -892445 0
* * 10
+711 0 0
cfl=
cfn=(271)
calls=2870 -890998 0
* * 2870
+623 0 0
cfl=
cfn=(269)
calls=10 -893752 0
* * 10
+333 0 0
cfl=
cfn=(217)
calls=1370 -2209021 0
* * 1370
+103 0 0
cfl=
cfn=(209)
calls=10 -2217586 0
* * 10
cfl=
cfn=(209)
calls=10 -2217550 0
* * 10
+1405 0 0
cfl=
cfn=(267)
calls=20 -895094 0
* * 20

ob=
fl=
fn=(295) github.com/nd-r/tech-db-forum/vendor/github.com/valyala/fasthttp.(*RequestHeader).Read
+286850 0 0
cfl=
cfn=(296) github.com/nd-r/tech-db-forum/vendor/github.com/valyala/fasthttp.(*RequestHeader).tryRead
calls=40 +287147 0
* * 40

ob=
fl=
fn=(296)
+297 0 0
cfl=
cfn=(238)
calls=40 -2436046 0
* * 40

ob=
fl=
fn=(297) github.com/nd-r/tech-db-forum/vendor/github.com/valyala/fasthttp.(*Response).AppendBody
+44143 0 0
cfl=
cfn=(298) github.com/nd-r/tech-db-forum/vendor/github.com/valyala/fasthttp.(*Response).AppendBodyString
calls=10 +44313 0
* * 10

ob=
fl=
fn=(298)
+170 0 0
cfl=
cfn=(54)
calls=10 -3108431 0
* * 10

ob=
fl=
fn=(299) github.com/nd-r/tech-db-forum/vendor/github.com/valyala/fasthttp.(*Request).readLimitBody
+14004 0 0
cfl=
cfn=(295)
calls=40 -44610 0
* * 40
+140 0 0
cfl=
cfn=(300) github.com/nd-r/tech-db-forum/vendor/github.com/valyala/fasthttp.(*Request).ContinueReadBody
calls=20 +818 0
* * 20

ob=
fl=
fn=(300)
+678 0 0
cfl=
cfn=(301) github.com/nd-r/tech-db-forum/vendor/github.com/valyala/fasthttp.readBody
calls=20 +13578 0
* * 20

ob=
fl=
fn=(301)
+12900 0 0
cfl=
cfn=(302) github.com/nd-r/tech-db-forum/vendor/github.com/valyala/fasthttp.appendBodyFixedSize
calls=20 +14667 0
* * 20

ob=
fl=
fn=(302)
+1767 0 0
cfl=
cfn=(171)
calls=20 -2507129 0
* * 20

ob=
fl=
fn=(303) github.com/nd-r/tech-db-forum/vendor/github.com/valyala/fasthttp.(*RequestCtx).Write
+14569 0 0
cfl=
cfn=(297)
calls=10 -29659 0
* * 10

ob=
fl=
fn=(304) github.com/nd-r/tech-db-forum/vendor/github.com/valyala/fasthttp.(*Server).serveConn
+11708 0 0
cfl=
cfn=(305) github.com/nd-r/tech-db-forum/vendor/github.com/buaazp/fasthttprouter.(*Router).Handler-fm
calls=4760 +634099 0
* * 4760
+3710 0 0
cfl=
cfn=(299)
calls=40 -41762 0
* * 40
cfl=
cfn=(299)
calls=20 -41622 0
* * 20

ob=
fl=
fn=(306) github.com/nd-r/tech-db-forum/vendor/github.com/valyala/fasthttp.(*workerPool).workerFunc
+38915 0 0
cfl=
cfn=(307) github.com/nd-r/tech-db-forum/vendor/github.com/valyala/fasthttp.(*Server).(github.com/nd-r/tech-db-forum/vendor/github.com/valyala/fasthttp.serveConn)-fm
calls=4820 +49379 0
* * 4820

ob=
fl=
fn=(167)
+4983 0 0
cfl=
cfn=(306)
calls=4820 * 0
* * 4820

ob=
fl=
fn=(307)
+5481 0 0
cfl=
cfn=(304)
calls=4760 -47608 0
* * 4760
cfl=
cfn=(304)
calls=60 -43898 0
* * 60

ob=
fl=
fn=(308) github.com/nd-r/tech-db-forum/vendor/github.com/buaazp/fasthttprouter.(*Router).Handler
+16715 0 0
cfl=
cfn=(309) github.com/nd-r/tech-db-forum/handlers.CreateNewPosts
calls=4350 +40280 0
* * 4350
cfl=
cfn=(309)
calls=260 +40460 0
* * 260
cfl=
cfn=(309)
calls=140 +40243 0
* * 140
cfl=
cfn=(309)
calls=10 +40507 0
* * 10

ob=
fl=
fn=(309)
+23528 0 0
cfl=
cfn=(293)
calls=140 -490413 0
* * 140
+37 0 0
cfl=
cfn=(83)
calls=2870 -483022 0
* * 2870
cfl=
cfn=(83)
calls=1370 -482066 0
* * 1370
cfl=
cfn=(83)
calls=40 -484329 0
* * 40
cfl=
cfn=(83)
calls=20 -481963 0
* * 20
cfl=
cfn=(83)
calls=20 -480558 0
* * 20
cfl=
cfn=(83)
calls=10 -483733 0
* * 10
cfl=
cfn=(83)
calls=10 -482399 0
* * 10
cfl=
cfn=(83)
calls=10 -480965 0
* * 10
+180 0 0
cfl=
cfn=(292)
calls=260 -514346 0
* * 260
+47 0 0
cfl=
cfn=(303)
calls=10 -105257 0
* * 10

ob=
fl=
fn=(305)
+528795 0 0
cfl=
cfn=(308)
calls=4760 -23792 0
* * 4760
