positions: instr line
events: cpu(ms)

ob=
fl=
fn=(1) syscall.Syscall
0x1083c6a 0 7160

ob=
fl=
fn=(2) runtime.kevent
-165863 0 2490

ob=
fl=
fn=(3) runtime.usleep
-525 0 2410

ob=
fl=
fn=(4) runtime.mach_semaphore_signal
+341 0 1970

ob=
fl=
fn=(5) runtime.mach_semaphore_wait
-48 0 1410

ob=
fl=
fn=(6) runtime.freedefer
-195636 0 1080

ob=
fl=
fn=(7) runtime.mach_semaphore_timedwait
+195660 0 600

ob=
fl=
fn=(8) runtime.scanobject
-249500 0 120

ob=
fl=
fn=(9) github.com/nd-r/tech-db-forum/vendor/github.com/mailru/easyjson/jwriter.(*Writer).String
+2962660 0 80

ob=
fl=
fn=(10) runtime.greyobject
-2961280 0 70

ob=
fl=
fn=(9)
+2962302 0 70

ob=
fl=
fn=(8)
-2963791 0 60
+51 0 60

ob=
fl=
fn=(10)
+1424 0 60

ob=
fl=
fn=(11) runtime.mallocgc
-53577 0 50

ob=
fl=
fn=(12) runtime.memmove
+299175 0 50

ob=
fl=
fn=(9)
+2716694 0 50

ob=
fl=
fn=(13) runtime.newobject
-3014764 0 40

ob=
fl=
fn=(8)
+51005 0 40
+34 0 40

ob=
fl=
fn=(10)
+1469 0 40

ob=
fl=
fn=(14) runtime.(*bucket).mp
+26309 0 40

ob=
fl=
fn=(9)
+2934910 0 40
+44 0 40
+57 0 40

ob=
fl=
fn=(15) runtime.getitab
-3028398 0 30
+151 0 30

ob=
fl=
fn=(11)
+12333 0 30
+985 0 30

ob=
fl=
fn=(16) runtime.deferreturn
+106722 0 30

ob=
fl=
fn=(17) runtime.memclrNoHeapPointers
+191274 0 30
+211 0 30

ob=
fl=
fn=(12)
+2043 0 30
+24 0 30

ob=
fl=
fn=(18) time.(*Location).lookup
+219251 0 30

ob=
fl=
fn=(19) net.(*TCPConn).Write
+746099 0 30

ob=
fl=
fn=(9)
+1749214 0 30
+25 0 30
+1032 0 30

ob=
fl=
fn=(20) runtime.ifaceeq
-3074986 0 20

ob=
fl=
fn=(21) runtime.lfstackpop
+51686 0 20

ob=
fl=
fn=(22) runtime.lock
+129 0 20

ob=
fl=
fn=(11)
+6207 0 20

ob=
fl=
fn=(23) runtime.(*mspan).refillAllocCache
+6953 0 20

ob=
fl=
fn=(24) runtime.(*mcentral).uncacheSpan
+11854 0 20

ob=
fl=
fn=(25) runtime.scanstack
+28216 0 20

ob=
fl=
fn=(26) runtime.newMarkBits
+32956 0 20

ob=
fl=
fn=(27) net.runtime_pollReset
+15027 0 20

ob=
fl=
fn=(28) runtime.netpoll
+4754 0 20

ob=
fl=
fn=(29) runtime.casgstatus
+26570 0 20

ob=
fl=
fn=(30) runtime.sysmon
+30692 0 20

ob=
fl=
fn=(31) runtime.retake
+1109 0 20

ob=
fl=
fn=(32) runtime.rawstring
+58725 0 20

ob=
fl=
fn=(33) runtime.readvarint
+12673 0 20

ob=
fl=
fn=(34) runtime.duffcopy
+69410 0 20

ob=
fl=
fn=(17)
+341 0 20
+5 0 20
+17 0 20

ob=
fl=
fn=(12)
+1887 0 20

ob=
fl=
fn=(35) sync.(*Pool).pin
+22489 0 20

ob=
fl=
fn=(36) reflect.(*rtype).ptrTo
+281233 0 20

ob=
fl=
fn=(37) reflect.Value.Addr
+22204 0 20

ob=
fl=
fn=(38) reflect.Value.Field
+9986 0 20
+16 0 20

ob=
fl=
fn=(39) reflect.Value.Set
+10776 0 20

ob=
fl=
fn=(9)
+2368009 0 20

ob=
fl=
fn=(40) github.com/nd-r/tech-db-forum/vendor/github.com/buaazp/fasthttprouter.(*Router).Handler-fm
+1070608 0 20

ob=
fl=
fn=(41) runtime.interequal
-4145177 0 10

ob=
fl=
fn=(20)
+671 0 10

ob=
fl=
fn=(42) runtime.closechan
+13114 0 10

ob=
fl=
fn=(43) runtime.GOMAXPROCS
+9649 0 10

ob=
fl=
fn=(44) runtime.mapiterinit
+10607 0 10

ob=
fl=
fn=(45) runtime.mapaccess1_fast64
+8662 0 10
+40 0 10

ob=
fl=
fn=(46) runtime.mapaccess1_faststr
+841 0 10
+193 0 10
+79 0 10

ob=
fl=
fn=(47) runtime.mapaccess2_faststr
+2205 0 10

ob=
fl=
fn=(15)
+231 0 10
+118 0 10

ob=
fl=
fn=(48) runtime.convT2E
+3564 0 10
+23 0 10
+19 0 10
+25 0 10

ob=
fl=
fn=(49) runtime.assertE2I2
+1657 0 10

ob=
fl=
fn=(22)
+1132 0 10

ob=
fl=
fn=(50) runtime.unlock
+105 0 10
+20 0 10
+126 0 10

ob=
fl=
fn=(51) runtime.notewakeup
+91 0 10

ob=
fl=
fn=(52) runtime.notesleep
+275 0 10

ob=
fl=
fn=(53) runtime.notetsleep_internal
+77 0 10
+5 0 10

ob=
fl=
fn=(54) runtime.(*mcache).nextFree
+3727 0 10
+145 0 10

ob=
fl=
fn=(11)
+515 0 10
+160 0 10
+33 0 10
+18 0 10
+6 0 10
+8 0 10
+164 0 10
+149 0 10
+15 0 10
+152 0 10
+96 0 10
+103 0 10
+5 0 10
+24 0 10
+8 0 10
+419 0 10
+28 0 10
+77 0 10
+260 0 10
+34 0 10
+12 0 10
+36 0 10
+84 0 10
+45 0 10
+180 0 10

ob=
fl=
fn=(55) runtime.writebarrierptr
+3309 0 10

ob=
fl=
fn=(56) runtime.typedmemmove
+368 0 10
+26 0 10
+83 0 10

ob=
fl=
fn=(57) runtime.markBits.setMarked
+2483 0 10

ob=
fl=
fn=(58) runtime.heapBitsForObject
+368 0 10
+122 0 10
+14 0 10
+784 0 10

ob=
fl=
fn=(59) runtime.(*mspan).countFree
+2979 0 10

ob=
fl=
fn=(60) runtime.heapBitsSetType
+88 0 10
+100 0 10
+148 0 10
+62 0 10
+134 0 10
+334 0 10
+778 0 10

ob=
fl=
fn=(61) runtime.(*mcentral).cacheSpan
+3942 0 10
+619 0 10

ob=
fl=
fn=(62) runtime.(*mcentral).grow
+1289 0 10

ob=
fl=
fn=(63) runtime.(*fixalloc).alloc
+5669 0 10

ob=
fl=
fn=(64) runtime.(*gcControllerState).endCycle
+2371 0 10

ob=
fl=
fn=(65) runtime.(*gcControllerState).enlistWorker
+1201 0 10

ob=
fl=
fn=(66) runtime.gcBgMarkStartWorkers
+5932 0 10

ob=
fl=
fn=(67) runtime.gcResetMarkState
+3844 0 10

ob=
fl=
fn=(68) runtime.scanframeworker
+10928 0 10

ob=
fl=
fn=(69) runtime.gcDrain
+1550 0 10
+7 0 10
+105 0 10
+83 0 10
+274 0 10

ob=
fl=
fn=(70) runtime.gcDrainN
+552 0 10
+37 0 10
+28 0 10

ob=
fl=
fn=(71) runtime.scanblock
+417 0 10
+5 0 10
+5 0 10
+47 0 10

ob=
fl=
fn=(8)
+347 0 10
+27 0 10
+9 0 10
+289 0 10
+18 0 10
+22 0 10
+17 0 10
+3 0 10
+7 0 10
+46 0 10
+7 0 10
+27 0 10
+4 0 10
+8 0 10
+85 0 10

ob=
fl=
fn=(72) runtime.shade
+333 0 10

ob=
fl=
fn=(10)
+149 0 10
+56 0 10
+19 0 10

ob=
fl=
fn=(73) runtime.sweepone
+4460 0 10

ob=
fl=
fn=(74) runtime.(*mspan).sweep
+1639 0 10
+153 0 10

ob=
fl=
fn=(75) runtime.(*gcSweepBuf).pop
+2769 0 10

ob=
fl=
fn=(76) runtime.(*gcWork).tryGet
+773 0 10

ob=
fl=
fn=(77) runtime.(*mheap).alloc_m
+6304 0 10
+23 0 10

ob=
fl=
fn=(78) runtime.(*mheap).allocSpanLocked
+1656 0 10

ob=
fl=
fn=(79) runtime.(*mSpanList).remove
+4673 0 10
+132 0 10

ob=
fl=
fn=(26)
+3407 0 10

ob=
fl=
fn=(80) runtime.gcLockStackBarriers
+14158 0 10

ob=
fl=
fn=(27)
+932 0 10

ob=
fl=
fn=(81) runtime.netpollunblock
+2964 0 10

ob=
fl=
fn=(28)
+1851 0 10
+4 0 10

ob=
fl=
fn=(82) runtime.semasleep
+3493 0 10

ob=
fl=
fn=(83) runtime.deferproc
+2094 0 10
+73 0 10

ob=
fl=
fn=(84) runtime.newdefer
+933 0 10
+206 0 10
+7 0 10
+312 0 10

ob=
fl=
fn=(6)
+608 0 10

ob=
fl=
fn=(16)
+186 0 10

ob=
fl=
fn=(85) runtime.gorecover
+3216 0 10

ob=
fl=
fn=(86) runtime.gopark
+7439 0 10

ob=
fl=
fn=(87) runtime.acquireSudog
+1005 0 10

ob=
fl=
fn=(29)
+6683 0 10

ob=
fl=
fn=(88) runtime.execute
+9580 0 10

ob=
fl=
fn=(89) runtime.findrunnable
+2264 0 10

ob=
fl=
fn=(90) runtime.reentersyscall
+4998 0 10

ob=
fl=
fn=(91) runtime.entersyscall
+255 0 10

ob=
fl=
fn=(92) runtime.exitsyscall
+1429 0 10

ob=
fl=
fn=(93) runtime.newproc1
+2283 0 10

ob=
fl=
fn=(94) runtime.checkdead
+9944 0 10

ob=
fl=
fn=(30)
+128 0 10

ob=
fl=
fn=(31)
+1439 0 10

ob=
fl=
fn=(95) runtime.globrunqget
+3571 0 10

ob=
fl=
fn=(96) runtime.pidleget
+445 0 10

ob=
fl=
fn=(97) runtime.runqempty
+20 0 10
+13 0 10
+6 0 10

ob=
fl=
fn=(98) runtime.runqget
+843 0 10

ob=
fl=
fn=(99) runtime.runqgrab
+410 0 10

ob=
fl=
fn=(100) reflect.resolveTypeOff
+8007 0 10
+14 0 10

ob=
fl=
fn=(101) runtime.(*guintptr).cas
+636 0 10

ob=
fl=
fn=(102) runtime.makeslice
+26485 0 10
+32 0 10
+21 0 10

ob=
fl=
fn=(103) runtime.growslice
+1566 0 10

ob=
fl=
fn=(104) runtime.concatstrings
+13506 0 10

ob=
fl=
fn=(105) runtime.concatstring2
+696 0 10

ob=
fl=
fn=(106) runtime.rawstringtmp
+717 0 10

ob=
fl=
fn=(107) runtime.findmoduledatap
+10178 0 10
+57 0 10

ob=
fl=
fn=(108) runtime.findfunc
+162 0 10

ob=
fl=
fn=(109) runtime.pcvalue
+341 0 10
+25 0 10
+37 0 10
+191 0 10
+57 0 10

ob=
fl=
fn=(33)
+3065 0 10

ob=
fl=
fn=(110) runtime.gentraceback
+20783 0 10
+309 0 10
+3578 0 10

ob=
fl=
fn=(111) runtime.getArgInfo
+2247 0 10

ob=
fl=
fn=(112) runtime.resolveTypeOff
+7905 0 10
+106 0 10
+5 0 10

ob=
fl=
fn=(113) runtime.(*_type).typeOff
+749 0 10

ob=
fl=
fn=(114) runtime.(*mheap).alloc.func1
+12986 0 10

ob=
fl=
fn=(115) runtime.semasleep.func1
+1763 0 10
+4 0 10

ob=
fl=
fn=(116) runtime.gogo
+6269 0 10

ob=
fl=
fn=(117) runtime.mcall
+202 0 10

ob=
fl=
fn=(118) runtime.systemstack
+55 0 10
+149 0 10
+17 0 10

ob=
fl=
fn=(119) runtime.procyield
+5963 0 10

ob=
fl=
fn=(120) runtime.jmpdefer
+26 0 10

ob=
fl=
fn=(121) runtime.getcallerpc
+704 0 10

ob=
fl=
fn=(122) runtime.memeqbody
+2125 0 10
+145 0 10

ob=
fl=
fn=(123) runtime.duffzero
+2451 0 10

ob=
fl=
fn=(34)
+859 0 10
+80 0 10

ob=
fl=
fn=(17)
+20 0 10
+5 0 10
+113 0 10
+152 0 10
+286 0 10
+55 0 10

ob=
fl=
fn=(12)
+50 0 10
+29 0 10
+26 0 10
+524 0 10
+72 0 10
+14 0 10
+15 0 10
+30 0 10
+19 0 10
+615 0 10
+244 0 10
+114 0 10
+6 0 10
+11 0 10
+6 0 10

ob=
fl=
fn=(2)
+1606 0 10

ob=
fl=
fn=(124) sync.(*Mutex).Lock
+18456 0 10
+49 0 10

ob=
fl=
fn=(125) sync.(*Mutex).Unlock
+405 0 10

ob=
fl=
fn=(126) sync.(*Pool).getSlow
+1464 0 10
+157 0 10

ob=
fl=
fn=(127) sync.(*RWMutex).RLock
+1797 0 10

ob=
fl=
fn=(128) sync.(*RWMutex).RUnlock
+202 0 10

ob=
fl=
fn=(129) sync.(*rlocker).Lock
+406 0 10

ob=
fl=
fn=(130) sync.(*rlocker).Unlock
+102 0 10

ob=
fl=
fn=(131) io.ReadFull
+2465 0 10

ob=
fl=
fn=(132) bytes.LastIndex
+47033 0 10

ob=
fl=
fn=(133) bytes.Index
+7299 0 10

ob=
fl=
fn=(134) math.modf
+5505 0 10

ob=
fl=
fn=(135) strconv.ParseUint
+11395 0 10
+104 0 10

ob=
fl=
fn=(136) strconv.ParseInt
+913 0 10
+1386 0 10

ob=
fl=
fn=(137) strconv.Atoi
+303 0 10
+105 0 10

ob=
fl=
fn=(138) strconv.formatBits
+19267 0 10
+88 0 10
+113 0 10

ob=
fl=
fn=(139) syscall.read
+42924 0 10

ob=
fl=
fn=(140) time.nextStdChunk
+5397 0 10
+1043 0 10

ob=
fl=
fn=(141) time.appendInt
+4305 0 10

ob=
fl=
fn=(142) time.formatNano
+768 0 10

ob=
fl=
fn=(143) time.Time.Format
+706 0 10

ob=
fl=
fn=(144) time.Time.AppendFormat
+677 0 10
+161 0 10
+5222 0 10

ob=
fl=
fn=(145) time.Date
+34159 0 10
+1424 0 10
+11 0 10

ob=
fl=
fn=(18)
+1798 0 10

ob=
fl=
fn=(146) reflect.(*rtype).typeOff
+67143 0 10

ob=
fl=
fn=(147) reflect.(*rtype).String
+423 0 10

ob=
fl=
fn=(148) reflect.(*rtype).Kind
+493 0 10

ob=
fl=
fn=(149) reflect.(*rtype).Elem
+5361 0 10

ob=
fl=
fn=(36)
+10835 0 10

ob=
fl=
fn=(150) reflect.(*rtype).AssignableTo
+1861 0 10
+26 0 10

ob=
fl=
fn=(151) reflect.implements
+512 0 10
+899 0 10

ob=
fl=
fn=(152) reflect.packEface
+16943 0 10
+27 0 10
+219 0 10

ob=
fl=
fn=(153) reflect.flag.mustBeAssignable
+1154 0 10

ob=
fl=
fn=(37)
+560 0 10

ob=
fl=
fn=(154) reflect.Value.Elem
+9557 0 10

ob=
fl=
fn=(38)
+409 0 10
+37 0 10

ob=
fl=
fn=(155) reflect.Value.IsNil
+4204 0 10

ob=
fl=
fn=(156) reflect.Value.Len
+557 0 10
+55 0 10

ob=
fl=
fn=(39)
+6194 0 10
+64 0 10

ob=
fl=
fn=(157) reflect.Value.Type
+5701 0 10

ob=
fl=
fn=(158) reflect.ValueOf
+4973 0 10
+28 0 10
+10 0 10
+53 0 10
+41 0 10
+20 0 10

ob=
fl=
fn=(159) reflect.New
+549 0 10

ob=
fl=
fn=(160) context.(*cancelCtx).cancel
+118828 0 10

ob=
fl=
fn=(161) database/sql/driver.boolType.ConvertValue
+7815 0 10

ob=
fl=
fn=(162) database/sql.convertAssign
+26522 0 10
+640 0 10
+82 0 10
+348 0 10
+1666 0 10
+2355 0 10
+35 0 10
+757 0 10
+1450 0 10

ob=
fl=
fn=(163) database/sql.(*driverConn).expired
+10785 0 10

ob=
fl=
fn=(164) database/sql.(*DB).conn
+11195 0 10
+2569 0 10

ob=
fl=
fn=(165) database/sql.(*DB).queryConn
+8265 0 10

ob=
fl=
fn=(166) database/sql.(*Rows).Close
+27091 0 10

ob=
fl=
fn=(167) database/sql.(*Rows).close
+433 0 10
+92 0 10

ob=
fl=
fn=(168) database/sql.(*DB).queryConn.func1
+3649 0 10

ob=
fl=
fn=(169) database/sql.(*DB).begin.func1
+611 0 10

ob=
fl=
fn=(170) database/sql.(*Rows).Next.func1
+2040 0 10

ob=
fl=
fn=(171) bufio.(*Reader).Read
+43376 0 10
+117 0 10

ob=
fl=
fn=(172) net.(*fdMutex).rwlock
+136856 0 10

ob=
fl=
fn=(173) net.(*netFD).writeLock
+842 0 10
+36 0 10

ob=
fl=
fn=(174) net.(*pollDesc).prepare
+587 0 10

ob=
fl=
fn=(175) net.(*pollDesc).wait
+350 0 10

ob=
fl=
fn=(176) net.(*netFD).Write
+9543 0 10

ob=
fl=
fn=(177) net.(*conn).Write
+71775 0 10

ob=
fl=
fn=(178) net.(*TCPConn).Read
+116436 0 10

ob=
fl=
fn=(179) github.com/nd-r/tech-db-forum/vendor/github.com/lib/pq.(*conn).begin
+753394 0 10

ob=
fl=
fn=(180) github.com/nd-r/tech-db-forum/vendor/github.com/lib/pq.(*conn).query
+12089 0 10
+46 0 10

ob=
fl=
fn=(181) github.com/nd-r/tech-db-forum/vendor/github.com/lib/pq.(*conn).recvMessage
+2541 0 10

ob=
fl=
fn=(182) github.com/nd-r/tech-db-forum/vendor/github.com/lib/pq.(*conn).recv1Buf
+1004 0 10

ob=
fl=
fn=(183) github.com/nd-r/tech-db-forum/vendor/github.com/lib/pq.(*conn).recv1
+300 0 10

ob=
fl=
fn=(184) github.com/nd-r/tech-db-forum/vendor/github.com/lib/pq.(*stmt).exec
+10508 0 10
+696 0 10
+1060 0 10

ob=
fl=
fn=(185) github.com/nd-r/tech-db-forum/vendor/github.com/lib/pq.(*rows).Next
+3789 0 10
+15 0 10

ob=
fl=
fn=(186) github.com/nd-r/tech-db-forum/vendor/github.com/lib/pq.textDecode
+36698 0 10
+781 0 10

ob=
fl=
fn=(187) github.com/nd-r/tech-db-forum/vendor/github.com/lib/pq.(*locationCache).getLocation
+6305 0 10

ob=
fl=
fn=(188) github.com/nd-r/tech-db-forum/vendor/github.com/lib/pq.ParseTimestamp
+2523 0 10
+1719 0 10

ob=
fl=
fn=(189) github.com/nd-r/tech-db-forum/vendor/github.com/jmoiron/sqlx/reflectx.(*Mapper).TraversalsByName
+35290 0 10

ob=
fl=
fn=(190) github.com/nd-r/tech-db-forum/vendor/github.com/jmoiron/sqlx/reflectx.FieldByIndexes
+784 0 10

ob=
fl=
fn=(191) github.com/nd-r/tech-db-forum/vendor/github.com/jmoiron/sqlx.isScannable
+31740 0 10

ob=
fl=
fn=(192) github.com/nd-r/tech-db-forum/vendor/github.com/jmoiron/sqlx.(*Row).Scan
+3796 0 10

ob=
fl=
fn=(193) github.com/nd-r/tech-db-forum/vendor/github.com/jmoiron/sqlx.fieldsByTraversal
+26566 0 10
+55 0 10
+29 0 10

ob=
fl=
fn=(194) github.com/nd-r/tech-db-forum/vendor/github.com/mailru/easyjson/buffer.getBuf
+800335 0 10
+160 0 10

ob=
fl=
fn=(195) github.com/nd-r/tech-db-forum/vendor/github.com/mailru/easyjson/buffer.(*Buffer).EnsureSpace
+712 0 10
+47 0 10

ob=
fl=
fn=(196) github.com/nd-r/tech-db-forum/vendor/github.com/mailru/easyjson/buffer.(*Buffer).AppendByte
+206 0 10

ob=
fl=
fn=(197) github.com/nd-r/tech-db-forum/vendor/github.com/mailru/easyjson/buffer.(*Buffer).AppendString
+802 0 10
+187 0 10

ob=
fl=
fn=(198) github.com/nd-r/tech-db-forum/vendor/github.com/mailru/easyjson/buffer.(*Buffer).BuildBytes
+1321 0 10

ob=
fl=
fn=(199) github.com/nd-r/tech-db-forum/vendor/github.com/mailru/easyjson/jwriter.(*Writer).RawByte
+3918 0 10

ob=
fl=
fn=(200) github.com/nd-r/tech-db-forum/vendor/github.com/mailru/easyjson/jwriter.(*Writer).Raw
+132 0 10
+123 0 10

ob=
fl=
fn=(201) github.com/nd-r/tech-db-forum/vendor/github.com/mailru/easyjson/jwriter.(*Writer).Bool
+9362 0 10

ob=
fl=
fn=(9)
+242 0 10
+76 0 10
+949 0 10
+125 0 10

ob=
fl=
fn=(202) github.com/nd-r/tech-db-forum/models.easyjsonD2b7633eEncodeGithubComNdRTechDbForumModels2
+3178 0 10
+10 0 10

ob=
fl=
fn=(203) github.com/nd-r/tech-db-forum/models.Thread.MarshalJSON
+13804 0 10

ob=
fl=
fn=(204) github.com/nd-r/tech-db-forum/database.GetPostDetails
+36506 0 10

ob=
fl=
fn=(205) github.com/nd-r/tech-db-forum/database.GetThread
+8652 0 10

ob=
fl=
fn=(206) github.com/nd-r/tech-db-forum/vendor/github.com/valyala/fasthttp.(*argsScanner).next
+168645 0 10

ob=
fl=
fn=(207) github.com/nd-r/tech-db-forum/vendor/github.com/valyala/fasthttp.AppendUint
+5013 0 10

ob=
fl=
fn=(208) github.com/nd-r/tech-db-forum/vendor/github.com/valyala/fasthttp.(*ResponseHeader).SetContentLength
+70637 0 10

ob=
fl=
fn=(209) github.com/nd-r/tech-db-forum/vendor/github.com/valyala/fasthttp.(*ResponseHeader).AppendBytes
+44463 0 10

ob=
fl=
fn=(210) github.com/nd-r/tech-db-forum/vendor/github.com/valyala/fasthttp.(*Response).Write
+63481 0 10

ob=
fl=
fn=(211) github.com/nd-r/tech-db-forum/vendor/github.com/valyala/fasthttp.(*RequestCtx).URI
+15581 0 10

ob=
fl=
fn=(212) github.com/nd-r/tech-db-forum/vendor/github.com/valyala/fasthttp.(*Server).serveConn
+16784 0 10

ob=
fl=
fn=(213) github.com/nd-r/tech-db-forum/vendor/github.com/valyala/fasthttp.acquireWriter
+10206 0 10

ob=
fl=
fn=(214) github.com/nd-r/tech-db-forum/vendor/github.com/valyala/fasthttp.statusLine
+4080 0 10

ob=
fl=
fn=(215) github.com/nd-r/tech-db-forum/vendor/github.com/buaazp/fasthttprouter.(*node).getValue
+63220 0 10

ob=
fl=
fn=(42)
-3585734 0 0
cfl=
cfn=(216) runtime.goready
calls=570 -3422625 0
* * 570

ob=
fl=
fn=(217) runtime.chanrecv1
+246 0 0
cfl=
cfn=(218) runtime.chanrecv
calls=10 +796 0
* * 10

ob=
fl=
fn=(218)
+550 0 0
cfl=
cfn=(87)
calls=10 +163544 0
* * 10

ob=
fl=
fn=(219) runtime.mapaccess2
+15592 0 0
cfl=
cfn=(41)
calls=10 -15066 0
* * 10

ob=
fl=
fn=(48)
+19333 0 0
cfl=
cfn=(13)
calls=200 +30197 0
* * 200
+39 0 0
cfl=
cfn=(56)
calls=30 +13732 0
* * 30
cfl=
cfn=(56)
calls=10 +13718 0
* * 10
cfl=
cfn=(56)
calls=10 +13744 0
* * 10
cfl=
cfn=(56)
calls=10 +13827 0
* * 10

ob=
fl=
fn=(220) runtime.convI2I
+361 0 0
cfl=
cfn=(15)
calls=10 -3763 0
* * 10
cfl=
cfn=(15)
calls=10 -3612 0
* * 10

ob=
fl=
fn=(221) runtime.assertI2I2
+645 0 0
cfl=
cfn=(15)
calls=20 -4124 0
* * 20
cfl=
cfn=(15)
calls=20 -3973 0
* * 20
cfl=
cfn=(15)
calls=10 -3981 0
* * 10

ob=
fl=
fn=(49)
+598 0 0
cfl=
cfn=(15)
calls=10 -4744 0
* * 10

ob=
fl=
fn=(22)
+1148 0 0
cfl=
cfn=(222) runtime.osyield
calls=10 +110487 0
* * 10

ob=
fl=
fn=(51)
+433 0 0
cfl=
cfn=(223) runtime.semawakeup
calls=1970 +106194 0
* * 1970

ob=
fl=
fn=(52)
+226 0 0
cfl=
cfn=(82)
calls=1420 +108765 0
* * 1420
cfl=
cfn=(82)
calls=10 +108766 0
* * 10

ob=
fl=
fn=(53)
+199 0 0
cfl=
cfn=(82)
calls=560 +108539 0
* * 560

ob=
fl=
fn=(224) runtime.notetsleep
+492 0 0
cfl=
cfn=(53)
calls=560 * 0
* * 560
cfl=
cfn=(53)
calls=10 -116 0
* * 10
cfl=
cfn=(53)
calls=10 -111 0
* * 10

ob=
fl=
fn=(54)
+3165 0 0
cfl=
cfn=(225) runtime.(*mspan).nextFreeIndex
calls=10 +11773 0
* * 10
+103 0 0
cfl=
cfn=(118)
calls=180 +287943 0
* * 180
cfl=
cfn=(118)
calls=60 +287993 0
* * 60

ob=
fl=
fn=(11)
+1624 0 0
cfl=
cfn=(226) runtime.gcStart
calls=10 +31247 0
* * 10
cfl=
cfn=(226)
calls=10 +31664 0
* * 10
+86 0 0
cfl=
cfn=(227) runtime.profilealloc
calls=40 +2346 0
* * 40
+153 0 0
cfl=
cfn=(228) runtime.gcmarknewobject
calls=10 +56112 0
* * 10
+68 0 0
cfl=
cfn=(60)
calls=10 +11393 0
* * 10
cfl=
cfn=(60)
calls=10 +11493 0
* * 10
cfl=
cfn=(60)
calls=10 +11641 0
* * 10
cfl=
cfn=(60)
calls=10 +11703 0
* * 10
cfl=
cfn=(60)
calls=10 +11837 0
* * 10
cfl=
cfn=(60)
calls=10 +12171 0
* * 10
cfl=
cfn=(60)
calls=10 +12949 0
* * 10
+550 0 0
cfl=
cfn=(17)
calls=30 +298401 0
* * 30
cfl=
cfn=(17)
calls=10 +298333 0
* * 10
cfl=
cfn=(17)
calls=10 +298338 0
* * 10
cfl=
cfn=(17)
calls=10 +298451 0
* * 10
cfl=
cfn=(17)
calls=10 +298889 0
* * 10
cfl=
cfn=(17)
calls=10 +298944 0
* * 10
+61 0 0
cfl=
cfn=(54)
calls=240 -2481 0
* * 240
cfl=
cfn=(54)
calls=10 -2625 0
* * 10
cfl=
cfn=(54)
calls=10 -2584 0
* * 10
cfl=
cfn=(54)
calls=10 -2480 0
* * 10
+432 0 0
cfl=
cfn=(229) runtime.gcAssistAlloc
calls=150 +43085 0
* * 150

ob=
fl=
fn=(13)
+481 0 0
cfl=
cfn=(11)
calls=90 * 0
* * 90
cfl=
cfn=(11)
calls=60 -493 0
* * 60
cfl=
cfn=(11)
calls=50 -1043 0
* * 50
cfl=
cfn=(11)
calls=30 -642 0
* * 30
cfl=
cfn=(11)
calls=20 -1623 0
* * 20
cfl=
cfn=(11)
calls=20 -638 0
* * 20
cfl=
cfn=(11)
calls=10 -2298 0
* * 10
cfl=
cfn=(11)
calls=10 -2241 0
* * 10
cfl=
cfn=(11)
calls=10 -2233 0
* * 10
cfl=
cfn=(11)
calls=10 -2069 0
* * 10
cfl=
cfn=(11)
calls=10 -1905 0
* * 10
cfl=
cfn=(11)
calls=10 -1753 0
* * 10
cfl=
cfn=(11)
calls=10 -1525 0
* * 10
cfl=
cfn=(11)
calls=10 -1350 0
* * 10
cfl=
cfn=(11)
calls=10 -1098 0
* * 10
cfl=
cfn=(11)
calls=10 -1070 0
* * 10
cfl=
cfn=(11)
calls=10 -993 0
* * 10
cfl=
cfn=(11)
calls=10 -687 0
* * 10
cfl=
cfn=(11)
calls=10 -651 0
* * 10
cfl=
cfn=(11)
calls=10 -432 0
* * 10
cfl=
cfn=(11)
calls=10 -342 0
* * 10

ob=
fl=
fn=(230) reflect.unsafe_New
+83 0 0
cfl=
cfn=(13)
calls=90 * 0
* * 90
cfl=
cfn=(13)
calls=10 -18 0
* * 10

ob=
fl=
fn=(231) runtime.newarray
+137 0 0
cfl=
cfn=(11)
calls=50 -996 0
* * 50
cfl=
cfn=(11)
calls=10 -1206 0
* * 10

ob=
fl=
fn=(232) reflect.unsafe_NewArray
+193 0 0
cfl=
cfn=(231)
calls=60 * 0
* * 60

ob=
fl=
fn=(227)
+102 0 0
cfl=
cfn=(233) runtime.mProf_Malloc
calls=40 +80001 0
* * 40

ob=
fl=
fn=(234) runtime.gcmarkwb_m
+1517 0 0
cfl=
cfn=(72)
calls=10 +50996 0
* * 10

ob=
fl=
fn=(235) runtime.writebarrierptr_prewrite1
+327 0 0
cfl=
cfn=(118)
calls=10 +282353 0
* * 10

ob=
fl=
fn=(55)
+158 0 0
cfl=
cfn=(235)
calls=10 * 0
* * 10

ob=
fl=
fn=(56)
+351 0 0
cfl=
cfn=(12)
calls=10 +294982 0
* * 10
cfl=
cfn=(12)
calls=10 +295008 0
* * 10
cfl=
cfn=(12)
calls=10 +296614 0
* * 10

ob=
fl=
fn=(225)
+2182 0 0
cfl=
cfn=(23)
calls=10 +1897 0
* * 10

ob=
fl=
fn=(236) runtime.heapBits.initSpan
+3997 0 0
cfl=
cfn=(26)
calls=10 +72741 0
* * 10
cfl=
cfn=(26)
calls=10 +72757 0
* * 10

ob=
fl=
fn=(237) runtime.(*mcache).refill
+5841 0 0
cfl=
cfn=(61)
calls=120 +6507 0
* * 120
cfl=
cfn=(61)
calls=10 +6252 0
* * 10
cfl=
cfn=(61)
calls=10 +6313 0
* * 10
cfl=
cfn=(61)
calls=10 +6582 0
* * 10
cfl=
cfn=(61)
calls=10 +6870 0
* * 10
cfl=
cfn=(61)
calls=10 +6871 0
* * 10
cfl=
cfn=(61)
calls=10 +7307 0
* * 10

ob=
fl=
fn=(238) runtime.(*mcache).releaseAll
+324 0 0
cfl=
cfn=(24)
calls=20 +1731 0
* * 20
cfl=
cfn=(24)
calls=10 +1553 0
* * 10
cfl=
cfn=(24)
calls=10 +1667 0
* * 10

ob=
fl=
fn=(61)
+148 0 0
cfl=
cfn=(22)
calls=10 -23607 0
* * 10
+194 0 0
cfl=
cfn=(62)
calls=90 +1846 0
* * 90
cfl=
cfn=(62)
calls=20 +1934 0
* * 20
cfl=
cfn=(62)
calls=10 +1847 0
* * 10
+75 0 0
cfl=
cfn=(50)
calls=10 -23454 0
* * 10
+288 0 0
cfl=
cfn=(23)
calls=10 -10864 0
* * 10
+437 0 0
cfl=
cfn=(74)
calls=10 +41916 0
* * 10

ob=
fl=
fn=(24)
+87 0 0
cfl=
cfn=(22)
calls=10 -24427 0
* * 10
+114 0 0
cfl=
cfn=(79)
calls=10 +57876 0
* * 10

ob=
fl=
fn=(62)
+651 0 0
cfl=
cfn=(239) runtime.(*mheap).alloc
calls=90 +52354 0
* * 90
+88 0 0
cfl=
cfn=(236)
calls=20 -8159 0
* * 20

ob=
fl=
fn=(226)
+10498 0 0
cfl=
cfn=(67)
calls=10 +18930 0
* * 10
+417 0 0
cfl=
cfn=(66)
calls=10 +4588 0
* * 10

ob=
fl=
fn=(240) runtime.gcMarkDone
+592 0 0
cfl=
cfn=(118)
calls=40 +256226 0
* * 40
+253 0 0
cfl=
cfn=(64)
calls=10 -3554 0
* * 10
+5 0 0
cfl=
cfn=(241) runtime.gcMarkTermination
calls=30 +457 0
* * 30
cfl=
cfn=(241)
calls=30 +3061 0
* * 30
cfl=
cfn=(241)
calls=10 +1141 0
* * 10

ob=
fl=
fn=(241)
+452 0 0
cfl=
cfn=(118)
calls=20 +255326 0
* * 20
cfl=
cfn=(118)
calls=10 +255376 0
* * 10
+684 0 0
cfl=
cfn=(242) runtime.gcTryRemoveAllStackBarriers
calls=10 +61195 0
* * 10
+1920 0 0
cfl=
cfn=(243) runtime.mProf_GC
calls=30 +50055 0
* * 30

ob=
fl=
fn=(244) runtime.gcBgMarkWorker
+913 0 0
cfl=
cfn=(118)
calls=880 +252270 0
* * 880
cfl=
cfn=(118)
calls=130 +252320 0
* * 130
+263 0 0
cfl=
cfn=(240)
calls=70 -3969 0
* * 70
cfl=
cfn=(240)
calls=40 -4227 0
* * 40
cfl=
cfn=(240)
calls=10 -3974 0
* * 10

ob=
fl=
fn=(245) runtime.gcMark
+2127 0 0
cfl=
cfn=(69)
calls=10 +15435 0
* * 10
+39 0 0
cfl=
cfn=(246) runtime.helpgc
calls=10 +86900 0
* * 10

ob=
fl=
fn=(247) runtime.gchelper
+1756 0 0
cfl=
cfn=(51)
calls=10 -43097 0
* * 10
+27 0 0
cfl=
cfn=(69)
calls=30 +11513 0
* * 30

ob=
fl=
fn=(248) runtime.markroot
+3216 0 0
cfl=
cfn=(249) runtime.markrootBlock
calls=40 +3548 0
* * 40
+144 0 0
cfl=
cfn=(249)
calls=20 +332 0
* * 20
+40 0 0
cfl=
cfn=(250) runtime.flushmcache
calls=40 +48049 0
* * 40

ob=
fl=
fn=(249)
+148 0 0
cfl=
cfn=(71)
calls=20 +9803 0
* * 20
cfl=
cfn=(71)
calls=10 +9565 0
* * 10
cfl=
cfn=(71)
calls=10 +9570 0
* * 10
cfl=
cfn=(71)
calls=10 +9575 0
* * 10
cfl=
cfn=(71)
calls=10 +9622 0
* * 10

ob=
fl=
fn=(229)
+1384 0 0
cfl=
cfn=(118)
calls=120 +243597 0
* * 120
cfl=
cfn=(118)
calls=30 +243647 0
* * 30

ob=
fl=
fn=(251) runtime.gcAssistAlloc1
+547 0 0
cfl=
cfn=(70)
calls=80 +7684 0
* * 80
cfl=
cfn=(70)
calls=20 +7610 0
* * 20
cfl=
cfn=(70)
calls=10 +7551 0
* * 10
cfl=
cfn=(70)
calls=10 +7588 0
* * 10
cfl=
cfn=(70)
calls=10 +7616 0
* * 10
cfl=
cfn=(70)
calls=10 +7835 0
* * 10
+54 0 0
cfl=
cfn=(29)
calls=10 +81042 0
* * 10

ob=
fl=
fn=(25)
+2328 0 0
cfl=
cfn=(110)
calls=60 +208804 0
* * 60
cfl=
cfn=(110)
calls=50 +210261 0
* * 50
cfl=
cfn=(110)
calls=10 +205628 0
* * 10
cfl=
cfn=(110)
calls=10 +209206 0
* * 10
+39 0 0
cfl=
cfn=(252) runtime.tracebackdefers
calls=10 +202063 0
* * 10

ob=
fl=
fn=(68)
+1203 0 0
cfl=
cfn=(253) runtime.pcdatavalue
calls=30 +181549 0
* * 30
+125 0 0
cfl=
cfn=(71)
calls=20 +4100 0
* * 20

ob=
fl=
fn=(69)
+2258 0 0
cfl=
cfn=(248)
calls=40 -6012 0
* * 40
cfl=
cfn=(248)
calls=40 -5828 0
* * 40
+193 0 0
cfl=
cfn=(8)
calls=140 +2549 0
* * 140
cfl=
cfn=(8)
calls=110 +2362 0
* * 110
cfl=
cfn=(8)
calls=60 +2253 0
* * 60
cfl=
cfn=(8)
calls=50 +2304 0
* * 50
cfl=
cfn=(8)
calls=30 +2261 0
* * 30
cfl=
cfn=(8)
calls=30 +2295 0
* * 30
cfl=
cfn=(8)
calls=30 +2408 0
* * 30
cfl=
cfn=(8)
calls=10 +1883 0
* * 10
cfl=
cfn=(8)
calls=10 +1910 0
* * 10
cfl=
cfn=(8)
calls=10 +1919 0
* * 10
cfl=
cfn=(8)
calls=10 +2208 0
* * 10
cfl=
cfn=(8)
calls=10 +2226 0
* * 10
cfl=
cfn=(8)
calls=10 +2248 0
* * 10
cfl=
cfn=(8)
calls=10 +2268 0
* * 10
cfl=
cfn=(8)
calls=10 +2275 0
* * 10
cfl=
cfn=(8)
calls=10 +2321 0
* * 10
cfl=
cfn=(8)
calls=10 +2328 0
* * 10
cfl=
cfn=(8)
calls=10 +2355 0
* * 10
cfl=
cfn=(8)
calls=10 +2359 0
* * 10
cfl=
cfn=(8)
calls=10 +2367 0
* * 10
cfl=
cfn=(8)
calls=10 +2452 0
* * 10
+140 0 0
cfl=
cfn=(254) runtime.pollWork
calls=80 +87575 0
* * 80
+224 0 0
cfl=
cfn=(76)
calls=10 +12470 0
* * 10
cfl=
cfn=(76)
calls=10 +12614 0
* * 10
+129 0 0
cfl=
cfn=(255) runtime.(*gcWork).balance
calls=70 +13059 0
* * 70
+50 0 0
cfl=
cfn=(254)
calls=30 +87082 0
* * 30

ob=
fl=
fn=(70)
+320 0 0
cfl=
cfn=(248)
calls=20 -8862 0
* * 20
+74 0 0
cfl=
cfn=(8)
calls=20 +1493 0
* * 20
cfl=
cfn=(8)
calls=10 +1205 0
* * 10
cfl=
cfn=(8)
calls=10 +1209 0
* * 10
cfl=
cfn=(8)
calls=10 +1239 0
* * 10
cfl=
cfn=(8)
calls=10 +1248 0
* * 10
cfl=
cfn=(8)
calls=10 +1306 0
* * 10
cfl=
cfn=(8)
calls=10 +1352 0
* * 10
+151 0 0
cfl=
cfn=(255)
calls=10 +12536 0
* * 10

ob=
fl=
fn=(71)
+436 0 0
cfl=
cfn=(10)
calls=30 +2483 0
* * 30
cfl=
cfn=(10)
calls=10 +2461 0
* * 10

ob=
fl=
fn=(8)
+691 0 0
cfl=
cfn=(58)
calls=10 -44629 0
* * 10
cfl=
cfn=(58)
calls=10 -44507 0
* * 10
cfl=
cfn=(58)
calls=10 -44493 0
* * 10
cfl=
cfn=(58)
calls=10 -43709 0
* * 10
+141 0 0
cfl=
cfn=(10)
calls=60 +1320 0
* * 60
cfl=
cfn=(10)
calls=60 +1334 0
* * 60
cfl=
cfn=(10)
calls=10 +526 0
* * 10
cfl=
cfn=(10)
calls=10 +582 0
* * 10
cfl=
cfn=(10)
calls=10 +601 0
* * 10
cfl=
cfn=(10)
calls=10 +1356 0
* * 10

ob=
fl=
fn=(228)
+3092 0 0
cfl=
cfn=(57)
calls=10 -45829 0
* * 10

ob=
fl=
fn=(256) runtime.bgsweep
+1252 0 0
cfl=
cfn=(257) runtime.gosweepone
calls=80 +2364 0
* * 80

ob=
fl=
fn=(73)
+305 0 0
cfl=
cfn=(75)
calls=10 +5137 0
* * 10
+305 0 0
cfl=
cfn=(74)
calls=20 +1909 0
* * 20
cfl=
cfn=(74)
calls=10 +1720 0
* * 10
cfl=
cfn=(74)
calls=10 +1910 0
* * 10
cfl=
cfn=(74)
calls=10 +2063 0
* * 10
cfl=
cfn=(74)
calls=10 +3362 0
* * 10

ob=
fl=
fn=(257)
+502 0 0
cfl=
cfn=(118)
calls=80 +228156 0
* * 80

ob=
fl=
fn=(74)
+913 0 0
cfl=
cfn=(59)
calls=10 -47018 0
* * 10
+189 0 0
cfl=
cfn=(26)
calls=10 +20080 0
* * 10
cfl=
cfn=(26)
calls=10 +20147 0
* * 10
cfl=
cfn=(26)
calls=10 +20250 0
* * 10
+1453 0 0
cfl=
cfn=(258) runtime.freespecial
calls=10 +19582 0
* * 10

ob=
fl=
fn=(76)
+2387 0 0
cfl=
cfn=(259) runtime.trygetfull
calls=10 +3775 0
* * 10

ob=
fl=
fn=(255)
+669 0 0
cfl=
cfn=(260) runtime.handoff
calls=60 +2534 0
* * 60
cfl=
cfn=(260)
calls=10 +2437 0
* * 10
+50 0 0
cfl=
cfn=(65)
calls=10 -35894 0
* * 10

ob=
fl=
fn=(261) runtime.getempty
+380 0 0
cfl=
cfn=(21)
calls=10 -70916 0
* * 10

ob=
fl=
fn=(259)
+289 0 0
cfl=
cfn=(21)
calls=10 -71296 0
* * 10

ob=
fl=
fn=(260)
+1049 0 0
cfl=
cfn=(261)
calls=10 -289 0
* * 10
+97 0 0
cfl=
cfn=(12)
calls=40 +233942 0
* * 40
cfl=
cfn=(12)
calls=20 +234891 0
* * 20

ob=
fl=
fn=(77)
+3851 0 0
cfl=
cfn=(78)
calls=10 +5163 0
* * 10
cfl=
cfn=(78)
calls=10 +5305 0
* * 10
cfl=
cfn=(78)
calls=10 +5431 0
* * 10

ob=
fl=
fn=(239)
+851 0 0
cfl=
cfn=(17)
calls=30 +229030 0
* * 30
cfl=
cfn=(17)
calls=20 +229034 0
* * 20
cfl=
cfn=(17)
calls=20 +229039 0
* * 20
cfl=
cfn=(17)
calls=10 +229021 0
* * 10
cfl=
cfn=(17)
calls=10 +229056 0
* * 10

ob=
fl=
fn=(78)
+461 0 0
cfl=
cfn=(79)
calls=10 +5276 0
* * 10
+268 0 0
cfl=
cfn=(63)
calls=10 -46494 0
* * 10

ob=
fl=
fn=(258)
+7777 0 0
cfl=
cfn=(262) runtime.mProf_Free
calls=10 +11117 0
* * 10

ob=
fl=
fn=(26)
+392 0 0
cfl=
cfn=(263) runtime.newArena
calls=10 +1008 0
* * 10
+87 0 0
cfl=
cfn=(50)
calls=10 -85727 0
* * 10

ob=
fl=
fn=(263)
+529 0 0
cfl=
cfn=(17)
calls=10 +219220 0
* * 10

ob=
fl=
fn=(264) runtime.mprof_GC
+1600 0 0
cfl=
cfn=(14)
calls=30 +376 0
* * 30

ob=
fl=
fn=(243)
+227 0 0
cfl=
cfn=(264)
calls=30 * 0
* * 30

ob=
fl=
fn=(233)
+164 0 0
cfl=
cfn=(265) runtime.callers
calls=40 +176777 0
* * 40

ob=
fl=
fn=(262)
+341 0 0
cfl=
cfn=(14)
calls=10 -1615 0
* * 10

ob=
fl=
fn=(250)
+7894 0 0
cfl=
cfn=(238)
calls=40 -65543 0
* * 40

ob=
fl=
fn=(242)
+2057 0 0
cfl=
cfn=(80)
calls=10 +3233 0
* * 10

ob=
fl=
fn=(266) net.runtime_pollWait
+2319 0 0
cfl=
cfn=(267) runtime.netpollblock
calls=10 +4813 0
* * 10

ob=
fl=
fn=(268) runtime.netpollready
+2096 0 0
cfl=
cfn=(81)
calls=10 +2753 0
* * 10

ob=
fl=
fn=(267)
+398 0 0
cfl=
cfn=(86)
calls=10 +21079 0
* * 10

ob=
fl=
fn=(28)
+2109 0 0
cfl=
cfn=(2)
calls=2490 +205277 0
* * 2490
cfl=
cfn=(2)
calls=10 +205282 0
* * 10
+366 0 0
cfl=
cfn=(268)
calls=10 -2507 0
* * 10

ob=
fl=
fn=(223)
+127 0 0
cfl=
cfn=(269) runtime.mach_semrelease
calls=1970 +3176 0
* * 1970

ob=
fl=
fn=(270) runtime.semasleep1
+2682 0 0
cfl=
cfn=(5)
calls=1410 +202443 0
* * 1410
+150 0 0
cfl=
cfn=(7)
calls=600 +199785 0
* * 600

ob=
fl=
fn=(82)
+172 0 0
cfl=
cfn=(118)
calls=1980 +183482 0
* * 1980

ob=
fl=
fn=(269)
+45 0 0
cfl=
cfn=(4)
calls=1970 +199487 0
* * 1970

ob=
fl=
fn=(222)
+96 0 0
cfl=
cfn=(3)
calls=30 +199101 0
* * 30

ob=
fl=
fn=(83)
+1889 0 0
cfl=
cfn=(121)
calls=10 +189863 0
* * 10
+22 0 0
cfl=
cfn=(84)
calls=10 +1071 0
* * 10
cfl=
cfn=(84)
calls=10 +1277 0
* * 10
cfl=
cfn=(84)
calls=10 +1284 0
* * 10
cfl=
cfn=(84)
calls=10 +1372 0
* * 10
cfl=
cfn=(84)
calls=10 +1596 0
* * 10

ob=
fl=
fn=(84)
+1350 0 0
cfl=
cfn=(55)
calls=10 -100691 0
* * 10

ob=
fl=
fn=(6)
+463 0 0
cfl=
cfn=(34)
calls=10 +192262 0
* * 10
+85 0 0
cfl=
cfn=(55)
calls=10 -102473 0
* * 10

ob=
fl=
fn=(16)
+610 0 0
cfl=
cfn=(6)
calls=1080 -147 0
* * 1080
cfl=
cfn=(6)
calls=10 -85 0
* * 10
cfl=
cfn=(6)
calls=10 * 0
* * 10
cfl=
cfn=(6)
calls=10 +284 0
* * 10
+34 0 0
cfl=
cfn=(120)
calls=10 +184740 0
* * 10

ob=
fl=
fn=(216)
+10805 0 0
cfl=
cfn=(118)
calls=570 +178666 0
* * 570

ob=
fl=
fn=(271) runtime.ready
+5046 0 0
cfl=
cfn=(272) runtime.runqput
calls=10 +43869 0
* * 10
+91 0 0
cfl=
cfn=(273) runtime.wakep
calls=560 +10926 0
* * 560

ob=
fl=
fn=(246)
+657 0 0
cfl=
cfn=(51)
calls=10 -129301 0
* * 10

ob=
fl=
fn=(29)
+1443 0 0
cfl=
cfn=(222)
calls=20 -21052 0
* * 20

ob=
fl=
fn=(274) runtime.scang
+944 0 0
cfl=
cfn=(25)
calls=130 -78660 0
* * 130
cfl=
cfn=(25)
calls=20 -78926 0
* * 20
cfl=
cfn=(25)
calls=10 -78621 0
* * 10

ob=
fl=
fn=(275) runtime.startTheWorldWithSema
+2007 0 0
cfl=
cfn=(118)
calls=30 +159680 0
* * 30

ob=
fl=
fn=(276) runtime.mstart
+100 0 0
cfl=
cfn=(277) runtime.mstart1
calls=2240 +398 0
* * 2240

ob=
fl=
fn=(277)
+298 0 0
cfl=
cfn=(30)
calls=1590 +28015 0
* * 1590
cfl=
cfn=(30)
calls=580 +28177 0
* * 580
cfl=
cfn=(30)
calls=30 +28358 0
* * 30
cfl=
cfn=(30)
calls=20 +28022 0
* * 20
cfl=
cfn=(30)
calls=10 +27957 0
* * 10
cfl=
cfn=(30)
calls=10 +28193 0
* * 10

ob=
fl=
fn=(278) runtime.runSafePointFn
+1325 0 0
cfl=
cfn=(51)
calls=10 -134750 0
* * 10

ob=
fl=
fn=(279) runtime.stopm
+2519 0 0
cfl=
cfn=(280) runtime.mput
calls=10 +31225 0
* * 10
+43 0 0
cfl=
cfn=(52)
calls=1430 -138368 0
* * 1430
cfl=
cfn=(52)
calls=10 -138362 0
* * 10
+48 0 0
cfl=
cfn=(247)
calls=30 -93757 0
* * 30
cfl=
cfn=(247)
calls=10 -93784 0
* * 10

ob=
fl=
fn=(281) runtime.startm
+448 0 0
cfl=
cfn=(51)
calls=1470 -138685 0
* * 1470
cfl=
cfn=(51)
calls=10 -138728 0
* * 10
+24 0 0
cfl=
cfn=(97)
calls=10 +28764 0
* * 10

ob=
fl=
fn=(273)
+979 0 0
cfl=
cfn=(281)
calls=1320 -24 0
* * 1320
cfl=
cfn=(281)
calls=10 * 0
* * 10

ob=
fl=
fn=(282) runtime.gcstopm
+847 0 0
cfl=
cfn=(279)
calls=50 -1499 0
* * 50

ob=
fl=
fn=(89)
+616 0 0
cfl=
cfn=(282)
calls=10 * 0
* * 10
+645 0 0
cfl=
cfn=(279)
calls=1390 -2962 0
* * 1390
cfl=
cfn=(279)
calls=40 -2914 0
* * 40
cfl=
cfn=(279)
calls=10 -3005 0
* * 10
+59 0 0
cfl=
cfn=(28)
calls=1170 -36976 0
* * 1170
cfl=
cfn=(28)
calls=10 -37032 0
* * 10
cfl=
cfn=(28)
calls=10 -36975 0
* * 10
cfl=
cfn=(28)
calls=10 -36971 0
* * 10
+62 0 0
cfl=
cfn=(96)
calls=10 +25561 0
* * 10
+84 0 0
cfl=
cfn=(283) runtime.injectglist
calls=90 +2425 0
* * 90
+181 0 0
cfl=
cfn=(97)
calls=10 +25435 0
* * 10
cfl=
cfn=(97)
calls=10 +25454 0
* * 10
+741 0 0
cfl=
cfn=(284) runtime.runqsteal
calls=800 +26769 0
* * 800
+242 0 0
cfl=
cfn=(28)
calls=1220 -38103 0
* * 1220
cfl=
cfn=(28)
calls=10 -38159 0
* * 10
cfl=
cfn=(28)
calls=10 -37737 0
* * 10
+36 0 0
cfl=
cfn=(283)
calls=70 +1177 0
* * 70
cfl=
cfn=(283)
calls=10 +1001 0
* * 10
+118 0 0
cfl=
cfn=(22)
calls=10 -144404 0
* * 10
+25 0 0
cfl=
cfn=(95)
calls=10 +23652 0
* * 10

ob=
fl=
fn=(254)
+342 0 0
cfl=
cfn=(28)
calls=110 -38524 0
* * 110

ob=
fl=
fn=(285) runtime.resetspinning
+203 0 0
cfl=
cfn=(273)
calls=250 -3998 0
* * 250

ob=
fl=
fn=(283)
+277 0 0
cfl=
cfn=(29)
calls=10 -12936 0
* * 10
+176 0 0
cfl=
cfn=(281)
calls=160 -5481 0
* * 160

ob=
fl=
fn=(286) runtime.schedule
+362 0 0
cfl=
cfn=(282)
calls=40 -3807 0
* * 40
+23 0 0
cfl=
cfn=(88)
calls=10 -4044 0
* * 10
+15 0 0
cfl=
cfn=(285)
calls=250 -838 0
* * 250
+22 0 0
cfl=
cfn=(89)
calls=1440 -2946 0
* * 1440
cfl=
cfn=(89)
calls=1240 -1577 0
* * 1240
cfl=
cfn=(89)
calls=1200 -2887 0
* * 1200
cfl=
cfn=(89)
calls=800 -1819 0
* * 800
cfl=
cfn=(89)
calls=90 -2741 0
* * 90
cfl=
cfn=(89)
calls=80 -1541 0
* * 80
cfl=
cfn=(89)
calls=20 -2560 0
* * 20
cfl=
cfn=(89)
calls=10 -3591 0
* * 10
cfl=
cfn=(89)
calls=10 -2825 0
* * 10
cfl=
cfn=(89)
calls=10 -1818 0
* * 10
cfl=
cfn=(89)
calls=10 -1423 0
* * 10
cfl=
cfn=(89)
calls=10 -1398 0
* * 10
+39 0 0
cfl=
cfn=(98)
calls=10 +23534 0
* * 10
+373 0 0
cfl=
cfn=(278)
calls=10 -9176 0
* * 10

ob=
fl=
fn=(287) runtime.park_m
+355 0 0
cfl=
cfn=(286)
calls=3550 -412 0
* * 3550
cfl=
cfn=(286)
calls=160 -434 0
* * 160
cfl=
cfn=(286)
calls=10 -449 0
* * 10
cfl=
cfn=(286)
calls=10 -373 0
* * 10

ob=
fl=
fn=(288) runtime.goschedImpl
+451 0 0
cfl=
cfn=(29)
calls=10 -14451 0
* * 10
cfl=
cfn=(29)
calls=10 -14197 0
* * 10
+163 0 0
cfl=
cfn=(50)
calls=10 -146564 0
* * 10
+5 0 0
cfl=
cfn=(286)
calls=50 -1381 0
* * 50
cfl=
cfn=(286)
calls=40 -1441 0
* * 40
cfl=
cfn=(286)
calls=10 -1403 0
* * 10
cfl=
cfn=(286)
calls=10 -969 0
* * 10

ob=
fl=
fn=(289) runtime.gosched_m
+144 0 0
cfl=
cfn=(288)
calls=50 * 0
* * 50
cfl=
cfn=(288)
calls=20 -168 0
* * 20
cfl=
cfn=(288)
calls=10 -5 0
* * 10

ob=
fl=
fn=(290) runtime.gopreempt_m
+80 0 0
cfl=
cfn=(288)
calls=60 -144 0
* * 60

ob=
fl=
fn=(291) runtime.goexit0
+674 0 0
cfl=
cfn=(286)
calls=1310 -1610 0
* * 1310
cfl=
cfn=(286)
calls=80 -1632 0
* * 80

ob=
fl=
fn=(90)
+671 0 0
cfl=
cfn=(29)
calls=10 -15714 0
* * 10
+361 0 0
cfl=
cfn=(118)
calls=470 +143858 0
* * 470

ob=
fl=
fn=(91)
+148 0 0
cfl=
cfn=(90)
calls=470 * 0
* * 470
cfl=
cfn=(90)
calls=10 -361 0
* * 10
cfl=
cfn=(90)
calls=10 -158 0
* * 10

ob=
fl=
fn=(292) runtime.entersyscall_sysmon
+120 0 0
cfl=
cfn=(51)
calls=470 -148676 0
* * 470

ob=
fl=
fn=(293) runtime.exitsyscall0
+2448 0 0
cfl=
cfn=(286)
calls=10 -3584 0
* * 10

ob=
fl=
fn=(294) runtime.newproc
+575 0 0
cfl=
cfn=(118)
calls=530 +140781 0
* * 530

ob=
fl=
fn=(93)
+811 0 0
cfl=
cfn=(273)
calls=520 -11683 0
* * 520

ob=
fl=
fn=(295) runtime._System
+2731 0 0
cfl=
cfn=(116)
calls=10 +139023 0
* * 10
cfl=
cfn=(117)
calls=10 +139225 0
* * 10
cfl=
cfn=(118)
calls=10 +139280 0
* * 10
cfl=
cfn=(118)
calls=10 +139429 0
* * 10
cfl=
cfn=(118)
calls=10 +139446 0
* * 10

ob=
fl=
fn=(30)
+7106 0 0
cfl=
cfn=(3)
calls=1590 +152550 0
* * 1590
+162 0 0
cfl=
cfn=(224)
calls=580 -161550 0
* * 580
+16 0 0
cfl=
cfn=(22)
calls=10 -163014 0
* * 10
+165 0 0
cfl=
cfn=(31)
calls=20 +938 0
* * 20
cfl=
cfn=(31)
calls=10 +1203 0
* * 10

ob=
fl=
fn=(280)
+4490 0 0
cfl=
cfn=(94)
calls=10 -529 0
* * 10

ob=
fl=
fn=(272)
+733 0 0
cfl=
cfn=(101)
calls=10 +10513 0
* * 10

ob=
fl=
fn=(99)
+1144 0 0
cfl=
cfn=(3)
calls=790 +139878 0
* * 790

ob=
fl=
fn=(284)
+222 0 0
cfl=
cfn=(99)
calls=790 * 0
* * 790
cfl=
cfn=(99)
calls=10 -21 0
* * 10

ob=
fl=
fn=(296) sync.runtime_doSpin
+499 0 0
cfl=
cfn=(119)
calls=10 +128640 0
* * 10

ob=
fl=
fn=(100)
+7273 0 0
cfl=
cfn=(113)
calls=30 +100745 0
* * 30
cfl=
cfn=(113)
calls=10 +100733 0
* * 10

ob=
fl=
fn=(102)
+27240 0 0
cfl=
cfn=(11)
calls=170 -170444 0
* * 170
cfl=
cfn=(11)
calls=60 -170012 0
* * 60
cfl=
cfn=(11)
calls=30 -171276 0
* * 30
cfl=
cfn=(11)
calls=20 -171055 0
* * 20
cfl=
cfn=(11)
calls=20 -170505 0
* * 20
cfl=
cfn=(11)
calls=10 -172470 0
* * 10
cfl=
cfn=(11)
calls=10 -171719 0
* * 10
cfl=
cfn=(11)
calls=10 -171669 0
* * 10
cfl=
cfn=(11)
calls=10 -171635 0
* * 10
cfl=
cfn=(11)
calls=10 -171566 0
* * 10
cfl=
cfn=(11)
calls=10 -171561 0
* * 10
cfl=
cfn=(11)
calls=10 -171529 0
* * 10
cfl=
cfn=(11)
calls=10 -171362 0
* * 10
cfl=
cfn=(11)
calls=10 -170654 0
* * 10
cfl=
cfn=(11)
calls=10 -170534 0
* * 10

ob=
fl=
fn=(297) runtime.newstack
+10603 0 0
cfl=
cfn=(34)
calls=20 +99980 0
* * 20
+522 0 0
cfl=
cfn=(290)
calls=60 -68192 0
* * 60

ob=
fl=
fn=(104)
+4167 0 0
cfl=
cfn=(12)
calls=10 +91259 0
* * 10

ob=
fl=
fn=(105)
+400 0 0
cfl=
cfn=(104)
calls=10 -280 0
* * 10
cfl=
cfn=(104)
calls=10 * 0
* * 10

ob=
fl=
fn=(298) runtime.slicebytetostring
+471 0 0
cfl=
cfn=(106)
calls=160 +737 0
* * 160
cfl=
cfn=(106)
calls=10 +733 0
* * 10
+64 0 0
cfl=
cfn=(12)
calls=10 +84536 0
* * 10
cfl=
cfn=(12)
calls=10 +85115 0
* * 10
cfl=
cfn=(12)
calls=10 +85187 0
* * 10
cfl=
cfn=(12)
calls=10 +86124 0
* * 10

ob=
fl=
fn=(106)
+202 0 0
cfl=
cfn=(32)
calls=140 +1783 0
* * 140
cfl=
cfn=(32)
calls=20 +1670 0
* * 20

ob=
fl=
fn=(32)
+1581 0 0
cfl=
cfn=(11)
calls=40 -214113 0
* * 40
cfl=
cfn=(11)
calls=10 -215946 0
* * 10
cfl=
cfn=(11)
calls=10 -215928 0
* * 10
cfl=
cfn=(11)
calls=10 -215601 0
* * 10
cfl=
cfn=(11)
calls=10 -215388 0
* * 10
cfl=
cfn=(11)
calls=10 -214945 0
* * 10
cfl=
cfn=(11)
calls=10 -214792 0
* * 10
cfl=
cfn=(11)
calls=10 -214414 0
* * 10
cfl=
cfn=(11)
calls=10 -214380 0
* * 10
cfl=
cfn=(11)
calls=10 -214319 0
* * 10
cfl=
cfn=(11)
calls=10 -214248 0
* * 10

ob=
fl=
fn=(109)
+9223 0 0
cfl=
cfn=(107)
calls=10 +8593 0
* * 10
cfl=
cfn=(107)
calls=10 +8650 0
* * 10
+167 0 0
cfl=
cfn=(299) runtime.step
calls=20 +3031 0
* * 20
cfl=
cfn=(299)
calls=10 +3103 0
* * 10

ob=
fl=
fn=(300) runtime.funcspdelta
+2044 0 0
cfl=
cfn=(109)
calls=20 -167 0
* * 20
cfl=
cfn=(109)
calls=10 -237 0
* * 10
cfl=
cfn=(109)
calls=10 -175 0
* * 10
cfl=
cfn=(109)
calls=10 * 0
* * 10
cfl=
cfn=(109)
calls=10 +16 0
* * 10
cfl=
cfn=(109)
calls=10 +73 0
* * 10

ob=
fl=
fn=(253)
+474 0 0
cfl=
cfn=(109)
calls=20 -2044 0
* * 20
cfl=
cfn=(109)
calls=10 -2256 0
* * 10

ob=
fl=
fn=(299)
+346 0 0
cfl=
cfn=(33)
calls=10 +620 0
* * 10
cfl=
cfn=(33)
calls=10 +652 0
* * 10
+72 0 0
cfl=
cfn=(33)
calls=10 +306 0
* * 10

ob=
fl=
fn=(252)
+20057 0 0
cfl=
cfn=(111)
calls=10 +27119 0
* * 10

ob=
fl=
fn=(110)
+4413 0 0
cfl=
cfn=(301) runtime.scanstack.func1
calls=60 +28538 0
* * 60
+527 0 0
cfl=
cfn=(108)
calls=10 -27984 0
* * 10
+930 0 0
cfl=
cfn=(300)
calls=70 -25889 0
* * 70

ob=
fl=
fn=(265)
+3993 0 0
cfl=
cfn=(118)
calls=40 +31351 0
* * 40

ob=
fl=
fn=(113)
+5976 0 0
cfl=
cfn=(112)
calls=10 +5104 0
* * 10
cfl=
cfn=(112)
calls=10 +5210 0
* * 10
cfl=
cfn=(112)
calls=10 +5215 0
* * 10

ob=
fl=
fn=(302) runtime.(*mcache).nextFree.func1
+9007 0 0
cfl=
cfn=(237)
calls=180 -248115 0
* * 180

ob=
fl=
fn=(303) runtime.writebarrierptr_prewrite1.func1
+370 0 0
cfl=
cfn=(234)
calls=10 -269978 0
* * 10

ob=
fl=
fn=(304) runtime.gcMarkTermination.func1
+1993 0 0
cfl=
cfn=(245)
calls=10 -236962 0
* * 10
cfl=
cfn=(245)
calls=10 -236923 0
* * 10

ob=
fl=
fn=(305) runtime.gcBgMarkWorker.func2
+633 0 0
cfl=
cfn=(69)
calls=230 -225454 0
* * 230
cfl=
cfn=(69)
calls=80 -225314 0
* * 80
cfl=
cfn=(69)
calls=50 -224961 0
* * 50
cfl=
cfn=(69)
calls=40 -225647 0
* * 40
cfl=
cfn=(69)
calls=30 -224911 0
* * 30
cfl=
cfn=(69)
calls=10 -225090 0
* * 10
+116 0 0
cfl=
cfn=(69)
calls=360 -226087 0
* * 360
cfl=
cfn=(69)
calls=20 -225594 0
* * 20
cfl=
cfn=(69)
calls=10 -226304 0
* * 10
cfl=
cfn=(69)
calls=10 -226297 0
* * 10
cfl=
cfn=(69)
calls=10 -226192 0
* * 10
cfl=
cfn=(69)
calls=10 -226109 0
* * 10
cfl=
cfn=(69)
calls=10 -225835 0
* * 10
cfl=
cfn=(69)
calls=10 -225723 0
* * 10

ob=
fl=
fn=(306) runtime.markroot.func1
+163 0 0
cfl=
cfn=(274)
calls=160 -150417 0
* * 160

ob=
fl=
fn=(307) runtime.gcAssistAlloc.func1
+278 0 0
cfl=
cfn=(251)
calls=140 -232566 0
* * 140
cfl=
cfn=(251)
calls=10 -232512 0
* * 10

ob=
fl=
fn=(301)
+139 0 0
cfl=
cfn=(68)
calls=30 -229220 0
* * 30
cfl=
cfn=(68)
calls=20 -229095 0
* * 20
cfl=
cfn=(68)
calls=10 -228411 0
* * 10

ob=
fl=
fn=(308) runtime.gosweepone.func1
+237 0 0
cfl=
cfn=(73)
calls=60 -219473 0
* * 60
cfl=
cfn=(73)
calls=10 -219778 0
* * 10
cfl=
cfn=(73)
calls=10 -219507 0
* * 10

ob=
fl=
fn=(114)
+112 0 0
cfl=
cfn=(77)
calls=30 -207881 0
* * 30
cfl=
cfn=(77)
calls=10 -208106 0
* * 10
cfl=
cfn=(77)
calls=10 -208083 0
* * 10

ob=
fl=
fn=(115)
+1688 0 0
cfl=
cfn=(270)
calls=1410 -175248 0
* * 1410
cfl=
cfn=(270)
calls=600 -175098 0
* * 600

ob=
fl=
fn=(309) runtime.goready.func1
+2021 0 0
cfl=
cfn=(271)
calls=560 -156078 0
* * 560
cfl=
cfn=(271)
calls=10 -156169 0
* * 10

ob=
fl=
fn=(310) runtime.newproc.func1
+1913 0 0
cfl=
cfn=(93)
calls=520 -134770 0
* * 520
cfl=
cfn=(93)
calls=10 -135063 0
* * 10

ob=
fl=
fn=(311) runtime.callers.func1
+751 0 0
cfl=
cfn=(110)
calls=20 -28639 0
* * 20
cfl=
cfn=(110)
calls=10 -33581 0
* * 10
cfl=
cfn=(110)
calls=10 -29569 0
* * 10

ob=
fl=
fn=(117)
+1803 0 0
cfl=
cfn=(287)
calls=3730 -144085 0
* * 3730
cfl=
cfn=(291)
calls=1390 -142568 0
* * 1390
cfl=
cfn=(289)
calls=80 -143322 0
* * 80
cfl=
cfn=(293)
calls=10 -138820 0
* * 10

ob=
fl=
fn=(118)
+158 0 0
cfl=
cfn=(309)
calls=570 -4467 0
* * 570
cfl=
cfn=(310)
calls=530 -2554 0
* * 530
cfl=
cfn=(292)
calls=470 -143071 0
* * 470
cfl=
cfn=(305)
calls=440 -9221 0
* * 440
cfl=
cfn=(305)
calls=440 -9105 0
* * 440
cfl=
cfn=(302)
calls=180 -12217 0
* * 180
cfl=
cfn=(307)
calls=150 -8664 0
* * 150
cfl=
cfn=(308)
calls=80 -8288 0
* * 80
cfl=
cfn=(311)
calls=40 -1803 0
* * 40
cfl=
cfn=(304)
calls=20 -9854 0
* * 20
cfl=
cfn=(303)
calls=10 -11847 0
* * 10
+50 0 0
cfl=
cfn=(115)
calls=2010 -6646 0
* * 2010
cfl=
cfn=(306)
calls=160 -9100 0
* * 160
cfl=
cfn=(114)
calls=50 -8334 0
* * 50
cfl=
cfn=(114)
calls=10 -8408 0
* * 10
cfl=
cfn=(115)
calls=10 -6645 0
* * 10
cfl=
cfn=(115)
calls=10 -6641 0
* * 10

ob=
fl=
fn=(312) runtime.morestack
+139 0 0
cfl=
cfn=(297)
calls=60 -76539 0
* * 60
cfl=
cfn=(297)
calls=20 -77061 0
* * 20

ob=
fl=
fn=(313) runtime.goexit
+10875 0 0
cfl=
cfn=(314) github.com/nd-r/tech-db-forum/vendor/github.com/valyala/fasthttp.(*workerPool).getCh.func1
calls=13810 +3224959 0
* * 13810
cfl=
cfn=(244)
calls=1010 -251546 0
* * 1010
cfl=
cfn=(315) database/sql.(*Rows).awaitDone
calls=130 +587782 0
* * 130
cfl=
cfn=(244)
calls=120 -251283 0
* * 120
cfl=
cfn=(256)
calls=80 -228955 0
* * 80
cfl=
cfn=(315)
calls=20 +587816 0
* * 20
cfl=
cfn=(316) database/sql.(*Tx).awaitDone
calls=10 +570465 0
* * 10

ob=
fl=
fn=(124)
+24101 0 0
cfl=
cfn=(296)
calls=10 -133191 0
* * 10

ob=
fl=
fn=(317) sync.(*Pool).Put
+615 0 0
cfl=
cfn=(35)
calls=10 +1988 0
* * 10
+259 0 0
cfl=
cfn=(103)
calls=10 -121888 0
* * 10

ob=
fl=
fn=(318) sync.(*Pool).Get
+239 0 0
cfl=
cfn=(35)
calls=20 +1066 0
* * 20
cfl=
cfn=(35)
calls=20 +1114 0
* * 20
+272 0 0
cfl=
cfn=(126)
calls=10 +512 0
* * 10
cfl=
cfn=(126)
calls=10 +555 0
* * 10
cfl=
cfn=(126)
calls=10 +603 0
* * 10
cfl=
cfn=(126)
calls=10 +669 0
* * 10

ob=
fl=
fn=(126)
+283 0 0
cfl=
cfn=(124)
calls=10 -1629 0
* * 10
+48 0 0
cfl=
cfn=(125)
calls=10 -1507 0
* * 10

ob=
fl=
fn=(35)
+272 0 0
cfl=
cfn=(319) sync.(*Pool).pinSlow
calls=10 +376 0
* * 10
cfl=
cfn=(319)
calls=10 +412 0
* * 10
cfl=
cfn=(319)
calls=10 +524 0
* * 10

ob=
fl=
fn=(319)
+104 0 0
cfl=
cfn=(124)
calls=10 -2281 0
* * 10
+36 0 0
cfl=
cfn=(83)
calls=10 -218465 0
* * 10
+112 0 0
cfl=
cfn=(43)
calls=10 -359099 0
* * 10

ob=
fl=
fn=(320) io.ReadAtLeast
+4115 0 0
cfl=
cfn=(171)
calls=4390 +605932 0
* * 4390
cfl=
cfn=(171)
calls=40 +606236 0
* * 40
cfl=
cfn=(171)
calls=10 +606132 0
* * 10
cfl=
cfn=(171)
calls=10 +606249 0
* * 10

ob=
fl=
fn=(131)
+367 0 0
cfl=
cfn=(320)
calls=4450 * 0
* * 4450

ob=
fl=
fn=(321) math.Pow
+60332 0 0
cfl=
cfn=(134)
calls=10 +59869 0
* * 10

ob=
fl=
fn=(136)
+12111 0 0
cfl=
cfn=(135)
calls=10 +10932 0
* * 10
cfl=
cfn=(135)
calls=10 +11036 0
* * 10

ob=
fl=
fn=(137)
+1592 0 0
cfl=
cfn=(136)
calls=10 * 0
* * 10
cfl=
cfn=(136)
calls=10 +1224 0
* * 10

ob=
fl=
fn=(322) strconv.FormatInt
+18724 0 0
cfl=
cfn=(138)
calls=20 +19863 0
* * 20
cfl=
cfn=(138)
calls=10 +19395 0
* * 10

ob=
fl=
fn=(323) strconv.AppendInt
+253 0 0
cfl=
cfn=(138)
calls=10 +583 0
* * 10
cfl=
cfn=(138)
calls=10 +784 0
* * 10

ob=
fl=
fn=(138)
+886 0 0
cfl=
cfn=(298)
calls=10 -206350 0
* * 10
cfl=
cfn=(298)
calls=10 -206286 0
* * 10

ob=
fl=
fn=(324) syscall.Read
+31015 0 0
cfl=
cfn=(139)
calls=4290 +42563 0
* * 4290
cfl=
cfn=(139)
calls=10 +42569 0
* * 10

ob=
fl=
fn=(325) syscall.Write
+128 0 0
cfl=
cfn=(326) syscall.write
calls=3380 +13724 0
* * 3380

ob=
fl=
fn=(139)
+11420 0 0
cfl=
cfn=(1)
calls=3790 +15346 0
* * 3790
cfl=
cfn=(1)
calls=500 +15308 0
* * 500

ob=
fl=
fn=(326)
+2176 0 0
cfl=
cfn=(1)
calls=3370 +3926 0
* * 3370
cfl=
cfn=(1)
calls=10 +3980 0
* * 10

ob=
fl=
fn=(1)
+1712 0 0
cfl=
cfn=(91)
calls=490 -323873 0
* * 490
cfl=
cfn=(91)
calls=10 -323924 0
* * 10
+92 0 0
cfl=
cfn=(92)
calls=10 -324207 0
* * 10

ob=
fl=
fn=(140)
+2096 0 0
cfl=
cfn=(122)
calls=10 -173459 0
* * 10

ob=
fl=
fn=(143)
+6199 0 0
cfl=
cfn=(144)
calls=30 +6645 0
* * 30
cfl=
cfn=(144)
calls=10 +6826 0
* * 10
cfl=
cfn=(144)
calls=10 +6987 0
* * 10
cfl=
cfn=(144)
calls=10 +10225 0
* * 10
cfl=
cfn=(144)
calls=10 +12209 0
* * 10
cfl=
cfn=(144)
calls=10 +12855 0
* * 10

ob=
fl=
fn=(144)
+446 0 0
cfl=
cfn=(140)
calls=10 -6872 0
* * 10
cfl=
cfn=(140)
calls=10 -6199 0
* * 10
cfl=
cfn=(140)
calls=10 -5829 0
* * 10
+3580 0 0
cfl=
cfn=(142)
calls=10 -1202 0
* * 10
+2630 0 0
cfl=
cfn=(141)
calls=10 -5550 0
* * 10

ob=
fl=
fn=(327) time.Time.Zone
+29114 0 0
cfl=
cfn=(18)
calls=20 +36742 0
* * 20

ob=
fl=
fn=(145)
+5486 0 0
cfl=
cfn=(18)
calls=10 +7628 0
* * 10
cfl=
cfn=(18)
calls=10 +7632 0
* * 10

ob=
fl=
fn=(146)
+69315 0 0
cfl=
cfn=(100)
calls=40 -346733 0
* * 40
cfl=
cfn=(100)
calls=10 -346741 0
* * 10
cfl=
cfn=(100)
calls=10 -346727 0
* * 10

ob=
fl=
fn=(328) reflect.(*rtype).Name
+5733 0 0
cfl=
cfn=(147)
calls=10 +397 0
* * 10

ob=
fl=
fn=(36)
+12623 0 0
cfl=
cfn=(45)
calls=10 -609464 0
* * 10
+87 0 0
cfl=
cfn=(146)
calls=60 -18356 0
* * 60
cfl=
cfn=(146)
calls=10 -18382 0
* * 10

ob=
fl=
fn=(329) reflect.(*rtype).Implements
+240 0 0
cfl=
cfn=(151)
calls=10 +1941 0
* * 10

ob=
fl=
fn=(150)
+299 0 0
cfl=
cfn=(330) reflect.directlyAssignable
calls=10 +2373 0
* * 10
+52 0 0
cfl=
cfn=(151)
calls=10 +503 0
* * 10

ob=
fl=
fn=(330)
+2022 0 0
cfl=
cfn=(328)
calls=10 -13301 0
* * 10

ob=
fl=
fn=(37)
+18281 0 0
cfl=
cfn=(36)
calls=20 -2613 0
* * 20
cfl=
cfn=(36)
calls=10 -2700 0
* * 10

ob=
fl=
fn=(331) reflect.Value.Interface
+13352 0 0
cfl=
cfn=(332) reflect.valueInterface
calls=30 +13640 0
* * 30

ob=
fl=
fn=(332)
+288 0 0
cfl=
cfn=(152)
calls=10 -15362 0
* * 10
cfl=
cfn=(152)
calls=10 -15335 0
* * 10
cfl=
cfn=(152)
calls=10 -15116 0
* * 10

ob=
fl=
fn=(39)
+7195 0 0
cfl=
cfn=(153)
calls=10 -14250 0
* * 10

ob=
fl=
fn=(333) reflect.Value.Slice
+3629 0 0
cfl=
cfn=(13)
calls=10 -645751 0
* * 10

ob=
fl=
fn=(334) reflect.typesMustMatch
+3584 0 0
cfl=
cfn=(20)
calls=10 -709564 0
* * 10

ob=
fl=
fn=(335) reflect.grow
+414 0 0
cfl=
cfn=(156)
calls=10 -13334 0
* * 10
cfl=
cfn=(156)
calls=10 -13279 0
* * 10
+230 0 0
cfl=
cfn=(336) reflect.MakeSlice
calls=60 +2261 0
* * 60
+88 0 0
cfl=
cfn=(337) reflect.Copy
calls=10 +1142 0
* * 10
+184 0 0
cfl=
cfn=(333)
calls=10 -4316 0
* * 10

ob=
fl=
fn=(338) reflect.Append
+285 0 0
cfl=
cfn=(335)
calls=60 -272 0
* * 60
cfl=
cfn=(335)
calls=20 -502 0
* * 20
cfl=
cfn=(335)
calls=10 -184 0
* * 10
cfl=
cfn=(335)
calls=10 * 0
* * 10
+190 0 0
cfl=
cfn=(39)
calls=10 -8222 0
* * 10

ob=
fl=
fn=(337)
+395 0 0
cfl=
cfn=(334)
calls=10 -1391 0
* * 10

ob=
fl=
fn=(336)
+889 0 0
cfl=
cfn=(232)
calls=60 -654337 0
* * 60

ob=
fl=
fn=(339) reflect.Indirect
+916 0 0
cfl=
cfn=(154)
calls=10 -21216 0
* * 10

ob=
fl=
fn=(159)
+752 0 0
cfl=
cfn=(230)
calls=100 -656472 0
* * 100
+47 0 0
cfl=
cfn=(36)
calls=50 -53285 0
* * 50
cfl=
cfn=(36)
calls=20 -54584 0
* * 20
cfl=
cfn=(36)
calls=10 -54642 0
* * 10

ob=
fl=
fn=(340) context.WithCancel
+117044 0 0
cfl=
cfn=(13)
calls=10 -657354 0
* * 10

ob=
fl=
fn=(341) context.(*cancelCtx).Err
+1270 0 0
cfl=
cfn=(124)
calls=10 -454848 0
* * 10
+74 0 0
cfl=
cfn=(16)
calls=120 -669983 0
* * 120

ob=
fl=
fn=(160)
+386 0 0
cfl=
cfn=(42)
calls=570 -822327 0
* * 570
cfl=
cfn=(42)
calls=10 -822812 0
* * 10
+74 0 0
cfl=
cfn=(44)
calls=10 -802942 0
* * 10

ob=
fl=
fn=(342) context.WithCancel.func1
+3653 0 0
cfl=
cfn=(160)
calls=580 -74 0
* * 580
cfl=
cfn=(160)
calls=10 -56 0
* * 10
cfl=
cfn=(160)
calls=10 * 0
* * 10

ob=
fl=
fn=(343) database/sql/driver.defaultConverter.ConvertValue
+9545 0 0
cfl=
cfn=(158)
calls=10 -123210 0
* * 10

ob=
fl=
fn=(344) database/sql.driverArgs
+17380 0 0
cfl=
cfn=(102)
calls=10 -592710 0
* * 10
+301 0 0
cfl=
cfn=(343)
calls=10 -17380 0
* * 10

ob=
fl=
fn=(162)
+4088 0 0
cfl=
cfn=(49)
calls=10 -816302 0
* * 10
cfl=
cfn=(49)
calls=10 -816238 0
* * 10
+53 0 0
cfl=
cfn=(158)
calls=10 -154552 0
* * 10
+299 0 0
cfl=
cfn=(339)
calls=10 -154667 0
* * 10
+1076 0 0
cfl=
cfn=(345) database/sql.asString
calls=30 +8613 0
* * 30
+135 0 0
cfl=
cfn=(136)
calls=10 -414044 0
* * 10
cfl=
cfn=(136)
calls=10 -413882 0
* * 10
+606 0 0
cfl=
cfn=(157)
calls=10 -161088 0
* * 10
+44 0 0
cfl=
cfn=(159)
calls=30 -156031 0
* * 30
cfl=
cfn=(159)
calls=20 -155984 0
* * 20
cfl=
cfn=(159)
calls=10 -156020 0
* * 10
+70 0 0
cfl=
cfn=(39)
calls=10 -167503 0
* * 10
+40 0 0
cfl=
cfn=(331)
calls=20 -175184 0
* * 20
+50 0 0
cfl=
cfn=(162)
calls=90 +4770 0
* * 90
cfl=
cfn=(162)
calls=30 -895 0
* * 30
cfl=
cfn=(162)
calls=20 -2323 0
* * 20
cfl=
cfn=(162)
calls=20 -760 0
* * 20
cfl=
cfn=(162)
calls=20 +1511 0
* * 20
cfl=
cfn=(162)
calls=10 -273 0
* * 10
cfl=
cfn=(162)
calls=10 +2082 0
* * 10
cfl=
cfn=(162)
calls=10 +2111 0
* * 10
cfl=
cfn=(162)
calls=10 +3011 0
* * 10
+1461 0 0
cfl=
cfn=(150)
calls=10 -209016 0
* * 10
cfl=
cfn=(150)
calls=10 -208990 0
* * 10
cfl=
cfn=(150)
calls=10 -208981 0
* * 10
cfl=
cfn=(150)
calls=10 -208929 0
* * 10
+600 0 0
cfl=
cfn=(158)
calls=10 -158348 0
* * 10
cfl=
cfn=(158)
calls=10 -158295 0
* * 10
cfl=
cfn=(158)
calls=10 -158234 0
* * 10
+900 0 0
cfl=
cfn=(161)
calls=10 -31642 0
* * 10
+1759 0 0
cfl=
cfn=(143)
calls=80 -341495 0
* * 80
cfl=
cfn=(143)
calls=10 -341545 0
* * 10

ob=
fl=
fn=(345)
+1872 0 0
cfl=
cfn=(322)
calls=30 -399231 0
* * 30

ob=
fl=
fn=(346) database/sql.ctxDriverQuery
+3968 0 0
cfl=
cfn=(221)
calls=10 -829953 0
* * 10
+575 0 0
cfl=
cfn=(347) github.com/nd-r/tech-db-forum/vendor/github.com/lib/pq.(*conn).QueryContext
calls=3750 +1248905 0
* * 3750

ob=
fl=
fn=(348) database/sql.ctxDriverBegin
+1473 0 0
cfl=
cfn=(221)
calls=10 -834496 0
* * 10
+88 0 0
cfl=
cfn=(349) github.com/nd-r/tech-db-forum/vendor/github.com/lib/pq.(*conn).BeginTx
calls=1340 +1247952 0
* * 1340
cfl=
cfn=(349)
calls=10 +1248231 0
* * 10

ob=
fl=
fn=(164)
+16182 0 0
cfl=
cfn=(163)
calls=10 +2363 0
* * 10

ob=
fl=
fn=(165)
+8267 0 0
cfl=
cfn=(221)
calls=10 -852239 0
* * 10
+1219 0 0
cfl=
cfn=(344)
calls=10 -43907 0
* * 10
cfl=
cfn=(344)
calls=10 -43606 0
* * 10
+104 0 0
cfl=
cfn=(123)
calls=10 -556056 0
* * 10
+207 0 0
cfl=
cfn=(350) database/sql.withLock
calls=3770 +27683 0
* * 3770
+73 0 0
cfl=
cfn=(13)
calls=10 -852217 0
* * 10
+140 0 0
cfl=
cfn=(351) database/sql.(*Rows).initContextClose
calls=270 +19896 0
* * 270

ob=
fl=
fn=(352) database/sql.(*DB).BeginTx
+1002 0 0
cfl=
cfn=(353) database/sql.(*DB).begin
calls=1370 +1881 0
* * 1370
cfl=
cfn=(353)
calls=260 +2174 0
* * 260
cfl=
cfn=(353)
calls=30 +1684 0
* * 30
cfl=
cfn=(353)
calls=30 +1980 0
* * 30
cfl=
cfn=(353)
calls=10 +1928 0
* * 10

ob=
fl=
fn=(354) database/sql.(*DB).Begin
+492 0 0
cfl=
cfn=(352)
calls=1700 * 0
* * 1700

ob=
fl=
fn=(353)
+190 0 0
cfl=
cfn=(164)
calls=10 -14128 0
* * 10
cfl=
cfn=(164)
calls=10 -11559 0
* * 10
cfl=
cfn=(164)
calls=10 -11504 0
* * 10
+197 0 0
cfl=
cfn=(350)
calls=1370 +25579 0
* * 1370
+47 0 0
cfl=
cfn=(340)
calls=10 -79913 0
* * 10
+52 0 0
cfl=
cfn=(13)
calls=20 -854358 0
* * 20
cfl=
cfn=(13)
calls=10 -854376 0
* * 10
+194 0 0
cfl=
cfn=(294)
calls=260 -710231 0
* * 260

ob=
fl=
fn=(316)
+435 0 0
cfl=
cfn=(217)
calls=10 -900943 0
* * 10

ob=
fl=
fn=(355) database/sql.(*Tx).close
+240 0 0
cfl=
cfn=(342)
calls=200 -75184 0
* * 200

ob=
fl=
fn=(356) database/sql.(*Tx).Commit
+918 0 0
cfl=
cfn=(350)
calls=1470 +24414 0
* * 1470
+70 0 0
cfl=
cfn=(355)
calls=200 -918 0
* * 200

ob=
fl=
fn=(357) database/sql.(*Tx).QueryContext
+6413 0 0
cfl=
cfn=(165)
calls=3770 -4050 0
* * 3770
cfl=
cfn=(165)
calls=270 -3837 0
* * 270
cfl=
cfn=(165)
calls=20 -4361 0
* * 20
cfl=
cfn=(165)
calls=10 -5637 0
* * 10
cfl=
cfn=(165)
calls=10 -5580 0
* * 10
cfl=
cfn=(165)
calls=10 -4257 0
* * 10
cfl=
cfn=(165)
calls=10 -3977 0
* * 10

ob=
fl=
fn=(358) database/sql.(*Tx).Query
+226 0 0
cfl=
cfn=(357)
calls=4100 * 0
* * 4100

ob=
fl=
fn=(351)
+9280 0 0
cfl=
cfn=(294)
calls=270 -718727 0
* * 270

ob=
fl=
fn=(315)
+170 0 0
cfl=
cfn=(341)
calls=120 -96444 0
* * 120
cfl=
cfn=(341)
calls=10 -96518 0
* * 10
+34 0 0
cfl=
cfn=(167)
calls=20 +5525 0
* * 20

ob=
fl=
fn=(359) database/sql.(*Rows).Next
+165 0 0
cfl=
cfn=(350)
calls=1520 +7303 0
* * 1520
cfl=
cfn=(350)
calls=20 +7289 0
* * 20
cfl=
cfn=(350)
calls=20 +7309 0
* * 20
cfl=
cfn=(350)
calls=10 +7251 0
* * 10
cfl=
cfn=(350)
calls=10 +7304 0
* * 10
+42 0 0
cfl=
cfn=(166)
calls=280 +5226 0
* * 280

ob=
fl=
fn=(360) database/sql.(*Rows).nextLocked
+127 0 0
cfl=
cfn=(185)
calls=890 +1177408 0
* * 890
cfl=
cfn=(185)
calls=570 +1178506 0
* * 570
cfl=
cfn=(185)
calls=20 +1178238 0
* * 20
cfl=
cfn=(185)
calls=10 +1177294 0
* * 10
+178 0 0
cfl=
cfn=(221)
calls=20 -882543 0
* * 20

ob=
fl=
fn=(361) database/sql.(*Rows).Columns
+1493 0 0
cfl=
cfn=(128)
calls=10 -549571 0
* * 10

ob=
fl=
fn=(362) database/sql.(*Rows).Scan
+2267 0 0
cfl=
cfn=(127)
calls=10 -551266 0
* * 10
+300 0 0
cfl=
cfn=(162)
calls=220 -63120 0
* * 220
cfl=
cfn=(162)
calls=60 -63280 0
* * 60
cfl=
cfn=(162)
calls=20 -63170 0
* * 20
cfl=
cfn=(162)
calls=20 -61659 0
* * 20
cfl=
cfn=(162)
calls=20 -61059 0
* * 20
cfl=
cfn=(162)
calls=10 -66179 0
* * 10
cfl=
cfn=(162)
calls=10 -65539 0
* * 10
cfl=
cfn=(162)
calls=10 -65457 0
* * 10
cfl=
cfn=(162)
calls=10 -65440 0
* * 10
cfl=
cfn=(162)
calls=10 -65141 0
* * 10
cfl=
cfn=(162)
calls=10 -65109 0
* * 10
cfl=
cfn=(162)
calls=10 -63324 0
* * 10
cfl=
cfn=(162)
calls=10 -63210 0
* * 10
cfl=
cfn=(162)
calls=10 -61053 0
* * 10
cfl=
cfn=(162)
calls=10 -60296 0
* * 10
cfl=
cfn=(162)
calls=10 -58846 0
* * 10

ob=
fl=
fn=(166)
+819 0 0
cfl=
cfn=(167)
calls=400 +1285 0
* * 400
cfl=
cfn=(167)
calls=30 +1113 0
* * 30
cfl=
cfn=(167)
calls=10 +919 0
* * 10
cfl=
cfn=(167)
calls=10 +1192 0
* * 10
cfl=
cfn=(167)
calls=10 +1284 0
* * 10

ob=
fl=
fn=(167)
+100 0 0
cfl=
cfn=(13)
calls=30 -877781 0
* * 30
+194 0 0
cfl=
cfn=(363) github.com/nd-r/tech-db-forum/vendor/github.com/lib/pq.(*rows).Close
calls=30 +1171432 0
* * 30
+172 0 0
cfl=
cfn=(342)
calls=400 -98220 0
* * 400

ob=
fl=
fn=(350)
+1394 0 0
cfl=
cfn=(129)
calls=10 -554510 0
* * 10
+38 0 0
cfl=
cfn=(83)
calls=10 -776486 0
* * 10
cfl=
cfn=(83)
calls=10 -776464 0
* * 10
+14 0 0
cfl=
cfn=(168)
calls=3760 +2210 0
* * 3760
cfl=
cfn=(170)
calls=1510 +4917 0
* * 1510
cfl=
cfn=(364) database/sql.(*Tx).Commit.func1
calls=1470 +2965 0
* * 1470
cfl=
cfn=(169)
calls=1360 +2756 0
* * 1360
cfl=
cfn=(168)
calls=10 +2216 0
* * 10
cfl=
cfn=(169)
calls=10 +2827 0
* * 10
cfl=
cfn=(170)
calls=10 +4867 0
* * 10
+1 0 0
cfl=
cfn=(130)
calls=10 -555854 0
* * 10
+5 0 0
cfl=
cfn=(16)
calls=10 -774091 0
* * 10
cfl=
cfn=(16)
calls=10 -774009 0
* * 10

ob=
fl=
fn=(168)
+2190 0 0
cfl=
cfn=(346)
calls=3750 -55022 0
* * 3750
cfl=
cfn=(346)
calls=10 -55597 0
* * 10

ob=
fl=
fn=(169)
+546 0 0
cfl=
cfn=(348)
calls=1350 -55651 0
* * 1350
cfl=
cfn=(348)
calls=10 -55739 0
* * 10

ob=
fl=
fn=(364)
+209 0 0
cfl=
cfn=(365) github.com/nd-r/tech-db-forum/vendor/github.com/lib/pq.(*conn).Commit
calls=1470 +1136962 0
* * 1470

ob=
fl=
fn=(170)
+1952 0 0
cfl=
cfn=(360)
calls=1490 -9920 0
* * 1490
cfl=
cfn=(360)
calls=20 -9742 0
* * 20

ob=
fl=
fn=(366) bufio.(*Reader).fill
+41051 0 0
cfl=
cfn=(367) net.(*conn).Read
calls=770 +262788 0
* * 770
cfl=
cfn=(178)
calls=10 +379868 0
* * 10

ob=
fl=
fn=(368) bufio.(*Reader).Peek
+448 0 0
cfl=
cfn=(366)
calls=780 * 0
* * 780

ob=
fl=
fn=(171)
+1627 0 0
cfl=
cfn=(367)
calls=4390 +221289 0
* * 4390
+304 0 0
cfl=
cfn=(12)
calls=10 -629670 0
* * 10
cfl=
cfn=(12)
calls=10 -629587 0
* * 10
cfl=
cfn=(12)
calls=10 -628908 0
* * 10
cfl=
cfn=(12)
calls=10 -628544 0
* * 10

ob=
fl=
fn=(369) bufio.(*Writer).Flush
+5475 0 0
cfl=
cfn=(177)
calls=820 +220094 0
* * 820

ob=
fl=
fn=(370) bufio.(*Writer).Write
+650 0 0
cfl=
cfn=(369)
calls=380 * 0
* * 380
+128 0 0
cfl=
cfn=(177)
calls=120 +213969 0
* * 120

ob=
fl=
fn=(173)
+131507 0 0
cfl=
cfn=(172)
calls=10 +130616 0
* * 10

ob=
fl=
fn=(174)
+614 0 0
cfl=
cfn=(27)
calls=20 -972968 0
* * 20
cfl=
cfn=(27)
calls=10 -972972 0
* * 10

ob=
fl=
fn=(371) net.(*pollDesc).prepareWrite
+204 0 0
cfl=
cfn=(174)
calls=30 * 0
* * 30
cfl=
cfn=(174)
calls=10 -40 0
* * 10

ob=
fl=
fn=(175)
+100 0 0
cfl=
cfn=(266)
calls=10 -973579 0
* * 10

ob=
fl=
fn=(372) net.(*pollDesc).waitRead
+108 0 0
cfl=
cfn=(175)
calls=10 * 0
* * 10
cfl=
cfn=(175)
calls=10 +6 0
* * 10

ob=
fl=
fn=(373) net.(*netFD).Read
+5792 0 0
cfl=
cfn=(83)
calls=10 -963635 0
* * 10
cfl=
cfn=(83)
calls=10 -963519 0
* * 10
+167 0 0
cfl=
cfn=(324)
calls=4300 -621419 0
* * 4300
+124 0 0
cfl=
cfn=(372)
calls=20 -5959 0
* * 20
+174 0 0
cfl=
cfn=(16)
calls=810 -967210 0
* * 810
cfl=
cfn=(16)
calls=10 -967292 0
* * 10

ob=
fl=
fn=(176)
+2746 0 0
cfl=
cfn=(173)
calls=10 -7332 0
* * 10
cfl=
cfn=(173)
calls=10 -7296 0
* * 10
cfl=
cfn=(173)
calls=10 -7283 0
* * 10
+53 0 0
cfl=
cfn=(83)
calls=10 -972595 0
* * 10
+33 0 0
cfl=
cfn=(371)
calls=40 -9264 0
* * 40
+169 0 0
cfl=
cfn=(325)
calls=3380 -624588 0
* * 3380
+314 0 0
cfl=
cfn=(16)
calls=150 -970385 0
* * 150
cfl=
cfn=(16)
calls=10 -970525 0
* * 10
cfl=
cfn=(16)
calls=10 -970351 0
* * 10

ob=
fl=
fn=(367)
+71000 0 0
cfl=
cfn=(373)
calls=4300 -3613 0
* * 4300
cfl=
cfn=(373)
calls=820 -3315 0
* * 820
cfl=
cfn=(373)
calls=20 -3780 0
* * 20
cfl=
cfn=(373)
calls=20 -3489 0
* * 20

ob=
fl=
fn=(177)
+736 0 0
cfl=
cfn=(176)
calls=3380 -71314 0
* * 3380
cfl=
cfn=(176)
calls=170 -71000 0
* * 170
cfl=
cfn=(176)
calls=40 -71483 0
* * 40
cfl=
cfn=(176)
calls=30 -71569 0
* * 30
cfl=
cfn=(176)
calls=10 -71516 0
* * 10
cfl=
cfn=(176)
calls=10 -71131 0
* * 10

ob=
fl=
fn=(374) github.com/nd-r/tech-db-forum/vendor/github.com/lib/pq.(*readBuf).string
+857256 0 0
cfl=
cfn=(298)
calls=10 -935186 0
* * 10

ob=
fl=
fn=(179)
+12656 0 0
cfl=
cfn=(83)
calls=10 -1902199 0
* * 10
+91 0 0
cfl=
cfn=(105)
calls=10 -1805569 0
* * 10
+37 0 0
cfl=
cfn=(375) github.com/nd-r/tech-db-forum/vendor/github.com/lib/pq.(*conn).simpleExec
calls=790 +3137 0
* * 790
cfl=
cfn=(375)
calls=510 +3063 0
* * 510
cfl=
cfn=(375)
calls=10 +2991 0
* * 10

ob=
fl=
fn=(365)
+1237 0 0
cfl=
cfn=(375)
calls=750 +3026 0
* * 750
cfl=
cfn=(375)
calls=710 +3100 0
* * 710
cfl=
cfn=(375)
calls=10 +3508 0
* * 10

ob=
fl=
fn=(375)
+1717 0 0
cfl=
cfn=(12)
calls=10 -1720266 0
* * 10
+72 0 0
cfl=
cfn=(376) github.com/nd-r/tech-db-forum/vendor/github.com/lib/pq.(*conn).send
calls=1260 +10557 0
* * 1260
+74 0 0
cfl=
cfn=(183)
calls=1480 +12651 0
* * 1480
cfl=
cfn=(183)
calls=10 +12567 0
* * 10
cfl=
cfn=(183)
calls=10 +12593 0
* * 10
+408 0 0
cfl=
cfn=(377) github.com/nd-r/tech-db-forum/vendor/github.com/lib/pq.(*conn).parseComplete
calls=10 +26732 0
* * 10

ob=
fl=
fn=(378) github.com/nd-r/tech-db-forum/vendor/github.com/lib/pq.(*conn).prepareTo
+4832 0 0
cfl=
cfn=(105)
calls=10 -1809205 0
* * 10
+362 0 0
cfl=
cfn=(376)
calls=990 +5171 0
* * 990
+17 0 0
cfl=
cfn=(379) github.com/nd-r/tech-db-forum/vendor/github.com/lib/pq.(*conn).readParseResponse
calls=1080 +32889 0
* * 1080
+17 0 0
cfl=
cfn=(380) github.com/nd-r/tech-db-forum/vendor/github.com/lib/pq.(*conn).readStatementDescribeResponse
calls=20 +33215 0
* * 20
cfl=
cfn=(380)
calls=10 +33437 0
* * 10

ob=
fl=
fn=(180)
+3091 0 0
cfl=
cfn=(378)
calls=1080 -17 0
* * 1080
cfl=
cfn=(378)
calls=990 -34 0
* * 990
cfl=
cfn=(378)
calls=30 * 0
* * 30
cfl=
cfn=(378)
calls=10 -396 0
* * 10
+58 0 0
cfl=
cfn=(184)
calls=1050 +16648 0
* * 1050
cfl=
cfn=(184)
calls=490 +16631 0
* * 490
cfl=
cfn=(184)
calls=40 +16665 0
* * 40
cfl=
cfn=(184)
calls=10 +14359 0
* * 10
cfl=
cfn=(184)
calls=10 +15055 0
* * 10
cfl=
cfn=(184)
calls=10 +16115 0
* * 10
+210 0 0
cfl=
cfn=(381) github.com/nd-r/tech-db-forum/vendor/github.com/lib/pq.(*conn).errRecover
calls=10 +76731 0
* * 10

ob=
fl=
fn=(376)
+1416 0 0
cfl=
cfn=(177)
calls=2700 -882135 0
* * 2700
cfl=
cfn=(19)
calls=30 -765750 0
* * 30
cfl=
cfn=(177)
calls=10 -882227 0
* * 10

ob=
fl=
fn=(181)
+1135 0 0
cfl=
cfn=(131)
calls=3630 -1705399 0
* * 3630
+137 0 0
cfl=
cfn=(131)
calls=820 -1706534 0
* * 820
cfl=
cfn=(131)
calls=10 -1706502 0
* * 10
+193 0 0
cfl=
cfn=(102)
calls=50 -1836172 0
* * 50

ob=
fl=
fn=(182)
+449 0 0
cfl=
cfn=(181)
calls=3630 -330 0
* * 3630
cfl=
cfn=(181)
calls=830 -193 0
* * 830
cfl=
cfn=(181)
calls=50 * 0
* * 50
cfl=
cfn=(181)
calls=10 -602 0
* * 10

ob=
fl=
fn=(183)
+168 0 0
cfl=
cfn=(13)
calls=30 -2033585 0
* * 30
+26 0 0
cfl=
cfn=(13)
calls=10 -2033771 0
* * 10
+58 0 0
cfl=
cfn=(182)
calls=3640 -194 0
* * 3640

ob=
fl=
fn=(184)
+12781 0 0
cfl=
cfn=(376)
calls=490 -2166 0
* * 490
+17 0 0
cfl=
cfn=(382) github.com/nd-r/tech-db-forum/vendor/github.com/lib/pq.(*conn).readBindResponse
calls=1050 +15133 0
* * 1050
+17 0 0
cfl=
cfn=(383) github.com/nd-r/tech-db-forum/vendor/github.com/lib/pq.(*conn).postExecuteWorkaround
calls=40 +15420 0
* * 40

ob=
fl=
fn=(377)
+1340 0 0
cfl=
cfn=(34)
calls=10 -1749943 0
* * 10

ob=
fl=
fn=(363)
+1321 0 0
cfl=
cfn=(185)
calls=20 +3817 0
* * 20
cfl=
cfn=(185)
calls=10 +1914 0
* * 10

ob=
fl=
fn=(185)
+692 0 0
cfl=
cfn=(182)
calls=880 -15728 0
* * 880
cfl=
cfn=(182)
calls=10 -15775 0
* * 10
+830 0 0
cfl=
cfn=(16)
calls=10 -1944402 0
* * 10
cfl=
cfn=(16)
calls=10 -1944320 0
* * 10
+268 0 0
cfl=
cfn=(384) github.com/nd-r/tech-db-forum/vendor/github.com/lib/pq.decode
calls=540 +34418 0
* * 540
cfl=
cfn=(384)
calls=30 +34257 0
* * 30
+706 0 0
cfl=
cfn=(381)
calls=20 +55779 0
* * 20

ob=
fl=
fn=(379)
+7942 0 0
cfl=
cfn=(183)
calls=1070 -17972 0
* * 1070
cfl=
cfn=(183)
calls=10 -17971 0
* * 10

ob=
fl=
fn=(380)
+343 0 0
cfl=
cfn=(183)
calls=10 -25998 0
* * 10
cfl=
cfn=(183)
calls=10 -25914 0
* * 10
+222 0 0
cfl=
cfn=(385) github.com/nd-r/tech-db-forum/vendor/github.com/lib/pq.parseStatementRowDescribe
calls=10 +3950 0
* * 10

ob=
fl=
fn=(382)
+1435 0 0
cfl=
cfn=(183)
calls=1050 -26479 0
* * 1050

ob=
fl=
fn=(383)
+304 0 0
cfl=
cfn=(183)
calls=30 -27914 0
* * 30
cfl=
cfn=(183)
calls=10 -27998 0
* * 10

ob=
fl=
fn=(385)
+1989 0 0
cfl=
cfn=(374)
calls=10 -56679 0
* * 10

ob=
fl=
fn=(347)
+8963 0 0
cfl=
cfn=(180)
calls=2110 -34057 0
* * 2110
cfl=
cfn=(180)
calls=1610 -33999 0
* * 1610
cfl=
cfn=(180)
calls=10 -34097 0
* * 10
cfl=
cfn=(180)
calls=10 -34051 0
* * 10
cfl=
cfn=(180)
calls=10 -33789 0
* * 10

ob=
fl=
fn=(349)
+1095 0 0
cfl=
cfn=(179)
calls=1310 -54847 0
* * 1310
cfl=
cfn=(179)
calls=10 -55149 0
* * 10
cfl=
cfn=(179)
calls=10 -54975 0
* * 10
cfl=
cfn=(179)
calls=10 -54884 0
* * 10
+279 0 0
cfl=
cfn=(105)
calls=10 -1861623 0
* * 10

ob=
fl=
fn=(384)
+10711 0 0
cfl=
cfn=(386) github.com/nd-r/tech-db-forum/vendor/github.com/lib/pq.binaryDecode
calls=30 +11609 0
* * 30
+161 0 0
cfl=
cfn=(186)
calls=220 +3315 0
* * 220
cfl=
cfn=(186)
calls=160 +1430 0
* * 160
cfl=
cfn=(186)
calls=110 +1485 0
* * 110
cfl=
cfn=(186)
calls=20 +3278 0
* * 20
cfl=
cfn=(186)
calls=10 +1311 0
* * 10
cfl=
cfn=(186)
calls=10 +1512 0
* * 10
cfl=
cfn=(186)
calls=10 +2293 0
* * 10

ob=
fl=
fn=(386)
+737 0 0
cfl=
cfn=(48)
calls=20 -2096117 0
* * 20
cfl=
cfn=(48)
calls=10 -2096067 0
* * 10

ob=
fl=
fn=(186)
+413 0 0
cfl=
cfn=(48)
calls=10 -2096854 0
* * 10
+119 0 0
cfl=
cfn=(298)
calls=130 -1873469 0
* * 130
cfl=
cfn=(298)
calls=30 -1873405 0
* * 30
+55 0 0
cfl=
cfn=(48)
calls=80 -2097386 0
* * 80
cfl=
cfn=(48)
calls=20 -2097347 0
* * 20
cfl=
cfn=(48)
calls=10 -2097361 0
* * 10
+1793 0 0
cfl=
cfn=(298)
calls=20 -1873643 0
* * 20
+37 0 0
cfl=
cfn=(387) github.com/nd-r/tech-db-forum/vendor/github.com/lib/pq.parseTs
calls=170 +6545 0
* * 170
cfl=
cfn=(387)
calls=50 +6614 0
* * 50

ob=
fl=
fn=(388) github.com/nd-r/tech-db-forum/vendor/github.com/lib/pq.(*timestampParser).mustAtoi
+4719 0 0
cfl=
cfn=(137)
calls=20 -1688100 0
* * 20
cfl=
cfn=(137)
calls=10 -1688165 0
* * 10
cfl=
cfn=(137)
calls=10 -1688060 0
* * 10

ob=
fl=
fn=(187)
+697 0 0
cfl=
cfn=(16)
calls=10 -1987441 0
* * 10

ob=
fl=
fn=(387)
+1092 0 0
cfl=
cfn=(188)
calls=50 +3166 0
* * 50
cfl=
cfn=(188)
calls=20 +3061 0
* * 20
cfl=
cfn=(188)
calls=20 +3359 0
* * 20
cfl=
cfn=(188)
calls=10 +1711 0
* * 10
cfl=
cfn=(188)
calls=10 +1949 0
* * 10
cfl=
cfn=(188)
calls=10 +2383 0
* * 10
cfl=
cfn=(188)
calls=10 +2390 0
* * 10
cfl=
cfn=(188)
calls=10 +4109 0
* * 10
cfl=
cfn=(188)
calls=10 +4282 0
* * 10
cfl=
cfn=(188)
calls=10 +4441 0
* * 10
cfl=
cfn=(188)
calls=10 +4642 0
* * 10
+69 0 0
cfl=
cfn=(48)
calls=30 -2105740 0
* * 30
cfl=
cfn=(48)
calls=10 -2105779 0
* * 10
cfl=
cfn=(48)
calls=10 -2105773 0
* * 10

ob=
fl=
fn=(188)
+550 0 0
cfl=
cfn=(388)
calls=10 -1858 0
* * 10
+238 0 0
cfl=
cfn=(388)
calls=10 -2408 0
* * 10
+434 0 0
cfl=
cfn=(321)
calls=10 -1709168 0
* * 10
+678 0 0
cfl=
cfn=(187)
calls=10 -2516 0
* * 10
cfl=
cfn=(187)
calls=10 -2383 0
* * 10
+105 0 0
cfl=
cfn=(145)
calls=20 -1580620 0
* * 20
cfl=
cfn=(145)
calls=10 -1581707 0
* * 10
cfl=
cfn=(145)
calls=10 -1580283 0
* * 10
cfl=
cfn=(145)
calls=10 -1580272 0
* * 10
+193 0 0
cfl=
cfn=(327)
calls=20 -1586211 0
* * 20
+923 0 0
cfl=
cfn=(388)
calls=10 -4056 0
* * 10
+159 0 0
cfl=
cfn=(388)
calls=10 -4979 0
* * 10
+201 0 0
cfl=
cfn=(122)
calls=10 -1804865 0
* * 10

ob=
fl=
fn=(381)
+8311 0 0
cfl=
cfn=(85)
calls=10 -1989704 0
* * 10
+106 0 0
cfl=
cfn=(20)
calls=20 -2166986 0
* * 20

ob=
fl=
fn=(389) github.com/nd-r/tech-db-forum/vendor/github.com/jmoiron/sqlx/reflectx.(*Mapper).TypeMap
+23089 0 0
cfl=
cfn=(219)
calls=10 -2137079 0
* * 10

ob=
fl=
fn=(189)
+2982 0 0
cfl=
cfn=(220)
calls=10 -2140435 0
* * 10
+124 0 0
cfl=
cfn=(102)
calls=20 -1936182 0
* * 20
+120 0 0
cfl=
cfn=(47)
calls=10 -2147871 0
* * 10

ob=
fl=
fn=(190)
+736 0 0
cfl=
cfn=(38)
calls=20 -1498284 0
* * 20
cfl=
cfn=(38)
calls=20 -1498268 0
* * 20
cfl=
cfn=(38)
calls=10 -1498365 0
* * 10
cfl=
cfn=(38)
calls=10 -1498328 0
* * 10
+295 0 0
cfl=
cfn=(155)
calls=10 -1494860 0
* * 10
+92 0 0
cfl=
cfn=(390) github.com/nd-r/tech-db-forum/vendor/github.com/jmoiron/sqlx/reflectx.Deref
calls=10 +552 0
* * 10
cfl=
cfn=(390)
calls=10 +613 0
* * 10
+24 0 0
cfl=
cfn=(159)
calls=50 -1477013 0
* * 50
cfl=
cfn=(159)
calls=50 -1476966 0
* * 50
+64 0 0
cfl=
cfn=(39)
calls=20 -1488639 0
* * 20
cfl=
cfn=(39)
calls=10 -1488593 0
* * 10

ob=
fl=
fn=(390)
+372 0 0
cfl=
cfn=(148)
calls=10 -1547939 0
* * 10
+61 0 0
cfl=
cfn=(149)
calls=10 -1542950 0
* * 10

ob=
fl=
fn=(191)
+30999 0 0
cfl=
cfn=(329)
calls=10 -1530579 0
* * 10
+85 0 0
cfl=
cfn=(389)
calls=10 -35869 0
* * 10

ob=
fl=
fn=(192)
+3616 0 0
cfl=
cfn=(359)
calls=120 -1293370 0
* * 120
cfl=
cfn=(359)
calls=10 -1293328 0
* * 10
+61 0 0
cfl=
cfn=(362)
calls=90 -1292579 0
* * 90
+33 0 0
cfl=
cfn=(166)
calls=180 -1291821 0
* * 180
+60 0 0
cfl=
cfn=(166)
calls=10 -1291914 0
* * 10

ob=
fl=
fn=(391) github.com/nd-r/tech-db-forum/vendor/github.com/jmoiron/sqlx.(*Row).Columns
+336 0 0
cfl=
cfn=(361)
calls=10 -1295300 0
* * 10

ob=
fl=
fn=(392) github.com/nd-r/tech-db-forum/vendor/github.com/jmoiron/sqlx.(*DB).MustBegin
+3684 0 0
cfl=
cfn=(393) github.com/nd-r/tech-db-forum/vendor/github.com/jmoiron/sqlx.(*DB).Beginx
calls=1700 +3803 0
* * 1700

ob=
fl=
fn=(393)
+119 0 0
cfl=
cfn=(354)
calls=1700 -1319791 0
* * 1700

ob=
fl=
fn=(394) github.com/nd-r/tech-db-forum/vendor/github.com/jmoiron/sqlx.(*Tx).Select
+4014 0 0
cfl=
cfn=(395) github.com/nd-r/tech-db-forum/vendor/github.com/jmoiron/sqlx.Select
calls=2510 +11648 0
* * 2510
cfl=
cfn=(395)
calls=1250 +11532 0
* * 1250

ob=
fl=
fn=(396) github.com/nd-r/tech-db-forum/vendor/github.com/jmoiron/sqlx.(*Tx).Queryx
+163 0 0
cfl=
cfn=(358)
calls=1250 -1314942 0
* * 1250

ob=
fl=
fn=(397) github.com/nd-r/tech-db-forum/vendor/github.com/jmoiron/sqlx.(*Tx).QueryRowx
+384 0 0
cfl=
cfn=(358)
calls=2850 -1315105 0
* * 2850
+46 0 0
cfl=
cfn=(13)
calls=10 -2178395 0
* * 10

ob=
fl=
fn=(398) github.com/nd-r/tech-db-forum/vendor/github.com/jmoiron/sqlx.(*Tx).Get
+351 0 0
cfl=
cfn=(399) github.com/nd-r/tech-db-forum/vendor/github.com/jmoiron/sqlx.Get
calls=2860 +7260 0
* * 2860
cfl=
cfn=(399)
calls=610 +7299 0
* * 610

ob=
fl=
fn=(395)
+6574 0 0
cfl=
cfn=(396)
calls=1250 -781 0
* * 1250
+116 0 0
cfl=
cfn=(400) github.com/nd-r/tech-db-forum/vendor/github.com/jmoiron/sqlx.scanAll
calls=1730 +8134 0
* * 1730
cfl=
cfn=(400)
calls=370 +8451 0
* * 370
cfl=
cfn=(400)
calls=240 +8370 0
* * 240
cfl=
cfn=(400)
calls=110 +8852 0
* * 110
cfl=
cfn=(400)
calls=30 +8177 0
* * 30
cfl=
cfn=(400)
calls=10 +6034 0
* * 10
cfl=
cfn=(400)
calls=10 +7901 0
* * 10
cfl=
cfn=(400)
calls=10 +8072 0
* * 10

ob=
fl=
fn=(399)
+219 0 0
cfl=
cfn=(397)
calls=2850 -7087 0
* * 2850
cfl=
cfn=(397)
calls=10 -7041 0
* * 10
+39 0 0
cfl=
cfn=(401) github.com/nd-r/tech-db-forum/vendor/github.com/jmoiron/sqlx.(*Row).scanAny
calls=380 +1913 0
* * 380
cfl=
cfn=(401)
calls=90 +1810 0
* * 90
cfl=
cfn=(401)
calls=40 +1547 0
* * 40
cfl=
cfn=(401)
calls=40 +2348 0
* * 40
cfl=
cfn=(401)
calls=30 +1280 0
* * 30
cfl=
cfn=(401)
calls=10 +787 0
* * 10
cfl=
cfn=(401)
calls=10 +1326 0
* * 10
cfl=
cfn=(401)
calls=10 +1678 0
* * 10

ob=
fl=
fn=(401)
+748 0 0
cfl=
cfn=(83)
calls=10 -2082563 0
* * 10
+493 0 0
cfl=
cfn=(191)
calls=10 -20742 0
* * 10
cfl=
cfn=(191)
calls=10 -20648 0
* * 10
cfl=
cfn=(191)
calls=10 -20563 0
* * 10
+46 0 0
cfl=
cfn=(391)
calls=10 -16950 0
* * 10
+221 0 0
cfl=
cfn=(189)
calls=10 -54074 0
* * 10
cfl=
cfn=(189)
calls=10 -53950 0
* * 10
cfl=
cfn=(189)
calls=10 -53830 0
* * 10
cfl=
cfn=(189)
calls=10 -53805 0
* * 10
+131 0 0
cfl=
cfn=(102)
calls=10 -1990590 0
* * 10
+132 0 0
cfl=
cfn=(193)
calls=80 +8723 0
* * 80
cfl=
cfn=(193)
calls=10 +8784 0
* * 10
+103 0 0
cfl=
cfn=(192)
calls=150 -17876 0
* * 150
cfl=
cfn=(192)
calls=130 -17970 0
* * 130
cfl=
cfn=(192)
calls=90 -17909 0
* * 90
cfl=
cfn=(192)
calls=10 -17969 0
* * 10
+435 0 0
cfl=
cfn=(192)
calls=30 -17979 0
* * 30
cfl=
cfn=(192)
calls=10 -17919 0
* * 10

ob=
fl=
fn=(400)
+3351 0 0
cfl=
cfn=(158)
calls=10 -1531300 0
* * 10
+1867 0 0
cfl=
cfn=(189)
calls=10 -58323 0
* * 10
+171 0 0
cfl=
cfn=(102)
calls=10 -1996496 0
* * 10
+62 0 0
cfl=
cfn=(359)
calls=1460 -1320883 0
* * 1460
cfl=
cfn=(359)
calls=270 -1320841 0
* * 270
+43 0 0
cfl=
cfn=(159)
calls=20 -1536193 0
* * 20
cfl=
cfn=(159)
calls=10 -1536146 0
* * 10
+193 0 0
cfl=
cfn=(193)
calls=150 +2559 0
* * 150
cfl=
cfn=(193)
calls=60 +2609 0
* * 60
cfl=
cfn=(193)
calls=10 +2565 0
* * 10
cfl=
cfn=(193)
calls=10 +2643 0
* * 10
cfl=
cfn=(193)
calls=10 +2649 0
* * 10
+81 0 0
cfl=
cfn=(362)
calls=360 -1316774 0
* * 360
cfl=
cfn=(362)
calls=10 -1317074 0
* * 10
+401 0 0
cfl=
cfn=(338)
calls=100 -1539652 0
* * 100
cfl=
cfn=(338)
calls=10 -1539462 0
* * 10

ob=
fl=
fn=(193)
+1884 0 0
cfl=
cfn=(190)
calls=100 -59874 0
* * 100
cfl=
cfn=(190)
calls=60 -60285 0
* * 60
cfl=
cfn=(190)
calls=30 -59810 0
* * 30
cfl=
cfn=(190)
calls=20 -59898 0
* * 20
cfl=
cfn=(190)
calls=10 -60212 0
* * 10
cfl=
cfn=(190)
calls=10 -59990 0
* * 10
+50 0 0
cfl=
cfn=(37)
calls=30 -1571186 0
* * 30
cfl=
cfn=(37)
calls=20 -1571175 0
* * 20
cfl=
cfn=(37)
calls=10 -1571236 0
* * 10
+34 0 0
cfl=
cfn=(331)
calls=10 -1557884 0
* * 10

ob=
fl=
fn=(402) github.com/nd-r/tech-db-forum/vendor/github.com/mailru/easyjson/buffer.putBuf
+800216 0 0
cfl=
cfn=(48)
calls=70 -2207050 0
* * 70
cfl=
cfn=(48)
calls=10 -2207067 0
* * 10
cfl=
cfn=(48)
calls=10 -2207011 0
* * 10
+34 0 0
cfl=
cfn=(317)
calls=10 -2676237 0
* * 10
cfl=
cfn=(317)
calls=10 -2675978 0
* * 10

ob=
fl=
fn=(194)
+123 0 0
cfl=
cfn=(45)
calls=10 -3014548 0
* * 10
+48 0 0
cfl=
cfn=(102)
calls=40 -2799788 0
* * 40
+49 0 0
cfl=
cfn=(318)
calls=40 -2675944 0
* * 40
cfl=
cfn=(318)
calls=40 -2675672 0
* * 40
+121 0 0
cfl=
cfn=(102)
calls=60 -2799885 0
* * 60

ob=
fl=
fn=(195)
+311 0 0
cfl=
cfn=(194)
calls=80 -121 0
* * 80
cfl=
cfn=(194)
calls=60 * 0
* * 60
cfl=
cfn=(194)
calls=40 -170 0
* * 40
cfl=
cfn=(194)
calls=10 -250 0
* * 10
cfl=
cfn=(194)
calls=10 -218 0
* * 10
cfl=
cfn=(194)
calls=10 -90 0
* * 10
+333 0 0
cfl=
cfn=(102)
calls=40 -2800317 0
* * 40
cfl=
cfn=(102)
calls=10 -2800377 0
* * 10

ob=
fl=
fn=(196)
+370 0 0
cfl=
cfn=(195)
calls=30 -333 0
* * 30

ob=
fl=
fn=(403) github.com/nd-r/tech-db-forum/vendor/github.com/mailru/easyjson/buffer.(*Buffer).AppendBytes
+514 0 0
cfl=
cfn=(195)
calls=110 -703 0
* * 110
cfl=
cfn=(195)
calls=10 -370 0
* * 10

ob=
fl=
fn=(197)
+255 0 0
cfl=
cfn=(12)
calls=20 -2699150 0
* * 20
cfl=
cfn=(12)
calls=10 -2700125 0
* * 10
cfl=
cfn=(12)
calls=10 -2699174 0
* * 10
cfl=
cfn=(12)
calls=10 -2699116 0
* * 10
+263 0 0
cfl=
cfn=(195)
calls=60 -1472 0
* * 60
cfl=
cfn=(195)
calls=40 -1139 0
* * 40
cfl=
cfn=(195)
calls=10 -1161 0
* * 10
cfl=
cfn=(195)
calls=10 -1114 0
* * 10

ob=
fl=
fn=(198)
+1153 0 0
cfl=
cfn=(402)
calls=70 -2421 0
* * 70
cfl=
cfn=(402)
calls=10 -2387 0
* * 10
+260 0 0
cfl=
cfn=(12)
calls=10 -2701777 0
* * 10
+39 0 0
cfl=
cfn=(402)
calls=20 -3834 0
* * 20
cfl=
cfn=(402)
calls=10 -3800 0
* * 10
+383 0 0
cfl=
cfn=(102)
calls=180 -2803504 0
* * 180

ob=
fl=
fn=(199)
+3216 0 0
cfl=
cfn=(196)
calls=20 -2867 0
* * 20
cfl=
cfn=(196)
calls=10 -3006 0
* * 10

ob=
fl=
fn=(404) github.com/nd-r/tech-db-forum/vendor/github.com/mailru/easyjson/jwriter.(*Writer).RawString
+91 0 0
cfl=
cfn=(197)
calls=30 -5314 0
* * 30
cfl=
cfn=(197)
calls=10 -5233 0
* * 10
cfl=
cfn=(197)
calls=10 -5051 0
* * 10

ob=
fl=
fn=(200)
+194 0 0
cfl=
cfn=(403)
calls=120 -5660 0
* * 120

ob=
fl=
fn=(405) github.com/nd-r/tech-db-forum/vendor/github.com/mailru/easyjson/jwriter.(*Writer).Int
+2487 0 0
cfl=
cfn=(195)
calls=10 -7071 0
* * 10
+55 0 0
cfl=
cfn=(323)
calls=20 -2587362 0
* * 20

ob=
fl=
fn=(9)
+8197 0 0
cfl=
cfn=(197)
calls=110 -7878 0
* * 110
cfl=
cfn=(197)
calls=20 -8141 0
* * 20
cfl=
cfn=(197)
calls=10 -8247 0
* * 10
+19 0 0
cfl=
cfn=(196)
calls=10 -17107 0
* * 10

ob=
fl=
fn=(202)
+3043 0 0
cfl=
cfn=(406) github.com/nd-r/tech-db-forum/models.User.MarshalJSON
calls=130 +8696 0
* * 130
cfl=
cfn=(406)
calls=30 +8737 0
* * 30
+67 0 0
cfl=
cfn=(200)
calls=10 -13825 0
* * 10
cfl=
cfn=(200)
calls=10 -13801 0
* * 10

ob=
fl=
fn=(407) github.com/nd-r/tech-db-forum/models.UsersArr.MarshalJSON
+313 0 0
cfl=
cfn=(202)
calls=160 -67 0
* * 160
cfl=
cfn=(202)
calls=20 * 0
* * 20
cfl=
cfn=(202)
calls=10 +40 0
* * 10
cfl=
cfn=(202)
calls=10 +50 0
* * 10
+41 0 0
cfl=
cfn=(198)
calls=20 -18364 0
* * 20
cfl=
cfn=(198)
calls=10 -18104 0
* * 10

ob=
fl=
fn=(408) github.com/nd-r/tech-db-forum/models.easyjsonD2b7633eEncodeGithubComNdRTechDbForumModels4
+4671 0 0
cfl=
cfn=(199)
calls=10 -14507 0
* * 10
+94 0 0
cfl=
cfn=(9)
calls=20 -8154 0
* * 20
cfl=
cfn=(9)
calls=10 -9343 0
* * 10
+181 0 0
cfl=
cfn=(404)
calls=20 -19181 0
* * 20
+129 0 0
cfl=
cfn=(9)
calls=20 -8429 0
* * 20
cfl=
cfn=(9)
calls=10 -9613 0
* * 10
cfl=
cfn=(9)
calls=10 -9579 0
* * 10
cfl=
cfn=(9)
calls=10 -9574 0
* * 10
cfl=
cfn=(9)
calls=10 -9517 0
* * 10
cfl=
cfn=(9)
calls=10 -8438 0
* * 10

ob=
fl=
fn=(406)
+157 0 0
cfl=
cfn=(408)
calls=70 * 0
* * 70
cfl=
cfn=(408)
calls=30 -310 0
* * 30
cfl=
cfn=(408)
calls=20 -129 0
* * 20
cfl=
cfn=(408)
calls=10 -404 0
* * 10
+41 0 0
cfl=
cfn=(198)
calls=20 -22955 0
* * 20
cfl=
cfn=(198)
calls=10 -23651 0
* * 10

ob=
fl=
fn=(409) github.com/nd-r/tech-db-forum/models.easyjsonD2b7633eEncodeGithubComNdRTechDbForumModels5
+1781 0 0
cfl=
cfn=(203)
calls=310 +8359 0
* * 310
cfl=
cfn=(203)
calls=90 +8403 0
* * 90
+70 0 0
cfl=
cfn=(200)
calls=60 -21276 0
* * 60

ob=
fl=
fn=(410) github.com/nd-r/tech-db-forum/models.TreadArr.MarshalJSON
+339 0 0
cfl=
cfn=(409)
calls=400 -70 0
* * 400
cfl=
cfn=(409)
calls=60 * 0
* * 60
+41 0 0
cfl=
cfn=(198)
calls=30 -25868 0
* * 30
cfl=
cfn=(198)
calls=10 -25186 0
* * 10

ob=
fl=
fn=(411) github.com/nd-r/tech-db-forum/models.easyjsonD2b7633eEncodeGithubComNdRTechDbForumModels7
+5071 0 0
cfl=
cfn=(199)
calls=10 -22011 0
* * 10
+90 0 0
cfl=
cfn=(199)
calls=10 -27082 0
* * 10
+168 0 0
cfl=
cfn=(9)
calls=10 -17332 0
* * 10
cfl=
cfn=(9)
calls=10 -17298 0
* * 10
cfl=
cfn=(9)
calls=10 -16276 0
* * 10
+54 0 0
cfl=
cfn=(404)
calls=20 -27249 0
* * 20
+34 0 0
cfl=
cfn=(9)
calls=50 -16370 0
* * 50
cfl=
cfn=(9)
calls=40 -16498 0
* * 40
cfl=
cfn=(9)
calls=20 -17549 0
* * 20
cfl=
cfn=(9)
calls=20 -17524 0
* * 20
cfl=
cfn=(9)
calls=20 -17520 0
* * 20
cfl=
cfn=(9)
calls=20 -17458 0
* * 20
cfl=
cfn=(9)
calls=20 -16522 0
* * 20
cfl=
cfn=(9)
calls=20 -16492 0
* * 20
cfl=
cfn=(9)
calls=10 -17559 0
* * 10
cfl=
cfn=(9)
calls=10 -17529 0
* * 10
cfl=
cfn=(9)
calls=10 -17515 0
* * 10
+176 0 0
cfl=
cfn=(9)
calls=10 -16404 0
* * 10
+19 0 0
cfl=
cfn=(199)
calls=10 -27598 0
* * 10
+83 0 0
cfl=
cfn=(9)
calls=10 -17749 0
* * 10
cfl=
cfn=(9)
calls=10 -16580 0
* * 10
+230 0 0
cfl=
cfn=(404)
calls=10 -27615 0
* * 10

ob=
fl=
fn=(203)
+203 0 0
cfl=
cfn=(411)
calls=240 -508 0
* * 240
cfl=
cfn=(411)
calls=30 -596 0
* * 30
cfl=
cfn=(411)
calls=20 -542 0
* * 20
cfl=
cfn=(411)
calls=20 -230 0
* * 20
cfl=
cfn=(411)
calls=10 -854 0
* * 10
cfl=
cfn=(411)
calls=10 -764 0
* * 10
cfl=
cfn=(411)
calls=10 -332 0
* * 10
cfl=
cfn=(411)
calls=10 -313 0
* * 10
cfl=
cfn=(411)
calls=10 * 0
* * 10
+44 0 0
cfl=
cfn=(198)
calls=50 -31355 0
* * 50
cfl=
cfn=(198)
calls=20 -32037 0
* * 20
cfl=
cfn=(198)
calls=20 -31738 0
* * 20

ob=
fl=
fn=(412) github.com/nd-r/tech-db-forum/models.easyjsonD2b7633eEncodeGithubComNdRTechDbForumModels10
+6714 0 0
cfl=
cfn=(203)
calls=20 -44 0
* * 20
+70 0 0
cfl=
cfn=(200)
calls=10 -34612 0
* * 10

ob=
fl=
fn=(413) github.com/nd-r/tech-db-forum/models.PostDetails.MarshalJSON
+456 0 0
cfl=
cfn=(412)
calls=20 -70 0
* * 20
cfl=
cfn=(412)
calls=10 * 0
* * 10
+41 0 0
cfl=
cfn=(198)
calls=20 -38639 0
* * 20
cfl=
cfn=(198)
calls=10 -39321 0
* * 10

ob=
fl=
fn=(414) github.com/nd-r/tech-db-forum/models.easyjsonD2b7633eEncodeGithubComNdRTechDbForumModels11
+1793 0 0
cfl=
cfn=(415) github.com/nd-r/tech-db-forum/models.Post.MarshalJSON
calls=260 +7011 0
* * 260
cfl=
cfn=(415)
calls=50 +7055 0
* * 50
+70 0 0
cfl=
cfn=(200)
calls=40 -36972 0
* * 40
cfl=
cfn=(200)
calls=10 -37119 0
* * 10

ob=
fl=
fn=(416) github.com/nd-r/tech-db-forum/models.PostArr.MarshalJSON
+339 0 0
cfl=
cfn=(414)
calls=310 -70 0
* * 310
cfl=
cfn=(414)
calls=50 * 0
* * 50
+41 0 0
cfl=
cfn=(198)
calls=30 -40882 0
* * 30
cfl=
cfn=(198)
calls=10 -41265 0
* * 10

ob=
fl=
fn=(417) github.com/nd-r/tech-db-forum/models.easyjsonD2b7633eEncodeGithubComNdRTechDbForumModels12
+3694 0 0
cfl=
cfn=(9)
calls=10 -27828 0
* * 10
cfl=
cfn=(9)
calls=10 -27766 0
* * 10
+88 0 0
cfl=
cfn=(9)
calls=40 -30377 0
* * 40
cfl=
cfn=(9)
calls=30 -31527 0
* * 30
cfl=
cfn=(9)
calls=30 -30529 0
* * 30
cfl=
cfn=(9)
calls=20 -31566 0
* * 20
cfl=
cfn=(9)
calls=20 -30505 0
* * 20
cfl=
cfn=(9)
calls=10 -31556 0
* * 10
cfl=
cfn=(9)
calls=10 -31531 0
* * 10
cfl=
cfn=(9)
calls=10 -31522 0
* * 10
cfl=
cfn=(9)
calls=10 -30511 0
* * 10
cfl=
cfn=(9)
calls=10 -30499 0
* * 10
+187 0 0
cfl=
cfn=(9)
calls=10 -31553 0
* * 10
+90 0 0
cfl=
cfn=(405)
calls=20 -38849 0
* * 20
+89 0 0
cfl=
cfn=(201)
calls=10 -32143 0
* * 10
+270 0 0
cfl=
cfn=(405)
calls=10 -39083 0
* * 10

ob=
fl=
fn=(415)
+350 0 0
cfl=
cfn=(417)
calls=190 -636 0
* * 190
cfl=
cfn=(417)
calls=20 -724 0
* * 20
cfl=
cfn=(417)
calls=20 -359 0
* * 20
cfl=
cfn=(417)
calls=10 -449 0
* * 10
cfl=
cfn=(417)
calls=10 -270 0
* * 10
cfl=
cfn=(417)
calls=10 * 0
* * 10
+44 0 0
cfl=
cfn=(198)
calls=50 -45691 0
* * 50

ob=
fl=
fn=(418) github.com/nd-r/tech-db-forum/database.GetForumDetails
+15394 0 0
cfl=
cfn=(392)
calls=250 -872678 0
* * 250
+178 0 0
cfl=
cfn=(13)
calls=10 -3061787 0
* * 10
+133 0 0
cfl=
cfn=(398)
calls=420 -883173 0
* * 420
+44 0 0
cfl=
cfn=(356)
calls=40 -2205901 0
* * 40
+59 0 0
cfl=
cfn=(356)
calls=270 -2205945 0
* * 270
cfl=
cfn=(356)
calls=40 -2205875 0
* * 40

ob=
fl=
fn=(419) github.com/nd-r/tech-db-forum/database.GetForumThreads
+1225 0 0
cfl=
cfn=(392)
calls=220 -888486 0
* * 220
+627 0 0
cfl=
cfn=(394)
calls=750 -885578 0
* * 750
+218 0 0
cfl=
cfn=(356)
calls=40 -2207856 0
* * 40
+55 0 0
cfl=
cfn=(356)
calls=110 -2208074 0
* * 110
cfl=
cfn=(356)
calls=30 -2208004 0
* * 30
+843 0 0
cfl=
cfn=(394)
calls=850 -886478 0
* * 850

ob=
fl=
fn=(420) github.com/nd-r/tech-db-forum/database.GetForumUsers
+470 0 0
cfl=
cfn=(13)
calls=10 -3065187 0
* * 10
+78 0 0
cfl=
cfn=(392)
calls=270 -891924 0
* * 270
+220 0 0
cfl=
cfn=(398)
calls=380 -886925 0
* * 380
+709 0 0
cfl=
cfn=(394)
calls=750 -888089 0
* * 750
+29 0 0
cfl=
cfn=(356)
calls=240 -2210449 0
* * 240
cfl=
cfn=(356)
calls=30 -2210379 0
* * 30
+752 0 0
cfl=
cfn=(356)
calls=40 -2210478 0
* * 40
cfl=
cfn=(356)
calls=10 -2210408 0
* * 10

ob=
fl=
fn=(204)
+220 0 0
cfl=
cfn=(392)
calls=260 -893712 0
* * 260
+401 0 0
cfl=
cfn=(398)
calls=530 -888855 0
* * 530
+396 0 0
cfl=
cfn=(356)
calls=140 -2211851 0
* * 140
cfl=
cfn=(356)
calls=10 -2211781 0
* * 10
+219 0 0
cfl=
cfn=(398)
calls=280 -889652 0
* * 280
+303 0 0
cfl=
cfn=(398)
calls=210 -889871 0
* * 210
+301 0 0
cfl=
cfn=(398)
calls=170 -890174 0
* * 170
+134 0 0
cfl=
cfn=(356)
calls=10 -2213000 0
* * 10
+46 0 0
cfl=
cfn=(356)
calls=40 -2213204 0
* * 40

ob=
fl=
fn=(205)
+6980 0 0
cfl=
cfn=(392)
calls=260 -895732 0
* * 260
+364 0 0
cfl=
cfn=(398)
calls=30 -897635 0
* * 30
+40 0 0
cfl=
cfn=(356)
calls=20 -2220594 0
* * 20
+202 0 0
cfl=
cfn=(398)
calls=570 -898039 0
* * 570
+40 0 0
cfl=
cfn=(356)
calls=170 -2220836 0
* * 170
cfl=
cfn=(356)
calls=10 -2220766 0
* * 10

ob=
fl=
fn=(421) github.com/nd-r/tech-db-forum/database.GetThreadPosts
+257 0 0
cfl=
cfn=(392)
calls=310 -903358 0
* * 310
+305 0 0
cfl=
cfn=(398)
calls=60 -898538 0
* * 60
+818 0 0
cfl=
cfn=(394)
calls=650 -899787 0
* * 650
+125 0 0
cfl=
cfn=(356)
calls=150 -2222256 0
* * 150
cfl=
cfn=(356)
calls=20 -2222186 0
* * 20
+447 0 0
cfl=
cfn=(394)
calls=760 -900730 0
* * 760
+1229 0 0
cfl=
cfn=(356)
calls=10 -2222828 0
* * 10
+245 0 0
cfl=
cfn=(398)
calls=370 -901462 0
* * 370
+40 0 0
cfl=
cfn=(356)
calls=30 -2224302 0
* * 30

ob=
fl=
fn=(422) github.com/nd-r/tech-db-forum/database.GetUserProfile
+2448 0 0
cfl=
cfn=(392)
calls=130 -906824 0
* * 130
+293 0 0
cfl=
cfn=(398)
calls=450 -904195 0
* * 450
+44 0 0
cfl=
cfn=(356)
calls=20 -2227083 0
* * 20
cfl=
cfn=(356)
calls=10 -2227013 0
* * 10
+51 0 0
cfl=
cfn=(356)
calls=150 -2227127 0
* * 150
cfl=
cfn=(356)
calls=30 -2227057 0
* * 30

ob=
fl=
fn=(423) github.com/nd-r/tech-db-forum/vendor/github.com/valyala/fasthttp.(*Args).ParseBytes
+146479 0 0
cfl=
cfn=(206)
calls=10 +162309 0
* * 10

ob=
fl=
fn=(208)
+91813 0 0
cfl=
cfn=(207)
calls=10 +20843 0
* * 10

ob=
fl=
fn=(424) github.com/nd-r/tech-db-forum/vendor/github.com/valyala/fasthttp.(*RequestHeader).Read
+39882 0 0
cfl=
cfn=(425) github.com/nd-r/tech-db-forum/vendor/github.com/valyala/fasthttp.(*RequestHeader).tryRead
calls=780 +40179 0
* * 780

ob=
fl=
fn=(425)
+297 0 0
cfl=
cfn=(368)
calls=780 -2435454 0
* * 780

ob=
fl=
fn=(426) github.com/nd-r/tech-db-forum/vendor/github.com/valyala/fasthttp.(*ResponseHeader).Write
+2061 0 0
cfl=
cfn=(427) github.com/nd-r/tech-db-forum/vendor/github.com/valyala/fasthttp.(*ResponseHeader).Header
calls=40 +2370 0
* * 40

ob=
fl=
fn=(427)
+309 0 0
cfl=
cfn=(209)
calls=10 +676 0
* * 10
cfl=
cfn=(209)
calls=10 +1187 0
* * 10
cfl=
cfn=(209)
calls=10 +1890 0
* * 10
cfl=
cfn=(209)
calls=10 +2715 0
* * 10

ob=
fl=
fn=(209)
+367 0 0
cfl=
cfn=(214)
calls=10 +111713 0
* * 10
+511 0 0
cfl=
cfn=(12)
calls=10 -3065411 0
* * 10
+1528 0 0
cfl=
cfn=(12)
calls=10 -3065899 0
* * 10

ob=
fl=
fn=(428) github.com/nd-r/tech-db-forum/vendor/github.com/valyala/fasthttp.(*Response).AppendBody
+39367 0 0
cfl=
cfn=(429) github.com/nd-r/tech-db-forum/vendor/github.com/valyala/fasthttp.(*Response).AppendBodyString
calls=10 +39537 0
* * 10

ob=
fl=
fn=(429)
+170 0 0
cfl=
cfn=(12)
calls=10 -3107839 0
* * 10

ob=
fl=
fn=(430) github.com/nd-r/tech-db-forum/vendor/github.com/valyala/fasthttp.(*Request).URI
+5396 0 0
cfl=
cfn=(431) github.com/nd-r/tech-db-forum/vendor/github.com/valyala/fasthttp.(*Request).parseURI
calls=20 +5575 0
* * 20

ob=
fl=
fn=(431)
+179 0 0
cfl=
cfn=(432) github.com/nd-r/tech-db-forum/vendor/github.com/valyala/fasthttp.(*URI).parseQuick
calls=20 +73549 0
* * 20

ob=
fl=
fn=(433) github.com/nd-r/tech-db-forum/vendor/github.com/valyala/fasthttp.(*Request).readLimitBody
+8429 0 0
cfl=
cfn=(424)
calls=780 -50185 0
* * 780

ob=
fl=
fn=(210)
+8836 0 0
cfl=
cfn=(208)
calls=10 -98829 0
* * 10
cfl=
cfn=(208)
calls=10 -98496 0
* * 10
+24 0 0
cfl=
cfn=(426)
calls=40 -65092 0
* * 40
+99 0 0
cfl=
cfn=(370)
calls=380 -2494872 0
* * 380
cfl=
cfn=(370)
calls=120 -2494744 0
* * 120

ob=
fl=
fn=(211)
+15731 0 0
cfl=
cfn=(430)
calls=20 -17567 0
* * 20

ob=
fl=
fn=(434) github.com/nd-r/tech-db-forum/vendor/github.com/valyala/fasthttp.(*RequestCtx).Path
+270 0 0
cfl=
cfn=(211)
calls=20 * 0
* * 20

ob=
fl=
fn=(435) github.com/nd-r/tech-db-forum/vendor/github.com/valyala/fasthttp.(*RequestCtx).QueryArgs
+256 0 0
cfl=
cfn=(211)
calls=10 -264 0
* * 10
+14 0 0
cfl=
cfn=(436) github.com/nd-r/tech-db-forum/vendor/github.com/valyala/fasthttp.(*URI).QueryArgs
calls=10 +53248 0
* * 10

ob=
fl=
fn=(437) github.com/nd-r/tech-db-forum/vendor/github.com/valyala/fasthttp.(*RequestCtx).Write
+4824 0 0
cfl=
cfn=(428)
calls=10 -39404 0
* * 10

ob=
fl=
fn=(212)
+11708 0 0
cfl=
cfn=(40)
calls=11970 +634099 0
* * 11970
cfl=
cfn=(40)
calls=20 +634105 0
* * 20
+647 0 0
cfl=
cfn=(438) github.com/nd-r/tech-db-forum/vendor/github.com/valyala/fasthttp.writeResponse
calls=570 +7235 0
* * 570
+1002 0 0
cfl=
cfn=(369)
calls=440 -2529071 0
* * 440
+220 0 0
cfl=
cfn=(213)
calls=10 +8275 0
* * 10
cfl=
cfn=(213)
calls=10 +8378 0
* * 10
+1841 0 0
cfl=
cfn=(433)
calls=780 -43631 0
* * 780

ob=
fl=
fn=(438)
+3525 0 0
cfl=
cfn=(210)
calls=500 -36513 0
* * 500
cfl=
cfn=(210)
calls=40 -36612 0
* * 40
cfl=
cfn=(210)
calls=20 -36636 0
* * 20
cfl=
cfn=(210)
calls=10 -36357 0
* * 10

ob=
fl=
fn=(213)
+2792 0 0
cfl=
cfn=(220)
calls=10 -3479624 0
* * 10

ob=
fl=
fn=(432)
+13152 0 0
cfl=
cfn=(439) github.com/nd-r/tech-db-forum/vendor/github.com/valyala/fasthttp.(*URI).parse
calls=10 +13700 0
* * 10
cfl=
cfn=(439)
calls=10 +14602 0
* * 10

ob=
fl=
fn=(439)
+548 0 0
cfl=
cfn=(440) github.com/nd-r/tech-db-forum/vendor/github.com/valyala/fasthttp.splitHostURI
calls=10 +12581 0
* * 10
+902 0 0
cfl=
cfn=(441) github.com/nd-r/tech-db-forum/vendor/github.com/valyala/fasthttp.normalizePath
calls=10 +5154 0
* * 10

ob=
fl=
fn=(441)
+4252 0 0
cfl=
cfn=(132)
calls=10 -3113217 0
* * 10

ob=
fl=
fn=(440)
+6879 0 0
cfl=
cfn=(133)
calls=10 -3110170 0
* * 10

ob=
fl=
fn=(436)
+942 0 0
cfl=
cfn=(442) github.com/nd-r/tech-db-forum/vendor/github.com/valyala/fasthttp.(*URI).parseQueryArgs
calls=10 +1077 0
* * 10

ob=
fl=
fn=(442)
+135 0 0
cfl=
cfn=(423)
calls=10 -268773 0
* * 10

ob=
fl=
fn=(443) github.com/nd-r/tech-db-forum/vendor/github.com/valyala/fasthttp.(*workerPool).workerFunc
+5788 0 0
cfl=
cfn=(444) github.com/nd-r/tech-db-forum/vendor/github.com/valyala/fasthttp.(*Server).(github.com/nd-r/tech-db-forum/vendor/github.com/valyala/fasthttp.serveConn)-fm
calls=13810 +16252 0
* * 13810

ob=
fl=
fn=(314)
+4983 0 0
cfl=
cfn=(443)
calls=13810 * 0
* * 13810

ob=
fl=
fn=(444)
+5481 0 0
cfl=
cfn=(212)
calls=11990 -47608 0
* * 11990
cfl=
cfn=(212)
calls=780 -43898 0
* * 780
cfl=
cfn=(212)
calls=570 -46961 0
* * 570
cfl=
cfn=(212)
calls=440 -45959 0
* * 440
cfl=
cfn=(212)
calls=20 -45739 0
* * 20
cfl=
cfn=(212)
calls=10 -47890 0
* * 10

ob=
fl=
fn=(445) github.com/nd-r/tech-db-forum/vendor/github.com/buaazp/fasthttprouter.(*Router).Handler
+14154 0 0
cfl=
cfn=(434)
calls=20 -69891 0
* * 20
+213 0 0
cfl=
cfn=(46)
calls=10 -3546439 0
* * 10
cfl=
cfn=(46)
calls=10 -3546246 0
* * 10
cfl=
cfn=(46)
calls=10 -3546167 0
* * 10
+1128 0 0
cfl=
cfn=(215)
calls=10 +9768 0
* * 10
cfl=
cfn=(215)
calls=10 +10318 0
* * 10
+1220 0 0
cfl=
cfn=(446) github.com/nd-r/tech-db-forum/handlers.GetThreadPosts
calls=2360 +27605 0
* * 2360
cfl=
cfn=(447) github.com/nd-r/tech-db-forum/handlers.GetForumThreads
calls=2000 +20462 0
* * 2000
cfl=
cfn=(448) github.com/nd-r/tech-db-forum/handlers.GetForumUsers
calls=1730 +21601 0
* * 1730
cfl=
cfn=(449) github.com/nd-r/tech-db-forum/handlers.GetPostDetails
calls=1660 +22486 0
* * 1660
cfl=
cfn=(450) github.com/nd-r/tech-db-forum/handlers.GetThreadDetails
calls=1070 +25463 0
* * 1070
cfl=
cfn=(451) github.com/nd-r/tech-db-forum/handlers.GetForumDetails
calls=1030 +19451 0
* * 1030
cfl=
cfn=(452) github.com/nd-r/tech-db-forum/handlers.GetUserProfile
calls=790 +29984 0
* * 790
cfl=
cfn=(447)
calls=500 +20544 0
* * 500
cfl=
cfn=(446)
calls=400 +27687 0
* * 400
cfl=
cfn=(448)
calls=230 +21784 0
* * 230
cfl=
cfn=(449)
calls=60 +22631 0
* * 60
cfl=
cfn=(450)
calls=40 +25511 0
* * 40
cfl=
cfn=(447)
calls=10 +20591 0
* * 10
cfl=
cfn=(448)
calls=10 +21283 0
* * 10
cfl=
cfn=(446)
calls=10 +27139 0
* * 10

ob=
fl=
fn=(215)
+7970 0 0
cfl=
cfn=(48)
calls=10 -3542593 0
* * 10

ob=
fl=
fn=(451)
+10261 0 0
cfl=
cfn=(418)
calls=420 -477601 0
* * 420
cfl=
cfn=(418)
calls=310 -477498 0
* * 310
cfl=
cfn=(418)
calls=250 -477912 0
* * 250
cfl=
cfn=(418)
calls=40 -477557 0
* * 40
cfl=
cfn=(418)
calls=10 -477734 0
* * 10

ob=
fl=
fn=(447)
+1011 0 0
cfl=
cfn=(419)
calls=850 -484791 0
* * 850
cfl=
cfn=(419)
calls=750 -485907 0
* * 750
cfl=
cfn=(419)
calls=220 -486534 0
* * 220
cfl=
cfn=(419)
calls=140 -485634 0
* * 140
cfl=
cfn=(419)
calls=40 -485689 0
* * 40
+82 0 0
cfl=
cfn=(410)
calls=460 -525127 0
* * 460
cfl=
cfn=(410)
calls=40 -525086 0
* * 40
+47 0 0
cfl=
cfn=(437)
calls=10 -100836 0
* * 10

ob=
fl=
fn=(448)
+692 0 0
cfl=
cfn=(435)
calls=10 -105721 0
* * 10
+318 0 0
cfl=
cfn=(420)
calls=750 -485146 0
* * 750
cfl=
cfn=(420)
calls=380 -485855 0
* * 380
cfl=
cfn=(420)
calls=270 -486075 0
* * 270
cfl=
cfn=(420)
calls=270 -485117 0
* * 270
cfl=
cfn=(420)
calls=50 -484365 0
* * 50
cfl=
cfn=(420)
calls=10 -486153 0
* * 10
+183 0 0
cfl=
cfn=(407)
calls=200 -533770 0
* * 200
cfl=
cfn=(407)
calls=30 -533729 0
* * 30

ob=
fl=
fn=(449)
+702 0 0
cfl=
cfn=(204)
calls=530 -484245 0
* * 530
cfl=
cfn=(204)
calls=280 -483630 0
* * 280
cfl=
cfn=(204)
calls=260 -484646 0
* * 260
cfl=
cfn=(204)
calls=210 -483327 0
* * 210
cfl=
cfn=(204)
calls=170 -483026 0
* * 170
cfl=
cfn=(204)
calls=150 -483849 0
* * 150
cfl=
cfn=(204)
calls=40 -482846 0
* * 40
cfl=
cfn=(204)
calls=10 -483906 0
* * 10
cfl=
cfn=(204)
calls=10 -482892 0
* * 10
+145 0 0
cfl=
cfn=(413)
calls=30 -513698 0
* * 30
cfl=
cfn=(413)
calls=30 -513657 0
* * 30

ob=
fl=
fn=(450)
+2832 0 0
cfl=
cfn=(205)
calls=570 -476107 0
* * 570
cfl=
cfn=(205)
calls=260 -476713 0
* * 260
cfl=
cfn=(205)
calls=180 -476067 0
* * 180
cfl=
cfn=(205)
calls=30 -476349 0
* * 30
cfl=
cfn=(205)
calls=20 -476309 0
* * 20
cfl=
cfn=(205)
calls=10 -476101 0
* * 10
+48 0 0
cfl=
cfn=(203)
calls=30 -523959 0
* * 30
cfl=
cfn=(203)
calls=10 -524091 0
* * 10

ob=
fl=
fn=(446)
+1628 0 0
cfl=
cfn=(435)
calls=10 -110627 0
* * 10
+466 0 0
cfl=
cfn=(421)
calls=760 -478623 0
* * 760
cfl=
cfn=(421)
calls=650 -479195 0
* * 650
cfl=
cfn=(421)
calls=370 -477149 0
* * 370
cfl=
cfn=(421)
calls=310 -480318 0
* * 310
cfl=
cfn=(421)
calls=170 -479070 0
* * 170
cfl=
cfn=(421)
calls=60 -480013 0
* * 60
cfl=
cfn=(421)
calls=30 -477109 0
* * 30
cfl=
cfn=(421)
calls=10 -477394 0
* * 10
+82 0 0
cfl=
cfn=(416)
calls=360 -516574 0
* * 360
cfl=
cfn=(416)
calls=40 -516533 0
* * 40

ob=
fl=
fn=(452)
+2297 0 0
cfl=
cfn=(422)
calls=450 -474916 0
* * 450
cfl=
cfn=(422)
calls=180 -474821 0
* * 180
cfl=
cfn=(422)
calls=130 -475209 0
* * 130
cfl=
cfn=(422)
calls=30 -474872 0
* * 30

ob=
fl=
fn=(40)
+523823 0 0
cfl=
cfn=(445)
calls=11900 -28764 0
* * 11900
cfl=
cfn=(445)
calls=30 -31112 0
* * 30
cfl=
cfn=(445)
calls=20 -31325 0
* * 20
cfl=
cfn=(445)
calls=20 -29984 0
* * 20
