positions: instr line
events: cpu(ms)

ob=
fl=
fn=(1) syscall.Syscall
0x1083c6a 0 6060

ob=
fl=
fn=(2) runtime.kevent
-165863 0 2170

ob=
fl=
fn=(3) runtime.usleep
-525 0 2020

ob=
fl=
fn=(4) runtime.mach_semaphore_signal
+341 0 1630

ob=
fl=
fn=(5) runtime.mach_semaphore_wait
-48 0 1390

ob=
fl=
fn=(6) runtime.freedefer
-195636 0 670

ob=
fl=
fn=(7) runtime.mach_semaphore_timedwait
+195660 0 530

ob=
fl=
fn=(8) runtime.scanobject
-249609 0 80

ob=
fl=
fn=(9) runtime.greyobject
+1489 0 70

ob=
fl=
fn=(10) github.com/nd-r/tech-db-forum/vendor/github.com/mailru/easyjson/jwriter.(*Writer).String
+2961285 0 70
+993 0 70

ob=
fl=
fn=(8)
-2963759 0 60
+10 0 60
+91 0 60

ob=
fl=
fn=(11) runtime.(*bucket).mp
+27711 0 60

ob=
fl=
fn=(10)
+2934949 0 60

ob=
fl=
fn=(8)
-2962718 0 50

ob=
fl=
fn=(12) runtime.procyield
+239369 0 50

ob=
fl=
fn=(13) runtime.memclrNoHeapPointers
+6689 0 50

ob=
fl=
fn=(8)
-246067 0 40

ob=
fl=
fn=(10)
+2962688 0 40

ob=
fl=
fn=(14) runtime.unlock
-3021609 0 30

ob=
fl=
fn=(15) runtime.mallocgc
+5712 0 30

ob=
fl=
fn=(16) runtime.heapBitsSetType
+13526 0 30

ob=
fl=
fn=(17) runtime.netpoll
+86234 0 30

ob=
fl=
fn=(18) runtime.memeqbody
+195827 0 30

ob=
fl=
fn=(19) runtime.memmove
+4751 0 30
+981 0 30

ob=
fl=
fn=(20) github.com/nd-r/tech-db-forum/vendor/github.com/jmoiron/sqlx/reflectx.(*Mapper).TraversalsByName
+1834091 0 30

ob=
fl=
fn=(10)
+880593 0 30
+955 0 30

ob=
fl=
fn=(15)
-3016619 0 20
+726 0 20

ob=
fl=
fn=(21) runtime.newobject
+1105 0 20

ob=
fl=
fn=(22) runtime.typedmemmove
+2850 0 20

ob=
fl=
fn=(8)
+47804 0 20
+355 0 20
+3 0 20

ob=
fl=
fn=(23) runtime.(*gcSweepBuf).push
+9425 0 20

ob=
fl=
fn=(24) runtime.(*mheap).allocSpanLocked
+9093 0 20

ob=
fl=
fn=(25) runtime.mprof_GC
+10520 0 20

ob=
fl=
fn=(26) runtime.netpollunblock
+15746 0 20

ob=
fl=
fn=(27) runtime.deferreturn
+9767 0 20

ob=
fl=
fn=(28) runtime.casgstatus
+18597 0 20

ob=
fl=
fn=(29) runtime.findrunnable
+11631 0 20

ob=
fl=
fn=(30) runtime.retake
+20131 0 20

ob=
fl=
fn=(31) runtime.makeslice
+40786 0 20

ob=
fl=
fn=(32) runtime.findfunc
+26903 0 20

ob=
fl=
fn=(33) runtime.step
+3488 0 20

ob=
fl=
fn=(34) runtime.resolveTypeOff
+34995 0 20

ob=
fl=
fn=(13)
+35330 0 20

ob=
fl=
fn=(19)
+64 0 20
+1698 0 20
+4 0 20

ob=
fl=
fn=(35) sync.(*RWMutex).RUnlock
+24097 0 20

ob=
fl=
fn=(36) strconv.ParseInt
+75927 0 20

ob=
fl=
fn=(37) time.(*Location).lookup
+119634 0 20

ob=
fl=
fn=(38) database/sql.(*driverConn).Unlock
+369858 0 20

ob=
fl=
fn=(39) net.(*fdMutex).rwlock
+175937 0 20

ob=
fl=
fn=(40) github.com/nd-r/tech-db-forum/vendor/github.com/lib/pq.(*conn).recvMessage
+967909 0 20

ob=
fl=
fn=(10)
+981180 0 20
+5 0 20
+1045 0 20
+12 0 20

ob=
fl=
fn=(41) sync/atomic.(*Value).Load
-3079038 0 10

ob=
fl=
fn=(42) runtime.ifaceeq
+4052 0 10
+39 0 10

ob=
fl=
fn=(43) runtime.makechan
+9142 0 10

ob=
fl=
fn=(44) runtime.mapaccess2
+20499 0 10

ob=
fl=
fn=(45) runtime.mapaccess1_fast64
+12315 0 10
+50 0 10
+169 0 10

ob=
fl=
fn=(46) runtime.mapaccess1_faststr
+860 0 10

ob=
fl=
fn=(47) runtime.getitab
+2548 0 10
+4 0 10

ob=
fl=
fn=(48) runtime.convT2E
+3765 0 10

ob=
fl=
fn=(49) runtime.assertI2I2
+938 0 10

ob=
fl=
fn=(50) runtime.assertE2I2
+710 0 10

ob=
fl=
fn=(51) runtime.lfstackpop
+647 0 10
+5 0 10

ob=
fl=
fn=(52) runtime.lock
+32 0 10
+92 0 10

ob=
fl=
fn=(14)
+439 0 10
+161 0 10

ob=
fl=
fn=(53) runtime.notesleep
+391 0 10

ob=
fl=
fn=(54) runtime.(*mcache).nextFree
+3884 0 10

ob=
fl=
fn=(15)
+774 0 10
+26 0 10
+6 0 10
+23 0 10
+127 0 10
+98 0 10
+57 0 10
+4 0 10
+200 0 10
+731 0 10
+260 0 10
+46 0 10
+14 0 10
+12 0 10
+10 0 10
+132 0 10
+37 0 10
+106 0 10
+22 0 10
+17 0 10
+23 0 10
+333 0 10

ob=
fl=
fn=(55) runtime.gcmarkwb_m
+2542 0 10

ob=
fl=
fn=(56) runtime.writebarrierptr_prewrite1
+122 0 10

ob=
fl=
fn=(22)
+674 0 10

ob=
fl=
fn=(57) reflect.typedmemmove
+134 0 10

ob=
fl=
fn=(58) runtime.heapBitsForObject
+2940 0 10
+836 0 10

ob=
fl=
fn=(59) runtime.heapBits.initSpan
+2106 0 10

ob=
fl=
fn=(16)
+1173 0 10
+3 0 10
+43 0 10
+183 0 10
+120 0 10
+80 0 10
+550 0 10
+337 0 10

ob=
fl=
fn=(60) runtime.(*mcache).refill
+3451 0 10
+52 0 10

ob=
fl=
fn=(61) runtime.(*mcentral).cacheSpan
+509 0 10

ob=
fl=
fn=(62) runtime.(*mcentral).grow
+1833 0 10

ob=
fl=
fn=(63) runtime.(*gcControllerState).startCycle
+7104 0 10

ob=
fl=
fn=(64) runtime.gcBgMarkWorker
+8573 0 10

ob=
fl=
fn=(65) runtime.gcResetMarkState
+3321 0 10

ob=
fl=
fn=(66) runtime.gcAssistAlloc1
+6562 0 10

ob=
fl=
fn=(67) runtime.scanstack
+1886 0 10

ob=
fl=
fn=(68) runtime.queueRescan
+3145 0 10

ob=
fl=
fn=(69) runtime.gcDrain
+885 0 10
+137 0 10
+436 0 10

ob=
fl=
fn=(70) runtime.scanblock
+892 0 10
+48 0 10
+4 0 10
+19 0 10
+21 0 10
+3 0 10
+189 0 10

ob=
fl=
fn=(8)
+62 0 10
+448 0 10
+64 0 10
+10 0 10
+30 0 10
+8 0 10
+8 0 10
+12 0 10
+5 0 10
+101 0 10

ob=
fl=
fn=(71) runtime.shade
+312 0 10

ob=
fl=
fn=(9)
+194 0 10
+40 0 10
+684 0 10
+25 0 10
+36 0 10
+50 0 10

ob=
fl=
fn=(72) runtime.deductSweepCredit
+7142 0 10

ob=
fl=
fn=(23)
+742 0 10
+21 0 10

ob=
fl=
fn=(73) runtime.(*gcWork).balance
+1889 0 10

ob=
fl=
fn=(74) runtime.(*mheap).alloc_m
+5930 0 10

ob=
fl=
fn=(75) runtime.(*mSpanList).remove
+5963 0 10

ob=
fl=
fn=(11)
+4549 0 10

ob=
fl=
fn=(25)
+1327 0 10

ob=
fl=
fn=(76) net.runtime_pollReset
+12822 0 10

ob=
fl=
fn=(77) runtime.netpollready
+2079 0 10

ob=
fl=
fn=(78) runtime.semawakeup
+3113 0 10

ob=
fl=
fn=(79) runtime.deferproc
+5075 0 10
+32 0 10

ob=
fl=
fn=(80) runtime.newdefer
+1531 0 10

ob=
fl=
fn=(6)
+130 0 10

ob=
fl=
fn=(27)
+669 0 10
+58 0 10
+192 0 10

ob=
fl=
fn=(81) runtime.gopark
+10396 0 10

ob=
fl=
fn=(82) runtime.scang
+8561 0 10

ob=
fl=
fn=(83) runtime.startm
+6662 0 10

ob=
fl=
fn=(84) runtime.wakep
+1049 0 10
+7 0 10

ob=
fl=
fn=(29)
+3019 0 10
+119 0 10
+158 0 10
+337 0 10

ob=
fl=
fn=(85) runtime.goschedImpl
+2679 0 10

ob=
fl=
fn=(86) runtime.reentersyscall
+1648 0 10

ob=
fl=
fn=(87) runtime.entersyscall
+546 0 10
+4 0 10

ob=
fl=
fn=(88) runtime.exitsyscall
+1090 0 10

ob=
fl=
fn=(89) runtime.gfget
+4202 0 10

ob=
fl=
fn=(90) runtime.sysmon
+8528 0 10

ob=
fl=
fn=(30)
+1649 0 10
+45 0 10

ob=
fl=
fn=(91) runtime.globrunqget
+3205 0 10

ob=
fl=
fn=(92) runtime.runqempty
+549 0 10

ob=
fl=
fn=(93) runtime.runqput
+49 0 10

ob=
fl=
fn=(94) runtime.runqget
+975 0 10

ob=
fl=
fn=(95) runtime.runqgrab
+321 0 10

ob=
fl=
fn=(96) sync.runtime_procPin
+330 0 10
+15 0 10
+4 0 10
+5 0 10

ob=
fl=
fn=(97) reflect.resolveNameOff
+7460 0 10

ob=
fl=
fn=(31)
+27295 0 10

ob=
fl=
fn=(98) runtime.slicebytetostring
+16229 0 10
+59 0 10

ob=
fl=
fn=(99) runtime.rawstring
+1803 0 10

ob=
fl=
fn=(100) runtime.unixnanotime
+2534 0 10

ob=
fl=
fn=(101) runtime.pcvalue
+6614 0 10

ob=
fl=
fn=(102) runtime.pcdatavalue
+2720 0 10

ob=
fl=
fn=(103) runtime.funcdata
+177 0 10
+10 0 10

ob=
fl=
fn=(33)
+131 0 10
+147 0 10
+21 0 10

ob=
fl=
fn=(104) runtime.readvarint
+125 0 10
+118 0 10

ob=
fl=
fn=(105) runtime.stackmapdata
+69 0 10

ob=
fl=
fn=(106) runtime.gentraceback
+19952 0 10

ob=
fl=
fn=(107) runtime.(*mheap).freeSpan.func1
+28986 0 10

ob=
fl=
fn=(108) runtime.systemstack
+7893 0 10

ob=
fl=
fn=(109) runtime.jmpdefer
+6145 0 10

ob=
fl=
fn=(110) runtime.getcallerpc
+685 0 10

ob=
fl=
fn=(111) runtime.indexbytebody
+4057 0 10

ob=
fl=
fn=(112) runtime.fastrand
+167 0 10

ob=
fl=
fn=(113) runtime.duffzero
+512 0 10
+8 0 10

ob=
fl=
fn=(114) runtime.duffcopy
+839 0 10

ob=
fl=
fn=(13)
+189 0 10
+178 0 10
+18 0 10
+5 0 10
+40 0 10

ob=
fl=
fn=(19)
+357 0 10
+10 0 10
+36 0 10
+461 0 10
+46 0 10
+5 0 10
+52 0 10
+36 0 10
+12 0 10
+15 0 10
+916 0 10
+9 0 10
+58 0 10
+23 0 10
+6 0 10

ob=
fl=
fn=(115) nanotime
+465 0 10
+4 0 10
+82 0 10

ob=
fl=
fn=(5)
+833 0 10

ob=
fl=
fn=(116) sync.poolCleanup
+21905 0 10

ob=
fl=
fn=(117) sync.(*RWMutex).RLock
+700 0 10

ob=
fl=
fn=(118) io.ReadAtLeast
+2583 0 10

ob=
fl=
fn=(119) math.ldexp
+59945 0 10

ob=
fl=
fn=(120) math.Pow
+1196 0 10

ob=
fl=
fn=(121) strconv.ParseUint
+10639 0 10
+29 0 10

ob=
fl=
fn=(122) strconv.AppendInt
+21659 0 10

ob=
fl=
fn=(123) syscall.Write
+32095 0 10

ob=
fl=
fn=(1)
+15376 0 10

ob=
fl=
fn=(124) time.nextStdChunk
+1441 0 10
+191 0 10
+841 0 10
+16 0 10
+187 0 10
+2000 0 10

ob=
fl=
fn=(125) time.Time.AppendFormat
+4264 0 10
+3491 0 10
+472 0 10

ob=
fl=
fn=(126) time.Time.locabs
+24955 0 10

ob=
fl=
fn=(127) time.absDate
+5417 0 10

ob=
fl=
fn=(37)
+8440 0 10

ob=
fl=
fn=(128) reflect.(*rtype).String
+67566 0 10

ob=
fl=
fn=(129) reflect.(*rtype).Kind
+490 0 10

ob=
fl=
fn=(130) reflect.(*rtype).ptrTo
+16257 0 10
+1313 0 10

ob=
fl=
fn=(131) reflect.implements
+995 0 10
+83 0 10

ob=
fl=
fn=(132) reflect.flag.mustBeAssignable
+19183 0 10

ob=
fl=
fn=(133) reflect.Value.Elem
+10019 0 10
+9 0 10
+59 0 10
+18 0 10
+21 0 10

ob=
fl=
fn=(134) reflect.Value.Field
+490 0 10

ob=
fl=
fn=(135) reflect.valueInterface
+3438 0 10
+216 0 10

ob=
fl=
fn=(136) reflect.Value.IsNil
+427 0 10
+100 0 10

ob=
fl=
fn=(137) reflect.Value.Set
+6658 0 10
+107 0 10

ob=
fl=
fn=(138) reflect.Value.Type
+6216 0 10

ob=
fl=
fn=(139) reflect.MakeSlice
+3450 0 10
+97 0 10

ob=
fl=
fn=(140) reflect.ValueOf
+1237 0 10

ob=
fl=
fn=(141) reflect.New
+413 0 10
+46 0 10

ob=
fl=
fn=(142) context.removeChild
+118077 0 10

ob=
fl=
fn=(143) context.WithCancel.func1
+4439 0 10

ob=
fl=
fn=(144) database/sql.convertAssign
+31172 0 10
+117 0 10
+2425 0 10
+2038 0 10
+2180 0 10

ob=
fl=
fn=(145) database/sql.asString
+2331 0 10
+553 0 10

ob=
fl=
fn=(146) database/sql.(*driverConn).expired
+7951 0 10

ob=
fl=
fn=(147) database/sql.(*DB).queryConn
+21968 0 10

ob=
fl=
fn=(148) database/sql.(*Tx).rollback
+5888 0 10

ob=
fl=
fn=(149) database/sql.(*Rows).nextLocked
+16358 0 10

ob=
fl=
fn=(150) database/sql.(*Rows).Scan
+4107 0 10

ob=
fl=
fn=(151) database/sql.(*DB).queryConn.func1
+4973 0 10

ob=
fl=
fn=(152) strings.IndexRune
+28946 0 10
+387 0 10

ob=
fl=
fn=(153) bufio.(*Reader).fill
+14304 0 10

ob=
fl=
fn=(154) bufio.(*Reader).Read
+1755 0 10

ob=
fl=
fn=(155) bufio.(*Writer).Flush
+6098 0 10
+92 0 10
+25 0 10

ob=
fl=
fn=(39)
+130971 0 10

ob=
fl=
fn=(156) net.(*fdMutex).rwunlock
+733 0 10

ob=
fl=
fn=(157) net.(*netFD).writeLock
+567 0 10

ob=
fl=
fn=(158) net.(*netFD).writeUnlock
+128 0 10

ob=
fl=
fn=(159) net.(*pollDesc).prepareRead
+565 0 10

ob=
fl=
fn=(160) net.(*pollDesc).wait
+183 0 10

ob=
fl=
fn=(161) net.(*netFD).Read
+6252 0 10
+411 0 10

ob=
fl=
fn=(162) net.(*netFD).Write
+2409 0 10

ob=
fl=
fn=(163) github.com/nd-r/tech-db-forum/vendor/github.com/lib/pq.(*conn).simpleExec
+945139 0 10

ob=
fl=
fn=(164) github.com/nd-r/tech-db-forum/vendor/github.com/lib/pq.decideColumnFormats
+4016 0 10

ob=
fl=
fn=(165) github.com/nd-r/tech-db-forum/vendor/github.com/lib/pq.(*conn).query
+5134 0 10

ob=
fl=
fn=(166) github.com/nd-r/tech-db-forum/vendor/github.com/lib/pq.(*conn).parseComplete
+18947 0 10

ob=
fl=
fn=(167) github.com/nd-r/tech-db-forum/vendor/github.com/lib/pq.(*rows).Next
+923 0 10
+59 0 10
+728 0 10
+81 0 10
+287 0 10
+64 0 10

ob=
fl=
fn=(168) github.com/nd-r/tech-db-forum/vendor/github.com/lib/pq.(*conn).QueryContext
+21914 0 10

ob=
fl=
fn=(169) github.com/nd-r/tech-db-forum/vendor/github.com/lib/pq.decode
+12236 0 10

ob=
fl=
fn=(170) github.com/nd-r/tech-db-forum/vendor/github.com/lib/pq.textDecode
+1355 0 10

ob=
fl=
fn=(171) github.com/nd-r/tech-db-forum/vendor/github.com/lib/pq.(*timestampParser).mustAtoi
+6326 0 10

ob=
fl=
fn=(172) github.com/nd-r/tech-db-forum/vendor/github.com/lib/pq.ParseTimestamp
+3085 0 10
+49 0 10

ob=
fl=
fn=(20)
+37090 0 10

ob=
fl=
fn=(173) github.com/nd-r/tech-db-forum/vendor/github.com/jmoiron/sqlx/reflectx.FieldByIndexes
+1060 0 10

ob=
fl=
fn=(174) github.com/nd-r/tech-db-forum/vendor/github.com/jmoiron/sqlx/reflectx.Deref
+549 0 10

ob=
fl=
fn=(175) github.com/nd-r/tech-db-forum/vendor/github.com/jmoiron/sqlx.(*Row).scanAny
+53292 0 10

ob=
fl=
fn=(176) github.com/nd-r/tech-db-forum/vendor/github.com/jmoiron/sqlx.fieldsByTraversal
+7724 0 10
+364 0 10

ob=
fl=
fn=(177) github.com/nd-r/tech-db-forum/vendor/github.com/mailru/easyjson/buffer.putBuf
+800245 0 10

ob=
fl=
fn=(178) github.com/nd-r/tech-db-forum/vendor/github.com/mailru/easyjson/buffer.getBuf
+410 0 10

ob=
fl=
fn=(179) github.com/nd-r/tech-db-forum/vendor/github.com/mailru/easyjson/buffer.(*Buffer).EnsureSpace
+43 0 10
+42 0 10

ob=
fl=
fn=(180) github.com/nd-r/tech-db-forum/vendor/github.com/mailru/easyjson/buffer.(*Buffer).AppendByte
+678 0 10

ob=
fl=
fn=(181) github.com/nd-r/tech-db-forum/vendor/github.com/mailru/easyjson/buffer.(*Buffer).AppendBytes
+727 0 10

ob=
fl=
fn=(182) github.com/nd-r/tech-db-forum/vendor/github.com/mailru/easyjson/buffer.(*Buffer).AppendString
+92 0 10
+113 0 10
+53 0 10

ob=
fl=
fn=(183) github.com/nd-r/tech-db-forum/vendor/github.com/mailru/easyjson/buffer.(*Buffer).BuildBytes
+1322 0 10

ob=
fl=
fn=(184) github.com/nd-r/tech-db-forum/vendor/github.com/mailru/easyjson/jwriter.(*Writer).RawByte
+3958 0 10

ob=
fl=
fn=(10)
+9918 0 10
+19 0 10
+47 0 10
+930 0 10
+109 0 10
+45 0 10
+19 0 10

ob=
fl=
fn=(185) github.com/nd-r/tech-db-forum/models.easyjsonD2b7633eEncodeGithubComNdRTechDbForumModels7
+16096 0 10
+767 0 10

ob=
fl=
fn=(186) github.com/nd-r/tech-db-forum/models.easyjsonD2b7633eEncodeGithubComNdRTechDbForumModels11
+9247 0 10

ob=
fl=
fn=(187) github.com/nd-r/tech-db-forum/database.GetForumThreads
+22314 0 10

ob=
fl=
fn=(188) github.com/nd-r/tech-db-forum/vendor/github.com/valyala/fasthttp.(*Args).ParseBytes
+166607 0 10

ob=
fl=
fn=(189) github.com/nd-r/tech-db-forum/vendor/github.com/valyala/fasthttp.(*RequestHeader).IsGet
+101489 0 10
+9 0 10

ob=
fl=
fn=(190) github.com/nd-r/tech-db-forum/vendor/github.com/valyala/fasthttp.(*ResponseHeader).AppendBytes
+33335 0 10

ob=
fl=
fn=(191) github.com/nd-r/tech-db-forum/vendor/github.com/valyala/fasthttp.(*RequestHeader).parse
+16832 0 10

ob=
fl=
fn=(192) github.com/nd-r/tech-db-forum/vendor/github.com/valyala/fasthttp.nextLine
+16681 0 10

ob=
fl=
fn=(193) github.com/nd-r/tech-db-forum/vendor/github.com/valyala/fasthttp.(*Response).Reset
+21708 0 10

ob=
fl=
fn=(194) github.com/nd-r/tech-db-forum/vendor/github.com/valyala/fasthttp.(*RequestCtx).Write
+30463 0 10

ob=
fl=
fn=(195) github.com/nd-r/tech-db-forum/vendor/github.com/valyala/fasthttp.(*Server).serveConn
+11761 0 10

ob=
fl=
fn=(196) github.com/nd-r/tech-db-forum/vendor/github.com/buaazp/fasthttprouter.(*node).getValue
+77215 0 10

ob=
fl=
fn=(197) sync/atomic.StorePointer
-3598748 0 0
cfl=
cfn=(198) runtime.writebarrierptr_prewrite
calls=10 -3536700 0
* * 10

ob=
fl=
fn=(199) runtime.closechan
+12726 0 0
cfl=
cfn=(200) runtime.goready
calls=500 +175835 0
* * 500

ob=
fl=
fn=(201) runtime.chanrecv1
+246 0 0
cfl=
cfn=(202) runtime.chanrecv
calls=10 +1218 0
* * 10

ob=
fl=
fn=(202)
+972 0 0
cfl=
cfn=(203) runtime.goparkunlock
calls=10 +162761 0
* * 10

ob=
fl=
fn=(48)
+34503 0 0
cfl=
cfn=(21)
calls=150 +45367 0
* * 150
+39 0 0
cfl=
cfn=(22)
calls=20 +13696 0
* * 20
cfl=
cfn=(22)
calls=10 +13732 0
* * 10

ob=
fl=
fn=(204) runtime.convT2I
+185 0 0
cfl=
cfn=(22)
calls=10 +13701 0
* * 10

ob=
fl=
fn=(49)
+821 0 0
cfl=
cfn=(47)
calls=10 -3944 0
* * 10

ob=
fl=
fn=(50)
+598 0 0
cfl=
cfn=(47)
calls=10 -4769 0
* * 10

ob=
fl=
fn=(52)
+1078 0 0
cfl=
cfn=(12)
calls=40 +299620 0
* * 40
+46 0 0
cfl=
cfn=(205) runtime.semasleep
calls=10 +109268 0
* * 10
+24 0 0
cfl=
cfn=(206) runtime.osyield
calls=20 +109363 0
* * 20

ob=
fl=
fn=(207) runtime.notewakeup
+433 0 0
cfl=
cfn=(78)
calls=1630 +106194 0
* * 1630
cfl=
cfn=(78)
calls=10 +106190 0
* * 10

ob=
fl=
fn=(53)
+226 0 0
cfl=
cfn=(205)
calls=1390 +108765 0
* * 1390

ob=
fl=
fn=(208) runtime.notetsleep_internal
+199 0 0
cfl=
cfn=(205)
calls=520 +108539 0
* * 520

ob=
fl=
fn=(209) runtime.notetsleep
+492 0 0
cfl=
cfn=(208)
calls=520 * 0
* * 520

ob=
fl=
fn=(54)
+3268 0 0
cfl=
cfn=(108)
calls=150 +291108 0
* * 150
cfl=
cfn=(108)
calls=70 +291158 0
* * 70

ob=
fl=
fn=(15)
+1624 0 0
cfl=
cfn=(210) runtime.gcStart
calls=10 +31247 0
* * 10
cfl=
cfn=(210)
calls=10 +31380 0
* * 10
cfl=
cfn=(210)
calls=10 +31410 0
* * 10
cfl=
cfn=(210)
calls=10 +31508 0
* * 10
+86 0 0
cfl=
cfn=(211) runtime.profilealloc
calls=10 +2346 0
* * 10
+221 0 0
cfl=
cfn=(16)
calls=30 +13083 0
* * 30
cfl=
cfn=(16)
calls=10 +11810 0
* * 10
cfl=
cfn=(16)
calls=10 +11813 0
* * 10
cfl=
cfn=(16)
calls=10 +11856 0
* * 10
cfl=
cfn=(16)
calls=10 +12039 0
* * 10
cfl=
cfn=(16)
calls=10 +12159 0
* * 10
cfl=
cfn=(16)
calls=10 +12239 0
* * 10
cfl=
cfn=(16)
calls=10 +12789 0
* * 10
cfl=
cfn=(16)
calls=10 +13126 0
* * 10
+550 0 0
cfl=
cfn=(13)
calls=20 +298930 0
* * 20
cfl=
cfn=(13)
calls=10 +298425 0
* * 10
cfl=
cfn=(13)
calls=10 +298603 0
* * 10
cfl=
cfn=(13)
calls=10 +298666 0
* * 10
+61 0 0
cfl=
cfn=(54)
calls=220 -2481 0
* * 220
cfl=
cfn=(54)
calls=10 -2546 0
* * 10
+432 0 0
cfl=
cfn=(212) runtime.gcAssistAlloc
calls=230 +43085 0
* * 230

ob=
fl=
fn=(21)
+481 0 0
cfl=
cfn=(15)
calls=130 * 0
* * 130
cfl=
cfn=(15)
calls=60 -1043 0
* * 60
cfl=
cfn=(15)
calls=20 -493 0
* * 20
cfl=
cfn=(15)
calls=20 -432 0
* * 20
cfl=
cfn=(15)
calls=10 -2265 0
* * 10
cfl=
cfn=(15)
calls=10 -2083 0
* * 10
cfl=
cfn=(15)
calls=10 -1985 0
* * 10
cfl=
cfn=(15)
calls=10 -1928 0
* * 10
cfl=
cfn=(15)
calls=10 -1924 0
* * 10
cfl=
cfn=(15)
calls=10 -1368 0
* * 10
cfl=
cfn=(15)
calls=10 -993 0
* * 10
cfl=
cfn=(15)
calls=10 -733 0
* * 10
cfl=
cfn=(15)
calls=10 -687 0
* * 10
cfl=
cfn=(15)
calls=10 -673 0
* * 10
cfl=
cfn=(15)
calls=10 -642 0
* * 10
cfl=
cfn=(15)
calls=10 -482 0
* * 10
cfl=
cfn=(15)
calls=10 +19 0
* * 10

ob=
fl=
fn=(213) reflect.unsafe_New
+83 0 0
cfl=
cfn=(21)
calls=70 * 0
* * 70

ob=
fl=
fn=(214) runtime.newarray
+137 0 0
cfl=
cfn=(15)
calls=30 -1607 0
* * 30
cfl=
cfn=(15)
calls=20 -996 0
* * 20
cfl=
cfn=(15)
calls=10 -2774 0
* * 10

ob=
fl=
fn=(215) reflect.unsafe_NewArray
+193 0 0
cfl=
cfn=(214)
calls=60 * 0
* * 60

ob=
fl=
fn=(211)
+102 0 0
cfl=
cfn=(216) runtime.mProf_Malloc
calls=10 +80001 0
* * 10

ob=
fl=
fn=(55)
+1517 0 0
cfl=
cfn=(71)
calls=10 +50996 0
* * 10

ob=
fl=
fn=(56)
+327 0 0
cfl=
cfn=(108)
calls=10 +282353 0
* * 10

ob=
fl=
fn=(217) runtime.writebarrierptr
+158 0 0
cfl=
cfn=(56)
calls=10 * 0
* * 10

ob=
fl=
fn=(198)
+220 0 0
cfl=
cfn=(56)
calls=10 -315 0
* * 10

ob=
fl=
fn=(22)
+131 0 0
cfl=
cfn=(19)
calls=10 +296431 0
* * 10

ob=
fl=
fn=(218) runtime.typedslicecopy
+939 0 0
cfl=
cfn=(108)
calls=10 +281567 0
* * 10

ob=
fl=
fn=(219) reflect.typedslicecopy
+469 0 0
cfl=
cfn=(218)
calls=10 * 0
* * 10

ob=
fl=
fn=(59)
+4771 0 0
cfl=
cfn=(220) runtime.newMarkBits
calls=10 +73531 0
* * 10

ob=
fl=
fn=(60)
+5841 0 0
cfl=
cfn=(61)
calls=90 +6507 0
* * 90
cfl=
cfn=(61)
calls=10 +6299 0
* * 10
cfl=
cfn=(61)
calls=10 +6346 0
* * 10
cfl=
cfn=(61)
calls=10 +7218 0
* * 10
cfl=
cfn=(61)
calls=10 +7307 0
* * 10

ob=
fl=
fn=(221) runtime.(*mcache).releaseAll
+324 0 0
cfl=
cfn=(222) runtime.(*mcentral).uncacheSpan
calls=10 +1667 0
* * 10

ob=
fl=
fn=(61)
+134 0 0
cfl=
cfn=(72)
calls=10 +44470 0
* * 10
+208 0 0
cfl=
cfn=(62)
calls=60 +1860 0
* * 60
cfl=
cfn=(62)
calls=20 +1948 0
* * 20
cfl=
cfn=(62)
calls=10 +1880 0
* * 10
+711 0 0
cfl=
cfn=(14)
calls=10 -23454 0
* * 10
+89 0 0
cfl=
cfn=(223) runtime.(*mspan).sweep
calls=10 +41927 0
* * 10

ob=
fl=
fn=(222)
+201 0 0
cfl=
cfn=(75)
calls=10 +57873 0
* * 10

ob=
fl=
fn=(224) runtime.(*mcentral).freeSpan
+350 0 0
cfl=
cfn=(14)
calls=10 -24455 0
* * 10

ob=
fl=
fn=(62)
+301 0 0
cfl=
cfn=(225) runtime.(*mheap).alloc
calls=60 +52004 0
* * 60
+88 0 0
cfl=
cfn=(59)
calls=10 -8314 0
* * 10
cfl=
cfn=(59)
calls=10 -8159 0
* * 10

ob=
fl=
fn=(210)
+10498 0 0
cfl=
cfn=(65)
calls=10 +18930 0
* * 10
+133 0 0
cfl=
cfn=(226) runtime.clearpools
calls=10 +9160 0
* * 10
+30 0 0
cfl=
cfn=(63)
calls=10 -3595 0
* * 10
+98 0 0
cfl=
cfn=(108)
calls=10 +256430 0
* * 10

ob=
fl=
fn=(227) runtime.gcMarkDone
+748 0 0
cfl=
cfn=(108)
calls=10 +256382 0
* * 10
+258 0 0
cfl=
cfn=(228) runtime.gcMarkTermination
calls=100 +3314 0
* * 100
cfl=
cfn=(228)
calls=50 +710 0
* * 50

ob=
fl=
fn=(228)
+452 0 0
cfl=
cfn=(108)
calls=50 +255326 0
* * 50
+2604 0 0
cfl=
cfn=(229) runtime.mProf_GC
calls=100 +50739 0
* * 100

ob=
fl=
fn=(64)
+913 0 0
cfl=
cfn=(108)
calls=690 +252270 0
* * 690
cfl=
cfn=(108)
calls=120 +252320 0
* * 120
+20 0 0
cfl=
cfn=(230) runtime.nanotime
calls=10 +266777 0
* * 10
+243 0 0
cfl=
cfn=(227)
calls=150 -3989 0
* * 150
cfl=
cfn=(227)
calls=10 -4247 0
* * 10

ob=
fl=
fn=(231) runtime.gcMark
+2166 0 0
cfl=
cfn=(232) runtime.helpgc
calls=50 +89027 0
* * 50

ob=
fl=
fn=(226)
+1495 0 0
cfl=
cfn=(116)
calls=10 +287016 0
* * 10

ob=
fl=
fn=(233) runtime.gchelper
+288 0 0
cfl=
cfn=(69)
calls=10 +11774 0
* * 10
cfl=
cfn=(69)
calls=10 +12323 0
* * 10

ob=
fl=
fn=(234) runtime.markroot
+2738 0 0
cfl=
cfn=(108)
calls=10 +247195 0
* * 10
+354 0 0
cfl=
cfn=(235) runtime.markrootSpans
calls=20 +1590 0
* * 20
+124 0 0
cfl=
cfn=(236) runtime.markrootBlock
calls=30 +456 0
* * 30
+144 0 0
cfl=
cfn=(236)
calls=20 +332 0
* * 20
+40 0 0
cfl=
cfn=(237) runtime.flushmcache
calls=10 +48049 0
* * 10

ob=
fl=
fn=(236)
+148 0 0
cfl=
cfn=(70)
calls=10 +9527 0
* * 10
cfl=
cfn=(70)
calls=10 +9575 0
* * 10
cfl=
cfn=(70)
calls=10 +9579 0
* * 10
cfl=
cfn=(70)
calls=10 +9622 0
* * 10
cfl=
cfn=(70)
calls=10 +9811 0
* * 10

ob=
fl=
fn=(235)
+780 0 0
cfl=
cfn=(8)
calls=10 +10203 0
* * 10
cfl=
cfn=(8)
calls=10 +10346 0
* * 10

ob=
fl=
fn=(212)
+604 0 0
cfl=
cfn=(108)
calls=170 +242817 0
* * 170
cfl=
cfn=(108)
calls=60 +242867 0
* * 60

ob=
fl=
fn=(66)
+547 0 0
cfl=
cfn=(238) runtime.gcDrainN
calls=110 +7684 0
* * 110
cfl=
cfn=(238)
calls=30 +7610 0
* * 30
cfl=
cfn=(238)
calls=20 +7835 0
* * 20
+54 0 0
cfl=
cfn=(28)
calls=10 +81042 0
* * 10

ob=
fl=
fn=(67)
+2328 0 0
cfl=
cfn=(106)
calls=100 +208804 0
* * 100
cfl=
cfn=(106)
calls=50 +210261 0
* * 50
cfl=
cfn=(106)
calls=10 +204647 0
* * 10
+275 0 0
cfl=
cfn=(239) runtime.shrinkstack
calls=10 +165969 0
* * 10

ob=
fl=
fn=(240) runtime.scanframeworker
+967 0 0
cfl=
cfn=(102)
calls=30 +181313 0
* * 30
cfl=
cfn=(102)
calls=10 +181294 0
* * 10
+163 0 0
cfl=
cfn=(103)
calls=10 +180504 0
* * 10
cfl=
cfn=(103)
calls=10 +180514 0
* * 10
+54 0 0
cfl=
cfn=(105)
calls=10 +180962 0
* * 10
+688 0 0
cfl=
cfn=(70)
calls=10 +3678 0
* * 10
cfl=
cfn=(70)
calls=10 +3699 0
* * 10
cfl=
cfn=(70)
calls=10 +3883 0
* * 10

ob=
fl=
fn=(69)
+1478 0 0
cfl=
cfn=(234)
calls=30 -6792 0
* * 30
cfl=
cfn=(234)
calls=20 -6916 0
* * 20
cfl=
cfn=(234)
calls=10 -6608 0
* * 10
+193 0 0
cfl=
cfn=(8)
calls=70 +2253 0
* * 70
cfl=
cfn=(8)
calls=70 +2549 0
* * 70
cfl=
cfn=(8)
calls=60 +2261 0
* * 60
cfl=
cfn=(8)
calls=60 +2271 0
* * 60
cfl=
cfn=(8)
calls=60 +2362 0
* * 60
cfl=
cfn=(8)
calls=50 +2304 0
* * 50
cfl=
cfn=(8)
calls=30 +2295 0
* * 30
cfl=
cfn=(8)
calls=20 +1910 0
* * 20
cfl=
cfn=(8)
calls=20 +2268 0
* * 20
cfl=
cfn=(8)
calls=10 +2265 0
* * 10
cfl=
cfn=(8)
calls=10 +2299 0
* * 10
cfl=
cfn=(8)
calls=10 +2339 0
* * 10
cfl=
cfn=(8)
calls=10 +2347 0
* * 10
cfl=
cfn=(8)
calls=10 +2355 0
* * 10
cfl=
cfn=(8)
calls=10 +2367 0
* * 10
cfl=
cfn=(8)
calls=10 +2372 0
* * 10
cfl=
cfn=(8)
calls=10 +2408 0
* * 10
+140 0 0
cfl=
cfn=(241) runtime.pollWork
calls=40 +87575 0
* * 40
+353 0 0
cfl=
cfn=(73)
calls=20 +13283 0
* * 20
+50 0 0
cfl=
cfn=(241)
calls=40 +87082 0
* * 40

ob=
fl=
fn=(238)
+320 0 0
cfl=
cfn=(234)
calls=20 -8862 0
* * 20
cfl=
cfn=(234)
calls=10 -9484 0
* * 10
+74 0 0
cfl=
cfn=(8)
calls=50 +1493 0
* * 50
cfl=
cfn=(8)
calls=10 +731 0
* * 10
cfl=
cfn=(8)
calls=10 +1179 0
* * 10
cfl=
cfn=(8)
calls=10 +1197 0
* * 10
cfl=
cfn=(8)
calls=10 +1239 0
* * 10
cfl=
cfn=(8)
calls=10 +1253 0
* * 10
cfl=
cfn=(8)
calls=10 +1417 0
* * 10
+151 0 0
cfl=
cfn=(73)
calls=10 +12478 0
* * 10
cfl=
cfn=(73)
calls=10 +12486 0
* * 10

ob=
fl=
fn=(70)
+436 0 0
cfl=
cfn=(9)
calls=10 +2422 0
* * 10

ob=
fl=
fn=(8)
+691 0 0
cfl=
cfn=(58)
calls=10 -44493 0
* * 10
cfl=
cfn=(58)
calls=10 -43657 0
* * 10
+141 0 0
cfl=
cfn=(9)
calls=70 +1334 0
* * 70
cfl=
cfn=(9)
calls=10 +571 0
* * 10
cfl=
cfn=(9)
calls=10 +611 0
* * 10
cfl=
cfn=(9)
calls=10 +1320 0
* * 10
cfl=
cfn=(9)
calls=10 +1356 0
* * 10
cfl=
cfn=(9)
calls=10 +1406 0
* * 10

ob=
fl=
fn=(242) runtime.bgsweep
+4344 0 0
cfl=
cfn=(243) runtime.gosweepone
calls=60 +5456 0
* * 60

ob=
fl=
fn=(244) runtime.sweepone
+610 0 0
cfl=
cfn=(223)
calls=30 +2214 0
* * 30
cfl=
cfn=(223)
calls=10 +2468 0
* * 10
cfl=
cfn=(223)
calls=10 +2573 0
* * 10
cfl=
cfn=(223)
calls=10 +3667 0
* * 10

ob=
fl=
fn=(243)
+502 0 0
cfl=
cfn=(108)
calls=50 +228156 0
* * 50
cfl=
cfn=(108)
calls=10 +228206 0
* * 10

ob=
fl=
fn=(223)
+1102 0 0
cfl=
cfn=(220)
calls=20 +21163 0
* * 20
cfl=
cfn=(220)
calls=10 +21022 0
* * 10
+254 0 0
cfl=
cfn=(224)
calls=10 -40928 0
* * 10
+105 0 0
cfl=
cfn=(23)
calls=10 +2337 0
* * 10
cfl=
cfn=(23)
calls=10 +2358 0
* * 10
+1094 0 0
cfl=
cfn=(245) runtime.freespecial
calls=10 +19223 0
* * 10

ob=
fl=
fn=(73)
+3056 0 0
cfl=
cfn=(246) runtime.handoff
calls=20 +4824 0
* * 20
cfl=
cfn=(246)
calls=10 +4921 0
* * 10

ob=
fl=
fn=(247) runtime.getempty
+430 0 0
cfl=
cfn=(51)
calls=10 -70866 0
* * 10
cfl=
cfn=(51)
calls=10 -70861 0
* * 10

ob=
fl=
fn=(246)
+1338 0 0
cfl=
cfn=(247)
calls=20 * 0
* * 20
+97 0 0
cfl=
cfn=(19)
calls=10 +233942 0
* * 10

ob=
fl=
fn=(248) runtime.(*mheap).reclaim
+3529 0 0
cfl=
cfn=(244)
calls=10 -7978 0
* * 10

ob=
fl=
fn=(74)
+175 0 0
cfl=
cfn=(52)
calls=10 -76223 0
* * 10
+147 0 0
cfl=
cfn=(24)
calls=20 +1601 0
* * 20
+242 0 0
cfl=
cfn=(23)
calls=20 -7639 0
* * 20
+309 0 0
cfl=
cfn=(248)
calls=10 -564 0
* * 10

ob=
fl=
fn=(225)
+300 0 0
cfl=
cfn=(13)
calls=50 +228479 0
* * 50
cfl=
cfn=(13)
calls=10 +228493 0
* * 10

ob=
fl=
fn=(245)
+8506 0 0
cfl=
cfn=(249) runtime.mProf_Free
calls=10 +11832 0
* * 10

ob=
fl=
fn=(220)
+338 0 0
cfl=
cfn=(52)
calls=10 -85810 0
* * 10
+54 0 0
cfl=
cfn=(250) runtime.newArena
calls=10 +670 0
* * 10
+87 0 0
cfl=
cfn=(14)
calls=10 -85763 0
* * 10
cfl=
cfn=(14)
calls=10 -85707 0
* * 10

ob=
fl=
fn=(250)
+529 0 0
cfl=
cfn=(13)
calls=10 +219203 0
* * 10

ob=
fl=
fn=(25)
+1600 0 0
cfl=
cfn=(11)
calls=60 +376 0
* * 60
cfl=
cfn=(11)
calls=10 +353 0
* * 10

ob=
fl=
fn=(229)
+227 0 0
cfl=
cfn=(25)
calls=70 * 0
* * 70
cfl=
cfn=(25)
calls=20 +9 0
* * 20
cfl=
cfn=(25)
calls=10 +80 0
* * 10

ob=
fl=
fn=(216)
+164 0 0
cfl=
cfn=(251) runtime.callers
calls=10 +176777 0
* * 10

ob=
fl=
fn=(249)
+327 0 0
cfl=
cfn=(52)
calls=10 -88487 0
* * 10

ob=
fl=
fn=(237)
+7908 0 0
cfl=
cfn=(221)
calls=10 -65529 0
* * 10

ob=
fl=
fn=(77)
+6426 0 0
cfl=
cfn=(26)
calls=10 +7129 0
* * 10
+46 0 0
cfl=
cfn=(26)
calls=10 +703 0
* * 10

ob=
fl=
fn=(17)
+2507 0 0
cfl=
cfn=(2)
calls=2170 +205675 0
* * 2170
+366 0 0
cfl=
cfn=(77)
calls=10 -2624 0
* * 10
cfl=
cfn=(77)
calls=10 -2553 0
* * 10
cfl=
cfn=(77)
calls=10 -2507 0
* * 10

ob=
fl=
fn=(78)
+127 0 0
cfl=
cfn=(252) runtime.mach_semrelease
calls=1630 +3176 0
* * 1630

ob=
fl=
fn=(253) runtime.semasleep1
+2682 0 0
cfl=
cfn=(5)
calls=1390 +202443 0
* * 1390
cfl=
cfn=(5)
calls=10 +202447 0
* * 10
+150 0 0
cfl=
cfn=(7)
calls=530 +199785 0
* * 530

ob=
fl=
fn=(205)
+172 0 0
cfl=
cfn=(108)
calls=1920 +183482 0
* * 1920

ob=
fl=
fn=(252)
+45 0 0
cfl=
cfn=(4)
calls=1630 +199487 0
* * 1630

ob=
fl=
fn=(206)
+96 0 0
cfl=
cfn=(3)
calls=30 +199101 0
* * 30

ob=
fl=
fn=(79)
+1889 0 0
cfl=
cfn=(110)
calls=10 +189863 0
* * 10
+22 0 0
cfl=
cfn=(80)
calls=10 +1600 0
* * 10

ob=
fl=
fn=(6)
+1772 0 0
cfl=
cfn=(113)
calls=10 +192696 0
* * 10

ob=
fl=
fn=(27)
+736 0 0
cfl=
cfn=(6)
calls=670 -21 0
* * 670
cfl=
cfn=(6)
calls=10 -64 0
* * 10
cfl=
cfn=(6)
calls=10 * 0
* * 10

ob=
fl=
fn=(203)
+10737 0 0
cfl=
cfn=(81)
calls=10 +10515 0
* * 10

ob=
fl=
fn=(200)
+102 0 0
cfl=
cfn=(108)
calls=500 +167963 0
* * 500

ob=
fl=
fn=(254) runtime.ready
+5046 0 0
cfl=
cfn=(93)
calls=10 +43782 0
* * 10
+91 0 0
cfl=
cfn=(84)
calls=470 +10926 0
* * 470
cfl=
cfn=(84)
calls=10 +10902 0
* * 10
cfl=
cfn=(84)
calls=10 +10909 0
* * 10

ob=
fl=
fn=(232)
+657 0 0
cfl=
cfn=(207)
calls=50 -129301 0
* * 50

ob=
fl=
fn=(28)
+1443 0 0
cfl=
cfn=(206)
calls=10 -21052 0
* * 10

ob=
fl=
fn=(82)
+640 0 0
cfl=
cfn=(12)
calls=10 +166638 0
* * 10
+304 0 0
cfl=
cfn=(67)
calls=160 -79300 0
* * 160
cfl=
cfn=(67)
calls=10 -79729 0
* * 10

ob=
fl=
fn=(255) runtime.startTheWorldWithSema
+1521 0 0
cfl=
cfn=(17)
calls=10 -27077 0
* * 10
+486 0 0
cfl=
cfn=(108)
calls=10 +158159 0
* * 10

ob=
fl=
fn=(256) runtime.mstart
+100 0 0
cfl=
cfn=(257) runtime.mstart1
calls=1970 +398 0
* * 1970

ob=
fl=
fn=(257)
+298 0 0
cfl=
cfn=(90)
calls=1360 +28015 0
* * 1360
cfl=
cfn=(90)
calls=520 +28177 0
* * 520
cfl=
cfn=(90)
calls=40 +28358 0
* * 40
cfl=
cfn=(90)
calls=20 +28305 0
* * 20
cfl=
cfn=(90)
calls=10 +27997 0
* * 10
cfl=
cfn=(90)
calls=10 +28059 0
* * 10
cfl=
cfn=(90)
calls=10 +28193 0
* * 10

ob=
fl=
fn=(258) runtime.runSafePointFn
+1325 0 0
cfl=
cfn=(207)
calls=10 -134750 0
* * 10

ob=
fl=
fn=(259) runtime.stopm
+2562 0 0
cfl=
cfn=(53)
calls=1390 -135849 0
* * 1390
cfl=
cfn=(53)
calls=10 -135839 0
* * 10
+48 0 0
cfl=
cfn=(233)
calls=20 -93757 0
* * 20

ob=
fl=
fn=(83)
+276 0 0
cfl=
cfn=(52)
calls=10 -139188 0
* * 10
+172 0 0
cfl=
cfn=(207)
calls=1040 -138961 0
* * 1040

ob=
fl=
fn=(84)
+1003 0 0
cfl=
cfn=(83)
calls=920 * 0
* * 920
cfl=
cfn=(83)
calls=10 -172 0
* * 10
cfl=
cfn=(83)
calls=10 -70 0
* * 10

ob=
fl=
fn=(260) runtime.gcstopm
+847 0 0
cfl=
cfn=(259)
calls=40 -1499 0
* * 40
cfl=
cfn=(259)
calls=10 -1451 0
* * 10
+26 0 0
cfl=
cfn=(207)
calls=20 -140983 0
* * 20

ob=
fl=
fn=(29)
+590 0 0
cfl=
cfn=(260)
calls=10 -26 0
* * 10
+200 0 0
cfl=
cfn=(52)
calls=20 -142102 0
* * 20
cfl=
cfn=(52)
calls=10 -142056 0
* * 10
+445 0 0
cfl=
cfn=(259)
calls=1360 -3162 0
* * 1360
cfl=
cfn=(259)
calls=10 -3114 0
* * 10
+59 0 0
cfl=
cfn=(17)
calls=990 -36976 0
* * 990
cfl=
cfn=(17)
calls=30 -36610 0
* * 30
cfl=
cfn=(17)
calls=10 -37032 0
* * 10
+15 0 0
cfl=
cfn=(230)
calls=10 +165142 0
* * 10
+131 0 0
cfl=
cfn=(261) runtime.injectglist
calls=70 +2472 0
* * 70
+181 0 0
cfl=
cfn=(92)
calls=10 +25448 0
* * 10
+556 0 0
cfl=
cfn=(112)
calls=10 +160363 0
* * 10
+185 0 0
cfl=
cfn=(262) runtime.runqsteal
calls=640 +26213 0
* * 640
+242 0 0
cfl=
cfn=(17)
calls=1090 -38103 0
* * 1090
cfl=
cfn=(17)
calls=20 -38159 0
* * 20
+36 0 0
cfl=
cfn=(261)
calls=50 +1177 0
* * 50
+143 0 0
cfl=
cfn=(91)
calls=10 +23699 0
* * 10

ob=
fl=
fn=(241)
+342 0 0
cfl=
cfn=(17)
calls=80 -38524 0
* * 80

ob=
fl=
fn=(263) runtime.resetspinning
+203 0 0
cfl=
cfn=(84)
calls=210 -3998 0
* * 210

ob=
fl=
fn=(261)
+453 0 0
cfl=
cfn=(83)
calls=120 -5204 0
* * 120

ob=
fl=
fn=(264) runtime.schedule
+362 0 0
cfl=
cfn=(260)
calls=40 -3807 0
* * 40
cfl=
cfn=(260)
calls=20 -3781 0
* * 20
+38 0 0
cfl=
cfn=(263)
calls=210 -815 0
* * 210
+22 0 0
cfl=
cfn=(29)
calls=1370 -2946 0
* * 1370
cfl=
cfn=(29)
calls=1110 -1577 0
* * 1110
cfl=
cfn=(29)
calls=1030 -2887 0
* * 1030
cfl=
cfn=(29)
calls=640 -1819 0
* * 640
cfl=
cfn=(29)
calls=70 -2741 0
* * 70
cfl=
cfn=(29)
calls=50 -1541 0
* * 50
cfl=
cfn=(29)
calls=30 -3391 0
* * 30
cfl=
cfn=(29)
calls=20 -1777 0
* * 20
cfl=
cfn=(29)
calls=10 -3591 0
* * 10
cfl=
cfn=(29)
calls=10 -2872 0
* * 10
cfl=
cfn=(29)
calls=10 -2560 0
* * 10
cfl=
cfn=(29)
calls=10 -2052 0
* * 10
cfl=
cfn=(29)
calls=10 -2004 0
* * 10
cfl=
cfn=(29)
calls=10 -1933 0
* * 10
cfl=
cfn=(29)
calls=10 -1775 0
* * 10
cfl=
cfn=(29)
calls=10 -1438 0
* * 10
cfl=
cfn=(29)
calls=10 -1398 0
* * 10
+39 0 0
cfl=
cfn=(94)
calls=10 +23709 0
* * 10
+373 0 0
cfl=
cfn=(258)
calls=10 -9176 0
* * 10

ob=
fl=
fn=(265) runtime.parkunlock_c
+147 0 0
cfl=
cfn=(14)
calls=10 -145779 0
* * 10

ob=
fl=
fn=(266) runtime.park_m
+208 0 0
cfl=
cfn=(264)
calls=3070 -559 0
* * 3070
cfl=
cfn=(264)
calls=170 -581 0
* * 170
+52 0 0
cfl=
cfn=(265)
calls=10 -208 0
* * 10

ob=
fl=
fn=(85)
+567 0 0
cfl=
cfn=(264)
calls=50 -879 0
* * 50
cfl=
cfn=(264)
calls=40 -819 0
* * 40
cfl=
cfn=(264)
calls=10 -407 0
* * 10

ob=
fl=
fn=(267) runtime.gosched_m
+144 0 0
cfl=
cfn=(85)
calls=30 * 0
* * 30

ob=
fl=
fn=(268) runtime.gopreempt_m
+80 0 0
cfl=
cfn=(85)
calls=70 -144 0
* * 70
cfl=
cfn=(85)
calls=10 -311 0
* * 10

ob=
fl=
fn=(269) runtime.goexit0
+674 0 0
cfl=
cfn=(264)
calls=1300 -1610 0
* * 1300
cfl=
cfn=(264)
calls=40 -1632 0
* * 40
cfl=
cfn=(264)
calls=10 -1670 0
* * 10
cfl=
cfn=(264)
calls=10 -1571 0
* * 10

ob=
fl=
fn=(86)
+671 0 0
cfl=
cfn=(28)
calls=20 -15714 0
* * 20
+361 0 0
cfl=
cfn=(108)
calls=520 +143858 0
* * 520

ob=
fl=
fn=(87)
+148 0 0
cfl=
cfn=(86)
calls=520 * 0
* * 520
cfl=
cfn=(86)
calls=20 -361 0
* * 20
cfl=
cfn=(86)
calls=10 -449 0
* * 10

ob=
fl=
fn=(270) runtime.entersyscall_sysmon
+120 0 0
cfl=
cfn=(207)
calls=520 -148676 0
* * 520

ob=
fl=
fn=(271) runtime.newproc
+3023 0 0
cfl=
cfn=(108)
calls=290 +143229 0
* * 290

ob=
fl=
fn=(272) runtime.newproc1
+169 0 0
cfl=
cfn=(89)
calls=10 +2102 0
* * 10
+642 0 0
cfl=
cfn=(84)
calls=260 -11852 0
* * 260
+47 0 0
cfl=
cfn=(68)
calls=10 -97173 0
* * 10
+120 0 0
cfl=
cfn=(19)
calls=10 +154094 0
* * 10

ob=
fl=
fn=(273) runtime._System
+2564 0 0
cfl=
cfn=(108)
calls=10 +139142 0
* * 10
cfl=
cfn=(1)
calls=10 +321502 0
* * 10

ob=
fl=
fn=(90)
+7106 0 0
cfl=
cfn=(3)
calls=1360 +152550 0
* * 1360
+44 0 0
cfl=
cfn=(52)
calls=10 -162900 0
* * 10
+118 0 0
cfl=
cfn=(209)
calls=520 -161594 0
* * 520
+16 0 0
cfl=
cfn=(52)
calls=10 -163132 0
* * 10
+112 0 0
cfl=
cfn=(100)
calls=10 +62331 0
* * 10
cfl=
cfn=(100)
calls=10 +62349 0
* * 10
+53 0 0
cfl=
cfn=(30)
calls=20 +787 0
* * 20
cfl=
cfn=(30)
calls=10 +1341 0
* * 10
cfl=
cfn=(30)
calls=10 +1386 0
* * 10

ob=
fl=
fn=(95)
+6367 0 0
cfl=
cfn=(3)
calls=630 +145101 0
* * 630

ob=
fl=
fn=(262)
+222 0 0
cfl=
cfn=(95)
calls=630 * 0
* * 630
cfl=
cfn=(95)
calls=10 +65 0
* * 10

ob=
fl=
fn=(274) reflect.resolveTypeOff
+7772 0 0
cfl=
cfn=(275) runtime.(*_type).typeOff
calls=20 +101244 0
* * 20

ob=
fl=
fn=(31)
+27240 0 0
cfl=
cfn=(15)
calls=150 -170444 0
* * 150
cfl=
cfn=(15)
calls=40 -170012 0
* * 40
cfl=
cfn=(15)
calls=30 -171362 0
* * 30
cfl=
cfn=(15)
calls=30 -170505 0
* * 30
cfl=
cfn=(15)
calls=20 -171055 0
* * 20
cfl=
cfn=(15)
calls=10 -172251 0
* * 10
cfl=
cfn=(15)
calls=10 -172245 0
* * 10
cfl=
cfn=(15)
calls=10 -171719 0
* * 10
cfl=
cfn=(15)
calls=10 -171276 0
* * 10
cfl=
cfn=(15)
calls=10 -170673 0
* * 10
cfl=
cfn=(15)
calls=10 -170663 0
* * 10
cfl=
cfn=(15)
calls=10 -170531 0
* * 10
cfl=
cfn=(15)
calls=10 -170349 0
* * 10
cfl=
cfn=(15)
calls=10 -170326 0
* * 10

ob=
fl=
fn=(276) runtime.copystack
+10037 0 0
cfl=
cfn=(106)
calls=10 +55333 0
* * 10

ob=
fl=
fn=(277) runtime.newstack
+1088 0 0
cfl=
cfn=(268)
calls=80 -67626 0
* * 80
+302 0 0
cfl=
cfn=(67)
calls=10 -162520 0
* * 10

ob=
fl=
fn=(239)
+2872 0 0
cfl=
cfn=(276)
calls=10 -1390 0
* * 10

ob=
fl=
fn=(278) runtime.concatstrings
+867 0 0
cfl=
cfn=(279) runtime.rawstringtmp
calls=20 +2130 0
* * 20

ob=
fl=
fn=(280) runtime.concatstring2
+526 0 0
cfl=
cfn=(278)
calls=20 * 0
* * 20

ob=
fl=
fn=(98)
+471 0 0
cfl=
cfn=(279)
calls=170 +737 0
* * 170
+64 0 0
cfl=
cfn=(19)
calls=10 +84536 0
* * 10
cfl=
cfn=(19)
calls=10 +85223 0
* * 10
cfl=
cfn=(19)
calls=10 +86163 0
* * 10

ob=
fl=
fn=(279)
+202 0 0
cfl=
cfn=(99)
calls=180 +1783 0
* * 180
cfl=
cfn=(99)
calls=10 +1804 0
* * 10

ob=
fl=
fn=(99)
+1581 0 0
cfl=
cfn=(15)
calls=60 -213681 0
* * 60
cfl=
cfn=(15)
calls=40 -214113 0
* * 40
cfl=
cfn=(15)
calls=20 -215388 0
* * 20
cfl=
cfn=(15)
calls=10 -215405 0
* * 10
cfl=
cfn=(15)
calls=10 -215049 0
* * 10
cfl=
cfn=(15)
calls=10 -215031 0
* * 10
cfl=
cfn=(15)
calls=10 -214323 0
* * 10
cfl=
cfn=(15)
calls=10 -214057 0
* * 10
cfl=
cfn=(15)
calls=10 -214035 0
* * 10

ob=
fl=
fn=(100)
+2573 0 0
cfl=
cfn=(281) time.now
calls=10 +85040 0
* * 10

ob=
fl=
fn=(101)
+6817 0 0
cfl=
cfn=(33)
calls=20 +9681 0
* * 20
cfl=
cfn=(33)
calls=20 +9727 0
* * 20
cfl=
cfn=(33)
calls=10 +9634 0
* * 10
cfl=
cfn=(33)
calls=10 +9781 0
* * 10
cfl=
cfn=(33)
calls=10 +9802 0
* * 10

ob=
fl=
fn=(282) runtime.funcspdelta
+2044 0 0
cfl=
cfn=(101)
calls=50 * 0
* * 50

ob=
fl=
fn=(102)
+474 0 0
cfl=
cfn=(101)
calls=20 -2044 0
* * 20
cfl=
cfn=(101)
calls=10 -2265 0
* * 10

ob=
fl=
fn=(33)
+346 0 0
cfl=
cfn=(104)
calls=10 +592 0
* * 10
cfl=
cfn=(104)
calls=10 +710 0
* * 10

ob=
fl=
fn=(106)
+24542 0 0
cfl=
cfn=(283) runtime.scanstack.func1
calls=100 +48667 0
* * 100
+527 0 0
cfl=
cfn=(32)
calls=20 -27984 0
* * 20
+930 0 0
cfl=
cfn=(282)
calls=50 -25889 0
* * 50

ob=
fl=
fn=(251)
+3993 0 0
cfl=
cfn=(108)
calls=10 +31351 0
* * 10

ob=
fl=
fn=(275)
+5976 0 0
cfl=
cfn=(34)
calls=20 +5049 0
* * 20

ob=
fl=
fn=(284) runtime.(*mcache).nextFree.func1
+9007 0 0
cfl=
cfn=(60)
calls=130 -248115 0
* * 130
cfl=
cfn=(60)
calls=10 -248171 0
* * 10
cfl=
cfn=(60)
calls=10 -248119 0
* * 10

ob=
fl=
fn=(285) runtime.writebarrierptr_prewrite1.func1
+370 0 0
cfl=
cfn=(55)
calls=10 -269978 0
* * 10
cfl=
cfn=(55)
calls=10 -269930 0
* * 10

ob=
fl=
fn=(286) runtime.gcMarkTermination.func1
+1993 0 0
cfl=
cfn=(231)
calls=50 -236923 0
* * 50

ob=
fl=
fn=(287) runtime.gcBgMarkWorker.func2
+633 0 0
cfl=
cfn=(69)
calls=230 -225454 0
* * 230
cfl=
cfn=(69)
calls=50 -225647 0
* * 50
cfl=
cfn=(69)
calls=40 -225314 0
* * 40
cfl=
cfn=(69)
calls=40 -224911 0
* * 40
cfl=
cfn=(69)
calls=10 -225671 0
* * 10
+116 0 0
cfl=
cfn=(69)
calls=290 -226087 0
* * 290
cfl=
cfn=(69)
calls=20 -225594 0
* * 20
cfl=
cfn=(69)
calls=10 -226167 0
* * 10

ob=
fl=
fn=(288) runtime.markroot.func1
+163 0 0
cfl=
cfn=(82)
calls=170 -150417 0
* * 170
cfl=
cfn=(82)
calls=10 -150721 0
* * 10
cfl=
cfn=(82)
calls=10 -150361 0
* * 10

ob=
fl=
fn=(289) runtime.gcAssistAlloc.func1
+278 0 0
cfl=
cfn=(66)
calls=160 -232566 0
* * 160
cfl=
cfn=(66)
calls=10 -232512 0
* * 10
cfl=
cfn=(66)
calls=10 -232499 0
* * 10

ob=
fl=
fn=(283)
+139 0 0
cfl=
cfn=(240)
calls=40 -229220 0
* * 40
cfl=
cfn=(240)
calls=30 -228315 0
* * 30
cfl=
cfn=(240)
calls=20 -229057 0
* * 20
cfl=
cfn=(240)
calls=10 -229003 0
* * 10

ob=
fl=
fn=(290) runtime.gosweepone.func1
+237 0 0
cfl=
cfn=(244)
calls=50 -219473 0
* * 50

ob=
fl=
fn=(291) runtime.(*mheap).alloc.func1
+112 0 0
cfl=
cfn=(74)
calls=20 -207881 0
* * 20
cfl=
cfn=(74)
calls=20 -207639 0
* * 20
cfl=
cfn=(74)
calls=10 -208028 0
* * 10
cfl=
cfn=(74)
calls=10 -207675 0
* * 10
cfl=
cfn=(74)
calls=10 -207330 0
* * 10

ob=
fl=
fn=(292) runtime.semasleep.func1
+1688 0 0
cfl=
cfn=(253)
calls=1400 -175248 0
* * 1400
cfl=
cfn=(253)
calls=530 -175098 0
* * 530

ob=
fl=
fn=(293) runtime.goready.func1
+2021 0 0
cfl=
cfn=(254)
calls=490 -156078 0
* * 490
cfl=
cfn=(254)
calls=10 -156169 0
* * 10

ob=
fl=
fn=(294) runtime.newproc.func1
+1913 0 0
cfl=
cfn=(272)
calls=260 -134770 0
* * 260
cfl=
cfn=(272)
calls=10 -135412 0
* * 10
cfl=
cfn=(272)
calls=10 -134723 0
* * 10
cfl=
cfn=(272)
calls=10 -134603 0
* * 10

ob=
fl=
fn=(295) runtime.callers.func1
+751 0 0
cfl=
cfn=(106)
calls=10 -29569 0
* * 10

ob=
fl=
fn=(296) runtime.mcall
+1803 0 0
cfl=
cfn=(266)
calls=3240 -144085 0
* * 3240
cfl=
cfn=(269)
calls=1360 -142568 0
* * 1360
cfl=
cfn=(267)
calls=30 -143322 0
* * 30
cfl=
cfn=(266)
calls=10 -144033 0
* * 10

ob=
fl=
fn=(108)
+158 0 0
cfl=
cfn=(270)
calls=520 -143071 0
* * 520
cfl=
cfn=(293)
calls=500 -4467 0
* * 500
cfl=
cfn=(287)
calls=370 -9221 0
* * 370
cfl=
cfn=(287)
calls=320 -9105 0
* * 320
cfl=
cfn=(294)
calls=290 -2554 0
* * 290
cfl=
cfn=(289)
calls=180 -8664 0
* * 180
cfl=
cfn=(284)
calls=150 -12217 0
* * 150
cfl=
cfn=(286)
calls=50 -9854 0
* * 50
cfl=
cfn=(290)
calls=50 -8288 0
* * 50
cfl=
cfn=(255)
calls=10 -158001 0
* * 10
cfl=
cfn=(285)
calls=10 -11847 0
* * 10
cfl=
cfn=(295)
calls=10 -1803 0
* * 10
+50 0 0
cfl=
cfn=(292)
calls=1930 -6646 0
* * 1930
cfl=
cfn=(288)
calls=190 -9100 0
* * 190
cfl=
cfn=(291)
calls=70 -8334 0
* * 70
cfl=
cfn=(285)
calls=10 -12005 0
* * 10
cfl=
cfn=(107)
calls=10 -7979 0
* * 10

ob=
fl=
fn=(297) runtime.morestack
+139 0 0
cfl=
cfn=(277)
calls=80 -76539 0
* * 80
cfl=
cfn=(277)
calls=10 -76237 0
* * 10

ob=
fl=
fn=(298) runtime.goexit
+10875 0 0
cfl=
cfn=(299) github.com/nd-r/tech-db-forum/vendor/github.com/valyala/fasthttp.(*workerPool).getCh.func1
calls=11590 +3225247 0
* * 11590
cfl=
cfn=(64)
calls=810 -251546 0
* * 810
cfl=
cfn=(64)
calls=160 -251283 0
* * 160
cfl=
cfn=(300) database/sql.(*Rows).awaitDone
calls=80 +587782 0
* * 80
cfl=
cfn=(242)
calls=60 -228955 0
* * 60
cfl=
cfn=(64)
calls=10 -251671 0
* * 10
cfl=
cfn=(64)
calls=10 -251526 0
* * 10
cfl=
cfn=(301) database/sql.(*Tx).awaitDone
calls=10 +570465 0
* * 10
cfl=
cfn=(301)
calls=10 +570484 0
* * 10
cfl=
cfn=(300)
calls=10 +587816 0
* * 10

ob=
fl=
fn=(230)
+4356 0 0
cfl=
cfn=(115)
calls=10 +4200 0
* * 10
cfl=
cfn=(115)
calls=10 +4204 0
* * 10

ob=
fl=
fn=(281)
+16 0 0
cfl=
cfn=(115)
calls=10 -70 0
* * 10

ob=
fl=
fn=(302) sync.(*Pool).Put
+20344 0 0
cfl=
cfn=(303) sync.(*Pool).pin
calls=20 +21645 0
* * 20

ob=
fl=
fn=(304) sync.(*Pool).Get
+498 0 0
cfl=
cfn=(303)
calls=20 +1301 0
* * 20
cfl=
cfn=(303)
calls=20 +1373 0
* * 20

ob=
fl=
fn=(303)
+803 0 0
cfl=
cfn=(96)
calls=10 -158731 0
* * 10
cfl=
cfn=(96)
calls=10 -158716 0
* * 10
cfl=
cfn=(96)
calls=10 -158712 0
* * 10
cfl=
cfn=(96)
calls=10 -158707 0
* * 10
+72 0 0
cfl=
cfn=(305) sync.(*Pool).pinSlow
calls=10 +360 0
* * 10
cfl=
cfn=(305)
calls=10 +404 0
* * 10

ob=
fl=
fn=(305)
+288 0 0
cfl=
cfn=(31)
calls=10 -124848 0
* * 10
+44 0 0
cfl=
cfn=(197)
calls=10 -381137 0
* * 10

ob=
fl=
fn=(118)
+4035 0 0
cfl=
cfn=(154)
calls=3340 +605852 0
* * 3340
cfl=
cfn=(154)
calls=30 +606156 0
* * 30
cfl=
cfn=(154)
calls=10 +605417 0
* * 10

ob=
fl=
fn=(306) io.ReadFull
+367 0 0
cfl=
cfn=(118)
calls=3380 * 0
* * 3380
cfl=
cfn=(118)
calls=10 -149 0
* * 10

ob=
fl=
fn=(120)
+60683 0 0
cfl=
cfn=(119)
calls=10 +59429 0
* * 10

ob=
fl=
fn=(36)
+11760 0 0
cfl=
cfn=(121)
calls=10 +10581 0
* * 10
cfl=
cfn=(121)
calls=10 +10610 0
* * 10

ob=
fl=
fn=(307) strconv.Atoi
+1592 0 0
cfl=
cfn=(36)
calls=20 * 0
* * 20
cfl=
cfn=(36)
calls=20 +481 0
* * 20

ob=
fl=
fn=(308) strconv.FormatInt
+18724 0 0
cfl=
cfn=(309) strconv.formatBits
calls=20 +19863 0
* * 20
cfl=
cfn=(309)
calls=10 +19306 0
* * 10

ob=
fl=
fn=(309)
+582 0 0
cfl=
cfn=(113)
calls=10 -123166 0
* * 10
+557 0 0
cfl=
cfn=(98)
calls=10 -206615 0
* * 10
cfl=
cfn=(98)
calls=10 -206614 0
* * 10

ob=
fl=
fn=(310) syscall.Read
+31015 0 0
cfl=
cfn=(311) syscall.read
calls=3460 +42563 0
* * 3460

ob=
fl=
fn=(123)
+128 0 0
cfl=
cfn=(312) syscall.write
calls=3180 +13724 0
* * 3180

ob=
fl=
fn=(311)
+11420 0 0
cfl=
cfn=(1)
calls=2910 +15346 0
* * 2910
cfl=
cfn=(1)
calls=550 +15308 0
* * 550

ob=
fl=
fn=(312)
+2176 0 0
cfl=
cfn=(1)
calls=3140 +3926 0
* * 3140
cfl=
cfn=(1)
calls=20 +3888 0
* * 20
cfl=
cfn=(1)
calls=10 +3962 0
* * 10
cfl=
cfn=(1)
calls=10 +3980 0
* * 10

ob=
fl=
fn=(1)
+1712 0 0
cfl=
cfn=(87)
calls=550 -323873 0
* * 550
cfl=
cfn=(87)
calls=10 -323924 0
* * 10
cfl=
cfn=(87)
calls=10 -323920 0
* * 10
+92 0 0
cfl=
cfn=(88)
calls=10 -324542 0
* * 10

ob=
fl=
fn=(124)
+2275 0 0
cfl=
cfn=(18)
calls=10 -173314 0
* * 10

ob=
fl=
fn=(313) time.appendInt
+4515 0 0
cfl=
cfn=(19)
calls=10 -170982 0
* * 10

ob=
fl=
fn=(314) time.Time.Format
+1505 0 0
cfl=
cfn=(125)
calls=70 +1951 0
* * 70
cfl=
cfn=(125)
calls=10 +1764 0
* * 10
cfl=
cfn=(125)
calls=10 +2132 0
* * 10
cfl=
cfn=(125)
calls=10 +5623 0
* * 10
cfl=
cfn=(125)
calls=10 +6095 0
* * 10
cfl=
cfn=(125)
calls=10 +6127 0
* * 10
cfl=
cfn=(125)
calls=10 +10069 0
* * 10
+43 0 0
cfl=
cfn=(98)
calls=10 -262074 0
* * 10

ob=
fl=
fn=(125)
+216 0 0
cfl=
cfn=(126)
calls=10 +29502 0
* * 10
+187 0 0
cfl=
cfn=(124)
calls=10 -7131 0
* * 10
cfl=
cfn=(124)
calls=10 -6940 0
* * 10
cfl=
cfn=(124)
calls=10 -6279 0
* * 10
cfl=
cfn=(124)
calls=10 -6099 0
* * 10
cfl=
cfn=(124)
calls=10 -6083 0
* * 10
cfl=
cfn=(124)
calls=10 -5896 0
* * 10
cfl=
cfn=(124)
calls=10 -3896 0
* * 10
+4176 0 0
cfl=
cfn=(313)
calls=10 -1951 0
* * 10
+3942 0 0
cfl=
cfn=(127)
calls=10 +30340 0
* * 10

ob=
fl=
fn=(315) time.Date
+32692 0 0
cfl=
cfn=(37)
calls=20 +35258 0
* * 20
cfl=
cfn=(37)
calls=10 +34838 0
* * 10

ob=
fl=
fn=(316) reflect.(*rtype).nameOff
+69235 0 0
cfl=
cfn=(97)
calls=10 -346848 0
* * 10

ob=
fl=
fn=(317) reflect.(*rtype).typeOff
+80 0 0
cfl=
cfn=(274)
calls=20 -415968 0
* * 20

ob=
fl=
fn=(128)
+355 0 0
cfl=
cfn=(316)
calls=10 -80 0
* * 10

ob=
fl=
fn=(318) reflect.(*rtype).Name
+5378 0 0
cfl=
cfn=(128)
calls=10 * 0
* * 10
cfl=
cfn=(128)
calls=10 +42 0
* * 10

ob=
fl=
fn=(130)
+11434 0 0
cfl=
cfn=(117)
calls=10 -268139 0
* * 10
+1189 0 0
cfl=
cfn=(45)
calls=10 -620961 0
* * 10
+87 0 0
cfl=
cfn=(317)
calls=20 -18356 0
* * 20

ob=
fl=
fn=(319) reflect.(*rtype).AssignableTo
+539 0 0
cfl=
cfn=(320) reflect.directlyAssignable
calls=20 +2613 0
* * 20
+52 0 0
cfl=
cfn=(131)
calls=10 +470 0
* * 10
cfl=
cfn=(131)
calls=10 +553 0
* * 10

ob=
fl=
fn=(320)
+2022 0 0
cfl=
cfn=(318)
calls=20 -13301 0
* * 20

ob=
fl=
fn=(321) reflect.packEface
+16378 0 0
cfl=
cfn=(213)
calls=10 -606552 0
* * 10

ob=
fl=
fn=(322) reflect.Value.Addr
+1903 0 0
cfl=
cfn=(130)
calls=10 -20267 0
* * 10
cfl=
cfn=(130)
calls=10 -19078 0
* * 10
cfl=
cfn=(130)
calls=10 -18977 0
* * 10

ob=
fl=
fn=(323) reflect.Value.Interface
+13352 0 0
cfl=
cfn=(135)
calls=10 +13435 0
* * 10
cfl=
cfn=(135)
calls=10 +13640 0
* * 10
cfl=
cfn=(135)
calls=10 +13651 0
* * 10

ob=
fl=
fn=(135)
+288 0 0
cfl=
cfn=(321)
calls=10 -15255 0
* * 10

ob=
fl=
fn=(137)
+7195 0 0
cfl=
cfn=(132)
calls=10 -14259 0
* * 10
+211 0 0
cfl=
cfn=(57)
calls=10 -642741 0
* * 10

ob=
fl=
fn=(324) reflect.Value.Slice
+3418 0 0
cfl=
cfn=(21)
calls=10 -645962 0
* * 10

ob=
fl=
fn=(325) reflect.typesMustMatch
+3584 0 0
cfl=
cfn=(42)
calls=10 -709551 0
* * 10

ob=
fl=
fn=(326) reflect.grow
+644 0 0
cfl=
cfn=(139)
calls=60 +2675 0
* * 60
cfl=
cfn=(139)
calls=10 +2561 0
* * 10
cfl=
cfn=(139)
calls=10 +2585 0
* * 10
cfl=
cfn=(139)
calls=10 +2658 0
* * 10
+88 0 0
cfl=
cfn=(327) reflect.Copy
calls=10 +1142 0
* * 10
cfl=
cfn=(327)
calls=10 +1344 0
* * 10
+184 0 0
cfl=
cfn=(324)
calls=10 -4316 0
* * 10

ob=
fl=
fn=(328) reflect.Append
+285 0 0
cfl=
cfn=(326)
calls=90 -272 0
* * 90
cfl=
cfn=(326)
calls=20 -184 0
* * 20
cfl=
cfn=(326)
calls=10 * 0
* * 10
+190 0 0
cfl=
cfn=(137)
calls=10 -8203 0
* * 10

ob=
fl=
fn=(327)
+395 0 0
cfl=
cfn=(325)
calls=10 -1391 0
* * 10
+202 0 0
cfl=
cfn=(219)
calls=10 -650474 0
* * 10

ob=
fl=
fn=(139)
+597 0 0
cfl=
cfn=(21)
calls=10 -654970 0
* * 10
+90 0 0
cfl=
cfn=(215)
calls=60 -655136 0
* * 60

ob=
fl=
fn=(329) reflect.Indirect
+916 0 0
cfl=
cfn=(133)
calls=10 -21323 0
* * 10
cfl=
cfn=(133)
calls=10 -21314 0
* * 10
cfl=
cfn=(133)
calls=10 -21255 0
* * 10
cfl=
cfn=(133)
calls=10 -21216 0
* * 10

ob=
fl=
fn=(141)
+752 0 0
cfl=
cfn=(213)
calls=60 -656472 0
* * 60
+47 0 0
cfl=
cfn=(130)
calls=20 -53285 0
* * 20
cfl=
cfn=(130)
calls=10 -54584 0
* * 10

ob=
fl=
fn=(330) context.WithCancel
+116776 0 0
cfl=
cfn=(43)
calls=10 -708383 0
* * 10

ob=
fl=
fn=(331) context.(*cancelCtx).Err
+1612 0 0
cfl=
cfn=(27)
calls=80 -668445 0
* * 80

ob=
fl=
fn=(332) context.(*cancelCtx).cancel
+386 0 0
cfl=
cfn=(199)
calls=500 -822327 0
* * 500
+274 0 0
cfl=
cfn=(142)
calls=10 -733 0
* * 10

ob=
fl=
fn=(143)
+3453 0 0
cfl=
cfn=(332)
calls=500 -274 0
* * 500
cfl=
cfn=(332)
calls=10 * 0
* * 10

ob=
fl=
fn=(333) database/sql/driver.defaultConverter.ConvertValue
+9104 0 0
cfl=
cfn=(50)
calls=10 -789026 0
* * 10
+1479 0 0
cfl=
cfn=(136)
calls=10 -149965 0
* * 10
+110 0 0
cfl=
cfn=(133)
calls=10 -156036 0
* * 10
+34 0 0
cfl=
cfn=(323)
calls=10 -152280 0
* * 10

ob=
fl=
fn=(334) database/sql.driverArgs
+16499 0 0
cfl=
cfn=(333)
calls=10 -1623 0
* * 10
cfl=
cfn=(333)
calls=10 -144 0
* * 10
cfl=
cfn=(333)
calls=10 -34 0
* * 10
cfl=
cfn=(333)
calls=10 * 0
* * 10

ob=
fl=
fn=(144)
+4088 0 0
cfl=
cfn=(50)
calls=10 -816302 0
* * 10
+248 0 0
cfl=
cfn=(136)
calls=10 -172075 0
* * 10
+104 0 0
cfl=
cfn=(329)
calls=40 -154862 0
* * 40
+1076 0 0
cfl=
cfn=(145)
calls=30 +8613 0
* * 30
cfl=
cfn=(145)
calls=10 +8576 0
* * 10
cfl=
cfn=(145)
calls=10 +9129 0
* * 10
+785 0 0
cfl=
cfn=(141)
calls=30 -155290 0
* * 30
cfl=
cfn=(141)
calls=30 -155243 0
* * 30
+70 0 0
cfl=
cfn=(137)
calls=10 -167631 0
* * 10
cfl=
cfn=(137)
calls=10 -167630 0
* * 10
+40 0 0
cfl=
cfn=(323)
calls=10 -175184 0
* * 10
+50 0 0
cfl=
cfn=(144)
calls=140 +4770 0
* * 140
cfl=
cfn=(144)
calls=40 -895 0
* * 40
cfl=
cfn=(144)
calls=20 -1971 0
* * 20
cfl=
cfn=(144)
calls=20 +1511 0
* * 20
cfl=
cfn=(144)
calls=10 -2486 0
* * 10
cfl=
cfn=(144)
calls=10 -2075 0
* * 10
+155 0 0
cfl=
cfn=(137)
calls=10 -167683 0
* * 10
+1260 0 0
cfl=
cfn=(138)
calls=10 -161622 0
* * 10
+46 0 0
cfl=
cfn=(319)
calls=20 -210396 0
* * 20
cfl=
cfn=(319)
calls=20 -210344 0
* * 20
+600 0 0
cfl=
cfn=(140)
calls=10 -158144 0
* * 10
+2659 0 0
cfl=
cfn=(314)
calls=130 -340595 0
* * 130
cfl=
cfn=(314)
calls=10 -340552 0
* * 10

ob=
fl=
fn=(145)
+1872 0 0
cfl=
cfn=(308)
calls=30 -399231 0
* * 30

ob=
fl=
fn=(335) database/sql.ctxDriverQuery
+4543 0 0
cfl=
cfn=(168)
calls=2930 +1252873 0
* * 2930
cfl=
cfn=(168)
calls=10 +1252451 0
* * 10
cfl=
cfn=(168)
calls=10 +1252879 0
* * 10

ob=
fl=
fn=(336) database/sql.ctxDriverBegin
+1473 0 0
cfl=
cfn=(49)
calls=10 -834558 0
* * 10
+88 0 0
cfl=
cfn=(337) github.com/nd-r/tech-db-forum/vendor/github.com/lib/pq.(*conn).BeginTx
calls=1140 +1247952 0
* * 1140

ob=
fl=
fn=(338) database/sql.(*DB).conn
+16182 0 0
cfl=
cfn=(146)
calls=10 +2363 0
* * 10

ob=
fl=
fn=(147)
+8267 0 0
cfl=
cfn=(49)
calls=10 -852239 0
* * 10
+1219 0 0
cfl=
cfn=(334)
calls=40 -43606 0
* * 40
+311 0 0
cfl=
cfn=(339) database/sql.withLock
calls=2960 +27787 0
* * 2960
cfl=
cfn=(339)
calls=10 +27788 0
* * 10
cfl=
cfn=(339)
calls=10 +27793 0
* * 10
+213 0 0
cfl=
cfn=(340) database/sql.(*Rows).initContextClose
calls=140 +19969 0
* * 140
cfl=
cfn=(340)
calls=10 +19880 0
* * 10

ob=
fl=
fn=(341) database/sql.(*DB).BeginTx
+1002 0 0
cfl=
cfn=(342) database/sql.(*DB).begin
calls=1160 +1881 0
* * 1160
cfl=
cfn=(342)
calls=150 +2174 0
* * 150
cfl=
cfn=(342)
calls=10 +1684 0
* * 10

ob=
fl=
fn=(343) database/sql.(*DB).Begin
+492 0 0
cfl=
cfn=(341)
calls=1320 * 0
* * 1320

ob=
fl=
fn=(342)
+190 0 0
cfl=
cfn=(338)
calls=10 -11504 0
* * 10
+197 0 0
cfl=
cfn=(339)
calls=1150 +25579 0
* * 1150
cfl=
cfn=(339)
calls=10 +25580 0
* * 10
+293 0 0
cfl=
cfn=(271)
calls=150 -710132 0
* * 150

ob=
fl=
fn=(301)
+435 0 0
cfl=
cfn=(201)
calls=10 -900943 0
* * 10
+19 0 0
cfl=
cfn=(148)
calls=10 +1418 0
* * 10

ob=
fl=
fn=(344) database/sql.(*Tx).close
+221 0 0
cfl=
cfn=(143)
calls=120 -75203 0
* * 120
cfl=
cfn=(143)
calls=10 -75224 0
* * 10

ob=
fl=
fn=(345) database/sql.(*Tx).Commit
+918 0 0
cfl=
cfn=(339)
calls=1470 +24414 0
* * 1470
+70 0 0
cfl=
cfn=(344)
calls=130 -918 0
* * 130

ob=
fl=
fn=(346) database/sql.(*Tx).QueryContext
+6413 0 0
cfl=
cfn=(147)
calls=2980 -4050 0
* * 2980
cfl=
cfn=(147)
calls=150 -3837 0
* * 150
cfl=
cfn=(147)
calls=40 -4361 0
* * 40
cfl=
cfn=(147)
calls=10 -5698 0
* * 10
cfl=
cfn=(147)
calls=10 -5580 0
* * 10
+40 0 0
cfl=
cfn=(35)
calls=10 -539411 0
* * 10
+5 0 0
cfl=
cfn=(27)
calls=10 -757035 0
* * 10

ob=
fl=
fn=(347) database/sql.(*Tx).Query
+181 0 0
cfl=
cfn=(346)
calls=3190 -45 0
* * 3190
cfl=
cfn=(346)
calls=10 -5 0
* * 10
cfl=
cfn=(346)
calls=10 * 0
* * 10

ob=
fl=
fn=(340)
+9191 0 0
cfl=
cfn=(330)
calls=10 -88776 0
* * 10
+89 0 0
cfl=
cfn=(271)
calls=140 -727918 0
* * 140

ob=
fl=
fn=(300)
+170 0 0
cfl=
cfn=(331)
calls=80 -96444 0
* * 80
+34 0 0
cfl=
cfn=(348) database/sql.(*Rows).close
calls=10 +5525 0
* * 10

ob=
fl=
fn=(349) database/sql.(*Rows).Next
+165 0 0
cfl=
cfn=(339)
calls=1140 +7303 0
* * 1140
cfl=
cfn=(339)
calls=20 +7309 0
* * 20
cfl=
cfn=(339)
calls=10 +7289 0
* * 10
+42 0 0
cfl=
cfn=(350) database/sql.(*Rows).Close
calls=260 +5226 0
* * 260

ob=
fl=
fn=(149)
+127 0 0
cfl=
cfn=(167)
calls=600 +1177408 0
* * 600
cfl=
cfn=(167)
calls=420 +1178506 0
* * 420
cfl=
cfn=(167)
calls=30 +1178238 0
* * 30
cfl=
cfn=(167)
calls=10 +1177342 0
* * 10
cfl=
cfn=(167)
calls=10 +1177452 0
* * 10
cfl=
cfn=(167)
calls=10 +1178070 0
* * 10
cfl=
cfn=(167)
calls=10 +1178151 0
* * 10
cfl=
cfn=(167)
calls=10 +1178438 0
* * 10
cfl=
cfn=(167)
calls=10 +1178502 0
* * 10
cfl=
cfn=(167)
calls=10 +1179212 0
* * 10
+347 0 0
cfl=
cfn=(31)
calls=10 -675953 0
* * 10

ob=
fl=
fn=(150)
+3766 0 0
cfl=
cfn=(35)
calls=10 -549802 0
* * 10
+125 0 0
cfl=
cfn=(144)
calls=240 -63295 0
* * 240
cfl=
cfn=(144)
calls=60 -63455 0
* * 60
cfl=
cfn=(144)
calls=20 -65316 0
* * 20
cfl=
cfn=(144)
calls=20 -63385 0
* * 20
cfl=
cfn=(144)
calls=20 -61834 0
* * 20
cfl=
cfn=(144)
calls=10 -65714 0
* * 10
cfl=
cfn=(144)
calls=10 -65668 0
* * 10
cfl=
cfn=(144)
calls=10 -64240 0
* * 10
cfl=
cfn=(144)
calls=10 -63345 0
* * 10
cfl=
cfn=(144)
calls=10 -63289 0
* * 10
cfl=
cfn=(144)
calls=10 -63140 0
* * 10
cfl=
cfn=(144)
calls=10 -61880 0
* * 10
cfl=
cfn=(144)
calls=10 -61251 0
* * 10
cfl=
cfn=(144)
calls=10 -61234 0
* * 10
cfl=
cfn=(144)
calls=10 -59071 0
* * 10

ob=
fl=
fn=(350)
+819 0 0
cfl=
cfn=(348)
calls=390 +1285 0
* * 390
cfl=
cfn=(348)
calls=60 +1113 0
* * 60
cfl=
cfn=(348)
calls=10 +919 0
* * 10

ob=
fl=
fn=(348)
+100 0 0
cfl=
cfn=(21)
calls=20 -877781 0
* * 20
+194 0 0
cfl=
cfn=(351) github.com/nd-r/tech-db-forum/vendor/github.com/lib/pq.(*rows).Close
calls=60 +1171432 0
* * 60
+172 0 0
cfl=
cfn=(143)
calls=390 -98220 0
* * 390

ob=
fl=
fn=(339)
+1432 0 0
cfl=
cfn=(79)
calls=10 -775092 0
* * 10
+14 0 0
cfl=
cfn=(151)
calls=2950 +2210 0
* * 2950
cfl=
cfn=(352) database/sql.(*Tx).Commit.func1
calls=1470 +2965 0
* * 1470
cfl=
cfn=(353) database/sql.(*DB).begin.func1
calls=1150 +2756 0
* * 1150
cfl=
cfn=(354) database/sql.(*Rows).Next.func1
calls=1140 +4917 0
* * 1140
cfl=
cfn=(151)
calls=10 +2216 0
* * 10
+1 0 0
cfl=
cfn=(38)
calls=20 +8995 0
* * 20
+5 0 0
cfl=
cfn=(27)
calls=10 -774140 0
* * 10
cfl=
cfn=(27)
calls=10 -773890 0
* * 10
cfl=
cfn=(109)
calls=10 -589250 0
* * 10

ob=
fl=
fn=(151)
+2190 0 0
cfl=
cfn=(335)
calls=2950 -55022 0
* * 2950

ob=
fl=
fn=(353)
+546 0 0
cfl=
cfn=(336)
calls=1140 -55651 0
* * 1140
cfl=
cfn=(336)
calls=10 -55739 0
* * 10

ob=
fl=
fn=(352)
+209 0 0
cfl=
cfn=(355) github.com/nd-r/tech-db-forum/vendor/github.com/lib/pq.(*conn).Commit
calls=1470 +1136962 0
* * 1470

ob=
fl=
fn=(354)
+1952 0 0
cfl=
cfn=(149)
calls=1120 -9920 0
* * 1120
cfl=
cfn=(149)
calls=10 -9829 0
* * 10
cfl=
cfn=(149)
calls=10 -9573 0
* * 10

ob=
fl=
fn=(356) strings.Count
+24994 0 0
cfl=
cfn=(357) strings.Index
calls=10 +37833 0
* * 10

ob=
fl=
fn=(358) strings.Replace
+9917 0 0
cfl=
cfn=(356)
calls=10 * 0
* * 10
+99 0 0
cfl=
cfn=(31)
calls=10 -722817 0
* * 10

ob=
fl=
fn=(357)
+2823 0 0
cfl=
cfn=(111)
calls=10 -624420 0
* * 10

ob=
fl=
fn=(153)
+3218 0 0
cfl=
cfn=(359) net.(*conn).Read
calls=640 +224955 0
* * 640

ob=
fl=
fn=(360) bufio.(*Reader).Peek
+448 0 0
cfl=
cfn=(153)
calls=640 * 0
* * 640
cfl=
cfn=(153)
calls=10 -115 0
* * 10

ob=
fl=
fn=(154)
+1627 0 0
cfl=
cfn=(359)
calls=3340 +221289 0
* * 3340
+304 0 0
cfl=
cfn=(19)
calls=10 -630177 0
* * 10
cfl=
cfn=(19)
calls=10 -628554 0
* * 10
cfl=
cfn=(19)
calls=10 -628538 0
* * 10

ob=
fl=
fn=(155)
+5475 0 0
cfl=
cfn=(361) net.(*conn).Write
calls=750 +220094 0
* * 750

ob=
fl=
fn=(362) bufio.(*Writer).Write
+650 0 0
cfl=
cfn=(155)
calls=500 * 0
* * 500
cfl=
cfn=(155)
calls=10 -24 0
* * 10
cfl=
cfn=(155)
calls=10 +1 0
* * 10
+128 0 0
cfl=
cfn=(361)
calls=150 +213969 0
* * 150

ob=
fl=
fn=(363) net.(*netFD).readLock
+131283 0 0
cfl=
cfn=(39)
calls=10 +130194 0
* * 10

ob=
fl=
fn=(364) net.(*netFD).readUnlock
+128 0 0
cfl=
cfn=(156)
calls=10 -356 0
* * 10

ob=
fl=
fn=(157)
+96 0 0
cfl=
cfn=(39)
calls=20 -1065 0
* * 20

ob=
fl=
fn=(365) net.(*pollDesc).prepare
+614 0 0
cfl=
cfn=(76)
calls=10 -972861 0
* * 10

ob=
fl=
fn=(366) net.(*pollDesc).prepareWrite
+204 0 0
cfl=
cfn=(365)
calls=10 * 0
* * 10

ob=
fl=
fn=(367) net.(*pollDesc).waitRead
+208 0 0
cfl=
cfn=(160)
calls=10 +45 0
* * 10

ob=
fl=
fn=(161)
+5739 0 0
cfl=
cfn=(363)
calls=10 -1250 0
* * 10
+53 0 0
cfl=
cfn=(79)
calls=10 -969327 0
* * 10
+47 0 0
cfl=
cfn=(159)
calls=10 -6138 0
* * 10
+120 0 0
cfl=
cfn=(310)
calls=3460 -621466 0
* * 3460
+124 0 0
cfl=
cfn=(367)
calls=10 -5959 0
* * 10
+169 0 0
cfl=
cfn=(364)
calls=10 -7205 0
* * 10
+5 0 0
cfl=
cfn=(27)
calls=450 -967379 0
* * 450

ob=
fl=
fn=(162)
+2746 0 0
cfl=
cfn=(157)
calls=20 -7283 0
* * 20
cfl=
cfn=(157)
calls=10 -7296 0
* * 10
+53 0 0
cfl=
cfn=(79)
calls=10 -972638 0
* * 10
+33 0 0
cfl=
cfn=(366)
calls=10 -9264 0
* * 10
+169 0 0
cfl=
cfn=(123)
calls=3180 -624588 0
* * 3180
cfl=
cfn=(123)
calls=10 -624582 0
* * 10
+309 0 0
cfl=
cfn=(158)
calls=10 -10169 0
* * 10
+5 0 0
cfl=
cfn=(27)
calls=130 -970694 0
* * 130

ob=
fl=
fn=(359)
+71000 0 0
cfl=
cfn=(161)
calls=3460 -3613 0
* * 3460
cfl=
cfn=(161)
calls=450 -3315 0
* * 450
cfl=
cfn=(161)
calls=10 -3833 0
* * 10
cfl=
cfn=(161)
calls=10 -3780 0
* * 10
cfl=
cfn=(161)
calls=10 -3733 0
* * 10
cfl=
cfn=(161)
calls=10 -3489 0
* * 10
cfl=
cfn=(161)
calls=10 -3483 0
* * 10
cfl=
cfn=(161)
calls=10 -3320 0
* * 10
cfl=
cfn=(161)
calls=10 -3072 0
* * 10

ob=
fl=
fn=(361)
+736 0 0
cfl=
cfn=(162)
calls=3190 -71314 0
* * 3190
cfl=
cfn=(162)
calls=130 -71000 0
* * 130
cfl=
cfn=(162)
calls=30 -71569 0
* * 30
cfl=
cfn=(162)
calls=10 -71663 0
* * 10
cfl=
cfn=(162)
calls=10 -71516 0
* * 10
cfl=
cfn=(162)
calls=10 -71483 0
* * 10
cfl=
cfn=(162)
calls=10 -71005 0
* * 10

ob=
fl=
fn=(368) github.com/nd-r/tech-db-forum/vendor/github.com/lib/pq.(*readBuf).string
+857256 0 0
cfl=
cfn=(98)
calls=60 -935186 0
* * 60

ob=
fl=
fn=(369) github.com/nd-r/tech-db-forum/vendor/github.com/lib/pq.(*conn).begin
+12784 0 0
cfl=
cfn=(163)
calls=600 +15884 0
* * 600
cfl=
cfn=(163)
calls=520 +15810 0
* * 520
cfl=
cfn=(163)
calls=10 +16292 0
* * 10
+625 0 0
cfl=
cfn=(27)
calls=10 -1912548 0
* * 10

ob=
fl=
fn=(355)
+612 0 0
cfl=
cfn=(163)
calls=730 +2401 0
* * 730
cfl=
cfn=(163)
calls=680 +2475 0
* * 680
cfl=
cfn=(163)
calls=50 +2846 0
* * 50
cfl=
cfn=(163)
calls=10 +2075 0
* * 10

ob=
fl=
fn=(163)
+1789 0 0
cfl=
cfn=(370) github.com/nd-r/tech-db-forum/vendor/github.com/lib/pq.(*conn).send
calls=1250 +12274 0
* * 1250
+74 0 0
cfl=
cfn=(371) github.com/nd-r/tech-db-forum/vendor/github.com/lib/pq.(*conn).recv1
calls=1260 +12651 0
* * 1260
cfl=
cfn=(371)
calls=20 +12567 0
* * 20
+371 0 0
cfl=
cfn=(368)
calls=50 -15884 0
* * 50
+37 0 0
cfl=
cfn=(166)
calls=10 +26861 0
* * 10

ob=
fl=
fn=(164)
+2925 0 0
cfl=
cfn=(31)
calls=10 -1824897 0
* * 10

ob=
fl=
fn=(372) github.com/nd-r/tech-db-forum/vendor/github.com/lib/pq.(*conn).prepareTo
+857 0 0
cfl=
cfn=(21)
calls=10 -2024593 0
* * 10
+448 0 0
cfl=
cfn=(280)
calls=20 -1812987 0
* * 20
+964 0 0
cfl=
cfn=(370)
calls=720 +5773 0
* * 720
+17 0 0
cfl=
cfn=(373) github.com/nd-r/tech-db-forum/vendor/github.com/lib/pq.(*conn).readParseResponse
calls=860 +32889 0
* * 860
+17 0 0
cfl=
cfn=(374) github.com/nd-r/tech-db-forum/vendor/github.com/lib/pq.(*conn).readStatementDescribeResponse
calls=20 +33215 0
* * 20
+236 0 0
cfl=
cfn=(164)
calls=10 -2303 0
* * 10
cfl=
cfn=(164)
calls=10 -2020 0
* * 10
+125 0 0
cfl=
cfn=(375) github.com/nd-r/tech-db-forum/vendor/github.com/lib/pq.(*conn).readReadyForQuery
calls=10 +32267 0
* * 10

ob=
fl=
fn=(165)
+2730 0 0
cfl=
cfn=(372)
calls=860 -378 0
* * 860
cfl=
cfn=(372)
calls=720 -395 0
* * 720
cfl=
cfn=(372)
calls=20 -1359 0
* * 20
cfl=
cfn=(372)
calls=20 -361 0
* * 20
cfl=
cfn=(372)
calls=20 -125 0
* * 20
cfl=
cfn=(372)
calls=10 -1807 0
* * 10
cfl=
cfn=(372)
calls=10 * 0
* * 10
+58 0 0
cfl=
cfn=(376) github.com/nd-r/tech-db-forum/vendor/github.com/lib/pq.(*stmt).exec
calls=700 +16648 0
* * 700
cfl=
cfn=(376)
calls=520 +16631 0
* * 520
cfl=
cfn=(376)
calls=30 +16665 0
* * 30
+16 0 0
cfl=
cfn=(21)
calls=10 -2030045 0
* * 10

ob=
fl=
fn=(370)
+1610 0 0
cfl=
cfn=(361)
calls=2490 -881941 0
* * 2490

ob=
fl=
fn=(40)
+1135 0 0
cfl=
cfn=(306)
calls=2840 -1705399 0
* * 2840
+137 0 0
cfl=
cfn=(306)
calls=550 -1706534 0
* * 550
+193 0 0
cfl=
cfn=(31)
calls=30 -1836172 0
* * 30

ob=
fl=
fn=(377) github.com/nd-r/tech-db-forum/vendor/github.com/lib/pq.(*conn).recv1Buf
+449 0 0
cfl=
cfn=(40)
calls=2840 -330 0
* * 2840
cfl=
cfn=(40)
calls=550 -193 0
* * 550
cfl=
cfn=(40)
calls=30 * 0
* * 30
cfl=
cfn=(40)
calls=20 -602 0
* * 20

ob=
fl=
fn=(371)
+168 0 0
cfl=
cfn=(21)
calls=60 -2033585 0
* * 60
cfl=
cfn=(21)
calls=10 -2033603 0
* * 10
+84 0 0
cfl=
cfn=(377)
calls=2830 -168 0
* * 2830

ob=
fl=
fn=(376)
+12781 0 0
cfl=
cfn=(370)
calls=520 -2166 0
* * 520
+17 0 0
cfl=
cfn=(378) github.com/nd-r/tech-db-forum/vendor/github.com/lib/pq.(*conn).readBindResponse
calls=700 +15133 0
* * 700
+17 0 0
cfl=
cfn=(379) github.com/nd-r/tech-db-forum/vendor/github.com/lib/pq.(*conn).postExecuteWorkaround
calls=30 +15420 0
* * 30

ob=
fl=
fn=(166)
+1340 0 0
cfl=
cfn=(114)
calls=10 -1749940 0
* * 10
+500 0 0
cfl=
cfn=(204)
calls=10 -2058632 0
* * 10
+480 0 0
cfl=
cfn=(21)
calls=10 -2048492 0
* * 10
+170 0 0
cfl=
cfn=(18)
calls=10 -1755573 0
* * 10

ob=
fl=
fn=(351)
+171 0 0
cfl=
cfn=(167)
calls=40 +944 0
* * 40
cfl=
cfn=(167)
calls=10 +738 0
* * 10
cfl=
cfn=(167)
calls=10 +863 0
* * 10

ob=
fl=
fn=(167)
+692 0 0
cfl=
cfn=(377)
calls=610 -15728 0
* * 610
+44 0 0
cfl=
cfn=(368)
calls=10 -44629 0
* * 10
+37 0 0
cfl=
cfn=(166)
calls=10 -2057 0
* * 10
cfl=
cfn=(166)
calls=10 -1092 0
* * 10
cfl=
cfn=(166)
calls=10 -1077 0
* * 10
cfl=
cfn=(166)
calls=10 -907 0
* * 10
+749 0 0
cfl=
cfn=(27)
calls=20 -1944401 0
* * 20
cfl=
cfn=(27)
calls=10 -1944541 0
* * 10
+268 0 0
cfl=
cfn=(169)
calls=350 +34418 0
* * 350
cfl=
cfn=(169)
calls=60 +34257 0
* * 60
cfl=
cfn=(169)
calls=10 +34414 0
* * 10
+706 0 0
cfl=
cfn=(380) github.com/nd-r/tech-db-forum/vendor/github.com/lib/pq.(*conn).errRecover
calls=10 +55779 0
* * 10

ob=
fl=
fn=(375)
+7590 0 0
cfl=
cfn=(371)
calls=10 -18056 0
* * 10

ob=
fl=
fn=(373)
+352 0 0
cfl=
cfn=(371)
calls=860 -25562 0
* * 860

ob=
fl=
fn=(374)
+343 0 0
cfl=
cfn=(371)
calls=20 -25998 0
* * 20

ob=
fl=
fn=(378)
+1657 0 0
cfl=
cfn=(371)
calls=700 -26257 0
* * 700

ob=
fl=
fn=(379)
+304 0 0
cfl=
cfn=(371)
calls=20 -27998 0
* * 20
cfl=
cfn=(371)
calls=10 -27914 0
* * 10

ob=
fl=
fn=(168)
+10530 0 0
cfl=
cfn=(31)
calls=10 -1865284 0
* * 10
+422 0 0
cfl=
cfn=(165)
calls=1660 -42598 0
* * 1660
cfl=
cfn=(165)
calls=1250 -42540 0
* * 1250
cfl=
cfn=(165)
calls=10 -42575 0
* * 10
cfl=
cfn=(165)
calls=10 -42524 0
* * 10

ob=
fl=
fn=(337)
+1095 0 0
cfl=
cfn=(369)
calls=1130 -54847 0
* * 1130
cfl=
cfn=(369)
calls=10 -54222 0
* * 10

ob=
fl=
fn=(169)
+10990 0 0
cfl=
cfn=(381) github.com/nd-r/tech-db-forum/vendor/github.com/lib/pq.binaryDecode
calls=60 +11888 0
* * 60
+161 0 0
cfl=
cfn=(170)
calls=170 +3315 0
* * 170
cfl=
cfn=(170)
calls=120 +1430 0
* * 120
cfl=
cfn=(170)
calls=50 +1485 0
* * 50
cfl=
cfn=(170)
calls=10 +1512 0
* * 10

ob=
fl=
fn=(381)
+737 0 0
cfl=
cfn=(48)
calls=50 -2096117 0
* * 50
cfl=
cfn=(48)
calls=10 -2096078 0
* * 10

ob=
fl=
fn=(170)
+532 0 0
cfl=
cfn=(98)
calls=90 -1873056 0
* * 90
cfl=
cfn=(98)
calls=20 -1872992 0
* * 20
cfl=
cfn=(98)
calls=10 -1873050 0
* * 10
+55 0 0
cfl=
cfn=(48)
calls=30 -2097386 0
* * 30
cfl=
cfn=(48)
calls=10 -2097347 0
* * 10
cfl=
cfn=(48)
calls=10 -2097341 0
* * 10
+1830 0 0
cfl=
cfn=(382) github.com/nd-r/tech-db-forum/vendor/github.com/lib/pq.parseTs
calls=150 +8338 0
* * 150
cfl=
cfn=(382)
calls=20 +8407 0
* * 20

ob=
fl=
fn=(171)
+4719 0 0
cfl=
cfn=(307)
calls=40 -1688100 0
* * 40

ob=
fl=
fn=(383) github.com/nd-r/tech-db-forum/vendor/github.com/lib/pq.(*locationCache).getLocation
+622 0 0
cfl=
cfn=(79)
calls=10 -1989934 0
* * 10

ob=
fl=
fn=(382)
+1167 0 0
cfl=
cfn=(172)
calls=30 +1786 0
* * 30
cfl=
cfn=(172)
calls=30 +3241 0
* * 30
cfl=
cfn=(172)
calls=20 +1716 0
* * 20
cfl=
cfn=(172)
calls=20 +2458 0
* * 20
cfl=
cfn=(172)
calls=10 +1873 0
* * 10
cfl=
cfn=(172)
calls=10 +2267 0
* * 10
cfl=
cfn=(172)
calls=10 +2316 0
* * 10
cfl=
cfn=(172)
calls=10 +3136 0
* * 10
cfl=
cfn=(172)
calls=10 +4516 0
* * 10
+69 0 0
cfl=
cfn=(48)
calls=20 -2105779 0
* * 20

ob=
fl=
fn=(172)
+480 0 0
cfl=
cfn=(152)
calls=10 -1184143 0
* * 10
cfl=
cfn=(152)
calls=10 -1183756 0
* * 10
+70 0 0
cfl=
cfn=(171)
calls=30 -2338 0
* * 30
+87 0 0
cfl=
cfn=(171)
calls=10 -2408 0
* * 10
+585 0 0
cfl=
cfn=(120)
calls=10 -1708724 0
* * 10
cfl=
cfn=(120)
calls=10 -1708666 0
* * 10
+678 0 0
cfl=
cfn=(383)
calls=10 -2458 0
* * 10
+105 0 0
cfl=
cfn=(315)
calls=30 -1580620 0
* * 30
+1275 0 0
cfl=
cfn=(171)
calls=10 -4059 0
* * 10

ob=
fl=
fn=(380)
+8618 0 0
cfl=
cfn=(42)
calls=10 -2158474 0
* * 10

ob=
fl=
fn=(384) github.com/nd-r/tech-db-forum/vendor/github.com/jmoiron/sqlx/reflectx.(*Mapper).TypeMap
+23089 0 0
cfl=
cfn=(44)
calls=10 -2137412 0
* * 10

ob=
fl=
fn=(20)
+3106 0 0
cfl=
cfn=(31)
calls=10 -1933260 0
* * 10
cfl=
cfn=(31)
calls=10 -1933200 0
* * 10

ob=
fl=
fn=(173)
+856 0 0
cfl=
cfn=(134)
calls=10 -1498164 0
* * 10
+387 0 0
cfl=
cfn=(174)
calls=10 +830 0
* * 10
cfl=
cfn=(174)
calls=10 +847 0
* * 10
+24 0 0
cfl=
cfn=(141)
calls=10 -1477013 0
* * 10

ob=
fl=
fn=(174)
+436 0 0
cfl=
cfn=(129)
calls=10 -1547878 0
* * 10

ob=
fl=
fn=(385) github.com/nd-r/tech-db-forum/vendor/github.com/jmoiron/sqlx.isScannable
+31145 0 0
cfl=
cfn=(384)
calls=10 -4809 0
* * 10

ob=
fl=
fn=(386) github.com/nd-r/tech-db-forum/vendor/github.com/jmoiron/sqlx.(*Row).Scan
+3616 0 0
cfl=
cfn=(349)
calls=90 -1293370 0
* * 90
+61 0 0
cfl=
cfn=(150)
calls=90 -1292579 0
* * 90
+33 0 0
cfl=
cfn=(350)
calls=200 -1291821 0
* * 200
+65 0 0
cfl=
cfn=(27)
calls=10 -2064090 0
* * 10

ob=
fl=
fn=(387) github.com/nd-r/tech-db-forum/vendor/github.com/jmoiron/sqlx.(*DB).MustBegin
+4015 0 0
cfl=
cfn=(388) github.com/nd-r/tech-db-forum/vendor/github.com/jmoiron/sqlx.(*DB).Beginx
calls=1320 +4134 0
* * 1320

ob=
fl=
fn=(388)
+119 0 0
cfl=
cfn=(343)
calls=1320 -1319791 0
* * 1320

ob=
fl=
fn=(389) github.com/nd-r/tech-db-forum/vendor/github.com/jmoiron/sqlx.(*Tx).Select
+4014 0 0
cfl=
cfn=(390) github.com/nd-r/tech-db-forum/vendor/github.com/jmoiron/sqlx.Select
calls=2020 +11648 0
* * 2020
cfl=
cfn=(390)
calls=900 +11532 0
* * 900

ob=
fl=
fn=(391) github.com/nd-r/tech-db-forum/vendor/github.com/jmoiron/sqlx.(*Tx).Queryx
+163 0 0
cfl=
cfn=(347)
calls=900 -1314942 0
* * 900

ob=
fl=
fn=(392) github.com/nd-r/tech-db-forum/vendor/github.com/jmoiron/sqlx.(*Tx).QueryRowx
+384 0 0
cfl=
cfn=(347)
calls=2310 -1315105 0
* * 2310

ob=
fl=
fn=(393) github.com/nd-r/tech-db-forum/vendor/github.com/jmoiron/sqlx.(*Tx).Get
+397 0 0
cfl=
cfn=(394) github.com/nd-r/tech-db-forum/vendor/github.com/jmoiron/sqlx.Get
calls=2310 +7306 0
* * 2310
cfl=
cfn=(394)
calls=460 +7345 0
* * 460

ob=
fl=
fn=(390)
+6574 0 0
cfl=
cfn=(391)
calls=900 -781 0
* * 900
+116 0 0
cfl=
cfn=(395) github.com/nd-r/tech-db-forum/vendor/github.com/jmoiron/sqlx.scanAll
calls=1340 +8134 0
* * 1340
cfl=
cfn=(395)
calls=390 +8451 0
* * 390
cfl=
cfn=(395)
calls=130 +8852 0
* * 130
cfl=
cfn=(395)
calls=90 +8370 0
* * 90
cfl=
cfn=(395)
calls=40 +8177 0
* * 40
cfl=
cfn=(395)
calls=20 +7901 0
* * 20
cfl=
cfn=(395)
calls=10 +6698 0
* * 10

ob=
fl=
fn=(394)
+219 0 0
cfl=
cfn=(392)
calls=2310 -7087 0
* * 2310
+39 0 0
cfl=
cfn=(175)
calls=360 +1913 0
* * 360
cfl=
cfn=(175)
calls=40 +1547 0
* * 40
cfl=
cfn=(175)
calls=30 +2348 0
* * 30
cfl=
cfn=(175)
calls=20 +1810 0
* * 20
cfl=
cfn=(175)
calls=10 +2354 0
* * 10

ob=
fl=
fn=(175)
+1508 0 0
cfl=
cfn=(20)
calls=20 -52518 0
* * 20
cfl=
cfn=(20)
calls=10 -52663 0
* * 10
cfl=
cfn=(20)
calls=10 -52586 0
* * 10
+263 0 0
cfl=
cfn=(176)
calls=10 +8854 0
* * 10
cfl=
cfn=(176)
calls=10 +8895 0
* * 10
+103 0 0
cfl=
cfn=(386)
calls=200 -17876 0
* * 200
cfl=
cfn=(386)
calls=80 -17970 0
* * 80
cfl=
cfn=(386)
calls=80 -17909 0
* * 80
+435 0 0
cfl=
cfn=(386)
calls=10 -18073 0
* * 10
cfl=
cfn=(386)
calls=10 -18012 0
* * 10
cfl=
cfn=(386)
calls=10 -17914 0
* * 10

ob=
fl=
fn=(395)
+4015 0 0
cfl=
cfn=(385)
calls=10 -22124 0
* * 10
+1203 0 0
cfl=
cfn=(20)
calls=10 -58987 0
* * 10
cfl=
cfn=(20)
calls=10 -58842 0
* * 10
+233 0 0
cfl=
cfn=(349)
calls=1080 -1320712 0
* * 1080
cfl=
cfn=(349)
calls=260 -1320670 0
* * 260
+43 0 0
cfl=
cfn=(141)
calls=20 -1536193 0
* * 20
cfl=
cfn=(141)
calls=10 -1536228 0
* * 10
cfl=
cfn=(141)
calls=10 -1536182 0
* * 10
+193 0 0
cfl=
cfn=(176)
calls=40 +2559 0
* * 40
cfl=
cfn=(176)
calls=30 +2609 0
* * 30
cfl=
cfn=(176)
calls=10 +2236 0
* * 10
cfl=
cfn=(176)
calls=10 +2643 0
* * 10
+81 0 0
cfl=
cfn=(150)
calls=370 -1316774 0
* * 370
cfl=
cfn=(150)
calls=10 -1316899 0
* * 10
cfl=
cfn=(150)
calls=10 -1316814 0
* * 10
+401 0 0
cfl=
cfn=(328)
calls=120 -1539652 0
* * 120
cfl=
cfn=(328)
calls=10 -1539462 0
* * 10

ob=
fl=
fn=(176)
+1884 0 0
cfl=
cfn=(173)
calls=20 -59898 0
* * 20
cfl=
cfn=(173)
calls=10 -60285 0
* * 10
cfl=
cfn=(173)
calls=10 -60004 0
* * 10
cfl=
cfn=(173)
calls=10 -59874 0
* * 10
+50 0 0
cfl=
cfn=(322)
calls=30 -1571186 0
* * 30
+34 0 0
cfl=
cfn=(323)
calls=10 -1557884 0
* * 10

ob=
fl=
fn=(177)
+800216 0 0
cfl=
cfn=(48)
calls=50 -2207050 0
* * 50
cfl=
cfn=(48)
calls=10 -2207011 0
* * 10
+34 0 0
cfl=
cfn=(302)
calls=20 -2676237 0
* * 20

ob=
fl=
fn=(178)
+123 0 0
cfl=
cfn=(45)
calls=10 -3014601 0
* * 10
cfl=
cfn=(45)
calls=10 -3014432 0
* * 10
+48 0 0
cfl=
cfn=(31)
calls=30 -2799788 0
* * 30
+49 0 0
cfl=
cfn=(304)
calls=20 -2675944 0
* * 20
+121 0 0
cfl=
cfn=(31)
calls=80 -2799885 0
* * 80

ob=
fl=
fn=(179)
+311 0 0
cfl=
cfn=(178)
calls=80 * 0
* * 80
cfl=
cfn=(178)
calls=30 -170 0
* * 30
cfl=
cfn=(178)
calls=20 -218 0
* * 20
cfl=
cfn=(178)
calls=20 -121 0
* * 20
cfl=
cfn=(178)
calls=10 +21 0
* * 10
+102 0 0
cfl=
cfn=(217)
calls=10 -2994571 0
* * 10
+231 0 0
cfl=
cfn=(31)
calls=20 -2800419 0
* * 20

ob=
fl=
fn=(180)
+370 0 0
cfl=
cfn=(179)
calls=50 -333 0
* * 50
cfl=
cfn=(179)
calls=10 -580 0
* * 10
cfl=
cfn=(179)
calls=10 -231 0
* * 10

ob=
fl=
fn=(181)
+241 0 0
cfl=
cfn=(19)
calls=10 -2699646 0
* * 10
cfl=
cfn=(19)
calls=10 -2699619 0
* * 10
cfl=
cfn=(19)
calls=10 -2698703 0
* * 10
+273 0 0
cfl=
cfn=(179)
calls=40 -944 0
* * 40

ob=
fl=
fn=(182)
+255 0 0
cfl=
cfn=(19)
calls=20 -2699174 0
* * 20
cfl=
cfn=(19)
calls=10 -2700835 0
* * 10
cfl=
cfn=(19)
calls=10 -2700806 0
* * 10
cfl=
cfn=(19)
calls=10 -2700796 0
* * 10
cfl=
cfn=(19)
calls=10 -2700196 0
* * 10
cfl=
cfn=(19)
calls=10 -2699150 0
* * 10
cfl=
cfn=(19)
calls=10 -2699133 0
* * 10
+263 0 0
cfl=
cfn=(179)
calls=70 -1472 0
* * 70
cfl=
cfn=(179)
calls=20 -1139 0
* * 20

ob=
fl=
fn=(183)
+1116 0 0
cfl=
cfn=(19)
calls=10 -2700766 0
* * 10
+37 0 0
cfl=
cfn=(177)
calls=40 -3537 0
* * 40
cfl=
cfn=(177)
calls=20 -3503 0
* * 20
+260 0 0
cfl=
cfn=(19)
calls=10 -2701826 0
* * 10
+39 0 0
cfl=
cfn=(177)
calls=20 -3834 0
* * 20
cfl=
cfn=(177)
calls=10 -3848 0
* * 10
+383 0 0
cfl=
cfn=(31)
calls=140 -2803504 0
* * 140

ob=
fl=
fn=(184)
+3216 0 0
cfl=
cfn=(180)
calls=70 -2867 0
* * 70

ob=
fl=
fn=(396) github.com/nd-r/tech-db-forum/vendor/github.com/mailru/easyjson/jwriter.(*Writer).RawString
+91 0 0
cfl=
cfn=(182)
calls=40 -5314 0
* * 40
cfl=
cfn=(182)
calls=10 -5381 0
* * 10
cfl=
cfn=(182)
calls=10 -5328 0
* * 10

ob=
fl=
fn=(397) github.com/nd-r/tech-db-forum/vendor/github.com/mailru/easyjson/jwriter.(*Writer).Raw
+194 0 0
cfl=
cfn=(181)
calls=40 -5660 0
* * 40
cfl=
cfn=(181)
calls=30 -5933 0
* * 30
cfl=
cfn=(181)
calls=10 -5677 0
* * 10

ob=
fl=
fn=(398) github.com/nd-r/tech-db-forum/vendor/github.com/mailru/easyjson/jwriter.(*Writer).Int
+2487 0 0
cfl=
cfn=(179)
calls=10 -7276 0
* * 10
+55 0 0
cfl=
cfn=(122)
calls=10 -2587422 0
* * 10

ob=
fl=
fn=(10)
+8197 0 0
cfl=
cfn=(182)
calls=90 -7878 0
* * 90
cfl=
cfn=(182)
calls=40 -8141 0
* * 40
cfl=
cfn=(182)
calls=10 -8321 0
* * 10
+19 0 0
cfl=
cfn=(180)
calls=10 -17337 0
* * 10

ob=
fl=
fn=(399) github.com/nd-r/tech-db-forum/models.easyjsonD2b7633eEncodeGithubComNdRTechDbForumModels2
+3043 0 0
cfl=
cfn=(400) github.com/nd-r/tech-db-forum/models.User.MarshalJSON
calls=160 +8696 0
* * 160
cfl=
cfn=(400)
calls=20 +8737 0
* * 20
+67 0 0
cfl=
cfn=(397)
calls=20 -13801 0
* * 20

ob=
fl=
fn=(401) github.com/nd-r/tech-db-forum/models.UsersArr.MarshalJSON
+313 0 0
cfl=
cfn=(399)
calls=180 -67 0
* * 180
cfl=
cfn=(399)
calls=20 * 0
* * 20
+41 0 0
cfl=
cfn=(183)
calls=10 -18104 0
* * 10

ob=
fl=
fn=(402) github.com/nd-r/tech-db-forum/models.easyjsonD2b7633eEncodeGithubComNdRTechDbForumModels4
+4671 0 0
cfl=
cfn=(184)
calls=50 -14507 0
* * 50
+148 0 0
cfl=
cfn=(396)
calls=10 -19087 0
* * 10
+161 0 0
cfl=
cfn=(10)
calls=10 -8302 0
* * 10
cfl=
cfn=(10)
calls=10 -8287 0
* * 10
+95 0 0
cfl=
cfn=(10)
calls=20 -9652 0
* * 20
cfl=
cfn=(10)
calls=20 -8591 0
* * 20
cfl=
cfn=(10)
calls=10 -9647 0
* * 10
cfl=
cfn=(10)
calls=10 -9613 0
* * 10
cfl=
cfn=(10)
calls=10 -8512 0
* * 10
cfl=
cfn=(10)
calls=10 -8463 0
* * 10

ob=
fl=
fn=(400)
+157 0 0
cfl=
cfn=(402)
calls=80 * 0
* * 80
cfl=
cfn=(402)
calls=50 -404 0
* * 50
cfl=
cfn=(402)
calls=20 -95 0
* * 20
cfl=
cfn=(402)
calls=10 -256 0
* * 10
+41 0 0
cfl=
cfn=(183)
calls=20 -22955 0
* * 20

ob=
fl=
fn=(403) github.com/nd-r/tech-db-forum/models.easyjsonD2b7633eEncodeGithubComNdRTechDbForumModels5
+1781 0 0
cfl=
cfn=(404) github.com/nd-r/tech-db-forum/models.Thread.MarshalJSON
calls=340 +8359 0
* * 340
cfl=
cfn=(404)
calls=80 +8403 0
* * 80
+70 0 0
cfl=
cfn=(397)
calls=10 -21276 0
* * 10

ob=
fl=
fn=(405) github.com/nd-r/tech-db-forum/models.TreadArr.MarshalJSON
+339 0 0
cfl=
cfn=(403)
calls=420 -70 0
* * 420
cfl=
cfn=(403)
calls=10 * 0
* * 10
+41 0 0
cfl=
cfn=(183)
calls=40 -25868 0
* * 40
cfl=
cfn=(183)
calls=20 -25186 0
* * 20
cfl=
cfn=(183)
calls=10 -25905 0
* * 10
cfl=
cfn=(183)
calls=10 -25569 0
* * 10

ob=
fl=
fn=(185)
+5071 0 0
cfl=
cfn=(184)
calls=10 -22011 0
* * 10
+35 0 0
cfl=
cfn=(396)
calls=10 -26991 0
* * 10
+55 0 0
cfl=
cfn=(184)
calls=10 -27165 0
* * 10
+168 0 0
cfl=
cfn=(10)
calls=20 -16270 0
* * 20
cfl=
cfn=(10)
calls=10 -17298 0
* * 10
+88 0 0
cfl=
cfn=(10)
calls=100 -16316 0
* * 100
cfl=
cfn=(10)
calls=40 -16468 0
* * 40
cfl=
cfn=(10)
calls=30 -17461 0
* * 30
cfl=
cfn=(10)
calls=20 -17466 0
* * 20
cfl=
cfn=(10)
calls=20 -17399 0
* * 20
cfl=
cfn=(10)
calls=10 -17505 0
* * 10
cfl=
cfn=(10)
calls=10 -17495 0
* * 10
cfl=
cfn=(10)
calls=10 -17404 0
* * 10
cfl=
cfn=(10)
calls=10 -16474 0
* * 10
cfl=
cfn=(10)
calls=10 -16450 0
* * 10
cfl=
cfn=(10)
calls=10 -16444 0
* * 10
cfl=
cfn=(10)
calls=10 -16297 0
* * 10
+176 0 0
cfl=
cfn=(10)
calls=10 -17588 0
* * 10
cfl=
cfn=(10)
calls=10 -17554 0
* * 10
+191 0 0
cfl=
cfn=(398)
calls=10 -24777 0
* * 10

ob=
fl=
fn=(404)
+344 0 0
cfl=
cfn=(185)
calls=280 -367 0
* * 280
cfl=
cfn=(185)
calls=30 -455 0
* * 30
cfl=
cfn=(185)
calls=20 -191 0
* * 20
cfl=
cfn=(185)
calls=10 -713 0
* * 10
cfl=
cfn=(185)
calls=10 -678 0
* * 10
cfl=
cfn=(185)
calls=10 -660 0
* * 10
cfl=
cfn=(185)
calls=10 -623 0
* * 10
cfl=
cfn=(185)
calls=10 * 0
* * 10
cfl=
cfn=(185)
calls=10 +107 0
* * 10
+44 0 0
cfl=
cfn=(183)
calls=60 -31355 0
* * 60
cfl=
cfn=(183)
calls=10 -32145 0
* * 10
cfl=
cfn=(183)
calls=10 -31738 0
* * 10

ob=
fl=
fn=(406) github.com/nd-r/tech-db-forum/models.easyjsonD2b7633eEncodeGithubComNdRTechDbForumModels10
+6544 0 0
cfl=
cfn=(407) github.com/nd-r/tech-db-forum/models.Post.MarshalJSON
calls=50 +14292 0
* * 50
+70 0 0
cfl=
cfn=(397)
calls=10 -34442 0
* * 10
+100 0 0
cfl=
cfn=(404)
calls=40 -6658 0
* * 40
+353 0 0
cfl=
cfn=(397)
calls=20 -34612 0
* * 20

ob=
fl=
fn=(408) github.com/nd-r/tech-db-forum/models.PostDetails.MarshalJSON
+173 0 0
cfl=
cfn=(406)
calls=50 -523 0
* * 50
cfl=
cfn=(406)
calls=40 -353 0
* * 40
cfl=
cfn=(406)
calls=20 * 0
* * 20
cfl=
cfn=(406)
calls=10 -453 0
* * 10
+41 0 0
cfl=
cfn=(183)
calls=10 -39321 0
* * 10

ob=
fl=
fn=(186)
+1793 0 0
cfl=
cfn=(407)
calls=180 +7011 0
* * 180
cfl=
cfn=(407)
calls=50 +7055 0
* * 50
+70 0 0
cfl=
cfn=(397)
calls=20 -36972 0
* * 20

ob=
fl=
fn=(409) github.com/nd-r/tech-db-forum/models.PostArr.MarshalJSON
+339 0 0
cfl=
cfn=(186)
calls=230 -70 0
* * 230
cfl=
cfn=(186)
calls=20 * 0
* * 20
cfl=
cfn=(186)
calls=10 -178 0
* * 10
+41 0 0
cfl=
cfn=(183)
calls=10 -40882 0
* * 10

ob=
fl=
fn=(410) github.com/nd-r/tech-db-forum/models.easyjsonD2b7633eEncodeGithubComNdRTechDbForumModels12
+3535 0 0
cfl=
cfn=(184)
calls=10 -37707 0
* * 10
+125 0 0
cfl=
cfn=(396)
calls=10 -41151 0
* * 10
+122 0 0
cfl=
cfn=(10)
calls=40 -31488 0
* * 40
cfl=
cfn=(10)
calls=20 -30495 0
* * 20
cfl=
cfn=(10)
calls=20 -30343 0
* * 20
cfl=
cfn=(10)
calls=10 -31532 0
* * 10
cfl=
cfn=(10)
calls=10 -31522 0
* * 10
cfl=
cfn=(10)
calls=10 -31497 0
* * 10
cfl=
cfn=(10)
calls=10 -31493 0
* * 10
cfl=
cfn=(10)
calls=10 -31478 0
* * 10
cfl=
cfn=(10)
calls=10 -31426 0
* * 10
cfl=
cfn=(10)
calls=10 -30477 0
* * 10
+153 0 0
cfl=
cfn=(396)
calls=20 -41398 0
* * 20
+34 0 0
cfl=
cfn=(10)
calls=10 -30770 0
* * 10
cfl=
cfn=(10)
calls=10 -30622 0
* * 10
+90 0 0
cfl=
cfn=(398)
calls=10 -38904 0
* * 10
+160 0 0
cfl=
cfn=(396)
calls=10 -41675 0
* * 10

ob=
fl=
fn=(407)
+549 0 0
cfl=
cfn=(410)
calls=150 -437 0
* * 150
cfl=
cfn=(410)
calls=20 -284 0
* * 20
cfl=
cfn=(410)
calls=20 -250 0
* * 20
cfl=
cfn=(410)
calls=10 -684 0
* * 10
cfl=
cfn=(410)
calls=10 -559 0
* * 10
cfl=
cfn=(410)
calls=10 -160 0
* * 10
cfl=
cfn=(410)
calls=10 * 0
* * 10
+44 0 0
cfl=
cfn=(183)
calls=30 -45691 0
* * 30
cfl=
cfn=(183)
calls=10 -46373 0
* * 10
cfl=
cfn=(183)
calls=10 -46074 0
* * 10

ob=
fl=
fn=(411) github.com/nd-r/tech-db-forum/database.GetForumDetails
+15394 0 0
cfl=
cfn=(387)
calls=200 -872678 0
* * 200
+311 0 0
cfl=
cfn=(393)
calls=290 -882995 0
* * 290
+103 0 0
cfl=
cfn=(345)
calls=220 -2205901 0
* * 220
cfl=
cfn=(345)
calls=10 -2205831 0
* * 10

ob=
fl=
fn=(187)
+1222 0 0
cfl=
cfn=(387)
calls=190 -888486 0
* * 190
+791 0 0
cfl=
cfn=(389)
calls=610 -885575 0
* * 610
+175 0 0
cfl=
cfn=(389)
calls=60 -886366 0
* * 60
+42 0 0
cfl=
cfn=(345)
calls=10 -2208192 0
* * 10
+123 0 0
cfl=
cfn=(345)
calls=50 -2208234 0
* * 50
cfl=
cfn=(345)
calls=30 -2208164 0
* * 30
+391 0 0
cfl=
cfn=(389)
calls=760 -886706 0
* * 760
+172 0 0
cfl=
cfn=(389)
calls=10 -887097 0
* * 10
+42 0 0
cfl=
cfn=(345)
calls=10 -2208920 0
* * 10
+120 0 0
cfl=
cfn=(345)
calls=70 -2208962 0
* * 70
cfl=
cfn=(345)
calls=20 -2208892 0
* * 20

ob=
fl=
fn=(412) github.com/nd-r/tech-db-forum/database.GetForumUsers
+614 0 0
cfl=
cfn=(387)
calls=180 -891564 0
* * 180
+220 0 0
cfl=
cfn=(393)
calls=260 -887101 0
* * 260
+709 0 0
cfl=
cfn=(389)
calls=550 -888265 0
* * 550
+29 0 0
cfl=
cfn=(345)
calls=130 -2210625 0
* * 130
cfl=
cfn=(345)
calls=10 -2210555 0
* * 10
+752 0 0
cfl=
cfn=(345)
calls=20 -2210654 0
* * 20

ob=
fl=
fn=(413) github.com/nd-r/tech-db-forum/database.GetPostDetails
+220 0 0
cfl=
cfn=(387)
calls=200 -893888 0
* * 200
+401 0 0
cfl=
cfn=(393)
calls=550 -889031 0
* * 550
+396 0 0
cfl=
cfn=(345)
calls=240 -2212027 0
* * 240
cfl=
cfn=(345)
calls=10 -2211957 0
* * 10
+219 0 0
cfl=
cfn=(393)
calls=220 -889828 0
* * 220
+303 0 0
cfl=
cfn=(393)
calls=170 -890047 0
* * 170
+301 0 0
cfl=
cfn=(393)
calls=190 -890350 0
* * 190
+134 0 0
cfl=
cfn=(345)
calls=20 -2213246 0
* * 20
+46 0 0
cfl=
cfn=(345)
calls=20 -2213380 0
* * 20

ob=
fl=
fn=(414) github.com/nd-r/tech-db-forum/database.GetThread
+6980 0 0
cfl=
cfn=(387)
calls=220 -895908 0
* * 220
+364 0 0
cfl=
cfn=(393)
calls=50 -897811 0
* * 50
+40 0 0
cfl=
cfn=(345)
calls=10 -2220770 0
* * 10
+202 0 0
cfl=
cfn=(393)
calls=470 -898215 0
* * 470
+40 0 0
cfl=
cfn=(345)
calls=270 -2221012 0
* * 270
cfl=
cfn=(345)
calls=20 -2220942 0
* * 20

ob=
fl=
fn=(415) github.com/nd-r/tech-db-forum/database.GetThreadPosts
+257 0 0
cfl=
cfn=(387)
calls=110 -903534 0
* * 110
+305 0 0
cfl=
cfn=(393)
calls=30 -898714 0
* * 30
+818 0 0
cfl=
cfn=(389)
calls=490 -899963 0
* * 490
+125 0 0
cfl=
cfn=(345)
calls=210 -2222432 0
* * 210
cfl=
cfn=(345)
calls=10 -2222362 0
* * 10
+447 0 0
cfl=
cfn=(389)
calls=440 -900906 0
* * 440
+994 0 0
cfl=
cfn=(358)
calls=10 -2159694 0
* * 10
cfl=
cfn=(358)
calls=10 -2159595 0
* * 10
+480 0 0
cfl=
cfn=(393)
calls=250 -901403 0
* * 250
+40 0 0
cfl=
cfn=(345)
calls=10 -2224478 0
* * 10

ob=
fl=
fn=(416) github.com/nd-r/tech-db-forum/database.GetUserProfile
+2448 0 0
cfl=
cfn=(387)
calls=220 -907000 0
* * 220
+299 0 0
cfl=
cfn=(393)
calls=290 -904371 0
* * 290
+144 0 0
cfl=
cfn=(345)
calls=30 -2227265 0
* * 30
cfl=
cfn=(345)
calls=10 -2227195 0
* * 10
+59 0 0
cfl=
cfn=(345)
calls=150 -2227409 0
* * 150
cfl=
cfn=(345)
calls=10 -2227339 0
* * 10

ob=
fl=
fn=(417) github.com/nd-r/tech-db-forum/vendor/github.com/valyala/fasthttp.(*RequestHeader).Read
+278172 0 0
cfl=
cfn=(418) github.com/nd-r/tech-db-forum/vendor/github.com/valyala/fasthttp.(*RequestHeader).tryRead
calls=650 +278469 0
* * 650
cfl=
cfn=(418)
calls=20 +279247 0
* * 20

ob=
fl=
fn=(418)
+297 0 0
cfl=
cfn=(360)
calls=650 -2435742 0
* * 650
+778 0 0
cfl=
cfn=(191)
calls=10 +19475 0
* * 10
cfl=
cfn=(191)
calls=10 +19563 0
* * 10

ob=
fl=
fn=(419) github.com/nd-r/tech-db-forum/vendor/github.com/valyala/fasthttp.(*ResponseHeader).Write
+1283 0 0
cfl=
cfn=(420) github.com/nd-r/tech-db-forum/vendor/github.com/valyala/fasthttp.(*ResponseHeader).Header
calls=40 +1592 0
* * 40

ob=
fl=
fn=(420)
+309 0 0
cfl=
cfn=(190)
calls=10 +582 0
* * 10
cfl=
cfn=(190)
calls=10 +676 0
* * 10
cfl=
cfn=(190)
calls=10 +1187 0
* * 10
cfl=
cfn=(190)
calls=10 +2715 0
* * 10

ob=
fl=
fn=(190)
+367 0 0
cfl=
cfn=(421) github.com/nd-r/tech-db-forum/vendor/github.com/valyala/fasthttp.statusLine
calls=10 +111778 0
* * 10
+511 0 0
cfl=
cfn=(19)
calls=10 -3065699 0
* * 10
+1528 0 0
cfl=
cfn=(19)
calls=10 -3066204 0
* * 10

ob=
fl=
fn=(191)
+14787 0 0
cfl=
cfn=(422) github.com/nd-r/tech-db-forum/vendor/github.com/valyala/fasthttp.(*RequestHeader).parseFirstLine
calls=10 +16955 0
* * 10

ob=
fl=
fn=(422)
+2168 0 0
cfl=
cfn=(192)
calls=10 +16593 0
* * 10

ob=
fl=
fn=(423) github.com/nd-r/tech-db-forum/vendor/github.com/valyala/fasthttp.(*Response).AppendBody
+22412 0 0
cfl=
cfn=(424) github.com/nd-r/tech-db-forum/vendor/github.com/valyala/fasthttp.(*Response).AppendBodyString
calls=20 +22582 0
* * 20

ob=
fl=
fn=(424)
+170 0 0
cfl=
cfn=(19)
calls=20 -3108127 0
* * 20

ob=
fl=
fn=(425) github.com/nd-r/tech-db-forum/vendor/github.com/valyala/fasthttp.(*Request).readLimitBody
+14004 0 0
cfl=
cfn=(417)
calls=670 -44610 0
* * 670

ob=
fl=
fn=(426) github.com/nd-r/tech-db-forum/vendor/github.com/valyala/fasthttp.(*Response).Write
+8860 0 0
cfl=
cfn=(419)
calls=40 -56256 0
* * 40
+99 0 0
cfl=
cfn=(362)
calls=520 -2495160 0
* * 520
cfl=
cfn=(362)
calls=150 -2495032 0
* * 150

ob=
fl=
fn=(427) github.com/nd-r/tech-db-forum/vendor/github.com/valyala/fasthttp.(*RequestCtx).QueryArgs
+16271 0 0
cfl=
cfn=(428) github.com/nd-r/tech-db-forum/vendor/github.com/valyala/fasthttp.(*URI).QueryArgs
calls=10 +69505 0
* * 10

ob=
fl=
fn=(429) github.com/nd-r/tech-db-forum/vendor/github.com/valyala/fasthttp.(*RequestCtx).IsGet
+1012 0 0
cfl=
cfn=(189)
calls=10 -114248 0
* * 10
cfl=
cfn=(189)
calls=10 -114239 0
* * 10

ob=
fl=
fn=(194)
+3812 0 0
cfl=
cfn=(423)
calls=20 -40416 0
* * 20

ob=
fl=
fn=(195)
+11708 0 0
cfl=
cfn=(430) github.com/nd-r/tech-db-forum/vendor/github.com/buaazp/fasthttprouter.(*Router).Handler-fm
calls=9850 +634099 0
* * 9850
+49 0 0
cfl=
cfn=(429)
calls=20 -15520 0
* * 20
+598 0 0
cfl=
cfn=(431) github.com/nd-r/tech-db-forum/vendor/github.com/valyala/fasthttp.writeResponse
calls=710 +7186 0
* * 710
cfl=
cfn=(431)
calls=10 +7220 0
* * 10
+1002 0 0
cfl=
cfn=(155)
calls=250 -2529359 0
* * 250
cfl=
cfn=(155)
calls=10 -2529475 0
* * 10
+220 0 0
cfl=
cfn=(432) github.com/nd-r/tech-db-forum/vendor/github.com/valyala/fasthttp.acquireWriter
calls=20 +8290 0
* * 20
cfl=
cfn=(432)
calls=20 +8784 0
* * 20
+1841 0 0
cfl=
cfn=(425)
calls=670 -43631 0
* * 670
+159 0 0
cfl=
cfn=(433) github.com/nd-r/tech-db-forum/vendor/github.com/valyala/fasthttp.acquireReader
calls=20 +5714 0
* * 20

ob=
fl=
fn=(431)
+3366 0 0
cfl=
cfn=(426)
calls=670 -36672 0
* * 670
cfl=
cfn=(426)
calls=40 -36771 0
* * 40
+34 0 0
cfl=
cfn=(193)
calls=10 -49450 0
* * 10

ob=
fl=
fn=(433)
+2155 0 0
cfl=
cfn=(21)
calls=20 -3469482 0
* * 20

ob=
fl=
fn=(432)
+515 0 0
cfl=
cfn=(304)
calls=20 -3150974 0
* * 20
+494 0 0
cfl=
cfn=(31)
calls=20 -3275381 0
* * 20

ob=
fl=
fn=(421)
+3636 0 0
cfl=
cfn=(41)
calls=10 -3536908 0
* * 10

ob=
fl=
fn=(428)
+22633 0 0
cfl=
cfn=(434) github.com/nd-r/tech-db-forum/vendor/github.com/valyala/fasthttp.(*URI).parseQueryArgs
calls=10 +22768 0
* * 10

ob=
fl=
fn=(434)
+135 0 0
cfl=
cfn=(188)
calls=10 -268971 0
* * 10

ob=
fl=
fn=(435) github.com/nd-r/tech-db-forum/vendor/github.com/valyala/fasthttp.(*workerPool).workerFunc
+5788 0 0
cfl=
cfn=(436) github.com/nd-r/tech-db-forum/vendor/github.com/valyala/fasthttp.(*Server).(github.com/nd-r/tech-db-forum/vendor/github.com/valyala/fasthttp.serveConn)-fm
calls=11590 +16252 0
* * 11590

ob=
fl=
fn=(299)
+4983 0 0
cfl=
cfn=(435)
calls=11590 * 0
* * 11590

ob=
fl=
fn=(436)
+5481 0 0
cfl=
cfn=(195)
calls=9850 -47608 0
* * 9850
cfl=
cfn=(195)
calls=720 -46961 0
* * 720
cfl=
cfn=(195)
calls=670 -43898 0
* * 670
cfl=
cfn=(195)
calls=260 -45959 0
* * 260
cfl=
cfn=(195)
calls=40 -45739 0
* * 40
cfl=
cfn=(195)
calls=20 -47559 0
* * 20
cfl=
cfn=(195)
calls=20 -43739 0
* * 20
cfl=
cfn=(195)
calls=10 -47599 0
* * 10

ob=
fl=
fn=(437) github.com/nd-r/tech-db-forum/vendor/github.com/buaazp/fasthttprouter.(*Router).Handler
+14197 0 0
cfl=
cfn=(98)
calls=10 -3302368 0
* * 10
+170 0 0
cfl=
cfn=(46)
calls=10 -3546635 0
* * 10
+1128 0 0
cfl=
cfn=(196)
calls=10 +9768 0
* * 10
cfl=
cfn=(196)
calls=10 +9804 0
* * 10
+1220 0 0
cfl=
cfn=(438) github.com/nd-r/tech-db-forum/handlers.GetForumThreads
calls=1830 +20462 0
* * 1830
cfl=
cfn=(439) github.com/nd-r/tech-db-forum/handlers.GetPostDetails
calls=1620 +22486 0
* * 1620
cfl=
cfn=(440) github.com/nd-r/tech-db-forum/handlers.GetThreadPosts
calls=1570 +27605 0
* * 1570
cfl=
cfn=(441) github.com/nd-r/tech-db-forum/handlers.GetForumUsers
calls=1150 +21601 0
* * 1150
cfl=
cfn=(442) github.com/nd-r/tech-db-forum/handlers.GetThreadDetails
calls=1040 +25463 0
* * 1040
cfl=
cfn=(443) github.com/nd-r/tech-db-forum/handlers.GetForumDetails
calls=720 +19451 0
* * 720
cfl=
cfn=(444) github.com/nd-r/tech-db-forum/handlers.GetUserProfile
calls=710 +29984 0
* * 710
cfl=
cfn=(438)
calls=510 +20544 0
* * 510
cfl=
cfn=(440)
calls=270 +27687 0
* * 270
cfl=
cfn=(441)
calls=210 +21784 0
* * 210
cfl=
cfn=(439)
calls=130 +22631 0
* * 130
cfl=
cfn=(438)
calls=20 +20591 0
* * 20
cfl=
cfn=(441)
calls=10 +21283 0
* * 10
cfl=
cfn=(441)
calls=10 +21831 0
* * 10
cfl=
cfn=(442)
calls=10 +25511 0
* * 10

ob=
fl=
fn=(196)
+7456 0 0
cfl=
cfn=(18)
calls=10 -3238618 0
* * 10

ob=
fl=
fn=(443)
+10775 0 0
cfl=
cfn=(411)
calls=290 -477375 0
* * 290
cfl=
cfn=(411)
calls=230 -477272 0
* * 230
cfl=
cfn=(411)
calls=200 -477686 0
* * 200

ob=
fl=
fn=(438)
+1011 0 0
cfl=
cfn=(187)
calls=760 -485303 0
* * 760
cfl=
cfn=(187)
calls=610 -486034 0
* * 610
cfl=
cfn=(187)
calls=190 -486825 0
* * 190
cfl=
cfn=(187)
calls=90 -484969 0
* * 90
cfl=
cfn=(187)
calls=80 -485694 0
* * 80
cfl=
cfn=(187)
calls=60 -485859 0
* * 60
cfl=
cfn=(187)
calls=10 -486911 0
* * 10
cfl=
cfn=(187)
calls=10 -485817 0
* * 10
cfl=
cfn=(187)
calls=10 -485131 0
* * 10
cfl=
cfn=(187)
calls=10 -485089 0
* * 10
+82 0 0
cfl=
cfn=(405)
calls=430 -525415 0
* * 430
cfl=
cfn=(405)
calls=80 -525374 0
* * 80
+47 0 0
cfl=
cfn=(194)
calls=20 -100836 0
* * 20

ob=
fl=
fn=(441)
+692 0 0
cfl=
cfn=(427)
calls=10 -105707 0
* * 10
+318 0 0
cfl=
cfn=(412)
calls=550 -485258 0
* * 550
cfl=
cfn=(412)
calls=260 -485967 0
* * 260
cfl=
cfn=(412)
calls=180 -486187 0
* * 180
cfl=
cfn=(412)
calls=140 -485229 0
* * 140
cfl=
cfn=(412)
calls=20 -484477 0
* * 20
+183 0 0
cfl=
cfn=(401)
calls=200 -534058 0
* * 200
cfl=
cfn=(401)
calls=10 -534017 0
* * 10
+47 0 0
cfl=
cfn=(194)
calls=10 -102120 0
* * 10

ob=
fl=
fn=(439)
+655 0 0
cfl=
cfn=(413)
calls=550 -484404 0
* * 550
cfl=
cfn=(413)
calls=250 -484008 0
* * 250
cfl=
cfn=(413)
calls=220 -483789 0
* * 220
cfl=
cfn=(413)
calls=200 -484805 0
* * 200
cfl=
cfn=(413)
calls=190 -483185 0
* * 190
cfl=
cfn=(413)
calls=170 -483486 0
* * 170
cfl=
cfn=(413)
calls=20 -483051 0
* * 20
cfl=
cfn=(413)
calls=20 -483005 0
* * 20
+145 0 0
cfl=
cfn=(408)
calls=120 -513986 0
* * 120
cfl=
cfn=(408)
calls=10 -513945 0
* * 10

ob=
fl=
fn=(442)
+2832 0 0
cfl=
cfn=(414)
calls=470 -476219 0
* * 470
cfl=
cfn=(414)
calls=290 -476179 0
* * 290
cfl=
cfn=(414)
calls=220 -476825 0
* * 220
cfl=
cfn=(414)
calls=50 -476461 0
* * 50
cfl=
cfn=(414)
calls=10 -476421 0
* * 10
+48 0 0
cfl=
cfn=(404)
calls=10 -524247 0
* * 10

ob=
fl=
fn=(440)
+2094 0 0
cfl=
cfn=(415)
calls=490 -477679 0
* * 490
cfl=
cfn=(415)
calls=440 -477107 0
* * 440
cfl=
cfn=(415)
calls=250 -475633 0
* * 250
cfl=
cfn=(415)
calls=220 -477554 0
* * 220
cfl=
cfn=(415)
calls=110 -478802 0
* * 110
cfl=
cfn=(415)
calls=30 -478497 0
* * 30
cfl=
cfn=(415)
calls=20 -476113 0
* * 20
cfl=
cfn=(415)
calls=10 -475593 0
* * 10
+82 0 0
cfl=
cfn=(409)
calls=260 -516862 0
* * 260
cfl=
cfn=(409)
calls=10 -516821 0
* * 10

ob=
fl=
fn=(444)
+2297 0 0
cfl=
cfn=(416)
calls=290 -475022 0
* * 290
cfl=
cfn=(416)
calls=220 -475321 0
* * 220
cfl=
cfn=(416)
calls=160 -474819 0
* * 160
cfl=
cfn=(416)
calls=40 -474878 0
* * 40

ob=
fl=
fn=(430)
+523823 0 0
cfl=
cfn=(437)
calls=9810 -28764 0
* * 9810
cfl=
cfn=(437)
calls=20 -29984 0
* * 20
cfl=
cfn=(437)
calls=10 -31282 0
* * 10
cfl=
cfn=(437)
calls=10 -31112 0
* * 10
