positions: instr line
events: cpu(ms)

ob=
fl=
fn=(1) syscall.Syscall
0x1083b5a 0 5000

ob=
fl=
fn=(2) runtime.kevent
-165703 0 1140

ob=
fl=
fn=(3) runtime.usleep
-525 0 900

ob=
fl=
fn=(4) runtime.mach_semaphore_signal
+341 0 740

ob=
fl=
fn=(5) runtime.freedefer
-195684 0 610

ob=
fl=
fn=(6) runtime.mach_semaphore_timedwait
+195660 0 360

ob=
fl=
fn=(7) runtime.mach_semaphore_wait
-24 0 310

ob=
fl=
fn=(8) github.com/nd-r/tech-db-forum/vendor/github.com/mailru/easyjson/jlexer.(*Lexer).SkipRecursive
+3430200 0 50

ob=
fl=
fn=(9) github.com/nd-r/tech-db-forum/vendor/github.com/mailru/easyjson/jwriter.(*Writer).String
+39197 0 50

ob=
fl=
fn=(10) runtime.scanobject
-3718873 0 40

ob=
fl=
fn=(11) github.com/nd-r/tech-db-forum/vendor/github.com/mailru/easyjson/jlexer.findStringLen
+3671439 0 40
+86 0 40

ob=
fl=
fn=(8)
+8179 0 40
+428 0 40

ob=
fl=
fn=(9)
+38736 0 40
+1022 0 40

ob=
fl=
fn=(12) runtime.lock
-3779373 0 30

ob=
fl=
fn=(13) runtime.mallocgc
+6207 0 30

ob=
fl=
fn=(8)
+3732948 0 30
+55 0 30
+379 0 30

ob=
fl=
fn=(9)
+38723 0 30

ob=
fl=
fn=(14) runtime.mapaccess2_faststr
-3784954 0 20

ob=
fl=
fn=(15) runtime.getitab
+600 0 20

ob=
fl=
fn=(16) runtime.assertE2I2
+5150 0 20

ob=
fl=
fn=(13)
+8164 0 20

ob=
fl=
fn=(10)
+52102 0 20
+51 0 20

ob=
fl=
fn=(17) runtime.(*mheap).freeSpanLocked
+21270 0 20

ob=
fl=
fn=(18) runtime.memclrNoHeapPointers
+224577 0 20

ob=
fl=
fn=(19) runtime.memmove
+2211 0 20
+43 0 20

ob=
fl=
fn=(20) github.com/nd-r/tech-db-forum/vendor/github.com/jackc/pgx.(*ConnPool).Acquire
+2634744 0 20

ob=
fl=
fn=(11)
+788646 0 20

ob=
fl=
fn=(8)
+8709 0 20

ob=
fl=
fn=(9)
+38692 0 20
+30 0 20
+1002 0 20

ob=
fl=
fn=(21) runtime.mapaccess2_fast32
-3789546 0 10

ob=
fl=
fn=(22) runtime.mapaccess1_fast64
+396 0 10
+84 0 10

ob=
fl=
fn=(14)
+2171 0 10
+22 0 10
+1122 0 10

ob=
fl=
fn=(15)
+234 0 10
+26 0 10
+34 0 10
+58 0 10
+17 0 10

ob=
fl=
fn=(23) runtime.assertI2I2
+4547 0 10
+49 0 10
+19 0 10

ob=
fl=
fn=(16)
+545 0 10

ob=
fl=
fn=(24) runtime.lfstackpop
+749 0 10

ob=
fl=
fn=(12)
+32 0 10
+51 0 10
+6 0 10

ob=
fl=
fn=(13)
+5431 0 10
+39 0 10
+2145 0 10

ob=
fl=
fn=(25) runtime.newobject
+769 0 10

ob=
fl=
fn=(26) reflect.unsafe_New
+140 0 10

ob=
fl=
fn=(27) runtime.gcmarkwb_m
+1941 0 10

ob=
fl=
fn=(28) runtime.writebarrierptr_prewrite1
+325 0 10

ob=
fl=
fn=(29) runtime.typedmemmove
+626 0 10

ob=
fl=
fn=(30) runtime.(*mspan).refillAllocCache
+1779 0 10

ob=
fl=
fn=(31) runtime.markBits.setMarked
+681 0 10

ob=
fl=
fn=(32) runtime.heapBitsForObject
+342 0 10
+148 0 10
+737 0 10
+7 0 10
+106 0 10

ob=
fl=
fn=(33) runtime.(*mspan).countFree
+2983 0 10

ob=
fl=
fn=(34) runtime.(*mcentral).cacheSpan
+5906 0 10

ob=
fl=
fn=(35) runtime.(*fixalloc).alloc
+7134 0 10

ob=
fl=
fn=(36) runtime.gcResetMarkState
+13415 0 10

ob=
fl=
fn=(37) runtime.gcAssistAlloc1
+6562 0 10

ob=
fl=
fn=(38) runtime.scanstack
+2049 0 10

ob=
fl=
fn=(39) runtime.scanframeworker
+2317 0 10

ob=
fl=
fn=(40) runtime.gcDrain
+1725 0 10
+402 0 10

ob=
fl=
fn=(41) runtime.gcDrainN
+487 0 10

ob=
fl=
fn=(42) runtime.scanblock
+496 0 10

ob=
fl=
fn=(10)
+712 0 10
+13 0 10
+34 0 10
+26 0 10
+46 0 10
+185 0 10

ob=
fl=
fn=(43) runtime.shade
+172 0 10

ob=
fl=
fn=(44) runtime.greyobject
+279 0 10
+246 0 10
+448 0 10
+45 0 10
+72 0 10

ob=
fl=
fn=(45) runtime.(*mspan).ensureSwept
+4295 0 10

ob=
fl=
fn=(46) runtime.(*mspan).sweep
+197 0 10

ob=
fl=
fn=(47) runtime.(*mheap).alloc_m
+10871 0 10

ob=
fl=
fn=(17)
+4114 0 10

ob=
fl=
fn=(48) runtime.(*mSpanList).insert
+2534 0 10

ob=
fl=
fn=(49) runtime.newMarkBits
+3240 0 10

ob=
fl=
fn=(50) runtime.netpollready
+17213 0 10

ob=
fl=
fn=(51) runtime.deferproc
+8104 0 10
+198 0 10

ob=
fl=
fn=(52) runtime.newdefer
+1048 0 10
+85 0 10

ob=
fl=
fn=(53) runtime.deferreturn
+1164 0 10

ob=
fl=
fn=(54) runtime.schedule
+32122 0 10

ob=
fl=
fn=(55) runtime.reentersyscall
+2677 0 10
+338 0 10

ob=
fl=
fn=(56) runtime.exitsyscallfast
+2005 0 10

ob=
fl=
fn=(57) runtime.sysmon
+12825 0 10

ob=
fl=
fn=(58) runtime.retake
+373 0 10

ob=
fl=
fn=(59) runtime.makeslice
+40747 0 10

ob=
fl=
fn=(60) runtime.rawstringtmp
+16465 0 10

ob=
fl=
fn=(61) runtime.step
+13833 0 10

ob=
fl=
fn=(62) runtime.gentraceback
+21581 0 10

ob=
fl=
fn=(63) runtime.gogo
+35449 0 10

ob=
fl=
fn=(64) runtime.systemstack
+357 0 10
+53 0 10

ob=
fl=
fn=(65) runtime.aeshashbody
+7032 0 10
+1274 0 10

ob=
fl=
fn=(66) runtime.aeshash32
+119 0 10

ob=
fl=
fn=(67) runtime.memeqbody
+537 0 10

ob=
fl=
fn=(68) runtime.cmpbody
+586 0 10

ob=
fl=
fn=(69) runtime.indexbytebody
+1025 0 10

ob=
fl=
fn=(70) runtime.duffzero
+868 0 10

ob=
fl=
fn=(71) runtime.duffcopy
+700 0 10

ob=
fl=
fn=(18)
+815 0 10

ob=
fl=
fn=(19)
+81 0 10
+10 0 10
+14 0 10
+46 0 10
+33 0 10
+13 0 10
+471 0 10
+105 0 10
+15 0 10
+642 0 10
+100 0 10
+37 0 10
+50 0 10
+134 0 10
+43 0 10

ob=
fl=
fn=(72) nanotime
+475 0 10

ob=
fl=
fn=(6)
+939 0 10

ob=
fl=
fn=(73) sync.(*Mutex).Lock
+18714 0 10
+317 0 10

ob=
fl=
fn=(74) sync.(*Pool).Get
+994 0 10

ob=
fl=
fn=(75) sync.(*Pool).pin
+825 0 10

ob=
fl=
fn=(76) strconv.ParseUint
+76930 0 10

ob=
fl=
fn=(77) time.nextStdChunk
+70252 0 10
+395 0 10

ob=
fl=
fn=(78) time.appendInt
+3838 0 10
+9 0 10
+38 0 10
+393 0 10

ob=
fl=
fn=(79) time.Time.AppendFormat
+2478 0 10
+3050 0 10

ob=
fl=
fn=(80) time.Time.abs
+25452 0 10

ob=
fl=
fn=(81) time.Time.date
+5111 0 10

ob=
fl=
fn=(82) time.absDate
+518 0 10

ob=
fl=
fn=(83) time.(*Location).get
+8112 0 10

ob=
fl=
fn=(84) reflect.Value.Elem
+117966 0 10

ob=
fl=
fn=(85) reflect.valueInterface
+3948 0 10

ob=
fl=
fn=(86) bufio.(*Writer).Write
+217206 0 10
+479 0 10

ob=
fl=
fn=(87) net.(*netFD).writeLock
+131356 0 10

ob=
fl=
fn=(88) net.(*pollDesc).prepare
+609 0 10

ob=
fl=
fn=(89) net.(*TCPConn).Write
+199531 0 10
+5 0 10

ob=
fl=
fn=(90) github.com/nd-r/tech-db-forum/vendor/github.com/jackc/pgx/pgtype.int64AssignTo
+1098504 0 10

ob=
fl=
fn=(91) github.com/nd-r/tech-db-forum/vendor/github.com/jackc/pgx/pgtype.(*Timestamptz).DecodeBinary
+345388 0 10
+456 0 10

ob=
fl=
fn=(92) github.com/nd-r/tech-db-forum/vendor/github.com/jackc/pgx.(*Conn).unlock
+287187 0 10

ob=
fl=
fn=(93) github.com/nd-r/tech-db-forum/vendor/github.com/jackc/pgx.(*Conn).execEx
+5004 0 10

ob=
fl=
fn=(94) github.com/nd-r/tech-db-forum/vendor/github.com/jackc/pgx.(*Conn).termContext
+4518 0 10

ob=
fl=
fn=(95) github.com/nd-r/tech-db-forum/vendor/github.com/jackc/pgx.(*Conn).ensureConnectionReadyForQuery
+1188 0 10

ob=
fl=
fn=(96) github.com/nd-r/tech-db-forum/vendor/github.com/jackc/pgx.appendBind
+37420 0 10

ob=
fl=
fn=(97) github.com/nd-r/tech-db-forum/vendor/github.com/jackc/pgx.(*Row).Scan
+2474 0 10

ob=
fl=
fn=(98) github.com/nd-r/tech-db-forum/vendor/github.com/jackc/pgx.(*Rows).Scan
+5372 0 10
+1003 0 10

ob=
fl=
fn=(99) github.com/nd-r/tech-db-forum/vendor/github.com/jackc/pgx.(*Tx).QueryEx
+17977 0 10

ob=
fl=
fn=(100) github.com/nd-r/tech-db-forum/vendor/github.com/jackc/pgx.encodePreparedStatementArgument
+6430 0 10
+187 0 10
+309 0 10
+1706 0 10
+600 0 10
+35 0 10
+929 0 10

ob=
fl=
fn=(101) github.com/nd-r/tech-db-forum/vendor/github.com/jackc/pgx.chooseParameterFormatCode
+670 0 10

ob=
fl=
fn=(102) github.com/nd-r/tech-db-forum/vendor/github.com/mailru/easyjson/jlexer.(*Lexer).FetchToken
+707221 0 10

ob=
fl=
fn=(103) github.com/nd-r/tech-db-forum/vendor/github.com/mailru/easyjson/jlexer.(*Lexer).fetchNumber
+8712 0 10

ob=
fl=
fn=(11)
+125 0 10
+35 0 10

ob=
fl=
fn=(8)
+8210 0 10
+40 0 10
+387 0 10

ob=
fl=
fn=(104) github.com/nd-r/tech-db-forum/vendor/github.com/mailru/easyjson/jlexer.(*Lexer).Consumed
+375 0 10

ob=
fl=
fn=(105) github.com/nd-r/tech-db-forum/vendor/github.com/mailru/easyjson/jlexer.(*Lexer).unsafeString
+760 0 10

ob=
fl=
fn=(106) github.com/nd-r/tech-db-forum/vendor/github.com/mailru/easyjson/buffer.(*Buffer).EnsureSpace
+20998 0 10

ob=
fl=
fn=(107) github.com/nd-r/tech-db-forum/vendor/github.com/mailru/easyjson/buffer.(*Buffer).AppendByte
+464 0 10
+26 0 10
+32 0 10

ob=
fl=
fn=(108) github.com/nd-r/tech-db-forum/vendor/github.com/mailru/easyjson/buffer.(*Buffer).AppendString
+960 0 10

ob=
fl=
fn=(109) github.com/nd-r/tech-db-forum/vendor/github.com/mailru/easyjson/jwriter.(*Writer).RawByte
+5220 0 10

ob=
fl=
fn=(110) github.com/nd-r/tech-db-forum/vendor/github.com/mailru/easyjson/jwriter.(*Writer).Raw
+189 0 10

ob=
fl=
fn=(111) github.com/nd-r/tech-db-forum/vendor/github.com/mailru/easyjson/jwriter.(*Writer).Int
+2686 0 10

ob=
fl=
fn=(9)
+7012 0 10
+5 0 10
+86 0 10
+5 0 10
+925 0 10
+12 0 10
+24 0 10

ob=
fl=
fn=(112) github.com/nd-r/tech-db-forum/models.easyjsonD2b7633eDecodeGithubComNdRTechDbForumModels12
+20080 0 10

ob=
fl=
fn=(113) github.com/nd-r/tech-db-forum/models.(*Post).UnmarshalJSON
+2373 0 10

ob=
fl=
fn=(114) github.com/nd-r/tech-db-forum/vendor/github.com/valyala/fasthttp.(*ResponseHeader).Write
+314268 0 10

ob=
fl=
fn=(115) github.com/nd-r/tech-db-forum/vendor/github.com/valyala/fasthttp.(*Response).closeBodyStream
+66848 0 10

ob=
fl=
fn=(116) github.com/nd-r/tech-db-forum/vendor/github.com/valyala/fasthttp.(*Server).serveConn
+31887 0 10
+975 0 10
+714 0 10
+1489 0 10

ob=
fl=
fn=(117) github.com/nd-r/tech-db-forum/vendor/github.com/valyala/fasthttp.releaseReader
+5911 0 10

ob=
fl=
fn=(118) github.com/nd-r/tech-db-forum/handlers.VoteThread
+81439 0 10

ob=
fl=
fn=(119) runtime.mapassign
-4325657 0 0
cfl=
cfn=(29)
calls=10 -4293982 0
* * 10

ob=
fl=
fn=(21)
+10272 0 0
cfl=
cfn=(66)
calls=10 +321542 0
* * 10

ob=
fl=
fn=(14)
+3216 0 0
cfl=
cfn=(65)
calls=10 +309877 0
* * 10
cfl=
cfn=(65)
calls=10 +311151 0
* * 10

ob=
fl=
fn=(120) runtime.convT2E
+4337 0 0
cfl=
cfn=(25)
calls=20 +15201 0
* * 20

ob=
fl=
fn=(121) runtime.convI2I
+400 0 0
cfl=
cfn=(15)
calls=10 -3581 0
* * 10
cfl=
cfn=(15)
calls=10 -3573 0
* * 10

ob=
fl=
fn=(122) runtime.assertI2I
+176 0 0
cfl=
cfn=(15)
calls=10 -4073 0
* * 10

ob=
fl=
fn=(23)
+469 0 0
cfl=
cfn=(15)
calls=10 -4275 0
* * 10

ob=
fl=
fn=(16)
+598 0 0
cfl=
cfn=(15)
calls=10 -4684 0
* * 10
cfl=
cfn=(15)
calls=10 -4618 0
* * 10
cfl=
cfn=(15)
calls=10 -4609 0
* * 10

ob=
fl=
fn=(123) runtime.notewakeup
+1581 0 0
cfl=
cfn=(124) runtime.semawakeup
calls=740 +107342 0
* * 740

ob=
fl=
fn=(125) runtime.notesleep
+226 0 0
cfl=
cfn=(126) runtime.semasleep
calls=300 +108765 0
* * 300

ob=
fl=
fn=(127) runtime.notetsleep_internal
+199 0 0
cfl=
cfn=(126)
calls=330 +108539 0
* * 330

ob=
fl=
fn=(128) runtime.notetsleep
+492 0 0
cfl=
cfn=(127)
calls=330 * 0
* * 330

ob=
fl=
fn=(129) runtime.(*mcache).nextFree
+3268 0 0
cfl=
cfn=(64)
calls=50 +291108 0
* * 50
cfl=
cfn=(64)
calls=40 +291158 0
* * 40

ob=
fl=
fn=(13)
+1624 0 0
cfl=
cfn=(130) runtime.gcStart
calls=20 +31508 0
* * 20
cfl=
cfn=(130)
calls=10 +31247 0
* * 10
+86 0 0
cfl=
cfn=(131) runtime.profilealloc
calls=30 +2346 0
* * 30
+153 0 0
cfl=
cfn=(132) runtime.gcmarknewobject
calls=10 +56112 0
* * 10
+618 0 0
cfl=
cfn=(18)
calls=10 +298469 0
* * 10
cfl=
cfn=(18)
calls=10 +298976 0
* * 10
+61 0 0
cfl=
cfn=(129)
calls=90 -2481 0
* * 90
+265 0 0
cfl=
cfn=(64)
calls=20 +285348 0
* * 20
+167 0 0
cfl=
cfn=(133) runtime.gcAssistAlloc
calls=50 +42820 0
* * 50

ob=
fl=
fn=(25)
+481 0 0
cfl=
cfn=(13)
calls=20 -493 0
* * 20
cfl=
cfn=(13)
calls=20 * 0
* * 20
cfl=
cfn=(13)
calls=10 -2479 0
* * 10
cfl=
cfn=(13)
calls=10 -1111 0
* * 10
cfl=
cfn=(13)
calls=10 -642 0
* * 10

ob=
fl=
fn=(26)
+83 0 0
cfl=
cfn=(25)
calls=10 * 0
* * 10

ob=
fl=
fn=(131)
+432 0 0
cfl=
cfn=(134) runtime.mProf_Malloc
calls=20 +80331 0
* * 20
cfl=
cfn=(134)
calls=10 +80576 0
* * 10

ob=
fl=
fn=(27)
+1517 0 0
cfl=
cfn=(43)
calls=10 +50935 0
* * 10

ob=
fl=
fn=(28)
+327 0 0
cfl=
cfn=(64)
calls=20 +282353 0
* * 20

ob=
fl=
fn=(135) runtime.writebarrierptr
+158 0 0
cfl=
cfn=(28)
calls=10 * 0
* * 10

ob=
fl=
fn=(29)
+463 0 0
cfl=
cfn=(136) runtime.bulkBarrierPreWrite
calls=20 +4842 0
* * 20

ob=
fl=
fn=(137) reflect.typedmemmove
+83 0 0
cfl=
cfn=(29)
calls=10 * 0
* * 10

ob=
fl=
fn=(136)
+4296 0 0
cfl=
cfn=(28)
calls=10 -704 0
* * 10
cfl=
cfn=(28)
calls=10 -703 0
* * 10

ob=
fl=
fn=(138) runtime.heapBits.initSpan
+1688 0 0
cfl=
cfn=(49)
calls=10 +70432 0
* * 10
+41 0 0
cfl=
cfn=(139) runtime.newAllocBits
calls=10 +69052 0
* * 10

ob=
fl=
fn=(140) runtime.(*mcache).refill
+5800 0 0
cfl=
cfn=(34)
calls=30 +6466 0
* * 30
cfl=
cfn=(34)
calls=10 +6587 0
* * 10
cfl=
cfn=(34)
calls=10 +6829 0
* * 10

ob=
fl=
fn=(34)
+666 0 0
cfl=
cfn=(141) runtime.(*mcentral).grow
calls=20 +2406 0
* * 20
cfl=
cfn=(141)
calls=10 +2318 0
* * 10
+363 0 0
cfl=
cfn=(30)
calls=10 -10789 0
* * 10

ob=
fl=
fn=(142) runtime.(*mcentral).freeSpan
+886 0 0
cfl=
cfn=(12)
calls=10 -24312 0
* * 10
+207 0 0
cfl=
cfn=(48)
calls=10 +57748 0
* * 10

ob=
fl=
fn=(141)
+196 0 0
cfl=
cfn=(143) runtime.(*mheap).alloc
calls=10 +51899 0
* * 10
+88 0 0
cfl=
cfn=(138)
calls=10 -8159 0
* * 10
cfl=
cfn=(138)
calls=10 -8118 0
* * 10

ob=
fl=
fn=(130)
+10498 0 0
cfl=
cfn=(36)
calls=10 +18930 0
* * 10
+261 0 0
cfl=
cfn=(64)
calls=20 +256593 0
* * 20

ob=
fl=
fn=(144) runtime.gcMarkDone
+748 0 0
cfl=
cfn=(64)
calls=20 +256382 0
* * 20
+198 0 0
cfl=
cfn=(64)
calls=20 +255634 0
* * 20
+60 0 0
cfl=
cfn=(145) runtime.gcMarkTermination
calls=20 +512 0
* * 20

ob=
fl=
fn=(145)
+452 0 0
cfl=
cfn=(64)
calls=10 +255326 0
* * 10
cfl=
cfn=(64)
calls=10 +255376 0
* * 10

ob=
fl=
fn=(146) runtime.gcBgMarkWorker
+3517 0 0
cfl=
cfn=(64)
calls=400 +254874 0
* * 400
cfl=
cfn=(64)
calls=20 +254924 0
* * 20
+263 0 0
cfl=
cfn=(144)
calls=20 -4227 0
* * 20
cfl=
cfn=(144)
calls=20 -4029 0
* * 20
cfl=
cfn=(144)
calls=20 -3969 0
* * 20

ob=
fl=
fn=(147) runtime.gcMark
+2166 0 0
cfl=
cfn=(148) runtime.helpgc
calls=10 +89027 0
* * 10

ob=
fl=
fn=(149) runtime.markroot
+4999 0 0
cfl=
cfn=(150) runtime.markrootBlock
calls=10 +5331 0
* * 10

ob=
fl=
fn=(150)
+332 0 0
cfl=
cfn=(42)
calls=10 +9806 0
* * 10

ob=
fl=
fn=(133)
+1384 0 0
cfl=
cfn=(64)
calls=40 +243597 0
* * 40
cfl=
cfn=(64)
calls=10 +243647 0
* * 10

ob=
fl=
fn=(37)
+547 0 0
cfl=
cfn=(41)
calls=20 +7684 0
* * 20
cfl=
cfn=(41)
calls=10 +7594 0
* * 10
cfl=
cfn=(41)
calls=10 +7755 0
* * 10

ob=
fl=
fn=(38)
+2382 0 0
cfl=
cfn=(62)
calls=20 +208858 0
* * 20

ob=
fl=
fn=(39)
+1242 0 0
cfl=
cfn=(151) runtime.pcdatavalue
calls=10 +181588 0
* * 10

ob=
fl=
fn=(40)
+2383 0 0
cfl=
cfn=(149)
calls=10 -5887 0
* * 10
+193 0 0
cfl=
cfn=(10)
calls=50 +2408 0
* * 50
cfl=
cfn=(10)
calls=50 +2549 0
* * 50
cfl=
cfn=(10)
calls=30 +2362 0
* * 30
cfl=
cfn=(10)
calls=20 +2304 0
* * 20
cfl=
cfn=(10)
calls=10 +2248 0
* * 10
cfl=
cfn=(10)
calls=10 +2253 0
* * 10
cfl=
cfn=(10)
calls=10 +2261 0
* * 10
cfl=
cfn=(10)
calls=10 +2295 0
* * 10
cfl=
cfn=(10)
calls=10 +2321 0
* * 10
cfl=
cfn=(10)
calls=10 +2367 0
* * 10
cfl=
cfn=(10)
calls=10 +2552 0
* * 10
+140 0 0
cfl=
cfn=(152) runtime.pollWork
calls=110 +87575 0
* * 110
+353 0 0
cfl=
cfn=(153) runtime.(*gcWork).balance
calls=30 +13283 0
* * 30
+50 0 0
cfl=
cfn=(152)
calls=10 +87082 0
* * 10

ob=
fl=
fn=(41)
+394 0 0
cfl=
cfn=(10)
calls=10 +1517 0
* * 10
cfl=
cfn=(10)
calls=10 +1626 0
* * 10
+71 0 0
cfl=
cfn=(154) runtime.(*gcWork).tryGet
calls=10 +11817 0
* * 10

ob=
fl=
fn=(10)
+1207 0 0
cfl=
cfn=(32)
calls=10 -44139 0
* * 10
cfl=
cfn=(32)
calls=10 -43991 0
* * 10
cfl=
cfn=(32)
calls=10 -43254 0
* * 10
cfl=
cfn=(32)
calls=10 -43247 0
* * 10
cfl=
cfn=(32)
calls=10 -43141 0
* * 10
+141 0 0
cfl=
cfn=(44)
calls=10 +595 0
* * 10
cfl=
cfn=(44)
calls=10 +841 0
* * 10
cfl=
cfn=(44)
calls=10 +1289 0
* * 10
cfl=
cfn=(44)
calls=10 +1334 0
* * 10
cfl=
cfn=(44)
calls=10 +1406 0
* * 10

ob=
fl=
fn=(132)
+3092 0 0
cfl=
cfn=(31)
calls=10 -45829 0
* * 10

ob=
fl=
fn=(155) runtime.bgsweep
+1252 0 0
cfl=
cfn=(156) runtime.gosweepone
calls=50 +2364 0
* * 50

ob=
fl=
fn=(157) runtime.sweepone
+610 0 0
cfl=
cfn=(46)
calls=20 +2468 0
* * 20
cfl=
cfn=(46)
calls=10 +1413 0
* * 10
cfl=
cfn=(46)
calls=10 +2025 0
* * 10
cfl=
cfn=(46)
calls=10 +2214 0
* * 10

ob=
fl=
fn=(156)
+502 0 0
cfl=
cfn=(64)
calls=40 +228156 0
* * 40
cfl=
cfn=(64)
calls=10 +228206 0
* * 10

ob=
fl=
fn=(46)
+913 0 0
cfl=
cfn=(33)
calls=10 -46962 0
* * 10
+189 0 0
cfl=
cfn=(49)
calls=10 +20109 0
* * 10
+254 0 0
cfl=
cfn=(142)
calls=10 -41030 0
* * 10
cfl=
cfn=(142)
calls=10 -40823 0
* * 10

ob=
fl=
fn=(154)
+3586 0 0
cfl=
cfn=(158) runtime.trygetfull
calls=10 +4974 0
* * 10

ob=
fl=
fn=(153)
+669 0 0
cfl=
cfn=(159) runtime.handoff
calls=30 +2534 0
* * 30

ob=
fl=
fn=(158)
+719 0 0
cfl=
cfn=(24)
calls=10 -70861 0
* * 10

ob=
fl=
fn=(159)
+1146 0 0
cfl=
cfn=(19)
calls=20 +236027 0
* * 20
cfl=
cfn=(19)
calls=10 +234991 0
* * 10

ob=
fl=
fn=(160) runtime.(*mheap).reclaim
+3529 0 0
cfl=
cfn=(157)
calls=10 -7978 0
* * 10

ob=
fl=
fn=(47)
+175 0 0
cfl=
cfn=(12)
calls=10 -76131 0
* * 10
+147 0 0
cfl=
cfn=(161) runtime.(*mheap).allocSpanLocked
calls=20 +2100 0
* * 20
cfl=
cfn=(161)
calls=10 +1727 0
* * 10
+551 0 0
cfl=
cfn=(160)
calls=10 -322 0
* * 10

ob=
fl=
fn=(143)
+300 0 0
cfl=
cfn=(18)
calls=10 +228268 0
* * 10

ob=
fl=
fn=(161)
+729 0 0
cfl=
cfn=(35)
calls=10 -46100 0
* * 10
+373 0 0
cfl=
cfn=(17)
calls=20 +2662 0
* * 20

ob=
fl=
fn=(162) runtime.addspecial
+5187 0 0
cfl=
cfn=(45)
calls=10 -13176 0
* * 10

ob=
fl=
fn=(163) runtime.setprofilebucket
+2076 0 0
cfl=
cfn=(162)
calls=10 * 0
* * 10

ob=
fl=
fn=(49)
+479 0 0
cfl=
cfn=(12)
calls=10 -85704 0
* * 10
cfl=
cfn=(12)
calls=10 -85669 0
* * 10

ob=
fl=
fn=(139)
+346 0 0
cfl=
cfn=(49)
calls=10 * 0
* * 10

ob=
fl=
fn=(134)
+2315 0 0
cfl=
cfn=(164) runtime.callers
calls=20 +178928 0
* * 20
+245 0 0
cfl=
cfn=(64)
calls=10 +203971 0
* * 10

ob=
fl=
fn=(165) runtime.netpoll
+16969 0 0
cfl=
cfn=(2)
calls=1140 +220137 0
* * 1140
+366 0 0
cfl=
cfn=(50)
calls=10 -2624 0
* * 10

ob=
fl=
fn=(124)
+127 0 0
cfl=
cfn=(166) runtime.mach_semrelease
calls=740 +3176 0
* * 740

ob=
fl=
fn=(167) runtime.semasleep1
+2682 0 0
cfl=
cfn=(7)
calls=310 +202443 0
* * 310
+150 0 0
cfl=
cfn=(6)
calls=360 +199785 0
* * 360
cfl=
cfn=(6)
calls=10 +199789 0
* * 10

ob=
fl=
fn=(126)
+172 0 0
cfl=
cfn=(64)
calls=630 +183482 0
* * 630

ob=
fl=
fn=(166)
+45 0 0
cfl=
cfn=(4)
calls=740 +199487 0
* * 740

ob=
fl=
fn=(51)
+2007 0 0
cfl=
cfn=(52)
calls=10 +3184 0
* * 10
cfl=
cfn=(52)
calls=10 +3269 0
* * 10

ob=
fl=
fn=(53)
+2508 0 0
cfl=
cfn=(5)
calls=610 +1751 0
* * 610

ob=
fl=
fn=(148)
+16633 0 0
cfl=
cfn=(123)
calls=10 -113325 0
* * 10

ob=
fl=
fn=(168) runtime.scang
+2387 0 0
cfl=
cfn=(38)
calls=20 -77217 0
* * 20
cfl=
cfn=(38)
calls=10 -77483 0
* * 10

ob=
fl=
fn=(169) runtime.startTheWorldWithSema
+1521 0 0
cfl=
cfn=(165)
calls=20 -27077 0
* * 20
+486 0 0
cfl=
cfn=(64)
calls=10 +158159 0
* * 10

ob=
fl=
fn=(170) runtime.mstart
+100 0 0
cfl=
cfn=(171) runtime.mstart1
calls=1260 +398 0
* * 1260

ob=
fl=
fn=(171)
+298 0 0
cfl=
cfn=(57)
calls=900 +28015 0
* * 900
cfl=
cfn=(57)
calls=330 +28177 0
* * 330
cfl=
cfn=(57)
calls=10 +28193 0
* * 10
cfl=
cfn=(57)
calls=10 +28358 0
* * 10
cfl=
cfn=(57)
calls=10 +28758 0
* * 10

ob=
fl=
fn=(172) runtime.runSafePointFn
+1325 0 0
cfl=
cfn=(123)
calls=10 -134750 0
* * 10

ob=
fl=
fn=(173) runtime.stopm
+2562 0 0
cfl=
cfn=(125)
calls=300 -135849 0
* * 300

ob=
fl=
fn=(174) runtime.startm
+496 0 0
cfl=
cfn=(123)
calls=90 -138637 0
* * 90

ob=
fl=
fn=(175) runtime.wakep
+1003 0 0
cfl=
cfn=(174)
calls=10 * 0
* * 10

ob=
fl=
fn=(176) runtime.gcstopm
+847 0 0
cfl=
cfn=(173)
calls=20 -1499 0
* * 20

ob=
fl=
fn=(177) runtime.findrunnable
+1261 0 0
cfl=
cfn=(173)
calls=280 -2346 0
* * 280
+59 0 0
cfl=
cfn=(165)
calls=640 -36976 0
* * 640
cfl=
cfn=(165)
calls=10 -36610 0
* * 10
+15 0 0
cfl=
cfn=(178) runtime.nanotime
calls=10 +165142 0
* * 10
+131 0 0
cfl=
cfn=(179) runtime.injectglist
calls=30 +2472 0
* * 30
+1164 0 0
cfl=
cfn=(165)
calls=360 -37181 0
* * 360
+36 0 0
cfl=
cfn=(179)
calls=50 +1177 0
* * 50
+118 0 0
cfl=
cfn=(12)
calls=10 -144445 0
* * 10

ob=
fl=
fn=(152)
+367 0 0
cfl=
cfn=(165)
calls=120 -38499 0
* * 120

ob=
fl=
fn=(180) runtime.resetspinning
+203 0 0
cfl=
cfn=(175)
calls=10 -3998 0
* * 10

ob=
fl=
fn=(179)
+453 0 0
cfl=
cfn=(174)
calls=80 -5204 0
* * 80

ob=
fl=
fn=(54)
+362 0 0
cfl=
cfn=(176)
calls=20 -3807 0
* * 20
+38 0 0
cfl=
cfn=(180)
calls=10 -815 0
* * 10
+22 0 0
cfl=
cfn=(177)
calls=650 -2887 0
* * 650
cfl=
cfn=(177)
calls=360 -1577 0
* * 360
cfl=
cfn=(177)
calls=280 -2946 0
* * 280
cfl=
cfn=(177)
calls=50 -1541 0
* * 50
cfl=
cfn=(177)
calls=30 -2741 0
* * 30
cfl=
cfn=(177)
calls=10 -2872 0
* * 10
cfl=
cfn=(177)
calls=10 -1423 0
* * 10
+412 0 0
cfl=
cfn=(172)
calls=10 -9137 0
* * 10

ob=
fl=
fn=(181) runtime.park_m
+355 0 0
cfl=
cfn=(54)
calls=1380 -412 0
* * 1380
cfl=
cfn=(54)
calls=10 -434 0
* * 10

ob=
fl=
fn=(182) runtime.goschedImpl
+619 0 0
cfl=
cfn=(54)
calls=20 -827 0
* * 20
cfl=
cfn=(54)
calls=10 -767 0
* * 10
cfl=
cfn=(54)
calls=10 -614 0
* * 10
cfl=
cfn=(54)
calls=10 -355 0
* * 10

ob=
fl=
fn=(183) runtime.gosched_m
+144 0 0
cfl=
cfn=(182)
calls=20 * 0
* * 20

ob=
fl=
fn=(184) runtime.gopreempt_m
+80 0 0
cfl=
cfn=(182)
calls=30 -144 0
* * 30

ob=
fl=
fn=(55)
+1706 0 0
cfl=
cfn=(64)
calls=630 +145203 0
* * 630

ob=
fl=
fn=(185) runtime.entersyscall
+148 0 0
cfl=
cfn=(55)
calls=630 * 0
* * 630
cfl=
cfn=(55)
calls=10 -486 0
* * 10
cfl=
cfn=(55)
calls=10 -148 0
* * 10

ob=
fl=
fn=(186) runtime.entersyscall_sysmon
+120 0 0
cfl=
cfn=(123)
calls=630 -148676 0
* * 630

ob=
fl=
fn=(187) runtime.exitsyscall
+980 0 0
cfl=
cfn=(56)
calls=10 +1589 0
* * 10

ob=
fl=
fn=(188) runtime._System
+5585 0 0
cfl=
cfn=(63)
calls=10 +141882 0
* * 10
cfl=
cfn=(64)
calls=10 +142239 0
* * 10
cfl=
cfn=(64)
calls=10 +142292 0
* * 10

ob=
fl=
fn=(57)
+7106 0 0
cfl=
cfn=(3)
calls=900 +152550 0
* * 900
+162 0 0
cfl=
cfn=(128)
calls=330 -161550 0
* * 330
+16 0 0
cfl=
cfn=(12)
calls=10 -163476 0
* * 10
+165 0 0
cfl=
cfn=(58)
calls=10 +938 0
* * 10

ob=
fl=
fn=(59)
+41601 0 0
cfl=
cfn=(13)
calls=30 -156915 0
* * 30
cfl=
cfn=(13)
calls=20 -157358 0
* * 20
cfl=
cfn=(13)
calls=20 -156083 0
* * 20
cfl=
cfn=(13)
calls=10 -158169 0
* * 10
cfl=
cfn=(13)
calls=10 -157001 0
* * 10
cfl=
cfn=(13)
calls=10 -156293 0
* * 10
cfl=
cfn=(13)
calls=10 -155985 0
* * 10
cfl=
cfn=(13)
calls=10 -155818 0
* * 10
cfl=
cfn=(13)
calls=10 -155651 0
* * 10

ob=
fl=
fn=(189) runtime.growslice
+803 0 0
cfl=
cfn=(13)
calls=30 -197684 0
* * 30
cfl=
cfn=(13)
calls=20 -198602 0
* * 20
cfl=
cfn=(13)
calls=10 -197419 0
* * 10
+42 0 0
cfl=
cfn=(19)
calls=10 +100583 0
* * 10
cfl=
cfn=(19)
calls=10 +100598 0
* * 10

ob=
fl=
fn=(190) runtime.newstack
+10280 0 0
cfl=
cfn=(184)
calls=30 -58434 0
* * 30

ob=
fl=
fn=(191) runtime.slicebytetostring
+5038 0 0
cfl=
cfn=(60)
calls=70 +5304 0
* * 70
cfl=
cfn=(60)
calls=10 +5259 0
* * 10
+64 0 0
cfl=
cfn=(19)
calls=10 +84601 0
* * 10
cfl=
cfn=(19)
calls=10 +86197 0
* * 10

ob=
fl=
fn=(60)
+202 0 0
cfl=
cfn=(192) runtime.rawstring
calls=70 +1783 0
* * 70

ob=
fl=
fn=(192)
+1581 0 0
cfl=
cfn=(13)
calls=40 -214113 0
* * 40
cfl=
cfn=(13)
calls=20 -213681 0
* * 20
cfl=
cfn=(13)
calls=10 -215388 0
* * 10

ob=
fl=
fn=(193) runtime.pcvalue
+9140 0 0
cfl=
cfn=(71)
calls=10 +81788 0
* * 10
+250 0 0
cfl=
cfn=(61)
calls=10 +3067 0
* * 10

ob=
fl=
fn=(194) runtime.funcspdelta
+2044 0 0
cfl=
cfn=(193)
calls=10 -250 0
* * 10

ob=
fl=
fn=(151)
+474 0 0
cfl=
cfn=(193)
calls=10 -2044 0
* * 10

ob=
fl=
fn=(62)
+24888 0 0
cfl=
cfn=(195) runtime.scanstack.func1
calls=20 +49013 0
* * 20
+1457 0 0
cfl=
cfn=(194)
calls=10 -25362 0
* * 10

ob=
fl=
fn=(164)
+3993 0 0
cfl=
cfn=(64)
calls=20 +31351 0
* * 20

ob=
fl=
fn=(196) runtime.(*mcache).nextFree.func1
+14983 0 0
cfl=
cfn=(140)
calls=50 -242139 0
* * 50

ob=
fl=
fn=(197) runtime.writebarrierptr_prewrite1.func1
+370 0 0
cfl=
cfn=(27)
calls=10 -269978 0
* * 10
cfl=
cfn=(27)
calls=10 -269975 0
* * 10

ob=
fl=
fn=(198) runtime.gcMarkTermination.func1
+1993 0 0
cfl=
cfn=(147)
calls=10 -236923 0
* * 10

ob=
fl=
fn=(199) runtime.gcBgMarkWorker.func2
+633 0 0
cfl=
cfn=(40)
calls=110 -225454 0
* * 110
cfl=
cfn=(40)
calls=110 -225314 0
* * 110
cfl=
cfn=(40)
calls=20 -224961 0
* * 20
cfl=
cfn=(40)
calls=10 -225647 0
* * 10
cfl=
cfn=(40)
calls=10 -225496 0
* * 10
cfl=
cfn=(40)
calls=10 -224911 0
* * 10
+116 0 0
cfl=
cfn=(40)
calls=110 -226087 0
* * 110
cfl=
cfn=(40)
calls=10 -225727 0
* * 10
cfl=
cfn=(40)
calls=10 -225594 0
* * 10

ob=
fl=
fn=(200) runtime.markroot.func1
+163 0 0
cfl=
cfn=(168)
calls=30 -150417 0
* * 30

ob=
fl=
fn=(201) runtime.gcAssistAlloc.func1
+278 0 0
cfl=
cfn=(37)
calls=40 -232566 0
* * 40
cfl=
cfn=(37)
calls=10 -232499 0
* * 10

ob=
fl=
fn=(195)
+139 0 0
cfl=
cfn=(39)
calls=10 -229220 0
* * 10
cfl=
cfn=(39)
calls=10 -228411 0
* * 10

ob=
fl=
fn=(202) runtime.gosweepone.func1
+237 0 0
cfl=
cfn=(157)
calls=40 -219473 0
* * 40

ob=
fl=
fn=(203) runtime.(*mheap).alloc.func1
+112 0 0
cfl=
cfn=(47)
calls=30 -207881 0
* * 30
cfl=
cfn=(47)
calls=10 -208036 0
* * 10
cfl=
cfn=(47)
calls=10 -208028 0
* * 10
cfl=
cfn=(47)
calls=10 -207330 0
* * 10

ob=
fl=
fn=(204) runtime.(*mheap).freeSpan.func1
+394 0 0
cfl=
cfn=(17)
calls=10 -204034 0
* * 10

ob=
fl=
fn=(205) runtime.mProf_Malloc.func1
+94 0 0
cfl=
cfn=(163)
calls=10 -199171 0
* * 10

ob=
fl=
fn=(206) runtime.semasleep.func1
+1200 0 0
cfl=
cfn=(167)
calls=370 -175586 0
* * 370
cfl=
cfn=(167)
calls=310 -175736 0
* * 310

ob=
fl=
fn=(207) runtime.callers.func1
+4685 0 0
cfl=
cfn=(62)
calls=10 -29170 0
* * 10
cfl=
cfn=(62)
calls=10 -24705 0
* * 10

ob=
fl=
fn=(208) runtime.mcall
+1803 0 0
cfl=
cfn=(181)
calls=1390 -144085 0
* * 1390
cfl=
cfn=(183)
calls=20 -143322 0
* * 20

ob=
fl=
fn=(64)
+158 0 0
cfl=
cfn=(186)
calls=630 -143071 0
* * 630
cfl=
cfn=(199)
calls=270 -9221 0
* * 270
cfl=
cfn=(199)
calls=130 -9105 0
* * 130
cfl=
cfn=(196)
calls=50 -12217 0
* * 50
cfl=
cfn=(201)
calls=50 -8664 0
* * 50
cfl=
cfn=(202)
calls=40 -8288 0
* * 40
cfl=
cfn=(169)
calls=20 -158001 0
* * 20
cfl=
cfn=(197)
calls=20 -11847 0
* * 20
cfl=
cfn=(207)
calls=20 -1803 0
* * 20
cfl=
cfn=(198)
calls=10 -9854 0
* * 10
cfl=
cfn=(205)
calls=10 -7688 0
* * 10
+50 0 0
cfl=
cfn=(206)
calls=680 -6646 0
* * 680
cfl=
cfn=(203)
calls=60 -8334 0
* * 60
cfl=
cfn=(200)
calls=30 -9100 0
* * 30
cfl=
cfn=(204)
calls=10 -7940 0
* * 10

ob=
fl=
fn=(209) runtime.morestack
+139 0 0
cfl=
cfn=(190)
calls=30 -76539 0
* * 30

ob=
fl=
fn=(210) runtime.goexit
+10875 0 0
cfl=
cfn=(211) github.com/nd-r/tech-db-forum/vendor/github.com/valyala/fasthttp.(*workerPool).getCh.func1
calls=8540 +3968799 0
* * 8540
cfl=
cfn=(146)
calls=420 -251546 0
* * 420
cfl=
cfn=(146)
calls=60 -251283 0
* * 60
cfl=
cfn=(155)
calls=50 -228955 0
* * 50

ob=
fl=
fn=(178)
+4356 0 0
cfl=
cfn=(72)
calls=10 +4204 0
* * 10

ob=
fl=
fn=(212) sync.(*Pool).Put
+20360 0 0
cfl=
cfn=(75)
calls=10 +21637 0
* * 10

ob=
fl=
fn=(213) io.ReadAtLeast
+5740 0 0
cfl=
cfn=(214) net.(*conn).Read
calls=2350 +751635 0
* * 2350

ob=
fl=
fn=(215) strconv.ParseInt
+72650 0 0
cfl=
cfn=(76)
calls=10 +72467 0
* * 10

ob=
fl=
fn=(216) syscall.Read
+52470 0 0
cfl=
cfn=(217) syscall.read
calls=2610 +64018 0
* * 2610

ob=
fl=
fn=(218) syscall.Write
+128 0 0
cfl=
cfn=(219) syscall.write
calls=3050 +13724 0
* * 3050

ob=
fl=
fn=(217)
+11420 0 0
cfl=
cfn=(1)
calls=1960 +15346 0
* * 1960
cfl=
cfn=(1)
calls=650 +15308 0
* * 650

ob=
fl=
fn=(219)
+2176 0 0
cfl=
cfn=(1)
calls=3040 +3926 0
* * 3040
cfl=
cfn=(1)
calls=10 +3980 0
* * 10

ob=
fl=
fn=(1)
+1712 0 0
cfl=
cfn=(185)
calls=650 -323713 0
* * 650
+92 0 0
cfl=
cfn=(187)
calls=10 -324325 0
* * 10

ob=
fl=
fn=(78)
+6790 0 0
cfl=
cfn=(19)
calls=10 -169064 0
* * 10

ob=
fl=
fn=(79)
+1951 0 0
cfl=
cfn=(77)
calls=10 -4719 0
* * 10
cfl=
cfn=(77)
calls=10 -4324 0
* * 10
+1382 0 0
cfl=
cfn=(78)
calls=10 -1951 0
* * 10
+4176 0 0
cfl=
cfn=(78)
calls=10 -3819 0
* * 10
cfl=
cfn=(78)
calls=10 -3810 0
* * 10
+124 0 0
cfl=
cfn=(78)
calls=10 -7555 0
* * 10
+1995 0 0
cfl=
cfn=(78)
calls=10 -8072 0
* * 10
+441 0 0
cfl=
cfn=(82)
calls=10 +26935 0
* * 10
+207 0 0
cfl=
cfn=(19)
calls=10 -185937 0
* * 10

ob=
fl=
fn=(80)
+20613 0 0
cfl=
cfn=(83)
calls=10 +34399 0
* * 10

ob=
fl=
fn=(220) time.Time.Year
+626 0 0
cfl=
cfn=(81)
calls=20 +5197 0
* * 20
cfl=
cfn=(81)
calls=10 +5156 0
* * 10

ob=
fl=
fn=(81)
+4571 0 0
cfl=
cfn=(80)
calls=10 -626 0
* * 10
cfl=
cfn=(80)
calls=10 -581 0
* * 10

ob=
fl=
fn=(221) time.Time.MarshalJSON
+3834 0 0
cfl=
cfn=(220)
calls=30 -4571 0
* * 30
+202 0 0
cfl=
cfn=(59)
calls=10 -316492 0
* * 10
+111 0 0
cfl=
cfn=(79)
calls=20 -38171 0
* * 20
cfl=
cfn=(79)
calls=20 -32613 0
* * 20
cfl=
cfn=(79)
calls=10 -37690 0
* * 10
cfl=
cfn=(79)
calls=10 -36789 0
* * 10
cfl=
cfn=(79)
calls=10 -34640 0
* * 10
cfl=
cfn=(79)
calls=10 -32489 0
* * 10
cfl=
cfn=(79)
calls=10 -30494 0
* * 10
cfl=
cfn=(79)
calls=10 -30053 0
* * 10
cfl=
cfn=(79)
calls=10 -29846 0
* * 10

ob=
fl=
fn=(222) reflect.packEface
+111037 0 0
cfl=
cfn=(26)
calls=10 -513493 0
* * 10
cfl=
cfn=(26)
calls=10 -513482 0
* * 10
+39 0 0
cfl=
cfn=(137)
calls=10 -621550 0
* * 10

ob=
fl=
fn=(223) reflect.Value.Interface
+15216 0 0
cfl=
cfn=(85)
calls=30 +15504 0
* * 30
cfl=
cfn=(85)
calls=10 +15280 0
* * 10

ob=
fl=
fn=(85)
+288 0 0
cfl=
cfn=(222)
calls=20 -15255 0
* * 20
cfl=
cfn=(222)
calls=10 -15216 0
* * 10

ob=
fl=
fn=(224) bufio.(*Reader).fill
+208691 0 0
cfl=
cfn=(214)
calls=660 +431644 0
* * 660

ob=
fl=
fn=(225) bufio.(*Reader).Peek
+448 0 0
cfl=
cfn=(224)
calls=660 * 0
* * 660

ob=
fl=
fn=(226) bufio.(*Reader).Read
+1249 0 0
cfl=
cfn=(214)
calls=110 +222505 0
* * 110

ob=
fl=
fn=(227) bufio.(*Writer).Flush
+6157 0 0
cfl=
cfn=(228) net.(*conn).Write
calls=920 +221992 0
* * 920

ob=
fl=
fn=(86)
+650 0 0
cfl=
cfn=(227)
calls=220 * 0
* * 220
+128 0 0
cfl=
cfn=(228)
calls=10 +215185 0
* * 10

ob=
fl=
fn=(229) net.(*pollDesc).prepareWrite
+132325 0 0
cfl=
cfn=(88)
calls=10 +132103 0
* * 10

ob=
fl=
fn=(230) net.(*netFD).Read
+6167 0 0
cfl=
cfn=(216)
calls=2610 -538779 0
* * 2610
+298 0 0
cfl=
cfn=(53)
calls=500 -890286 0
* * 500
cfl=
cfn=(53)
calls=10 -890368 0
* * 10

ob=
fl=
fn=(231) net.(*netFD).Write
+2746 0 0
cfl=
cfn=(87)
calls=10 -7296 0
* * 10
+53 0 0
cfl=
cfn=(51)
calls=10 -895907 0
* * 10
+33 0 0
cfl=
cfn=(229)
calls=10 -9264 0
* * 10
+169 0 0
cfl=
cfn=(218)
calls=3050 -547948 0
* * 3050
+314 0 0
cfl=
cfn=(53)
calls=110 -893585 0
* * 110

ob=
fl=
fn=(214)
+72216 0 0
cfl=
cfn=(230)
calls=2610 -3613 0
* * 2610
cfl=
cfn=(230)
calls=510 -3315 0
* * 510

ob=
fl=
fn=(228)
+736 0 0
cfl=
cfn=(231)
calls=3050 -72530 0
* * 3050
cfl=
cfn=(231)
calls=110 -72216 0
* * 110
cfl=
cfn=(231)
calls=10 -72785 0
* * 10
cfl=
cfn=(231)
calls=10 -72732 0
* * 10
cfl=
cfn=(231)
calls=10 -72699 0
* * 10

ob=
fl=
fn=(232) github.com/nd-r/tech-db-forum/vendor/github.com/jackc/pgx/chunkreader.(*ChunkReader).Next
+989028 0 0
cfl=
cfn=(59)
calls=10 -875846 0
* * 10
+217 0 0
cfl=
cfn=(233) github.com/nd-r/tech-db-forum/vendor/github.com/jackc/pgx/chunkreader.(*ChunkReader).appendAtLeast
calls=2350 +701 0
* * 2350

ob=
fl=
fn=(233)
+484 0 0
cfl=
cfn=(213)
calls=2350 -1735876 0
* * 2350

ob=
fl=
fn=(234) github.com/nd-r/tech-db-forum/vendor/github.com/jackc/pgx/pgproto3.(*CommandComplete).Decode
+91255 0 0
cfl=
cfn=(69)
calls=10 -1767264 0
* * 10
+61 0 0
cfl=
cfn=(191)
calls=10 -1940586 0
* * 10

ob=
fl=
fn=(235) github.com/nd-r/tech-db-forum/vendor/github.com/jackc/pgx/pgproto3.(*Frontend).Receive
+18150 0 0
cfl=
cfn=(232)
calls=2300 -91800 0
* * 2300
cfl=
cfn=(232)
calls=10 -92017 0
* * 10
+164 0 0
cfl=
cfn=(232)
calls=50 -109950 0
* * 50
+112 0 0
cfl=
cfn=(234)
calls=10 -18375 0
* * 10
cfl=
cfn=(234)
calls=10 -18314 0
* * 10
cfl=
cfn=(236) github.com/nd-r/tech-db-forum/vendor/github.com/jackc/pgx/pgproto3.(*ParameterDescription).Decode
calls=10 +6856 0
* * 10

ob=
fl=
fn=(236)
+6744 0 0
cfl=
cfn=(59)
calls=10 -1975236 0
* * 10

ob=
fl=
fn=(237) github.com/nd-r/tech-db-forum/vendor/github.com/jackc/pgx/pgtype.(*Int4).AssignTo
+245667 0 0
cfl=
cfn=(90)
calls=10 +108871 0
* * 10

ob=
fl=
fn=(238) github.com/nd-r/tech-db-forum/vendor/github.com/jackc/pgx/pgtype.(*Int8Array).Set
+30505 0 0
cfl=
cfn=(29)
calls=10 -2421438 0
* * 10

ob=
fl=
fn=(239) github.com/nd-r/tech-db-forum/vendor/github.com/jackc/pgx/pgtype.(*Text).DecodeBinary
+140840 0 0
cfl=
cfn=(191)
calls=20 -2241989 0
* * 20
cfl=
cfn=(191)
calls=10 -2241925 0
* * 10

ob=
fl=
fn=(240) github.com/nd-r/tech-db-forum/vendor/github.com/jackc/pgx.(*Batch).Send
+280389 0 0
cfl=
cfn=(14)
calls=10 -2610964 0
* * 10
+236 0 0
cfl=
cfn=(96)
calls=230 +93648 0
* * 230
cfl=
cfn=(96)
calls=60 +93199 0
* * 60
cfl=
cfn=(96)
calls=10 +92631 0
* * 10
+1086 0 0
cfl=
cfn=(189)
calls=10 -2678772 0
* * 10
+856 0 0
cfl=
cfn=(228)
calls=140 -1804938 0
* * 140

ob=
fl=
fn=(241) github.com/nd-r/tech-db-forum/vendor/github.com/jackc/pgx.(*Batch).ExecResults
+2514 0 0
cfl=
cfn=(242) github.com/nd-r/tech-db-forum/vendor/github.com/jackc/pgx.(*Conn).rxMsg
calls=80 +36015 0
* * 80
cfl=
cfn=(242)
calls=10 +35981 0
* * 10

ob=
fl=
fn=(243) github.com/nd-r/tech-db-forum/vendor/github.com/jackc/pgx.(*Batch).Close
+2413 0 0
cfl=
cfn=(241)
calls=20 * 0
* * 20
+65 0 0
cfl=
cfn=(95)
calls=10 +48106 0
* * 10

ob=
fl=
fn=(244) github.com/nd-r/tech-db-forum/vendor/github.com/jackc/pgx.(*Conn).prepareEx
+17850 0 0
cfl=
cfn=(228)
calls=230 -1810786 0
* * 230
+337 0 0
cfl=
cfn=(242)
calls=230 +13173 0
* * 230
+1295 0 0
cfl=
cfn=(119)
calls=10 -2930198 0
* * 10

ob=
fl=
fn=(245) github.com/nd-r/tech-db-forum/vendor/github.com/jackc/pgx.(*Conn).IsAlive
+5782 0 0
cfl=
cfn=(73)
calls=10 -2583498 0
* * 10
+41 0 0
cfl=
cfn=(51)
calls=10 -2805409 0
* * 10

ob=
fl=
fn=(246) github.com/nd-r/tech-db-forum/vendor/github.com/jackc/pgx.(*Conn).sendQuery
+363 0 0
cfl=
cfn=(14)
calls=20 -2923664 0
* * 20
cfl=
cfn=(14)
calls=10 -2924546 0
* * 10
cfl=
cfn=(14)
calls=10 -2923828 0
* * 10
cfl=
cfn=(14)
calls=10 -2923424 0
* * 10
+166 0 0
cfl=
cfn=(247) github.com/nd-r/tech-db-forum/vendor/github.com/jackc/pgx.(*Conn).sendSimpleQuery
calls=1200 +676 0
* * 1200

ob=
fl=
fn=(247)
+510 0 0
cfl=
cfn=(228)
calls=1200 -1836620 0
* * 1200

ob=
fl=
fn=(248) github.com/nd-r/tech-db-forum/vendor/github.com/jackc/pgx.(*Conn).sendPreparedQuery
+1236 0 0
cfl=
cfn=(96)
calls=40 +60134 0
* * 40
cfl=
cfn=(96)
calls=10 +59685 0
* * 10
+583 0 0
cfl=
cfn=(228)
calls=690 -1838366 0
* * 690
cfl=
cfn=(89)
calls=10 -1721789 0
* * 10
cfl=
cfn=(89)
calls=10 -1721784 0
* * 10

ob=
fl=
fn=(242)
+2826 0 0
cfl=
cfn=(245)
calls=10 -2899 0
* * 10
cfl=
cfn=(245)
calls=10 -2858 0
* * 10
+34 0 0
cfl=
cfn=(235)
calls=2310 -742580 0
* * 2310
cfl=
cfn=(235)
calls=50 -742416 0
* * 50
cfl=
cfn=(235)
calls=30 -742304 0
* * 30

ob=
fl=
fn=(249) github.com/nd-r/tech-db-forum/vendor/github.com/jackc/pgx.(*Conn).lock
+5943 0 0
cfl=
cfn=(51)
calls=10 -2811168 0
* * 10

ob=
fl=
fn=(92)
+215 0 0
cfl=
cfn=(73)
calls=10 -2600665 0
* * 10

ob=
fl=
fn=(250) github.com/nd-r/tech-db-forum/vendor/github.com/jackc/pgx.(*Conn).ExecEx
+1794 0 0
cfl=
cfn=(249)
calls=10 -215 0
* * 10
+56 0 0
cfl=
cfn=(51)
calls=10 -2818991 0
* * 10
+193 0 0
cfl=
cfn=(93)
calls=1250 +4059 0
* * 1250
cfl=
cfn=(93)
calls=1140 +3258 0
* * 1140
cfl=
cfn=(93)
calls=20 +3186 0
* * 20
cfl=
cfn=(93)
calls=10 +3304 0
* * 10
cfl=
cfn=(93)
calls=10 +3654 0
* * 10
+1098 0 0
cfl=
cfn=(92)
calls=10 -1893 0
* * 10

ob=
fl=
fn=(93)
+1895 0 0
cfl=
cfn=(248)
calls=20 -12159 0
* * 20
+72 0 0
cfl=
cfn=(242)
calls=1140 -11194 0
* * 1140
+396 0 0
cfl=
cfn=(251) github.com/nd-r/tech-db-forum/vendor/github.com/jackc/pgx.(*Conn).execEx.func1
calls=10 +88878 0
* * 10
+405 0 0
cfl=
cfn=(246)
calls=1200 -16851 0
* * 1200
cfl=
cfn=(246)
calls=50 -17017 0
* * 50

ob=
fl=
fn=(252) github.com/nd-r/tech-db-forum/vendor/github.com/jackc/pgx.(*ConnPool).Begin
+15608 0 0
cfl=
cfn=(253) github.com/nd-r/tech-db-forum/vendor/github.com/jackc/pgx.(*ConnPool).BeginEx
calls=1350 +18149 0
* * 1350
cfl=
cfn=(253)
calls=20 +18075 0
* * 20

ob=
fl=
fn=(253)
+2467 0 0
cfl=
cfn=(20)
calls=20 -8145 0
* * 20
+74 0 0
cfl=
cfn=(254) github.com/nd-r/tech-db-forum/vendor/github.com/jackc/pgx.(*Conn).BeginEx
calls=1340 +48164 0
* * 1340
cfl=
cfn=(254)
calls=10 +48205 0
* * 10

ob=
fl=
fn=(96)
+24790 0 0
cfl=
cfn=(101)
calls=40 +61942 0
* * 40
cfl=
cfn=(101)
calls=10 +61867 0
* * 10
cfl=
cfn=(101)
calls=10 +61914 0
* * 10
cfl=
cfn=(101)
calls=10 +62323 0
* * 10
+449 0 0
cfl=
cfn=(100)
calls=120 +32702 0
* * 120
cfl=
cfn=(100)
calls=40 +32615 0
* * 40
cfl=
cfn=(100)
calls=10 +32581 0
* * 10
cfl=
cfn=(100)
calls=10 +32688 0
* * 10
cfl=
cfn=(100)
calls=10 +32826 0
* * 10
cfl=
cfn=(100)
calls=10 +32875 0
* * 10
cfl=
cfn=(100)
calls=10 +32906 0
* * 10
cfl=
cfn=(100)
calls=10 +33094 0
* * 10
cfl=
cfn=(100)
calls=10 +33184 0
* * 10
cfl=
cfn=(100)
calls=10 +34890 0
* * 10
cfl=
cfn=(100)
calls=10 +35490 0
* * 10
cfl=
cfn=(100)
calls=10 +35524 0
* * 10
cfl=
cfn=(100)
calls=10 +35525 0
* * 10

ob=
fl=
fn=(97)
+1456 0 0
cfl=
cfn=(255) github.com/nd-r/tech-db-forum/vendor/github.com/jackc/pgx.(*Rows).Next
calls=950 +4037 0
* * 950
+125 0 0
cfl=
cfn=(98)
calls=50 +6441 0
* * 50
cfl=
cfn=(98)
calls=10 +5167 0
* * 10
cfl=
cfn=(98)
calls=10 +5373 0
* * 10
cfl=
cfn=(98)
calls=10 +6223 0
* * 10
cfl=
cfn=(98)
calls=10 +6376 0
* * 10
+14 0 0
cfl=
cfn=(256) github.com/nd-r/tech-db-forum/vendor/github.com/jackc/pgx.(*Rows).Close
calls=10 +2125 0
* * 10

ob=
fl=
fn=(256)
+2111 0 0
cfl=
cfn=(92)
calls=10 -50892 0
* * 10

ob=
fl=
fn=(255)
+331 0 0
cfl=
cfn=(242)
calls=940 -59161 0
* * 940
cfl=
cfn=(242)
calls=10 -59195 0
* * 10

ob=
fl=
fn=(98)
+2586 0 0
cfl=
cfn=(16)
calls=10 -2983058 0
* * 10
+1056 0 0
cfl=
cfn=(237)
calls=10 -552005 0
* * 10
+218 0 0
cfl=
cfn=(239)
calls=30 -381716 0
* * 30
cfl=
cfn=(91)
calls=10 -344469 0
* * 10
cfl=
cfn=(91)
calls=10 -344013 0
* * 10

ob=
fl=
fn=(257) github.com/nd-r/tech-db-forum/vendor/github.com/jackc/pgx.(*Conn).QueryEx
+5122 0 0
cfl=
cfn=(14)
calls=10 -2993638 0
* * 10
+184 0 0
cfl=
cfn=(248)
calls=690 -71334 0
* * 690
cfl=
cfn=(248)
calls=50 -71917 0
* * 50
+282 0 0
cfl=
cfn=(244)
calls=230 -81831 0
* * 230
cfl=
cfn=(244)
calls=230 -81494 0
* * 230
cfl=
cfn=(244)
calls=10 -80199 0
* * 10

ob=
fl=
fn=(254)
+9366 0 0
cfl=
cfn=(250)
calls=1320 -60739 0
* * 1320
cfl=
cfn=(250)
calls=10 -60988 0
* * 10
cfl=
cfn=(250)
calls=10 -59641 0
* * 10
+41 0 0
cfl=
cfn=(25)
calls=10 -2992651 0
* * 10

ob=
fl=
fn=(258) github.com/nd-r/tech-db-forum/vendor/github.com/jackc/pgx.(*Tx).Commit
+311 0 0
cfl=
cfn=(259) github.com/nd-r/tech-db-forum/vendor/github.com/jackc/pgx.(*Tx).CommitEx
calls=1100 +507 0
* * 1100

ob=
fl=
fn=(259)
+196 0 0
cfl=
cfn=(250)
calls=1090 -70457 0
* * 1090
cfl=
cfn=(250)
calls=10 -70650 0
* * 10

ob=
fl=
fn=(260) github.com/nd-r/tech-db-forum/vendor/github.com/jackc/pgx.(*Tx).Exec
+1322 0 0
cfl=
cfn=(261) github.com/nd-r/tech-db-forum/vendor/github.com/jackc/pgx.(*Tx).ExecEx
calls=20 +1627 0
* * 20

ob=
fl=
fn=(261)
+305 0 0
cfl=
cfn=(250)
calls=20 -71975 0
* * 20

ob=
fl=
fn=(262) github.com/nd-r/tech-db-forum/vendor/github.com/jackc/pgx.(*Tx).Query
+668 0 0
cfl=
cfn=(99)
calls=1220 +1068 0
* * 1220
cfl=
cfn=(99)
calls=10 +783 0
* * 10

ob=
fl=
fn=(99)
+400 0 0
cfl=
cfn=(257)
calls=740 -12491 0
* * 740
cfl=
cfn=(257)
calls=470 -12209 0
* * 470
cfl=
cfn=(257)
calls=10 -12675 0
* * 10

ob=
fl=
fn=(263) github.com/nd-r/tech-db-forum/vendor/github.com/jackc/pgx.(*Tx).QueryRow
+162 0 0
cfl=
cfn=(262)
calls=1230 -400 0
* * 1230

ob=
fl=
fn=(100)
+5876 0 0
cfl=
cfn=(84)
calls=10 -2360072 0
* * 10
+34 0 0
cfl=
cfn=(223)
calls=40 -2362064 0
* * 40
+87 0 0
cfl=
cfn=(100)
calls=70 +3909 0
* * 70
cfl=
cfn=(100)
calls=20 +2269 0
* * 20
cfl=
cfn=(100)
calls=10 +2909 0
* * 10
cfl=
cfn=(100)
calls=10 +3778 0
* * 10
cfl=
cfn=(100)
calls=10 +3839 0
* * 10
+124 0 0
cfl=
cfn=(21)
calls=10 -3020645 0
* * 10
+80 0 0
cfl=
cfn=(238)
calls=10 -547254 0
* * 10
+188 0 0
cfl=
cfn=(122)
calls=10 -3012545 0
* * 10
+1790 0 0
cfl=
cfn=(16)
calls=20 -3011666 0
* * 20
+640 0 0
cfl=
cfn=(16)
calls=20 -3013522 0
* * 20
+869 0 0
cfl=
cfn=(19)
calls=10 -2706061 0
* * 10
+131 0 0
cfl=
cfn=(189)
calls=60 -2808170 0
* * 60
cfl=
cfn=(189)
calls=10 -2808128 0
* * 10

ob=
fl=
fn=(101)
+553 0 0
cfl=
cfn=(21)
calls=10 -3024292 0
* * 10
+75 0 0
cfl=
cfn=(23)
calls=10 -3016309 0
* * 10
cfl=
cfn=(23)
calls=10 -3016260 0
* * 10
cfl=
cfn=(23)
calls=10 -3016247 0
* * 10
cfl=
cfn=(23)
calls=10 -3016241 0
* * 10
+381 0 0
cfl=
cfn=(16)
calls=10 -3015771 0
* * 10

ob=
fl=
fn=(251)
+7605 0 0
cfl=
cfn=(94)
calls=10 -76709 0
* * 10

ob=
fl=
fn=(102)
+700518 0 0
cfl=
cfn=(264) github.com/nd-r/tech-db-forum/vendor/github.com/mailru/easyjson/jlexer.(*Lexer).fetchString
calls=120 +711298 0
* * 120
+497 0 0
cfl=
cfn=(103)
calls=10 +7401 0
* * 10

ob=
fl=
fn=(264)
+10283 0 0
cfl=
cfn=(11)
calls=40 +7023 0
* * 40
cfl=
cfn=(11)
calls=40 +7109 0
* * 40
cfl=
cfn=(11)
calls=20 +7017 0
* * 20
cfl=
cfn=(11)
calls=10 +7029 0
* * 10
cfl=
cfn=(11)
calls=10 +7064 0
* * 10

ob=
fl=
fn=(265) github.com/nd-r/tech-db-forum/vendor/github.com/mailru/easyjson/jlexer.(*Lexer).IsDelim
+4421 0 0
cfl=
cfn=(102)
calls=10 -12091 0
* * 10

ob=
fl=
fn=(266) github.com/nd-r/tech-db-forum/vendor/github.com/mailru/easyjson/jlexer.(*Lexer).IsNull
+281 0 0
cfl=
cfn=(102)
calls=120 -15201 0
* * 120
cfl=
cfn=(102)
calls=10 -14704 0
* * 10

ob=
fl=
fn=(267) github.com/nd-r/tech-db-forum/vendor/github.com/mailru/easyjson/jlexer.(*Lexer).Raw
+894 0 0
cfl=
cfn=(8)
calls=50 +275 0
* * 50
cfl=
cfn=(8)
calls=40 +303 0
* * 40
cfl=
cfn=(8)
calls=40 +731 0
* * 40
cfl=
cfn=(8)
calls=30 +271 0
* * 30
cfl=
cfn=(8)
calls=30 +326 0
* * 30
cfl=
cfn=(8)
calls=30 +705 0
* * 30
cfl=
cfn=(8)
calls=20 +741 0
* * 20
cfl=
cfn=(8)
calls=10 +289 0
* * 10
cfl=
cfn=(8)
calls=10 +329 0
* * 10
cfl=
cfn=(8)
calls=10 +716 0
* * 10

ob=
fl=
fn=(268) github.com/nd-r/tech-db-forum/vendor/github.com/mailru/easyjson/jlexer.(*Lexer).UnsafeString
+1260 0 0
cfl=
cfn=(105)
calls=10 +957 0
* * 10

ob=
fl=
fn=(269) github.com/nd-r/tech-db-forum/vendor/github.com/mailru/easyjson/jlexer.(*Lexer).String
+310 0 0
cfl=
cfn=(191)
calls=40 -3519709 0
* * 40
cfl=
cfn=(191)
calls=10 -3519645 0
* * 10

ob=
fl=
fn=(270) github.com/nd-r/tech-db-forum/vendor/github.com/mailru/easyjson/jlexer.(*Lexer).Int64
+6701 0 0
cfl=
cfn=(215)
calls=10 -3334398 0
* * 10

ob=
fl=
fn=(271) github.com/nd-r/tech-db-forum/vendor/github.com/mailru/easyjson/jlexer.(*Lexer).Int
+669 0 0
cfl=
cfn=(270)
calls=10 * 0
* * 10

ob=
fl=
fn=(272) github.com/nd-r/tech-db-forum/vendor/github.com/mailru/easyjson/buffer.putBuf
+12204 0 0
cfl=
cfn=(22)
calls=10 -3758519 0
* * 10
+83 0 0
cfl=
cfn=(120)
calls=20 -3763391 0
* * 20
+34 0 0
cfl=
cfn=(212)
calls=10 -3432445 0
* * 10

ob=
fl=
fn=(273) github.com/nd-r/tech-db-forum/vendor/github.com/mailru/easyjson/buffer.getBuf
+123 0 0
cfl=
cfn=(22)
calls=10 -3770756 0
* * 10
+97 0 0
cfl=
cfn=(74)
calls=10 -3432150 0
* * 10
+121 0 0
cfl=
cfn=(59)
calls=10 -3556093 0
* * 10

ob=
fl=
fn=(106)
+311 0 0
cfl=
cfn=(273)
calls=10 -218 0
* * 10
cfl=
cfn=(273)
calls=10 -121 0
* * 10
cfl=
cfn=(273)
calls=10 * 0
* * 10
+147 0 0
cfl=
cfn=(135)
calls=10 -3750779 0
* * 10
+186 0 0
cfl=
cfn=(59)
calls=30 -3556672 0
* * 30

ob=
fl=
fn=(274) github.com/nd-r/tech-db-forum/vendor/github.com/mailru/easyjson/buffer.(*Buffer).AppendBytes
+611 0 0
cfl=
cfn=(19)
calls=10 -3454498 0
* * 10
+273 0 0
cfl=
cfn=(106)
calls=10 -611 0
* * 10

ob=
fl=
fn=(108)
+255 0 0
cfl=
cfn=(19)
calls=10 -3457048 0
* * 10
cfl=
cfn=(19)
calls=10 -3455512 0
* * 10
cfl=
cfn=(19)
calls=10 -3455335 0
* * 10
+263 0 0
cfl=
cfn=(106)
calls=30 -1472 0
* * 30
cfl=
cfn=(106)
calls=20 -1139 0
* * 20
cfl=
cfn=(106)
calls=10 -1430 0
* * 10
cfl=
cfn=(106)
calls=10 -1325 0
* * 10

ob=
fl=
fn=(275) github.com/nd-r/tech-db-forum/vendor/github.com/mailru/easyjson/buffer.(*Buffer).BuildBytes
+1116 0 0
cfl=
cfn=(19)
calls=10 -3456117 0
* * 10
cfl=
cfn=(19)
calls=10 -3456080 0
* * 10
+37 0 0
cfl=
cfn=(272)
calls=10 -3537 0
* * 10
cfl=
cfn=(272)
calls=10 -3503 0
* * 10
+260 0 0
cfl=
cfn=(19)
calls=10 -3458616 0
* * 10
cfl=
cfn=(19)
calls=10 -3458603 0
* * 10
+39 0 0
cfl=
cfn=(272)
calls=10 -3917 0
* * 10
cfl=
cfn=(272)
calls=10 -3834 0
* * 10
+383 0 0
cfl=
cfn=(59)
calls=60 -3559712 0
* * 60

ob=
fl=
fn=(109)
+3216 0 0
cfl=
cfn=(107)
calls=10 -3038 0
* * 10
cfl=
cfn=(107)
calls=10 -3006 0
* * 10

ob=
fl=
fn=(276) github.com/nd-r/tech-db-forum/vendor/github.com/mailru/easyjson/jwriter.(*Writer).RawString
+91 0 0
cfl=
cfn=(108)
calls=10 -5314 0
* * 10
cfl=
cfn=(108)
calls=10 -5051 0
* * 10

ob=
fl=
fn=(110)
+194 0 0
cfl=
cfn=(274)
calls=10 -5933 0
* * 10
cfl=
cfn=(274)
calls=10 -5660 0
* * 10

ob=
fl=
fn=(9)
+9544 0 0
cfl=
cfn=(107)
calls=10 -6565 0
* * 10
+1195 0 0
cfl=
cfn=(108)
calls=60 -14880 0
* * 60
cfl=
cfn=(108)
calls=20 -15143 0
* * 20
cfl=
cfn=(108)
calls=10 -15091 0
* * 10

ob=
fl=
fn=(277) github.com/nd-r/tech-db-forum/models.easyjsonD2b7633eDecodeGithubComNdRTechDbForumModels1
+519 0 0
cfl=
cfn=(266)
calls=10 -40617 0
* * 10
+179 0 0
cfl=
cfn=(269)
calls=10 -38672 0
* * 10
+72 0 0
cfl=
cfn=(271)
calls=10 -31481 0
* * 10

ob=
fl=
fn=(278) github.com/nd-r/tech-db-forum/models.(*Vote).UnmarshalJSON
+880 0 0
cfl=
cfn=(277)
calls=10 -251 0
* * 10
cfl=
cfn=(277)
calls=10 -72 0
* * 10
cfl=
cfn=(277)
calls=10 * 0
* * 10

ob=
fl=
fn=(279) github.com/nd-r/tech-db-forum/models.easyjsonD2b7633eEncodeGithubComNdRTechDbForumModels7
+12277 0 0
cfl=
cfn=(276)
calls=10 -12583 0
* * 10
+224 0 0
cfl=
cfn=(9)
calls=20 -14055 0
* * 20
cfl=
cfn=(9)
calls=10 -15081 0
* * 10
cfl=
cfn=(9)
calls=10 -13927 0
* * 10
+54 0 0
cfl=
cfn=(276)
calls=10 -25084 0
* * 10
+40 0 0
cfl=
cfn=(9)
calls=10 -14205 0
* * 10
+189 0 0
cfl=
cfn=(221)
calls=70 -3271775 0
* * 70
cfl=
cfn=(221)
calls=20 -3272088 0
* * 20
+64 0 0
cfl=
cfn=(110)
calls=10 -25173 0
* * 10

ob=
fl=
fn=(280) github.com/nd-r/tech-db-forum/models.Thread.MarshalJSON
+396 0 0
cfl=
cfn=(279)
calls=90 -64 0
* * 90
cfl=
cfn=(279)
calls=40 -347 0
* * 40
cfl=
cfn=(279)
calls=10 -571 0
* * 10
cfl=
cfn=(279)
calls=10 -293 0
* * 10
cfl=
cfn=(279)
calls=10 -253 0
* * 10
cfl=
cfn=(279)
calls=10 * 0
* * 10
+44 0 0
cfl=
cfn=(275)
calls=30 -29134 0
* * 30
cfl=
cfn=(275)
calls=10 -29853 0
* * 10
cfl=
cfn=(275)
calls=10 -29816 0
* * 10
cfl=
cfn=(275)
calls=10 -29517 0
* * 10

ob=
fl=
fn=(281) github.com/nd-r/tech-db-forum/models.easyjsonD2b7633eDecodeGithubComNdRTechDbForumModels11
+643 0 0
cfl=
cfn=(104)
calls=10 -54464 0
* * 10
+157 0 0
cfl=
cfn=(267)
calls=270 -55304 0
* * 270
+297 0 0
cfl=
cfn=(113)
calls=200 +6680 0
* * 200
cfl=
cfn=(113)
calls=10 +6593 0
* * 10
+93 0 0
cfl=
cfn=(25)
calls=10 -3787187 0
* * 10

ob=
fl=
fn=(282) github.com/nd-r/tech-db-forum/models.easyjsonD2b7633eEncodeGithubComNdRTechDbForumModels11
+475 0 0
cfl=
cfn=(283) github.com/nd-r/tech-db-forum/models.Post.MarshalJSON
calls=450 +5915 0
* * 450
cfl=
cfn=(283)
calls=60 +5959 0
* * 60
+161 0 0
cfl=
cfn=(109)
calls=10 -27627 0
* * 10

ob=
fl=
fn=(284) github.com/nd-r/tech-db-forum/models.PostArr.MarshalJSON
+294 0 0
cfl=
cfn=(282)
calls=510 -161 0
* * 510
cfl=
cfn=(282)
calls=10 * 0
* * 10
+41 0 0
cfl=
cfn=(275)
calls=20 -31298 0
* * 20

ob=
fl=
fn=(285) github.com/nd-r/tech-db-forum/models.(*PostArr).UnmarshalJSON
+327 0 0
cfl=
cfn=(281)
calls=270 -1361 0
* * 270
cfl=
cfn=(281)
calls=210 -1064 0
* * 210
cfl=
cfn=(281)
calls=10 -1518 0
* * 10
cfl=
cfn=(281)
calls=10 -971 0
* * 10

ob=
fl=
fn=(112)
+288 0 0
cfl=
cfn=(265)
calls=10 -58324 0
* * 10
+27 0 0
cfl=
cfn=(268)
calls=10 -56177 0
* * 10
+42 0 0
cfl=
cfn=(266)
calls=120 -58358 0
* * 120
+2159 0 0
cfl=
cfn=(269)
calls=40 -55936 0
* * 40
+603 0 0
cfl=
cfn=(68)
calls=10 -3497072 0
* * 10

ob=
fl=
fn=(286) github.com/nd-r/tech-db-forum/models.easyjsonD2b7633eEncodeGithubComNdRTechDbForumModels12
+185 0 0
cfl=
cfn=(109)
calls=10 -31569 0
* * 10
+71 0 0
cfl=
cfn=(111)
calls=10 -28921 0
* * 10
+88 0 0
cfl=
cfn=(9)
calls=10 -21996 0
* * 10
cfl=
cfn=(9)
calls=10 -21985 0
* * 10
cfl=
cfn=(9)
calls=10 -20953 0
* * 10
+88 0 0
cfl=
cfn=(9)
calls=70 -20889 0
* * 70
cfl=
cfn=(9)
calls=50 -22034 0
* * 50
cfl=
cfn=(9)
calls=40 -22039 0
* * 40
cfl=
cfn=(9)
calls=30 -22078 0
* * 30
cfl=
cfn=(9)
calls=20 -21017 0
* * 20
cfl=
cfn=(9)
calls=10 -22073 0
* * 10
cfl=
cfn=(9)
calls=10 -22063 0
* * 10
cfl=
cfn=(9)
calls=10 -22043 0
* * 10
cfl=
cfn=(9)
calls=10 -21977 0
* * 10
cfl=
cfn=(9)
calls=10 -21972 0
* * 10
cfl=
cfn=(9)
calls=10 -21047 0
* * 10
cfl=
cfn=(9)
calls=10 -21041 0
* * 10
cfl=
cfn=(9)
calls=10 -21011 0
* * 10
+99 0 0
cfl=
cfn=(221)
calls=40 -3278507 0
* * 40
cfl=
cfn=(221)
calls=10 -3278820 0
* * 10
cfl=
cfn=(221)
calls=10 -3278618 0
* * 10
+64 0 0
cfl=
cfn=(110)
calls=10 -31953 0
* * 10
cfl=
cfn=(110)
calls=10 -31815 0
* * 10
+94 0 0
cfl=
cfn=(9)
calls=10 -22319 0
* * 10
cfl=
cfn=(9)
calls=10 -21286 0
* * 10
+221 0 0
cfl=
cfn=(109)
calls=10 -32300 0
* * 10

ob=
fl=
fn=(283)
+588 0 0
cfl=
cfn=(286)
calls=290 -478 0
* * 290
cfl=
cfn=(286)
calls=60 -379 0
* * 60
cfl=
cfn=(286)
calls=30 -566 0
* * 30
cfl=
cfn=(286)
calls=20 -315 0
* * 20
cfl=
cfn=(286)
calls=20 -221 0
* * 20
cfl=
cfn=(286)
calls=10 -725 0
* * 10
cfl=
cfn=(286)
calls=10 -654 0
* * 10
cfl=
cfn=(286)
calls=10 * 0
* * 10
+44 0 0
cfl=
cfn=(275)
calls=20 -36705 0
* * 20
cfl=
cfn=(275)
calls=10 -37002 0
* * 10
cfl=
cfn=(275)
calls=10 -36965 0
* * 10
cfl=
cfn=(275)
calls=10 -36666 0
* * 10
cfl=
cfn=(275)
calls=10 -36283 0
* * 10

ob=
fl=
fn=(113)
+331 0 0
cfl=
cfn=(112)
calls=120 -4304 0
* * 120
cfl=
cfn=(112)
calls=40 -2145 0
* * 40
cfl=
cfn=(112)
calls=10 -4373 0
* * 10
cfl=
cfn=(112)
calls=10 -4346 0
* * 10
cfl=
cfn=(112)
calls=10 -2129 0
* * 10
cfl=
cfn=(112)
calls=10 -1542 0
* * 10

ob=
fl=
fn=(287) github.com/nd-r/tech-db-forum/database.CreatePosts
+22506 0 0
cfl=
cfn=(252)
calls=240 -851504 0
* * 240
+872 0 0
cfl=
cfn=(263)
calls=50 -819974 0
* * 50
+100 0 0
cfl=
cfn=(97)
calls=10 -845646 0
* * 10
+388 0 0
cfl=
cfn=(263)
calls=20 -820946 0
* * 20
+100 0 0
cfl=
cfn=(97)
calls=50 -846134 0
* * 50
+383 0 0
cfl=
cfn=(263)
calls=20 -821434 0
* * 20
+190 0 0
cfl=
cfn=(97)
calls=20 -846617 0
* * 20
+402 0 0
cfl=
cfn=(260)
calls=20 -823542 0
* * 20
+30 0 0
cfl=
cfn=(70)
calls=10 -3522596 0
* * 10
+148 0 0
cfl=
cfn=(25)
calls=20 -3818495 0
* * 20
+831 0 0
cfl=
cfn=(25)
calls=10 -3818643 0
* * 10
+357 0 0
cfl=
cfn=(240)
calls=300 -943086 0
* * 300
cfl=
cfn=(240)
calls=140 -941144 0
* * 140
cfl=
cfn=(240)
calls=10 -943322 0
* * 10
cfl=
cfn=(240)
calls=10 -942000 0
* * 10
+113 0 0
cfl=
cfn=(241)
calls=70 -938987 0
* * 70
+17 0 0
cfl=
cfn=(243)
calls=20 -936687 0
* * 20
cfl=
cfn=(243)
calls=10 -936622 0
* * 10
+41 0 0
cfl=
cfn=(258)
calls=40 -826958 0
* * 40
+1114 0 0
cfl=
cfn=(263)
calls=580 -823946 0
* * 580
+155 0 0
cfl=
cfn=(97)
calls=150 -849860 0
* * 150
+925 0 0
cfl=
cfn=(263)
calls=10 -825215 0
* * 10
+155 0 0
cfl=
cfn=(97)
calls=20 -850940 0
* * 20

ob=
fl=
fn=(288) github.com/nd-r/tech-db-forum/database.PutVote
+303 0 0
cfl=
cfn=(252)
calls=1130 -880331 0
* * 1130
+980 0 0
cfl=
cfn=(258)
calls=1060 -829651 0
* * 1060
+372 0 0
cfl=
cfn=(263)
calls=550 -827578 0
* * 550
+264 0 0
cfl=
cfn=(97)
calls=700 -852750 0
* * 700
cfl=
cfn=(97)
calls=90 -852625 0
* * 90
cfl=
cfn=(97)
calls=10 -852749 0
* * 10
cfl=
cfn=(97)
calls=10 -852611 0
* * 10

ob=
fl=
fn=(289) github.com/nd-r/tech-db-forum/vendor/github.com/valyala/fasthttp.(*RequestHeader).IsHead
+251397 0 0
cfl=
cfn=(67)
calls=10 -3530880 0
* * 10

ob=
fl=
fn=(290) github.com/nd-r/tech-db-forum/vendor/github.com/valyala/fasthttp.(*RequestHeader).Read
+29722 0 0
cfl=
cfn=(291) github.com/nd-r/tech-db-forum/vendor/github.com/valyala/fasthttp.(*RequestHeader).tryRead
calls=660 +30019 0
* * 660
cfl=
cfn=(291)
calls=10 +30797 0
* * 10

ob=
fl=
fn=(291)
+297 0 0
cfl=
cfn=(225)
calls=660 -3256094 0
* * 660
+778 0 0
cfl=
cfn=(292) github.com/nd-r/tech-db-forum/vendor/github.com/valyala/fasthttp.(*RequestHeader).parse
calls=10 +19728 0
* * 10

ob=
fl=
fn=(114)
+1283 0 0
cfl=
cfn=(293) github.com/nd-r/tech-db-forum/vendor/github.com/valyala/fasthttp.(*ResponseHeader).Header
calls=10 +1592 0
* * 10
+44 0 0
cfl=
cfn=(86)
calls=10 -3250609 0
* * 10
cfl=
cfn=(86)
calls=10 -3250130 0
* * 10

ob=
fl=
fn=(293)
+265 0 0
cfl=
cfn=(294) github.com/nd-r/tech-db-forum/vendor/github.com/valyala/fasthttp.(*ResponseHeader).AppendBytes
calls=10 +750 0
* * 10

ob=
fl=
fn=(294)
+485 0 0
cfl=
cfn=(19)
calls=10 -3808921 0
* * 10

ob=
fl=
fn=(292)
+16873 0 0
cfl=
cfn=(295) github.com/nd-r/tech-db-forum/vendor/github.com/valyala/fasthttp.(*RequestHeader).parseHeaders
calls=10 +26687 0
* * 10

ob=
fl=
fn=(295)
+9814 0 0
cfl=
cfn=(191)
calls=10 -3912480 0
* * 10

ob=
fl=
fn=(296) github.com/nd-r/tech-db-forum/vendor/github.com/valyala/fasthttp.(*Response).AppendBody
+14601 0 0
cfl=
cfn=(297) github.com/nd-r/tech-db-forum/vendor/github.com/valyala/fasthttp.(*Response).AppendBodyString
calls=10 +14667 0
* * 10

ob=
fl=
fn=(297)
+66 0 0
cfl=
cfn=(115)
calls=10 +24724 0
* * 10

ob=
fl=
fn=(298) github.com/nd-r/tech-db-forum/vendor/github.com/valyala/fasthttp.(*Request).readLimitBody
+14108 0 0
cfl=
cfn=(290)
calls=670 -44506 0
* * 670
+140 0 0
cfl=
cfn=(299) github.com/nd-r/tech-db-forum/vendor/github.com/valyala/fasthttp.(*Request).ContinueReadBody
calls=110 +818 0
* * 110

ob=
fl=
fn=(299)
+678 0 0
cfl=
cfn=(300) github.com/nd-r/tech-db-forum/vendor/github.com/valyala/fasthttp.readBody
calls=110 +13578 0
* * 110

ob=
fl=
fn=(301) github.com/nd-r/tech-db-forum/vendor/github.com/valyala/fasthttp.(*Response).Write
+8042 0 0
cfl=
cfn=(114)
calls=20 -57030 0
* * 20
cfl=
cfn=(114)
calls=10 -57116 0
* * 10
cfl=
cfn=(114)
calls=10 -57074 0
* * 10
+99 0 0
cfl=
cfn=(86)
calls=220 -3315512 0
* * 220
cfl=
cfn=(86)
calls=10 -3315384 0
* * 10

ob=
fl=
fn=(300)
+4759 0 0
cfl=
cfn=(302) github.com/nd-r/tech-db-forum/vendor/github.com/valyala/fasthttp.appendBodyFixedSize
calls=110 +6526 0
* * 110

ob=
fl=
fn=(302)
+1767 0 0
cfl=
cfn=(226)
calls=110 -3327177 0
* * 110

ob=
fl=
fn=(303) github.com/nd-r/tech-db-forum/vendor/github.com/valyala/fasthttp.(*RequestCtx).IsHead
+11157 0 0
cfl=
cfn=(289)
calls=10 -103821 0
* * 10

ob=
fl=
fn=(304) github.com/nd-r/tech-db-forum/vendor/github.com/valyala/fasthttp.(*RequestCtx).Write
+3412 0 0
cfl=
cfn=(296)
calls=10 -40816 0
* * 10

ob=
fl=
fn=(116)
+11708 0 0
cfl=
cfn=(305) github.com/nd-r/tech-db-forum/vendor/github.com/buaazp/fasthttprouter.(*Router).Handler-fm
calls=6700 +483283 0
* * 6700
+647 0 0
cfl=
cfn=(306) github.com/nd-r/tech-db-forum/vendor/github.com/valyala/fasthttp.writeResponse
calls=270 +7235 0
* * 270
+1002 0 0
cfl=
cfn=(227)
calls=700 -3349711 0
* * 700
+220 0 0
cfl=
cfn=(307) github.com/nd-r/tech-db-forum/vendor/github.com/valyala/fasthttp.acquireWriter
calls=20 +8378 0
* * 20
cfl=
cfn=(307)
calls=10 +8784 0
* * 10
+555 0 0
cfl=
cfn=(303)
calls=10 -16989 0
* * 10
+1286 0 0
cfl=
cfn=(298)
calls=670 -44186 0
* * 670
cfl=
cfn=(298)
calls=110 -44046 0
* * 110
+72 0 0
cfl=
cfn=(117)
calls=10 +6054 0
* * 10

ob=
fl=
fn=(306)
+3453 0 0
cfl=
cfn=(301)
calls=230 -36585 0
* * 230
cfl=
cfn=(301)
calls=40 -36684 0
* * 40

ob=
fl=
fn=(307)
+2792 0 0
cfl=
cfn=(121)
calls=20 -4223464 0
* * 20
+406 0 0
cfl=
cfn=(59)
calls=10 -4019021 0
* * 10

ob=
fl=
fn=(308) github.com/nd-r/tech-db-forum/vendor/github.com/valyala/fasthttp.(*workerPool).workerFunc
+32192 0 0
cfl=
cfn=(309) github.com/nd-r/tech-db-forum/vendor/github.com/valyala/fasthttp.(*Server).(github.com/nd-r/tech-db-forum/vendor/github.com/valyala/fasthttp.serveConn)-fm
calls=8540 +42656 0
* * 8540

ob=
fl=
fn=(211)
+4983 0 0
cfl=
cfn=(308)
calls=8540 * 0
* * 8540

ob=
fl=
fn=(309)
+5481 0 0
cfl=
cfn=(116)
calls=6700 -47608 0
* * 6700
cfl=
cfn=(116)
calls=780 -43898 0
* * 780
cfl=
cfn=(116)
calls=700 -45959 0
* * 700
cfl=
cfn=(116)
calls=270 -46961 0
* * 270
cfl=
cfn=(116)
calls=30 -45739 0
* * 30
cfl=
cfn=(116)
calls=10 -46933 0
* * 10
cfl=
cfn=(116)
calls=10 -45958 0
* * 10
cfl=
cfn=(116)
calls=10 -45244 0
* * 10
cfl=
cfn=(116)
calls=10 -45184 0
* * 10
cfl=
cfn=(116)
calls=10 -43826 0
* * 10
cfl=
cfn=(116)
calls=10 -43755 0
* * 10

ob=
fl=
fn=(310) github.com/nd-r/tech-db-forum/vendor/github.com/buaazp/fasthttprouter.(*Router).Handler
+16715 0 0
cfl=
cfn=(118)
calls=3550 +37919 0
* * 3550
cfl=
cfn=(311) github.com/nd-r/tech-db-forum/handlers.CreateNewPosts
calls=1830 +36529 0
* * 1830
cfl=
cfn=(311)
calls=540 +37369 0
* * 540
cfl=
cfn=(311)
calls=500 +36489 0
* * 500
cfl=
cfn=(118)
calls=230 +38170 0
* * 230
cfl=
cfn=(118)
calls=30 +37844 0
* * 30
cfl=
cfn=(118)
calls=10 +38114 0
* * 10
cfl=
cfn=(118)
calls=10 +38220 0
* * 10

ob=
fl=
fn=(311)
+19774 0 0
cfl=
cfn=(285)
calls=500 -487037 0
* * 500
+40 0 0
cfl=
cfn=(287)
calls=580 -474227 0
* * 580
cfl=
cfn=(287)
calls=460 -475512 0
* * 460
cfl=
cfn=(287)
calls=240 -479313 0
* * 240
cfl=
cfn=(287)
calls=150 -474072 0
* * 150
cfl=
cfn=(287)
calls=70 -475399 0
* * 70
cfl=
cfn=(287)
calls=50 -478441 0
* * 50
cfl=
cfn=(287)
calls=50 -477853 0
* * 50
cfl=
cfn=(287)
calls=40 -475341 0
* * 40
cfl=
cfn=(287)
calls=30 -475382 0
* * 30
cfl=
cfn=(287)
calls=20 -477953 0
* * 20
cfl=
cfn=(287)
calls=20 -477470 0
* * 20
cfl=
cfn=(287)
calls=20 -477280 0
* * 20
cfl=
cfn=(287)
calls=20 -476878 0
* * 20
cfl=
cfn=(287)
calls=20 -476700 0
* * 20
cfl=
cfn=(287)
calls=20 -472992 0
* * 20
cfl=
cfn=(287)
calls=10 -478341 0
* * 10
cfl=
cfn=(287)
calls=10 -476848 0
* * 10
cfl=
cfn=(287)
calls=10 -475869 0
* * 10
cfl=
cfn=(287)
calls=10 -473147 0
* * 10
+840 0 0
cfl=
cfn=(284)
calls=520 -507219 0
* * 520
cfl=
cfn=(284)
calls=20 -507178 0
* * 20

ob=
fl=
fn=(118)
+475 0 0
cfl=
cfn=(278)
calls=30 -523467 0
* * 30
+75 0 0
cfl=
cfn=(288)
calls=1130 -474044 0
* * 1130
cfl=
cfn=(288)
calls=1060 -473064 0
* * 1060
cfl=
cfn=(288)
calls=810 -472428 0
* * 810
cfl=
cfn=(288)
calls=550 -472692 0
* * 550
+251 0 0
cfl=
cfn=(280)
calls=170 -510773 0
* * 170
cfl=
cfn=(280)
calls=60 -510729 0
* * 60
+50 0 0
cfl=
cfn=(304)
calls=10 -102967 0
* * 10

ob=
fl=
fn=(305)
+380266 0 0
cfl=
cfn=(310)
calls=6700 -21505 0
* * 6700
