positions: instr line
events: cpu(ms)

ob=
fl=
fn=(1) syscall.Syscall
0x1083c6a 0 6930

ob=
fl=
fn=(2) runtime.usleep
-166388 0 2630

ob=
fl=
fn=(3) runtime.kevent
+525 0 2230

ob=
fl=
fn=(4) runtime.mach_semaphore_signal
-184 0 2020

ob=
fl=
fn=(5) runtime.mach_semaphore_wait
-48 0 1130

ob=
fl=
fn=(6) runtime.freedefer
-195636 0 1020

ob=
fl=
fn=(7) runtime.mach_semaphore_timedwait
+195660 0 550

ob=
fl=
fn=(8) github.com/nd-r/tech-db-forum/vendor/github.com/mailru/easyjson/jwriter.(*Writer).String
+2713165 0 140

ob=
fl=
fn=(9) runtime.scanobject
-2962723 0 110
+58 0 110

ob=
fl=
fn=(8)
+2962660 0 110

ob=
fl=
fn=(10) runtime.mallocgc
-3014871 0 70

ob=
fl=
fn=(8)
+3014933 0 60
+960 0 60

ob=
fl=
fn=(9)
-2963783 0 50

ob=
fl=
fn=(11) runtime.greyobject
+1467 0 50
+14 0 50

ob=
fl=
fn=(12) runtime.memmove
+246663 0 50

ob=
fl=
fn=(8)
+2714684 0 50
+931 0 50

ob=
fl=
fn=(9)
-2963767 0 40

ob=
fl=
fn=(12)
+248022 0 40

ob=
fl=
fn=(13) runtime.lock
-307396 0 30

ob=
fl=
fn=(10)
+6207 0 30

ob=
fl=
fn=(14) runtime.newobject
+2170 0 30

ob=
fl=
fn=(15) runtime.scanstack
+44853 0 30

ob=
fl=
fn=(16) runtime.scanframeworker
+1693 0 30

ob=
fl=
fn=(9)
+4446 0 30
+23 0 30
+24 0 30

ob=
fl=
fn=(17) runtime.(*gcSweepBuf).pop
+9735 0 30

ob=
fl=
fn=(18) runtime.(*bucket).mp
+18043 0 30

ob=
fl=
fn=(12)
+218671 0 30
+670 0 30

ob=
fl=
fn=(19) time.nextStdChunk
+169996 0 30

ob=
fl=
fn=(8)
+2545583 0 30
+1057 0 30

ob=
fl=
fn=(20) runtime.unlock
-3022676 0 20

ob=
fl=
fn=(10)
+5178 0 20
+1521 0 20

ob=
fl=
fn=(21) runtime.heapBitsForObject
+7982 0 20

ob=
fl=
fn=(22) runtime.(*mcentral).cacheSpan
+8518 0 20

ob=
fl=
fn=(23) runtime.scanblock
+34963 0 20

ob=
fl=
fn=(9)
+383 0 20
+349 0 20
+91 0 20

ob=
fl=
fn=(11)
+1405 0 20

ob=
fl=
fn=(24) runtime.mprof_GC
+27542 0 20

ob=
fl=
fn=(25) runtime.readgstatus
+42612 0 20

ob=
fl=
fn=(26) runtime.schedule
+14820 0 20

ob=
fl=
fn=(27) runtime.memeqbody
+155935 0 20

ob=
fl=
fn=(28) runtime.memclrNoHeapPointers
+3478 0 20
+225 0 20

ob=
fl=
fn=(12)
+950 0 20

ob=
fl=
fn=(29) nanotime
+1601 0 20

ob=
fl=
fn=(30) sync.(*Pool).pin
+21837 0 20

ob=
fl=
fn=(31) reflect.implements
+283574 0 20

ob=
fl=
fn=(32) database/sql.convertAssign
+206059 0 20

ob=
fl=
fn=(33) github.com/nd-r/tech-db-forum/vendor/github.com/lib/pq.parseStatementRowDescribe
+1252954 0 20

ob=
fl=
fn=(8)
+949656 0 20
+1007 0 20
+18 0 20
+6 0 20

ob=
fl=
fn=(34) github.com/nd-r/tech-db-forum/models.easyjsonD2b7633eEncodeGithubComNdRTechDbForumModels12
+30309 0 20

ob=
fl=
fn=(35) github.com/nd-r/tech-db-forum/vendor/github.com/valyala/fasthttp.(*Request).ResetBody
+365912 0 20

ob=
fl=
fn=(36) github.com/nd-r/tech-db-forum/vendor/github.com/buaazp/fasthttprouter.(*Router).Handler
+121546 0 20

ob=
fl=
fn=(37) sync/atomic.StoreUintptr
-3596218 0 10

ob=
fl=
fn=(38) runtime.interhash
+1536 0 10

ob=
fl=
fn=(39) runtime.ifaceeq
+1945 0 10

ob=
fl=
fn=(40) runtime.(*waitq).dequeue
+17650 0 10

ob=
fl=
fn=(41) runtime.mapaccess1_fast64
+24391 0 10

ob=
fl=
fn=(42) runtime.mapaccess2_fast64
+477 0 10

ob=
fl=
fn=(43) runtime.getitab
+3251 0 10

ob=
fl=
fn=(44) runtime.convT2E
+3527 0 10
+19 0 10

ob=
fl=
fn=(45) runtime.lfstackpush
+2090 0 10

ob=
fl=
fn=(46) runtime.lfstackpop
+255 0 10

ob=
fl=
fn=(13)
+68 0 10
+10 0 10
+165 0 10

ob=
fl=
fn=(47) runtime.notesleep
+775 0 10

ob=
fl=
fn=(48) runtime.notetsleep_internal
+566 0 10

ob=
fl=
fn=(10)
+3987 0 10
+36 0 10
+252 0 10
+61 0 10
+93 0 10
+8 0 10
+6 0 10
+4 0 10
+211 0 10
+65 0 10
+150 0 10
+9 0 10
+30 0 10
+15 0 10
+158 0 10
+403 0 10
+306 0 10
+14 0 10
+12 0 10
+15 0 10
+188 0 10
+82 0 10
+113 0 10

ob=
fl=
fn=(49) reflect.unsafe_New
+819 0 10

ob=
fl=
fn=(50) runtime.newarray
+257 0 10

ob=
fl=
fn=(51) runtime.gcmarkwb_m
+1600 0 10

ob=
fl=
fn=(52) runtime.writebarrierptr_prewrite1
+287 0 10
+81 0 10

ob=
fl=
fn=(53) runtime.(*mspan).refillAllocCache
+2465 0 10

ob=
fl=
fn=(21)
+1185 0 10
+730 0 10
+13 0 10
+48 0 10
+6 0 10
+113 0 10
+24 0 10

ob=
fl=
fn=(54) runtime.(*mspan).countFree
+2866 0 10

ob=
fl=
fn=(55) runtime.heapBitsSetType
+89 0 10
+704 0 10
+139 0 10
+377 0 10

ob=
fl=
fn=(22)
+4261 0 10

ob=
fl=
fn=(56) runtime.(*gcControllerState).endCycle
+9927 0 10

ob=
fl=
fn=(57) runtime.gcMark
+9325 0 10

ob=
fl=
fn=(58) runtime.gchelperstart
+2757 0 10

ob=
fl=
fn=(59) runtime.markroot
+2660 0 10

ob=
fl=
fn=(15)
+4683 0 10

ob=
fl=
fn=(16)
+2480 0 10

ob=
fl=
fn=(60) runtime.gcDrain
+1802 0 10

ob=
fl=
fn=(61) runtime.gcDrainN
+769 0 10
+243 0 10

ob=
fl=
fn=(23)
+226 0 10
+63 0 10

ob=
fl=
fn=(9)
+313 0 10
+68 0 10
+5 0 10
+311 0 10
+9 0 10
+30 0 10
+10 0 10
+2 0 10
+9 0 10
+13 0 10
+25 0 10
+43 0 10
+151 0 10

ob=
fl=
fn=(11)
+406 0 10
+19 0 10
+50 0 10
+7 0 10
+19 0 10
+165 0 10

ob=
fl=
fn=(62) runtime.sweepone
+4061 0 10

ob=
fl=
fn=(63) runtime.(*mspan).sweep
+1816 0 10

ob=
fl=
fn=(64) runtime.deductSweepCredit
+1928 0 10

ob=
fl=
fn=(65) runtime.(*gcSweepBuf).push
+593 0 10
+137 0 10

ob=
fl=
fn=(17)
+336 0 10

ob=
fl=
fn=(66) runtime.(*gcWork).tryGet
+789 0 10

ob=
fl=
fn=(67) runtime.(*gcWork).dispose
+607 0 10

ob=
fl=
fn=(68) runtime.(*mSpanList).remove
+12132 0 10

ob=
fl=
fn=(69) runtime.gcTryRemoveAllStackBarriers
+16440 0 10

ob=
fl=
fn=(70) net.runtime_pollWait
+2386 0 10

ob=
fl=
fn=(71) runtime.netpoll
+4420 0 10
+17 0 10

ob=
fl=
fn=(72) runtime.semasleep1
+3303 0 10

ob=
fl=
fn=(73) runtime.semasleep
+251 0 10

ob=
fl=
fn=(74) runtime.newdefer
+3190 0 10
+19 0 10
+97 0 10
+7 0 10

ob=
fl=
fn=(6)
+444 0 10
+71 0 10
+65 0 10

ob=
fl=
fn=(75) runtime.deferreturn
+526 0 10
+9 0 10
+28 0 10
+30 0 10
+74 0 10

ob=
fl=
fn=(76) runtime.castogscanstatus
+17570 0 10

ob=
fl=
fn=(77) runtime.casgstatus
+202 0 10
+688 0 10

ob=
fl=
fn=(78) runtime.forEachP
+3260 0 10

ob=
fl=
fn=(79) runtime.stopm
+3438 0 10
+159 0 10

ob=
fl=
fn=(80) runtime.goschedImpl
+7713 0 10

ob=
fl=
fn=(81) runtime.gosched_m
+333 0 10

ob=
fl=
fn=(82) runtime.save
+1264 0 10

ob=
fl=
fn=(83) runtime.acquirep1
+12117 0 10

ob=
fl=
fn=(84) runtime.retake
+3439 0 10
+74 0 10
+253 0 10

ob=
fl=
fn=(85) runtime.globrunqget
+3603 0 10

ob=
fl=
fn=(86) runtime.runqempty
+470 0 10

ob=
fl=
fn=(87) runtime.runqget
+828 0 10
+9 0 10
+4 0 10

ob=
fl=
fn=(88) runtime.runqgrab
+271 0 10
+14 0 10
+126 0 10

ob=
fl=
fn=(89) runtime.runqsteal
+230 0 10

ob=
fl=
fn=(90) sync.runtime_procPin
+200 0 10

ob=
fl=
fn=(91) runtime.gcd
+670 0 10

ob=
fl=
fn=(92) reflect.resolveNameOff
+6841 0 10

ob=
fl=
fn=(93) runtime.concatstrings
+42330 0 10

ob=
fl=
fn=(94) runtime.slicebytetostring
+1153 0 10

ob=
fl=
fn=(95) runtime.rawstringtmp
+256 0 10

ob=
fl=
fn=(96) runtime.pcvalue
+10755 0 10

ob=
fl=
fn=(97) runtime.step
+3137 0 10
+10 0 10

ob=
fl=
fn=(98) runtime.readvarint
+178 0 10
+31 0 10

ob=
fl=
fn=(99) runtime.gentraceback
+20780 0 10
+1158 0 10

ob=
fl=
fn=(100) runtime.resolveNameOff
+12475 0 10

ob=
fl=
fn=(101) runtime.resolveTypeOff
+382 0 10
+24 0 10
+45 0 10

ob=
fl=
fn=(102) runtime.(*_type).typeOff
+792 0 10
+41 0 10

ob=
fl=
fn=(103) runtime.scanstack.func1
+12869 0 10

ob=
fl=
fn=(104) runtime.semasleep.func1
+1866 0 10

ob=
fl=
fn=(105) runtime.goready.func1
+1990 0 10

ob=
fl=
fn=(106) runtime.systemstack
+4553 0 10
+74 0 10

ob=
fl=
fn=(107) runtime.procyield
+6038 0 10

ob=
fl=
fn=(108) runtime.aeshash64
+2474 0 10
+5 0 10
+22 0 10

ob=
fl=
fn=(27)
+351 0 10

ob=
fl=
fn=(109) runtime.fastrand
+2111 0 10

ob=
fl=
fn=(110) runtime.duffcopy
+1207 0 10
+178 0 10
+4 0 10
+17 0 10

ob=
fl=
fn=(28)
+329 0 10
+51 0 10
+272 0 10
+9 0 10

ob=
fl=
fn=(12)
+116 0 10
+461 0 10
+804 0 10
+134 0 10
+14 0 10
+28 0 10
+34 0 10
+68 0 10
+57 0 10
+10 0 10
+13 0 10
+1 0 10
+9 0 10

ob=
fl=
fn=(29)
+581 0 10

ob=
fl=
fn=(2)
+517 0 10

ob=
fl=
fn=(30)
+21157 0 10

ob=
fl=
fn=(111) sync.(*RWMutex).Lock
+2012 0 10

ob=
fl=
fn=(112) io.ReadAtLeast
+2320 0 10

ob=
fl=
fn=(113) math.frexp
+59257 0 10

ob=
fl=
fn=(114) math.ldexp
+303 0 10

ob=
fl=
fn=(115) math.modf
+867 0 10

ob=
fl=
fn=(116) math.Pow
+419 0 10

ob=
fl=
fn=(117) strconv.ParseUint
+10813 0 10

ob=
fl=
fn=(118) strconv.ParseInt
+1260 0 10
+556 0 10
+320 0 10
+7 0 10

ob=
fl=
fn=(119) strconv.Atoi
+704 0 10

ob=
fl=
fn=(120) strconv.FormatInt
+18666 0 10

ob=
fl=
fn=(121) strconv.formatBits
+659 0 10
+140 0 10
+14 0 10
+43 0 10

ob=
fl=
fn=(122) syscall.Read
+31354 0 10

ob=
fl=
fn=(123) syscall.read
+11592 0 10

ob=
fl=
fn=(19)
+5343 0 10
+358 0 10
+728 0 10
+377 0 10
+1518 0 10

ob=
fl=
fn=(124) time.appendInt
+1968 0 10
+426 0 10

ob=
fl=
fn=(125) time.Time.AppendFormat
+1975 0 10
+82 0 10
+121 0 10
+25 0 10
+39 0 10
+3282 0 10
+2032 0 10
+1940 0 10
+9 0 10

ob=
fl=
fn=(126) time.absDate
+26715 0 10
+30 0 10

ob=
fl=
fn=(127) time.Time.In
+858 0 10

ob=
fl=
fn=(128) time.Date
+5975 0 10
+166 0 10

ob=
fl=
fn=(129) time.(*Location).lookup
+2124 0 10

ob=
fl=
fn=(130) reflect.(*rtype).String
+67060 0 10
+86 0 10

ob=
fl=
fn=(131) reflect.(*rtype).Kind
+481 0 10

ob=
fl=
fn=(132) reflect.(*rtype).Name
+4833 0 10

ob=
fl=
fn=(133) reflect.(*rtype).ptrTo
+12746 0 10

ob=
fl=
fn=(31)
+1063 0 10

ob=
fl=
fn=(134) reflect.packEface
+17793 0 10
+32 0 10
+56 0 10

ob=
fl=
fn=(135) reflect.Value.Addr
+1942 0 10

ob=
fl=
fn=(136) reflect.Value.Field
+10007 0 10

ob=
fl=
fn=(137) reflect.Value.Int
+2978 0 10

ob=
fl=
fn=(138) reflect.Value.Interface
+294 0 10

ob=
fl=
fn=(139) reflect.Value.IsNil
+880 0 10

ob=
fl=
fn=(140) reflect.Value.Set
+6798 0 10

ob=
fl=
fn=(141) reflect.Value.SetInt
+1333 0 10

ob=
fl=
fn=(142) reflect.Value.Type
+4451 0 10

ob=
fl=
fn=(143) reflect.Append
+2462 0 10
+221 0 10

ob=
fl=
fn=(144) reflect.Value.assignTo
+3266 0 10
+20 0 10

ob=
fl=
fn=(145) context.(*emptyCtx).Done
+116185 0 10

ob=
fl=
fn=(146) context.(*cancelCtx).Done
+1760 0 10

ob=
fl=
fn=(147) database/sql/driver.defaultConverter.ConvertValue
+13248 0 10

ob=
fl=
fn=(148) database/sql.driverArgs
+17872 0 10
+3713 0 10

ob=
fl=
fn=(32)
+2158 0 10
+155 0 10
+2820 0 10
+2748 0 10
+212 0 10

ob=
fl=
fn=(149) database/sql.asString
+1449 0 10
+165 0 10

ob=
fl=
fn=(150) database/sql.(*DB).conn
+22130 0 10

ob=
fl=
fn=(151) database/sql.(*DB).queryConn
+8411 0 10

ob=
fl=
fn=(152) database/sql.(*DB).begin
+3525 0 10

ob=
fl=
fn=(153) database/sql.(*Rows).Scan
+22726 0 10

ob=
fl=
fn=(154) database/sql.(*Rows).close
+1337 0 10

ob=
fl=
fn=(155) database/sql.withLock
+1347 0 10
+38 0 10

ob=
fl=
fn=(156) bufio.(*Reader).Read
+47512 0 10
+892 0 10

ob=
fl=
fn=(157) net.(*fdMutex).rwlock
+136590 0 10
+270 0 10

ob=
fl=
fn=(158) net.(*netFD).Read
+7562 0 10
+236 0 10
+50 0 10

ob=
fl=
fn=(159) net.(*TCPConn).Write
+191762 0 10

ob=
fl=
fn=(160) github.com/nd-r/tech-db-forum/vendor/github.com/lib/pq.(*conn).begin
+753353 0 10

ob=
fl=
fn=(161) github.com/nd-r/tech-db-forum/vendor/github.com/lib/pq.(*conn).simpleExec
+2935 0 10
+422 0 10

ob=
fl=
fn=(162) github.com/nd-r/tech-db-forum/vendor/github.com/lib/pq.(*conn).recvMessage
+11319 0 10
+442 0 10

ob=
fl=
fn=(163) github.com/nd-r/tech-db-forum/vendor/github.com/lib/pq.(*conn).recv1Buf
+562 0 10

ob=
fl=
fn=(164) github.com/nd-r/tech-db-forum/vendor/github.com/lib/pq.(*conn).recv1
+176 0 10

ob=
fl=
fn=(165) github.com/nd-r/tech-db-forum/vendor/github.com/lib/pq.(*conn).parseComplete
+14208 0 10

ob=
fl=
fn=(166) github.com/nd-r/tech-db-forum/vendor/github.com/lib/pq.(*rows).Next
+2084 0 10
+629 0 10
+503 0 10

ob=
fl=
fn=(167) github.com/nd-r/tech-db-forum/vendor/github.com/lib/pq.(*conn).readBindResponse
+10619 0 10

ob=
fl=
fn=(168) github.com/nd-r/tech-db-forum/vendor/github.com/lib/pq.decode
+23247 0 10
+281 0 10

ob=
fl=
fn=(169) github.com/nd-r/tech-db-forum/vendor/github.com/lib/pq.binaryDecode
+44 0 10

ob=
fl=
fn=(170) github.com/nd-r/tech-db-forum/vendor/github.com/lib/pq.ParseTimestamp
+10686 0 10
+57 0 10

ob=
fl=
fn=(171) github.com/nd-r/tech-db-forum/vendor/github.com/jmoiron/sqlx/reflectx.(*Mapper).TraversalsByName
+37082 0 10

ob=
fl=
fn=(172) github.com/nd-r/tech-db-forum/vendor/github.com/jmoiron/sqlx/reflectx.FieldByIndexes
+615 0 10
+97 0 10
+140 0 10

ob=
fl=
fn=(173) github.com/nd-r/tech-db-forum/vendor/github.com/jmoiron/sqlx/reflectx.Deref
+747 0 10

ob=
fl=
fn=(174) github.com/nd-r/tech-db-forum/vendor/github.com/jmoiron/sqlx.isScannable
+31113 0 10

ob=
fl=
fn=(175) github.com/nd-r/tech-db-forum/vendor/github.com/jmoiron/sqlx.(*Row).scanAny
+21781 0 10

ob=
fl=
fn=(176) github.com/nd-r/tech-db-forum/vendor/github.com/jmoiron/sqlx.scanAll
+4408 0 10
+2115 0 10

ob=
fl=
fn=(177) github.com/nd-r/tech-db-forum/vendor/github.com/mailru/easyjson/buffer.putBuf
+802155 0 10

ob=
fl=
fn=(178) github.com/nd-r/tech-db-forum/vendor/github.com/mailru/easyjson/buffer.(*Buffer).EnsureSpace
+585 0 10
+223 0 10

ob=
fl=
fn=(179) github.com/nd-r/tech-db-forum/vendor/github.com/mailru/easyjson/buffer.(*Buffer).AppendByte
+641 0 10

ob=
fl=
fn=(180) github.com/nd-r/tech-db-forum/vendor/github.com/mailru/easyjson/buffer.(*Buffer).AppendBytes
+183 0 10

ob=
fl=
fn=(181) github.com/nd-r/tech-db-forum/vendor/github.com/mailru/easyjson/buffer.(*Buffer).AppendString
+497 0 10
+31 0 10
+90 0 10
+218 0 10

ob=
fl=
fn=(182) github.com/nd-r/tech-db-forum/vendor/github.com/mailru/easyjson/buffer.(*Buffer).Size
+92 0 10

ob=
fl=
fn=(183) github.com/nd-r/tech-db-forum/vendor/github.com/mailru/easyjson/buffer.(*Buffer).BuildBytes
+1271 0 10

ob=
fl=
fn=(184) github.com/nd-r/tech-db-forum/vendor/github.com/mailru/easyjson/jwriter.(*Writer).Raw
+3856 0 10

ob=
fl=
fn=(185) github.com/nd-r/tech-db-forum/vendor/github.com/mailru/easyjson/jwriter.(*Writer).Int
+2714 0 10

ob=
fl=
fn=(8)
+6988 0 10
+10 0 10
+15 0 10
+5 0 10
+74 0 10
+934 0 10
+32 0 10

ob=
fl=
fn=(186) github.com/nd-r/tech-db-forum/models.User.MarshalJSON
+8697 0 10

ob=
fl=
fn=(187) github.com/nd-r/tech-db-forum/database.GetForumDetails
+38362 0 10

ob=
fl=
fn=(188) github.com/nd-r/tech-db-forum/database.GetThreadPosts
+18608 0 10

ob=
fl=
fn=(189) github.com/nd-r/tech-db-forum/vendor/github.com/valyala/fasthttp.CoarseTimeNow
+175341 0 10

ob=
fl=
fn=(190) github.com/nd-r/tech-db-forum/vendor/github.com/valyala/fasthttp.(*RequestHeader).resetSkipNormalize
+78405 0 10

ob=
fl=
fn=(191) github.com/nd-r/tech-db-forum/vendor/github.com/valyala/fasthttp.(*ResponseHeader).AppendBytes
+31363 0 10
+1988 0 10

ob=
fl=
fn=(192) github.com/nd-r/tech-db-forum/vendor/github.com/valyala/fasthttp.(*Response).AppendBody
+39149 0 10

ob=
fl=
fn=(193) github.com/nd-r/tech-db-forum/vendor/github.com/valyala/fasthttp.(*Response).AppendBodyString
+296 0 10

ob=
fl=
fn=(194) github.com/nd-r/tech-db-forum/vendor/github.com/valyala/fasthttp.(*Request).RemoveMultipartFormFiles
+13285 0 10

ob=
fl=
fn=(195) github.com/nd-r/tech-db-forum/vendor/github.com/valyala/fasthttp.(*Response).closeBodyStream
+11280 0 10
+214 0 10

ob=
fl=
fn=(196) github.com/nd-r/tech-db-forum/vendor/github.com/valyala/fasthttp.(*Server).serveConn
+33282 0 10
+35 0 10
+1352 0 10

ob=
fl=
fn=(197) github.com/nd-r/tech-db-forum/vendor/github.com/valyala/fasthttp.(*URI).parseQuick
+19353 0 10

ob=
fl=
fn=(36)
+46750 0 10

ob=
fl=
fn=(38)
-3594581 0 0
cfl=
cfn=(108)
calls=10 -3239671 0
* * 10
cfl=
cfn=(108)
calls=10 -3239666 0
* * 10
cfl=
cfn=(108)
calls=10 -3239644 0
* * 10

ob=
fl=
fn=(198) sync/atomic.StorePointer
+2750 0 0
cfl=
cfn=(37)
calls=10 -1650 0
* * 10

ob=
fl=
fn=(199) runtime.closechan
+12169 0 0
cfl=
cfn=(40)
calls=10 +16731 0
* * 10
+533 0 0
cfl=
cfn=(200) runtime.goready
calls=560 +163642 0
* * 560

ob=
fl=
fn=(201) runtime.mapaccess2
+16084 0 0
cfl=
cfn=(38)
calls=30 -15452 0
* * 30
cfl=
cfn=(38)
calls=10 -15566 0
* * 10

ob=
fl=
fn=(44)
+19637 0 0
cfl=
cfn=(14)
calls=160 +30501 0
* * 160
cfl=
cfn=(14)
calls=10 +30483 0
* * 10
+39 0 0
cfl=
cfn=(202) runtime.typedmemmove
calls=20 +13732 0
* * 20

ob=
fl=
fn=(203) runtime.convT2I
+146 0 0
cfl=
cfn=(14)
calls=10 +10825 0
* * 10

ob=
fl=
fn=(204) runtime.assertI2I2
+860 0 0
cfl=
cfn=(43)
calls=10 -3758 0
* * 10

ob=
fl=
fn=(13)
+1676 0 0
cfl=
cfn=(107)
calls=10 +300218 0
* * 10
+70 0 0
cfl=
cfn=(205) runtime.osyield
calls=20 +109409 0
* * 20

ob=
fl=
fn=(206) runtime.notewakeup
+433 0 0
cfl=
cfn=(207) runtime.semawakeup
calls=2020 +106194 0
* * 2020

ob=
fl=
fn=(47)
+226 0 0
cfl=
cfn=(73)
calls=1120 +108765 0
* * 1120

ob=
fl=
fn=(48)
+199 0 0
cfl=
cfn=(73)
calls=530 +108539 0
* * 530
cfl=
cfn=(73)
calls=10 +108540 0
* * 10

ob=
fl=
fn=(208) runtime.notetsleep
+492 0 0
cfl=
cfn=(48)
calls=540 * 0
* * 540
cfl=
cfn=(48)
calls=10 +253 0
* * 10

ob=
fl=
fn=(209) runtime.(*mcache).nextFree
+3268 0 0
cfl=
cfn=(106)
calls=100 +291108 0
* * 100
cfl=
cfn=(106)
calls=20 +291158 0
* * 20

ob=
fl=
fn=(10)
+1624 0 0
cfl=
cfn=(210) runtime.gcStart
calls=10 +31508 0
* * 10
+307 0 0
cfl=
cfn=(55)
calls=10 +11670 0
* * 10
cfl=
cfn=(55)
calls=10 +12374 0
* * 10
cfl=
cfn=(55)
calls=10 +12513 0
* * 10
cfl=
cfn=(55)
calls=10 +12890 0
* * 10
+146 0 0
cfl=
cfn=(209)
calls=10 -1931 0
* * 10
+404 0 0
cfl=
cfn=(28)
calls=10 +298255 0
* * 10
cfl=
cfn=(28)
calls=10 +298475 0
* * 10
cfl=
cfn=(28)
calls=10 +298798 0
* * 10
cfl=
cfn=(28)
calls=10 +298807 0
* * 10
+61 0 0
cfl=
cfn=(209)
calls=110 -2481 0
* * 110
+432 0 0
cfl=
cfn=(211) runtime.gcAssistAlloc
calls=210 +43085 0
* * 210

ob=
fl=
fn=(14)
+481 0 0
cfl=
cfn=(10)
calls=130 * 0
* * 130
cfl=
cfn=(10)
calls=30 -493 0
* * 30
cfl=
cfn=(10)
calls=20 -642 0
* * 20
cfl=
cfn=(10)
calls=10 -2494 0
* * 10
cfl=
cfn=(10)
calls=10 -2458 0
* * 10
cfl=
cfn=(10)
calls=10 -2145 0
* * 10
cfl=
cfn=(10)
calls=10 -2052 0
* * 10
cfl=
cfn=(10)
calls=10 -2044 0
* * 10
cfl=
cfn=(10)
calls=10 -2038 0
* * 10
cfl=
cfn=(10)
calls=10 -2034 0
* * 10
cfl=
cfn=(10)
calls=10 -1823 0
* * 10
cfl=
cfn=(10)
calls=10 -1758 0
* * 10
cfl=
cfn=(10)
calls=10 -1599 0
* * 10
cfl=
cfn=(10)
calls=10 -1569 0
* * 10
cfl=
cfn=(10)
calls=10 -1554 0
* * 10
cfl=
cfn=(10)
calls=10 -1043 0
* * 10
cfl=
cfn=(10)
calls=10 -993 0
* * 10
cfl=
cfn=(10)
calls=10 -897 0
* * 10
cfl=
cfn=(10)
calls=10 -720 0
* * 10
cfl=
cfn=(10)
calls=10 -687 0
* * 10
cfl=
cfn=(10)
calls=10 -673 0
* * 10
cfl=
cfn=(10)
calls=10 -661 0
* * 10
cfl=
cfn=(10)
calls=10 -646 0
* * 10
cfl=
cfn=(10)
calls=10 -458 0
* * 10
cfl=
cfn=(10)
calls=10 -376 0
* * 10

ob=
fl=
fn=(49)
+83 0 0
cfl=
cfn=(14)
calls=90 * 0
* * 90

ob=
fl=
fn=(50)
+137 0 0
cfl=
cfn=(10)
calls=20 -1607 0
* * 20

ob=
fl=
fn=(212) reflect.unsafe_NewArray
+193 0 0
cfl=
cfn=(50)
calls=20 * 0
* * 20
cfl=
cfn=(50)
calls=10 +112 0
* * 10

ob=
fl=
fn=(51)
+1619 0 0
cfl=
cfn=(213) runtime.shade
calls=10 +51036 0
* * 10
cfl=
cfn=(213)
calls=10 +51160 0
* * 10
+114 0 0
cfl=
cfn=(213)
calls=10 +49417 0
* * 10

ob=
fl=
fn=(52)
+213 0 0
cfl=
cfn=(106)
calls=30 +282239 0
* * 30

ob=
fl=
fn=(214) runtime.writebarrierptr
+158 0 0
cfl=
cfn=(52)
calls=30 * 0
* * 30
cfl=
cfn=(52)
calls=10 -140 0
* * 10
cfl=
cfn=(52)
calls=10 -59 0
* * 10

ob=
fl=
fn=(202)
+351 0 0
cfl=
cfn=(12)
calls=10 +296614 0
* * 10
cfl=
cfn=(12)
calls=10 +296652 0
* * 10

ob=
fl=
fn=(215) runtime.heapBits.initSpan
+6179 0 0
cfl=
cfn=(216) runtime.newMarkBits
calls=10 +75026 0
* * 10
+169 0 0
cfl=
cfn=(28)
calls=10 +287830 0
* * 10

ob=
fl=
fn=(217) runtime.(*mcache).refill
+5672 0 0
cfl=
cfn=(22)
calls=50 +6338 0
* * 50
cfl=
cfn=(22)
calls=20 +6083 0
* * 20
cfl=
cfn=(22)
calls=10 +6104 0
* * 10
cfl=
cfn=(22)
calls=10 +6130 0
* * 10
cfl=
cfn=(22)
calls=10 +6701 0
* * 10

ob=
fl=
fn=(218) runtime.(*mcache).releaseAll
+324 0 0
cfl=
cfn=(219) runtime.(*mcentral).uncacheSpan
calls=10 +1667 0
* * 10

ob=
fl=
fn=(22)
+134 0 0
cfl=
cfn=(64)
calls=10 +44503 0
* * 10
+208 0 0
cfl=
cfn=(220) runtime.(*mcentral).grow
calls=30 +1860 0
* * 30
cfl=
cfn=(220)
calls=20 +1948 0
* * 20
+363 0 0
cfl=
cfn=(53)
calls=10 -10789 0
* * 10

ob=
fl=
fn=(219)
+638 0 0
cfl=
cfn=(68)
calls=10 +58392 0
* * 10

ob=
fl=
fn=(221) runtime.(*mcentral).freeSpan
+248 0 0
cfl=
cfn=(13)
calls=10 -24950 0
* * 10

ob=
fl=
fn=(220)
+403 0 0
cfl=
cfn=(222) runtime.(*mheap).alloc
calls=30 +52106 0
* * 30
+88 0 0
cfl=
cfn=(215)
calls=10 -8159 0
* * 10
cfl=
cfn=(215)
calls=10 -7990 0
* * 10

ob=
fl=
fn=(210)
+10759 0 0
cfl=
cfn=(106)
calls=10 +267091 0
* * 10

ob=
fl=
fn=(223) runtime.gcMarkDone
+748 0 0
cfl=
cfn=(106)
calls=40 +256332 0
* * 40
cfl=
cfn=(106)
calls=20 +256382 0
* * 20
+253 0 0
cfl=
cfn=(56)
calls=10 -3554 0
* * 10
+5 0 0
cfl=
cfn=(224) runtime.gcMarkTermination
calls=50 +457 0
* * 50
cfl=
cfn=(224)
calls=50 +3061 0
* * 50
cfl=
cfn=(224)
calls=20 +1141 0
* * 20
cfl=
cfn=(224)
calls=10 +1000 0
* * 10

ob=
fl=
fn=(224)
+452 0 0
cfl=
cfn=(106)
calls=30 +255326 0
* * 30
cfl=
cfn=(106)
calls=20 +255376 0
* * 20
+543 0 0
cfl=
cfn=(106)
calls=10 +254874 0
* * 10
+141 0 0
cfl=
cfn=(69)
calls=10 +60607 0
* * 10
cfl=
cfn=(69)
calls=10 +60695 0
* * 10
+1920 0 0
cfl=
cfn=(225) runtime.mProf_GC
calls=50 +50055 0
* * 50

ob=
fl=
fn=(226) runtime.gcBgMarkWorker
+913 0 0
cfl=
cfn=(106)
calls=930 +252270 0
* * 930
cfl=
cfn=(106)
calls=140 +252320 0
* * 140
+20 0 0
cfl=
cfn=(227) runtime.nanotime
calls=10 +266777 0
* * 10
+243 0 0
cfl=
cfn=(223)
calls=130 -3989 0
* * 130
cfl=
cfn=(223)
calls=60 -4247 0
* * 60
cfl=
cfn=(223)
calls=10 -3994 0
* * 10

ob=
fl=
fn=(57)
+2166 0 0
cfl=
cfn=(228) runtime.helpgc
calls=20 +89027 0
* * 20

ob=
fl=
fn=(229) runtime.gchelper
+1574 0 0
cfl=
cfn=(58)
calls=10 +1872 0
* * 10
+209 0 0
cfl=
cfn=(60)
calls=10 +11695 0
* * 10

ob=
fl=
fn=(59)
+2645 0 0
cfl=
cfn=(25)
calls=20 +85404 0
* * 20
+93 0 0
cfl=
cfn=(106)
calls=50 +244550 0
* * 50
+478 0 0
cfl=
cfn=(230) runtime.markrootBlock
calls=20 +810 0
* * 20
+144 0 0
cfl=
cfn=(230)
calls=10 +332 0
* * 10
+40 0 0
cfl=
cfn=(231) runtime.flushmcache
calls=10 +48049 0
* * 10

ob=
fl=
fn=(230)
+148 0 0
cfl=
cfn=(23)
calls=20 +9622 0
* * 20
cfl=
cfn=(23)
calls=10 +9615 0
* * 10

ob=
fl=
fn=(211)
+1384 0 0
cfl=
cfn=(106)
calls=180 +243597 0
* * 180
cfl=
cfn=(106)
calls=30 +243647 0
* * 30

ob=
fl=
fn=(232) runtime.gcAssistAlloc1
+547 0 0
cfl=
cfn=(61)
calls=120 +7684 0
* * 120
cfl=
cfn=(61)
calls=50 +7610 0
* * 50
cfl=
cfn=(61)
calls=10 +7551 0
* * 10
cfl=
cfn=(61)
calls=10 +7755 0
* * 10
cfl=
cfn=(61)
calls=10 +7794 0
* * 10
cfl=
cfn=(61)
calls=10 +7835 0
* * 10
+54 0 0
cfl=
cfn=(77)
calls=10 +81042 0
* * 10

ob=
fl=
fn=(15)
+2328 0 0
cfl=
cfn=(99)
calls=100 +208804 0
* * 100
cfl=
cfn=(99)
calls=40 +210261 0
* * 40
cfl=
cfn=(99)
calls=10 +205319 0
* * 10
+275 0 0
cfl=
cfn=(233) runtime.shrinkstack
calls=10 +165969 0
* * 10

ob=
fl=
fn=(16)
+967 0 0
cfl=
cfn=(234) runtime.pcdatavalue
calls=30 +181313 0
* * 30
+125 0 0
cfl=
cfn=(23)
calls=10 +4100 0
* * 10
+780 0 0
cfl=
cfn=(23)
calls=10 +3724 0
* * 10

ob=
fl=
fn=(60)
+1478 0 0
cfl=
cfn=(59)
calls=20 -7270 0
* * 20
cfl=
cfn=(59)
calls=20 -6792 0
* * 20
cfl=
cfn=(59)
calls=10 -7363 0
* * 10
cfl=
cfn=(59)
calls=10 -7259 0
* * 10
cfl=
cfn=(59)
calls=10 -6608 0
* * 10
+193 0 0
cfl=
cfn=(9)
calls=120 +2549 0
* * 120
cfl=
cfn=(9)
calls=110 +2304 0
* * 110
cfl=
cfn=(9)
calls=100 +2362 0
* * 100
cfl=
cfn=(9)
calls=50 +2261 0
* * 50
cfl=
cfn=(9)
calls=40 +2253 0
* * 40
cfl=
cfn=(9)
calls=40 +2408 0
* * 40
cfl=
cfn=(9)
calls=30 +2248 0
* * 30
cfl=
cfn=(9)
calls=30 +2271 0
* * 30
cfl=
cfn=(9)
calls=30 +2295 0
* * 30
cfl=
cfn=(9)
calls=20 +1919 0
* * 20
cfl=
cfn=(9)
calls=10 +1915 0
* * 10
cfl=
cfn=(9)
calls=10 +2226 0
* * 10
cfl=
cfn=(9)
calls=10 +2235 0
* * 10
cfl=
cfn=(9)
calls=10 +2265 0
* * 10
cfl=
cfn=(9)
calls=10 +2268 0
* * 10
cfl=
cfn=(9)
calls=10 +2275 0
* * 10
cfl=
cfn=(9)
calls=10 +2277 0
* * 10
cfl=
cfn=(9)
calls=10 +2286 0
* * 10
cfl=
cfn=(9)
calls=10 +2299 0
* * 10
cfl=
cfn=(9)
calls=10 +2324 0
* * 10
cfl=
cfn=(9)
calls=10 +2359 0
* * 10
cfl=
cfn=(9)
calls=10 +2367 0
* * 10
cfl=
cfn=(9)
calls=10 +2518 0
* * 10
+140 0 0
cfl=
cfn=(235) runtime.pollWork
calls=50 +87575 0
* * 50
+224 0 0
cfl=
cfn=(66)
calls=10 +12511 0
* * 10
+129 0 0
cfl=
cfn=(236) runtime.(*gcWork).balance
calls=80 +13059 0
* * 80
+50 0 0
cfl=
cfn=(235)
calls=50 +87082 0
* * 50

ob=
fl=
fn=(61)
+320 0 0
cfl=
cfn=(59)
calls=30 -9484 0
* * 30
cfl=
cfn=(59)
calls=10 -9577 0
* * 10
cfl=
cfn=(59)
calls=10 -8862 0
* * 10
+74 0 0
cfl=
cfn=(9)
calls=40 +1493 0
* * 40
cfl=
cfn=(9)
calls=30 +1352 0
* * 30
cfl=
cfn=(9)
calls=10 +786 0
* * 10
cfl=
cfn=(9)
calls=10 +854 0
* * 10
cfl=
cfn=(9)
calls=10 +1212 0
* * 10
cfl=
cfn=(9)
calls=10 +1303 0
* * 10
cfl=
cfn=(9)
calls=10 +1306 0
* * 10
+71 0 0
cfl=
cfn=(66)
calls=10 +11817 0
* * 10
+80 0 0
cfl=
cfn=(236)
calls=10 +12415 0
* * 10

ob=
fl=
fn=(23)
+436 0 0
cfl=
cfn=(11)
calls=10 +1719 0
* * 10

ob=
fl=
fn=(9)
+691 0 0
cfl=
cfn=(21)
calls=20 -43662 0
* * 20
cfl=
cfn=(21)
calls=10 -43763 0
* * 10
cfl=
cfn=(21)
calls=10 -43750 0
* * 10
cfl=
cfn=(21)
calls=10 -43702 0
* * 10
cfl=
cfn=(21)
calls=10 -43696 0
* * 10
cfl=
cfn=(21)
calls=10 -43559 0
* * 10
+141 0 0
cfl=
cfn=(11)
calls=50 +1334 0
* * 50
cfl=
cfn=(11)
calls=40 +1320 0
* * 40
cfl=
cfn=(11)
calls=20 +1356 0
* * 20
cfl=
cfn=(11)
calls=10 +516 0
* * 10
cfl=
cfn=(11)
calls=10 +535 0
* * 10
cfl=
cfn=(11)
calls=10 +585 0
* * 10
cfl=
cfn=(11)
calls=10 +611 0
* * 10
cfl=
cfn=(11)
calls=10 +776 0
* * 10

ob=
fl=
fn=(213)
+174 0 0
cfl=
cfn=(21)
calls=10 -45325 0
* * 10
cfl=
cfn=(21)
calls=10 -44415 0
* * 10
+124 0 0
cfl=
cfn=(11)
calls=10 +1005 0
* * 10

ob=
fl=
fn=(237) runtime.bgsweep
+4046 0 0
cfl=
cfn=(238) runtime.gosweepone
calls=100 +5158 0
* * 100

ob=
fl=
fn=(62)
+305 0 0
cfl=
cfn=(17)
calls=30 +5137 0
* * 30
cfl=
cfn=(17)
calls=10 +5162 0
* * 10
+305 0 0
cfl=
cfn=(63)
calls=20 +2268 0
* * 20
cfl=
cfn=(63)
calls=10 +1720 0
* * 10
cfl=
cfn=(63)
calls=10 +1863 0
* * 10
cfl=
cfn=(63)
calls=10 +2163 0
* * 10
cfl=
cfn=(63)
calls=10 +3362 0
* * 10

ob=
fl=
fn=(238)
+502 0 0
cfl=
cfn=(106)
calls=100 +228156 0
* * 100

ob=
fl=
fn=(63)
+913 0 0
cfl=
cfn=(54)
calls=10 -46981 0
* * 10
+443 0 0
cfl=
cfn=(221)
calls=10 -40841 0
* * 10
+105 0 0
cfl=
cfn=(65)
calls=10 +2221 0
* * 10
cfl=
cfn=(65)
calls=10 +2358 0
* * 10
+1094 0 0
cfl=
cfn=(239) runtime.freespecial
calls=10 +19223 0
* * 10

ob=
fl=
fn=(66)
+2387 0 0
cfl=
cfn=(240) runtime.trygetfull
calls=10 +3775 0
* * 10

ob=
fl=
fn=(236)
+669 0 0
cfl=
cfn=(241) runtime.handoff
calls=80 +2534 0
* * 80
cfl=
cfn=(241)
calls=10 +2604 0
* * 10

ob=
fl=
fn=(242) runtime.putfull
+649 0 0
cfl=
cfn=(45)
calls=10 -71143 0
* * 10

ob=
fl=
fn=(240)
+70 0 0
cfl=
cfn=(46)
calls=10 -71537 0
* * 10

ob=
fl=
fn=(241)
+1146 0 0
cfl=
cfn=(12)
calls=30 +235940 0
* * 30
cfl=
cfn=(12)
calls=20 +234991 0
* * 20
cfl=
cfn=(12)
calls=10 +235749 0
* * 10
cfl=
cfn=(12)
calls=10 +236027 0
* * 10
cfl=
cfn=(12)
calls=10 +236070 0
* * 10
+70 0 0
cfl=
cfn=(242)
calls=10 -1216 0
* * 10

ob=
fl=
fn=(222)
+4632 0 0
cfl=
cfn=(28)
calls=20 +232825 0
* * 20
cfl=
cfn=(28)
calls=10 +232871 0
* * 10

ob=
fl=
fn=(239)
+8506 0 0
cfl=
cfn=(243) runtime.mProf_Free
calls=10 +11832 0
* * 10

ob=
fl=
fn=(216)
+479 0 0
cfl=
cfn=(20)
calls=10 -85315 0
* * 10

ob=
fl=
fn=(24)
+2129 0 0
cfl=
cfn=(18)
calls=30 +905 0
* * 30

ob=
fl=
fn=(225)
+227 0 0
cfl=
cfn=(24)
calls=30 * 0
* * 30
cfl=
cfn=(24)
calls=20 +9 0
* * 20

ob=
fl=
fn=(243)
+491 0 0
cfl=
cfn=(13)
calls=10 -88323 0
* * 10

ob=
fl=
fn=(231)
+7908 0 0
cfl=
cfn=(218)
calls=10 -65529 0
* * 10

ob=
fl=
fn=(69)
+2012 0 0
cfl=
cfn=(76)
calls=10 +34607 0
* * 10

ob=
fl=
fn=(71)
+6967 0 0
cfl=
cfn=(3)
calls=2230 +210135 0
* * 2230

ob=
fl=
fn=(207)
+493 0 0
cfl=
cfn=(244) runtime.mach_semrelease
calls=2020 +3542 0
* * 2020

ob=
fl=
fn=(72)
+2682 0 0
cfl=
cfn=(5)
calls=1130 +202443 0
* * 1130
+150 0 0
cfl=
cfn=(7)
calls=550 +199785 0
* * 550

ob=
fl=
fn=(73)
+172 0 0
cfl=
cfn=(106)
calls=1650 +183482 0
* * 1650

ob=
fl=
fn=(244)
+45 0 0
cfl=
cfn=(4)
calls=2020 +199487 0
* * 2020

ob=
fl=
fn=(205)
+96 0 0
cfl=
cfn=(2)
calls=50 +199101 0
* * 50

ob=
fl=
fn=(245) runtime.deferproc
+1911 0 0
cfl=
cfn=(74)
calls=10 +3050 0
* * 10
cfl=
cfn=(74)
calls=10 +3069 0
* * 10
cfl=
cfn=(74)
calls=10 +3166 0
* * 10
cfl=
cfn=(74)
calls=10 +3173 0
* * 10
+161 0 0
cfl=
cfn=(12)
calls=10 +195954 0
* * 10

ob=
fl=
fn=(75)
+2347 0 0
cfl=
cfn=(6)
calls=1020 +1590 0
* * 1020
cfl=
cfn=(6)
calls=10 +1545 0
* * 10
cfl=
cfn=(6)
calls=10 +1616 0
* * 10
cfl=
cfn=(6)
calls=10 +1681 0
* * 10
+58 0 0
cfl=
cfn=(214)
calls=10 -103168 0
* * 10
+118 0 0
cfl=
cfn=(12)
calls=10 +193425 0
* * 10

ob=
fl=
fn=(200)
+10663 0 0
cfl=
cfn=(106)
calls=560 +178524 0
* * 560

ob=
fl=
fn=(246) runtime.ready
+5137 0 0
cfl=
cfn=(247) runtime.wakep
calls=550 +15972 0
* * 550

ob=
fl=
fn=(228)
+657 0 0
cfl=
cfn=(206)
calls=20 -129301 0
* * 20

ob=
fl=
fn=(77)
+1443 0 0
cfl=
cfn=(205)
calls=10 -21052 0
* * 10

ob=
fl=
fn=(248) runtime.scang
+672 0 0
cfl=
cfn=(205)
calls=20 -22495 0
* * 20
+272 0 0
cfl=
cfn=(15)
calls=150 -79332 0
* * 150
cfl=
cfn=(15)
calls=30 -79598 0
* * 30
cfl=
cfn=(15)
calls=10 -79761 0
* * 10
cfl=
cfn=(15)
calls=10 -79057 0
* * 10

ob=
fl=
fn=(249) runtime.startTheWorldWithSema
+1521 0 0
cfl=
cfn=(71)
calls=10 -27077 0
* * 10
+81 0 0
cfl=
cfn=(250) runtime.procresize
calls=10 +24904 0
* * 10
+405 0 0
cfl=
cfn=(106)
calls=70 +158078 0
* * 70

ob=
fl=
fn=(251) runtime.mstart
+100 0 0
cfl=
cfn=(252) runtime.mstart1
calls=2370 +398 0
* * 2370

ob=
fl=
fn=(252)
+298 0 0
cfl=
cfn=(253) runtime.sysmon
calls=1750 +28015 0
* * 1750
cfl=
cfn=(253)
calls=550 +28177 0
* * 550
cfl=
cfn=(253)
calls=30 +28358 0
* * 30
cfl=
cfn=(253)
calls=20 +28193 0
* * 20
cfl=
cfn=(253)
calls=10 +28059 0
* * 10
cfl=
cfn=(253)
calls=10 +28291 0
* * 10

ob=
fl=
fn=(78)
+947 0 0
cfl=
cfn=(254) runtime.handoffp
calls=20 +4759 0
* * 20
+94 0 0
cfl=
cfn=(255) runtime.gcMarkDone.func1.1
calls=10 +146178 0
* * 10

ob=
fl=
fn=(256) runtime.runSafePointFn
+284 0 0
cfl=
cfn=(206)
calls=50 -135791 0
* * 50

ob=
fl=
fn=(79)
+2562 0 0
cfl=
cfn=(47)
calls=1120 -135849 0
* * 1120
cfl=
cfn=(47)
calls=10 -135963 0
* * 10
+48 0 0
cfl=
cfn=(229)
calls=10 -93966 0
* * 10
cfl=
cfn=(229)
calls=10 -93757 0
* * 10

ob=
fl=
fn=(257) runtime.startm
+276 0 0
cfl=
cfn=(13)
calls=10 -139440 0
* * 10
+172 0 0
cfl=
cfn=(206)
calls=1490 -138961 0
* * 1490

ob=
fl=
fn=(254)
+376 0 0
cfl=
cfn=(257)
calls=20 * 0
* * 20

ob=
fl=
fn=(247)
+627 0 0
cfl=
cfn=(257)
calls=1280 -376 0
* * 1280
cfl=
cfn=(257)
calls=10 -548 0
* * 10

ob=
fl=
fn=(258) runtime.gcstopm
+847 0 0
cfl=
cfn=(79)
calls=30 -1499 0
* * 30
+26 0 0
cfl=
cfn=(206)
calls=30 -140983 0
* * 30

ob=
fl=
fn=(259) runtime.findrunnable
+590 0 0
cfl=
cfn=(258)
calls=20 -26 0
* * 20
+58 0 0
cfl=
cfn=(87)
calls=10 +27147 0
* * 10
+142 0 0
cfl=
cfn=(13)
calls=10 -142320 0
* * 10
+445 0 0
cfl=
cfn=(79)
calls=1100 -3162 0
* * 1100
cfl=
cfn=(79)
calls=10 -3315 0
* * 10
cfl=
cfn=(79)
calls=10 -3156 0
* * 10
cfl=
cfn=(79)
calls=10 -3114 0
* * 10
+59 0 0
cfl=
cfn=(71)
calls=1100 -36976 0
* * 1100
+15 0 0
cfl=
cfn=(227)
calls=10 +165142 0
* * 10
+110 0 0
cfl=
cfn=(260) runtime.acquirep
calls=10 +17629 0
* * 10
+21 0 0
cfl=
cfn=(261) runtime.injectglist
calls=100 +2362 0
* * 100
+29 0 0
cfl=
cfn=(77)
calls=10 -10663 0
* * 10
+152 0 0
cfl=
cfn=(86)
calls=10 +25431 0
* * 10
+556 0 0
cfl=
cfn=(109)
calls=10 +160372 0
* * 10
+185 0 0
cfl=
cfn=(89)
calls=870 +26213 0
* * 870
cfl=
cfn=(89)
calls=10 +26205 0
* * 10
+242 0 0
cfl=
cfn=(71)
calls=1020 -38103 0
* * 1020
cfl=
cfn=(71)
calls=10 -38176 0
* * 10
cfl=
cfn=(71)
calls=10 -38159 0
* * 10
+36 0 0
cfl=
cfn=(261)
calls=90 +1177 0
* * 90
+118 0 0
cfl=
cfn=(13)
calls=10 -144152 0
* * 10
+25 0 0
cfl=
cfn=(85)
calls=10 +23672 0
* * 10
+166 0 0
cfl=
cfn=(256)
calls=20 -7717 0
* * 20

ob=
fl=
fn=(235)
+176 0 0
cfl=
cfn=(71)
calls=100 -38690 0
* * 100

ob=
fl=
fn=(262) runtime.resetspinning
+203 0 0
cfl=
cfn=(247)
calls=300 -3998 0
* * 300

ob=
fl=
fn=(261)
+453 0 0
cfl=
cfn=(257)
calls=190 -5204 0
* * 190

ob=
fl=
fn=(26)
+362 0 0
cfl=
cfn=(258)
calls=30 -3781 0
* * 30
cfl=
cfn=(258)
calls=10 -3807 0
* * 10
+38 0 0
cfl=
cfn=(262)
calls=300 -815 0
* * 300
+22 0 0
cfl=
cfn=(259)
calls=1130 -2946 0
* * 1130
cfl=
cfn=(259)
calls=1100 -2887 0
* * 1100
cfl=
cfn=(259)
calls=1040 -1577 0
* * 1040
cfl=
cfn=(259)
calls=880 -1819 0
* * 880
cfl=
cfn=(259)
calls=100 -2741 0
* * 100
cfl=
cfn=(259)
calls=90 -1541 0
* * 90
cfl=
cfn=(259)
calls=20 -3591 0
* * 20
cfl=
cfn=(259)
calls=20 -1232 0
* * 20
cfl=
cfn=(259)
calls=10 -3533 0
* * 10
cfl=
cfn=(259)
calls=10 -3391 0
* * 10
cfl=
cfn=(259)
calls=10 -2872 0
* * 10
cfl=
cfn=(259)
calls=10 -2762 0
* * 10
cfl=
cfn=(259)
calls=10 -2712 0
* * 10
cfl=
cfn=(259)
calls=10 -2560 0
* * 10
cfl=
cfn=(259)
calls=10 -2004 0
* * 10
cfl=
cfn=(259)
calls=10 -1423 0
* * 10
cfl=
cfn=(259)
calls=10 -1398 0
* * 10
+39 0 0
cfl=
cfn=(87)
calls=10 +23525 0
* * 10
cfl=
cfn=(87)
calls=10 +23538 0
* * 10
+373 0 0
cfl=
cfn=(256)
calls=20 -9176 0
* * 20

ob=
fl=
fn=(263) runtime.park_m
+275 0 0
cfl=
cfn=(77)
calls=10 -14526 0
* * 10
+80 0 0
cfl=
cfn=(26)
calls=3130 -687 0
* * 3130
cfl=
cfn=(26)
calls=210 -709 0
* * 210
cfl=
cfn=(26)
calls=10 -795 0
* * 10
cfl=
cfn=(26)
calls=10 -648 0
* * 10

ob=
fl=
fn=(80)
+614 0 0
cfl=
cfn=(20)
calls=10 -146239 0
* * 10
+5 0 0
cfl=
cfn=(26)
calls=70 -1381 0
* * 70
cfl=
cfn=(26)
calls=40 -1441 0
* * 40
cfl=
cfn=(26)
calls=20 -969 0
* * 20
cfl=
cfn=(26)
calls=10 -1342 0
* * 10

ob=
fl=
fn=(81)
+144 0 0
cfl=
cfn=(80)
calls=50 * 0
* * 50
cfl=
cfn=(80)
calls=10 -242 0
* * 10
cfl=
cfn=(80)
calls=10 -5 0
* * 10

ob=
fl=
fn=(264) runtime.gopreempt_m
+80 0 0
cfl=
cfn=(80)
calls=90 -144 0
* * 90

ob=
fl=
fn=(265) runtime.goexit0
+674 0 0
cfl=
cfn=(26)
calls=1260 -1610 0
* * 1260
cfl=
cfn=(26)
calls=90 -1632 0
* * 90
cfl=
cfn=(26)
calls=10 -1718 0
* * 10

ob=
fl=
fn=(266) runtime.reentersyscall
+621 0 0
cfl=
cfn=(82)
calls=10 +457 0
* * 10
+361 0 0
cfl=
cfn=(106)
calls=10 +143908 0
* * 10
+50 0 0
cfl=
cfn=(106)
calls=440 +143547 0
* * 440

ob=
fl=
fn=(267) runtime.entersyscall
+148 0 0
cfl=
cfn=(266)
calls=440 * 0
* * 440
cfl=
cfn=(266)
calls=10 -411 0
* * 10
cfl=
cfn=(266)
calls=10 -50 0
* * 10

ob=
fl=
fn=(268) runtime.entersyscall_sysmon
+57 0 0
cfl=
cfn=(13)
calls=10 -149514 0
* * 10
+63 0 0
cfl=
cfn=(206)
calls=430 -148733 0
* * 430

ob=
fl=
fn=(269) runtime.exitsyscall0
+2443 0 0
cfl=
cfn=(79)
calls=10 -10111 0
* * 10
+5 0 0
cfl=
cfn=(26)
calls=10 -6027 0
* * 10

ob=
fl=
fn=(270) runtime.newproc
+575 0 0
cfl=
cfn=(106)
calls=440 +140781 0
* * 440

ob=
fl=
fn=(271) runtime.newproc1
+811 0 0
cfl=
cfn=(247)
calls=440 -11683 0
* * 440

ob=
fl=
fn=(272) runtime._System
+2731 0 0
cfl=
cfn=(106)
calls=10 +139297 0
* * 10
cfl=
cfn=(106)
calls=10 +139371 0
* * 10

ob=
fl=
fn=(250)
+3409 0 0
cfl=
cfn=(273) runtime.(*randomOrder).reset
calls=10 +14636 0
* * 10

ob=
fl=
fn=(260)
+1177 0 0
cfl=
cfn=(83)
calls=10 +1300 0
* * 10

ob=
fl=
fn=(253)
+2520 0 0
cfl=
cfn=(2)
calls=1750 +147964 0
* * 1750
+44 0 0
cfl=
cfn=(13)
calls=10 -163295 0
* * 10
+118 0 0
cfl=
cfn=(208)
calls=550 -161594 0
* * 550
+16 0 0
cfl=
cfn=(13)
calls=10 -163384 0
* * 10
cfl=
cfn=(13)
calls=10 -163062 0
* * 10
+98 0 0
cfl=
cfn=(227)
calls=10 +144800 0
* * 10
+67 0 0
cfl=
cfn=(84)
calls=10 +766 0
* * 10
cfl=
cfn=(84)
calls=10 +840 0
* * 10
cfl=
cfn=(84)
calls=10 +1093 0
* * 10

ob=
fl=
fn=(88)
+6367 0 0
cfl=
cfn=(2)
calls=830 +145101 0
* * 830
cfl=
cfn=(2)
calls=10 +145106 0
* * 10

ob=
fl=
fn=(89)
+222 0 0
cfl=
cfn=(88)
calls=840 * 0
* * 840
cfl=
cfn=(88)
calls=10 -156 0
* * 10
cfl=
cfn=(88)
calls=10 -142 0
* * 10
cfl=
cfn=(88)
calls=10 -16 0
* * 10

ob=
fl=
fn=(273)
+598 0 0
cfl=
cfn=(91)
calls=10 +862 0
* * 10

ob=
fl=
fn=(92)
+7094 0 0
cfl=
cfn=(100)
calls=10 +99368 0
* * 10

ob=
fl=
fn=(274) reflect.resolveTypeOff
+80 0 0
cfl=
cfn=(102)
calls=30 +93552 0
* * 30
cfl=
cfn=(102)
calls=10 +93517 0
* * 10
cfl=
cfn=(102)
calls=10 +93558 0
* * 10

ob=
fl=
fn=(275) runtime.makeslice
+27240 0 0
cfl=
cfn=(10)
calls=80 -170444 0
* * 80
cfl=
cfn=(10)
calls=60 -170012 0
* * 60
cfl=
cfn=(10)
calls=40 -170654 0
* * 40
cfl=
cfn=(10)
calls=20 -171719 0
* * 20
cfl=
cfn=(10)
calls=10 -172218 0
* * 10
cfl=
cfn=(10)
calls=10 -171408 0
* * 10
cfl=
cfn=(10)
calls=10 -171362 0
* * 10
cfl=
cfn=(10)
calls=10 -171055 0
* * 10
cfl=
cfn=(10)
calls=10 -170732 0
* * 10
cfl=
cfn=(10)
calls=10 -170505 0
* * 10
cfl=
cfn=(10)
calls=10 -170275 0
* * 10

ob=
fl=
fn=(276) runtime.copystack
+10037 0 0
cfl=
cfn=(99)
calls=10 +52479 0
* * 10

ob=
fl=
fn=(277) runtime.newstack
+566 0 0
cfl=
cfn=(110)
calls=10 +89943 0
* * 10
+522 0 0
cfl=
cfn=(264)
calls=90 -68192 0
* * 90

ob=
fl=
fn=(233)
+3174 0 0
cfl=
cfn=(276)
calls=10 -1088 0
* * 10

ob=
fl=
fn=(93)
+993 0 0
cfl=
cfn=(12)
calls=10 +87888 0
* * 10
cfl=
cfn=(12)
calls=10 +88108 0
* * 10

ob=
fl=
fn=(278) runtime.concatstring2
+400 0 0
cfl=
cfn=(93)
calls=20 * 0
* * 20
cfl=
cfn=(93)
calls=10 -271 0
* * 10

ob=
fl=
fn=(94)
+471 0 0
cfl=
cfn=(95)
calls=100 +737 0
* * 100
cfl=
cfn=(95)
calls=10 +738 0
* * 10
+64 0 0
cfl=
cfn=(12)
calls=10 +84611 0
* * 10
cfl=
cfn=(12)
calls=10 +86197 0
* * 10
cfl=
cfn=(12)
calls=10 +86211 0
* * 10

ob=
fl=
fn=(95)
+202 0 0
cfl=
cfn=(279) runtime.rawstring
calls=100 +1783 0
* * 100

ob=
fl=
fn=(279)
+1581 0 0
cfl=
cfn=(10)
calls=30 -214113 0
* * 30
cfl=
cfn=(10)
calls=20 -215922 0
* * 20
cfl=
cfn=(10)
calls=20 -213681 0
* * 20
cfl=
cfn=(10)
calls=10 -215388 0
* * 10
cfl=
cfn=(10)
calls=10 -215289 0
* * 10
cfl=
cfn=(10)
calls=10 -214323 0
* * 10

ob=
fl=
fn=(96)
+9140 0 0
cfl=
cfn=(110)
calls=10 +81788 0
* * 10
cfl=
cfn=(110)
calls=10 +81966 0
* * 10
+250 0 0
cfl=
cfn=(97)
calls=10 +3114 0
* * 10
cfl=
cfn=(97)
calls=10 +3172 0
* * 10
cfl=
cfn=(97)
calls=10 +3182 0
* * 10
cfl=
cfn=(97)
calls=10 +3186 0
* * 10

ob=
fl=
fn=(280) runtime.funcspdelta
+2044 0 0
cfl=
cfn=(96)
calls=20 * 0
* * 20
cfl=
cfn=(96)
calls=10 -250 0
* * 10
cfl=
cfn=(96)
calls=10 -215 0
* * 10

ob=
fl=
fn=(234)
+474 0 0
cfl=
cfn=(96)
calls=20 -2044 0
* * 20
cfl=
cfn=(96)
calls=10 -2294 0
* * 10

ob=
fl=
fn=(97)
+346 0 0
cfl=
cfn=(98)
calls=10 +592 0
* * 10
+72 0 0
cfl=
cfn=(98)
calls=10 +277 0
* * 10

ob=
fl=
fn=(99)
+24470 0 0
cfl=
cfn=(103)
calls=90 +48595 0
* * 90
cfl=
cfn=(103)
calls=10 +48771 0
* * 10
+1457 0 0
cfl=
cfn=(280)
calls=40 -25362 0
* * 40

ob=
fl=
fn=(102)
+9969 0 0
cfl=
cfn=(101)
calls=10 +9073 0
* * 10
cfl=
cfn=(101)
calls=10 +9097 0
* * 10
cfl=
cfn=(101)
calls=10 +9142 0
* * 10

ob=
fl=
fn=(281) runtime.(*mcache).nextFree.func1
+9007 0 0
cfl=
cfn=(217)
calls=100 -248115 0
* * 100

ob=
fl=
fn=(282) runtime.writebarrierptr_prewrite1.func1
+370 0 0
cfl=
cfn=(51)
calls=20 -269978 0
* * 20
cfl=
cfn=(51)
calls=10 -270078 0
* * 10
cfl=
cfn=(51)
calls=10 -269864 0
* * 10

ob=
fl=
fn=(255)
+1855 0 0
cfl=
cfn=(67)
calls=10 -210203 0
* * 10

ob=
fl=
fn=(283) runtime.gcMarkDone.func1
+74 0 0
cfl=
cfn=(78)
calls=20 -146178 0
* * 20
cfl=
cfn=(78)
calls=10 -146829 0
* * 10
cfl=
cfn=(78)
calls=10 -146084 0
* * 10

ob=
fl=
fn=(284) runtime.gcMarkTermination.func1
+64 0 0
cfl=
cfn=(57)
calls=20 -238852 0
* * 20
cfl=
cfn=(57)
calls=10 -239737 0
* * 10

ob=
fl=
fn=(285) runtime.gcBgMarkWorker.func2
+633 0 0
cfl=
cfn=(60)
calls=220 -225454 0
* * 220
cfl=
cfn=(60)
calls=50 -225314 0
* * 50
cfl=
cfn=(60)
calls=50 -224911 0
* * 50
cfl=
cfn=(60)
calls=40 -224961 0
* * 40
cfl=
cfn=(60)
calls=30 -225647 0
* * 30
cfl=
cfn=(60)
calls=10 -225090 0
* * 10
+116 0 0
cfl=
cfn=(60)
calls=480 -226087 0
* * 480
cfl=
cfn=(60)
calls=40 -225594 0
* * 40
cfl=
cfn=(60)
calls=30 -226280 0
* * 30
cfl=
cfn=(60)
calls=10 -226052 0
* * 10

ob=
fl=
fn=(286) runtime.markroot.func1
+163 0 0
cfl=
cfn=(248)
calls=200 -150417 0
* * 200
cfl=
cfn=(248)
calls=20 -150689 0
* * 20

ob=
fl=
fn=(287) runtime.gcAssistAlloc.func1
+278 0 0
cfl=
cfn=(232)
calls=210 -232566 0
* * 210
cfl=
cfn=(232)
calls=10 -232512 0
* * 10

ob=
fl=
fn=(103)
+139 0 0
cfl=
cfn=(16)
calls=30 -229220 0
* * 30
cfl=
cfn=(16)
calls=30 -229035 0
* * 30
cfl=
cfn=(16)
calls=10 -229095 0
* * 10
cfl=
cfn=(16)
calls=10 -228411 0
* * 10
cfl=
cfn=(16)
calls=10 -228315 0
* * 10

ob=
fl=
fn=(288) runtime.gosweepone.func1
+237 0 0
cfl=
cfn=(62)
calls=60 -219473 0
* * 60
cfl=
cfn=(62)
calls=40 -219778 0
* * 40
cfl=
cfn=(62)
calls=10 -219731 0
* * 10

ob=
fl=
fn=(104)
+1800 0 0
cfl=
cfn=(72)
calls=1130 -175136 0
* * 1130
cfl=
cfn=(72)
calls=550 -174986 0
* * 550
cfl=
cfn=(72)
calls=10 -175064 0
* * 10

ob=
fl=
fn=(105)
+2021 0 0
cfl=
cfn=(246)
calls=550 -156078 0
* * 550

ob=
fl=
fn=(289) runtime.newproc.func1
+1913 0 0
cfl=
cfn=(271)
calls=440 -134770 0
* * 440

ob=
fl=
fn=(290) runtime.mcall
+2554 0 0
cfl=
cfn=(263)
calls=3360 -143334 0
* * 3360
cfl=
cfn=(265)
calls=1360 -141817 0
* * 1360
cfl=
cfn=(81)
calls=70 -142571 0
* * 70
cfl=
cfn=(263)
calls=10 -143414 0
* * 10
cfl=
cfn=(81)
calls=10 -142624 0
* * 10
cfl=
cfn=(269)
calls=10 -138074 0
* * 10
cfl=
cfn=(269)
calls=10 -138069 0
* * 10

ob=
fl=
fn=(106)
+158 0 0
cfl=
cfn=(285)
calls=560 -9105 0
* * 560
cfl=
cfn=(105)
calls=550 -4467 0
* * 550
cfl=
cfn=(289)
calls=440 -2554 0
* * 440
cfl=
cfn=(268)
calls=430 -143071 0
* * 430
cfl=
cfn=(285)
calls=400 -9221 0
* * 400
cfl=
cfn=(287)
calls=220 -8664 0
* * 220
cfl=
cfn=(281)
calls=100 -12217 0
* * 100
cfl=
cfn=(288)
calls=100 -8288 0
* * 100
cfl=
cfn=(283)
calls=40 -9918 0
* * 40
cfl=
cfn=(282)
calls=30 -11847 0
* * 30
cfl=
cfn=(284)
calls=30 -9854 0
* * 30
cfl=
cfn=(249)
calls=10 -158001 0
* * 10
cfl=
cfn=(249)
calls=10 -157920 0
* * 10
cfl=
cfn=(256)
calls=10 -155792 0
* * 10
cfl=
cfn=(268)
calls=10 -143134 0
* * 10
cfl=
cfn=(105)
calls=10 -4493 0
* * 10
+50 0 0
cfl=
cfn=(104)
calls=1690 -6646 0
* * 1690
cfl=
cfn=(286)
calls=220 -9100 0
* * 220
cfl=
cfn=(282)
calls=10 -12005 0
* * 10
cfl=
cfn=(288)
calls=10 -8446 0
* * 10
cfl=
cfn=(104)
calls=10 -6641 0
* * 10

ob=
fl=
fn=(291) runtime.morestack
+139 0 0
cfl=
cfn=(277)
calls=90 -76539 0
* * 90
cfl=
cfn=(277)
calls=10 -77061 0
* * 10

ob=
fl=
fn=(292) runtime.goexit
+10875 0 0
cfl=
cfn=(293) github.com/nd-r/tech-db-forum/vendor/github.com/valyala/fasthttp.(*workerPool).getCh.func1
calls=13130 +3225759 0
* * 13130
cfl=
cfn=(226)
calls=1070 -251546 0
* * 1070
cfl=
cfn=(226)
calls=200 -251283 0
* * 200
cfl=
cfn=(237)
calls=100 -228955 0
* * 100
cfl=
cfn=(294) database/sql.(*Rows).awaitDone
calls=80 +587782 0
* * 80
cfl=
cfn=(226)
calls=10 -251526 0
* * 10
cfl=
cfn=(294)
calls=10 +587727 0
* * 10
cfl=
cfn=(294)
calls=10 +587816 0
* * 10

ob=
fl=
fn=(227)
+4356 0 0
cfl=
cfn=(29)
calls=20 +4204 0
* * 20
cfl=
cfn=(29)
calls=10 +4310 0
* * 10

ob=
fl=
fn=(295) sync.(*Pool).Put
+20360 0 0
cfl=
cfn=(30)
calls=10 +21733 0
* * 10

ob=
fl=
fn=(296) sync.(*Pool).Get
+498 0 0
cfl=
cfn=(30)
calls=20 +1325 0
* * 20
cfl=
cfn=(30)
calls=10 +1268 0
* * 10
cfl=
cfn=(30)
calls=10 +1301 0
* * 10
cfl=
cfn=(30)
calls=10 +1373 0
* * 10
+331 0 0
cfl=
cfn=(214)
calls=10 -318146 0
* * 10

ob=
fl=
fn=(30)
+472 0 0
cfl=
cfn=(90)
calls=10 -159043 0
* * 10
+72 0 0
cfl=
cfn=(297) sync.(*Pool).pinSlow
calls=10 +404 0
* * 10
cfl=
cfn=(297)
calls=10 +462 0
* * 10

ob=
fl=
fn=(297)
+332 0 0
cfl=
cfn=(198)
calls=10 -380825 0
* * 10
+58 0 0
cfl=
cfn=(75)
calls=10 -216127 0
* * 10

ob=
fl=
fn=(112)
+3977 0 0
cfl=
cfn=(156)
calls=4260 +605794 0
* * 4260
cfl=
cfn=(156)
calls=10 +605215 0
* * 10
cfl=
cfn=(156)
calls=10 +606107 0
* * 10

ob=
fl=
fn=(298) io.ReadFull
+367 0 0
cfl=
cfn=(112)
calls=4280 * 0
* * 4280
cfl=
cfn=(112)
calls=10 -140 0
* * 10

ob=
fl=
fn=(299) bytes.LastIndex
+47303 0 0
cfl=
cfn=(27)
calls=10 -32873 0
* * 10

ob=
fl=
fn=(116)
+13029 0 0
cfl=
cfn=(115)
calls=10 +12617 0
* * 10
+201 0 0
cfl=
cfn=(113)
calls=10 -1582 0
* * 10
+150 0 0
cfl=
cfn=(114)
calls=10 -1480 0
* * 10

ob=
fl=
fn=(118)
+11760 0 0
cfl=
cfn=(117)
calls=10 +10469 0
* * 10

ob=
fl=
fn=(119)
+1592 0 0
cfl=
cfn=(118)
calls=10 * 0
* * 10
cfl=
cfn=(118)
calls=10 +525 0
* * 10
cfl=
cfn=(118)
calls=10 +845 0
* * 10
cfl=
cfn=(118)
calls=10 +852 0
* * 10

ob=
fl=
fn=(120)
+18724 0 0
cfl=
cfn=(121)
calls=20 +19863 0
* * 20

ob=
fl=
fn=(300) strconv.AppendInt
+253 0 0
cfl=
cfn=(121)
calls=10 +565 0
* * 10
cfl=
cfn=(121)
calls=10 +705 0
* * 10
cfl=
cfn=(121)
calls=10 +719 0
* * 10
cfl=
cfn=(121)
calls=10 +762 0
* * 10

ob=
fl=
fn=(121)
+886 0 0
cfl=
cfn=(94)
calls=20 -206350 0
* * 20

ob=
fl=
fn=(122)
+31015 0 0
cfl=
cfn=(123)
calls=4240 +42563 0
* * 4240
cfl=
cfn=(123)
calls=10 +42569 0
* * 10

ob=
fl=
fn=(301) syscall.Write
+128 0 0
cfl=
cfn=(302) syscall.write
calls=3150 +13724 0
* * 3150

ob=
fl=
fn=(123)
+11420 0 0
cfl=
cfn=(1)
calls=3790 +15346 0
* * 3790
cfl=
cfn=(1)
calls=450 +15308 0
* * 450

ob=
fl=
fn=(302)
+2176 0 0
cfl=
cfn=(1)
calls=3140 +3926 0
* * 3140
cfl=
cfn=(1)
calls=10 +3888 0
* * 10

ob=
fl=
fn=(1)
+1712 0 0
cfl=
cfn=(267)
calls=460 -323873 0
* * 460

ob=
fl=
fn=(19)
+2188 0 0
cfl=
cfn=(27)
calls=10 -173370 0
* * 10

ob=
fl=
fn=(303) time.Time.Format
+6199 0 0
cfl=
cfn=(125)
calls=90 +6645 0
* * 90
cfl=
cfn=(125)
calls=20 +14763 0
* * 20
cfl=
cfn=(125)
calls=20 +14970 0
* * 20
cfl=
cfn=(125)
calls=10 +6623 0
* * 10
cfl=
cfn=(125)
calls=10 +6705 0
* * 10
cfl=
cfn=(125)
calls=10 +6826 0
* * 10
cfl=
cfn=(125)
calls=10 +6851 0
* * 10
cfl=
cfn=(125)
calls=10 +6890 0
* * 10
cfl=
cfn=(125)
calls=10 +10172 0
* * 10
cfl=
cfn=(125)
calls=10 +10821 0
* * 10
cfl=
cfn=(125)
calls=10 +12204 0
* * 10
cfl=
cfn=(125)
calls=10 +14144 0
* * 10
cfl=
cfn=(125)
calls=10 +14153 0
* * 10
cfl=
cfn=(125)
calls=10 +14322 0
* * 10

ob=
fl=
fn=(125)
+446 0 0
cfl=
cfn=(19)
calls=30 -6872 0
* * 30
cfl=
cfn=(19)
calls=10 -6926 0
* * 10
cfl=
cfn=(19)
calls=10 -6568 0
* * 10
cfl=
cfn=(19)
calls=10 -6199 0
* * 10
cfl=
cfn=(19)
calls=10 -5840 0
* * 10
cfl=
cfn=(19)
calls=10 -5463 0
* * 10
cfl=
cfn=(19)
calls=10 -3945 0
* * 10
+4176 0 0
cfl=
cfn=(124)
calls=10 -2423 0
* * 10
+3501 0 0
cfl=
cfn=(124)
calls=10 -6173 0
* * 10
+441 0 0
cfl=
cfn=(126)
calls=10 +26546 0
* * 10
cfl=
cfn=(126)
calls=10 +26576 0
* * 10
+207 0 0
cfl=
cfn=(12)
calls=10 -186102 0
* * 10
cfl=
cfn=(12)
calls=10 -185566 0
* * 10

ob=
fl=
fn=(128)
+32485 0 0
cfl=
cfn=(129)
calls=10 +35051 0
* * 10

ob=
fl=
fn=(304) reflect.(*rtype).nameOff
+69235 0 0
cfl=
cfn=(92)
calls=10 -346813 0
* * 10
cfl=
cfn=(92)
calls=10 -346802 0
* * 10

ob=
fl=
fn=(305) reflect.(*rtype).typeOff
+80 0 0
cfl=
cfn=(274)
calls=50 -415968 0
* * 50

ob=
fl=
fn=(130)
+355 0 0
cfl=
cfn=(304)
calls=20 -80 0
* * 20

ob=
fl=
fn=(132)
+5378 0 0
cfl=
cfn=(130)
calls=20 * 0
* * 20
cfl=
cfn=(130)
calls=10 -44 0
* * 10
cfl=
cfn=(130)
calls=10 +42 0
* * 10

ob=
fl=
fn=(306) reflect.PtrTo
+11277 0 0
cfl=
cfn=(133)
calls=10 +12710 0
* * 10

ob=
fl=
fn=(133)
+1433 0 0
cfl=
cfn=(305)
calls=50 -17010 0
* * 50

ob=
fl=
fn=(307) reflect.(*rtype).AssignableTo
+539 0 0
cfl=
cfn=(308) reflect.directlyAssignable
calls=40 +2507 0
* * 40
cfl=
cfn=(308)
calls=10 +2613 0
* * 10
+52 0 0
cfl=
cfn=(31)
calls=20 +503 0
* * 20
cfl=
cfn=(31)
calls=10 +538 0
* * 10

ob=
fl=
fn=(308)
+1916 0 0
cfl=
cfn=(132)
calls=30 -13301 0
* * 30
cfl=
cfn=(132)
calls=10 -13323 0
* * 10
+106 0 0
cfl=
cfn=(132)
calls=10 -15217 0
* * 10

ob=
fl=
fn=(135)
+18281 0 0
cfl=
cfn=(133)
calls=20 -2613 0
* * 20

ob=
fl=
fn=(138)
+13352 0 0
cfl=
cfn=(309) reflect.valueInterface
calls=30 +13640 0
* * 30

ob=
fl=
fn=(309)
+288 0 0
cfl=
cfn=(134)
calls=10 -15376 0
* * 10
cfl=
cfn=(134)
calls=10 -15344 0
* * 10
cfl=
cfn=(134)
calls=10 -15288 0
* * 10

ob=
fl=
fn=(140)
+7312 0 0
cfl=
cfn=(144)
calls=10 +19056 0
* * 10
cfl=
cfn=(144)
calls=10 +19076 0
* * 10

ob=
fl=
fn=(310) reflect.Value.Slice
+3512 0 0
cfl=
cfn=(14)
calls=10 -645868 0
* * 10

ob=
fl=
fn=(311) reflect.typesMustMatch
+3584 0 0
cfl=
cfn=(39)
calls=10 -709586 0
* * 10

ob=
fl=
fn=(312) reflect.grow
+644 0 0
cfl=
cfn=(313) reflect.MakeSlice
calls=30 +2675 0
* * 30
+88 0 0
cfl=
cfn=(314) reflect.Copy
calls=10 +1142 0
* * 10
+184 0 0
cfl=
cfn=(310)
calls=10 -4316 0
* * 10

ob=
fl=
fn=(143)
+285 0 0
cfl=
cfn=(312)
calls=30 -272 0
* * 30
cfl=
cfn=(312)
calls=10 -184 0
* * 10
cfl=
cfn=(312)
calls=10 * 0
* * 10

ob=
fl=
fn=(314)
+585 0 0
cfl=
cfn=(311)
calls=10 -1201 0
* * 10

ob=
fl=
fn=(313)
+889 0 0
cfl=
cfn=(212)
calls=30 -654337 0
* * 30

ob=
fl=
fn=(315) reflect.New
+1668 0 0
cfl=
cfn=(49)
calls=90 -655556 0
* * 90
cfl=
cfn=(49)
calls=10 -655564 0
* * 10
+47 0 0
cfl=
cfn=(133)
calls=20 -53285 0
* * 20
cfl=
cfn=(133)
calls=10 -53271 0
* * 10

ob=
fl=
fn=(316) context.WithCancel
+116701 0 0
cfl=
cfn=(14)
calls=10 -657372 0
* * 10
+327 0 0
cfl=
cfn=(317) context.propagateCancel
calls=10 +598 0
* * 10

ob=
fl=
fn=(317)
+271 0 0
cfl=
cfn=(145)
calls=10 -565 0
* * 10

ob=
fl=
fn=(318) context.(*cancelCtx).Err
+1089 0 0
cfl=
cfn=(75)
calls=80 -668968 0
* * 80

ob=
fl=
fn=(319) context.(*cancelCtx).cancel
+386 0 0
cfl=
cfn=(199)
calls=560 -822327 0
* * 560
cfl=
cfn=(199)
calls=10 -822860 0
* * 10

ob=
fl=
fn=(320) context.WithCancel.func1
+3727 0 0
cfl=
cfn=(319)
calls=570 * 0
* * 570

ob=
fl=
fn=(148)
+27226 0 0
cfl=
cfn=(147)
calls=10 +8970 0
* * 10

ob=
fl=
fn=(32)
+5516 0 0
cfl=
cfn=(149)
calls=30 +13053 0
* * 30
cfl=
cfn=(149)
calls=10 +12871 0
* * 10
cfl=
cfn=(149)
calls=10 +13030 0
* * 10
cfl=
cfn=(149)
calls=10 +13036 0
* * 10
+641 0 0
cfl=
cfn=(141)
calls=10 -165385 0
* * 10
+144 0 0
cfl=
cfn=(315)
calls=60 -155931 0
* * 60
cfl=
cfn=(315)
calls=10 -155884 0
* * 10
+110 0 0
cfl=
cfn=(138)
calls=10 -175114 0
* * 10
+50 0 0
cfl=
cfn=(32)
calls=240 +4770 0
* * 240
cfl=
cfn=(32)
calls=60 -895 0
* * 60
cfl=
cfn=(32)
calls=60 +1511 0
* * 60
cfl=
cfn=(32)
calls=10 -2369 0
* * 10
cfl=
cfn=(32)
calls=10 -924 0
* * 10
cfl=
cfn=(32)
calls=10 -769 0
* * 10
cfl=
cfn=(32)
calls=10 -254 0
* * 10
cfl=
cfn=(32)
calls=10 +2051 0
* * 10
cfl=
cfn=(32)
calls=10 +4799 0
* * 10
+155 0 0
cfl=
cfn=(140)
calls=10 -167674 0
* * 10
+1194 0 0
cfl=
cfn=(142)
calls=10 -162034 0
* * 10
+112 0 0
cfl=
cfn=(307)
calls=50 -210330 0
* * 50
cfl=
cfn=(307)
calls=30 -210278 0
* * 30
+3259 0 0
cfl=
cfn=(303)
calls=240 -339995 0
* * 240

ob=
fl=
fn=(149)
+1849 0 0
cfl=
cfn=(137)
calls=10 -180355 0
* * 10
+23 0 0
cfl=
cfn=(120)
calls=20 -401080 0
* * 20
cfl=
cfn=(120)
calls=10 -401174 0
* * 10

ob=
fl=
fn=(321) database/sql.ctxDriverQuery
+4543 0 0
cfl=
cfn=(322) github.com/nd-r/tech-db-forum/vendor/github.com/lib/pq.(*conn).QueryContext
calls=3610 +1252873 0
* * 3610

ob=
fl=
fn=(323) database/sql.ctxDriverBegin
+1561 0 0
cfl=
cfn=(324) github.com/nd-r/tech-db-forum/vendor/github.com/lib/pq.(*conn).BeginTx
calls=1390 +1249425 0
* * 1390

ob=
fl=
fn=(151)
+25668 0 0
cfl=
cfn=(148)
calls=10 -19541 0
* * 10
cfl=
cfn=(148)
calls=10 -19157 0
* * 10
cfl=
cfn=(148)
calls=10 -15828 0
* * 10
+311 0 0
cfl=
cfn=(155)
calls=3610 +27787 0
* * 3610
cfl=
cfn=(155)
calls=10 +27687 0
* * 10
+73 0 0
cfl=
cfn=(14)
calls=10 -852217 0
* * 10
+140 0 0
cfl=
cfn=(325) database/sql.(*Rows).initContextClose
calls=320 +19896 0
* * 320
cfl=
cfn=(325)
calls=20 +19807 0
* * 20

ob=
fl=
fn=(326) database/sql.(*DB).BeginTx
+1002 0 0
cfl=
cfn=(152)
calls=1390 +1881 0
* * 1390
cfl=
cfn=(152)
calls=120 +2174 0
* * 120
cfl=
cfn=(152)
calls=10 +1684 0
* * 10
cfl=
cfn=(152)
calls=10 +1753 0
* * 10

ob=
fl=
fn=(327) database/sql.(*DB).Begin
+492 0 0
cfl=
cfn=(326)
calls=1530 * 0
* * 1530

ob=
fl=
fn=(152)
+190 0 0
cfl=
cfn=(150)
calls=10 -11677 0
* * 10
+197 0 0
cfl=
cfn=(155)
calls=1390 +25579 0
* * 1390
+293 0 0
cfl=
cfn=(270)
calls=120 -710132 0
* * 120

ob=
fl=
fn=(328) database/sql.(*Tx).close
+675 0 0
cfl=
cfn=(320)
calls=210 -74749 0
* * 210

ob=
fl=
fn=(329) database/sql.(*Tx).Commit
+918 0 0
cfl=
cfn=(155)
calls=1210 +24414 0
* * 1210
cfl=
cfn=(155)
calls=10 +24352 0
* * 10
+70 0 0
cfl=
cfn=(328)
calls=210 -918 0
* * 210

ob=
fl=
fn=(330) database/sql.(*Tx).QueryContext
+6170 0 0
cfl=
cfn=(245)
calls=10 -753090 0
* * 10
+243 0 0
cfl=
cfn=(151)
calls=3620 -10220 0
* * 3620
cfl=
cfn=(151)
calls=340 -10007 0
* * 340
cfl=
cfn=(151)
calls=30 -10531 0
* * 30
cfl=
cfn=(151)
calls=10 -11779 0
* * 10
cfl=
cfn=(151)
calls=10 -10147 0
* * 10
+45 0 0
cfl=
cfn=(75)
calls=10 -756995 0
* * 10

ob=
fl=
fn=(331) database/sql.(*Tx).Query
+181 0 0
cfl=
cfn=(330)
calls=4010 -45 0
* * 4010
cfl=
cfn=(330)
calls=10 -288 0
* * 10
cfl=
cfn=(330)
calls=10 * 0
* * 10

ob=
fl=
fn=(325)
+9191 0 0
cfl=
cfn=(316)
calls=10 -88851 0
* * 10
cfl=
cfn=(316)
calls=10 -88524 0
* * 10
+89 0 0
cfl=
cfn=(270)
calls=320 -727918 0
* * 320

ob=
fl=
fn=(294)
+115 0 0
cfl=
cfn=(146)
calls=10 -96609 0
* * 10
+55 0 0
cfl=
cfn=(318)
calls=80 -96559 0
* * 80
+34 0 0
cfl=
cfn=(154)
calls=10 +5525 0
* * 10

ob=
fl=
fn=(332) database/sql.(*Rows).Next
+165 0 0
cfl=
cfn=(155)
calls=1320 +7303 0
* * 1320
cfl=
cfn=(155)
calls=10 +7309 0
* * 10
+42 0 0
cfl=
cfn=(333) database/sql.(*Rows).Close
calls=260 +5226 0
* * 260

ob=
fl=
fn=(334) database/sql.(*Rows).nextLocked
+127 0 0
cfl=
cfn=(166)
calls=850 +1177408 0
* * 850
cfl=
cfn=(166)
calls=410 +1178506 0
* * 410
cfl=
cfn=(166)
calls=30 +1178238 0
* * 30
cfl=
cfn=(166)
calls=10 +1178038 0
* * 10
cfl=
cfn=(166)
calls=10 +1178541 0
* * 10
+178 0 0
cfl=
cfn=(204)
calls=10 -882543 0
* * 10

ob=
fl=
fn=(335) database/sql.(*Rows).Columns
+1250 0 0
cfl=
cfn=(245)
calls=10 -769725 0
* * 10
+248 0 0
cfl=
cfn=(75)
calls=10 -768467 0
* * 10

ob=
fl=
fn=(153)
+2562 0 0
cfl=
cfn=(32)
calls=420 -60858 0
* * 420
cfl=
cfn=(32)
calls=70 -61018 0
* * 70
cfl=
cfn=(32)
calls=20 -59397 0
* * 20
cfl=
cfn=(32)
calls=10 -63277 0
* * 10
cfl=
cfn=(32)
calls=10 -60908 0
* * 10
cfl=
cfn=(32)
calls=10 -60703 0
* * 10
cfl=
cfn=(32)
calls=10 -59509 0
* * 10
cfl=
cfn=(32)
calls=10 -55897 0
* * 10

ob=
fl=
fn=(333)
+819 0 0
cfl=
cfn=(154)
calls=360 +1285 0
* * 360
cfl=
cfn=(154)
calls=50 +1113 0
* * 50
cfl=
cfn=(154)
calls=10 +919 0
* * 10
cfl=
cfn=(154)
calls=10 +1012 0
* * 10
cfl=
cfn=(154)
calls=10 +1284 0
* * 10

ob=
fl=
fn=(154)
+100 0 0
cfl=
cfn=(14)
calls=20 -877781 0
* * 20
+93 0 0
cfl=
cfn=(111)
calls=10 -554436 0
* * 10
+101 0 0
cfl=
cfn=(336) github.com/nd-r/tech-db-forum/vendor/github.com/lib/pq.(*rows).Close
calls=50 +1171339 0
* * 50
+172 0 0
cfl=
cfn=(320)
calls=360 -98220 0
* * 360

ob=
fl=
fn=(155)
+1446 0 0
cfl=
cfn=(337) database/sql.(*DB).queryConn.func1
calls=3610 +3642 0
* * 3610
cfl=
cfn=(338) database/sql.(*DB).begin.func1
calls=1390 +4188 0
* * 1390
cfl=
cfn=(339) database/sql.(*Rows).Next.func1
calls=1320 +6349 0
* * 1320
cfl=
cfn=(340) database/sql.(*Tx).Commit.func1
calls=1210 +4397 0
* * 1210
+6 0 0
cfl=
cfn=(75)
calls=10 -774008 0
* * 10

ob=
fl=
fn=(337)
+2190 0 0
cfl=
cfn=(321)
calls=3610 -55022 0
* * 3610

ob=
fl=
fn=(338)
+546 0 0
cfl=
cfn=(323)
calls=1390 -55651 0
* * 1390

ob=
fl=
fn=(340)
+209 0 0
cfl=
cfn=(341) github.com/nd-r/tech-db-forum/vendor/github.com/lib/pq.(*conn).Commit
calls=1200 +1136962 0
* * 1200
cfl=
cfn=(341)
calls=10 +1137372 0
* * 10

ob=
fl=
fn=(339)
+1952 0 0
cfl=
cfn=(334)
calls=1310 -9920 0
* * 1310
cfl=
cfn=(334)
calls=10 -9742 0
* * 10

ob=
fl=
fn=(342) bufio.(*Reader).fill
+41051 0 0
cfl=
cfn=(343) net.(*conn).Read
calls=790 +262788 0
* * 790

ob=
fl=
fn=(344) bufio.(*Reader).Peek
+448 0 0
cfl=
cfn=(342)
calls=790 * 0
* * 790

ob=
fl=
fn=(156)
+1627 0 0
cfl=
cfn=(343)
calls=4260 +221289 0
* * 4260

ob=
fl=
fn=(345) bufio.(*Writer).Flush
+5779 0 0
cfl=
cfn=(346) net.(*conn).Write
calls=840 +220398 0
* * 840
cfl=
cfn=(159)
calls=10 +336783 0
* * 10

ob=
fl=
fn=(347) bufio.(*Writer).Write
+650 0 0
cfl=
cfn=(345)
calls=490 * 0
* * 490
+128 0 0
cfl=
cfn=(346)
calls=80 +213969 0
* * 80

ob=
fl=
fn=(348) net.(*netFD).readLock
+131283 0 0
cfl=
cfn=(157)
calls=10 +130346 0
* * 10

ob=
fl=
fn=(349) net.(*netFD).writeLock
+224 0 0
cfl=
cfn=(157)
calls=10 -667 0
* * 10

ob=
fl=
fn=(350) net.(*pollDesc).wait
+918 0 0
cfl=
cfn=(70)
calls=10 -972651 0
* * 10

ob=
fl=
fn=(351) net.(*pollDesc).waitRead
+108 0 0
cfl=
cfn=(350)
calls=10 * 0
* * 10

ob=
fl=
fn=(158)
+5739 0 0
cfl=
cfn=(348)
calls=10 -1250 0
* * 10
+53 0 0
cfl=
cfn=(245)
calls=10 -969374 0
* * 10
+167 0 0
cfl=
cfn=(122)
calls=4250 -621419 0
* * 4250
cfl=
cfn=(122)
calls=10 -621457 0
* * 10
+124 0 0
cfl=
cfn=(351)
calls=10 -5959 0
* * 10
+174 0 0
cfl=
cfn=(75)
calls=720 -967210 0
* * 720
cfl=
cfn=(75)
calls=10 -967209 0
* * 10

ob=
fl=
fn=(352) net.(*netFD).Write
+2746 0 0
cfl=
cfn=(349)
calls=10 -7283 0
* * 10
+53 0 0
cfl=
cfn=(245)
calls=10 -972638 0
* * 10
+202 0 0
cfl=
cfn=(301)
calls=3150 -624555 0
* * 3150
+314 0 0
cfl=
cfn=(75)
calls=200 -970385 0
* * 200
cfl=
cfn=(75)
calls=10 -970525 0
* * 10
cfl=
cfn=(75)
calls=10 -970458 0
* * 10

ob=
fl=
fn=(343)
+71000 0 0
cfl=
cfn=(158)
calls=4260 -3613 0
* * 4260
cfl=
cfn=(158)
calls=730 -3315 0
* * 730
cfl=
cfn=(158)
calls=10 -3927 0
* * 10
cfl=
cfn=(158)
calls=10 -3833 0
* * 10
cfl=
cfn=(158)
calls=10 -3780 0
* * 10
cfl=
cfn=(158)
calls=10 -3691 0
* * 10
cfl=
cfn=(158)
calls=10 -3641 0
* * 10
cfl=
cfn=(158)
calls=10 -3489 0
* * 10

ob=
fl=
fn=(346)
+736 0 0
cfl=
cfn=(352)
calls=3150 -71314 0
* * 3150
cfl=
cfn=(352)
calls=220 -71000 0
* * 220
cfl=
cfn=(352)
calls=10 -71569 0
* * 10
cfl=
cfn=(352)
calls=10 -71516 0
* * 10

ob=
fl=
fn=(353) github.com/nd-r/tech-db-forum/vendor/github.com/lib/pq.(*readBuf).string
+857256 0 0
cfl=
cfn=(94)
calls=10 -935186 0
* * 10

ob=
fl=
fn=(160)
+12784 0 0
cfl=
cfn=(161)
calls=850 +15884 0
* * 850
cfl=
cfn=(161)
calls=520 +15810 0
* * 520
cfl=
cfn=(161)
calls=10 +15839 0
* * 10

ob=
fl=
fn=(341)
+1237 0 0
cfl=
cfn=(161)
calls=650 +3100 0
* * 650
cfl=
cfn=(161)
calls=510 +3026 0
* * 510
cfl=
cfn=(161)
calls=10 +2633 0
* * 10
cfl=
cfn=(161)
calls=10 +2840 0
* * 10
cfl=
cfn=(161)
calls=10 +3471 0
* * 10
cfl=
cfn=(161)
calls=10 +3508 0
* * 10
+410 0 0
cfl=
cfn=(75)
calls=10 -1913536 0
* * 10

ob=
fl=
fn=(161)
+1193 0 0
cfl=
cfn=(278)
calls=10 -1807344 0
* * 10
+186 0 0
cfl=
cfn=(354) github.com/nd-r/tech-db-forum/vendor/github.com/lib/pq.(*conn).send
calls=1030 +10671 0
* * 1030
+74 0 0
cfl=
cfn=(164)
calls=1500 +12651 0
* * 1500
+371 0 0
cfl=
cfn=(353)
calls=10 -15884 0
* * 10
+37 0 0
cfl=
cfn=(165)
calls=10 +26861 0
* * 10

ob=
fl=
fn=(355) github.com/nd-r/tech-db-forum/vendor/github.com/lib/pq.(*conn).prepareTo
+3782 0 0
cfl=
cfn=(14)
calls=10 -2021668 0
* * 10
+228 0 0
cfl=
cfn=(278)
calls=10 -1812987 0
* * 10
+220 0 0
cfl=
cfn=(278)
calls=10 -1813215 0
* * 10
+964 0 0
cfl=
cfn=(354)
calls=910 +5773 0
* * 910
+17 0 0
cfl=
cfn=(356) github.com/nd-r/tech-db-forum/vendor/github.com/lib/pq.(*conn).readParseResponse
calls=1070 +32889 0
* * 1070
+17 0 0
cfl=
cfn=(357) github.com/nd-r/tech-db-forum/vendor/github.com/lib/pq.(*conn).readStatementDescribeResponse
calls=30 +33215 0
* * 30
cfl=
cfn=(357)
calls=30 +33437 0
* * 30

ob=
fl=
fn=(358) github.com/nd-r/tech-db-forum/vendor/github.com/lib/pq.(*conn).query
+3091 0 0
cfl=
cfn=(355)
calls=1070 -17 0
* * 1070
cfl=
cfn=(355)
calls=910 -34 0
* * 910
cfl=
cfn=(355)
calls=60 * 0
* * 60
cfl=
cfn=(355)
calls=10 -1446 0
* * 10
cfl=
cfn=(355)
calls=10 -1218 0
* * 10
cfl=
cfn=(355)
calls=10 -998 0
* * 10
+58 0 0
cfl=
cfn=(359) github.com/nd-r/tech-db-forum/vendor/github.com/lib/pq.(*stmt).exec
calls=980 +16648 0
* * 980
cfl=
cfn=(359)
calls=530 +16631 0
* * 530
cfl=
cfn=(359)
calls=10 +15137 0
* * 10
+16 0 0
cfl=
cfn=(14)
calls=20 -2030045 0
* * 20

ob=
fl=
fn=(354)
+1610 0 0
cfl=
cfn=(346)
calls=2470 -881941 0
* * 2470

ob=
fl=
fn=(162)
+1135 0 0
cfl=
cfn=(298)
calls=3530 -1705399 0
* * 3530
+137 0 0
cfl=
cfn=(298)
calls=760 -1706534 0
* * 760
+193 0 0
cfl=
cfn=(275)
calls=60 -1836172 0
* * 60

ob=
fl=
fn=(163)
+449 0 0
cfl=
cfn=(162)
calls=3530 -330 0
* * 3530
cfl=
cfn=(162)
calls=760 -193 0
* * 760
cfl=
cfn=(162)
calls=60 * 0
* * 60
cfl=
cfn=(162)
calls=10 -602 0
* * 10
cfl=
cfn=(162)
calls=10 -160 0
* * 10

ob=
fl=
fn=(164)
+168 0 0
cfl=
cfn=(14)
calls=40 -2033585 0
* * 40
+84 0 0
cfl=
cfn=(163)
calls=3520 -168 0
* * 3520

ob=
fl=
fn=(359)
+11287 0 0
cfl=
cfn=(360) github.com/nd-r/tech-db-forum/vendor/github.com/lib/pq.encode
calls=10 +51033 0
* * 10
+1494 0 0
cfl=
cfn=(354)
calls=530 -13453 0
* * 530
+17 0 0
cfl=
cfn=(167)
calls=970 +15133 0
* * 970
cfl=
cfn=(167)
calls=10 +15139 0
* * 10

ob=
fl=
fn=(165)
+1357 0 0
cfl=
cfn=(110)
calls=10 -1749867 0
* * 10
+213 0 0
cfl=
cfn=(118)
calls=10 -1649308 0
* * 10
+287 0 0
cfl=
cfn=(203)
calls=10 -2058884 0
* * 10

ob=
fl=
fn=(336)
+821 0 0
cfl=
cfn=(166)
calls=30 +1594 0
* * 30
cfl=
cfn=(166)
calls=10 +1513 0
* * 10
cfl=
cfn=(166)
calls=10 +1514 0
* * 10

ob=
fl=
fn=(166)
+692 0 0
cfl=
cfn=(163)
calls=850 -15728 0
* * 850
cfl=
cfn=(163)
calls=10 -15775 0
* * 10
+81 0 0
cfl=
cfn=(165)
calls=10 -2083 0
* * 10
cfl=
cfn=(165)
calls=10 -2013 0
* * 10
cfl=
cfn=(165)
calls=10 -1800 0
* * 10
+749 0 0
cfl=
cfn=(75)
calls=10 -1944532 0
* * 10
cfl=
cfn=(75)
calls=10 -1944504 0
* * 10
cfl=
cfn=(75)
calls=10 -1944401 0
* * 10
+268 0 0
cfl=
cfn=(168)
calls=350 +34418 0
* * 350
cfl=
cfn=(168)
calls=40 +34257 0
* * 40
cfl=
cfn=(168)
calls=10 +34169 0
* * 10
cfl=
cfn=(168)
calls=10 +34450 0
* * 10

ob=
fl=
fn=(356)
+8648 0 0
cfl=
cfn=(164)
calls=1070 -17266 0
* * 1070

ob=
fl=
fn=(357)
+343 0 0
cfl=
cfn=(164)
calls=20 -25998 0
* * 20
cfl=
cfn=(164)
calls=10 -25914 0
* * 10
+222 0 0
cfl=
cfn=(33)
calls=20 +3983 0
* * 20
cfl=
cfn=(33)
calls=10 +3821 0
* * 10

ob=
fl=
fn=(167)
+1435 0 0
cfl=
cfn=(164)
calls=940 -26479 0
* * 940
cfl=
cfn=(164)
calls=20 -26563 0
* * 20
cfl=
cfn=(164)
calls=10 -26602 0
* * 10

ob=
fl=
fn=(33)
+2164 0 0
cfl=
cfn=(275)
calls=10 -1864980 0
* * 10

ob=
fl=
fn=(322)
+9092 0 0
cfl=
cfn=(358)
calls=2070 -33928 0
* * 2070
cfl=
cfn=(358)
calls=1520 -33870 0
* * 1520
cfl=
cfn=(358)
calls=20 -33854 0
* * 20

ob=
fl=
fn=(324)
+1095 0 0
cfl=
cfn=(160)
calls=1380 -54847 0
* * 1380
cfl=
cfn=(160)
calls=10 -55149 0
* * 10

ob=
fl=
fn=(360)
+10768 0 0
cfl=
cfn=(300)
calls=10 -1654818 0
* * 10

ob=
fl=
fn=(168)
+222 0 0
cfl=
cfn=(169)
calls=30 +1120 0
* * 30
cfl=
cfn=(169)
calls=10 +459 0
* * 10
+161 0 0
cfl=
cfn=(361) github.com/nd-r/tech-db-forum/vendor/github.com/lib/pq.textDecode
calls=180 +3315 0
* * 180
cfl=
cfn=(361)
calls=90 +1430 0
* * 90
cfl=
cfn=(361)
calls=70 +1485 0
* * 70
cfl=
cfn=(361)
calls=10 +1311 0
* * 10

ob=
fl=
fn=(169)
+737 0 0
cfl=
cfn=(44)
calls=20 -2096117 0
* * 20
cfl=
cfn=(44)
calls=10 -2096078 0
* * 10

ob=
fl=
fn=(361)
+413 0 0
cfl=
cfn=(44)
calls=10 -2096854 0
* * 10
+119 0 0
cfl=
cfn=(94)
calls=70 -1873469 0
* * 70
cfl=
cfn=(94)
calls=10 -1873458 0
* * 10
cfl=
cfn=(94)
calls=10 -1873405 0
* * 10
+55 0 0
cfl=
cfn=(44)
calls=60 -2097386 0
* * 60
cfl=
cfn=(44)
calls=10 -2097432 0
* * 10
+1830 0 0
cfl=
cfn=(362) github.com/nd-r/tech-db-forum/vendor/github.com/lib/pq.parseTs
calls=170 +8338 0
* * 170
cfl=
cfn=(362)
calls=10 +8407 0
* * 10

ob=
fl=
fn=(363) github.com/nd-r/tech-db-forum/vendor/github.com/lib/pq.(*timestampParser).mustAtoi
+4719 0 0
cfl=
cfn=(119)
calls=40 -1688100 0
* * 40
cfl=
cfn=(119)
calls=10 -1688136 0
* * 10

ob=
fl=
fn=(364) github.com/nd-r/tech-db-forum/vendor/github.com/lib/pq.(*locationCache).getLocation
+669 0 0
cfl=
cfn=(42)
calls=10 -2110814 0
* * 10

ob=
fl=
fn=(362)
+1120 0 0
cfl=
cfn=(170)
calls=40 +2411 0
* * 40
cfl=
cfn=(170)
calls=30 +3194 0
* * 30
cfl=
cfn=(170)
calls=20 +1739 0
* * 20
cfl=
cfn=(170)
calls=10 +2220 0
* * 10
cfl=
cfn=(170)
calls=10 +2277 0
* * 10
cfl=
cfn=(170)
calls=10 +2358 0
* * 10
cfl=
cfn=(170)
calls=10 +2609 0
* * 10
cfl=
cfn=(170)
calls=10 +3089 0
* * 10
cfl=
cfn=(170)
calls=10 +3335 0
* * 10
cfl=
cfn=(170)
calls=10 +4469 0
* * 10
cfl=
cfn=(170)
calls=10 +4670 0
* * 10
+69 0 0
cfl=
cfn=(44)
calls=10 -2105779 0
* * 10

ob=
fl=
fn=(170)
+550 0 0
cfl=
cfn=(363)
calls=20 -1858 0
* * 20
+619 0 0
cfl=
cfn=(363)
calls=10 -2408 0
* * 10
+53 0 0
cfl=
cfn=(116)
calls=10 -1709549 0
* * 10
cfl=
cfn=(116)
calls=10 -1709542 0
* * 10
cfl=
cfn=(116)
calls=10 -1709348 0
* * 10
cfl=
cfn=(116)
calls=10 -1709198 0
* * 10
+198 0 0
cfl=
cfn=(363)
calls=10 -3080 0
* * 10
+480 0 0
cfl=
cfn=(364)
calls=10 -2609 0
* * 10
+105 0 0
cfl=
cfn=(128)
calls=10 -1580620 0
* * 10
cfl=
cfn=(128)
calls=10 -1580344 0
* * 10
cfl=
cfn=(128)
calls=10 -1580178 0
* * 10
+141 0 0
cfl=
cfn=(127)
calls=10 -1586424 0
* * 10
+1134 0 0
cfl=
cfn=(363)
calls=10 -4004 0
* * 10
+201 0 0
cfl=
cfn=(27)
calls=10 -1804865 0
* * 10

ob=
fl=
fn=(365) github.com/nd-r/tech-db-forum/vendor/github.com/jmoiron/sqlx/reflectx.(*Mapper).TypeMap
+31506 0 0
cfl=
cfn=(201)
calls=40 -2128966 0
* * 40

ob=
fl=
fn=(172)
+3962 0 0
cfl=
cfn=(136)
calls=10 -1495042 0
* * 10
+295 0 0
cfl=
cfn=(139)
calls=10 -1494852 0
* * 10
+92 0 0
cfl=
cfn=(173)
calls=10 +525 0
* * 10
+24 0 0
cfl=
cfn=(315)
calls=40 -1477013 0
* * 40
+64 0 0
cfl=
cfn=(140)
calls=10 -1488476 0
* * 10

ob=
fl=
fn=(173)
+372 0 0
cfl=
cfn=(131)
calls=10 -1547951 0
* * 10

ob=
fl=
fn=(174)
+31013 0 0
cfl=
cfn=(306)
calls=10 -1532191 0
* * 10
+132 0 0
cfl=
cfn=(365)
calls=40 -35822 0
* * 40

ob=
fl=
fn=(366) github.com/nd-r/tech-db-forum/vendor/github.com/jmoiron/sqlx.(*Row).Scan
+3420 0 0
cfl=
cfn=(245)
calls=10 -2062587 0
* * 10
+196 0 0
cfl=
cfn=(332)
calls=50 -1296790 0
* * 50
+61 0 0
cfl=
cfn=(153)
calls=110 -1292579 0
* * 110
cfl=
cfn=(153)
calls=10 -1292632 0
* * 10
+33 0 0
cfl=
cfn=(333)
calls=180 -1291821 0
* * 180

ob=
fl=
fn=(367) github.com/nd-r/tech-db-forum/vendor/github.com/jmoiron/sqlx.(*Row).Columns
+396 0 0
cfl=
cfn=(335)
calls=10 -1295483 0
* * 10

ob=
fl=
fn=(368) github.com/nd-r/tech-db-forum/vendor/github.com/jmoiron/sqlx.(*DB).MustBegin
+3684 0 0
cfl=
cfn=(369) github.com/nd-r/tech-db-forum/vendor/github.com/jmoiron/sqlx.(*DB).Beginx
calls=1530 +3803 0
* * 1530
cfl=
cfn=(369)
calls=10 +3858 0
* * 10

ob=
fl=
fn=(369)
+119 0 0
cfl=
cfn=(327)
calls=1530 -1319791 0
* * 1530
+55 0 0
cfl=
cfn=(14)
calls=10 -2173852 0
* * 10

ob=
fl=
fn=(370) github.com/nd-r/tech-db-forum/vendor/github.com/jmoiron/sqlx.(*Tx).Select
+3959 0 0
cfl=
cfn=(371) github.com/nd-r/tech-db-forum/vendor/github.com/jmoiron/sqlx.Select
calls=1450 +11593 0
* * 1450
cfl=
cfn=(371)
calls=980 +11477 0
* * 980

ob=
fl=
fn=(372) github.com/nd-r/tech-db-forum/vendor/github.com/jmoiron/sqlx.(*Tx).Queryx
+163 0 0
cfl=
cfn=(331)
calls=1340 -1314942 0
* * 1340

ob=
fl=
fn=(373) github.com/nd-r/tech-db-forum/vendor/github.com/jmoiron/sqlx.(*Tx).QueryRowx
+384 0 0
cfl=
cfn=(331)
calls=2690 -1315105 0
* * 2690
+46 0 0
cfl=
cfn=(14)
calls=10 -2178395 0
* * 10

ob=
fl=
fn=(374) github.com/nd-r/tech-db-forum/vendor/github.com/jmoiron/sqlx.(*Tx).Get
+351 0 0
cfl=
cfn=(375) github.com/nd-r/tech-db-forum/vendor/github.com/jmoiron/sqlx.Get
calls=2700 +7260 0
* * 2700
cfl=
cfn=(375)
calls=500 +7299 0
* * 500

ob=
fl=
fn=(371)
+6574 0 0
cfl=
cfn=(372)
calls=980 -781 0
* * 980
+116 0 0
cfl=
cfn=(176)
calls=910 +8134 0
* * 910
cfl=
cfn=(176)
calls=260 +8451 0
* * 260
cfl=
cfn=(176)
calls=150 +8370 0
* * 150
cfl=
cfn=(176)
calls=70 +8852 0
* * 70
cfl=
cfn=(176)
calls=20 +8177 0
* * 20
cfl=
cfn=(176)
calls=10 +6689 0
* * 10
cfl=
cfn=(176)
calls=10 +6753 0
* * 10
cfl=
cfn=(176)
calls=10 +8804 0
* * 10
cfl=
cfn=(176)
calls=10 +8925 0
* * 10

ob=
fl=
fn=(375)
+219 0 0
cfl=
cfn=(373)
calls=2690 -7087 0
* * 2690
cfl=
cfn=(373)
calls=10 -7041 0
* * 10
+39 0 0
cfl=
cfn=(175)
calls=330 +1913 0
* * 330
cfl=
cfn=(175)
calls=60 +1280 0
* * 60
cfl=
cfn=(175)
calls=30 +1810 0
* * 30
cfl=
cfn=(175)
calls=30 +2348 0
* * 30
cfl=
cfn=(175)
calls=10 +1240 0
* * 10
cfl=
cfn=(175)
calls=10 +1326 0
* * 10
cfl=
cfn=(175)
calls=10 +1547 0
* * 10
cfl=
cfn=(175)
calls=10 +1945 0
* * 10
cfl=
cfn=(175)
calls=10 +1946 0
* * 10

ob=
fl=
fn=(175)
+1201 0 0
cfl=
cfn=(173)
calls=10 -50960 0
* * 10
+40 0 0
cfl=
cfn=(174)
calls=40 -21016 0
* * 40
cfl=
cfn=(174)
calls=10 -21148 0
* * 10
cfl=
cfn=(174)
calls=10 -21075 0
* * 10
+46 0 0
cfl=
cfn=(367)
calls=10 -16950 0
* * 10
+221 0 0
cfl=
cfn=(171)
calls=10 -53873 0
* * 10
+263 0 0
cfl=
cfn=(376) github.com/nd-r/tech-db-forum/vendor/github.com/jmoiron/sqlx.fieldsByTraversal
calls=20 +8854 0
* * 20
cfl=
cfn=(376)
calls=10 +8938 0
* * 10
+103 0 0
cfl=
cfn=(366)
calls=170 -17876 0
* * 170
cfl=
cfn=(366)
calls=110 -17909 0
* * 110
cfl=
cfn=(366)
calls=40 -17970 0
* * 40
cfl=
cfn=(366)
calls=10 -18166 0
* * 10
+32 0 0
cfl=
cfn=(75)
calls=10 -2081929 0
* * 10
+403 0 0
cfl=
cfn=(366)
calls=10 -18105 0
* * 10
cfl=
cfn=(366)
calls=10 -18044 0
* * 10
cfl=
cfn=(366)
calls=10 -18011 0
* * 10

ob=
fl=
fn=(176)
+4070 0 0
cfl=
cfn=(335)
calls=10 -1313649 0
* * 10
+1381 0 0
cfl=
cfn=(332)
calls=720 -1319564 0
* * 720
cfl=
cfn=(332)
calls=190 -1319522 0
* * 190
+43 0 0
cfl=
cfn=(315)
calls=20 -1536146 0
* * 20
+193 0 0
cfl=
cfn=(376)
calls=90 +2559 0
* * 90
cfl=
cfn=(376)
calls=30 +2609 0
* * 30
cfl=
cfn=(376)
calls=20 +2643 0
* * 20
cfl=
cfn=(376)
calls=10 +2742 0
* * 10
+81 0 0
cfl=
cfn=(153)
calls=260 -1316774 0
* * 260
+401 0 0
cfl=
cfn=(143)
calls=50 -1539652 0
* * 50
cfl=
cfn=(143)
calls=10 -1539692 0
* * 10
cfl=
cfn=(143)
calls=10 -1539471 0
* * 10
+73 0 0
cfl=
cfn=(140)
calls=10 -1548339 0
* * 10

ob=
fl=
fn=(376)
+1811 0 0
cfl=
cfn=(172)
calls=40 -59947 0
* * 40
cfl=
cfn=(172)
calls=10 -60522 0
* * 10
cfl=
cfn=(172)
calls=10 -60425 0
* * 10
cfl=
cfn=(172)
calls=10 -60358 0
* * 10
cfl=
cfn=(172)
calls=10 -60285 0
* * 10
cfl=
cfn=(172)
calls=10 -60063 0
* * 10
cfl=
cfn=(172)
calls=10 -59971 0
* * 10
cfl=
cfn=(172)
calls=10 -59883 0
* * 10
+50 0 0
cfl=
cfn=(135)
calls=20 -1571186 0
* * 20
cfl=
cfn=(135)
calls=10 -1571180 0
* * 10
+34 0 0
cfl=
cfn=(138)
calls=20 -1557884 0
* * 20
cfl=
cfn=(138)
calls=10 -1557951 0
* * 10
+99 0 0
cfl=
cfn=(214)
calls=10 -2193669 0
* * 10

ob=
fl=
fn=(177)
+800117 0 0
cfl=
cfn=(44)
calls=70 -2207149 0
* * 70
cfl=
cfn=(44)
calls=10 -2207176 0
* * 10
cfl=
cfn=(44)
calls=10 -2207110 0
* * 10
+34 0 0
cfl=
cfn=(295)
calls=10 -2676237 0
* * 10

ob=
fl=
fn=(377) github.com/nd-r/tech-db-forum/vendor/github.com/mailru/easyjson/buffer.getBuf
+123 0 0
cfl=
cfn=(41)
calls=10 -3014601 0
* * 10
+48 0 0
cfl=
cfn=(275)
calls=10 -2799788 0
* * 10
+49 0 0
cfl=
cfn=(296)
calls=30 -2675944 0
* * 30
cfl=
cfn=(296)
calls=10 -2675613 0
* * 10
+121 0 0
cfl=
cfn=(275)
calls=50 -2799885 0
* * 50

ob=
fl=
fn=(178)
+311 0 0
cfl=
cfn=(377)
calls=50 * 0
* * 50
cfl=
cfn=(377)
calls=40 -121 0
* * 40
cfl=
cfn=(377)
calls=10 -218 0
* * 10
cfl=
cfn=(377)
calls=10 -170 0
* * 10
+333 0 0
cfl=
cfn=(275)
calls=40 -2800317 0
* * 40

ob=
fl=
fn=(179)
+370 0 0
cfl=
cfn=(178)
calls=40 -333 0
* * 40

ob=
fl=
fn=(180)
+514 0 0
cfl=
cfn=(178)
calls=40 -703 0
* * 40
cfl=
cfn=(178)
calls=10 -881 0
* * 10

ob=
fl=
fn=(181)
+255 0 0
cfl=
cfn=(12)
calls=20 -2700835 0
* * 20
cfl=
cfn=(12)
calls=10 -2699361 0
* * 10
cfl=
cfn=(12)
calls=10 -2699304 0
* * 10
cfl=
cfn=(12)
calls=10 -2699285 0
* * 10
cfl=
cfn=(12)
calls=10 -2699174 0
* * 10
+134 0 0
cfl=
cfn=(214)
calls=20 -2996043 0
* * 20
+129 0 0
cfl=
cfn=(178)
calls=40 -1273 0
* * 40
cfl=
cfn=(178)
calls=30 -1606 0
* * 30
cfl=
cfn=(178)
calls=10 -1561 0
* * 10

ob=
fl=
fn=(183)
+926 0 0
cfl=
cfn=(182)
calls=10 +62 0
* * 10
+190 0 0
cfl=
cfn=(12)
calls=10 -2700763 0
* * 10
+37 0 0
cfl=
cfn=(177)
calls=70 -3537 0
* * 70
cfl=
cfn=(177)
calls=10 -3503 0
* * 10
+299 0 0
cfl=
cfn=(177)
calls=20 -3574 0
* * 20
cfl=
cfn=(177)
calls=10 -3651 0
* * 10
+383 0 0
cfl=
cfn=(275)
calls=100 -2803504 0
* * 100

ob=
fl=
fn=(378) github.com/nd-r/tech-db-forum/vendor/github.com/mailru/easyjson/jwriter.(*Writer).RawByte
+3216 0 0
cfl=
cfn=(179)
calls=40 -2867 0
* * 40
cfl=
cfn=(179)
calls=10 -2884 0
* * 10

ob=
fl=
fn=(379) github.com/nd-r/tech-db-forum/vendor/github.com/mailru/easyjson/jwriter.(*Writer).RawString
+91 0 0
cfl=
cfn=(181)
calls=10 -5314 0
* * 10
cfl=
cfn=(181)
calls=10 -5180 0
* * 10

ob=
fl=
fn=(184)
+194 0 0
cfl=
cfn=(180)
calls=50 -5660 0
* * 50
cfl=
cfn=(180)
calls=10 -6008 0
* * 10

ob=
fl=
fn=(185)
+2542 0 0
cfl=
cfn=(300)
calls=30 -2584875 0
* * 30

ob=
fl=
fn=(8)
+8197 0 0
cfl=
cfn=(181)
calls=80 -7878 0
* * 80
cfl=
cfn=(181)
calls=50 -8141 0
* * 50
cfl=
cfn=(181)
calls=10 -8247 0
* * 10
cfl=
cfn=(181)
calls=10 -8216 0
* * 10
cfl=
cfn=(181)
calls=10 -8126 0
* * 10
cfl=
cfn=(181)
calls=10 -8007 0
* * 10
cfl=
cfn=(181)
calls=10 -7908 0
* * 10

ob=
fl=
fn=(380) github.com/nd-r/tech-db-forum/models.easyjsonD2b7633eEncodeGithubComNdRTechDbForumModels2
+3062 0 0
cfl=
cfn=(186)
calls=90 +8715 0
* * 90
cfl=
cfn=(186)
calls=20 +8756 0
* * 20
+67 0 0
cfl=
cfn=(184)
calls=30 -13801 0
* * 30
cfl=
cfn=(184)
calls=10 -13948 0
* * 10

ob=
fl=
fn=(381) github.com/nd-r/tech-db-forum/models.UsersArr.MarshalJSON
+313 0 0
cfl=
cfn=(380)
calls=110 -67 0
* * 110
cfl=
cfn=(380)
calls=40 * 0
* * 40
+41 0 0
cfl=
cfn=(183)
calls=10 -18591 0
* * 10

ob=
fl=
fn=(382) github.com/nd-r/tech-db-forum/models.easyjsonD2b7633eEncodeGithubComNdRTechDbForumModels4
+4671 0 0
cfl=
cfn=(378)
calls=10 -14507 0
* * 10
+94 0 0
cfl=
cfn=(8)
calls=10 -9237 0
* * 10
+215 0 0
cfl=
cfn=(8)
calls=10 -9393 0
* * 10
+95 0 0
cfl=
cfn=(8)
calls=40 -8463 0
* * 40
cfl=
cfn=(8)
calls=10 -9608 0
* * 10
cfl=
cfn=(8)
calls=10 -8603 0
* * 10

ob=
fl=
fn=(186)
+157 0 0
cfl=
cfn=(382)
calls=60 * 0
* * 60
cfl=
cfn=(382)
calls=10 -404 0
* * 10
cfl=
cfn=(382)
calls=10 -310 0
* * 10
cfl=
cfn=(382)
calls=10 -95 0
* * 10
+41 0 0
cfl=
cfn=(183)
calls=10 -23457 0
* * 10
cfl=
cfn=(183)
calls=10 -22955 0
* * 10

ob=
fl=
fn=(383) github.com/nd-r/tech-db-forum/models.easyjsonD2b7633eEncodeGithubComNdRTechDbForumModels5
+1639 0 0
cfl=
cfn=(384) github.com/nd-r/tech-db-forum/models.Thread.MarshalJSON
calls=400 +8263 0
* * 400
cfl=
cfn=(384)
calls=40 +8307 0
* * 40
+70 0 0
cfl=
cfn=(184)
calls=20 -21134 0
* * 20

ob=
fl=
fn=(385) github.com/nd-r/tech-db-forum/models.TreadArr.MarshalJSON
+385 0 0
cfl=
cfn=(383)
calls=440 -70 0
* * 440
cfl=
cfn=(383)
calls=20 * 0
* * 20
+41 0 0
cfl=
cfn=(183)
calls=30 -25772 0
* * 30
cfl=
cfn=(183)
calls=30 -25090 0
* * 30

ob=
fl=
fn=(386) github.com/nd-r/tech-db-forum/models.easyjsonD2b7633eEncodeGithubComNdRTechDbForumModels7
+5071 0 0
cfl=
cfn=(378)
calls=20 -21915 0
* * 20
+71 0 0
cfl=
cfn=(185)
calls=10 -24159 0
* * 10
cfl=
cfn=(185)
calls=10 -24134 0
* * 10
+99 0 0
cfl=
cfn=(8)
calls=10 -16147 0
* * 10
+88 0 0
cfl=
cfn=(8)
calls=10 -17277 0
* * 10
+88 0 0
cfl=
cfn=(8)
calls=80 -17365 0
* * 80
cfl=
cfn=(8)
calls=60 -17370 0
* * 60
cfl=
cfn=(8)
calls=60 -16220 0
* * 60
cfl=
cfn=(8)
calls=30 -16372 0
* * 30
cfl=
cfn=(8)
calls=20 -16348 0
* * 20
cfl=
cfn=(8)
calls=10 -17399 0
* * 10
cfl=
cfn=(8)
calls=10 -17394 0
* * 10
cfl=
cfn=(8)
calls=10 -17379 0
* * 10
cfl=
cfn=(8)
calls=10 -17303 0
* * 10
cfl=
cfn=(8)
calls=10 -16378 0
* * 10
cfl=
cfn=(8)
calls=10 -16342 0
* * 10
+142 0 0
cfl=
cfn=(379)
calls=10 -27241 0
* * 10
+34 0 0
cfl=
cfn=(8)
calls=10 -16572 0
* * 10
+102 0 0
cfl=
cfn=(8)
calls=10 -17663 0
* * 10
cfl=
cfn=(8)
calls=10 -17634 0
* * 10
+89 0 0
cfl=
cfn=(185)
calls=10 -24783 0
* * 10

ob=
fl=
fn=(384)
+344 0 0
cfl=
cfn=(386)
calls=310 -367 0
* * 310
cfl=
cfn=(386)
calls=20 -713 0
* * 20
cfl=
cfn=(386)
calls=20 -642 0
* * 20
cfl=
cfn=(386)
calls=20 -89 0
* * 20
cfl=
cfn=(386)
calls=10 -543 0
* * 10
cfl=
cfn=(386)
calls=10 -455 0
* * 10
cfl=
cfn=(386)
calls=10 -225 0
* * 10
cfl=
cfn=(386)
calls=10 -191 0
* * 10
cfl=
cfn=(386)
calls=10 * 0
* * 10
+44 0 0
cfl=
cfn=(183)
calls=20 -31259 0
* * 20
cfl=
cfn=(183)
calls=10 -31978 0
* * 10
cfl=
cfn=(183)
calls=10 -31941 0
* * 10

ob=
fl=
fn=(387) github.com/nd-r/tech-db-forum/models.easyjsonD2b7633eEncodeGithubComNdRTechDbForumModels10
+6544 0 0
cfl=
cfn=(388) github.com/nd-r/tech-db-forum/models.Post.MarshalJSON
calls=30 +14292 0
* * 30

ob=
fl=
fn=(389) github.com/nd-r/tech-db-forum/models.PostDetails.MarshalJSON
+696 0 0
cfl=
cfn=(387)
calls=30 * 0
* * 30

ob=
fl=
fn=(390) github.com/nd-r/tech-db-forum/models.easyjsonD2b7633eEncodeGithubComNdRTechDbForumModels11
+1834 0 0
cfl=
cfn=(388)
calls=440 +7052 0
* * 440
cfl=
cfn=(388)
calls=60 +7096 0
* * 60
+70 0 0
cfl=
cfn=(184)
calls=10 -36876 0
* * 10

ob=
fl=
fn=(391) github.com/nd-r/tech-db-forum/models.PostArr.MarshalJSON
+339 0 0
cfl=
cfn=(390)
calls=500 -70 0
* * 500
cfl=
cfn=(390)
calls=10 * 0
* * 10
+41 0 0
cfl=
cfn=(183)
calls=30 -41468 0
* * 30
cfl=
cfn=(183)
calls=20 -40786 0
* * 20

ob=
fl=
fn=(34)
+3535 0 0
cfl=
cfn=(378)
calls=20 -37611 0
* * 20
+125 0 0
cfl=
cfn=(379)
calls=10 -41055 0
* * 10
+34 0 0
cfl=
cfn=(8)
calls=10 -31412 0
* * 10
cfl=
cfn=(8)
calls=10 -31397 0
* * 10
cfl=
cfn=(8)
calls=10 -30393 0
* * 10
+88 0 0
cfl=
cfn=(8)
calls=60 -31369 0
* * 60
cfl=
cfn=(8)
calls=50 -30281 0
* * 50
cfl=
cfn=(8)
calls=40 -30409 0
* * 40
cfl=
cfn=(8)
calls=30 -31431 0
* * 30
cfl=
cfn=(8)
calls=30 -31364 0
* * 30
cfl=
cfn=(8)
calls=20 -31426 0
* * 20
cfl=
cfn=(8)
calls=20 -30433 0
* * 20
cfl=
cfn=(8)
calls=20 -30415 0
* * 20
cfl=
cfn=(8)
calls=10 -31465 0
* * 10
cfl=
cfn=(8)
calls=10 -31460 0
* * 10
cfl=
cfn=(8)
calls=10 -31446 0
* * 10
cfl=
cfn=(8)
calls=10 -31435 0
* * 10
cfl=
cfn=(8)
calls=10 -31361 0
* * 10
cfl=
cfn=(8)
calls=10 -30439 0
* * 10
cfl=
cfn=(8)
calls=10 -30421 0
* * 10
+99 0 0
cfl=
cfn=(8)
calls=20 -30369 0
* * 20
cfl=
cfn=(8)
calls=10 -31514 0
* * 10
+88 0 0
cfl=
cfn=(8)
calls=10 -30590 0
* * 10
+449 0 0
cfl=
cfn=(185)
calls=10 -38753 0
* * 10

ob=
fl=
fn=(388)
+350 0 0
cfl=
cfn=(34)
calls=340 -636 0
* * 340
cfl=
cfn=(34)
calls=30 -724 0
* * 30
cfl=
cfn=(34)
calls=30 -537 0
* * 30
cfl=
cfn=(34)
calls=20 -883 0
* * 20
cfl=
cfn=(34)
calls=20 -830 0
* * 20
cfl=
cfn=(34)
calls=10 -758 0
* * 10
cfl=
cfn=(34)
calls=10 -449 0
* * 10
cfl=
cfn=(34)
calls=10 * 0
* * 10
+44 0 0
cfl=
cfn=(183)
calls=30 -45978 0
* * 30
cfl=
cfn=(183)
calls=20 -45595 0
* * 20
cfl=
cfn=(183)
calls=10 -46277 0
* * 10

ob=
fl=
fn=(392) github.com/nd-r/tech-db-forum/models.easyjsonD2b7633eEncodeGithubComNdRTechDbForumModels13
+2618 0 0
cfl=
cfn=(8)
calls=10 -31399 0
* * 10

ob=
fl=
fn=(393) github.com/nd-r/tech-db-forum/models.Forum.MarshalJSON
+279 0 0
cfl=
cfn=(392)
calls=10 * 0
* * 10

ob=
fl=
fn=(187)
+12657 0 0
cfl=
cfn=(368)
calls=260 -875479 0
* * 260
+311 0 0
cfl=
cfn=(374)
calls=390 -883059 0
* * 390
+44 0 0
cfl=
cfn=(329)
calls=40 -2205965 0
* * 40
cfl=
cfn=(329)
calls=10 -2205895 0
* * 10
+59 0 0
cfl=
cfn=(329)
calls=180 -2206009 0
* * 180
cfl=
cfn=(329)
calls=20 -2205939 0
* * 20

ob=
fl=
fn=(394) github.com/nd-r/tech-db-forum/database.GetForumThreads
+1225 0 0
cfl=
cfn=(368)
calls=270 -888550 0
* * 270
+567 0 0
cfl=
cfn=(372)
calls=240 -885479 0
* * 240
+185 0 0
cfl=
cfn=(332)
calls=560 -2191502 0
* * 560
cfl=
cfn=(332)
calls=70 -2191460 0
* * 70
+29 0 0
cfl=
cfn=(14)
calls=10 -3064242 0
* * 10
+346 0 0
cfl=
cfn=(153)
calls=190 -2187309 0
* * 190
+474 0 0
cfl=
cfn=(329)
calls=20 -2208420 0
* * 20
cfl=
cfn=(329)
calls=10 -2208350 0
* * 10
+55 0 0
cfl=
cfn=(329)
calls=70 -2208894 0
* * 70
cfl=
cfn=(329)
calls=10 -2208824 0
* * 10
+631 0 0
cfl=
cfn=(372)
calls=120 -887135 0
* * 120

ob=
fl=
fn=(395) github.com/nd-r/tech-db-forum/database.GetForumUsers
+358 0 0
cfl=
cfn=(14)
calls=10 -3065777 0
* * 10
+78 0 0
cfl=
cfn=(368)
calls=270 -892420 0
* * 270
+220 0 0
cfl=
cfn=(374)
calls=390 -887421 0
* * 390
+709 0 0
cfl=
cfn=(370)
calls=850 -888585 0
* * 850
+29 0 0
cfl=
cfn=(329)
calls=200 -2210945 0
* * 200
cfl=
cfn=(329)
calls=30 -2210875 0
* * 30
+752 0 0
cfl=
cfn=(329)
calls=20 -2210974 0
* * 20

ob=
fl=
fn=(396) github.com/nd-r/tech-db-forum/database.GetPostDetails
+220 0 0
cfl=
cfn=(368)
calls=190 -894208 0
* * 190
+401 0 0
cfl=
cfn=(374)
calls=560 -889351 0
* * 560
+396 0 0
cfl=
cfn=(329)
calls=160 -2212347 0
* * 160
cfl=
cfn=(329)
calls=20 -2212277 0
* * 20
+219 0 0
cfl=
cfn=(374)
calls=320 -890148 0
* * 320
+303 0 0
cfl=
cfn=(374)
calls=220 -890367 0
* * 220
+301 0 0
cfl=
cfn=(374)
calls=200 -890670 0
* * 200
+134 0 0
cfl=
cfn=(329)
calls=10 -2213566 0
* * 10
+46 0 0
cfl=
cfn=(329)
calls=30 -2213700 0
* * 30

ob=
fl=
fn=(397) github.com/nd-r/tech-db-forum/database.GetThread
+6980 0 0
cfl=
cfn=(368)
calls=170 -896228 0
* * 170
+364 0 0
cfl=
cfn=(374)
calls=50 -898131 0
* * 50
+40 0 0
cfl=
cfn=(329)
calls=40 -2221090 0
* * 40
+202 0 0
cfl=
cfn=(374)
calls=320 -898535 0
* * 320
+40 0 0
cfl=
cfn=(329)
calls=100 -2221332 0
* * 100
cfl=
cfn=(329)
calls=40 -2221262 0
* * 40

ob=
fl=
fn=(188)
+257 0 0
cfl=
cfn=(368)
calls=190 -903854 0
* * 190
+305 0 0
cfl=
cfn=(374)
calls=40 -899034 0
* * 40
+818 0 0
cfl=
cfn=(370)
calls=780 -900283 0
* * 780
+125 0 0
cfl=
cfn=(329)
calls=180 -2222752 0
* * 180
cfl=
cfn=(329)
calls=30 -2222682 0
* * 30
+447 0 0
cfl=
cfn=(370)
calls=800 -901226 0
* * 800
+1474 0 0
cfl=
cfn=(374)
calls=370 -900729 0
* * 370

ob=
fl=
fn=(398) github.com/nd-r/tech-db-forum/database.GetUserProfile
+2488 0 0
cfl=
cfn=(368)
calls=190 -907280 0
* * 190
+293 0 0
cfl=
cfn=(374)
calls=340 -904691 0
* * 340
+44 0 0
cfl=
cfn=(329)
calls=30 -2227579 0
* * 30
+51 0 0
cfl=
cfn=(329)
calls=140 -2227623 0
* * 140
cfl=
cfn=(329)
calls=40 -2227553 0
* * 40

ob=
fl=
fn=(399) github.com/nd-r/tech-db-forum/vendor/github.com/valyala/fasthttp.(*RequestHeader).Reset
+250231 0 0
cfl=
cfn=(190)
calls=10 +250326 0
* * 10

ob=
fl=
fn=(400) github.com/nd-r/tech-db-forum/vendor/github.com/valyala/fasthttp.(*RequestHeader).Read
+28247 0 0
cfl=
cfn=(401) github.com/nd-r/tech-db-forum/vendor/github.com/valyala/fasthttp.(*RequestHeader).tryRead
calls=790 +28544 0
* * 790

ob=
fl=
fn=(401)
+297 0 0
cfl=
cfn=(344)
calls=790 -2436254 0
* * 790

ob=
fl=
fn=(402) github.com/nd-r/tech-db-forum/vendor/github.com/valyala/fasthttp.(*ResponseHeader).Write
+2061 0 0
cfl=
cfn=(403) github.com/nd-r/tech-db-forum/vendor/github.com/valyala/fasthttp.(*ResponseHeader).Header
calls=30 +2370 0
* * 30

ob=
fl=
fn=(403)
+309 0 0
cfl=
cfn=(191)
calls=10 +853 0
* * 10
cfl=
cfn=(191)
calls=10 +2004 0
* * 10
cfl=
cfn=(191)
calls=10 +2841 0
* * 10

ob=
fl=
fn=(191)
+1695 0 0
cfl=
cfn=(12)
calls=10 -3065861 0
* * 10

ob=
fl=
fn=(192)
+40078 0 0
cfl=
cfn=(193)
calls=30 +40248 0
* * 30
cfl=
cfn=(193)
calls=20 +40144 0
* * 20
cfl=
cfn=(193)
calls=10 +40282 0
* * 10

ob=
fl=
fn=(193)
+66 0 0
cfl=
cfn=(195)
calls=10 +24769 0
* * 10
cfl=
cfn=(195)
calls=10 +24983 0
* * 10
+104 0 0
cfl=
cfn=(12)
calls=30 -3108715 0
* * 30

ob=
fl=
fn=(35)
+4072 0 0
cfl=
cfn=(194)
calls=10 +13319 0
* * 10

ob=
fl=
fn=(404) github.com/nd-r/tech-db-forum/vendor/github.com/valyala/fasthttp.(*Request).URI
+1324 0 0
cfl=
cfn=(405) github.com/nd-r/tech-db-forum/vendor/github.com/valyala/fasthttp.(*Request).parseURI
calls=20 +1503 0
* * 20

ob=
fl=
fn=(405)
+179 0 0
cfl=
cfn=(197)
calls=10 +73439 0
* * 10
cfl=
cfn=(197)
calls=10 +73549 0
* * 10

ob=
fl=
fn=(406) github.com/nd-r/tech-db-forum/vendor/github.com/valyala/fasthttp.(*Request).Reset
+7391 0 0
cfl=
cfn=(399)
calls=10 -78432 0
* * 10
+14 0 0
cfl=
cfn=(407) github.com/nd-r/tech-db-forum/vendor/github.com/valyala/fasthttp.(*Request).resetSkipHeader
calls=30 +82 0
* * 30

ob=
fl=
fn=(407)
+68 0 0
cfl=
cfn=(35)
calls=20 -8954 0
* * 20
cfl=
cfn=(35)
calls=10 -8908 0
* * 10

ob=
fl=
fn=(408) github.com/nd-r/tech-db-forum/vendor/github.com/valyala/fasthttp.(*Request).readLimitBody
+956 0 0
cfl=
cfn=(400)
calls=790 -57658 0
* * 790

ob=
fl=
fn=(409) github.com/nd-r/tech-db-forum/vendor/github.com/valyala/fasthttp.(*Response).Write
+8860 0 0
cfl=
cfn=(402)
calls=30 -56256 0
* * 30
+99 0 0
cfl=
cfn=(347)
calls=490 -2495672 0
* * 490
cfl=
cfn=(347)
calls=80 -2495544 0
* * 80

ob=
fl=
fn=(410) github.com/nd-r/tech-db-forum/vendor/github.com/valyala/fasthttp.(*RequestCtx).URI
+15731 0 0
cfl=
cfn=(404)
calls=20 -17567 0
* * 20

ob=
fl=
fn=(411) github.com/nd-r/tech-db-forum/vendor/github.com/valyala/fasthttp.(*RequestCtx).Path
+270 0 0
cfl=
cfn=(410)
calls=20 * 0
* * 20

ob=
fl=
fn=(412) github.com/nd-r/tech-db-forum/vendor/github.com/valyala/fasthttp.(*RequestCtx).Write
+5094 0 0
cfl=
cfn=(192)
calls=60 -39134 0
* * 60
cfl=
cfn=(192)
calls=10 -39226 0
* * 10

ob=
fl=
fn=(196)
+11068 0 0
cfl=
cfn=(189)
calls=10 -195225 0
* * 10
+640 0 0
cfl=
cfn=(413) github.com/nd-r/tech-db-forum/vendor/github.com/buaazp/fasthttprouter.(*Router).Handler-fm
calls=11280 +623031 0
* * 11280
+81 0 0
cfl=
cfn=(406)
calls=30 -42786 0
* * 30
cfl=
cfn=(406)
calls=10 -42800 0
* * 10
+566 0 0
cfl=
cfn=(414) github.com/nd-r/tech-db-forum/vendor/github.com/valyala/fasthttp.writeResponse
calls=600 +7154 0
* * 600
+1002 0 0
cfl=
cfn=(345)
calls=360 -2529871 0
* * 360
+220 0 0
cfl=
cfn=(415) github.com/nd-r/tech-db-forum/vendor/github.com/valyala/fasthttp.acquireWriter
calls=20 +8290 0
* * 20
+1841 0 0
cfl=
cfn=(408)
calls=790 -43631 0
* * 790

ob=
fl=
fn=(414)
+3525 0 0
cfl=
cfn=(409)
calls=570 -36513 0
* * 570
cfl=
cfn=(409)
calls=30 -36612 0
* * 30

ob=
fl=
fn=(415)
+2704 0 0
cfl=
cfn=(296)
calls=20 -3149297 0
* * 20

ob=
fl=
fn=(197)
+13240 0 0
cfl=
cfn=(416) github.com/nd-r/tech-db-forum/vendor/github.com/valyala/fasthttp.(*URI).parse
calls=10 +15139 0
* * 10

ob=
fl=
fn=(416)
+1899 0 0
cfl=
cfn=(417) github.com/nd-r/tech-db-forum/vendor/github.com/valyala/fasthttp.normalizePath
calls=10 +5702 0
* * 10

ob=
fl=
fn=(417)
+3803 0 0
cfl=
cfn=(299)
calls=10 -3114228 0
* * 10

ob=
fl=
fn=(418) github.com/nd-r/tech-db-forum/vendor/github.com/valyala/fasthttp.(*workerPool).workerFunc
+13744 0 0
cfl=
cfn=(419) github.com/nd-r/tech-db-forum/vendor/github.com/valyala/fasthttp.(*Server).(github.com/nd-r/tech-db-forum/vendor/github.com/valyala/fasthttp.serveConn)-fm
calls=13130 +24208 0
* * 13130

ob=
fl=
fn=(293)
+4983 0 0
cfl=
cfn=(418)
calls=13130 * 0
* * 13130

ob=
fl=
fn=(419)
+5481 0 0
cfl=
cfn=(196)
calls=11280 -47608 0
* * 11280
cfl=
cfn=(196)
calls=790 -43898 0
* * 790
cfl=
cfn=(196)
calls=600 -46961 0
* * 600
cfl=
cfn=(196)
calls=360 -45959 0
* * 360
cfl=
cfn=(196)
calls=40 -47527 0
* * 40
cfl=
cfn=(196)
calls=20 -45739 0
* * 20
cfl=
cfn=(196)
calls=10 -48248 0
* * 10
cfl=
cfn=(196)
calls=10 -45279 0
* * 10
cfl=
cfn=(196)
calls=10 -45244 0
* * 10
cfl=
cfn=(196)
calls=10 -43892 0
* * 10

ob=
fl=
fn=(36)
+14154 0 0
cfl=
cfn=(411)
calls=20 -69891 0
* * 20
+43 0 0
cfl=
cfn=(94)
calls=20 -3316970 0
* * 20
cfl=
cfn=(94)
calls=10 -3317034 0
* * 10
+2518 0 0
cfl=
cfn=(420) github.com/nd-r/tech-db-forum/handlers.GetThreadPosts
calls=2400 +28903 0
* * 2400
cfl=
cfn=(421) github.com/nd-r/tech-db-forum/handlers.GetForumUsers
calls=1770 +22899 0
* * 1770
cfl=
cfn=(422) github.com/nd-r/tech-db-forum/handlers.GetPostDetails
calls=1710 +23784 0
* * 1710
cfl=
cfn=(423) github.com/nd-r/tech-db-forum/handlers.GetForumThreads
calls=1570 +21760 0
* * 1570
cfl=
cfn=(424) github.com/nd-r/tech-db-forum/handlers.GetForumDetails
calls=910 +20749 0
* * 910
cfl=
cfn=(425) github.com/nd-r/tech-db-forum/handlers.GetUserProfile
calls=740 +31282 0
* * 740
cfl=
cfn=(426) github.com/nd-r/tech-db-forum/handlers.GetThreadDetails
calls=720 +26761 0
* * 720
cfl=
cfn=(420)
calls=560 +28985 0
* * 560
cfl=
cfn=(423)
calls=520 +21842 0
* * 520
cfl=
cfn=(421)
calls=160 +23082 0
* * 160
cfl=
cfn=(423)
calls=30 +21889 0
* * 30
cfl=
cfn=(422)
calls=30 +23929 0
* * 30
cfl=
cfn=(426)
calls=20 +26809 0
* * 20
cfl=
cfn=(420)
calls=20 +29032 0
* * 20
cfl=
cfn=(424)
calls=10 +20921 0
* * 10
cfl=
cfn=(424)
calls=10 +20968 0
* * 10
cfl=
cfn=(426)
calls=10 +27007 0
* * 10
cfl=
cfn=(425)
calls=10 +31412 0
* * 10

ob=
fl=
fn=(424)
+18231 0 0
cfl=
cfn=(187)
calls=390 -470367 0
* * 390
cfl=
cfn=(187)
calls=260 -470678 0
* * 260
cfl=
cfn=(187)
calls=200 -470264 0
* * 200
cfl=
cfn=(187)
calls=50 -470323 0
* * 50
cfl=
cfn=(187)
calls=10 -470686 0
* * 10
+172 0 0
cfl=
cfn=(393)
calls=10 -501566 0
* * 10
+47 0 0
cfl=
cfn=(412)
calls=10 -99915 0
* * 10

ob=
fl=
fn=(423)
+792 0 0
cfl=
cfn=(394)
calls=630 -486737 0
* * 630
cfl=
cfn=(394)
calls=270 -487489 0
* * 270
cfl=
cfn=(394)
calls=240 -486922 0
* * 240
cfl=
cfn=(394)
calls=190 -486362 0
* * 190
cfl=
cfn=(394)
calls=120 -485202 0
* * 120
cfl=
cfn=(394)
calls=80 -485833 0
* * 80
cfl=
cfn=(394)
calls=30 -485888 0
* * 30
cfl=
cfn=(394)
calls=10 -486708 0
* * 10
+82 0 0
cfl=
cfn=(385)
calls=460 -526023 0
* * 460
cfl=
cfn=(385)
calls=60 -525982 0
* * 60
+47 0 0
cfl=
cfn=(412)
calls=30 -100836 0
* * 30

ob=
fl=
fn=(421)
+1010 0 0
cfl=
cfn=(395)
calls=850 -484758 0
* * 850
cfl=
cfn=(395)
calls=390 -485467 0
* * 390
cfl=
cfn=(395)
calls=270 -485687 0
* * 270
cfl=
cfn=(395)
calls=230 -484729 0
* * 230
cfl=
cfn=(395)
calls=20 -483977 0
* * 20
cfl=
cfn=(395)
calls=10 -485765 0
* * 10
+183 0 0
cfl=
cfn=(381)
calls=150 -534570 0
* * 150
cfl=
cfn=(381)
calls=10 -534529 0
* * 10

ob=
fl=
fn=(422)
+702 0 0
cfl=
cfn=(396)
calls=560 -484549 0
* * 560
cfl=
cfn=(396)
calls=320 -483934 0
* * 320
cfl=
cfn=(396)
calls=220 -483631 0
* * 220
cfl=
cfn=(396)
calls=200 -483330 0
* * 200
cfl=
cfn=(396)
calls=190 -484950 0
* * 190
cfl=
cfn=(396)
calls=180 -484153 0
* * 180
cfl=
cfn=(396)
calls=30 -483150 0
* * 30
cfl=
cfn=(396)
calls=10 -483196 0
* * 10
+145 0 0
cfl=
cfn=(389)
calls=30 -514594 0
* * 30

ob=
fl=
fn=(426)
+2832 0 0
cfl=
cfn=(397)
calls=320 -476411 0
* * 320
cfl=
cfn=(397)
calls=170 -477017 0
* * 170
cfl=
cfn=(397)
calls=140 -476371 0
* * 140
cfl=
cfn=(397)
calls=50 -476653 0
* * 50
cfl=
cfn=(397)
calls=40 -476613 0
* * 40
+48 0 0
cfl=
cfn=(384)
calls=20 -524855 0
* * 20
+198 0 0
cfl=
cfn=(412)
calls=10 -105803 0
* * 10

ob=
fl=
fn=(420)
+1896 0 0
cfl=
cfn=(188)
calls=800 -477497 0
* * 800
cfl=
cfn=(188)
calls=780 -478069 0
* * 780
cfl=
cfn=(188)
calls=370 -476023 0
* * 370
cfl=
cfn=(188)
calls=210 -477944 0
* * 210
cfl=
cfn=(188)
calls=190 -479192 0
* * 190
cfl=
cfn=(188)
calls=40 -478887 0
* * 40
cfl=
cfn=(188)
calls=10 -476567 0
* * 10
+82 0 0
cfl=
cfn=(391)
calls=510 -517470 0
* * 510
cfl=
cfn=(391)
calls=50 -517429 0
* * 50
+47 0 0
cfl=
cfn=(412)
calls=20 -107979 0
* * 20

ob=
fl=
fn=(425)
+2250 0 0
cfl=
cfn=(398)
calls=340 -475267 0
* * 340
cfl=
cfn=(398)
calls=190 -475560 0
* * 190
cfl=
cfn=(398)
calls=180 -475172 0
* * 180
cfl=
cfn=(398)
calls=30 -475223 0
* * 30
+130 0 0
cfl=
cfn=(186)
calls=10 -537812 0
* * 10

ob=
fl=
fn=(413)
+523693 0 0
cfl=
cfn=(36)
calls=11200 -28894 0
* * 11200
cfl=
cfn=(36)
calls=30 -31412 0
* * 30
cfl=
cfn=(36)
calls=20 -31455 0
* * 20
cfl=
cfn=(36)
calls=20 -28892 0
* * 20
cfl=
cfn=(36)
calls=10 -28879 0
* * 10
